[2024-07-09T02:25:34.747+0000] {local_task_job_runner.py:120} INFO - ::group::Pre task execution logs
[2024-07-09T02:25:34.797+0000] {taskinstance.py:2076} INFO - Dependencies all met for dep_context=non-requeueable deps ti=<TaskInstance: Final.craw_data scheduled__2024-07-09T02:23:01.186782+00:00 [queued]>
[2024-07-09T02:25:34.819+0000] {taskinstance.py:2076} INFO - Dependencies all met for dep_context=requeueable deps ti=<TaskInstance: Final.craw_data scheduled__2024-07-09T02:23:01.186782+00:00 [queued]>
[2024-07-09T02:25:34.820+0000] {taskinstance.py:2306} INFO - Starting attempt 1 of 2
[2024-07-09T02:25:34.854+0000] {taskinstance.py:2330} INFO - Executing <Task(PythonOperator): craw_data> on 2024-07-09 02:23:01.186782+00:00
[2024-07-09T02:25:34.865+0000] {warnings.py:110} WARNING - /home/***/.local/lib/python3.12/site-packages/***/task/task_runner/standard_task_runner.py:61: DeprecationWarning: This process (pid=183) is multi-threaded, use of fork() may lead to deadlocks in the child.
  pid = os.fork()

[2024-07-09T02:25:34.868+0000] {standard_task_runner.py:63} INFO - Started process 188 to run task
[2024-07-09T02:25:34.870+0000] {standard_task_runner.py:90} INFO - Running: ['***', 'tasks', 'run', 'Final', 'craw_data', 'scheduled__2024-07-09T02:23:01.186782+00:00', '--job-id', '10', '--raw', '--subdir', 'DAGS_FOLDER/dag_test.py', '--cfg-path', '/tmp/tmpzc14adtn']
[2024-07-09T02:25:34.873+0000] {standard_task_runner.py:91} INFO - Job 10: Subtask craw_data
[2024-07-09T02:25:35.048+0000] {task_command.py:426} INFO - Running <TaskInstance: Final.craw_data scheduled__2024-07-09T02:23:01.186782+00:00 [running]> on host dd74537ce0b1
[2024-07-09T02:25:35.285+0000] {taskinstance.py:2648} INFO - Exporting env vars: AIRFLOW_CTX_DAG_EMAIL='ha20040204@gmail.com' AIRFLOW_CTX_DAG_OWNER='HA' AIRFLOW_CTX_DAG_ID='Final' AIRFLOW_CTX_TASK_ID='craw_data' AIRFLOW_CTX_EXECUTION_DATE='2024-07-09T02:23:01.186782+00:00' AIRFLOW_CTX_TRY_NUMBER='1' AIRFLOW_CTX_DAG_RUN_ID='scheduled__2024-07-09T02:23:01.186782+00:00'
[2024-07-09T02:25:35.287+0000] {taskinstance.py:430} INFO - ::endgroup::
[2024-07-09T02:25:37.363+0000] {logging_mixin.py:188} WARNING - [*********************100%%**********************]  1 of 1 completed
[2024-07-09T02:25:38.273+0000] {logging_mixin.py:188} WARNING - [*********************100%%**********************]  1 of 1 completed
[2024-07-09T02:25:38.832+0000] {logging_mixin.py:188} WARNING - [*********************100%%**********************]  1 of 1 completed
[2024-07-09T02:25:39.504+0000] {logging_mixin.py:188} WARNING - [*********************100%%**********************]  1 of 1 completed
[2024-07-09T02:25:40.049+0000] {logging_mixin.py:188} WARNING - [*********************100%%**********************]  1 of 1 completed
[2024-07-09T02:25:41.307+0000] {logging_mixin.py:188} WARNING - [*********************100%%**********************]  1 of 1 completed
[2024-07-09T02:25:42.688+0000] {logging_mixin.py:188} WARNING - [*********************100%%**********************]  1 of 1 completed
[2024-07-09T02:25:43.855+0000] {logging_mixin.py:188} WARNING - [*********************100%%**********************]  1 of 1 completed
[2024-07-09T02:25:45.469+0000] {logging_mixin.py:188} WARNING - [*********************100%%**********************]  1 of 1 completed
[2024-07-09T02:25:46.587+0000] {logging_mixin.py:188} WARNING - [*********************100%%**********************]  1 of 1 completed
[2024-07-09T02:25:46.855+0000] {logging_mixin.py:188} WARNING - [*********************100%%**********************]  1 of 1 completed
[2024-07-09T02:25:47.393+0000] {logging_mixin.py:188} WARNING - [*********************100%%**********************]  1 of 1 completed
[2024-07-09T02:25:47.663+0000] {logging_mixin.py:188} WARNING - [*********************100%%**********************]  1 of 1 completed
[2024-07-09T02:25:49.857+0000] {logging_mixin.py:188} WARNING - [*********************100%%**********************]  1 of 1 completed
[2024-07-09T02:25:49.858+0000] {multi.py:171} ERROR - 
1 Failed download:
[2024-07-09T02:25:49.860+0000] {multi.py:184} ERROR - ['BVH']: YFTzMissingError('$%ticker%: possibly delisted; No timezone found')
[2024-07-09T02:25:50.201+0000] {logging_mixin.py:188} WARNING - [*********************100%%**********************]  1 of 1 completed
[2024-07-09T02:25:50.224+0000] {logging_mixin.py:188} INFO - Successfully.
[2024-07-09T02:25:50.225+0000] {python.py:237} INFO - Done. Returned value was: True
[2024-07-09T02:25:50.226+0000] {taskinstance.py:441} INFO - ::group::Post task execution logs
[2024-07-09T02:25:50.261+0000] {taskinstance.py:1206} INFO - Marking task as SUCCESS. dag_id=Final, task_id=craw_data, run_id=scheduled__2024-07-09T02:23:01.186782+00:00, execution_date=20240709T022301, start_date=20240709T022534, end_date=20240709T022550
[2024-07-09T02:25:50.334+0000] {local_task_job_runner.py:240} INFO - Task exited with return code 0
[2024-07-09T02:25:50.398+0000] {taskinstance.py:3498} INFO - 1 downstream tasks scheduled from follow-on schedule check
[2024-07-09T02:25:50.405+0000] {local_task_job_runner.py:222} INFO - ::endgroup::
