[2024-07-07T11:41:01.052+0000] {local_task_job_runner.py:120} INFO - ::group::Pre task execution logs
[2024-07-07T11:41:01.082+0000] {taskinstance.py:2076} INFO - Dependencies all met for dep_context=non-requeueable deps ti=<TaskInstance: Final_exam.ending manual__2024-07-07T11:38:23.357633+00:00 [queued]>
[2024-07-07T11:41:01.093+0000] {taskinstance.py:2076} INFO - Dependencies all met for dep_context=requeueable deps ti=<TaskInstance: Final_exam.ending manual__2024-07-07T11:38:23.357633+00:00 [queued]>
[2024-07-07T11:41:01.094+0000] {taskinstance.py:2306} INFO - Starting attempt 1 of 2
[2024-07-07T11:41:01.121+0000] {taskinstance.py:2330} INFO - Executing <Task(BashOperator): ending> on 2024-07-07 11:38:23.357633+00:00
[2024-07-07T11:41:01.144+0000] {warnings.py:110} WARNING - /home/***/.local/lib/python3.12/site-packages/***/task/task_runner/standard_task_runner.py:61: DeprecationWarning: This process (pid=127) is multi-threaded, use of fork() may lead to deadlocks in the child.
  pid = os.fork()

[2024-07-07T11:41:01.150+0000] {standard_task_runner.py:63} INFO - Started process 129 to run task
[2024-07-07T11:41:01.152+0000] {standard_task_runner.py:90} INFO - Running: ['***', 'tasks', 'run', 'Final_exam', 'ending', 'manual__2024-07-07T11:38:23.357633+00:00', '--job-id', '85', '--raw', '--subdir', 'DAGS_FOLDER/pipeline.py', '--cfg-path', '/tmp/tmp1t_ek8h0']
[2024-07-07T11:41:01.158+0000] {standard_task_runner.py:91} INFO - Job 85: Subtask ending
[2024-07-07T11:41:01.246+0000] {task_command.py:426} INFO - Running <TaskInstance: Final_exam.ending manual__2024-07-07T11:38:23.357633+00:00 [running]> on host 33ecc1cdac44
[2024-07-07T11:41:01.383+0000] {taskinstance.py:2648} INFO - Exporting env vars: AIRFLOW_CTX_DAG_EMAIL='ha20040204@gmail.com' AIRFLOW_CTX_DAG_OWNER='HA' AIRFLOW_CTX_DAG_ID='Final_exam' AIRFLOW_CTX_TASK_ID='ending' AIRFLOW_CTX_EXECUTION_DATE='2024-07-07T11:38:23.357633+00:00' AIRFLOW_CTX_TRY_NUMBER='1' AIRFLOW_CTX_DAG_RUN_ID='manual__2024-07-07T11:38:23.357633+00:00'
[2024-07-07T11:41:01.385+0000] {taskinstance.py:430} INFO - ::endgroup::
[2024-07-07T11:41:01.386+0000] {subprocess.py:63} INFO - Tmp dir root location: /tmp
[2024-07-07T11:41:01.387+0000] {subprocess.py:75} INFO - Running command: ['/usr/bin/bash', '-c', 'echo "Completed"']
[2024-07-07T11:41:01.401+0000] {subprocess.py:86} INFO - Output:
[2024-07-07T11:41:01.403+0000] {subprocess.py:93} INFO - Completed
[2024-07-07T11:41:01.404+0000] {subprocess.py:97} INFO - Command exited with return code 0
[2024-07-07T11:41:01.405+0000] {taskinstance.py:441} INFO - ::group::Post task execution logs
[2024-07-07T11:41:01.435+0000] {taskinstance.py:1206} INFO - Marking task as SUCCESS. dag_id=Final_exam, task_id=ending, run_id=manual__2024-07-07T11:38:23.357633+00:00, execution_date=20240707T113823, start_date=20240707T114101, end_date=20240707T114101
[2024-07-07T11:41:01.492+0000] {local_task_job_runner.py:240} INFO - Task exited with return code 0
[2024-07-07T11:41:01.510+0000] {taskinstance.py:3498} INFO - 0 downstream tasks scheduled from follow-on schedule check
[2024-07-07T11:41:01.514+0000] {local_task_job_runner.py:222} INFO - ::endgroup::
