[2024-07-10T04:29:28.974+0000] {local_task_job_runner.py:120} INFO - ::group::Pre task execution logs
[2024-07-10T04:29:28.999+0000] {taskinstance.py:2076} INFO - Dependencies all met for dep_context=non-requeueable deps ti=<TaskInstance: Final.clean_data scheduled__2024-07-10T04:27:00+00:00 [queued]>
[2024-07-10T04:29:29.008+0000] {taskinstance.py:2076} INFO - Dependencies all met for dep_context=requeueable deps ti=<TaskInstance: Final.clean_data scheduled__2024-07-10T04:27:00+00:00 [queued]>
[2024-07-10T04:29:29.009+0000] {taskinstance.py:2306} INFO - Starting attempt 1 of 2
[2024-07-10T04:29:29.027+0000] {taskinstance.py:2330} INFO - Executing <Task(PythonOperator): clean_data> on 2024-07-10 04:27:00+00:00
[2024-07-10T04:29:29.034+0000] {warnings.py:110} WARNING - /home/***/.local/lib/python3.12/site-packages/***/task/task_runner/standard_task_runner.py:61: DeprecationWarning: This process (pid=106) is multi-threaded, use of fork() may lead to deadlocks in the child.
  pid = os.fork()

[2024-07-10T04:29:29.037+0000] {standard_task_runner.py:63} INFO - Started process 109 to run task
[2024-07-10T04:29:29.036+0000] {standard_task_runner.py:90} INFO - Running: ['***', 'tasks', 'run', 'Final', 'clean_data', 'scheduled__2024-07-10T04:27:00+00:00', '--job-id', '34', '--raw', '--subdir', 'DAGS_FOLDER/dag_test.py', '--cfg-path', '/tmp/tmp8yfvkgy8']
[2024-07-10T04:29:29.038+0000] {standard_task_runner.py:91} INFO - Job 34: Subtask clean_data
[2024-07-10T04:29:29.091+0000] {task_command.py:426} INFO - Running <TaskInstance: Final.clean_data scheduled__2024-07-10T04:27:00+00:00 [running]> on host dd74537ce0b1
[2024-07-10T04:29:29.202+0000] {taskinstance.py:2648} INFO - Exporting env vars: AIRFLOW_CTX_DAG_EMAIL='ha20040204@gmail.com' AIRFLOW_CTX_DAG_OWNER='HA' AIRFLOW_CTX_DAG_ID='Final' AIRFLOW_CTX_TASK_ID='clean_data' AIRFLOW_CTX_EXECUTION_DATE='2024-07-10T04:27:00+00:00' AIRFLOW_CTX_TRY_NUMBER='1' AIRFLOW_CTX_DAG_RUN_ID='scheduled__2024-07-10T04:27:00+00:00'
[2024-07-10T04:29:29.205+0000] {taskinstance.py:430} INFO - ::endgroup::
[2024-07-10T04:29:29.254+0000] {warnings.py:110} WARNING - /opt/***/dags/dag_test.py:39: FutureWarning: Series.__getitem__ treating keys as positions is deprecated. In a future version, integer keys will always be treated as labels (consistent with DataFrame behavior). To access a value by position, use `ser.iloc[pos]`
  ls.append(round(data.iloc[i][4] - data.iloc[i + 1][4], 2))

[2024-07-10T04:29:29.255+0000] {warnings.py:110} WARNING - /opt/***/dags/dag_test.py:40: FutureWarning: Series.__getitem__ treating keys as positions is deprecated. In a future version, integer keys will always be treated as labels (consistent with DataFrame behavior). To access a value by position, use `ser.iloc[pos]`
  ls_rate.append(str(round(ls[i] / data.iloc[i + 1][4] * 100, 2)) + '%')

[2024-07-10T04:29:35.332+0000] {warnings.py:110} WARNING - /opt/***/dags/dag_test.py:39: FutureWarning: Series.__getitem__ treating keys as positions is deprecated. In a future version, integer keys will always be treated as labels (consistent with DataFrame behavior). To access a value by position, use `ser.iloc[pos]`
  ls.append(round(data.iloc[i][4] - data.iloc[i + 1][4], 2))

[2024-07-10T04:29:35.334+0000] {warnings.py:110} WARNING - /opt/***/dags/dag_test.py:40: FutureWarning: Series.__getitem__ treating keys as positions is deprecated. In a future version, integer keys will always be treated as labels (consistent with DataFrame behavior). To access a value by position, use `ser.iloc[pos]`
  ls_rate.append(str(round(ls[i] / data.iloc[i + 1][4] * 100, 2)) + '%')

[2024-07-10T04:29:41.605+0000] {warnings.py:110} WARNING - /opt/***/dags/dag_test.py:39: FutureWarning: Series.__getitem__ treating keys as positions is deprecated. In a future version, integer keys will always be treated as labels (consistent with DataFrame behavior). To access a value by position, use `ser.iloc[pos]`
  ls.append(round(data.iloc[i][4] - data.iloc[i + 1][4], 2))

[2024-07-10T04:29:41.606+0000] {warnings.py:110} WARNING - /opt/***/dags/dag_test.py:40: FutureWarning: Series.__getitem__ treating keys as positions is deprecated. In a future version, integer keys will always be treated as labels (consistent with DataFrame behavior). To access a value by position, use `ser.iloc[pos]`
  ls_rate.append(str(round(ls[i] / data.iloc[i + 1][4] * 100, 2)) + '%')

[2024-07-10T04:29:44.174+0000] {warnings.py:110} WARNING - /opt/***/dags/dag_test.py:39: FutureWarning: Series.__getitem__ treating keys as positions is deprecated. In a future version, integer keys will always be treated as labels (consistent with DataFrame behavior). To access a value by position, use `ser.iloc[pos]`
  ls.append(round(data.iloc[i][4] - data.iloc[i + 1][4], 2))

[2024-07-10T04:29:44.175+0000] {warnings.py:110} WARNING - /opt/***/dags/dag_test.py:40: FutureWarning: Series.__getitem__ treating keys as positions is deprecated. In a future version, integer keys will always be treated as labels (consistent with DataFrame behavior). To access a value by position, use `ser.iloc[pos]`
  ls_rate.append(str(round(ls[i] / data.iloc[i + 1][4] * 100, 2)) + '%')

[2024-07-10T04:29:48.056+0000] {warnings.py:110} WARNING - /opt/***/dags/dag_test.py:39: FutureWarning: Series.__getitem__ treating keys as positions is deprecated. In a future version, integer keys will always be treated as labels (consistent with DataFrame behavior). To access a value by position, use `ser.iloc[pos]`
  ls.append(round(data.iloc[i][4] - data.iloc[i + 1][4], 2))

[2024-07-10T04:29:48.057+0000] {warnings.py:110} WARNING - /opt/***/dags/dag_test.py:40: FutureWarning: Series.__getitem__ treating keys as positions is deprecated. In a future version, integer keys will always be treated as labels (consistent with DataFrame behavior). To access a value by position, use `ser.iloc[pos]`
  ls_rate.append(str(round(ls[i] / data.iloc[i + 1][4] * 100, 2)) + '%')

[2024-07-10T04:29:49.741+0000] {warnings.py:110} WARNING - /opt/***/dags/dag_test.py:39: FutureWarning: Series.__getitem__ treating keys as positions is deprecated. In a future version, integer keys will always be treated as labels (consistent with DataFrame behavior). To access a value by position, use `ser.iloc[pos]`
  ls.append(round(data.iloc[i][4] - data.iloc[i + 1][4], 2))

[2024-07-10T04:29:49.743+0000] {warnings.py:110} WARNING - /opt/***/dags/dag_test.py:40: FutureWarning: Series.__getitem__ treating keys as positions is deprecated. In a future version, integer keys will always be treated as labels (consistent with DataFrame behavior). To access a value by position, use `ser.iloc[pos]`
  ls_rate.append(str(round(ls[i] / data.iloc[i + 1][4] * 100, 2)) + '%')

[2024-07-10T04:30:05.437+0000] {warnings.py:110} WARNING - /opt/***/dags/dag_test.py:39: FutureWarning: Series.__getitem__ treating keys as positions is deprecated. In a future version, integer keys will always be treated as labels (consistent with DataFrame behavior). To access a value by position, use `ser.iloc[pos]`
  ls.append(round(data.iloc[i][4] - data.iloc[i + 1][4], 2))

[2024-07-10T04:30:05.454+0000] {warnings.py:110} WARNING - /opt/***/dags/dag_test.py:40: FutureWarning: Series.__getitem__ treating keys as positions is deprecated. In a future version, integer keys will always be treated as labels (consistent with DataFrame behavior). To access a value by position, use `ser.iloc[pos]`
  ls_rate.append(str(round(ls[i] / data.iloc[i + 1][4] * 100, 2)) + '%')

[2024-07-10T04:30:18.547+0000] {warnings.py:110} WARNING - /opt/***/dags/dag_test.py:39: FutureWarning: Series.__getitem__ treating keys as positions is deprecated. In a future version, integer keys will always be treated as labels (consistent with DataFrame behavior). To access a value by position, use `ser.iloc[pos]`
  ls.append(round(data.iloc[i][4] - data.iloc[i + 1][4], 2))

[2024-07-10T04:30:18.550+0000] {warnings.py:110} WARNING - /opt/***/dags/dag_test.py:40: FutureWarning: Series.__getitem__ treating keys as positions is deprecated. In a future version, integer keys will always be treated as labels (consistent with DataFrame behavior). To access a value by position, use `ser.iloc[pos]`
  ls_rate.append(str(round(ls[i] / data.iloc[i + 1][4] * 100, 2)) + '%')

[2024-07-10T04:30:31.461+0000] {warnings.py:110} WARNING - /opt/***/dags/dag_test.py:39: FutureWarning: Series.__getitem__ treating keys as positions is deprecated. In a future version, integer keys will always be treated as labels (consistent with DataFrame behavior). To access a value by position, use `ser.iloc[pos]`
  ls.append(round(data.iloc[i][4] - data.iloc[i + 1][4], 2))

[2024-07-10T04:30:31.462+0000] {warnings.py:110} WARNING - /opt/***/dags/dag_test.py:40: FutureWarning: Series.__getitem__ treating keys as positions is deprecated. In a future version, integer keys will always be treated as labels (consistent with DataFrame behavior). To access a value by position, use `ser.iloc[pos]`
  ls_rate.append(str(round(ls[i] / data.iloc[i + 1][4] * 100, 2)) + '%')

[2024-07-10T04:30:45.844+0000] {warnings.py:110} WARNING - /opt/***/dags/dag_test.py:39: FutureWarning: Series.__getitem__ treating keys as positions is deprecated. In a future version, integer keys will always be treated as labels (consistent with DataFrame behavior). To access a value by position, use `ser.iloc[pos]`
  ls.append(round(data.iloc[i][4] - data.iloc[i + 1][4], 2))

[2024-07-10T04:30:45.846+0000] {warnings.py:110} WARNING - /opt/***/dags/dag_test.py:40: FutureWarning: Series.__getitem__ treating keys as positions is deprecated. In a future version, integer keys will always be treated as labels (consistent with DataFrame behavior). To access a value by position, use `ser.iloc[pos]`
  ls_rate.append(str(round(ls[i] / data.iloc[i + 1][4] * 100, 2)) + '%')

[2024-07-10T04:30:47.384+0000] {warnings.py:110} WARNING - /opt/***/dags/dag_test.py:39: FutureWarning: Series.__getitem__ treating keys as positions is deprecated. In a future version, integer keys will always be treated as labels (consistent with DataFrame behavior). To access a value by position, use `ser.iloc[pos]`
  ls.append(round(data.iloc[i][4] - data.iloc[i + 1][4], 2))

[2024-07-10T04:30:47.385+0000] {warnings.py:110} WARNING - /opt/***/dags/dag_test.py:40: FutureWarning: Series.__getitem__ treating keys as positions is deprecated. In a future version, integer keys will always be treated as labels (consistent with DataFrame behavior). To access a value by position, use `ser.iloc[pos]`
  ls_rate.append(str(round(ls[i] / data.iloc[i + 1][4] * 100, 2)) + '%')

[2024-07-10T04:30:47.932+0000] {warnings.py:110} WARNING - /opt/***/dags/dag_test.py:39: FutureWarning: Series.__getitem__ treating keys as positions is deprecated. In a future version, integer keys will always be treated as labels (consistent with DataFrame behavior). To access a value by position, use `ser.iloc[pos]`
  ls.append(round(data.iloc[i][4] - data.iloc[i + 1][4], 2))

[2024-07-10T04:30:47.935+0000] {warnings.py:110} WARNING - /opt/***/dags/dag_test.py:40: FutureWarning: Series.__getitem__ treating keys as positions is deprecated. In a future version, integer keys will always be treated as labels (consistent with DataFrame behavior). To access a value by position, use `ser.iloc[pos]`
  ls_rate.append(str(round(ls[i] / data.iloc[i + 1][4] * 100, 2)) + '%')

[2024-07-10T04:30:50.520+0000] {warnings.py:110} WARNING - /opt/***/dags/dag_test.py:39: FutureWarning: Series.__getitem__ treating keys as positions is deprecated. In a future version, integer keys will always be treated as labels (consistent with DataFrame behavior). To access a value by position, use `ser.iloc[pos]`
  ls.append(round(data.iloc[i][4] - data.iloc[i + 1][4], 2))

[2024-07-10T04:30:50.522+0000] {warnings.py:110} WARNING - /opt/***/dags/dag_test.py:40: FutureWarning: Series.__getitem__ treating keys as positions is deprecated. In a future version, integer keys will always be treated as labels (consistent with DataFrame behavior). To access a value by position, use `ser.iloc[pos]`
  ls_rate.append(str(round(ls[i] / data.iloc[i + 1][4] * 100, 2)) + '%')

[2024-07-10T04:30:52.502+0000] {warnings.py:110} WARNING - /opt/***/dags/dag_test.py:39: FutureWarning: Series.__getitem__ treating keys as positions is deprecated. In a future version, integer keys will always be treated as labels (consistent with DataFrame behavior). To access a value by position, use `ser.iloc[pos]`
  ls.append(round(data.iloc[i][4] - data.iloc[i + 1][4], 2))

[2024-07-10T04:30:52.504+0000] {warnings.py:110} WARNING - /opt/***/dags/dag_test.py:40: FutureWarning: Series.__getitem__ treating keys as positions is deprecated. In a future version, integer keys will always be treated as labels (consistent with DataFrame behavior). To access a value by position, use `ser.iloc[pos]`
  ls_rate.append(str(round(ls[i] / data.iloc[i + 1][4] * 100, 2)) + '%')

[2024-07-10T04:30:54.032+0000] {logging_mixin.py:188} INFO - Successfully.
[2024-07-10T04:30:54.034+0000] {python.py:237} INFO - Done. Returned value was: True
[2024-07-10T04:30:54.038+0000] {taskinstance.py:441} INFO - ::group::Post task execution logs
[2024-07-10T04:30:54.247+0000] {taskinstance.py:1206} INFO - Marking task as SUCCESS. dag_id=Final, task_id=clean_data, run_id=scheduled__2024-07-10T04:27:00+00:00, execution_date=20240710T042700, start_date=20240710T042929, end_date=20240710T043054
[2024-07-10T04:30:54.372+0000] {local_task_job_runner.py:240} INFO - Task exited with return code 0
[2024-07-10T04:30:54.610+0000] {taskinstance.py:3498} INFO - 1 downstream tasks scheduled from follow-on schedule check
[2024-07-10T04:30:54.614+0000] {local_task_job_runner.py:222} INFO - ::endgroup::
