[2024-07-08T09:21:57.616+0000] {local_task_job_runner.py:120} INFO - ::group::Pre task execution logs
[2024-07-08T09:21:57.656+0000] {taskinstance.py:2076} INFO - Dependencies all met for dep_context=non-requeueable deps ti=<TaskInstance: Final.craw_data manual__2024-07-08T09:19:14.679346+00:00 [queued]>
[2024-07-08T09:21:57.666+0000] {taskinstance.py:2076} INFO - Dependencies all met for dep_context=requeueable deps ti=<TaskInstance: Final.craw_data manual__2024-07-08T09:19:14.679346+00:00 [queued]>
[2024-07-08T09:21:57.667+0000] {taskinstance.py:2306} INFO - Starting attempt 1 of 2
[2024-07-08T09:21:57.684+0000] {taskinstance.py:2330} INFO - Executing <Task(PythonOperator): craw_data> on 2024-07-08 09:19:14.679346+00:00
[2024-07-08T09:21:57.691+0000] {warnings.py:110} WARNING - /home/***/.local/lib/python3.12/site-packages/***/task/task_runner/standard_task_runner.py:61: DeprecationWarning: This process (pid=64) is multi-threaded, use of fork() may lead to deadlocks in the child.
  pid = os.fork()

[2024-07-08T09:21:57.693+0000] {standard_task_runner.py:63} INFO - Started process 66 to run task
[2024-07-08T09:21:57.693+0000] {standard_task_runner.py:90} INFO - Running: ['***', 'tasks', 'run', 'Final', 'craw_data', 'manual__2024-07-08T09:19:14.679346+00:00', '--job-id', '19', '--raw', '--subdir', 'DAGS_FOLDER/dag_test.py', '--cfg-path', '/tmp/tmpx_6cb7aa']
[2024-07-08T09:21:57.694+0000] {standard_task_runner.py:91} INFO - Job 19: Subtask craw_data
[2024-07-08T09:21:57.754+0000] {task_command.py:426} INFO - Running <TaskInstance: Final.craw_data manual__2024-07-08T09:19:14.679346+00:00 [running]> on host 442478dc4f73
[2024-07-08T09:21:57.859+0000] {taskinstance.py:2648} INFO - Exporting env vars: AIRFLOW_CTX_DAG_EMAIL='ha20040204@gmail.com' AIRFLOW_CTX_DAG_OWNER='HA' AIRFLOW_CTX_DAG_ID='Final' AIRFLOW_CTX_TASK_ID='craw_data' AIRFLOW_CTX_EXECUTION_DATE='2024-07-08T09:19:14.679346+00:00' AIRFLOW_CTX_TRY_NUMBER='1' AIRFLOW_CTX_DAG_RUN_ID='manual__2024-07-08T09:19:14.679346+00:00'
[2024-07-08T09:21:57.861+0000] {taskinstance.py:430} INFO - ::endgroup::
[2024-07-08T09:21:59.882+0000] {logging_mixin.py:188} WARNING - [*********************100%%**********************]  1 of 1 completed
[2024-07-08T09:22:00.834+0000] {logging_mixin.py:188} WARNING - [*********************100%%**********************]  1 of 1 completed
[2024-07-08T09:22:01.555+0000] {logging_mixin.py:188} WARNING - [*********************100%%**********************]  1 of 1 completed
[2024-07-08T09:22:02.262+0000] {logging_mixin.py:188} WARNING - [*********************100%%**********************]  1 of 1 completed
[2024-07-08T09:22:03.178+0000] {logging_mixin.py:188} WARNING - [*********************100%%**********************]  1 of 1 completed
[2024-07-08T09:22:05.032+0000] {logging_mixin.py:188} WARNING - [*********************100%%**********************]  1 of 1 completed
[2024-07-08T09:22:06.403+0000] {logging_mixin.py:188} WARNING - [*********************100%%**********************]  1 of 1 completed
[2024-07-08T09:22:07.685+0000] {logging_mixin.py:188} WARNING - [*********************100%%**********************]  1 of 1 completed
[2024-07-08T09:22:09.171+0000] {logging_mixin.py:188} WARNING - [*********************100%%**********************]  1 of 1 completed
[2024-07-08T09:22:09.870+0000] {logging_mixin.py:188} WARNING - [*********************100%%**********************]  1 of 1 completed
[2024-07-08T09:22:10.637+0000] {logging_mixin.py:188} WARNING - [*********************100%%**********************]  1 of 1 completed
[2024-07-08T09:22:11.202+0000] {logging_mixin.py:188} WARNING - [*********************100%%**********************]  1 of 1 completed
[2024-07-08T09:22:11.635+0000] {logging_mixin.py:188} WARNING - [*********************100%%**********************]  1 of 1 completed
[2024-07-08T09:22:13.922+0000] {logging_mixin.py:188} WARNING - [*********************100%%**********************]  1 of 1 completed
[2024-07-08T09:22:13.927+0000] {multi.py:171} ERROR - 
1 Failed download:
[2024-07-08T09:22:13.929+0000] {multi.py:184} ERROR - ['BVH']: YFTzMissingError('$%ticker%: possibly delisted; No timezone found')
[2024-07-08T09:22:14.342+0000] {logging_mixin.py:188} WARNING - [*********************100%%**********************]  1 of 1 completed
[2024-07-08T09:22:14.362+0000] {logging_mixin.py:188} INFO - Successfully.
[2024-07-08T09:22:14.363+0000] {python.py:237} INFO - Done. Returned value was: True
[2024-07-08T09:22:14.364+0000] {taskinstance.py:441} INFO - ::group::Post task execution logs
[2024-07-08T09:22:14.392+0000] {taskinstance.py:1206} INFO - Marking task as SUCCESS. dag_id=Final, task_id=craw_data, run_id=manual__2024-07-08T09:19:14.679346+00:00, execution_date=20240708T091914, start_date=20240708T092157, end_date=20240708T092214
[2024-07-08T09:22:14.441+0000] {local_task_job_runner.py:240} INFO - Task exited with return code 0
[2024-07-08T09:22:14.481+0000] {taskinstance.py:3498} INFO - 1 downstream tasks scheduled from follow-on schedule check
[2024-07-08T09:22:14.496+0000] {local_task_job_runner.py:222} INFO - ::endgroup::
