[2024-07-08T02:52:45.312+0000] {local_task_job_runner.py:120} INFO - ::group::Pre task execution logs
[2024-07-08T02:52:45.341+0000] {taskinstance.py:2076} INFO - Dependencies all met for dep_context=non-requeueable deps ti=<TaskInstance: Final.insert_db manual__2024-07-08T02:51:03.487727+00:00 [queued]>
[2024-07-08T02:52:45.350+0000] {taskinstance.py:2076} INFO - Dependencies all met for dep_context=requeueable deps ti=<TaskInstance: Final.insert_db manual__2024-07-08T02:51:03.487727+00:00 [queued]>
[2024-07-08T02:52:45.352+0000] {taskinstance.py:2306} INFO - Starting attempt 1 of 2
[2024-07-08T02:52:45.370+0000] {taskinstance.py:2330} INFO - Executing <Task(PythonOperator): insert_db> on 2024-07-08 02:51:03.487727+00:00
[2024-07-08T02:52:45.379+0000] {warnings.py:110} WARNING - /home/***/.local/lib/python3.12/site-packages/***/task/task_runner/standard_task_runner.py:61: DeprecationWarning: This process (pid=157) is multi-threaded, use of fork() may lead to deadlocks in the child.
  pid = os.fork()

[2024-07-08T02:52:45.381+0000] {standard_task_runner.py:63} INFO - Started process 159 to run task
[2024-07-08T02:52:45.382+0000] {standard_task_runner.py:90} INFO - Running: ['***', 'tasks', 'run', 'Final', 'insert_db', 'manual__2024-07-08T02:51:03.487727+00:00', '--job-id', '24', '--raw', '--subdir', 'DAGS_FOLDER/dag_test.py', '--cfg-path', '/tmp/tmpizvsgwc9']
[2024-07-08T02:52:45.383+0000] {standard_task_runner.py:91} INFO - Job 24: Subtask insert_db
[2024-07-08T02:52:45.448+0000] {task_command.py:426} INFO - Running <TaskInstance: Final.insert_db manual__2024-07-08T02:51:03.487727+00:00 [running]> on host 3b89c1ba7f0f
[2024-07-08T02:52:45.555+0000] {taskinstance.py:2648} INFO - Exporting env vars: AIRFLOW_CTX_DAG_EMAIL='ha20040204@gmail.com' AIRFLOW_CTX_DAG_OWNER='HA' AIRFLOW_CTX_DAG_ID='Final' AIRFLOW_CTX_TASK_ID='insert_db' AIRFLOW_CTX_EXECUTION_DATE='2024-07-08T02:51:03.487727+00:00' AIRFLOW_CTX_TRY_NUMBER='1' AIRFLOW_CTX_DAG_RUN_ID='manual__2024-07-08T02:51:03.487727+00:00'
[2024-07-08T02:52:45.557+0000] {taskinstance.py:430} INFO - ::endgroup::
[2024-07-08T02:54:43.036+0000] {logging_mixin.py:188} INFO - Successfully.
[2024-07-08T02:54:43.074+0000] {python.py:237} INFO - Done. Returned value was: None
[2024-07-08T02:54:43.076+0000] {taskinstance.py:441} INFO - ::group::Post task execution logs
[2024-07-08T02:54:43.096+0000] {taskinstance.py:1206} INFO - Marking task as SUCCESS. dag_id=Final, task_id=insert_db, run_id=manual__2024-07-08T02:51:03.487727+00:00, execution_date=20240708T025103, start_date=20240708T025245, end_date=20240708T025443
[2024-07-08T02:54:43.181+0000] {local_task_job_runner.py:240} INFO - Task exited with return code 0
[2024-07-08T02:54:43.223+0000] {taskinstance.py:3498} INFO - 1 downstream tasks scheduled from follow-on schedule check
[2024-07-08T02:54:43.226+0000] {local_task_job_runner.py:222} INFO - ::endgroup::
