[2024-07-07T09:30:08.445+0000] {local_task_job_runner.py:120} INFO - ::group::Pre task execution logs
[2024-07-07T09:30:08.478+0000] {taskinstance.py:2076} INFO - Dependencies all met for dep_context=non-requeueable deps ti=<TaskInstance: Final_exam.ending manual__2024-07-07T09:26:58.090565+00:00 [queued]>
[2024-07-07T09:30:08.492+0000] {taskinstance.py:2076} INFO - Dependencies all met for dep_context=requeueable deps ti=<TaskInstance: Final_exam.ending manual__2024-07-07T09:26:58.090565+00:00 [queued]>
[2024-07-07T09:30:08.493+0000] {taskinstance.py:2306} INFO - Starting attempt 1 of 2
[2024-07-07T09:30:08.520+0000] {taskinstance.py:2330} INFO - Executing <Task(BashOperator): ending> on 2024-07-07 09:26:58.090565+00:00
[2024-07-07T09:30:08.529+0000] {warnings.py:110} WARNING - /home/***/.local/lib/python3.12/site-packages/***/task/task_runner/standard_task_runner.py:61: DeprecationWarning: This process (pid=139) is multi-threaded, use of fork() may lead to deadlocks in the child.
  pid = os.fork()

[2024-07-07T09:30:08.532+0000] {standard_task_runner.py:63} INFO - Started process 141 to run task
[2024-07-07T09:30:08.533+0000] {standard_task_runner.py:90} INFO - Running: ['***', 'tasks', 'run', 'Final_exam', 'ending', 'manual__2024-07-07T09:26:58.090565+00:00', '--job-id', '74', '--raw', '--subdir', 'DAGS_FOLDER/pipeline.py', '--cfg-path', '/tmp/tmpryhb_xw5']
[2024-07-07T09:30:08.536+0000] {standard_task_runner.py:91} INFO - Job 74: Subtask ending
[2024-07-07T09:30:08.620+0000] {task_command.py:426} INFO - Running <TaskInstance: Final_exam.ending manual__2024-07-07T09:26:58.090565+00:00 [running]> on host 49c558fe4c5c
[2024-07-07T09:30:08.756+0000] {taskinstance.py:2648} INFO - Exporting env vars: AIRFLOW_CTX_DAG_EMAIL='ha20040204@gmail.com' AIRFLOW_CTX_DAG_OWNER='HA' AIRFLOW_CTX_DAG_ID='Final_exam' AIRFLOW_CTX_TASK_ID='ending' AIRFLOW_CTX_EXECUTION_DATE='2024-07-07T09:26:58.090565+00:00' AIRFLOW_CTX_TRY_NUMBER='1' AIRFLOW_CTX_DAG_RUN_ID='manual__2024-07-07T09:26:58.090565+00:00'
[2024-07-07T09:30:08.758+0000] {taskinstance.py:430} INFO - ::endgroup::
[2024-07-07T09:30:08.759+0000] {subprocess.py:63} INFO - Tmp dir root location: /tmp
[2024-07-07T09:30:08.761+0000] {subprocess.py:75} INFO - Running command: ['/usr/bin/bash', '-c', 'echo "Completed"']
[2024-07-07T09:30:08.776+0000] {subprocess.py:86} INFO - Output:
[2024-07-07T09:30:08.778+0000] {subprocess.py:93} INFO - Completed
[2024-07-07T09:30:08.779+0000] {subprocess.py:97} INFO - Command exited with return code 0
[2024-07-07T09:30:08.780+0000] {taskinstance.py:441} INFO - ::group::Post task execution logs
[2024-07-07T09:30:08.815+0000] {taskinstance.py:1206} INFO - Marking task as SUCCESS. dag_id=Final_exam, task_id=ending, run_id=manual__2024-07-07T09:26:58.090565+00:00, execution_date=20240707T092658, start_date=20240707T093008, end_date=20240707T093008
[2024-07-07T09:30:08.871+0000] {local_task_job_runner.py:240} INFO - Task exited with return code 0
[2024-07-07T09:30:08.895+0000] {taskinstance.py:3498} INFO - 0 downstream tasks scheduled from follow-on schedule check
[2024-07-07T09:30:08.898+0000] {local_task_job_runner.py:222} INFO - ::endgroup::
