[2024-07-08T02:08:24.922+0000] {local_task_job_runner.py:120} INFO - ::group::Pre task execution logs
[2024-07-08T02:08:24.984+0000] {taskinstance.py:2076} INFO - Dependencies all met for dep_context=non-requeueable deps ti=<TaskInstance: Final.starting scheduled__2024-07-08T02:06:06.547462+00:00 [queued]>
[2024-07-08T02:08:25.006+0000] {taskinstance.py:2076} INFO - Dependencies all met for dep_context=requeueable deps ti=<TaskInstance: Final.starting scheduled__2024-07-08T02:06:06.547462+00:00 [queued]>
[2024-07-08T02:08:25.008+0000] {taskinstance.py:2306} INFO - Starting attempt 1 of 2
[2024-07-08T02:08:25.046+0000] {taskinstance.py:2330} INFO - Executing <Task(BashOperator): starting> on 2024-07-08 02:06:06.547462+00:00
[2024-07-08T02:08:25.060+0000] {warnings.py:110} WARNING - /home/***/.local/lib/python3.12/site-packages/***/task/task_runner/standard_task_runner.py:61: DeprecationWarning: This process (pid=70) is multi-threaded, use of fork() may lead to deadlocks in the child.
  pid = os.fork()

[2024-07-08T02:08:25.063+0000] {standard_task_runner.py:63} INFO - Started process 74 to run task
[2024-07-08T02:08:25.066+0000] {standard_task_runner.py:90} INFO - Running: ['***', 'tasks', 'run', 'Final', 'starting', 'scheduled__2024-07-08T02:06:06.547462+00:00', '--job-id', '3', '--raw', '--subdir', 'DAGS_FOLDER/dag_test.py', '--cfg-path', '/tmp/tmpjst9yrzv']
[2024-07-08T02:08:25.071+0000] {standard_task_runner.py:91} INFO - Job 3: Subtask starting
[2024-07-08T02:08:25.228+0000] {task_command.py:426} INFO - Running <TaskInstance: Final.starting scheduled__2024-07-08T02:06:06.547462+00:00 [running]> on host 82e4ca4698f0
[2024-07-08T02:08:25.583+0000] {taskinstance.py:2648} INFO - Exporting env vars: AIRFLOW_CTX_DAG_EMAIL='ha20040204@gmail.com' AIRFLOW_CTX_DAG_OWNER='HA' AIRFLOW_CTX_DAG_ID='Final' AIRFLOW_CTX_TASK_ID='starting' AIRFLOW_CTX_EXECUTION_DATE='2024-07-08T02:06:06.547462+00:00' AIRFLOW_CTX_TRY_NUMBER='1' AIRFLOW_CTX_DAG_RUN_ID='scheduled__2024-07-08T02:06:06.547462+00:00'
[2024-07-08T02:08:25.587+0000] {taskinstance.py:430} INFO - ::endgroup::
[2024-07-08T02:08:25.590+0000] {subprocess.py:63} INFO - Tmp dir root location: /tmp
[2024-07-08T02:08:25.592+0000] {subprocess.py:75} INFO - Running command: ['/usr/bin/bash', '-c', 'echo "Chuẩn bị cào dữ liệu"']
[2024-07-08T02:08:25.636+0000] {subprocess.py:86} INFO - Output:
[2024-07-08T02:08:25.639+0000] {subprocess.py:93} INFO - Chuẩn bị cào dữ liệu
[2024-07-08T02:08:25.641+0000] {subprocess.py:97} INFO - Command exited with return code 0
[2024-07-08T02:08:25.643+0000] {taskinstance.py:441} INFO - ::group::Post task execution logs
[2024-07-08T02:08:25.711+0000] {taskinstance.py:1206} INFO - Marking task as SUCCESS. dag_id=Final, task_id=starting, run_id=scheduled__2024-07-08T02:06:06.547462+00:00, execution_date=20240708T020606, start_date=20240708T020824, end_date=20240708T020825
[2024-07-08T02:08:25.786+0000] {local_task_job_runner.py:240} INFO - Task exited with return code 0
[2024-07-08T02:08:25.862+0000] {taskinstance.py:3498} INFO - 1 downstream tasks scheduled from follow-on schedule check
[2024-07-08T02:08:25.865+0000] {local_task_job_runner.py:222} INFO - ::endgroup::
