[2024-07-08T09:24:41.181+0000] {local_task_job_runner.py:120} INFO - ::group::Pre task execution logs
[2024-07-08T09:24:41.226+0000] {taskinstance.py:2076} INFO - Dependencies all met for dep_context=non-requeueable deps ti=<TaskInstance: Final.ending manual__2024-07-08T09:19:14.679346+00:00 [queued]>
[2024-07-08T09:24:41.244+0000] {taskinstance.py:2076} INFO - Dependencies all met for dep_context=requeueable deps ti=<TaskInstance: Final.ending manual__2024-07-08T09:19:14.679346+00:00 [queued]>
[2024-07-08T09:24:41.246+0000] {taskinstance.py:2306} INFO - Starting attempt 1 of 2
[2024-07-08T09:24:41.279+0000] {taskinstance.py:2330} INFO - Executing <Task(BashOperator): ending> on 2024-07-08 09:19:14.679346+00:00
[2024-07-08T09:24:41.292+0000] {warnings.py:110} WARNING - /home/***/.local/lib/python3.12/site-packages/***/task/task_runner/standard_task_runner.py:61: DeprecationWarning: This process (pid=127) is multi-threaded, use of fork() may lead to deadlocks in the child.
  pid = os.fork()

[2024-07-08T09:24:41.296+0000] {standard_task_runner.py:63} INFO - Started process 129 to run task
[2024-07-08T09:24:41.296+0000] {standard_task_runner.py:90} INFO - Running: ['***', 'tasks', 'run', 'Final', 'ending', 'manual__2024-07-08T09:19:14.679346+00:00', '--job-id', '23', '--raw', '--subdir', 'DAGS_FOLDER/dag_test.py', '--cfg-path', '/tmp/tmpxdgveffe']
[2024-07-08T09:24:41.298+0000] {standard_task_runner.py:91} INFO - Job 23: Subtask ending
[2024-07-08T09:24:41.400+0000] {task_command.py:426} INFO - Running <TaskInstance: Final.ending manual__2024-07-08T09:19:14.679346+00:00 [running]> on host 442478dc4f73
[2024-07-08T09:24:41.546+0000] {taskinstance.py:2648} INFO - Exporting env vars: AIRFLOW_CTX_DAG_EMAIL='ha20040204@gmail.com' AIRFLOW_CTX_DAG_OWNER='HA' AIRFLOW_CTX_DAG_ID='Final' AIRFLOW_CTX_TASK_ID='ending' AIRFLOW_CTX_EXECUTION_DATE='2024-07-08T09:19:14.679346+00:00' AIRFLOW_CTX_TRY_NUMBER='1' AIRFLOW_CTX_DAG_RUN_ID='manual__2024-07-08T09:19:14.679346+00:00'
[2024-07-08T09:24:41.548+0000] {taskinstance.py:430} INFO - ::endgroup::
[2024-07-08T09:24:41.550+0000] {subprocess.py:63} INFO - Tmp dir root location: /tmp
[2024-07-08T09:24:41.552+0000] {subprocess.py:75} INFO - Running command: ['/usr/bin/bash', '-c', 'echo "Completed"']
[2024-07-08T09:24:41.583+0000] {subprocess.py:86} INFO - Output:
[2024-07-08T09:24:41.592+0000] {subprocess.py:93} INFO - Completed
[2024-07-08T09:24:41.593+0000] {subprocess.py:97} INFO - Command exited with return code 0
[2024-07-08T09:24:41.594+0000] {taskinstance.py:441} INFO - ::group::Post task execution logs
[2024-07-08T09:24:41.654+0000] {taskinstance.py:1206} INFO - Marking task as SUCCESS. dag_id=Final, task_id=ending, run_id=manual__2024-07-08T09:19:14.679346+00:00, execution_date=20240708T091914, start_date=20240708T092441, end_date=20240708T092441
[2024-07-08T09:24:41.754+0000] {local_task_job_runner.py:240} INFO - Task exited with return code 0
[2024-07-08T09:24:41.798+0000] {taskinstance.py:3498} INFO - 0 downstream tasks scheduled from follow-on schedule check
[2024-07-08T09:24:41.802+0000] {local_task_job_runner.py:222} INFO - ::endgroup::
