[2024-07-07T09:27:05.666+0000] {local_task_job_runner.py:120} INFO - ::group::Pre task execution logs
[2024-07-07T09:27:05.704+0000] {taskinstance.py:2076} INFO - Dependencies all met for dep_context=non-requeueable deps ti=<TaskInstance: Final_exam.create_file_task manual__2024-07-07T09:26:58.090565+00:00 [queued]>
[2024-07-07T09:27:05.720+0000] {taskinstance.py:2076} INFO - Dependencies all met for dep_context=requeueable deps ti=<TaskInstance: Final_exam.create_file_task manual__2024-07-07T09:26:58.090565+00:00 [queued]>
[2024-07-07T09:27:05.722+0000] {taskinstance.py:2306} INFO - Starting attempt 1 of 2
[2024-07-07T09:27:05.744+0000] {taskinstance.py:2330} INFO - Executing <Task(BashOperator): create_file_task> on 2024-07-07 09:26:58.090565+00:00
[2024-07-07T09:27:05.752+0000] {warnings.py:110} WARNING - /home/***/.local/lib/python3.12/site-packages/***/task/task_runner/standard_task_runner.py:61: DeprecationWarning: This process (pid=73) is multi-threaded, use of fork() may lead to deadlocks in the child.
  pid = os.fork()

[2024-07-07T09:27:05.754+0000] {standard_task_runner.py:63} INFO - Started process 77 to run task
[2024-07-07T09:27:05.755+0000] {standard_task_runner.py:90} INFO - Running: ['***', 'tasks', 'run', 'Final_exam', 'create_file_task', 'manual__2024-07-07T09:26:58.090565+00:00', '--job-id', '70', '--raw', '--subdir', 'DAGS_FOLDER/pipeline.py', '--cfg-path', '/tmp/tmp3xqo6uan']
[2024-07-07T09:27:05.758+0000] {standard_task_runner.py:91} INFO - Job 70: Subtask create_file_task
[2024-07-07T09:27:05.827+0000] {task_command.py:426} INFO - Running <TaskInstance: Final_exam.create_file_task manual__2024-07-07T09:26:58.090565+00:00 [running]> on host 49c558fe4c5c
[2024-07-07T09:27:05.981+0000] {taskinstance.py:2648} INFO - Exporting env vars: AIRFLOW_CTX_DAG_EMAIL='ha20040204@gmail.com' AIRFLOW_CTX_DAG_OWNER='HA' AIRFLOW_CTX_DAG_ID='Final_exam' AIRFLOW_CTX_TASK_ID='create_file_task' AIRFLOW_CTX_EXECUTION_DATE='2024-07-07T09:26:58.090565+00:00' AIRFLOW_CTX_TRY_NUMBER='1' AIRFLOW_CTX_DAG_RUN_ID='manual__2024-07-07T09:26:58.090565+00:00'
[2024-07-07T09:27:05.983+0000] {taskinstance.py:430} INFO - ::endgroup::
[2024-07-07T09:27:05.986+0000] {subprocess.py:63} INFO - Tmp dir root location: /tmp
[2024-07-07T09:27:05.988+0000] {subprocess.py:75} INFO - Running command: ['/usr/bin/bash', '-c', 'touch /opt/***/dags/database.db']
[2024-07-07T09:27:06.008+0000] {subprocess.py:86} INFO - Output:
[2024-07-07T09:27:06.023+0000] {subprocess.py:97} INFO - Command exited with return code 0
[2024-07-07T09:27:06.025+0000] {taskinstance.py:441} INFO - ::group::Post task execution logs
[2024-07-07T09:27:06.064+0000] {taskinstance.py:1206} INFO - Marking task as SUCCESS. dag_id=Final_exam, task_id=create_file_task, run_id=manual__2024-07-07T09:26:58.090565+00:00, execution_date=20240707T092658, start_date=20240707T092705, end_date=20240707T092706
[2024-07-07T09:27:06.131+0000] {local_task_job_runner.py:240} INFO - Task exited with return code 0
[2024-07-07T09:27:06.171+0000] {taskinstance.py:3498} INFO - 0 downstream tasks scheduled from follow-on schedule check
[2024-07-07T09:27:06.175+0000] {local_task_job_runner.py:222} INFO - ::endgroup::
