[2024-07-07T13:17:45.120+0000] {local_task_job_runner.py:120} INFO - ::group::Pre task execution logs
[2024-07-07T13:17:45.215+0000] {taskinstance.py:2076} INFO - Dependencies all met for dep_context=non-requeueable deps ti=<TaskInstance: Final.craw_data manual__2024-07-07T13:17:32.158730+00:00 [queued]>
[2024-07-07T13:17:45.243+0000] {taskinstance.py:2076} INFO - Dependencies all met for dep_context=requeueable deps ti=<TaskInstance: Final.craw_data manual__2024-07-07T13:17:32.158730+00:00 [queued]>
[2024-07-07T13:17:45.250+0000] {taskinstance.py:2306} INFO - Starting attempt 1 of 2
[2024-07-07T13:17:45.404+0000] {taskinstance.py:2330} INFO - Executing <Task(PythonOperator): craw_data> on 2024-07-07 13:17:32.158730+00:00
[2024-07-07T13:17:45.442+0000] {warnings.py:110} WARNING - /home/***/.local/lib/python3.12/site-packages/***/task/task_runner/standard_task_runner.py:61: DeprecationWarning: This process (pid=102) is multi-threaded, use of fork() may lead to deadlocks in the child.
  pid = os.fork()

[2024-07-07T13:17:45.446+0000] {standard_task_runner.py:63} INFO - Started process 104 to run task
[2024-07-07T13:17:45.460+0000] {standard_task_runner.py:90} INFO - Running: ['***', 'tasks', 'run', 'Final', 'craw_data', 'manual__2024-07-07T13:17:32.158730+00:00', '--job-id', '167', '--raw', '--subdir', 'DAGS_FOLDER/dag_test.py', '--cfg-path', '/tmp/tmprodk5h3q']
[2024-07-07T13:17:45.466+0000] {standard_task_runner.py:91} INFO - Job 167: Subtask craw_data
[2024-07-07T13:17:45.719+0000] {task_command.py:426} INFO - Running <TaskInstance: Final.craw_data manual__2024-07-07T13:17:32.158730+00:00 [running]> on host 4d984a8372ec
[2024-07-07T13:17:46.226+0000] {taskinstance.py:2648} INFO - Exporting env vars: AIRFLOW_CTX_DAG_EMAIL='ha20040204@gmail.com' AIRFLOW_CTX_DAG_OWNER='HA' AIRFLOW_CTX_DAG_ID='Final' AIRFLOW_CTX_TASK_ID='craw_data' AIRFLOW_CTX_EXECUTION_DATE='2024-07-07T13:17:32.158730+00:00' AIRFLOW_CTX_TRY_NUMBER='1' AIRFLOW_CTX_DAG_RUN_ID='manual__2024-07-07T13:17:32.158730+00:00'
[2024-07-07T13:17:46.246+0000] {taskinstance.py:430} INFO - ::endgroup::
[2024-07-07T13:17:49.341+0000] {logging_mixin.py:188} WARNING - [*********************100%%**********************]  1 of 1 completed
[2024-07-07T13:17:50.762+0000] {logging_mixin.py:188} WARNING - [*********************100%%**********************]  1 of 1 completed
[2024-07-07T13:17:51.907+0000] {logging_mixin.py:188} WARNING - [*********************100%%**********************]  1 of 1 completed
[2024-07-07T13:17:52.944+0000] {logging_mixin.py:188} WARNING - [*********************100%%**********************]  1 of 1 completed
[2024-07-07T13:17:53.575+0000] {logging_mixin.py:188} WARNING - [*********************100%%**********************]  1 of 1 completed
[2024-07-07T13:17:55.077+0000] {logging_mixin.py:188} WARNING - [*********************100%%**********************]  1 of 1 completed
[2024-07-07T13:17:56.747+0000] {logging_mixin.py:188} WARNING - [*********************100%%**********************]  1 of 1 completed
[2024-07-07T13:17:58.099+0000] {logging_mixin.py:188} WARNING - [*********************100%%**********************]  1 of 1 completed
[2024-07-07T13:17:59.715+0000] {logging_mixin.py:188} WARNING - [*********************100%%**********************]  1 of 1 completed
[2024-07-07T13:18:00.534+0000] {logging_mixin.py:188} WARNING - [*********************100%%**********************]  1 of 1 completed
[2024-07-07T13:18:00.779+0000] {logging_mixin.py:188} WARNING - [*********************100%%**********************]  1 of 1 completed
[2024-07-07T13:18:01.202+0000] {logging_mixin.py:188} WARNING - [*********************100%%**********************]  1 of 1 completed
[2024-07-07T13:18:01.596+0000] {logging_mixin.py:188} WARNING - [*********************100%%**********************]  1 of 1 completed
[2024-07-07T13:18:05.663+0000] {logging_mixin.py:188} WARNING - [*********************100%%**********************]  1 of 1 completed
[2024-07-07T13:18:05.668+0000] {multi.py:171} ERROR - 
1 Failed download:
[2024-07-07T13:18:05.672+0000] {multi.py:184} ERROR - ['BVH']: YFTzMissingError('$%ticker%: possibly delisted; No timezone found')
[2024-07-07T13:18:06.016+0000] {logging_mixin.py:188} WARNING - [*********************100%%**********************]  1 of 1 completed
[2024-07-07T13:18:06.092+0000] {logging_mixin.py:188} INFO - Successfully.
[2024-07-07T13:18:06.103+0000] {python.py:237} INFO - Done. Returned value was: True
[2024-07-07T13:18:06.107+0000] {taskinstance.py:441} INFO - ::group::Post task execution logs
[2024-07-07T13:18:06.257+0000] {taskinstance.py:1206} INFO - Marking task as SUCCESS. dag_id=Final, task_id=craw_data, run_id=manual__2024-07-07T13:17:32.158730+00:00, execution_date=20240707T131732, start_date=20240707T131745, end_date=20240707T131806
[2024-07-07T13:18:06.397+0000] {local_task_job_runner.py:240} INFO - Task exited with return code 0
[2024-07-07T13:18:06.476+0000] {taskinstance.py:3498} INFO - 1 downstream tasks scheduled from follow-on schedule check
[2024-07-07T13:18:06.519+0000] {local_task_job_runner.py:222} INFO - ::endgroup::
