[2024-07-07T11:38:33.005+0000] {local_task_job_runner.py:120} INFO - ::group::Pre task execution logs
[2024-07-07T11:38:33.045+0000] {taskinstance.py:2076} INFO - Dependencies all met for dep_context=non-requeueable deps ti=<TaskInstance: Final_exam.craw_data manual__2024-07-07T11:38:23.357633+00:00 [queued]>
[2024-07-07T11:38:33.059+0000] {taskinstance.py:2076} INFO - Dependencies all met for dep_context=requeueable deps ti=<TaskInstance: Final_exam.craw_data manual__2024-07-07T11:38:23.357633+00:00 [queued]>
[2024-07-07T11:38:33.060+0000] {taskinstance.py:2306} INFO - Starting attempt 1 of 2
[2024-07-07T11:38:33.087+0000] {taskinstance.py:2330} INFO - Executing <Task(PythonOperator): craw_data> on 2024-07-07 11:38:23.357633+00:00
[2024-07-07T11:38:33.095+0000] {warnings.py:110} WARNING - /home/***/.local/lib/python3.12/site-packages/***/task/task_runner/standard_task_runner.py:61: DeprecationWarning: This process (pid=69) is multi-threaded, use of fork() may lead to deadlocks in the child.
  pid = os.fork()

[2024-07-07T11:38:33.097+0000] {standard_task_runner.py:63} INFO - Started process 73 to run task
[2024-07-07T11:38:33.098+0000] {standard_task_runner.py:90} INFO - Running: ['***', 'tasks', 'run', 'Final_exam', 'craw_data', 'manual__2024-07-07T11:38:23.357633+00:00', '--job-id', '81', '--raw', '--subdir', 'DAGS_FOLDER/pipeline.py', '--cfg-path', '/tmp/tmpn1tljdh0']
[2024-07-07T11:38:33.100+0000] {standard_task_runner.py:91} INFO - Job 81: Subtask craw_data
[2024-07-07T11:38:33.175+0000] {task_command.py:426} INFO - Running <TaskInstance: Final_exam.craw_data manual__2024-07-07T11:38:23.357633+00:00 [running]> on host 33ecc1cdac44
[2024-07-07T11:38:33.304+0000] {taskinstance.py:2648} INFO - Exporting env vars: AIRFLOW_CTX_DAG_EMAIL='ha20040204@gmail.com' AIRFLOW_CTX_DAG_OWNER='HA' AIRFLOW_CTX_DAG_ID='Final_exam' AIRFLOW_CTX_TASK_ID='craw_data' AIRFLOW_CTX_EXECUTION_DATE='2024-07-07T11:38:23.357633+00:00' AIRFLOW_CTX_TRY_NUMBER='1' AIRFLOW_CTX_DAG_RUN_ID='manual__2024-07-07T11:38:23.357633+00:00'
[2024-07-07T11:38:33.306+0000] {taskinstance.py:430} INFO - ::endgroup::
[2024-07-07T11:38:35.565+0000] {logging_mixin.py:188} WARNING - [*********************100%%**********************]  1 of 1 completed
[2024-07-07T11:38:36.233+0000] {logging_mixin.py:188} WARNING - [*********************100%%**********************]  1 of 1 completed
[2024-07-07T11:38:36.823+0000] {logging_mixin.py:188} WARNING - [*********************100%%**********************]  1 of 1 completed
[2024-07-07T11:38:37.359+0000] {logging_mixin.py:188} WARNING - [*********************100%%**********************]  1 of 1 completed
[2024-07-07T11:38:37.870+0000] {logging_mixin.py:188} WARNING - [*********************100%%**********************]  1 of 1 completed
[2024-07-07T11:38:38.797+0000] {logging_mixin.py:188} WARNING - [*********************100%%**********************]  1 of 1 completed
[2024-07-07T11:38:39.536+0000] {logging_mixin.py:188} WARNING - [*********************100%%**********************]  1 of 1 completed
[2024-07-07T11:38:40.540+0000] {logging_mixin.py:188} WARNING - [*********************100%%**********************]  1 of 1 completed
[2024-07-07T11:38:41.553+0000] {logging_mixin.py:188} WARNING - [*********************100%%**********************]  1 of 1 completed
[2024-07-07T11:38:41.987+0000] {logging_mixin.py:188} WARNING - [*********************100%%**********************]  1 of 1 completed
[2024-07-07T11:38:42.267+0000] {logging_mixin.py:188} WARNING - [*********************100%%**********************]  1 of 1 completed
[2024-07-07T11:38:42.660+0000] {logging_mixin.py:188} WARNING - [*********************100%%**********************]  1 of 1 completed
[2024-07-07T11:38:43.036+0000] {logging_mixin.py:188} WARNING - [*********************100%%**********************]  1 of 1 completed
[2024-07-07T11:38:46.356+0000] {logging_mixin.py:188} WARNING - [*********************100%%**********************]  1 of 1 completed
[2024-07-07T11:38:46.358+0000] {multi.py:171} ERROR - 
1 Failed download:
[2024-07-07T11:38:46.359+0000] {multi.py:184} ERROR - ['BVH']: YFTzMissingError('$%ticker%: possibly delisted; No timezone found')
[2024-07-07T11:38:46.783+0000] {logging_mixin.py:188} WARNING - [*********************100%%**********************]  1 of 1 completed
[2024-07-07T11:38:46.798+0000] {logging_mixin.py:188} INFO - Successfully.
[2024-07-07T11:38:46.799+0000] {python.py:237} INFO - Done. Returned value was: True
[2024-07-07T11:38:46.800+0000] {taskinstance.py:441} INFO - ::group::Post task execution logs
[2024-07-07T11:38:46.828+0000] {taskinstance.py:1206} INFO - Marking task as SUCCESS. dag_id=Final_exam, task_id=craw_data, run_id=manual__2024-07-07T11:38:23.357633+00:00, execution_date=20240707T113823, start_date=20240707T113833, end_date=20240707T113846
[2024-07-07T11:38:46.855+0000] {local_task_job_runner.py:240} INFO - Task exited with return code 0
[2024-07-07T11:38:46.887+0000] {taskinstance.py:3498} INFO - 1 downstream tasks scheduled from follow-on schedule check
[2024-07-07T11:38:46.890+0000] {local_task_job_runner.py:222} INFO - ::endgroup::
