[2024-07-08T03:03:46.061+0000] {local_task_job_runner.py:120} INFO - ::group::Pre task execution logs
[2024-07-08T03:03:46.096+0000] {taskinstance.py:2076} INFO - Dependencies all met for dep_context=non-requeueable deps ti=<TaskInstance: Final.clean_data manual__2024-07-08T03:03:09.019934+00:00 [queued]>
[2024-07-08T03:03:46.107+0000] {taskinstance.py:2076} INFO - Dependencies all met for dep_context=requeueable deps ti=<TaskInstance: Final.clean_data manual__2024-07-08T03:03:09.019934+00:00 [queued]>
[2024-07-08T03:03:46.107+0000] {taskinstance.py:2306} INFO - Starting attempt 1 of 2
[2024-07-08T03:03:46.130+0000] {taskinstance.py:2330} INFO - Executing <Task(PythonOperator): clean_data> on 2024-07-08 03:03:09.019934+00:00
[2024-07-08T03:03:46.138+0000] {warnings.py:110} WARNING - /home/***/.local/lib/python3.12/site-packages/***/task/task_runner/standard_task_runner.py:61: DeprecationWarning: This process (pid=99) is multi-threaded, use of fork() may lead to deadlocks in the child.
  pid = os.fork()

[2024-07-08T03:03:46.140+0000] {standard_task_runner.py:63} INFO - Started process 101 to run task
[2024-07-08T03:03:46.141+0000] {standard_task_runner.py:90} INFO - Running: ['***', 'tasks', 'run', 'Final', 'clean_data', 'manual__2024-07-08T03:03:09.019934+00:00', '--job-id', '32', '--raw', '--subdir', 'DAGS_FOLDER/dag_test.py', '--cfg-path', '/tmp/tmprc3pm_vq']
[2024-07-08T03:03:46.143+0000] {standard_task_runner.py:91} INFO - Job 32: Subtask clean_data
[2024-07-08T03:03:46.241+0000] {task_command.py:426} INFO - Running <TaskInstance: Final.clean_data manual__2024-07-08T03:03:09.019934+00:00 [running]> on host 3b89c1ba7f0f
[2024-07-08T03:03:46.386+0000] {taskinstance.py:2648} INFO - Exporting env vars: AIRFLOW_CTX_DAG_EMAIL='ha20040204@gmail.com' AIRFLOW_CTX_DAG_OWNER='HA' AIRFLOW_CTX_DAG_ID='Final' AIRFLOW_CTX_TASK_ID='clean_data' AIRFLOW_CTX_EXECUTION_DATE='2024-07-08T03:03:09.019934+00:00' AIRFLOW_CTX_TRY_NUMBER='1' AIRFLOW_CTX_DAG_RUN_ID='manual__2024-07-08T03:03:09.019934+00:00'
[2024-07-08T03:03:46.388+0000] {taskinstance.py:430} INFO - ::endgroup::
[2024-07-08T03:03:46.429+0000] {warnings.py:110} WARNING - /opt/***/dags/dag_test.py:39: FutureWarning: Series.__getitem__ treating keys as positions is deprecated. In a future version, integer keys will always be treated as labels (consistent with DataFrame behavior). To access a value by position, use `ser.iloc[pos]`
  ls.append(round(data.iloc[i][4] - data.iloc[i + 1][4], 2))

[2024-07-08T03:03:46.430+0000] {warnings.py:110} WARNING - /opt/***/dags/dag_test.py:40: FutureWarning: Series.__getitem__ treating keys as positions is deprecated. In a future version, integer keys will always be treated as labels (consistent with DataFrame behavior). To access a value by position, use `ser.iloc[pos]`
  ls_rate.append(str(round(ls[i] / data.iloc[i + 1][4] * 100, 2)) + '%')

[2024-07-08T03:03:54.418+0000] {warnings.py:110} WARNING - /opt/***/dags/dag_test.py:39: FutureWarning: Series.__getitem__ treating keys as positions is deprecated. In a future version, integer keys will always be treated as labels (consistent with DataFrame behavior). To access a value by position, use `ser.iloc[pos]`
  ls.append(round(data.iloc[i][4] - data.iloc[i + 1][4], 2))

[2024-07-08T03:03:54.420+0000] {warnings.py:110} WARNING - /opt/***/dags/dag_test.py:40: FutureWarning: Series.__getitem__ treating keys as positions is deprecated. In a future version, integer keys will always be treated as labels (consistent with DataFrame behavior). To access a value by position, use `ser.iloc[pos]`
  ls_rate.append(str(round(ls[i] / data.iloc[i + 1][4] * 100, 2)) + '%')

[2024-07-08T03:04:02.317+0000] {warnings.py:110} WARNING - /opt/***/dags/dag_test.py:39: FutureWarning: Series.__getitem__ treating keys as positions is deprecated. In a future version, integer keys will always be treated as labels (consistent with DataFrame behavior). To access a value by position, use `ser.iloc[pos]`
  ls.append(round(data.iloc[i][4] - data.iloc[i + 1][4], 2))

[2024-07-08T03:04:02.318+0000] {warnings.py:110} WARNING - /opt/***/dags/dag_test.py:40: FutureWarning: Series.__getitem__ treating keys as positions is deprecated. In a future version, integer keys will always be treated as labels (consistent with DataFrame behavior). To access a value by position, use `ser.iloc[pos]`
  ls_rate.append(str(round(ls[i] / data.iloc[i + 1][4] * 100, 2)) + '%')

[2024-07-08T03:04:06.635+0000] {warnings.py:110} WARNING - /opt/***/dags/dag_test.py:39: FutureWarning: Series.__getitem__ treating keys as positions is deprecated. In a future version, integer keys will always be treated as labels (consistent with DataFrame behavior). To access a value by position, use `ser.iloc[pos]`
  ls.append(round(data.iloc[i][4] - data.iloc[i + 1][4], 2))

[2024-07-08T03:04:06.637+0000] {warnings.py:110} WARNING - /opt/***/dags/dag_test.py:40: FutureWarning: Series.__getitem__ treating keys as positions is deprecated. In a future version, integer keys will always be treated as labels (consistent with DataFrame behavior). To access a value by position, use `ser.iloc[pos]`
  ls_rate.append(str(round(ls[i] / data.iloc[i + 1][4] * 100, 2)) + '%')

[2024-07-08T03:04:12.639+0000] {warnings.py:110} WARNING - /opt/***/dags/dag_test.py:39: FutureWarning: Series.__getitem__ treating keys as positions is deprecated. In a future version, integer keys will always be treated as labels (consistent with DataFrame behavior). To access a value by position, use `ser.iloc[pos]`
  ls.append(round(data.iloc[i][4] - data.iloc[i + 1][4], 2))

[2024-07-08T03:04:12.641+0000] {warnings.py:110} WARNING - /opt/***/dags/dag_test.py:40: FutureWarning: Series.__getitem__ treating keys as positions is deprecated. In a future version, integer keys will always be treated as labels (consistent with DataFrame behavior). To access a value by position, use `ser.iloc[pos]`
  ls_rate.append(str(round(ls[i] / data.iloc[i + 1][4] * 100, 2)) + '%')

[2024-07-08T03:04:16.670+0000] {warnings.py:110} WARNING - /opt/***/dags/dag_test.py:39: FutureWarning: Series.__getitem__ treating keys as positions is deprecated. In a future version, integer keys will always be treated as labels (consistent with DataFrame behavior). To access a value by position, use `ser.iloc[pos]`
  ls.append(round(data.iloc[i][4] - data.iloc[i + 1][4], 2))

[2024-07-08T03:04:16.672+0000] {warnings.py:110} WARNING - /opt/***/dags/dag_test.py:40: FutureWarning: Series.__getitem__ treating keys as positions is deprecated. In a future version, integer keys will always be treated as labels (consistent with DataFrame behavior). To access a value by position, use `ser.iloc[pos]`
  ls_rate.append(str(round(ls[i] / data.iloc[i + 1][4] * 100, 2)) + '%')

[2024-07-08T03:04:30.749+0000] {warnings.py:110} WARNING - /opt/***/dags/dag_test.py:39: FutureWarning: Series.__getitem__ treating keys as positions is deprecated. In a future version, integer keys will always be treated as labels (consistent with DataFrame behavior). To access a value by position, use `ser.iloc[pos]`
  ls.append(round(data.iloc[i][4] - data.iloc[i + 1][4], 2))

[2024-07-08T03:04:30.751+0000] {warnings.py:110} WARNING - /opt/***/dags/dag_test.py:40: FutureWarning: Series.__getitem__ treating keys as positions is deprecated. In a future version, integer keys will always be treated as labels (consistent with DataFrame behavior). To access a value by position, use `ser.iloc[pos]`
  ls_rate.append(str(round(ls[i] / data.iloc[i + 1][4] * 100, 2)) + '%')

[2024-07-08T03:04:38.835+0000] {warnings.py:110} WARNING - /opt/***/dags/dag_test.py:39: FutureWarning: Series.__getitem__ treating keys as positions is deprecated. In a future version, integer keys will always be treated as labels (consistent with DataFrame behavior). To access a value by position, use `ser.iloc[pos]`
  ls.append(round(data.iloc[i][4] - data.iloc[i + 1][4], 2))

[2024-07-08T03:04:38.836+0000] {warnings.py:110} WARNING - /opt/***/dags/dag_test.py:40: FutureWarning: Series.__getitem__ treating keys as positions is deprecated. In a future version, integer keys will always be treated as labels (consistent with DataFrame behavior). To access a value by position, use `ser.iloc[pos]`
  ls_rate.append(str(round(ls[i] / data.iloc[i + 1][4] * 100, 2)) + '%')

[2024-07-08T03:04:47.674+0000] {warnings.py:110} WARNING - /opt/***/dags/dag_test.py:39: FutureWarning: Series.__getitem__ treating keys as positions is deprecated. In a future version, integer keys will always be treated as labels (consistent with DataFrame behavior). To access a value by position, use `ser.iloc[pos]`
  ls.append(round(data.iloc[i][4] - data.iloc[i + 1][4], 2))

[2024-07-08T03:04:47.676+0000] {warnings.py:110} WARNING - /opt/***/dags/dag_test.py:40: FutureWarning: Series.__getitem__ treating keys as positions is deprecated. In a future version, integer keys will always be treated as labels (consistent with DataFrame behavior). To access a value by position, use `ser.iloc[pos]`
  ls_rate.append(str(round(ls[i] / data.iloc[i + 1][4] * 100, 2)) + '%')

[2024-07-08T03:04:57.073+0000] {warnings.py:110} WARNING - /opt/***/dags/dag_test.py:39: FutureWarning: Series.__getitem__ treating keys as positions is deprecated. In a future version, integer keys will always be treated as labels (consistent with DataFrame behavior). To access a value by position, use `ser.iloc[pos]`
  ls.append(round(data.iloc[i][4] - data.iloc[i + 1][4], 2))

[2024-07-08T03:04:57.075+0000] {warnings.py:110} WARNING - /opt/***/dags/dag_test.py:40: FutureWarning: Series.__getitem__ treating keys as positions is deprecated. In a future version, integer keys will always be treated as labels (consistent with DataFrame behavior). To access a value by position, use `ser.iloc[pos]`
  ls_rate.append(str(round(ls[i] / data.iloc[i + 1][4] * 100, 2)) + '%')

[2024-07-08T03:04:59.094+0000] {warnings.py:110} WARNING - /opt/***/dags/dag_test.py:39: FutureWarning: Series.__getitem__ treating keys as positions is deprecated. In a future version, integer keys will always be treated as labels (consistent with DataFrame behavior). To access a value by position, use `ser.iloc[pos]`
  ls.append(round(data.iloc[i][4] - data.iloc[i + 1][4], 2))

[2024-07-08T03:04:59.096+0000] {warnings.py:110} WARNING - /opt/***/dags/dag_test.py:40: FutureWarning: Series.__getitem__ treating keys as positions is deprecated. In a future version, integer keys will always be treated as labels (consistent with DataFrame behavior). To access a value by position, use `ser.iloc[pos]`
  ls_rate.append(str(round(ls[i] / data.iloc[i + 1][4] * 100, 2)) + '%')

[2024-07-08T03:05:00.428+0000] {warnings.py:110} WARNING - /opt/***/dags/dag_test.py:39: FutureWarning: Series.__getitem__ treating keys as positions is deprecated. In a future version, integer keys will always be treated as labels (consistent with DataFrame behavior). To access a value by position, use `ser.iloc[pos]`
  ls.append(round(data.iloc[i][4] - data.iloc[i + 1][4], 2))

[2024-07-08T03:05:00.431+0000] {warnings.py:110} WARNING - /opt/***/dags/dag_test.py:40: FutureWarning: Series.__getitem__ treating keys as positions is deprecated. In a future version, integer keys will always be treated as labels (consistent with DataFrame behavior). To access a value by position, use `ser.iloc[pos]`
  ls_rate.append(str(round(ls[i] / data.iloc[i + 1][4] * 100, 2)) + '%')

[2024-07-08T03:05:03.755+0000] {warnings.py:110} WARNING - /opt/***/dags/dag_test.py:39: FutureWarning: Series.__getitem__ treating keys as positions is deprecated. In a future version, integer keys will always be treated as labels (consistent with DataFrame behavior). To access a value by position, use `ser.iloc[pos]`
  ls.append(round(data.iloc[i][4] - data.iloc[i + 1][4], 2))

[2024-07-08T03:05:03.758+0000] {warnings.py:110} WARNING - /opt/***/dags/dag_test.py:40: FutureWarning: Series.__getitem__ treating keys as positions is deprecated. In a future version, integer keys will always be treated as labels (consistent with DataFrame behavior). To access a value by position, use `ser.iloc[pos]`
  ls_rate.append(str(round(ls[i] / data.iloc[i + 1][4] * 100, 2)) + '%')

[2024-07-08T03:05:05.818+0000] {warnings.py:110} WARNING - /opt/***/dags/dag_test.py:39: FutureWarning: Series.__getitem__ treating keys as positions is deprecated. In a future version, integer keys will always be treated as labels (consistent with DataFrame behavior). To access a value by position, use `ser.iloc[pos]`
  ls.append(round(data.iloc[i][4] - data.iloc[i + 1][4], 2))

[2024-07-08T03:05:05.820+0000] {warnings.py:110} WARNING - /opt/***/dags/dag_test.py:40: FutureWarning: Series.__getitem__ treating keys as positions is deprecated. In a future version, integer keys will always be treated as labels (consistent with DataFrame behavior). To access a value by position, use `ser.iloc[pos]`
  ls_rate.append(str(round(ls[i] / data.iloc[i + 1][4] * 100, 2)) + '%')

[2024-07-08T03:05:07.192+0000] {logging_mixin.py:188} INFO - Successfully.
[2024-07-08T03:05:07.193+0000] {python.py:237} INFO - Done. Returned value was: True
[2024-07-08T03:05:07.198+0000] {taskinstance.py:441} INFO - ::group::Post task execution logs
[2024-07-08T03:05:07.248+0000] {taskinstance.py:1206} INFO - Marking task as SUCCESS. dag_id=Final, task_id=clean_data, run_id=manual__2024-07-08T03:03:09.019934+00:00, execution_date=20240708T030309, start_date=20240708T030346, end_date=20240708T030507
[2024-07-08T03:05:07.335+0000] {local_task_job_runner.py:240} INFO - Task exited with return code 0
[2024-07-08T03:05:07.408+0000] {taskinstance.py:3498} INFO - 1 downstream tasks scheduled from follow-on schedule check
[2024-07-08T03:05:07.415+0000] {local_task_job_runner.py:222} INFO - ::endgroup::
