[2024-07-07T13:01:16.786+0000] {local_task_job_runner.py:120} INFO - ::group::Pre task execution logs
[2024-07-07T13:01:16.874+0000] {taskinstance.py:2076} INFO - Dependencies all met for dep_context=non-requeueable deps ti=<TaskInstance: Final.craw_data manual__2024-07-07T12:58:58.220206+00:00 [queued]>
[2024-07-07T13:01:16.900+0000] {taskinstance.py:2076} INFO - Dependencies all met for dep_context=requeueable deps ti=<TaskInstance: Final.craw_data manual__2024-07-07T12:58:58.220206+00:00 [queued]>
[2024-07-07T13:01:16.903+0000] {taskinstance.py:2306} INFO - Starting attempt 2 of 3
[2024-07-07T13:01:16.935+0000] {taskinstance.py:2330} INFO - Executing <Task(PythonOperator): craw_data> on 2024-07-07 12:58:58.220206+00:00
[2024-07-07T13:01:16.948+0000] {warnings.py:110} WARNING - /home/***/.local/lib/python3.12/site-packages/***/task/task_runner/standard_task_runner.py:61: DeprecationWarning: This process (pid=162) is multi-threaded, use of fork() may lead to deadlocks in the child.
  pid = os.fork()

[2024-07-07T13:01:16.950+0000] {standard_task_runner.py:63} INFO - Started process 166 to run task
[2024-07-07T13:01:16.951+0000] {standard_task_runner.py:90} INFO - Running: ['***', 'tasks', 'run', 'Final', 'craw_data', 'manual__2024-07-07T12:58:58.220206+00:00', '--job-id', '140', '--raw', '--subdir', 'DAGS_FOLDER/dag_test.py', '--cfg-path', '/tmp/tmpgkdxpkmq']
[2024-07-07T13:01:16.954+0000] {standard_task_runner.py:91} INFO - Job 140: Subtask craw_data
[2024-07-07T13:01:17.099+0000] {task_command.py:426} INFO - Running <TaskInstance: Final.craw_data manual__2024-07-07T12:58:58.220206+00:00 [running]> on host 98a488506102
[2024-07-07T13:01:17.353+0000] {taskinstance.py:2648} INFO - Exporting env vars: AIRFLOW_CTX_DAG_EMAIL='ha20040204@gmail.com' AIRFLOW_CTX_DAG_OWNER='HA' AIRFLOW_CTX_DAG_ID='Final' AIRFLOW_CTX_TASK_ID='craw_data' AIRFLOW_CTX_EXECUTION_DATE='2024-07-07T12:58:58.220206+00:00' AIRFLOW_CTX_TRY_NUMBER='2' AIRFLOW_CTX_DAG_RUN_ID='manual__2024-07-07T12:58:58.220206+00:00'
[2024-07-07T13:01:17.355+0000] {taskinstance.py:430} INFO - ::endgroup::
[2024-07-07T13:01:19.653+0000] {logging_mixin.py:188} WARNING - [*********************100%%**********************]  1 of 1 completed
[2024-07-07T13:01:20.614+0000] {logging_mixin.py:188} WARNING - [*********************100%%**********************]  1 of 1 completed
[2024-07-07T13:01:21.306+0000] {logging_mixin.py:188} WARNING - [*********************100%%**********************]  1 of 1 completed
[2024-07-07T13:01:21.854+0000] {logging_mixin.py:188} WARNING - [*********************100%%**********************]  1 of 1 completed
[2024-07-07T13:01:22.293+0000] {logging_mixin.py:188} WARNING - [*********************100%%**********************]  1 of 1 completed
[2024-07-07T13:01:23.291+0000] {logging_mixin.py:188} WARNING - [*********************100%%**********************]  1 of 1 completed
[2024-07-07T13:01:24.412+0000] {logging_mixin.py:188} WARNING - [*********************100%%**********************]  1 of 1 completed
[2024-07-07T13:01:25.558+0000] {logging_mixin.py:188} WARNING - [*********************100%%**********************]  1 of 1 completed
[2024-07-07T13:01:26.837+0000] {logging_mixin.py:188} WARNING - [*********************100%%**********************]  1 of 1 completed
[2024-07-07T13:01:27.292+0000] {logging_mixin.py:188} WARNING - [*********************100%%**********************]  1 of 1 completed
[2024-07-07T13:01:27.606+0000] {logging_mixin.py:188} WARNING - [*********************100%%**********************]  1 of 1 completed
[2024-07-07T13:01:28.048+0000] {logging_mixin.py:188} WARNING - [*********************100%%**********************]  1 of 1 completed
[2024-07-07T13:01:28.364+0000] {logging_mixin.py:188} WARNING - [*********************100%%**********************]  1 of 1 completed
[2024-07-07T13:01:31.913+0000] {logging_mixin.py:188} WARNING - [*********************100%%**********************]  1 of 1 completed
[2024-07-07T13:01:31.914+0000] {multi.py:171} ERROR - 
1 Failed download:
[2024-07-07T13:01:31.915+0000] {multi.py:184} ERROR - ['BVH']: YFTzMissingError('$%ticker%: possibly delisted; No timezone found')
[2024-07-07T13:01:32.282+0000] {logging_mixin.py:188} WARNING - [*********************100%%**********************]  1 of 1 completed
[2024-07-07T13:01:32.306+0000] {logging_mixin.py:188} INFO - Successfully.
[2024-07-07T13:01:32.307+0000] {python.py:237} INFO - Done. Returned value was: True
[2024-07-07T13:01:32.308+0000] {taskinstance.py:441} INFO - ::group::Post task execution logs
[2024-07-07T13:01:32.346+0000] {taskinstance.py:1206} INFO - Marking task as SUCCESS. dag_id=Final, task_id=craw_data, run_id=manual__2024-07-07T12:58:58.220206+00:00, execution_date=20240707T125858, start_date=20240707T130116, end_date=20240707T130132
[2024-07-07T13:01:32.413+0000] {local_task_job_runner.py:240} INFO - Task exited with return code 0
[2024-07-07T13:01:32.447+0000] {taskinstance.py:3498} INFO - 0 downstream tasks scheduled from follow-on schedule check
[2024-07-07T13:01:32.450+0000] {local_task_job_runner.py:222} INFO - ::endgroup::
