[2024-07-10T04:29:31.598+0000] {local_task_job_runner.py:120} INFO - ::group::Pre task execution logs
[2024-07-10T04:29:31.628+0000] {taskinstance.py:2076} INFO - Dependencies all met for dep_context=non-requeueable deps ti=<TaskInstance: Final.clean_data scheduled__2024-07-10T04:28:00+00:00 [queued]>
[2024-07-10T04:29:31.640+0000] {taskinstance.py:2076} INFO - Dependencies all met for dep_context=requeueable deps ti=<TaskInstance: Final.clean_data scheduled__2024-07-10T04:28:00+00:00 [queued]>
[2024-07-10T04:29:31.660+0000] {taskinstance.py:2306} INFO - Starting attempt 1 of 2
[2024-07-10T04:29:31.746+0000] {taskinstance.py:2330} INFO - Executing <Task(PythonOperator): clean_data> on 2024-07-10 04:28:00+00:00
[2024-07-10T04:29:31.753+0000] {warnings.py:110} WARNING - /home/***/.local/lib/python3.12/site-packages/***/task/task_runner/standard_task_runner.py:61: DeprecationWarning: This process (pid=110) is multi-threaded, use of fork() may lead to deadlocks in the child.
  pid = os.fork()

[2024-07-10T04:29:31.755+0000] {standard_task_runner.py:63} INFO - Started process 112 to run task
[2024-07-10T04:29:31.755+0000] {standard_task_runner.py:90} INFO - Running: ['***', 'tasks', 'run', 'Final', 'clean_data', 'scheduled__2024-07-10T04:28:00+00:00', '--job-id', '35', '--raw', '--subdir', 'DAGS_FOLDER/dag_test.py', '--cfg-path', '/tmp/tmpyrxls8sn']
[2024-07-10T04:29:31.757+0000] {standard_task_runner.py:91} INFO - Job 35: Subtask clean_data
[2024-07-10T04:29:31.888+0000] {task_command.py:426} INFO - Running <TaskInstance: Final.clean_data scheduled__2024-07-10T04:28:00+00:00 [running]> on host dd74537ce0b1
[2024-07-10T04:29:32.176+0000] {taskinstance.py:2648} INFO - Exporting env vars: AIRFLOW_CTX_DAG_EMAIL='ha20040204@gmail.com' AIRFLOW_CTX_DAG_OWNER='HA' AIRFLOW_CTX_DAG_ID='Final' AIRFLOW_CTX_TASK_ID='clean_data' AIRFLOW_CTX_EXECUTION_DATE='2024-07-10T04:28:00+00:00' AIRFLOW_CTX_TRY_NUMBER='1' AIRFLOW_CTX_DAG_RUN_ID='scheduled__2024-07-10T04:28:00+00:00'
[2024-07-10T04:29:32.178+0000] {taskinstance.py:430} INFO - ::endgroup::
[2024-07-10T04:29:32.220+0000] {warnings.py:110} WARNING - /opt/***/dags/dag_test.py:39: FutureWarning: Series.__getitem__ treating keys as positions is deprecated. In a future version, integer keys will always be treated as labels (consistent with DataFrame behavior). To access a value by position, use `ser.iloc[pos]`
  ls.append(round(data.iloc[i][4] - data.iloc[i + 1][4], 2))

[2024-07-10T04:29:32.222+0000] {warnings.py:110} WARNING - /opt/***/dags/dag_test.py:40: FutureWarning: Series.__getitem__ treating keys as positions is deprecated. In a future version, integer keys will always be treated as labels (consistent with DataFrame behavior). To access a value by position, use `ser.iloc[pos]`
  ls_rate.append(str(round(ls[i] / data.iloc[i + 1][4] * 100, 2)) + '%')

[2024-07-10T04:29:39.999+0000] {warnings.py:110} WARNING - /opt/***/dags/dag_test.py:39: FutureWarning: Series.__getitem__ treating keys as positions is deprecated. In a future version, integer keys will always be treated as labels (consistent with DataFrame behavior). To access a value by position, use `ser.iloc[pos]`
  ls.append(round(data.iloc[i][4] - data.iloc[i + 1][4], 2))

[2024-07-10T04:29:40.004+0000] {warnings.py:110} WARNING - /opt/***/dags/dag_test.py:40: FutureWarning: Series.__getitem__ treating keys as positions is deprecated. In a future version, integer keys will always be treated as labels (consistent with DataFrame behavior). To access a value by position, use `ser.iloc[pos]`
  ls_rate.append(str(round(ls[i] / data.iloc[i + 1][4] * 100, 2)) + '%')

[2024-07-10T04:29:45.124+0000] {warnings.py:110} WARNING - /opt/***/dags/dag_test.py:39: FutureWarning: Series.__getitem__ treating keys as positions is deprecated. In a future version, integer keys will always be treated as labels (consistent with DataFrame behavior). To access a value by position, use `ser.iloc[pos]`
  ls.append(round(data.iloc[i][4] - data.iloc[i + 1][4], 2))

[2024-07-10T04:29:45.125+0000] {warnings.py:110} WARNING - /opt/***/dags/dag_test.py:40: FutureWarning: Series.__getitem__ treating keys as positions is deprecated. In a future version, integer keys will always be treated as labels (consistent with DataFrame behavior). To access a value by position, use `ser.iloc[pos]`
  ls_rate.append(str(round(ls[i] / data.iloc[i + 1][4] * 100, 2)) + '%')

[2024-07-10T04:29:48.197+0000] {warnings.py:110} WARNING - /opt/***/dags/dag_test.py:39: FutureWarning: Series.__getitem__ treating keys as positions is deprecated. In a future version, integer keys will always be treated as labels (consistent with DataFrame behavior). To access a value by position, use `ser.iloc[pos]`
  ls.append(round(data.iloc[i][4] - data.iloc[i + 1][4], 2))

[2024-07-10T04:29:48.199+0000] {warnings.py:110} WARNING - /opt/***/dags/dag_test.py:40: FutureWarning: Series.__getitem__ treating keys as positions is deprecated. In a future version, integer keys will always be treated as labels (consistent with DataFrame behavior). To access a value by position, use `ser.iloc[pos]`
  ls_rate.append(str(round(ls[i] / data.iloc[i + 1][4] * 100, 2)) + '%')

[2024-07-10T04:29:52.739+0000] {warnings.py:110} WARNING - /opt/***/dags/dag_test.py:39: FutureWarning: Series.__getitem__ treating keys as positions is deprecated. In a future version, integer keys will always be treated as labels (consistent with DataFrame behavior). To access a value by position, use `ser.iloc[pos]`
  ls.append(round(data.iloc[i][4] - data.iloc[i + 1][4], 2))

[2024-07-10T04:29:52.741+0000] {warnings.py:110} WARNING - /opt/***/dags/dag_test.py:40: FutureWarning: Series.__getitem__ treating keys as positions is deprecated. In a future version, integer keys will always be treated as labels (consistent with DataFrame behavior). To access a value by position, use `ser.iloc[pos]`
  ls_rate.append(str(round(ls[i] / data.iloc[i + 1][4] * 100, 2)) + '%')

[2024-07-10T04:29:55.930+0000] {warnings.py:110} WARNING - /opt/***/dags/dag_test.py:39: FutureWarning: Series.__getitem__ treating keys as positions is deprecated. In a future version, integer keys will always be treated as labels (consistent with DataFrame behavior). To access a value by position, use `ser.iloc[pos]`
  ls.append(round(data.iloc[i][4] - data.iloc[i + 1][4], 2))

[2024-07-10T04:29:55.932+0000] {warnings.py:110} WARNING - /opt/***/dags/dag_test.py:40: FutureWarning: Series.__getitem__ treating keys as positions is deprecated. In a future version, integer keys will always be treated as labels (consistent with DataFrame behavior). To access a value by position, use `ser.iloc[pos]`
  ls_rate.append(str(round(ls[i] / data.iloc[i + 1][4] * 100, 2)) + '%')

[2024-07-10T04:30:14.850+0000] {warnings.py:110} WARNING - /opt/***/dags/dag_test.py:39: FutureWarning: Series.__getitem__ treating keys as positions is deprecated. In a future version, integer keys will always be treated as labels (consistent with DataFrame behavior). To access a value by position, use `ser.iloc[pos]`
  ls.append(round(data.iloc[i][4] - data.iloc[i + 1][4], 2))

[2024-07-10T04:30:14.853+0000] {warnings.py:110} WARNING - /opt/***/dags/dag_test.py:40: FutureWarning: Series.__getitem__ treating keys as positions is deprecated. In a future version, integer keys will always be treated as labels (consistent with DataFrame behavior). To access a value by position, use `ser.iloc[pos]`
  ls_rate.append(str(round(ls[i] / data.iloc[i + 1][4] * 100, 2)) + '%')

[2024-07-10T04:30:27.511+0000] {warnings.py:110} WARNING - /opt/***/dags/dag_test.py:39: FutureWarning: Series.__getitem__ treating keys as positions is deprecated. In a future version, integer keys will always be treated as labels (consistent with DataFrame behavior). To access a value by position, use `ser.iloc[pos]`
  ls.append(round(data.iloc[i][4] - data.iloc[i + 1][4], 2))

[2024-07-10T04:30:27.514+0000] {warnings.py:110} WARNING - /opt/***/dags/dag_test.py:40: FutureWarning: Series.__getitem__ treating keys as positions is deprecated. In a future version, integer keys will always be treated as labels (consistent with DataFrame behavior). To access a value by position, use `ser.iloc[pos]`
  ls_rate.append(str(round(ls[i] / data.iloc[i + 1][4] * 100, 2)) + '%')

[2024-07-10T04:30:37.713+0000] {warnings.py:110} WARNING - /opt/***/dags/dag_test.py:39: FutureWarning: Series.__getitem__ treating keys as positions is deprecated. In a future version, integer keys will always be treated as labels (consistent with DataFrame behavior). To access a value by position, use `ser.iloc[pos]`
  ls.append(round(data.iloc[i][4] - data.iloc[i + 1][4], 2))

[2024-07-10T04:30:37.718+0000] {warnings.py:110} WARNING - /opt/***/dags/dag_test.py:40: FutureWarning: Series.__getitem__ treating keys as positions is deprecated. In a future version, integer keys will always be treated as labels (consistent with DataFrame behavior). To access a value by position, use `ser.iloc[pos]`
  ls_rate.append(str(round(ls[i] / data.iloc[i + 1][4] * 100, 2)) + '%')

[2024-07-10T04:30:50.271+0000] {warnings.py:110} WARNING - /opt/***/dags/dag_test.py:39: FutureWarning: Series.__getitem__ treating keys as positions is deprecated. In a future version, integer keys will always be treated as labels (consistent with DataFrame behavior). To access a value by position, use `ser.iloc[pos]`
  ls.append(round(data.iloc[i][4] - data.iloc[i + 1][4], 2))

[2024-07-10T04:30:50.272+0000] {warnings.py:110} WARNING - /opt/***/dags/dag_test.py:40: FutureWarning: Series.__getitem__ treating keys as positions is deprecated. In a future version, integer keys will always be treated as labels (consistent with DataFrame behavior). To access a value by position, use `ser.iloc[pos]`
  ls_rate.append(str(round(ls[i] / data.iloc[i + 1][4] * 100, 2)) + '%')

[2024-07-10T04:30:52.378+0000] {warnings.py:110} WARNING - /opt/***/dags/dag_test.py:39: FutureWarning: Series.__getitem__ treating keys as positions is deprecated. In a future version, integer keys will always be treated as labels (consistent with DataFrame behavior). To access a value by position, use `ser.iloc[pos]`
  ls.append(round(data.iloc[i][4] - data.iloc[i + 1][4], 2))

[2024-07-10T04:30:52.381+0000] {warnings.py:110} WARNING - /opt/***/dags/dag_test.py:40: FutureWarning: Series.__getitem__ treating keys as positions is deprecated. In a future version, integer keys will always be treated as labels (consistent with DataFrame behavior). To access a value by position, use `ser.iloc[pos]`
  ls_rate.append(str(round(ls[i] / data.iloc[i + 1][4] * 100, 2)) + '%')

[2024-07-10T04:30:53.327+0000] {warnings.py:110} WARNING - /opt/***/dags/dag_test.py:39: FutureWarning: Series.__getitem__ treating keys as positions is deprecated. In a future version, integer keys will always be treated as labels (consistent with DataFrame behavior). To access a value by position, use `ser.iloc[pos]`
  ls.append(round(data.iloc[i][4] - data.iloc[i + 1][4], 2))

[2024-07-10T04:30:53.331+0000] {warnings.py:110} WARNING - /opt/***/dags/dag_test.py:40: FutureWarning: Series.__getitem__ treating keys as positions is deprecated. In a future version, integer keys will always be treated as labels (consistent with DataFrame behavior). To access a value by position, use `ser.iloc[pos]`
  ls_rate.append(str(round(ls[i] / data.iloc[i + 1][4] * 100, 2)) + '%')

[2024-07-10T04:30:57.580+0000] {warnings.py:110} WARNING - /opt/***/dags/dag_test.py:39: FutureWarning: Series.__getitem__ treating keys as positions is deprecated. In a future version, integer keys will always be treated as labels (consistent with DataFrame behavior). To access a value by position, use `ser.iloc[pos]`
  ls.append(round(data.iloc[i][4] - data.iloc[i + 1][4], 2))

[2024-07-10T04:30:57.586+0000] {warnings.py:110} WARNING - /opt/***/dags/dag_test.py:40: FutureWarning: Series.__getitem__ treating keys as positions is deprecated. In a future version, integer keys will always be treated as labels (consistent with DataFrame behavior). To access a value by position, use `ser.iloc[pos]`
  ls_rate.append(str(round(ls[i] / data.iloc[i + 1][4] * 100, 2)) + '%')

[2024-07-10T04:31:00.461+0000] {warnings.py:110} WARNING - /opt/***/dags/dag_test.py:39: FutureWarning: Series.__getitem__ treating keys as positions is deprecated. In a future version, integer keys will always be treated as labels (consistent with DataFrame behavior). To access a value by position, use `ser.iloc[pos]`
  ls.append(round(data.iloc[i][4] - data.iloc[i + 1][4], 2))

[2024-07-10T04:31:00.463+0000] {warnings.py:110} WARNING - /opt/***/dags/dag_test.py:40: FutureWarning: Series.__getitem__ treating keys as positions is deprecated. In a future version, integer keys will always be treated as labels (consistent with DataFrame behavior). To access a value by position, use `ser.iloc[pos]`
  ls_rate.append(str(round(ls[i] / data.iloc[i + 1][4] * 100, 2)) + '%')

[2024-07-10T04:31:02.493+0000] {logging_mixin.py:188} INFO - Successfully.
[2024-07-10T04:31:02.497+0000] {python.py:237} INFO - Done. Returned value was: True
[2024-07-10T04:31:02.504+0000] {taskinstance.py:441} INFO - ::group::Post task execution logs
[2024-07-10T04:31:02.651+0000] {taskinstance.py:1206} INFO - Marking task as SUCCESS. dag_id=Final, task_id=clean_data, run_id=scheduled__2024-07-10T04:28:00+00:00, execution_date=20240710T042800, start_date=20240710T042931, end_date=20240710T043102
[2024-07-10T04:31:02.892+0000] {local_task_job_runner.py:240} INFO - Task exited with return code 0
[2024-07-10T04:31:02.986+0000] {taskinstance.py:3498} INFO - 1 downstream tasks scheduled from follow-on schedule check
[2024-07-10T04:31:03.001+0000] {local_task_job_runner.py:222} INFO - ::endgroup::
