[2024-07-09T02:27:06.730+0000] {local_task_job_runner.py:120} INFO - ::group::Pre task execution logs
[2024-07-09T02:27:06.796+0000] {taskinstance.py:2076} INFO - Dependencies all met for dep_context=non-requeueable deps ti=<TaskInstance: Final.insert_db scheduled__2024-07-09T02:23:01.186782+00:00 [queued]>
[2024-07-09T02:27:06.823+0000] {taskinstance.py:2076} INFO - Dependencies all met for dep_context=requeueable deps ti=<TaskInstance: Final.insert_db scheduled__2024-07-09T02:23:01.186782+00:00 [queued]>
[2024-07-09T02:27:06.824+0000] {taskinstance.py:2306} INFO - Starting attempt 1 of 2
[2024-07-09T02:27:06.861+0000] {taskinstance.py:2330} INFO - Executing <Task(PythonOperator): insert_db> on 2024-07-09 02:23:01.186782+00:00
[2024-07-09T02:27:06.872+0000] {warnings.py:110} WARNING - /home/***/.local/lib/python3.12/site-packages/***/task/task_runner/standard_task_runner.py:61: DeprecationWarning: This process (pid=240) is multi-threaded, use of fork() may lead to deadlocks in the child.
  pid = os.fork()

[2024-07-09T02:27:06.879+0000] {standard_task_runner.py:63} INFO - Started process 243 to run task
[2024-07-09T02:27:06.878+0000] {standard_task_runner.py:90} INFO - Running: ['***', 'tasks', 'run', 'Final', 'insert_db', 'scheduled__2024-07-09T02:23:01.186782+00:00', '--job-id', '13', '--raw', '--subdir', 'DAGS_FOLDER/dag_test.py', '--cfg-path', '/tmp/tmpsu8o193s']
[2024-07-09T02:27:06.881+0000] {standard_task_runner.py:91} INFO - Job 13: Subtask insert_db
[2024-07-09T02:27:06.978+0000] {task_command.py:426} INFO - Running <TaskInstance: Final.insert_db scheduled__2024-07-09T02:23:01.186782+00:00 [running]> on host dd74537ce0b1
[2024-07-09T02:27:07.144+0000] {taskinstance.py:2648} INFO - Exporting env vars: AIRFLOW_CTX_DAG_EMAIL='ha20040204@gmail.com' AIRFLOW_CTX_DAG_OWNER='HA' AIRFLOW_CTX_DAG_ID='Final' AIRFLOW_CTX_TASK_ID='insert_db' AIRFLOW_CTX_EXECUTION_DATE='2024-07-09T02:23:01.186782+00:00' AIRFLOW_CTX_TRY_NUMBER='1' AIRFLOW_CTX_DAG_RUN_ID='scheduled__2024-07-09T02:23:01.186782+00:00'
[2024-07-09T02:27:07.146+0000] {taskinstance.py:430} INFO - ::endgroup::
[2024-07-09T02:29:59.907+0000] {logging_mixin.py:188} INFO - Successfully.
[2024-07-09T02:29:59.933+0000] {python.py:237} INFO - Done. Returned value was: None
[2024-07-09T02:29:59.934+0000] {taskinstance.py:441} INFO - ::group::Post task execution logs
[2024-07-09T02:29:59.951+0000] {taskinstance.py:1206} INFO - Marking task as SUCCESS. dag_id=Final, task_id=insert_db, run_id=scheduled__2024-07-09T02:23:01.186782+00:00, execution_date=20240709T022301, start_date=20240709T022706, end_date=20240709T022959
[2024-07-09T02:29:59.999+0000] {local_task_job_runner.py:240} INFO - Task exited with return code 0
[2024-07-09T02:30:00.131+0000] {taskinstance.py:3498} INFO - 1 downstream tasks scheduled from follow-on schedule check
[2024-07-09T02:30:00.135+0000] {local_task_job_runner.py:222} INFO - ::endgroup::
