[2024-07-10T04:12:59.076+0000] {processor.py:161} INFO - Started process (PID=71) to work on /home/airflow/.local/lib/python3.12/site-packages/airflow/example_dags/example_setup_teardown.py
[2024-07-10T04:12:59.077+0000] {processor.py:830} INFO - Processing file /home/airflow/.local/lib/python3.12/site-packages/airflow/example_dags/example_setup_teardown.py for tasks to queue
[2024-07-10T04:12:59.079+0000] {logging_mixin.py:188} INFO - [2024-07-10T04:12:59.079+0000] {dagbag.py:545} INFO - Filling up the DagBag from /home/airflow/.local/lib/python3.12/site-packages/airflow/example_dags/example_setup_teardown.py
[2024-07-10T04:12:59.088+0000] {processor.py:840} INFO - DAG(s) 'example_setup_teardown' retrieved from /home/airflow/.local/lib/python3.12/site-packages/airflow/example_dags/example_setup_teardown.py
[2024-07-10T04:12:59.116+0000] {logging_mixin.py:188} INFO - [2024-07-10T04:12:59.116+0000] {dag.py:3096} INFO - Sync 1 DAGs
[2024-07-10T04:12:59.146+0000] {logging_mixin.py:188} INFO - [2024-07-10T04:12:59.146+0000] {dag.py:3954} INFO - Setting next_dagrun for example_setup_teardown to 2024-07-09 00:00:00+00:00, run_after=2024-07-10 00:00:00+00:00
[2024-07-10T04:12:59.172+0000] {processor.py:183} INFO - Processing /home/airflow/.local/lib/python3.12/site-packages/airflow/example_dags/example_setup_teardown.py took 0.103 seconds
[2024-07-10T04:13:29.223+0000] {processor.py:161} INFO - Started process (PID=131) to work on /home/airflow/.local/lib/python3.12/site-packages/airflow/example_dags/example_setup_teardown.py
[2024-07-10T04:13:29.224+0000] {processor.py:830} INFO - Processing file /home/airflow/.local/lib/python3.12/site-packages/airflow/example_dags/example_setup_teardown.py for tasks to queue
[2024-07-10T04:13:29.226+0000] {logging_mixin.py:188} INFO - [2024-07-10T04:13:29.226+0000] {dagbag.py:545} INFO - Filling up the DagBag from /home/airflow/.local/lib/python3.12/site-packages/airflow/example_dags/example_setup_teardown.py
[2024-07-10T04:13:29.233+0000] {processor.py:840} INFO - DAG(s) 'example_setup_teardown' retrieved from /home/airflow/.local/lib/python3.12/site-packages/airflow/example_dags/example_setup_teardown.py
[2024-07-10T04:13:29.263+0000] {logging_mixin.py:188} INFO - [2024-07-10T04:13:29.263+0000] {dag.py:3096} INFO - Sync 1 DAGs
[2024-07-10T04:13:29.288+0000] {logging_mixin.py:188} INFO - [2024-07-10T04:13:29.288+0000] {dag.py:3954} INFO - Setting next_dagrun for example_setup_teardown to 2024-07-09 00:00:00+00:00, run_after=2024-07-10 00:00:00+00:00
[2024-07-10T04:13:29.312+0000] {processor.py:183} INFO - Processing /home/airflow/.local/lib/python3.12/site-packages/airflow/example_dags/example_setup_teardown.py took 0.095 seconds
[2024-07-10T04:14:00.609+0000] {processor.py:161} INFO - Started process (PID=191) to work on /home/airflow/.local/lib/python3.12/site-packages/airflow/example_dags/example_setup_teardown.py
[2024-07-10T04:14:00.613+0000] {processor.py:830} INFO - Processing file /home/airflow/.local/lib/python3.12/site-packages/airflow/example_dags/example_setup_teardown.py for tasks to queue
[2024-07-10T04:14:00.623+0000] {logging_mixin.py:188} INFO - [2024-07-10T04:14:00.622+0000] {dagbag.py:545} INFO - Filling up the DagBag from /home/airflow/.local/lib/python3.12/site-packages/airflow/example_dags/example_setup_teardown.py
[2024-07-10T04:14:00.664+0000] {processor.py:840} INFO - DAG(s) 'example_setup_teardown' retrieved from /home/airflow/.local/lib/python3.12/site-packages/airflow/example_dags/example_setup_teardown.py
[2024-07-10T04:14:00.727+0000] {logging_mixin.py:188} INFO - [2024-07-10T04:14:00.726+0000] {dag.py:3096} INFO - Sync 1 DAGs
[2024-07-10T04:14:00.791+0000] {logging_mixin.py:188} INFO - [2024-07-10T04:14:00.791+0000] {dag.py:3954} INFO - Setting next_dagrun for example_setup_teardown to 2024-07-09 00:00:00+00:00, run_after=2024-07-10 00:00:00+00:00
[2024-07-10T04:14:00.851+0000] {processor.py:183} INFO - Processing /home/airflow/.local/lib/python3.12/site-packages/airflow/example_dags/example_setup_teardown.py took 0.268 seconds
[2024-07-10T04:16:07.807+0000] {processor.py:161} INFO - Started process (PID=77) to work on /home/airflow/.local/lib/python3.12/site-packages/airflow/example_dags/example_setup_teardown.py
[2024-07-10T04:16:07.808+0000] {processor.py:830} INFO - Processing file /home/airflow/.local/lib/python3.12/site-packages/airflow/example_dags/example_setup_teardown.py for tasks to queue
[2024-07-10T04:16:07.811+0000] {logging_mixin.py:188} INFO - [2024-07-10T04:16:07.811+0000] {dagbag.py:545} INFO - Filling up the DagBag from /home/airflow/.local/lib/python3.12/site-packages/airflow/example_dags/example_setup_teardown.py
[2024-07-10T04:16:07.821+0000] {processor.py:840} INFO - DAG(s) 'example_setup_teardown' retrieved from /home/airflow/.local/lib/python3.12/site-packages/airflow/example_dags/example_setup_teardown.py
[2024-07-10T04:16:07.984+0000] {logging_mixin.py:188} INFO - [2024-07-10T04:16:07.984+0000] {dag.py:3096} INFO - Sync 1 DAGs
[2024-07-10T04:16:08.025+0000] {logging_mixin.py:188} INFO - [2024-07-10T04:16:08.025+0000] {dag.py:3954} INFO - Setting next_dagrun for example_setup_teardown to 2024-07-09 00:00:00+00:00, run_after=2024-07-10 00:00:00+00:00
[2024-07-10T04:16:08.063+0000] {processor.py:183} INFO - Processing /home/airflow/.local/lib/python3.12/site-packages/airflow/example_dags/example_setup_teardown.py took 0.264 seconds
[2024-07-10T04:16:38.198+0000] {processor.py:161} INFO - Started process (PID=137) to work on /home/airflow/.local/lib/python3.12/site-packages/airflow/example_dags/example_setup_teardown.py
[2024-07-10T04:16:38.199+0000] {processor.py:830} INFO - Processing file /home/airflow/.local/lib/python3.12/site-packages/airflow/example_dags/example_setup_teardown.py for tasks to queue
[2024-07-10T04:16:38.202+0000] {logging_mixin.py:188} INFO - [2024-07-10T04:16:38.202+0000] {dagbag.py:545} INFO - Filling up the DagBag from /home/airflow/.local/lib/python3.12/site-packages/airflow/example_dags/example_setup_teardown.py
[2024-07-10T04:16:38.219+0000] {processor.py:840} INFO - DAG(s) 'example_setup_teardown' retrieved from /home/airflow/.local/lib/python3.12/site-packages/airflow/example_dags/example_setup_teardown.py
[2024-07-10T04:16:38.258+0000] {logging_mixin.py:188} INFO - [2024-07-10T04:16:38.257+0000] {dag.py:3096} INFO - Sync 1 DAGs
[2024-07-10T04:16:38.317+0000] {logging_mixin.py:188} INFO - [2024-07-10T04:16:38.317+0000] {dag.py:3954} INFO - Setting next_dagrun for example_setup_teardown to 2024-07-09 00:00:00+00:00, run_after=2024-07-10 00:00:00+00:00
[2024-07-10T04:16:38.369+0000] {processor.py:183} INFO - Processing /home/airflow/.local/lib/python3.12/site-packages/airflow/example_dags/example_setup_teardown.py took 0.184 seconds
[2024-07-10T04:17:08.449+0000] {processor.py:161} INFO - Started process (PID=198) to work on /home/airflow/.local/lib/python3.12/site-packages/airflow/example_dags/example_setup_teardown.py
[2024-07-10T04:17:08.451+0000] {processor.py:830} INFO - Processing file /home/airflow/.local/lib/python3.12/site-packages/airflow/example_dags/example_setup_teardown.py for tasks to queue
[2024-07-10T04:17:08.453+0000] {logging_mixin.py:188} INFO - [2024-07-10T04:17:08.453+0000] {dagbag.py:545} INFO - Filling up the DagBag from /home/airflow/.local/lib/python3.12/site-packages/airflow/example_dags/example_setup_teardown.py
[2024-07-10T04:17:08.461+0000] {processor.py:840} INFO - DAG(s) 'example_setup_teardown' retrieved from /home/airflow/.local/lib/python3.12/site-packages/airflow/example_dags/example_setup_teardown.py
[2024-07-10T04:17:08.492+0000] {logging_mixin.py:188} INFO - [2024-07-10T04:17:08.491+0000] {dag.py:3096} INFO - Sync 1 DAGs
[2024-07-10T04:17:08.522+0000] {logging_mixin.py:188} INFO - [2024-07-10T04:17:08.522+0000] {dag.py:3954} INFO - Setting next_dagrun for example_setup_teardown to 2024-07-09 00:00:00+00:00, run_after=2024-07-10 00:00:00+00:00
[2024-07-10T04:17:08.551+0000] {processor.py:183} INFO - Processing /home/airflow/.local/lib/python3.12/site-packages/airflow/example_dags/example_setup_teardown.py took 0.109 seconds
[2024-07-10T04:18:43.625+0000] {processor.py:161} INFO - Started process (PID=77) to work on /home/airflow/.local/lib/python3.12/site-packages/airflow/example_dags/example_setup_teardown.py
[2024-07-10T04:18:43.626+0000] {processor.py:830} INFO - Processing file /home/airflow/.local/lib/python3.12/site-packages/airflow/example_dags/example_setup_teardown.py for tasks to queue
[2024-07-10T04:18:43.629+0000] {logging_mixin.py:188} INFO - [2024-07-10T04:18:43.628+0000] {dagbag.py:545} INFO - Filling up the DagBag from /home/airflow/.local/lib/python3.12/site-packages/airflow/example_dags/example_setup_teardown.py
[2024-07-10T04:18:43.638+0000] {processor.py:840} INFO - DAG(s) 'example_setup_teardown' retrieved from /home/airflow/.local/lib/python3.12/site-packages/airflow/example_dags/example_setup_teardown.py
[2024-07-10T04:18:43.761+0000] {logging_mixin.py:188} INFO - [2024-07-10T04:18:43.761+0000] {dag.py:3096} INFO - Sync 1 DAGs
[2024-07-10T04:18:43.784+0000] {logging_mixin.py:188} INFO - [2024-07-10T04:18:43.783+0000] {dag.py:3954} INFO - Setting next_dagrun for example_setup_teardown to 2024-07-09 00:00:00+00:00, run_after=2024-07-10 00:00:00+00:00
[2024-07-10T04:18:43.821+0000] {processor.py:183} INFO - Processing /home/airflow/.local/lib/python3.12/site-packages/airflow/example_dags/example_setup_teardown.py took 0.202 seconds
[2024-07-10T04:19:13.941+0000] {processor.py:161} INFO - Started process (PID=137) to work on /home/airflow/.local/lib/python3.12/site-packages/airflow/example_dags/example_setup_teardown.py
[2024-07-10T04:19:13.942+0000] {processor.py:830} INFO - Processing file /home/airflow/.local/lib/python3.12/site-packages/airflow/example_dags/example_setup_teardown.py for tasks to queue
[2024-07-10T04:19:13.945+0000] {logging_mixin.py:188} INFO - [2024-07-10T04:19:13.944+0000] {dagbag.py:545} INFO - Filling up the DagBag from /home/airflow/.local/lib/python3.12/site-packages/airflow/example_dags/example_setup_teardown.py
[2024-07-10T04:19:13.955+0000] {processor.py:840} INFO - DAG(s) 'example_setup_teardown' retrieved from /home/airflow/.local/lib/python3.12/site-packages/airflow/example_dags/example_setup_teardown.py
[2024-07-10T04:19:13.994+0000] {logging_mixin.py:188} INFO - [2024-07-10T04:19:13.993+0000] {dag.py:3096} INFO - Sync 1 DAGs
[2024-07-10T04:19:14.032+0000] {logging_mixin.py:188} INFO - [2024-07-10T04:19:14.032+0000] {dag.py:3954} INFO - Setting next_dagrun for example_setup_teardown to 2024-07-09 00:00:00+00:00, run_after=2024-07-10 00:00:00+00:00
[2024-07-10T04:19:14.065+0000] {processor.py:183} INFO - Processing /home/airflow/.local/lib/python3.12/site-packages/airflow/example_dags/example_setup_teardown.py took 0.132 seconds
[2024-07-10T04:19:44.471+0000] {processor.py:161} INFO - Started process (PID=197) to work on /home/airflow/.local/lib/python3.12/site-packages/airflow/example_dags/example_setup_teardown.py
[2024-07-10T04:19:44.472+0000] {processor.py:830} INFO - Processing file /home/airflow/.local/lib/python3.12/site-packages/airflow/example_dags/example_setup_teardown.py for tasks to queue
[2024-07-10T04:19:44.474+0000] {logging_mixin.py:188} INFO - [2024-07-10T04:19:44.474+0000] {dagbag.py:545} INFO - Filling up the DagBag from /home/airflow/.local/lib/python3.12/site-packages/airflow/example_dags/example_setup_teardown.py
[2024-07-10T04:19:44.483+0000] {processor.py:840} INFO - DAG(s) 'example_setup_teardown' retrieved from /home/airflow/.local/lib/python3.12/site-packages/airflow/example_dags/example_setup_teardown.py
[2024-07-10T04:19:44.518+0000] {logging_mixin.py:188} INFO - [2024-07-10T04:19:44.518+0000] {dag.py:3096} INFO - Sync 1 DAGs
[2024-07-10T04:19:44.545+0000] {logging_mixin.py:188} INFO - [2024-07-10T04:19:44.545+0000] {dag.py:3954} INFO - Setting next_dagrun for example_setup_teardown to 2024-07-09 00:00:00+00:00, run_after=2024-07-10 00:00:00+00:00
[2024-07-10T04:19:44.572+0000] {processor.py:183} INFO - Processing /home/airflow/.local/lib/python3.12/site-packages/airflow/example_dags/example_setup_teardown.py took 0.109 seconds
[2024-07-10T04:20:15.533+0000] {processor.py:161} INFO - Started process (PID=257) to work on /home/airflow/.local/lib/python3.12/site-packages/airflow/example_dags/example_setup_teardown.py
[2024-07-10T04:20:15.535+0000] {processor.py:830} INFO - Processing file /home/airflow/.local/lib/python3.12/site-packages/airflow/example_dags/example_setup_teardown.py for tasks to queue
[2024-07-10T04:20:15.540+0000] {logging_mixin.py:188} INFO - [2024-07-10T04:20:15.539+0000] {dagbag.py:545} INFO - Filling up the DagBag from /home/airflow/.local/lib/python3.12/site-packages/airflow/example_dags/example_setup_teardown.py
[2024-07-10T04:20:15.560+0000] {processor.py:840} INFO - DAG(s) 'example_setup_teardown' retrieved from /home/airflow/.local/lib/python3.12/site-packages/airflow/example_dags/example_setup_teardown.py
[2024-07-10T04:20:15.601+0000] {logging_mixin.py:188} INFO - [2024-07-10T04:20:15.601+0000] {dag.py:3096} INFO - Sync 1 DAGs
[2024-07-10T04:20:15.636+0000] {logging_mixin.py:188} INFO - [2024-07-10T04:20:15.635+0000] {dag.py:3954} INFO - Setting next_dagrun for example_setup_teardown to 2024-07-09 00:00:00+00:00, run_after=2024-07-10 00:00:00+00:00
[2024-07-10T04:20:15.668+0000] {processor.py:183} INFO - Processing /home/airflow/.local/lib/python3.12/site-packages/airflow/example_dags/example_setup_teardown.py took 0.148 seconds
[2024-07-10T04:20:46.626+0000] {processor.py:161} INFO - Started process (PID=321) to work on /home/airflow/.local/lib/python3.12/site-packages/airflow/example_dags/example_setup_teardown.py
[2024-07-10T04:20:46.628+0000] {processor.py:830} INFO - Processing file /home/airflow/.local/lib/python3.12/site-packages/airflow/example_dags/example_setup_teardown.py for tasks to queue
[2024-07-10T04:20:46.631+0000] {logging_mixin.py:188} INFO - [2024-07-10T04:20:46.631+0000] {dagbag.py:545} INFO - Filling up the DagBag from /home/airflow/.local/lib/python3.12/site-packages/airflow/example_dags/example_setup_teardown.py
[2024-07-10T04:20:46.644+0000] {processor.py:840} INFO - DAG(s) 'example_setup_teardown' retrieved from /home/airflow/.local/lib/python3.12/site-packages/airflow/example_dags/example_setup_teardown.py
[2024-07-10T04:20:46.686+0000] {logging_mixin.py:188} INFO - [2024-07-10T04:20:46.686+0000] {dag.py:3096} INFO - Sync 1 DAGs
[2024-07-10T04:20:46.727+0000] {logging_mixin.py:188} INFO - [2024-07-10T04:20:46.727+0000] {dag.py:3954} INFO - Setting next_dagrun for example_setup_teardown to 2024-07-09 00:00:00+00:00, run_after=2024-07-10 00:00:00+00:00
[2024-07-10T04:20:46.760+0000] {processor.py:183} INFO - Processing /home/airflow/.local/lib/python3.12/site-packages/airflow/example_dags/example_setup_teardown.py took 0.143 seconds
[2024-07-10T04:21:17.997+0000] {processor.py:161} INFO - Started process (PID=381) to work on /home/airflow/.local/lib/python3.12/site-packages/airflow/example_dags/example_setup_teardown.py
[2024-07-10T04:21:17.998+0000] {processor.py:830} INFO - Processing file /home/airflow/.local/lib/python3.12/site-packages/airflow/example_dags/example_setup_teardown.py for tasks to queue
[2024-07-10T04:21:18.001+0000] {logging_mixin.py:188} INFO - [2024-07-10T04:21:18.000+0000] {dagbag.py:545} INFO - Filling up the DagBag from /home/airflow/.local/lib/python3.12/site-packages/airflow/example_dags/example_setup_teardown.py
[2024-07-10T04:21:18.013+0000] {processor.py:840} INFO - DAG(s) 'example_setup_teardown' retrieved from /home/airflow/.local/lib/python3.12/site-packages/airflow/example_dags/example_setup_teardown.py
[2024-07-10T04:21:18.044+0000] {logging_mixin.py:188} INFO - [2024-07-10T04:21:18.044+0000] {dag.py:3096} INFO - Sync 1 DAGs
[2024-07-10T04:21:18.076+0000] {logging_mixin.py:188} INFO - [2024-07-10T04:21:18.075+0000] {dag.py:3954} INFO - Setting next_dagrun for example_setup_teardown to 2024-07-09 00:00:00+00:00, run_after=2024-07-10 00:00:00+00:00
[2024-07-10T04:21:18.102+0000] {processor.py:183} INFO - Processing /home/airflow/.local/lib/python3.12/site-packages/airflow/example_dags/example_setup_teardown.py took 0.114 seconds
[2024-07-10T04:25:49.375+0000] {processor.py:161} INFO - Started process (PID=77) to work on /home/airflow/.local/lib/python3.12/site-packages/airflow/example_dags/example_setup_teardown.py
[2024-07-10T04:25:49.376+0000] {processor.py:830} INFO - Processing file /home/airflow/.local/lib/python3.12/site-packages/airflow/example_dags/example_setup_teardown.py for tasks to queue
[2024-07-10T04:25:49.379+0000] {logging_mixin.py:188} INFO - [2024-07-10T04:25:49.378+0000] {dagbag.py:545} INFO - Filling up the DagBag from /home/airflow/.local/lib/python3.12/site-packages/airflow/example_dags/example_setup_teardown.py
[2024-07-10T04:25:49.391+0000] {processor.py:840} INFO - DAG(s) 'example_setup_teardown' retrieved from /home/airflow/.local/lib/python3.12/site-packages/airflow/example_dags/example_setup_teardown.py
[2024-07-10T04:25:49.528+0000] {logging_mixin.py:188} INFO - [2024-07-10T04:25:49.528+0000] {dag.py:3096} INFO - Sync 1 DAGs
[2024-07-10T04:25:49.555+0000] {logging_mixin.py:188} INFO - [2024-07-10T04:25:49.554+0000] {dag.py:3954} INFO - Setting next_dagrun for example_setup_teardown to 2024-07-09 00:00:00+00:00, run_after=2024-07-10 00:00:00+00:00
[2024-07-10T04:25:49.591+0000] {processor.py:183} INFO - Processing /home/airflow/.local/lib/python3.12/site-packages/airflow/example_dags/example_setup_teardown.py took 0.223 seconds
[2024-07-10T04:26:20.469+0000] {processor.py:161} INFO - Started process (PID=137) to work on /home/airflow/.local/lib/python3.12/site-packages/airflow/example_dags/example_setup_teardown.py
[2024-07-10T04:26:20.471+0000] {processor.py:830} INFO - Processing file /home/airflow/.local/lib/python3.12/site-packages/airflow/example_dags/example_setup_teardown.py for tasks to queue
[2024-07-10T04:26:20.475+0000] {logging_mixin.py:188} INFO - [2024-07-10T04:26:20.475+0000] {dagbag.py:545} INFO - Filling up the DagBag from /home/airflow/.local/lib/python3.12/site-packages/airflow/example_dags/example_setup_teardown.py
[2024-07-10T04:26:20.489+0000] {processor.py:840} INFO - DAG(s) 'example_setup_teardown' retrieved from /home/airflow/.local/lib/python3.12/site-packages/airflow/example_dags/example_setup_teardown.py
[2024-07-10T04:26:20.537+0000] {logging_mixin.py:188} INFO - [2024-07-10T04:26:20.537+0000] {dag.py:3096} INFO - Sync 1 DAGs
[2024-07-10T04:26:20.623+0000] {logging_mixin.py:188} INFO - [2024-07-10T04:26:20.622+0000] {dag.py:3954} INFO - Setting next_dagrun for example_setup_teardown to 2024-07-09 00:00:00+00:00, run_after=2024-07-10 00:00:00+00:00
[2024-07-10T04:26:20.665+0000] {processor.py:183} INFO - Processing /home/airflow/.local/lib/python3.12/site-packages/airflow/example_dags/example_setup_teardown.py took 0.206 seconds
[2024-07-10T04:26:51.118+0000] {processor.py:161} INFO - Started process (PID=197) to work on /home/airflow/.local/lib/python3.12/site-packages/airflow/example_dags/example_setup_teardown.py
[2024-07-10T04:26:51.119+0000] {processor.py:830} INFO - Processing file /home/airflow/.local/lib/python3.12/site-packages/airflow/example_dags/example_setup_teardown.py for tasks to queue
[2024-07-10T04:26:51.121+0000] {logging_mixin.py:188} INFO - [2024-07-10T04:26:51.121+0000] {dagbag.py:545} INFO - Filling up the DagBag from /home/airflow/.local/lib/python3.12/site-packages/airflow/example_dags/example_setup_teardown.py
[2024-07-10T04:26:51.127+0000] {processor.py:840} INFO - DAG(s) 'example_setup_teardown' retrieved from /home/airflow/.local/lib/python3.12/site-packages/airflow/example_dags/example_setup_teardown.py
[2024-07-10T04:26:51.150+0000] {logging_mixin.py:188} INFO - [2024-07-10T04:26:51.150+0000] {dag.py:3096} INFO - Sync 1 DAGs
[2024-07-10T04:26:51.173+0000] {logging_mixin.py:188} INFO - [2024-07-10T04:26:51.173+0000] {dag.py:3954} INFO - Setting next_dagrun for example_setup_teardown to 2024-07-09 00:00:00+00:00, run_after=2024-07-10 00:00:00+00:00
[2024-07-10T04:26:51.212+0000] {processor.py:183} INFO - Processing /home/airflow/.local/lib/python3.12/site-packages/airflow/example_dags/example_setup_teardown.py took 0.100 seconds
[2024-07-10T04:27:21.513+0000] {processor.py:161} INFO - Started process (PID=257) to work on /home/airflow/.local/lib/python3.12/site-packages/airflow/example_dags/example_setup_teardown.py
[2024-07-10T04:27:21.515+0000] {processor.py:830} INFO - Processing file /home/airflow/.local/lib/python3.12/site-packages/airflow/example_dags/example_setup_teardown.py for tasks to queue
[2024-07-10T04:27:21.519+0000] {logging_mixin.py:188} INFO - [2024-07-10T04:27:21.518+0000] {dagbag.py:545} INFO - Filling up the DagBag from /home/airflow/.local/lib/python3.12/site-packages/airflow/example_dags/example_setup_teardown.py
[2024-07-10T04:27:21.532+0000] {processor.py:840} INFO - DAG(s) 'example_setup_teardown' retrieved from /home/airflow/.local/lib/python3.12/site-packages/airflow/example_dags/example_setup_teardown.py
[2024-07-10T04:27:21.564+0000] {logging_mixin.py:188} INFO - [2024-07-10T04:27:21.563+0000] {dag.py:3096} INFO - Sync 1 DAGs
[2024-07-10T04:27:21.594+0000] {logging_mixin.py:188} INFO - [2024-07-10T04:27:21.594+0000] {dag.py:3954} INFO - Setting next_dagrun for example_setup_teardown to 2024-07-09 00:00:00+00:00, run_after=2024-07-10 00:00:00+00:00
[2024-07-10T04:27:21.620+0000] {processor.py:183} INFO - Processing /home/airflow/.local/lib/python3.12/site-packages/airflow/example_dags/example_setup_teardown.py took 0.116 seconds
[2024-07-10T04:29:03.617+0000] {processor.py:161} INFO - Started process (PID=76) to work on /home/airflow/.local/lib/python3.12/site-packages/airflow/example_dags/example_setup_teardown.py
[2024-07-10T04:29:03.619+0000] {processor.py:830} INFO - Processing file /home/airflow/.local/lib/python3.12/site-packages/airflow/example_dags/example_setup_teardown.py for tasks to queue
[2024-07-10T04:29:03.622+0000] {logging_mixin.py:188} INFO - [2024-07-10T04:29:03.622+0000] {dagbag.py:545} INFO - Filling up the DagBag from /home/airflow/.local/lib/python3.12/site-packages/airflow/example_dags/example_setup_teardown.py
[2024-07-10T04:29:03.644+0000] {processor.py:840} INFO - DAG(s) 'example_setup_teardown' retrieved from /home/airflow/.local/lib/python3.12/site-packages/airflow/example_dags/example_setup_teardown.py
[2024-07-10T04:29:03.986+0000] {logging_mixin.py:188} INFO - [2024-07-10T04:29:03.986+0000] {dag.py:3096} INFO - Sync 1 DAGs
[2024-07-10T04:29:04.065+0000] {logging_mixin.py:188} INFO - [2024-07-10T04:29:04.064+0000] {dag.py:3954} INFO - Setting next_dagrun for example_setup_teardown to 2024-07-09 00:00:00+00:00, run_after=2024-07-10 00:00:00+00:00
[2024-07-10T04:29:04.168+0000] {processor.py:183} INFO - Processing /home/airflow/.local/lib/python3.12/site-packages/airflow/example_dags/example_setup_teardown.py took 0.565 seconds
[2024-07-10T04:29:34.445+0000] {processor.py:161} INFO - Started process (PID=136) to work on /home/airflow/.local/lib/python3.12/site-packages/airflow/example_dags/example_setup_teardown.py
[2024-07-10T04:29:34.447+0000] {processor.py:830} INFO - Processing file /home/airflow/.local/lib/python3.12/site-packages/airflow/example_dags/example_setup_teardown.py for tasks to queue
[2024-07-10T04:29:34.452+0000] {logging_mixin.py:188} INFO - [2024-07-10T04:29:34.451+0000] {dagbag.py:545} INFO - Filling up the DagBag from /home/airflow/.local/lib/python3.12/site-packages/airflow/example_dags/example_setup_teardown.py
[2024-07-10T04:29:34.473+0000] {processor.py:840} INFO - DAG(s) 'example_setup_teardown' retrieved from /home/airflow/.local/lib/python3.12/site-packages/airflow/example_dags/example_setup_teardown.py
[2024-07-10T04:29:34.525+0000] {logging_mixin.py:188} INFO - [2024-07-10T04:29:34.524+0000] {dag.py:3096} INFO - Sync 1 DAGs
[2024-07-10T04:29:34.577+0000] {logging_mixin.py:188} INFO - [2024-07-10T04:29:34.576+0000] {dag.py:3954} INFO - Setting next_dagrun for example_setup_teardown to 2024-07-09 00:00:00+00:00, run_after=2024-07-10 00:00:00+00:00
[2024-07-10T04:29:34.645+0000] {processor.py:183} INFO - Processing /home/airflow/.local/lib/python3.12/site-packages/airflow/example_dags/example_setup_teardown.py took 0.217 seconds
[2024-07-10T04:30:05.988+0000] {processor.py:161} INFO - Started process (PID=196) to work on /home/airflow/.local/lib/python3.12/site-packages/airflow/example_dags/example_setup_teardown.py
[2024-07-10T04:30:05.993+0000] {processor.py:830} INFO - Processing file /home/airflow/.local/lib/python3.12/site-packages/airflow/example_dags/example_setup_teardown.py for tasks to queue
[2024-07-10T04:30:05.999+0000] {logging_mixin.py:188} INFO - [2024-07-10T04:30:05.998+0000] {dagbag.py:545} INFO - Filling up the DagBag from /home/airflow/.local/lib/python3.12/site-packages/airflow/example_dags/example_setup_teardown.py
[2024-07-10T04:30:06.030+0000] {processor.py:840} INFO - DAG(s) 'example_setup_teardown' retrieved from /home/airflow/.local/lib/python3.12/site-packages/airflow/example_dags/example_setup_teardown.py
[2024-07-10T04:30:06.071+0000] {logging_mixin.py:188} INFO - [2024-07-10T04:30:06.070+0000] {dag.py:3096} INFO - Sync 1 DAGs
[2024-07-10T04:30:06.138+0000] {logging_mixin.py:188} INFO - [2024-07-10T04:30:06.137+0000] {dag.py:3954} INFO - Setting next_dagrun for example_setup_teardown to 2024-07-09 00:00:00+00:00, run_after=2024-07-10 00:00:00+00:00
[2024-07-10T04:30:06.213+0000] {processor.py:183} INFO - Processing /home/airflow/.local/lib/python3.12/site-packages/airflow/example_dags/example_setup_teardown.py took 0.251 seconds
[2024-07-10T04:30:36.539+0000] {processor.py:161} INFO - Started process (PID=256) to work on /home/airflow/.local/lib/python3.12/site-packages/airflow/example_dags/example_setup_teardown.py
[2024-07-10T04:30:36.541+0000] {processor.py:830} INFO - Processing file /home/airflow/.local/lib/python3.12/site-packages/airflow/example_dags/example_setup_teardown.py for tasks to queue
[2024-07-10T04:30:36.546+0000] {logging_mixin.py:188} INFO - [2024-07-10T04:30:36.546+0000] {dagbag.py:545} INFO - Filling up the DagBag from /home/airflow/.local/lib/python3.12/site-packages/airflow/example_dags/example_setup_teardown.py
[2024-07-10T04:30:36.568+0000] {processor.py:840} INFO - DAG(s) 'example_setup_teardown' retrieved from /home/airflow/.local/lib/python3.12/site-packages/airflow/example_dags/example_setup_teardown.py
[2024-07-10T04:30:36.624+0000] {logging_mixin.py:188} INFO - [2024-07-10T04:30:36.624+0000] {dag.py:3096} INFO - Sync 1 DAGs
[2024-07-10T04:30:36.670+0000] {logging_mixin.py:188} INFO - [2024-07-10T04:30:36.669+0000] {dag.py:3954} INFO - Setting next_dagrun for example_setup_teardown to 2024-07-09 00:00:00+00:00, run_after=2024-07-10 00:00:00+00:00
[2024-07-10T04:30:36.721+0000] {processor.py:183} INFO - Processing /home/airflow/.local/lib/python3.12/site-packages/airflow/example_dags/example_setup_teardown.py took 0.197 seconds
[2024-07-10T04:31:07.260+0000] {processor.py:161} INFO - Started process (PID=316) to work on /home/airflow/.local/lib/python3.12/site-packages/airflow/example_dags/example_setup_teardown.py
[2024-07-10T04:31:07.266+0000] {processor.py:830} INFO - Processing file /home/airflow/.local/lib/python3.12/site-packages/airflow/example_dags/example_setup_teardown.py for tasks to queue
[2024-07-10T04:31:07.280+0000] {logging_mixin.py:188} INFO - [2024-07-10T04:31:07.279+0000] {dagbag.py:545} INFO - Filling up the DagBag from /home/airflow/.local/lib/python3.12/site-packages/airflow/example_dags/example_setup_teardown.py
[2024-07-10T04:31:07.305+0000] {processor.py:840} INFO - DAG(s) 'example_setup_teardown' retrieved from /home/airflow/.local/lib/python3.12/site-packages/airflow/example_dags/example_setup_teardown.py
[2024-07-10T04:31:07.410+0000] {logging_mixin.py:188} INFO - [2024-07-10T04:31:07.409+0000] {dag.py:3096} INFO - Sync 1 DAGs
[2024-07-10T04:31:07.585+0000] {logging_mixin.py:188} INFO - [2024-07-10T04:31:07.585+0000] {dag.py:3954} INFO - Setting next_dagrun for example_setup_teardown to 2024-07-09 00:00:00+00:00, run_after=2024-07-10 00:00:00+00:00
[2024-07-10T04:31:07.703+0000] {processor.py:183} INFO - Processing /home/airflow/.local/lib/python3.12/site-packages/airflow/example_dags/example_setup_teardown.py took 0.463 seconds
[2024-07-10T04:31:38.911+0000] {processor.py:161} INFO - Started process (PID=376) to work on /home/airflow/.local/lib/python3.12/site-packages/airflow/example_dags/example_setup_teardown.py
[2024-07-10T04:31:38.914+0000] {processor.py:830} INFO - Processing file /home/airflow/.local/lib/python3.12/site-packages/airflow/example_dags/example_setup_teardown.py for tasks to queue
[2024-07-10T04:31:38.918+0000] {logging_mixin.py:188} INFO - [2024-07-10T04:31:38.917+0000] {dagbag.py:545} INFO - Filling up the DagBag from /home/airflow/.local/lib/python3.12/site-packages/airflow/example_dags/example_setup_teardown.py
[2024-07-10T04:31:38.936+0000] {processor.py:840} INFO - DAG(s) 'example_setup_teardown' retrieved from /home/airflow/.local/lib/python3.12/site-packages/airflow/example_dags/example_setup_teardown.py
[2024-07-10T04:31:38.983+0000] {logging_mixin.py:188} INFO - [2024-07-10T04:31:38.983+0000] {dag.py:3096} INFO - Sync 1 DAGs
[2024-07-10T04:31:39.036+0000] {logging_mixin.py:188} INFO - [2024-07-10T04:31:39.035+0000] {dag.py:3954} INFO - Setting next_dagrun for example_setup_teardown to 2024-07-09 00:00:00+00:00, run_after=2024-07-10 00:00:00+00:00
[2024-07-10T04:31:39.090+0000] {processor.py:183} INFO - Processing /home/airflow/.local/lib/python3.12/site-packages/airflow/example_dags/example_setup_teardown.py took 0.194 seconds
