[2024-07-10T04:12:56.826+0000] {processor.py:161} INFO - Started process (PID=51) to work on /home/airflow/.local/lib/python3.12/site-packages/airflow/example_dags/example_short_circuit_operator.py
[2024-07-10T04:12:56.828+0000] {processor.py:830} INFO - Processing file /home/airflow/.local/lib/python3.12/site-packages/airflow/example_dags/example_short_circuit_operator.py for tasks to queue
[2024-07-10T04:12:56.830+0000] {logging_mixin.py:188} INFO - [2024-07-10T04:12:56.830+0000] {dagbag.py:545} INFO - Filling up the DagBag from /home/airflow/.local/lib/python3.12/site-packages/airflow/example_dags/example_short_circuit_operator.py
[2024-07-10T04:12:56.845+0000] {processor.py:840} INFO - DAG(s) 'example_short_circuit_operator' retrieved from /home/airflow/.local/lib/python3.12/site-packages/airflow/example_dags/example_short_circuit_operator.py
[2024-07-10T04:12:56.891+0000] {logging_mixin.py:188} INFO - [2024-07-10T04:12:56.891+0000] {dag.py:3096} INFO - Sync 1 DAGs
[2024-07-10T04:12:56.927+0000] {logging_mixin.py:188} INFO - [2024-07-10T04:12:56.926+0000] {dag.py:3954} INFO - Setting next_dagrun for example_short_circuit_operator to 2024-07-09 00:00:00+00:00, run_after=2024-07-10 00:00:00+00:00
[2024-07-10T04:12:56.956+0000] {processor.py:183} INFO - Processing /home/airflow/.local/lib/python3.12/site-packages/airflow/example_dags/example_short_circuit_operator.py took 0.142 seconds
[2024-07-10T04:13:27.276+0000] {processor.py:161} INFO - Started process (PID=111) to work on /home/airflow/.local/lib/python3.12/site-packages/airflow/example_dags/example_short_circuit_operator.py
[2024-07-10T04:13:27.277+0000] {processor.py:830} INFO - Processing file /home/airflow/.local/lib/python3.12/site-packages/airflow/example_dags/example_short_circuit_operator.py for tasks to queue
[2024-07-10T04:13:27.279+0000] {logging_mixin.py:188} INFO - [2024-07-10T04:13:27.279+0000] {dagbag.py:545} INFO - Filling up the DagBag from /home/airflow/.local/lib/python3.12/site-packages/airflow/example_dags/example_short_circuit_operator.py
[2024-07-10T04:13:27.287+0000] {processor.py:840} INFO - DAG(s) 'example_short_circuit_operator' retrieved from /home/airflow/.local/lib/python3.12/site-packages/airflow/example_dags/example_short_circuit_operator.py
[2024-07-10T04:13:27.314+0000] {logging_mixin.py:188} INFO - [2024-07-10T04:13:27.314+0000] {dag.py:3096} INFO - Sync 1 DAGs
[2024-07-10T04:13:27.337+0000] {logging_mixin.py:188} INFO - [2024-07-10T04:13:27.337+0000] {dag.py:3954} INFO - Setting next_dagrun for example_short_circuit_operator to 2024-07-09 00:00:00+00:00, run_after=2024-07-10 00:00:00+00:00
[2024-07-10T04:13:27.356+0000] {processor.py:183} INFO - Processing /home/airflow/.local/lib/python3.12/site-packages/airflow/example_dags/example_short_circuit_operator.py took 0.086 seconds
[2024-07-10T04:13:58.000+0000] {processor.py:161} INFO - Started process (PID=171) to work on /home/airflow/.local/lib/python3.12/site-packages/airflow/example_dags/example_short_circuit_operator.py
[2024-07-10T04:13:58.001+0000] {processor.py:830} INFO - Processing file /home/airflow/.local/lib/python3.12/site-packages/airflow/example_dags/example_short_circuit_operator.py for tasks to queue
[2024-07-10T04:13:58.002+0000] {logging_mixin.py:188} INFO - [2024-07-10T04:13:58.002+0000] {dagbag.py:545} INFO - Filling up the DagBag from /home/airflow/.local/lib/python3.12/site-packages/airflow/example_dags/example_short_circuit_operator.py
[2024-07-10T04:13:58.010+0000] {processor.py:840} INFO - DAG(s) 'example_short_circuit_operator' retrieved from /home/airflow/.local/lib/python3.12/site-packages/airflow/example_dags/example_short_circuit_operator.py
[2024-07-10T04:13:58.034+0000] {logging_mixin.py:188} INFO - [2024-07-10T04:13:58.034+0000] {dag.py:3096} INFO - Sync 1 DAGs
[2024-07-10T04:13:58.058+0000] {logging_mixin.py:188} INFO - [2024-07-10T04:13:58.058+0000] {dag.py:3954} INFO - Setting next_dagrun for example_short_circuit_operator to 2024-07-09 00:00:00+00:00, run_after=2024-07-10 00:00:00+00:00
[2024-07-10T04:13:58.138+0000] {processor.py:183} INFO - Processing /home/airflow/.local/lib/python3.12/site-packages/airflow/example_dags/example_short_circuit_operator.py took 0.144 seconds
[2024-07-10T04:16:01.346+0000] {processor.py:161} INFO - Started process (PID=57) to work on /home/airflow/.local/lib/python3.12/site-packages/airflow/example_dags/example_short_circuit_operator.py
[2024-07-10T04:16:01.348+0000] {processor.py:830} INFO - Processing file /home/airflow/.local/lib/python3.12/site-packages/airflow/example_dags/example_short_circuit_operator.py for tasks to queue
[2024-07-10T04:16:01.352+0000] {logging_mixin.py:188} INFO - [2024-07-10T04:16:01.351+0000] {dagbag.py:545} INFO - Filling up the DagBag from /home/airflow/.local/lib/python3.12/site-packages/airflow/example_dags/example_short_circuit_operator.py
[2024-07-10T04:16:01.379+0000] {processor.py:840} INFO - DAG(s) 'example_short_circuit_operator' retrieved from /home/airflow/.local/lib/python3.12/site-packages/airflow/example_dags/example_short_circuit_operator.py
[2024-07-10T04:16:01.745+0000] {logging_mixin.py:188} INFO - [2024-07-10T04:16:01.745+0000] {dag.py:3096} INFO - Sync 1 DAGs
[2024-07-10T04:16:01.818+0000] {logging_mixin.py:188} INFO - [2024-07-10T04:16:01.818+0000] {dag.py:3954} INFO - Setting next_dagrun for example_short_circuit_operator to 2024-07-09 00:00:00+00:00, run_after=2024-07-10 00:00:00+00:00
[2024-07-10T04:16:01.865+0000] {processor.py:183} INFO - Processing /home/airflow/.local/lib/python3.12/site-packages/airflow/example_dags/example_short_circuit_operator.py took 0.533 seconds
[2024-07-10T04:16:32.523+0000] {processor.py:161} INFO - Started process (PID=117) to work on /home/airflow/.local/lib/python3.12/site-packages/airflow/example_dags/example_short_circuit_operator.py
[2024-07-10T04:16:32.524+0000] {processor.py:830} INFO - Processing file /home/airflow/.local/lib/python3.12/site-packages/airflow/example_dags/example_short_circuit_operator.py for tasks to queue
[2024-07-10T04:16:32.527+0000] {logging_mixin.py:188} INFO - [2024-07-10T04:16:32.527+0000] {dagbag.py:545} INFO - Filling up the DagBag from /home/airflow/.local/lib/python3.12/site-packages/airflow/example_dags/example_short_circuit_operator.py
[2024-07-10T04:16:32.535+0000] {processor.py:840} INFO - DAG(s) 'example_short_circuit_operator' retrieved from /home/airflow/.local/lib/python3.12/site-packages/airflow/example_dags/example_short_circuit_operator.py
[2024-07-10T04:16:32.564+0000] {logging_mixin.py:188} INFO - [2024-07-10T04:16:32.564+0000] {dag.py:3096} INFO - Sync 1 DAGs
[2024-07-10T04:16:32.592+0000] {logging_mixin.py:188} INFO - [2024-07-10T04:16:32.591+0000] {dag.py:3954} INFO - Setting next_dagrun for example_short_circuit_operator to 2024-07-09 00:00:00+00:00, run_after=2024-07-10 00:00:00+00:00
[2024-07-10T04:16:32.634+0000] {processor.py:183} INFO - Processing /home/airflow/.local/lib/python3.12/site-packages/airflow/example_dags/example_short_circuit_operator.py took 0.117 seconds
[2024-07-10T04:17:03.321+0000] {processor.py:161} INFO - Started process (PID=178) to work on /home/airflow/.local/lib/python3.12/site-packages/airflow/example_dags/example_short_circuit_operator.py
[2024-07-10T04:17:03.331+0000] {processor.py:830} INFO - Processing file /home/airflow/.local/lib/python3.12/site-packages/airflow/example_dags/example_short_circuit_operator.py for tasks to queue
[2024-07-10T04:17:03.335+0000] {logging_mixin.py:188} INFO - [2024-07-10T04:17:03.334+0000] {dagbag.py:545} INFO - Filling up the DagBag from /home/airflow/.local/lib/python3.12/site-packages/airflow/example_dags/example_short_circuit_operator.py
[2024-07-10T04:17:03.355+0000] {processor.py:840} INFO - DAG(s) 'example_short_circuit_operator' retrieved from /home/airflow/.local/lib/python3.12/site-packages/airflow/example_dags/example_short_circuit_operator.py
[2024-07-10T04:17:03.429+0000] {logging_mixin.py:188} INFO - [2024-07-10T04:17:03.428+0000] {dag.py:3096} INFO - Sync 1 DAGs
[2024-07-10T04:17:03.499+0000] {logging_mixin.py:188} INFO - [2024-07-10T04:17:03.499+0000] {dag.py:3954} INFO - Setting next_dagrun for example_short_circuit_operator to 2024-07-09 00:00:00+00:00, run_after=2024-07-10 00:00:00+00:00
[2024-07-10T04:17:03.533+0000] {processor.py:183} INFO - Processing /home/airflow/.local/lib/python3.12/site-packages/airflow/example_dags/example_short_circuit_operator.py took 0.222 seconds
