[2024-07-10T04:12:59.218+0000] {processor.py:161} INFO - Started process (PID=73) to work on /home/airflow/.local/lib/python3.12/site-packages/airflow/example_dags/example_branch_python_dop_operator_3.py
[2024-07-10T04:12:59.219+0000] {processor.py:830} INFO - Processing file /home/airflow/.local/lib/python3.12/site-packages/airflow/example_dags/example_branch_python_dop_operator_3.py for tasks to queue
[2024-07-10T04:12:59.221+0000] {logging_mixin.py:188} INFO - [2024-07-10T04:12:59.221+0000] {dagbag.py:545} INFO - Filling up the DagBag from /home/airflow/.local/lib/python3.12/site-packages/airflow/example_dags/example_branch_python_dop_operator_3.py
[2024-07-10T04:12:59.232+0000] {processor.py:840} INFO - DAG(s) 'example_branch_dop_operator_v3' retrieved from /home/airflow/.local/lib/python3.12/site-packages/airflow/example_dags/example_branch_python_dop_operator_3.py
[2024-07-10T04:12:59.256+0000] {logging_mixin.py:188} INFO - [2024-07-10T04:12:59.256+0000] {dag.py:3096} INFO - Sync 1 DAGs
[2024-07-10T04:12:59.287+0000] {logging_mixin.py:188} INFO - [2024-07-10T04:12:59.287+0000] {dag.py:3954} INFO - Setting next_dagrun for example_branch_dop_operator_v3 to 2024-07-10 04:11:00+00:00, run_after=2024-07-10 04:12:00+00:00
[2024-07-10T04:12:59.308+0000] {processor.py:183} INFO - Processing /home/airflow/.local/lib/python3.12/site-packages/airflow/example_dags/example_branch_python_dop_operator_3.py took 0.098 seconds
[2024-07-10T04:13:29.365+0000] {processor.py:161} INFO - Started process (PID=133) to work on /home/airflow/.local/lib/python3.12/site-packages/airflow/example_dags/example_branch_python_dop_operator_3.py
[2024-07-10T04:13:29.366+0000] {processor.py:830} INFO - Processing file /home/airflow/.local/lib/python3.12/site-packages/airflow/example_dags/example_branch_python_dop_operator_3.py for tasks to queue
[2024-07-10T04:13:29.370+0000] {logging_mixin.py:188} INFO - [2024-07-10T04:13:29.369+0000] {dagbag.py:545} INFO - Filling up the DagBag from /home/airflow/.local/lib/python3.12/site-packages/airflow/example_dags/example_branch_python_dop_operator_3.py
[2024-07-10T04:13:29.383+0000] {processor.py:840} INFO - DAG(s) 'example_branch_dop_operator_v3' retrieved from /home/airflow/.local/lib/python3.12/site-packages/airflow/example_dags/example_branch_python_dop_operator_3.py
[2024-07-10T04:13:29.406+0000] {logging_mixin.py:188} INFO - [2024-07-10T04:13:29.405+0000] {dag.py:3096} INFO - Sync 1 DAGs
[2024-07-10T04:13:29.438+0000] {logging_mixin.py:188} INFO - [2024-07-10T04:13:29.437+0000] {dag.py:3954} INFO - Setting next_dagrun for example_branch_dop_operator_v3 to 2024-07-10 04:12:00+00:00, run_after=2024-07-10 04:13:00+00:00
[2024-07-10T04:13:29.460+0000] {processor.py:183} INFO - Processing /home/airflow/.local/lib/python3.12/site-packages/airflow/example_dags/example_branch_python_dop_operator_3.py took 0.109 seconds
[2024-07-10T04:14:00.935+0000] {processor.py:161} INFO - Started process (PID=193) to work on /home/airflow/.local/lib/python3.12/site-packages/airflow/example_dags/example_branch_python_dop_operator_3.py
[2024-07-10T04:14:00.936+0000] {processor.py:830} INFO - Processing file /home/airflow/.local/lib/python3.12/site-packages/airflow/example_dags/example_branch_python_dop_operator_3.py for tasks to queue
[2024-07-10T04:14:00.938+0000] {logging_mixin.py:188} INFO - [2024-07-10T04:14:00.938+0000] {dagbag.py:545} INFO - Filling up the DagBag from /home/airflow/.local/lib/python3.12/site-packages/airflow/example_dags/example_branch_python_dop_operator_3.py
[2024-07-10T04:14:00.972+0000] {processor.py:840} INFO - DAG(s) 'example_branch_dop_operator_v3' retrieved from /home/airflow/.local/lib/python3.12/site-packages/airflow/example_dags/example_branch_python_dop_operator_3.py
[2024-07-10T04:14:01.053+0000] {logging_mixin.py:188} INFO - [2024-07-10T04:14:01.047+0000] {dag.py:3096} INFO - Sync 1 DAGs
[2024-07-10T04:14:01.167+0000] {logging_mixin.py:188} INFO - [2024-07-10T04:14:01.166+0000] {dag.py:3954} INFO - Setting next_dagrun for example_branch_dop_operator_v3 to 2024-07-10 04:13:00+00:00, run_after=2024-07-10 04:14:00+00:00
[2024-07-10T04:14:01.232+0000] {processor.py:183} INFO - Processing /home/airflow/.local/lib/python3.12/site-packages/airflow/example_dags/example_branch_python_dop_operator_3.py took 0.316 seconds
[2024-07-10T04:16:08.111+0000] {processor.py:161} INFO - Started process (PID=79) to work on /home/airflow/.local/lib/python3.12/site-packages/airflow/example_dags/example_branch_python_dop_operator_3.py
[2024-07-10T04:16:08.112+0000] {processor.py:830} INFO - Processing file /home/airflow/.local/lib/python3.12/site-packages/airflow/example_dags/example_branch_python_dop_operator_3.py for tasks to queue
[2024-07-10T04:16:08.117+0000] {logging_mixin.py:188} INFO - [2024-07-10T04:16:08.116+0000] {dagbag.py:545} INFO - Filling up the DagBag from /home/airflow/.local/lib/python3.12/site-packages/airflow/example_dags/example_branch_python_dop_operator_3.py
[2024-07-10T04:16:08.135+0000] {processor.py:840} INFO - DAG(s) 'example_branch_dop_operator_v3' retrieved from /home/airflow/.local/lib/python3.12/site-packages/airflow/example_dags/example_branch_python_dop_operator_3.py
[2024-07-10T04:16:08.291+0000] {logging_mixin.py:188} INFO - [2024-07-10T04:16:08.291+0000] {dag.py:3096} INFO - Sync 1 DAGs
[2024-07-10T04:16:08.323+0000] {logging_mixin.py:188} INFO - [2024-07-10T04:16:08.322+0000] {dag.py:3954} INFO - Setting next_dagrun for example_branch_dop_operator_v3 to 2024-07-10 04:15:00+00:00, run_after=2024-07-10 04:16:00+00:00
[2024-07-10T04:16:08.352+0000] {processor.py:183} INFO - Processing /home/airflow/.local/lib/python3.12/site-packages/airflow/example_dags/example_branch_python_dop_operator_3.py took 0.252 seconds
[2024-07-10T04:16:38.437+0000] {processor.py:161} INFO - Started process (PID=139) to work on /home/airflow/.local/lib/python3.12/site-packages/airflow/example_dags/example_branch_python_dop_operator_3.py
[2024-07-10T04:16:38.439+0000] {processor.py:830} INFO - Processing file /home/airflow/.local/lib/python3.12/site-packages/airflow/example_dags/example_branch_python_dop_operator_3.py for tasks to queue
[2024-07-10T04:16:38.442+0000] {logging_mixin.py:188} INFO - [2024-07-10T04:16:38.441+0000] {dagbag.py:545} INFO - Filling up the DagBag from /home/airflow/.local/lib/python3.12/site-packages/airflow/example_dags/example_branch_python_dop_operator_3.py
[2024-07-10T04:16:38.459+0000] {processor.py:840} INFO - DAG(s) 'example_branch_dop_operator_v3' retrieved from /home/airflow/.local/lib/python3.12/site-packages/airflow/example_dags/example_branch_python_dop_operator_3.py
[2024-07-10T04:16:38.488+0000] {logging_mixin.py:188} INFO - [2024-07-10T04:16:38.488+0000] {dag.py:3096} INFO - Sync 1 DAGs
[2024-07-10T04:16:38.530+0000] {logging_mixin.py:188} INFO - [2024-07-10T04:16:38.530+0000] {dag.py:3954} INFO - Setting next_dagrun for example_branch_dop_operator_v3 to 2024-07-10 04:15:00+00:00, run_after=2024-07-10 04:16:00+00:00
[2024-07-10T04:16:38.569+0000] {processor.py:183} INFO - Processing /home/airflow/.local/lib/python3.12/site-packages/airflow/example_dags/example_branch_python_dop_operator_3.py took 0.142 seconds
[2024-07-10T04:17:09.480+0000] {processor.py:161} INFO - Started process (PID=200) to work on /home/airflow/.local/lib/python3.12/site-packages/airflow/example_dags/example_branch_python_dop_operator_3.py
[2024-07-10T04:17:09.482+0000] {processor.py:830} INFO - Processing file /home/airflow/.local/lib/python3.12/site-packages/airflow/example_dags/example_branch_python_dop_operator_3.py for tasks to queue
[2024-07-10T04:17:09.485+0000] {logging_mixin.py:188} INFO - [2024-07-10T04:17:09.485+0000] {dagbag.py:545} INFO - Filling up the DagBag from /home/airflow/.local/lib/python3.12/site-packages/airflow/example_dags/example_branch_python_dop_operator_3.py
[2024-07-10T04:17:09.506+0000] {processor.py:840} INFO - DAG(s) 'example_branch_dop_operator_v3' retrieved from /home/airflow/.local/lib/python3.12/site-packages/airflow/example_dags/example_branch_python_dop_operator_3.py
[2024-07-10T04:17:09.553+0000] {logging_mixin.py:188} INFO - [2024-07-10T04:17:09.552+0000] {dag.py:3096} INFO - Sync 1 DAGs
[2024-07-10T04:17:09.626+0000] {logging_mixin.py:188} INFO - [2024-07-10T04:17:09.625+0000] {dag.py:3954} INFO - Setting next_dagrun for example_branch_dop_operator_v3 to 2024-07-10 04:16:00+00:00, run_after=2024-07-10 04:17:00+00:00
[2024-07-10T04:17:09.681+0000] {processor.py:183} INFO - Processing /home/airflow/.local/lib/python3.12/site-packages/airflow/example_dags/example_branch_python_dop_operator_3.py took 0.212 seconds
[2024-07-10T04:18:44.097+0000] {processor.py:161} INFO - Started process (PID=79) to work on /home/airflow/.local/lib/python3.12/site-packages/airflow/example_dags/example_branch_python_dop_operator_3.py
[2024-07-10T04:18:44.098+0000] {processor.py:830} INFO - Processing file /home/airflow/.local/lib/python3.12/site-packages/airflow/example_dags/example_branch_python_dop_operator_3.py for tasks to queue
[2024-07-10T04:18:44.100+0000] {logging_mixin.py:188} INFO - [2024-07-10T04:18:44.100+0000] {dagbag.py:545} INFO - Filling up the DagBag from /home/airflow/.local/lib/python3.12/site-packages/airflow/example_dags/example_branch_python_dop_operator_3.py
[2024-07-10T04:18:44.110+0000] {processor.py:840} INFO - DAG(s) 'example_branch_dop_operator_v3' retrieved from /home/airflow/.local/lib/python3.12/site-packages/airflow/example_dags/example_branch_python_dop_operator_3.py
[2024-07-10T04:18:44.236+0000] {logging_mixin.py:188} INFO - [2024-07-10T04:18:44.235+0000] {dag.py:3096} INFO - Sync 1 DAGs
[2024-07-10T04:18:44.273+0000] {logging_mixin.py:188} INFO - [2024-07-10T04:18:44.273+0000] {dag.py:3954} INFO - Setting next_dagrun for example_branch_dop_operator_v3 to 2024-07-10 04:17:00+00:00, run_after=2024-07-10 04:18:00+00:00
[2024-07-10T04:18:44.295+0000] {processor.py:183} INFO - Processing /home/airflow/.local/lib/python3.12/site-packages/airflow/example_dags/example_branch_python_dop_operator_3.py took 0.205 seconds
[2024-07-10T04:19:15.126+0000] {processor.py:161} INFO - Started process (PID=139) to work on /home/airflow/.local/lib/python3.12/site-packages/airflow/example_dags/example_branch_python_dop_operator_3.py
[2024-07-10T04:19:15.127+0000] {processor.py:830} INFO - Processing file /home/airflow/.local/lib/python3.12/site-packages/airflow/example_dags/example_branch_python_dop_operator_3.py for tasks to queue
[2024-07-10T04:19:15.130+0000] {logging_mixin.py:188} INFO - [2024-07-10T04:19:15.130+0000] {dagbag.py:545} INFO - Filling up the DagBag from /home/airflow/.local/lib/python3.12/site-packages/airflow/example_dags/example_branch_python_dop_operator_3.py
[2024-07-10T04:19:15.142+0000] {processor.py:840} INFO - DAG(s) 'example_branch_dop_operator_v3' retrieved from /home/airflow/.local/lib/python3.12/site-packages/airflow/example_dags/example_branch_python_dop_operator_3.py
[2024-07-10T04:19:15.170+0000] {logging_mixin.py:188} INFO - [2024-07-10T04:19:15.170+0000] {dag.py:3096} INFO - Sync 1 DAGs
[2024-07-10T04:19:15.205+0000] {logging_mixin.py:188} INFO - [2024-07-10T04:19:15.204+0000] {dag.py:3954} INFO - Setting next_dagrun for example_branch_dop_operator_v3 to 2024-07-10 04:18:00+00:00, run_after=2024-07-10 04:19:00+00:00
[2024-07-10T04:19:15.247+0000] {processor.py:183} INFO - Processing /home/airflow/.local/lib/python3.12/site-packages/airflow/example_dags/example_branch_python_dop_operator_3.py took 0.131 seconds
[2024-07-10T04:19:45.619+0000] {processor.py:161} INFO - Started process (PID=199) to work on /home/airflow/.local/lib/python3.12/site-packages/airflow/example_dags/example_branch_python_dop_operator_3.py
[2024-07-10T04:19:45.620+0000] {processor.py:830} INFO - Processing file /home/airflow/.local/lib/python3.12/site-packages/airflow/example_dags/example_branch_python_dop_operator_3.py for tasks to queue
[2024-07-10T04:19:45.622+0000] {logging_mixin.py:188} INFO - [2024-07-10T04:19:45.622+0000] {dagbag.py:545} INFO - Filling up the DagBag from /home/airflow/.local/lib/python3.12/site-packages/airflow/example_dags/example_branch_python_dop_operator_3.py
[2024-07-10T04:19:45.634+0000] {processor.py:840} INFO - DAG(s) 'example_branch_dop_operator_v3' retrieved from /home/airflow/.local/lib/python3.12/site-packages/airflow/example_dags/example_branch_python_dop_operator_3.py
[2024-07-10T04:19:45.675+0000] {logging_mixin.py:188} INFO - [2024-07-10T04:19:45.675+0000] {dag.py:3096} INFO - Sync 1 DAGs
[2024-07-10T04:19:45.708+0000] {logging_mixin.py:188} INFO - [2024-07-10T04:19:45.708+0000] {dag.py:3954} INFO - Setting next_dagrun for example_branch_dop_operator_v3 to 2024-07-10 04:18:00+00:00, run_after=2024-07-10 04:19:00+00:00
[2024-07-10T04:19:45.736+0000] {processor.py:183} INFO - Processing /home/airflow/.local/lib/python3.12/site-packages/airflow/example_dags/example_branch_python_dop_operator_3.py took 0.123 seconds
[2024-07-10T04:20:16.727+0000] {processor.py:161} INFO - Started process (PID=259) to work on /home/airflow/.local/lib/python3.12/site-packages/airflow/example_dags/example_branch_python_dop_operator_3.py
[2024-07-10T04:20:16.729+0000] {processor.py:830} INFO - Processing file /home/airflow/.local/lib/python3.12/site-packages/airflow/example_dags/example_branch_python_dop_operator_3.py for tasks to queue
[2024-07-10T04:20:16.731+0000] {logging_mixin.py:188} INFO - [2024-07-10T04:20:16.731+0000] {dagbag.py:545} INFO - Filling up the DagBag from /home/airflow/.local/lib/python3.12/site-packages/airflow/example_dags/example_branch_python_dop_operator_3.py
[2024-07-10T04:20:16.743+0000] {processor.py:840} INFO - DAG(s) 'example_branch_dop_operator_v3' retrieved from /home/airflow/.local/lib/python3.12/site-packages/airflow/example_dags/example_branch_python_dop_operator_3.py
[2024-07-10T04:20:16.771+0000] {logging_mixin.py:188} INFO - [2024-07-10T04:20:16.770+0000] {dag.py:3096} INFO - Sync 1 DAGs
[2024-07-10T04:20:16.803+0000] {logging_mixin.py:188} INFO - [2024-07-10T04:20:16.802+0000] {dag.py:3954} INFO - Setting next_dagrun for example_branch_dop_operator_v3 to 2024-07-10 04:19:00+00:00, run_after=2024-07-10 04:20:00+00:00
[2024-07-10T04:20:16.829+0000] {processor.py:183} INFO - Processing /home/airflow/.local/lib/python3.12/site-packages/airflow/example_dags/example_branch_python_dop_operator_3.py took 0.109 seconds
[2024-07-10T04:20:47.826+0000] {processor.py:161} INFO - Started process (PID=323) to work on /home/airflow/.local/lib/python3.12/site-packages/airflow/example_dags/example_branch_python_dop_operator_3.py
[2024-07-10T04:20:47.828+0000] {processor.py:830} INFO - Processing file /home/airflow/.local/lib/python3.12/site-packages/airflow/example_dags/example_branch_python_dop_operator_3.py for tasks to queue
[2024-07-10T04:20:47.830+0000] {logging_mixin.py:188} INFO - [2024-07-10T04:20:47.830+0000] {dagbag.py:545} INFO - Filling up the DagBag from /home/airflow/.local/lib/python3.12/site-packages/airflow/example_dags/example_branch_python_dop_operator_3.py
[2024-07-10T04:20:47.843+0000] {processor.py:840} INFO - DAG(s) 'example_branch_dop_operator_v3' retrieved from /home/airflow/.local/lib/python3.12/site-packages/airflow/example_dags/example_branch_python_dop_operator_3.py
[2024-07-10T04:20:47.875+0000] {logging_mixin.py:188} INFO - [2024-07-10T04:20:47.875+0000] {dag.py:3096} INFO - Sync 1 DAGs
[2024-07-10T04:20:47.948+0000] {logging_mixin.py:188} INFO - [2024-07-10T04:20:47.947+0000] {dag.py:3954} INFO - Setting next_dagrun for example_branch_dop_operator_v3 to 2024-07-10 04:19:00+00:00, run_after=2024-07-10 04:20:00+00:00
[2024-07-10T04:20:47.987+0000] {processor.py:183} INFO - Processing /home/airflow/.local/lib/python3.12/site-packages/airflow/example_dags/example_branch_python_dop_operator_3.py took 0.167 seconds
[2024-07-10T04:21:18.324+0000] {processor.py:161} INFO - Started process (PID=383) to work on /home/airflow/.local/lib/python3.12/site-packages/airflow/example_dags/example_branch_python_dop_operator_3.py
[2024-07-10T04:21:18.326+0000] {processor.py:830} INFO - Processing file /home/airflow/.local/lib/python3.12/site-packages/airflow/example_dags/example_branch_python_dop_operator_3.py for tasks to queue
[2024-07-10T04:21:18.330+0000] {logging_mixin.py:188} INFO - [2024-07-10T04:21:18.329+0000] {dagbag.py:545} INFO - Filling up the DagBag from /home/airflow/.local/lib/python3.12/site-packages/airflow/example_dags/example_branch_python_dop_operator_3.py
[2024-07-10T04:21:18.351+0000] {processor.py:840} INFO - DAG(s) 'example_branch_dop_operator_v3' retrieved from /home/airflow/.local/lib/python3.12/site-packages/airflow/example_dags/example_branch_python_dop_operator_3.py
[2024-07-10T04:21:18.395+0000] {logging_mixin.py:188} INFO - [2024-07-10T04:21:18.395+0000] {dag.py:3096} INFO - Sync 1 DAGs
[2024-07-10T04:21:18.447+0000] {logging_mixin.py:188} INFO - [2024-07-10T04:21:18.447+0000] {dag.py:3954} INFO - Setting next_dagrun for example_branch_dop_operator_v3 to 2024-07-10 04:20:00+00:00, run_after=2024-07-10 04:21:00+00:00
[2024-07-10T04:21:18.481+0000] {processor.py:183} INFO - Processing /home/airflow/.local/lib/python3.12/site-packages/airflow/example_dags/example_branch_python_dop_operator_3.py took 0.171 seconds
[2024-07-10T04:25:49.635+0000] {processor.py:161} INFO - Started process (PID=79) to work on /home/airflow/.local/lib/python3.12/site-packages/airflow/example_dags/example_branch_python_dop_operator_3.py
[2024-07-10T04:25:49.636+0000] {processor.py:830} INFO - Processing file /home/airflow/.local/lib/python3.12/site-packages/airflow/example_dags/example_branch_python_dop_operator_3.py for tasks to queue
[2024-07-10T04:25:49.639+0000] {logging_mixin.py:188} INFO - [2024-07-10T04:25:49.638+0000] {dagbag.py:545} INFO - Filling up the DagBag from /home/airflow/.local/lib/python3.12/site-packages/airflow/example_dags/example_branch_python_dop_operator_3.py
[2024-07-10T04:25:49.650+0000] {processor.py:840} INFO - DAG(s) 'example_branch_dop_operator_v3' retrieved from /home/airflow/.local/lib/python3.12/site-packages/airflow/example_dags/example_branch_python_dop_operator_3.py
[2024-07-10T04:25:49.768+0000] {logging_mixin.py:188} INFO - [2024-07-10T04:25:49.767+0000] {dag.py:3096} INFO - Sync 1 DAGs
[2024-07-10T04:25:49.794+0000] {logging_mixin.py:188} INFO - [2024-07-10T04:25:49.793+0000] {dag.py:3954} INFO - Setting next_dagrun for example_branch_dop_operator_v3 to 2024-07-10 04:24:00+00:00, run_after=2024-07-10 04:25:00+00:00
[2024-07-10T04:25:49.833+0000] {processor.py:183} INFO - Processing /home/airflow/.local/lib/python3.12/site-packages/airflow/example_dags/example_branch_python_dop_operator_3.py took 0.206 seconds
[2024-07-10T04:26:20.741+0000] {processor.py:161} INFO - Started process (PID=139) to work on /home/airflow/.local/lib/python3.12/site-packages/airflow/example_dags/example_branch_python_dop_operator_3.py
[2024-07-10T04:26:20.743+0000] {processor.py:830} INFO - Processing file /home/airflow/.local/lib/python3.12/site-packages/airflow/example_dags/example_branch_python_dop_operator_3.py for tasks to queue
[2024-07-10T04:26:20.748+0000] {logging_mixin.py:188} INFO - [2024-07-10T04:26:20.748+0000] {dagbag.py:545} INFO - Filling up the DagBag from /home/airflow/.local/lib/python3.12/site-packages/airflow/example_dags/example_branch_python_dop_operator_3.py
[2024-07-10T04:26:20.787+0000] {processor.py:840} INFO - DAG(s) 'example_branch_dop_operator_v3' retrieved from /home/airflow/.local/lib/python3.12/site-packages/airflow/example_dags/example_branch_python_dop_operator_3.py
[2024-07-10T04:26:20.842+0000] {logging_mixin.py:188} INFO - [2024-07-10T04:26:20.842+0000] {dag.py:3096} INFO - Sync 1 DAGs
[2024-07-10T04:26:20.902+0000] {logging_mixin.py:188} INFO - [2024-07-10T04:26:20.901+0000] {dag.py:3954} INFO - Setting next_dagrun for example_branch_dop_operator_v3 to 2024-07-10 04:25:00+00:00, run_after=2024-07-10 04:26:00+00:00
[2024-07-10T04:26:20.936+0000] {processor.py:183} INFO - Processing /home/airflow/.local/lib/python3.12/site-packages/airflow/example_dags/example_branch_python_dop_operator_3.py took 0.207 seconds
[2024-07-10T04:26:51.249+0000] {processor.py:161} INFO - Started process (PID=199) to work on /home/airflow/.local/lib/python3.12/site-packages/airflow/example_dags/example_branch_python_dop_operator_3.py
[2024-07-10T04:26:51.250+0000] {processor.py:830} INFO - Processing file /home/airflow/.local/lib/python3.12/site-packages/airflow/example_dags/example_branch_python_dop_operator_3.py for tasks to queue
[2024-07-10T04:26:51.252+0000] {logging_mixin.py:188} INFO - [2024-07-10T04:26:51.251+0000] {dagbag.py:545} INFO - Filling up the DagBag from /home/airflow/.local/lib/python3.12/site-packages/airflow/example_dags/example_branch_python_dop_operator_3.py
[2024-07-10T04:26:51.261+0000] {processor.py:840} INFO - DAG(s) 'example_branch_dop_operator_v3' retrieved from /home/airflow/.local/lib/python3.12/site-packages/airflow/example_dags/example_branch_python_dop_operator_3.py
[2024-07-10T04:26:51.287+0000] {logging_mixin.py:188} INFO - [2024-07-10T04:26:51.287+0000] {dag.py:3096} INFO - Sync 1 DAGs
[2024-07-10T04:26:51.323+0000] {logging_mixin.py:188} INFO - [2024-07-10T04:26:51.322+0000] {dag.py:3954} INFO - Setting next_dagrun for example_branch_dop_operator_v3 to 2024-07-10 04:25:00+00:00, run_after=2024-07-10 04:26:00+00:00
[2024-07-10T04:26:51.348+0000] {processor.py:183} INFO - Processing /home/airflow/.local/lib/python3.12/site-packages/airflow/example_dags/example_branch_python_dop_operator_3.py took 0.107 seconds
[2024-07-10T04:27:21.661+0000] {processor.py:161} INFO - Started process (PID=259) to work on /home/airflow/.local/lib/python3.12/site-packages/airflow/example_dags/example_branch_python_dop_operator_3.py
[2024-07-10T04:27:21.662+0000] {processor.py:830} INFO - Processing file /home/airflow/.local/lib/python3.12/site-packages/airflow/example_dags/example_branch_python_dop_operator_3.py for tasks to queue
[2024-07-10T04:27:21.665+0000] {logging_mixin.py:188} INFO - [2024-07-10T04:27:21.664+0000] {dagbag.py:545} INFO - Filling up the DagBag from /home/airflow/.local/lib/python3.12/site-packages/airflow/example_dags/example_branch_python_dop_operator_3.py
[2024-07-10T04:27:21.677+0000] {processor.py:840} INFO - DAG(s) 'example_branch_dop_operator_v3' retrieved from /home/airflow/.local/lib/python3.12/site-packages/airflow/example_dags/example_branch_python_dop_operator_3.py
[2024-07-10T04:27:21.703+0000] {logging_mixin.py:188} INFO - [2024-07-10T04:27:21.702+0000] {dag.py:3096} INFO - Sync 1 DAGs
[2024-07-10T04:27:21.736+0000] {logging_mixin.py:188} INFO - [2024-07-10T04:27:21.736+0000] {dag.py:3954} INFO - Setting next_dagrun for example_branch_dop_operator_v3 to 2024-07-10 04:26:00+00:00, run_after=2024-07-10 04:27:00+00:00
[2024-07-10T04:27:21.761+0000] {processor.py:183} INFO - Processing /home/airflow/.local/lib/python3.12/site-packages/airflow/example_dags/example_branch_python_dop_operator_3.py took 0.107 seconds
[2024-07-10T04:29:04.280+0000] {processor.py:161} INFO - Started process (PID=78) to work on /home/airflow/.local/lib/python3.12/site-packages/airflow/example_dags/example_branch_python_dop_operator_3.py
[2024-07-10T04:29:04.288+0000] {processor.py:830} INFO - Processing file /home/airflow/.local/lib/python3.12/site-packages/airflow/example_dags/example_branch_python_dop_operator_3.py for tasks to queue
[2024-07-10T04:29:04.293+0000] {logging_mixin.py:188} INFO - [2024-07-10T04:29:04.292+0000] {dagbag.py:545} INFO - Filling up the DagBag from /home/airflow/.local/lib/python3.12/site-packages/airflow/example_dags/example_branch_python_dop_operator_3.py
[2024-07-10T04:29:04.331+0000] {processor.py:840} INFO - DAG(s) 'example_branch_dop_operator_v3' retrieved from /home/airflow/.local/lib/python3.12/site-packages/airflow/example_dags/example_branch_python_dop_operator_3.py
[2024-07-10T04:29:04.723+0000] {logging_mixin.py:188} INFO - [2024-07-10T04:29:04.722+0000] {dag.py:3096} INFO - Sync 1 DAGs
[2024-07-10T04:29:04.809+0000] {logging_mixin.py:188} INFO - [2024-07-10T04:29:04.808+0000] {dag.py:3954} INFO - Setting next_dagrun for example_branch_dop_operator_v3 to 2024-07-10 04:28:00+00:00, run_after=2024-07-10 04:29:00+00:00
[2024-07-10T04:29:04.871+0000] {processor.py:183} INFO - Processing /home/airflow/.local/lib/python3.12/site-packages/airflow/example_dags/example_branch_python_dop_operator_3.py took 0.611 seconds
[2024-07-10T04:29:34.974+0000] {processor.py:161} INFO - Started process (PID=138) to work on /home/airflow/.local/lib/python3.12/site-packages/airflow/example_dags/example_branch_python_dop_operator_3.py
[2024-07-10T04:29:34.976+0000] {processor.py:830} INFO - Processing file /home/airflow/.local/lib/python3.12/site-packages/airflow/example_dags/example_branch_python_dop_operator_3.py for tasks to queue
[2024-07-10T04:29:34.984+0000] {logging_mixin.py:188} INFO - [2024-07-10T04:29:34.980+0000] {dagbag.py:545} INFO - Filling up the DagBag from /home/airflow/.local/lib/python3.12/site-packages/airflow/example_dags/example_branch_python_dop_operator_3.py
[2024-07-10T04:29:35.006+0000] {processor.py:840} INFO - DAG(s) 'example_branch_dop_operator_v3' retrieved from /home/airflow/.local/lib/python3.12/site-packages/airflow/example_dags/example_branch_python_dop_operator_3.py
[2024-07-10T04:29:35.066+0000] {logging_mixin.py:188} INFO - [2024-07-10T04:29:35.065+0000] {dag.py:3096} INFO - Sync 1 DAGs
[2024-07-10T04:29:35.150+0000] {logging_mixin.py:188} INFO - [2024-07-10T04:29:35.149+0000] {dag.py:3954} INFO - Setting next_dagrun for example_branch_dop_operator_v3 to 2024-07-10 04:28:00+00:00, run_after=2024-07-10 04:29:00+00:00
[2024-07-10T04:29:35.202+0000] {processor.py:183} INFO - Processing /home/airflow/.local/lib/python3.12/site-packages/airflow/example_dags/example_branch_python_dop_operator_3.py took 0.246 seconds
[2024-07-10T04:30:06.329+0000] {processor.py:161} INFO - Started process (PID=198) to work on /home/airflow/.local/lib/python3.12/site-packages/airflow/example_dags/example_branch_python_dop_operator_3.py
[2024-07-10T04:30:06.330+0000] {processor.py:830} INFO - Processing file /home/airflow/.local/lib/python3.12/site-packages/airflow/example_dags/example_branch_python_dop_operator_3.py for tasks to queue
[2024-07-10T04:30:06.334+0000] {logging_mixin.py:188} INFO - [2024-07-10T04:30:06.334+0000] {dagbag.py:545} INFO - Filling up the DagBag from /home/airflow/.local/lib/python3.12/site-packages/airflow/example_dags/example_branch_python_dop_operator_3.py
[2024-07-10T04:30:06.365+0000] {processor.py:840} INFO - DAG(s) 'example_branch_dop_operator_v3' retrieved from /home/airflow/.local/lib/python3.12/site-packages/airflow/example_dags/example_branch_python_dop_operator_3.py
[2024-07-10T04:30:06.487+0000] {logging_mixin.py:188} INFO - [2024-07-10T04:30:06.487+0000] {dag.py:3096} INFO - Sync 1 DAGs
[2024-07-10T04:30:06.644+0000] {logging_mixin.py:188} INFO - [2024-07-10T04:30:06.643+0000] {dag.py:3954} INFO - Setting next_dagrun for example_branch_dop_operator_v3 to 2024-07-10 04:29:00+00:00, run_after=2024-07-10 04:30:00+00:00
[2024-07-10T04:30:06.699+0000] {processor.py:183} INFO - Processing /home/airflow/.local/lib/python3.12/site-packages/airflow/example_dags/example_branch_python_dop_operator_3.py took 0.389 seconds
[2024-07-10T04:30:37.214+0000] {processor.py:161} INFO - Started process (PID=258) to work on /home/airflow/.local/lib/python3.12/site-packages/airflow/example_dags/example_branch_python_dop_operator_3.py
[2024-07-10T04:30:37.219+0000] {processor.py:830} INFO - Processing file /home/airflow/.local/lib/python3.12/site-packages/airflow/example_dags/example_branch_python_dop_operator_3.py for tasks to queue
[2024-07-10T04:30:37.229+0000] {logging_mixin.py:188} INFO - [2024-07-10T04:30:37.228+0000] {dagbag.py:545} INFO - Filling up the DagBag from /home/airflow/.local/lib/python3.12/site-packages/airflow/example_dags/example_branch_python_dop_operator_3.py
[2024-07-10T04:30:37.265+0000] {processor.py:840} INFO - DAG(s) 'example_branch_dop_operator_v3' retrieved from /home/airflow/.local/lib/python3.12/site-packages/airflow/example_dags/example_branch_python_dop_operator_3.py
[2024-07-10T04:30:37.312+0000] {logging_mixin.py:188} INFO - [2024-07-10T04:30:37.311+0000] {dag.py:3096} INFO - Sync 1 DAGs
[2024-07-10T04:30:37.380+0000] {logging_mixin.py:188} INFO - [2024-07-10T04:30:37.379+0000] {dag.py:3954} INFO - Setting next_dagrun for example_branch_dop_operator_v3 to 2024-07-10 04:29:00+00:00, run_after=2024-07-10 04:30:00+00:00
[2024-07-10T04:30:37.431+0000] {processor.py:183} INFO - Processing /home/airflow/.local/lib/python3.12/site-packages/airflow/example_dags/example_branch_python_dop_operator_3.py took 0.248 seconds
[2024-07-10T04:31:07.828+0000] {processor.py:161} INFO - Started process (PID=318) to work on /home/airflow/.local/lib/python3.12/site-packages/airflow/example_dags/example_branch_python_dop_operator_3.py
[2024-07-10T04:31:07.833+0000] {processor.py:830} INFO - Processing file /home/airflow/.local/lib/python3.12/site-packages/airflow/example_dags/example_branch_python_dop_operator_3.py for tasks to queue
[2024-07-10T04:31:07.838+0000] {logging_mixin.py:188} INFO - [2024-07-10T04:31:07.838+0000] {dagbag.py:545} INFO - Filling up the DagBag from /home/airflow/.local/lib/python3.12/site-packages/airflow/example_dags/example_branch_python_dop_operator_3.py
[2024-07-10T04:31:07.882+0000] {processor.py:840} INFO - DAG(s) 'example_branch_dop_operator_v3' retrieved from /home/airflow/.local/lib/python3.12/site-packages/airflow/example_dags/example_branch_python_dop_operator_3.py
[2024-07-10T04:31:07.984+0000] {logging_mixin.py:188} INFO - [2024-07-10T04:31:07.983+0000] {dag.py:3096} INFO - Sync 1 DAGs
[2024-07-10T04:31:08.074+0000] {logging_mixin.py:188} INFO - [2024-07-10T04:31:08.074+0000] {dag.py:3954} INFO - Setting next_dagrun for example_branch_dop_operator_v3 to 2024-07-10 04:30:00+00:00, run_after=2024-07-10 04:31:00+00:00
[2024-07-10T04:31:08.140+0000] {processor.py:183} INFO - Processing /home/airflow/.local/lib/python3.12/site-packages/airflow/example_dags/example_branch_python_dop_operator_3.py took 0.337 seconds
[2024-07-10T04:31:39.176+0000] {processor.py:161} INFO - Started process (PID=378) to work on /home/airflow/.local/lib/python3.12/site-packages/airflow/example_dags/example_branch_python_dop_operator_3.py
[2024-07-10T04:31:39.178+0000] {processor.py:830} INFO - Processing file /home/airflow/.local/lib/python3.12/site-packages/airflow/example_dags/example_branch_python_dop_operator_3.py for tasks to queue
[2024-07-10T04:31:39.183+0000] {logging_mixin.py:188} INFO - [2024-07-10T04:31:39.182+0000] {dagbag.py:545} INFO - Filling up the DagBag from /home/airflow/.local/lib/python3.12/site-packages/airflow/example_dags/example_branch_python_dop_operator_3.py
[2024-07-10T04:31:39.210+0000] {processor.py:840} INFO - DAG(s) 'example_branch_dop_operator_v3' retrieved from /home/airflow/.local/lib/python3.12/site-packages/airflow/example_dags/example_branch_python_dop_operator_3.py
[2024-07-10T04:31:39.251+0000] {logging_mixin.py:188} INFO - [2024-07-10T04:31:39.251+0000] {dag.py:3096} INFO - Sync 1 DAGs
[2024-07-10T04:31:39.315+0000] {logging_mixin.py:188} INFO - [2024-07-10T04:31:39.314+0000] {dag.py:3954} INFO - Setting next_dagrun for example_branch_dop_operator_v3 to 2024-07-10 04:30:00+00:00, run_after=2024-07-10 04:31:00+00:00
[2024-07-10T04:31:39.374+0000] {processor.py:183} INFO - Processing /home/airflow/.local/lib/python3.12/site-packages/airflow/example_dags/example_branch_python_dop_operator_3.py took 0.217 seconds
