[2024-07-10T04:12:55.203+0000] {processor.py:161} INFO - Started process (PID=38) to work on /home/airflow/.local/lib/python3.12/site-packages/airflow/example_dags/example_datasets.py
[2024-07-10T04:12:55.206+0000] {processor.py:830} INFO - Processing file /home/airflow/.local/lib/python3.12/site-packages/airflow/example_dags/example_datasets.py for tasks to queue
[2024-07-10T04:12:55.210+0000] {logging_mixin.py:188} INFO - [2024-07-10T04:12:55.209+0000] {dagbag.py:545} INFO - Filling up the DagBag from /home/airflow/.local/lib/python3.12/site-packages/airflow/example_dags/example_datasets.py
[2024-07-10T04:12:55.245+0000] {processor.py:840} INFO - DAG(s) 'dataset_produces_2', 'dataset_produces_1', 'dataset_consumes_1_and_2', 'dataset_consumes_1', 'conditional_dataset_and_time_based_timetable', 'consume_1_and_2_with_dataset_expressions', 'consume_1_or_2_with_dataset_expressions', 'consume_1_or_both_2_and_3_with_dataset_expressions', 'dataset_consumes_1_never_scheduled', 'dataset_consumes_unknown_never_scheduled' retrieved from /home/airflow/.local/lib/python3.12/site-packages/airflow/example_dags/example_datasets.py
[2024-07-10T04:12:55.336+0000] {logging_mixin.py:188} INFO - [2024-07-10T04:12:55.336+0000] {dag.py:3096} INFO - Sync 10 DAGs
[2024-07-10T04:12:55.381+0000] {logging_mixin.py:188} INFO - [2024-07-10T04:12:55.381+0000] {dag.py:3954} INFO - Setting next_dagrun for conditional_dataset_and_time_based_timetable to 2024-07-10 01:00:00+00:00, run_after=2024-07-10 01:00:00+00:00
[2024-07-10T04:12:55.388+0000] {logging_mixin.py:188} INFO - [2024-07-10T04:12:55.387+0000] {dag.py:3954} INFO - Setting next_dagrun for consume_1_and_2_with_dataset_expressions to None, run_after=None
[2024-07-10T04:12:55.390+0000] {logging_mixin.py:188} INFO - [2024-07-10T04:12:55.390+0000] {dag.py:3954} INFO - Setting next_dagrun for consume_1_or_2_with_dataset_expressions to None, run_after=None
[2024-07-10T04:12:55.393+0000] {logging_mixin.py:188} INFO - [2024-07-10T04:12:55.393+0000] {dag.py:3954} INFO - Setting next_dagrun for consume_1_or_both_2_and_3_with_dataset_expressions to None, run_after=None
[2024-07-10T04:12:55.395+0000] {logging_mixin.py:188} INFO - [2024-07-10T04:12:55.395+0000] {dag.py:3954} INFO - Setting next_dagrun for dataset_consumes_1 to None, run_after=None
[2024-07-10T04:12:55.398+0000] {logging_mixin.py:188} INFO - [2024-07-10T04:12:55.398+0000] {dag.py:3954} INFO - Setting next_dagrun for dataset_consumes_1_and_2 to None, run_after=None
[2024-07-10T04:12:55.401+0000] {logging_mixin.py:188} INFO - [2024-07-10T04:12:55.400+0000] {dag.py:3954} INFO - Setting next_dagrun for dataset_consumes_1_never_scheduled to None, run_after=None
[2024-07-10T04:12:55.403+0000] {logging_mixin.py:188} INFO - [2024-07-10T04:12:55.403+0000] {dag.py:3954} INFO - Setting next_dagrun for dataset_consumes_unknown_never_scheduled to None, run_after=None
[2024-07-10T04:12:55.410+0000] {logging_mixin.py:188} INFO - [2024-07-10T04:12:55.409+0000] {dag.py:3954} INFO - Setting next_dagrun for dataset_produces_1 to 2024-07-09 00:00:00+00:00, run_after=2024-07-10 00:00:00+00:00
[2024-07-10T04:12:55.412+0000] {logging_mixin.py:188} INFO - [2024-07-10T04:12:55.412+0000] {dag.py:3954} INFO - Setting next_dagrun for dataset_produces_2 to None, run_after=None
[2024-07-10T04:12:55.471+0000] {processor.py:183} INFO - Processing /home/airflow/.local/lib/python3.12/site-packages/airflow/example_dags/example_datasets.py took 0.281 seconds
[2024-07-10T04:13:26.122+0000] {processor.py:161} INFO - Started process (PID=98) to work on /home/airflow/.local/lib/python3.12/site-packages/airflow/example_dags/example_datasets.py
[2024-07-10T04:13:26.123+0000] {processor.py:830} INFO - Processing file /home/airflow/.local/lib/python3.12/site-packages/airflow/example_dags/example_datasets.py for tasks to queue
[2024-07-10T04:13:26.125+0000] {logging_mixin.py:188} INFO - [2024-07-10T04:13:26.125+0000] {dagbag.py:545} INFO - Filling up the DagBag from /home/airflow/.local/lib/python3.12/site-packages/airflow/example_dags/example_datasets.py
[2024-07-10T04:13:26.139+0000] {processor.py:840} INFO - DAG(s) 'dataset_produces_2', 'consume_1_and_2_with_dataset_expressions', 'dataset_consumes_1_never_scheduled', 'conditional_dataset_and_time_based_timetable', 'dataset_consumes_1', 'dataset_produces_1', 'consume_1_or_both_2_and_3_with_dataset_expressions', 'dataset_consumes_unknown_never_scheduled', 'consume_1_or_2_with_dataset_expressions', 'dataset_consumes_1_and_2' retrieved from /home/airflow/.local/lib/python3.12/site-packages/airflow/example_dags/example_datasets.py
[2024-07-10T04:13:26.195+0000] {logging_mixin.py:188} INFO - [2024-07-10T04:13:26.194+0000] {dag.py:3096} INFO - Sync 10 DAGs
[2024-07-10T04:13:26.223+0000] {logging_mixin.py:188} INFO - [2024-07-10T04:13:26.222+0000] {dag.py:3954} INFO - Setting next_dagrun for conditional_dataset_and_time_based_timetable to 2024-07-10 01:00:00+00:00, run_after=2024-07-10 01:00:00+00:00
[2024-07-10T04:13:26.227+0000] {logging_mixin.py:188} INFO - [2024-07-10T04:13:26.227+0000] {dag.py:3954} INFO - Setting next_dagrun for consume_1_and_2_with_dataset_expressions to None, run_after=None
[2024-07-10T04:13:26.230+0000] {logging_mixin.py:188} INFO - [2024-07-10T04:13:26.230+0000] {dag.py:3954} INFO - Setting next_dagrun for consume_1_or_2_with_dataset_expressions to None, run_after=None
[2024-07-10T04:13:26.232+0000] {logging_mixin.py:188} INFO - [2024-07-10T04:13:26.232+0000] {dag.py:3954} INFO - Setting next_dagrun for consume_1_or_both_2_and_3_with_dataset_expressions to None, run_after=None
[2024-07-10T04:13:26.234+0000] {logging_mixin.py:188} INFO - [2024-07-10T04:13:26.233+0000] {dag.py:3954} INFO - Setting next_dagrun for dataset_consumes_1 to None, run_after=None
[2024-07-10T04:13:26.235+0000] {logging_mixin.py:188} INFO - [2024-07-10T04:13:26.235+0000] {dag.py:3954} INFO - Setting next_dagrun for dataset_consumes_1_and_2 to None, run_after=None
[2024-07-10T04:13:26.237+0000] {logging_mixin.py:188} INFO - [2024-07-10T04:13:26.236+0000] {dag.py:3954} INFO - Setting next_dagrun for dataset_consumes_1_never_scheduled to None, run_after=None
[2024-07-10T04:13:26.238+0000] {logging_mixin.py:188} INFO - [2024-07-10T04:13:26.238+0000] {dag.py:3954} INFO - Setting next_dagrun for dataset_consumes_unknown_never_scheduled to None, run_after=None
[2024-07-10T04:13:26.241+0000] {logging_mixin.py:188} INFO - [2024-07-10T04:13:26.241+0000] {dag.py:3954} INFO - Setting next_dagrun for dataset_produces_1 to 2024-07-09 00:00:00+00:00, run_after=2024-07-10 00:00:00+00:00
[2024-07-10T04:13:26.242+0000] {logging_mixin.py:188} INFO - [2024-07-10T04:13:26.242+0000] {dag.py:3954} INFO - Setting next_dagrun for dataset_produces_2 to None, run_after=None
[2024-07-10T04:13:26.296+0000] {processor.py:183} INFO - Processing /home/airflow/.local/lib/python3.12/site-packages/airflow/example_dags/example_datasets.py took 0.180 seconds
[2024-07-10T04:13:56.350+0000] {processor.py:161} INFO - Started process (PID=156) to work on /home/airflow/.local/lib/python3.12/site-packages/airflow/example_dags/example_datasets.py
[2024-07-10T04:13:56.351+0000] {processor.py:830} INFO - Processing file /home/airflow/.local/lib/python3.12/site-packages/airflow/example_dags/example_datasets.py for tasks to queue
[2024-07-10T04:13:56.352+0000] {logging_mixin.py:188} INFO - [2024-07-10T04:13:56.352+0000] {dagbag.py:545} INFO - Filling up the DagBag from /home/airflow/.local/lib/python3.12/site-packages/airflow/example_dags/example_datasets.py
[2024-07-10T04:13:56.368+0000] {processor.py:840} INFO - DAG(s) 'dataset_consumes_unknown_never_scheduled', 'dataset_consumes_1', 'conditional_dataset_and_time_based_timetable', 'dataset_consumes_1_and_2', 'dataset_produces_1', 'dataset_consumes_1_never_scheduled', 'consume_1_and_2_with_dataset_expressions', 'dataset_produces_2', 'consume_1_or_2_with_dataset_expressions', 'consume_1_or_both_2_and_3_with_dataset_expressions' retrieved from /home/airflow/.local/lib/python3.12/site-packages/airflow/example_dags/example_datasets.py
[2024-07-10T04:13:56.419+0000] {logging_mixin.py:188} INFO - [2024-07-10T04:13:56.419+0000] {dag.py:3096} INFO - Sync 10 DAGs
[2024-07-10T04:13:56.443+0000] {logging_mixin.py:188} INFO - [2024-07-10T04:13:56.442+0000] {dag.py:3954} INFO - Setting next_dagrun for conditional_dataset_and_time_based_timetable to 2024-07-10 01:00:00+00:00, run_after=2024-07-10 01:00:00+00:00
[2024-07-10T04:13:56.447+0000] {logging_mixin.py:188} INFO - [2024-07-10T04:13:56.447+0000] {dag.py:3954} INFO - Setting next_dagrun for consume_1_and_2_with_dataset_expressions to None, run_after=None
[2024-07-10T04:13:56.450+0000] {logging_mixin.py:188} INFO - [2024-07-10T04:13:56.449+0000] {dag.py:3954} INFO - Setting next_dagrun for consume_1_or_2_with_dataset_expressions to None, run_after=None
[2024-07-10T04:13:56.451+0000] {logging_mixin.py:188} INFO - [2024-07-10T04:13:56.451+0000] {dag.py:3954} INFO - Setting next_dagrun for consume_1_or_both_2_and_3_with_dataset_expressions to None, run_after=None
[2024-07-10T04:13:56.453+0000] {logging_mixin.py:188} INFO - [2024-07-10T04:13:56.453+0000] {dag.py:3954} INFO - Setting next_dagrun for dataset_consumes_1 to None, run_after=None
[2024-07-10T04:13:56.454+0000] {logging_mixin.py:188} INFO - [2024-07-10T04:13:56.454+0000] {dag.py:3954} INFO - Setting next_dagrun for dataset_consumes_1_and_2 to None, run_after=None
[2024-07-10T04:13:56.456+0000] {logging_mixin.py:188} INFO - [2024-07-10T04:13:56.455+0000] {dag.py:3954} INFO - Setting next_dagrun for dataset_consumes_1_never_scheduled to None, run_after=None
[2024-07-10T04:13:56.457+0000] {logging_mixin.py:188} INFO - [2024-07-10T04:13:56.457+0000] {dag.py:3954} INFO - Setting next_dagrun for dataset_consumes_unknown_never_scheduled to None, run_after=None
[2024-07-10T04:13:56.460+0000] {logging_mixin.py:188} INFO - [2024-07-10T04:13:56.459+0000] {dag.py:3954} INFO - Setting next_dagrun for dataset_produces_1 to 2024-07-09 00:00:00+00:00, run_after=2024-07-10 00:00:00+00:00
[2024-07-10T04:13:56.462+0000] {logging_mixin.py:188} INFO - [2024-07-10T04:13:56.461+0000] {dag.py:3954} INFO - Setting next_dagrun for dataset_produces_2 to None, run_after=None
[2024-07-10T04:13:56.533+0000] {processor.py:183} INFO - Processing /home/airflow/.local/lib/python3.12/site-packages/airflow/example_dags/example_datasets.py took 0.188 seconds
[2024-07-10T04:15:56.540+0000] {processor.py:161} INFO - Started process (PID=38) to work on /home/airflow/.local/lib/python3.12/site-packages/airflow/example_dags/example_datasets.py
[2024-07-10T04:15:56.541+0000] {processor.py:830} INFO - Processing file /home/airflow/.local/lib/python3.12/site-packages/airflow/example_dags/example_datasets.py for tasks to queue
[2024-07-10T04:15:56.546+0000] {logging_mixin.py:188} INFO - [2024-07-10T04:15:56.545+0000] {dagbag.py:545} INFO - Filling up the DagBag from /home/airflow/.local/lib/python3.12/site-packages/airflow/example_dags/example_datasets.py
[2024-07-10T04:15:56.592+0000] {processor.py:840} INFO - DAG(s) 'dataset_produces_1', 'consume_1_and_2_with_dataset_expressions', 'dataset_consumes_unknown_never_scheduled', 'dataset_consumes_1', 'dataset_consumes_1_and_2', 'consume_1_or_both_2_and_3_with_dataset_expressions', 'consume_1_or_2_with_dataset_expressions', 'conditional_dataset_and_time_based_timetable', 'dataset_produces_2', 'dataset_consumes_1_never_scheduled' retrieved from /home/airflow/.local/lib/python3.12/site-packages/airflow/example_dags/example_datasets.py
[2024-07-10T04:15:57.135+0000] {logging_mixin.py:188} INFO - [2024-07-10T04:15:57.134+0000] {dag.py:3096} INFO - Sync 10 DAGs
[2024-07-10T04:15:57.191+0000] {logging_mixin.py:188} INFO - [2024-07-10T04:15:57.190+0000] {dag.py:3954} INFO - Setting next_dagrun for conditional_dataset_and_time_based_timetable to 2024-07-10 01:00:00+00:00, run_after=2024-07-10 01:00:00+00:00
[2024-07-10T04:15:57.198+0000] {logging_mixin.py:188} INFO - [2024-07-10T04:15:57.198+0000] {dag.py:3954} INFO - Setting next_dagrun for consume_1_and_2_with_dataset_expressions to None, run_after=None
[2024-07-10T04:15:57.202+0000] {logging_mixin.py:188} INFO - [2024-07-10T04:15:57.201+0000] {dag.py:3954} INFO - Setting next_dagrun for consume_1_or_2_with_dataset_expressions to None, run_after=None
[2024-07-10T04:15:57.205+0000] {logging_mixin.py:188} INFO - [2024-07-10T04:15:57.204+0000] {dag.py:3954} INFO - Setting next_dagrun for consume_1_or_both_2_and_3_with_dataset_expressions to None, run_after=None
[2024-07-10T04:15:57.207+0000] {logging_mixin.py:188} INFO - [2024-07-10T04:15:57.207+0000] {dag.py:3954} INFO - Setting next_dagrun for dataset_consumes_1 to None, run_after=None
[2024-07-10T04:15:57.209+0000] {logging_mixin.py:188} INFO - [2024-07-10T04:15:57.209+0000] {dag.py:3954} INFO - Setting next_dagrun for dataset_consumes_1_and_2 to None, run_after=None
[2024-07-10T04:15:57.213+0000] {logging_mixin.py:188} INFO - [2024-07-10T04:15:57.212+0000] {dag.py:3954} INFO - Setting next_dagrun for dataset_consumes_1_never_scheduled to None, run_after=None
[2024-07-10T04:15:57.216+0000] {logging_mixin.py:188} INFO - [2024-07-10T04:15:57.216+0000] {dag.py:3954} INFO - Setting next_dagrun for dataset_consumes_unknown_never_scheduled to None, run_after=None
[2024-07-10T04:15:57.223+0000] {logging_mixin.py:188} INFO - [2024-07-10T04:15:57.223+0000] {dag.py:3954} INFO - Setting next_dagrun for dataset_produces_1 to 2024-07-09 00:00:00+00:00, run_after=2024-07-10 00:00:00+00:00
[2024-07-10T04:15:57.226+0000] {logging_mixin.py:188} INFO - [2024-07-10T04:15:57.226+0000] {dag.py:3954} INFO - Setting next_dagrun for dataset_produces_2 to None, run_after=None
[2024-07-10T04:15:57.338+0000] {processor.py:183} INFO - Processing /home/airflow/.local/lib/python3.12/site-packages/airflow/example_dags/example_datasets.py took 0.812 seconds
[2024-07-10T04:16:27.522+0000] {processor.py:161} INFO - Started process (PID=98) to work on /home/airflow/.local/lib/python3.12/site-packages/airflow/example_dags/example_datasets.py
[2024-07-10T04:16:27.523+0000] {processor.py:830} INFO - Processing file /home/airflow/.local/lib/python3.12/site-packages/airflow/example_dags/example_datasets.py for tasks to queue
[2024-07-10T04:16:27.526+0000] {logging_mixin.py:188} INFO - [2024-07-10T04:16:27.525+0000] {dagbag.py:545} INFO - Filling up the DagBag from /home/airflow/.local/lib/python3.12/site-packages/airflow/example_dags/example_datasets.py
[2024-07-10T04:16:27.548+0000] {processor.py:840} INFO - DAG(s) 'dataset_consumes_1_and_2', 'consume_1_or_2_with_dataset_expressions', 'dataset_consumes_1_never_scheduled', 'dataset_produces_2', 'dataset_consumes_unknown_never_scheduled', 'conditional_dataset_and_time_based_timetable', 'dataset_consumes_1', 'dataset_produces_1', 'consume_1_and_2_with_dataset_expressions', 'consume_1_or_both_2_and_3_with_dataset_expressions' retrieved from /home/airflow/.local/lib/python3.12/site-packages/airflow/example_dags/example_datasets.py
[2024-07-10T04:16:27.619+0000] {logging_mixin.py:188} INFO - [2024-07-10T04:16:27.618+0000] {dag.py:3096} INFO - Sync 10 DAGs
[2024-07-10T04:16:27.657+0000] {logging_mixin.py:188} INFO - [2024-07-10T04:16:27.656+0000] {dag.py:3954} INFO - Setting next_dagrun for conditional_dataset_and_time_based_timetable to 2024-07-10 01:00:00+00:00, run_after=2024-07-10 01:00:00+00:00
[2024-07-10T04:16:27.665+0000] {logging_mixin.py:188} INFO - [2024-07-10T04:16:27.665+0000] {dag.py:3954} INFO - Setting next_dagrun for consume_1_and_2_with_dataset_expressions to None, run_after=None
[2024-07-10T04:16:27.668+0000] {logging_mixin.py:188} INFO - [2024-07-10T04:16:27.668+0000] {dag.py:3954} INFO - Setting next_dagrun for consume_1_or_2_with_dataset_expressions to None, run_after=None
[2024-07-10T04:16:27.670+0000] {logging_mixin.py:188} INFO - [2024-07-10T04:16:27.670+0000] {dag.py:3954} INFO - Setting next_dagrun for consume_1_or_both_2_and_3_with_dataset_expressions to None, run_after=None
[2024-07-10T04:16:27.672+0000] {logging_mixin.py:188} INFO - [2024-07-10T04:16:27.672+0000] {dag.py:3954} INFO - Setting next_dagrun for dataset_consumes_1 to None, run_after=None
[2024-07-10T04:16:27.674+0000] {logging_mixin.py:188} INFO - [2024-07-10T04:16:27.674+0000] {dag.py:3954} INFO - Setting next_dagrun for dataset_consumes_1_and_2 to None, run_after=None
[2024-07-10T04:16:27.677+0000] {logging_mixin.py:188} INFO - [2024-07-10T04:16:27.676+0000] {dag.py:3954} INFO - Setting next_dagrun for dataset_consumes_1_never_scheduled to None, run_after=None
[2024-07-10T04:16:27.679+0000] {logging_mixin.py:188} INFO - [2024-07-10T04:16:27.679+0000] {dag.py:3954} INFO - Setting next_dagrun for dataset_consumes_unknown_never_scheduled to None, run_after=None
[2024-07-10T04:16:27.685+0000] {logging_mixin.py:188} INFO - [2024-07-10T04:16:27.685+0000] {dag.py:3954} INFO - Setting next_dagrun for dataset_produces_1 to 2024-07-09 00:00:00+00:00, run_after=2024-07-10 00:00:00+00:00
[2024-07-10T04:16:27.688+0000] {logging_mixin.py:188} INFO - [2024-07-10T04:16:27.688+0000] {dag.py:3954} INFO - Setting next_dagrun for dataset_produces_2 to None, run_after=None
[2024-07-10T04:16:27.743+0000] {processor.py:183} INFO - Processing /home/airflow/.local/lib/python3.12/site-packages/airflow/example_dags/example_datasets.py took 0.229 seconds
[2024-07-10T04:16:58.210+0000] {processor.py:161} INFO - Started process (PID=158) to work on /home/airflow/.local/lib/python3.12/site-packages/airflow/example_dags/example_datasets.py
[2024-07-10T04:16:58.211+0000] {processor.py:830} INFO - Processing file /home/airflow/.local/lib/python3.12/site-packages/airflow/example_dags/example_datasets.py for tasks to queue
[2024-07-10T04:16:58.213+0000] {logging_mixin.py:188} INFO - [2024-07-10T04:16:58.213+0000] {dagbag.py:545} INFO - Filling up the DagBag from /home/airflow/.local/lib/python3.12/site-packages/airflow/example_dags/example_datasets.py
[2024-07-10T04:16:58.229+0000] {processor.py:840} INFO - DAG(s) 'consume_1_or_2_with_dataset_expressions', 'dataset_consumes_unknown_never_scheduled', 'consume_1_or_both_2_and_3_with_dataset_expressions', 'dataset_produces_2', 'consume_1_and_2_with_dataset_expressions', 'dataset_consumes_1_never_scheduled', 'dataset_produces_1', 'dataset_consumes_1_and_2', 'dataset_consumes_1', 'conditional_dataset_and_time_based_timetable' retrieved from /home/airflow/.local/lib/python3.12/site-packages/airflow/example_dags/example_datasets.py
[2024-07-10T04:16:58.294+0000] {logging_mixin.py:188} INFO - [2024-07-10T04:16:58.294+0000] {dag.py:3096} INFO - Sync 10 DAGs
[2024-07-10T04:16:58.324+0000] {logging_mixin.py:188} INFO - [2024-07-10T04:16:58.323+0000] {dag.py:3954} INFO - Setting next_dagrun for conditional_dataset_and_time_based_timetable to 2024-07-10 01:00:00+00:00, run_after=2024-07-10 01:00:00+00:00
[2024-07-10T04:16:58.328+0000] {logging_mixin.py:188} INFO - [2024-07-10T04:16:58.328+0000] {dag.py:3954} INFO - Setting next_dagrun for consume_1_and_2_with_dataset_expressions to None, run_after=None
[2024-07-10T04:16:58.331+0000] {logging_mixin.py:188} INFO - [2024-07-10T04:16:58.331+0000] {dag.py:3954} INFO - Setting next_dagrun for consume_1_or_2_with_dataset_expressions to None, run_after=None
[2024-07-10T04:16:58.333+0000] {logging_mixin.py:188} INFO - [2024-07-10T04:16:58.333+0000] {dag.py:3954} INFO - Setting next_dagrun for consume_1_or_both_2_and_3_with_dataset_expressions to None, run_after=None
[2024-07-10T04:16:58.335+0000] {logging_mixin.py:188} INFO - [2024-07-10T04:16:58.335+0000] {dag.py:3954} INFO - Setting next_dagrun for dataset_consumes_1 to None, run_after=None
[2024-07-10T04:16:58.337+0000] {logging_mixin.py:188} INFO - [2024-07-10T04:16:58.337+0000] {dag.py:3954} INFO - Setting next_dagrun for dataset_consumes_1_and_2 to None, run_after=None
[2024-07-10T04:16:58.339+0000] {logging_mixin.py:188} INFO - [2024-07-10T04:16:58.339+0000] {dag.py:3954} INFO - Setting next_dagrun for dataset_consumes_1_never_scheduled to None, run_after=None
[2024-07-10T04:16:58.341+0000] {logging_mixin.py:188} INFO - [2024-07-10T04:16:58.341+0000] {dag.py:3954} INFO - Setting next_dagrun for dataset_consumes_unknown_never_scheduled to None, run_after=None
[2024-07-10T04:16:58.345+0000] {logging_mixin.py:188} INFO - [2024-07-10T04:16:58.344+0000] {dag.py:3954} INFO - Setting next_dagrun for dataset_produces_1 to 2024-07-09 00:00:00+00:00, run_after=2024-07-10 00:00:00+00:00
[2024-07-10T04:16:58.347+0000] {logging_mixin.py:188} INFO - [2024-07-10T04:16:58.347+0000] {dag.py:3954} INFO - Setting next_dagrun for dataset_produces_2 to None, run_after=None
[2024-07-10T04:16:58.388+0000] {processor.py:183} INFO - Processing /home/airflow/.local/lib/python3.12/site-packages/airflow/example_dags/example_datasets.py took 0.187 seconds
[2024-07-10T04:18:35.236+0000] {processor.py:161} INFO - Started process (PID=38) to work on /home/airflow/.local/lib/python3.12/site-packages/airflow/example_dags/example_datasets.py
[2024-07-10T04:18:35.251+0000] {processor.py:830} INFO - Processing file /home/airflow/.local/lib/python3.12/site-packages/airflow/example_dags/example_datasets.py for tasks to queue
[2024-07-10T04:18:35.263+0000] {logging_mixin.py:188} INFO - [2024-07-10T04:18:35.262+0000] {dagbag.py:545} INFO - Filling up the DagBag from /home/airflow/.local/lib/python3.12/site-packages/airflow/example_dags/example_datasets.py
[2024-07-10T04:18:35.356+0000] {processor.py:840} INFO - DAG(s) 'dataset_produces_2', 'dataset_consumes_1', 'consume_1_or_2_with_dataset_expressions', 'dataset_produces_1', 'dataset_consumes_unknown_never_scheduled', 'conditional_dataset_and_time_based_timetable', 'dataset_consumes_1_never_scheduled', 'consume_1_and_2_with_dataset_expressions', 'dataset_consumes_1_and_2', 'consume_1_or_both_2_and_3_with_dataset_expressions' retrieved from /home/airflow/.local/lib/python3.12/site-packages/airflow/example_dags/example_datasets.py
[2024-07-10T04:18:36.269+0000] {logging_mixin.py:188} INFO - [2024-07-10T04:18:36.269+0000] {dag.py:3096} INFO - Sync 10 DAGs
[2024-07-10T04:18:36.414+0000] {logging_mixin.py:188} INFO - [2024-07-10T04:18:36.413+0000] {dag.py:3954} INFO - Setting next_dagrun for conditional_dataset_and_time_based_timetable to 2024-07-10 01:00:00+00:00, run_after=2024-07-10 01:00:00+00:00
[2024-07-10T04:18:36.433+0000] {logging_mixin.py:188} INFO - [2024-07-10T04:18:36.433+0000] {dag.py:3954} INFO - Setting next_dagrun for consume_1_and_2_with_dataset_expressions to None, run_after=None
[2024-07-10T04:18:36.447+0000] {logging_mixin.py:188} INFO - [2024-07-10T04:18:36.447+0000] {dag.py:3954} INFO - Setting next_dagrun for consume_1_or_2_with_dataset_expressions to None, run_after=None
[2024-07-10T04:18:36.469+0000] {logging_mixin.py:188} INFO - [2024-07-10T04:18:36.468+0000] {dag.py:3954} INFO - Setting next_dagrun for consume_1_or_both_2_and_3_with_dataset_expressions to None, run_after=None
[2024-07-10T04:18:36.474+0000] {logging_mixin.py:188} INFO - [2024-07-10T04:18:36.472+0000] {dag.py:3954} INFO - Setting next_dagrun for dataset_consumes_1 to None, run_after=None
[2024-07-10T04:18:36.487+0000] {logging_mixin.py:188} INFO - [2024-07-10T04:18:36.482+0000] {dag.py:3954} INFO - Setting next_dagrun for dataset_consumes_1_and_2 to None, run_after=None
[2024-07-10T04:18:36.492+0000] {logging_mixin.py:188} INFO - [2024-07-10T04:18:36.491+0000] {dag.py:3954} INFO - Setting next_dagrun for dataset_consumes_1_never_scheduled to None, run_after=None
[2024-07-10T04:18:36.506+0000] {logging_mixin.py:188} INFO - [2024-07-10T04:18:36.505+0000] {dag.py:3954} INFO - Setting next_dagrun for dataset_consumes_unknown_never_scheduled to None, run_after=None
[2024-07-10T04:18:36.522+0000] {logging_mixin.py:188} INFO - [2024-07-10T04:18:36.522+0000] {dag.py:3954} INFO - Setting next_dagrun for dataset_produces_1 to 2024-07-09 00:00:00+00:00, run_after=2024-07-10 00:00:00+00:00
[2024-07-10T04:18:36.534+0000] {logging_mixin.py:188} INFO - [2024-07-10T04:18:36.525+0000] {dag.py:3954} INFO - Setting next_dagrun for dataset_produces_2 to None, run_after=None
[2024-07-10T04:18:36.837+0000] {processor.py:183} INFO - Processing /home/airflow/.local/lib/python3.12/site-packages/airflow/example_dags/example_datasets.py took 1.640 seconds
[2024-07-10T04:19:07.504+0000] {processor.py:161} INFO - Started process (PID=105) to work on /home/airflow/.local/lib/python3.12/site-packages/airflow/example_dags/example_datasets.py
[2024-07-10T04:19:07.505+0000] {processor.py:830} INFO - Processing file /home/airflow/.local/lib/python3.12/site-packages/airflow/example_dags/example_datasets.py for tasks to queue
[2024-07-10T04:19:07.507+0000] {logging_mixin.py:188} INFO - [2024-07-10T04:19:07.507+0000] {dagbag.py:545} INFO - Filling up the DagBag from /home/airflow/.local/lib/python3.12/site-packages/airflow/example_dags/example_datasets.py
[2024-07-10T04:19:07.521+0000] {processor.py:840} INFO - DAG(s) 'conditional_dataset_and_time_based_timetable', 'consume_1_or_2_with_dataset_expressions', 'dataset_produces_1', 'dataset_consumes_1', 'consume_1_or_both_2_and_3_with_dataset_expressions', 'dataset_produces_2', 'dataset_consumes_unknown_never_scheduled', 'consume_1_and_2_with_dataset_expressions', 'dataset_consumes_1_never_scheduled', 'dataset_consumes_1_and_2' retrieved from /home/airflow/.local/lib/python3.12/site-packages/airflow/example_dags/example_datasets.py
[2024-07-10T04:19:07.573+0000] {logging_mixin.py:188} INFO - [2024-07-10T04:19:07.572+0000] {dag.py:3096} INFO - Sync 10 DAGs
[2024-07-10T04:19:07.599+0000] {logging_mixin.py:188} INFO - [2024-07-10T04:19:07.599+0000] {dag.py:3954} INFO - Setting next_dagrun for conditional_dataset_and_time_based_timetable to 2024-07-10 01:00:00+00:00, run_after=2024-07-10 01:00:00+00:00
[2024-07-10T04:19:07.604+0000] {logging_mixin.py:188} INFO - [2024-07-10T04:19:07.604+0000] {dag.py:3954} INFO - Setting next_dagrun for consume_1_and_2_with_dataset_expressions to None, run_after=None
[2024-07-10T04:19:07.606+0000] {logging_mixin.py:188} INFO - [2024-07-10T04:19:07.605+0000] {dag.py:3954} INFO - Setting next_dagrun for consume_1_or_2_with_dataset_expressions to None, run_after=None
[2024-07-10T04:19:07.607+0000] {logging_mixin.py:188} INFO - [2024-07-10T04:19:07.607+0000] {dag.py:3954} INFO - Setting next_dagrun for consume_1_or_both_2_and_3_with_dataset_expressions to None, run_after=None
[2024-07-10T04:19:07.608+0000] {logging_mixin.py:188} INFO - [2024-07-10T04:19:07.608+0000] {dag.py:3954} INFO - Setting next_dagrun for dataset_consumes_1 to None, run_after=None
[2024-07-10T04:19:07.610+0000] {logging_mixin.py:188} INFO - [2024-07-10T04:19:07.610+0000] {dag.py:3954} INFO - Setting next_dagrun for dataset_consumes_1_and_2 to None, run_after=None
[2024-07-10T04:19:07.611+0000] {logging_mixin.py:188} INFO - [2024-07-10T04:19:07.611+0000] {dag.py:3954} INFO - Setting next_dagrun for dataset_consumes_1_never_scheduled to None, run_after=None
[2024-07-10T04:19:07.613+0000] {logging_mixin.py:188} INFO - [2024-07-10T04:19:07.613+0000] {dag.py:3954} INFO - Setting next_dagrun for dataset_consumes_unknown_never_scheduled to None, run_after=None
[2024-07-10T04:19:07.616+0000] {logging_mixin.py:188} INFO - [2024-07-10T04:19:07.615+0000] {dag.py:3954} INFO - Setting next_dagrun for dataset_produces_1 to 2024-07-09 00:00:00+00:00, run_after=2024-07-10 00:00:00+00:00
[2024-07-10T04:19:07.617+0000] {logging_mixin.py:188} INFO - [2024-07-10T04:19:07.617+0000] {dag.py:3954} INFO - Setting next_dagrun for dataset_produces_2 to None, run_after=None
[2024-07-10T04:19:07.651+0000] {processor.py:183} INFO - Processing /home/airflow/.local/lib/python3.12/site-packages/airflow/example_dags/example_datasets.py took 0.152 seconds
[2024-07-10T04:19:37.940+0000] {processor.py:161} INFO - Started process (PID=165) to work on /home/airflow/.local/lib/python3.12/site-packages/airflow/example_dags/example_datasets.py
[2024-07-10T04:19:37.941+0000] {processor.py:830} INFO - Processing file /home/airflow/.local/lib/python3.12/site-packages/airflow/example_dags/example_datasets.py for tasks to queue
[2024-07-10T04:19:37.945+0000] {logging_mixin.py:188} INFO - [2024-07-10T04:19:37.944+0000] {dagbag.py:545} INFO - Filling up the DagBag from /home/airflow/.local/lib/python3.12/site-packages/airflow/example_dags/example_datasets.py
[2024-07-10T04:19:37.972+0000] {processor.py:840} INFO - DAG(s) 'dataset_consumes_1_and_2', 'conditional_dataset_and_time_based_timetable', 'dataset_produces_1', 'dataset_produces_2', 'consume_1_or_2_with_dataset_expressions', 'dataset_consumes_unknown_never_scheduled', 'dataset_consumes_1', 'consume_1_or_both_2_and_3_with_dataset_expressions', 'consume_1_and_2_with_dataset_expressions', 'dataset_consumes_1_never_scheduled' retrieved from /home/airflow/.local/lib/python3.12/site-packages/airflow/example_dags/example_datasets.py
[2024-07-10T04:19:38.067+0000] {logging_mixin.py:188} INFO - [2024-07-10T04:19:38.067+0000] {dag.py:3096} INFO - Sync 10 DAGs
[2024-07-10T04:19:38.123+0000] {logging_mixin.py:188} INFO - [2024-07-10T04:19:38.122+0000] {dag.py:3954} INFO - Setting next_dagrun for conditional_dataset_and_time_based_timetable to 2024-07-10 01:00:00+00:00, run_after=2024-07-10 01:00:00+00:00
[2024-07-10T04:19:38.132+0000] {logging_mixin.py:188} INFO - [2024-07-10T04:19:38.132+0000] {dag.py:3954} INFO - Setting next_dagrun for consume_1_and_2_with_dataset_expressions to None, run_after=None
[2024-07-10T04:19:38.135+0000] {logging_mixin.py:188} INFO - [2024-07-10T04:19:38.134+0000] {dag.py:3954} INFO - Setting next_dagrun for consume_1_or_2_with_dataset_expressions to None, run_after=None
[2024-07-10T04:19:38.137+0000] {logging_mixin.py:188} INFO - [2024-07-10T04:19:38.136+0000] {dag.py:3954} INFO - Setting next_dagrun for consume_1_or_both_2_and_3_with_dataset_expressions to None, run_after=None
[2024-07-10T04:19:38.139+0000] {logging_mixin.py:188} INFO - [2024-07-10T04:19:38.138+0000] {dag.py:3954} INFO - Setting next_dagrun for dataset_consumes_1 to None, run_after=None
[2024-07-10T04:19:38.141+0000] {logging_mixin.py:188} INFO - [2024-07-10T04:19:38.140+0000] {dag.py:3954} INFO - Setting next_dagrun for dataset_consumes_1_and_2 to None, run_after=None
[2024-07-10T04:19:38.143+0000] {logging_mixin.py:188} INFO - [2024-07-10T04:19:38.143+0000] {dag.py:3954} INFO - Setting next_dagrun for dataset_consumes_1_never_scheduled to None, run_after=None
[2024-07-10T04:19:38.146+0000] {logging_mixin.py:188} INFO - [2024-07-10T04:19:38.145+0000] {dag.py:3954} INFO - Setting next_dagrun for dataset_consumes_unknown_never_scheduled to None, run_after=None
[2024-07-10T04:19:38.150+0000] {logging_mixin.py:188} INFO - [2024-07-10T04:19:38.150+0000] {dag.py:3954} INFO - Setting next_dagrun for dataset_produces_1 to 2024-07-09 00:00:00+00:00, run_after=2024-07-10 00:00:00+00:00
[2024-07-10T04:19:38.153+0000] {logging_mixin.py:188} INFO - [2024-07-10T04:19:38.152+0000] {dag.py:3954} INFO - Setting next_dagrun for dataset_produces_2 to None, run_after=None
[2024-07-10T04:19:38.198+0000] {processor.py:183} INFO - Processing /home/airflow/.local/lib/python3.12/site-packages/airflow/example_dags/example_datasets.py took 0.268 seconds
[2024-07-10T04:20:08.558+0000] {processor.py:161} INFO - Started process (PID=226) to work on /home/airflow/.local/lib/python3.12/site-packages/airflow/example_dags/example_datasets.py
[2024-07-10T04:20:08.591+0000] {processor.py:830} INFO - Processing file /home/airflow/.local/lib/python3.12/site-packages/airflow/example_dags/example_datasets.py for tasks to queue
[2024-07-10T04:20:08.597+0000] {logging_mixin.py:188} INFO - [2024-07-10T04:20:08.596+0000] {dagbag.py:545} INFO - Filling up the DagBag from /home/airflow/.local/lib/python3.12/site-packages/airflow/example_dags/example_datasets.py
[2024-07-10T04:20:08.672+0000] {processor.py:840} INFO - DAG(s) 'dataset_produces_2', 'dataset_consumes_1_never_scheduled', 'dataset_consumes_unknown_never_scheduled', 'consume_1_or_2_with_dataset_expressions', 'consume_1_and_2_with_dataset_expressions', 'conditional_dataset_and_time_based_timetable', 'dataset_consumes_1_and_2', 'dataset_produces_1', 'consume_1_or_both_2_and_3_with_dataset_expressions', 'dataset_consumes_1' retrieved from /home/airflow/.local/lib/python3.12/site-packages/airflow/example_dags/example_datasets.py
[2024-07-10T04:20:08.893+0000] {logging_mixin.py:188} INFO - [2024-07-10T04:20:08.893+0000] {dag.py:3096} INFO - Sync 10 DAGs
[2024-07-10T04:20:09.016+0000] {logging_mixin.py:188} INFO - [2024-07-10T04:20:09.015+0000] {dag.py:3954} INFO - Setting next_dagrun for conditional_dataset_and_time_based_timetable to 2024-07-10 01:00:00+00:00, run_after=2024-07-10 01:00:00+00:00
[2024-07-10T04:20:09.029+0000] {logging_mixin.py:188} INFO - [2024-07-10T04:20:09.028+0000] {dag.py:3954} INFO - Setting next_dagrun for consume_1_and_2_with_dataset_expressions to None, run_after=None
[2024-07-10T04:20:09.033+0000] {logging_mixin.py:188} INFO - [2024-07-10T04:20:09.033+0000] {dag.py:3954} INFO - Setting next_dagrun for consume_1_or_2_with_dataset_expressions to None, run_after=None
[2024-07-10T04:20:09.037+0000] {logging_mixin.py:188} INFO - [2024-07-10T04:20:09.037+0000] {dag.py:3954} INFO - Setting next_dagrun for consume_1_or_both_2_and_3_with_dataset_expressions to None, run_after=None
[2024-07-10T04:20:09.041+0000] {logging_mixin.py:188} INFO - [2024-07-10T04:20:09.041+0000] {dag.py:3954} INFO - Setting next_dagrun for dataset_consumes_1 to None, run_after=None
[2024-07-10T04:20:09.046+0000] {logging_mixin.py:188} INFO - [2024-07-10T04:20:09.045+0000] {dag.py:3954} INFO - Setting next_dagrun for dataset_consumes_1_and_2 to None, run_after=None
[2024-07-10T04:20:09.049+0000] {logging_mixin.py:188} INFO - [2024-07-10T04:20:09.049+0000] {dag.py:3954} INFO - Setting next_dagrun for dataset_consumes_1_never_scheduled to None, run_after=None
[2024-07-10T04:20:09.053+0000] {logging_mixin.py:188} INFO - [2024-07-10T04:20:09.052+0000] {dag.py:3954} INFO - Setting next_dagrun for dataset_consumes_unknown_never_scheduled to None, run_after=None
[2024-07-10T04:20:09.058+0000] {logging_mixin.py:188} INFO - [2024-07-10T04:20:09.057+0000] {dag.py:3954} INFO - Setting next_dagrun for dataset_produces_1 to 2024-07-09 00:00:00+00:00, run_after=2024-07-10 00:00:00+00:00
[2024-07-10T04:20:09.065+0000] {logging_mixin.py:188} INFO - [2024-07-10T04:20:09.064+0000] {dag.py:3954} INFO - Setting next_dagrun for dataset_produces_2 to None, run_after=None
[2024-07-10T04:20:09.138+0000] {processor.py:183} INFO - Processing /home/airflow/.local/lib/python3.12/site-packages/airflow/example_dags/example_datasets.py took 0.609 seconds
[2024-07-10T04:20:39.674+0000] {processor.py:161} INFO - Started process (PID=286) to work on /home/airflow/.local/lib/python3.12/site-packages/airflow/example_dags/example_datasets.py
[2024-07-10T04:20:39.676+0000] {processor.py:830} INFO - Processing file /home/airflow/.local/lib/python3.12/site-packages/airflow/example_dags/example_datasets.py for tasks to queue
[2024-07-10T04:20:39.679+0000] {logging_mixin.py:188} INFO - [2024-07-10T04:20:39.678+0000] {dagbag.py:545} INFO - Filling up the DagBag from /home/airflow/.local/lib/python3.12/site-packages/airflow/example_dags/example_datasets.py
[2024-07-10T04:20:39.701+0000] {processor.py:840} INFO - DAG(s) 'dataset_consumes_1_never_scheduled', 'dataset_consumes_unknown_never_scheduled', 'conditional_dataset_and_time_based_timetable', 'dataset_produces_1', 'consume_1_or_2_with_dataset_expressions', 'dataset_consumes_1_and_2', 'dataset_produces_2', 'dataset_consumes_1', 'consume_1_or_both_2_and_3_with_dataset_expressions', 'consume_1_and_2_with_dataset_expressions' retrieved from /home/airflow/.local/lib/python3.12/site-packages/airflow/example_dags/example_datasets.py
[2024-07-10T04:20:39.825+0000] {logging_mixin.py:188} INFO - [2024-07-10T04:20:39.824+0000] {dag.py:3096} INFO - Sync 10 DAGs
[2024-07-10T04:20:39.876+0000] {logging_mixin.py:188} INFO - [2024-07-10T04:20:39.876+0000] {dag.py:3954} INFO - Setting next_dagrun for conditional_dataset_and_time_based_timetable to 2024-07-10 01:00:00+00:00, run_after=2024-07-10 01:00:00+00:00
[2024-07-10T04:20:39.886+0000] {logging_mixin.py:188} INFO - [2024-07-10T04:20:39.886+0000] {dag.py:3954} INFO - Setting next_dagrun for consume_1_and_2_with_dataset_expressions to None, run_after=None
[2024-07-10T04:20:39.893+0000] {logging_mixin.py:188} INFO - [2024-07-10T04:20:39.892+0000] {dag.py:3954} INFO - Setting next_dagrun for consume_1_or_2_with_dataset_expressions to None, run_after=None
[2024-07-10T04:20:39.899+0000] {logging_mixin.py:188} INFO - [2024-07-10T04:20:39.898+0000] {dag.py:3954} INFO - Setting next_dagrun for consume_1_or_both_2_and_3_with_dataset_expressions to None, run_after=None
[2024-07-10T04:20:39.904+0000] {logging_mixin.py:188} INFO - [2024-07-10T04:20:39.904+0000] {dag.py:3954} INFO - Setting next_dagrun for dataset_consumes_1 to None, run_after=None
[2024-07-10T04:20:39.920+0000] {logging_mixin.py:188} INFO - [2024-07-10T04:20:39.919+0000] {dag.py:3954} INFO - Setting next_dagrun for dataset_consumes_1_and_2 to None, run_after=None
[2024-07-10T04:20:39.925+0000] {logging_mixin.py:188} INFO - [2024-07-10T04:20:39.924+0000] {dag.py:3954} INFO - Setting next_dagrun for dataset_consumes_1_never_scheduled to None, run_after=None
[2024-07-10T04:20:39.929+0000] {logging_mixin.py:188} INFO - [2024-07-10T04:20:39.929+0000] {dag.py:3954} INFO - Setting next_dagrun for dataset_consumes_unknown_never_scheduled to None, run_after=None
[2024-07-10T04:20:39.947+0000] {logging_mixin.py:188} INFO - [2024-07-10T04:20:39.946+0000] {dag.py:3954} INFO - Setting next_dagrun for dataset_produces_1 to 2024-07-09 00:00:00+00:00, run_after=2024-07-10 00:00:00+00:00
[2024-07-10T04:20:39.952+0000] {logging_mixin.py:188} INFO - [2024-07-10T04:20:39.951+0000] {dag.py:3954} INFO - Setting next_dagrun for dataset_produces_2 to None, run_after=None
[2024-07-10T04:20:40.022+0000] {processor.py:183} INFO - Processing /home/airflow/.local/lib/python3.12/site-packages/airflow/example_dags/example_datasets.py took 0.356 seconds
[2024-07-10T04:21:10.721+0000] {processor.py:161} INFO - Started process (PID=348) to work on /home/airflow/.local/lib/python3.12/site-packages/airflow/example_dags/example_datasets.py
[2024-07-10T04:21:10.723+0000] {processor.py:830} INFO - Processing file /home/airflow/.local/lib/python3.12/site-packages/airflow/example_dags/example_datasets.py for tasks to queue
[2024-07-10T04:21:10.725+0000] {logging_mixin.py:188} INFO - [2024-07-10T04:21:10.724+0000] {dagbag.py:545} INFO - Filling up the DagBag from /home/airflow/.local/lib/python3.12/site-packages/airflow/example_dags/example_datasets.py
[2024-07-10T04:21:10.745+0000] {processor.py:840} INFO - DAG(s) 'dataset_consumes_1_and_2', 'dataset_produces_1', 'conditional_dataset_and_time_based_timetable', 'dataset_consumes_1', 'dataset_produces_2', 'dataset_consumes_1_never_scheduled', 'consume_1_or_both_2_and_3_with_dataset_expressions', 'consume_1_and_2_with_dataset_expressions', 'consume_1_or_2_with_dataset_expressions', 'dataset_consumes_unknown_never_scheduled' retrieved from /home/airflow/.local/lib/python3.12/site-packages/airflow/example_dags/example_datasets.py
[2024-07-10T04:21:10.823+0000] {logging_mixin.py:188} INFO - [2024-07-10T04:21:10.823+0000] {dag.py:3096} INFO - Sync 10 DAGs
[2024-07-10T04:21:10.859+0000] {logging_mixin.py:188} INFO - [2024-07-10T04:21:10.859+0000] {dag.py:3954} INFO - Setting next_dagrun for conditional_dataset_and_time_based_timetable to 2024-07-10 01:00:00+00:00, run_after=2024-07-10 01:00:00+00:00
[2024-07-10T04:21:10.865+0000] {logging_mixin.py:188} INFO - [2024-07-10T04:21:10.865+0000] {dag.py:3954} INFO - Setting next_dagrun for consume_1_and_2_with_dataset_expressions to None, run_after=None
[2024-07-10T04:21:10.867+0000] {logging_mixin.py:188} INFO - [2024-07-10T04:21:10.867+0000] {dag.py:3954} INFO - Setting next_dagrun for consume_1_or_2_with_dataset_expressions to None, run_after=None
[2024-07-10T04:21:10.869+0000] {logging_mixin.py:188} INFO - [2024-07-10T04:21:10.869+0000] {dag.py:3954} INFO - Setting next_dagrun for consume_1_or_both_2_and_3_with_dataset_expressions to None, run_after=None
[2024-07-10T04:21:10.871+0000] {logging_mixin.py:188} INFO - [2024-07-10T04:21:10.871+0000] {dag.py:3954} INFO - Setting next_dagrun for dataset_consumes_1 to None, run_after=None
[2024-07-10T04:21:10.873+0000] {logging_mixin.py:188} INFO - [2024-07-10T04:21:10.873+0000] {dag.py:3954} INFO - Setting next_dagrun for dataset_consumes_1_and_2 to None, run_after=None
[2024-07-10T04:21:10.875+0000] {logging_mixin.py:188} INFO - [2024-07-10T04:21:10.875+0000] {dag.py:3954} INFO - Setting next_dagrun for dataset_consumes_1_never_scheduled to None, run_after=None
[2024-07-10T04:21:10.877+0000] {logging_mixin.py:188} INFO - [2024-07-10T04:21:10.876+0000] {dag.py:3954} INFO - Setting next_dagrun for dataset_consumes_unknown_never_scheduled to None, run_after=None
[2024-07-10T04:21:10.881+0000] {logging_mixin.py:188} INFO - [2024-07-10T04:21:10.881+0000] {dag.py:3954} INFO - Setting next_dagrun for dataset_produces_1 to 2024-07-09 00:00:00+00:00, run_after=2024-07-10 00:00:00+00:00
[2024-07-10T04:21:10.883+0000] {logging_mixin.py:188} INFO - [2024-07-10T04:21:10.883+0000] {dag.py:3954} INFO - Setting next_dagrun for dataset_produces_2 to None, run_after=None
[2024-07-10T04:21:10.928+0000] {processor.py:183} INFO - Processing /home/airflow/.local/lib/python3.12/site-packages/airflow/example_dags/example_datasets.py took 0.215 seconds
