[2024-07-10T04:12:57.944+0000] {processor.py:161} INFO - Started process (PID=60) to work on /home/airflow/.local/lib/python3.12/site-packages/airflow/example_dags/example_params_trigger_ui.py
[2024-07-10T04:12:57.946+0000] {processor.py:830} INFO - Processing file /home/airflow/.local/lib/python3.12/site-packages/airflow/example_dags/example_params_trigger_ui.py for tasks to queue
[2024-07-10T04:12:57.949+0000] {logging_mixin.py:188} INFO - [2024-07-10T04:12:57.948+0000] {dagbag.py:545} INFO - Filling up the DagBag from /home/airflow/.local/lib/python3.12/site-packages/airflow/example_dags/example_params_trigger_ui.py
[2024-07-10T04:12:57.972+0000] {processor.py:840} INFO - DAG(s) 'example_params_trigger_ui' retrieved from /home/airflow/.local/lib/python3.12/site-packages/airflow/example_dags/example_params_trigger_ui.py
[2024-07-10T04:12:58.044+0000] {logging_mixin.py:188} INFO - [2024-07-10T04:12:58.043+0000] {dag.py:3096} INFO - Sync 1 DAGs
[2024-07-10T04:12:58.060+0000] {logging_mixin.py:188} INFO - [2024-07-10T04:12:58.059+0000] {dag.py:3954} INFO - Setting next_dagrun for example_params_trigger_ui to None, run_after=None
[2024-07-10T04:12:58.083+0000] {processor.py:183} INFO - Processing /home/airflow/.local/lib/python3.12/site-packages/airflow/example_dags/example_params_trigger_ui.py took 0.147 seconds
[2024-07-10T04:13:28.148+0000] {processor.py:161} INFO - Started process (PID=120) to work on /home/airflow/.local/lib/python3.12/site-packages/airflow/example_dags/example_params_trigger_ui.py
[2024-07-10T04:13:28.150+0000] {processor.py:830} INFO - Processing file /home/airflow/.local/lib/python3.12/site-packages/airflow/example_dags/example_params_trigger_ui.py for tasks to queue
[2024-07-10T04:13:28.152+0000] {logging_mixin.py:188} INFO - [2024-07-10T04:13:28.151+0000] {dagbag.py:545} INFO - Filling up the DagBag from /home/airflow/.local/lib/python3.12/site-packages/airflow/example_dags/example_params_trigger_ui.py
[2024-07-10T04:13:28.168+0000] {processor.py:840} INFO - DAG(s) 'example_params_trigger_ui' retrieved from /home/airflow/.local/lib/python3.12/site-packages/airflow/example_dags/example_params_trigger_ui.py
[2024-07-10T04:13:28.226+0000] {logging_mixin.py:188} INFO - [2024-07-10T04:13:28.226+0000] {dag.py:3096} INFO - Sync 1 DAGs
[2024-07-10T04:13:28.242+0000] {logging_mixin.py:188} INFO - [2024-07-10T04:13:28.241+0000] {dag.py:3954} INFO - Setting next_dagrun for example_params_trigger_ui to None, run_after=None
[2024-07-10T04:13:28.266+0000] {processor.py:183} INFO - Processing /home/airflow/.local/lib/python3.12/site-packages/airflow/example_dags/example_params_trigger_ui.py took 0.125 seconds
[2024-07-10T04:13:59.294+0000] {processor.py:161} INFO - Started process (PID=180) to work on /home/airflow/.local/lib/python3.12/site-packages/airflow/example_dags/example_params_trigger_ui.py
[2024-07-10T04:13:59.296+0000] {processor.py:830} INFO - Processing file /home/airflow/.local/lib/python3.12/site-packages/airflow/example_dags/example_params_trigger_ui.py for tasks to queue
[2024-07-10T04:13:59.297+0000] {logging_mixin.py:188} INFO - [2024-07-10T04:13:59.297+0000] {dagbag.py:545} INFO - Filling up the DagBag from /home/airflow/.local/lib/python3.12/site-packages/airflow/example_dags/example_params_trigger_ui.py
[2024-07-10T04:13:59.317+0000] {processor.py:840} INFO - DAG(s) 'example_params_trigger_ui' retrieved from /home/airflow/.local/lib/python3.12/site-packages/airflow/example_dags/example_params_trigger_ui.py
[2024-07-10T04:13:59.415+0000] {logging_mixin.py:188} INFO - [2024-07-10T04:13:59.414+0000] {dag.py:3096} INFO - Sync 1 DAGs
[2024-07-10T04:13:59.473+0000] {logging_mixin.py:188} INFO - [2024-07-10T04:13:59.472+0000] {dag.py:3954} INFO - Setting next_dagrun for example_params_trigger_ui to None, run_after=None
[2024-07-10T04:13:59.512+0000] {processor.py:183} INFO - Processing /home/airflow/.local/lib/python3.12/site-packages/airflow/example_dags/example_params_trigger_ui.py took 0.227 seconds
[2024-07-10T04:16:04.205+0000] {processor.py:161} INFO - Started process (PID=66) to work on /home/airflow/.local/lib/python3.12/site-packages/airflow/example_dags/example_params_trigger_ui.py
[2024-07-10T04:16:04.208+0000] {processor.py:830} INFO - Processing file /home/airflow/.local/lib/python3.12/site-packages/airflow/example_dags/example_params_trigger_ui.py for tasks to queue
[2024-07-10T04:16:04.212+0000] {logging_mixin.py:188} INFO - [2024-07-10T04:16:04.211+0000] {dagbag.py:545} INFO - Filling up the DagBag from /home/airflow/.local/lib/python3.12/site-packages/airflow/example_dags/example_params_trigger_ui.py
[2024-07-10T04:16:04.251+0000] {processor.py:840} INFO - DAG(s) 'example_params_trigger_ui' retrieved from /home/airflow/.local/lib/python3.12/site-packages/airflow/example_dags/example_params_trigger_ui.py
[2024-07-10T04:16:04.643+0000] {logging_mixin.py:188} INFO - [2024-07-10T04:16:04.642+0000] {dag.py:3096} INFO - Sync 1 DAGs
[2024-07-10T04:16:04.677+0000] {logging_mixin.py:188} INFO - [2024-07-10T04:16:04.676+0000] {dag.py:3954} INFO - Setting next_dagrun for example_params_trigger_ui to None, run_after=None
[2024-07-10T04:16:04.752+0000] {processor.py:183} INFO - Processing /home/airflow/.local/lib/python3.12/site-packages/airflow/example_dags/example_params_trigger_ui.py took 0.566 seconds
[2024-07-10T04:16:35.139+0000] {processor.py:161} INFO - Started process (PID=126) to work on /home/airflow/.local/lib/python3.12/site-packages/airflow/example_dags/example_params_trigger_ui.py
[2024-07-10T04:16:35.140+0000] {processor.py:830} INFO - Processing file /home/airflow/.local/lib/python3.12/site-packages/airflow/example_dags/example_params_trigger_ui.py for tasks to queue
[2024-07-10T04:16:35.142+0000] {logging_mixin.py:188} INFO - [2024-07-10T04:16:35.141+0000] {dagbag.py:545} INFO - Filling up the DagBag from /home/airflow/.local/lib/python3.12/site-packages/airflow/example_dags/example_params_trigger_ui.py
[2024-07-10T04:16:35.155+0000] {processor.py:840} INFO - DAG(s) 'example_params_trigger_ui' retrieved from /home/airflow/.local/lib/python3.12/site-packages/airflow/example_dags/example_params_trigger_ui.py
[2024-07-10T04:16:35.206+0000] {logging_mixin.py:188} INFO - [2024-07-10T04:16:35.206+0000] {dag.py:3096} INFO - Sync 1 DAGs
[2024-07-10T04:16:35.221+0000] {logging_mixin.py:188} INFO - [2024-07-10T04:16:35.220+0000] {dag.py:3954} INFO - Setting next_dagrun for example_params_trigger_ui to None, run_after=None
[2024-07-10T04:16:35.241+0000] {processor.py:183} INFO - Processing /home/airflow/.local/lib/python3.12/site-packages/airflow/example_dags/example_params_trigger_ui.py took 0.108 seconds
[2024-07-10T04:17:06.231+0000] {processor.py:161} INFO - Started process (PID=187) to work on /home/airflow/.local/lib/python3.12/site-packages/airflow/example_dags/example_params_trigger_ui.py
[2024-07-10T04:17:06.233+0000] {processor.py:830} INFO - Processing file /home/airflow/.local/lib/python3.12/site-packages/airflow/example_dags/example_params_trigger_ui.py for tasks to queue
[2024-07-10T04:17:06.237+0000] {logging_mixin.py:188} INFO - [2024-07-10T04:17:06.236+0000] {dagbag.py:545} INFO - Filling up the DagBag from /home/airflow/.local/lib/python3.12/site-packages/airflow/example_dags/example_params_trigger_ui.py
[2024-07-10T04:17:06.272+0000] {processor.py:840} INFO - DAG(s) 'example_params_trigger_ui' retrieved from /home/airflow/.local/lib/python3.12/site-packages/airflow/example_dags/example_params_trigger_ui.py
[2024-07-10T04:17:06.359+0000] {logging_mixin.py:188} INFO - [2024-07-10T04:17:06.358+0000] {dag.py:3096} INFO - Sync 1 DAGs
[2024-07-10T04:17:06.381+0000] {logging_mixin.py:188} INFO - [2024-07-10T04:17:06.380+0000] {dag.py:3954} INFO - Setting next_dagrun for example_params_trigger_ui to None, run_after=None
[2024-07-10T04:17:06.410+0000] {processor.py:183} INFO - Processing /home/airflow/.local/lib/python3.12/site-packages/airflow/example_dags/example_params_trigger_ui.py took 0.194 seconds
[2024-07-10T04:18:41.698+0000] {processor.py:161} INFO - Started process (PID=66) to work on /home/airflow/.local/lib/python3.12/site-packages/airflow/example_dags/example_params_trigger_ui.py
[2024-07-10T04:18:41.700+0000] {processor.py:830} INFO - Processing file /home/airflow/.local/lib/python3.12/site-packages/airflow/example_dags/example_params_trigger_ui.py for tasks to queue
[2024-07-10T04:18:41.703+0000] {logging_mixin.py:188} INFO - [2024-07-10T04:18:41.702+0000] {dagbag.py:545} INFO - Filling up the DagBag from /home/airflow/.local/lib/python3.12/site-packages/airflow/example_dags/example_params_trigger_ui.py
[2024-07-10T04:18:41.723+0000] {processor.py:840} INFO - DAG(s) 'example_params_trigger_ui' retrieved from /home/airflow/.local/lib/python3.12/site-packages/airflow/example_dags/example_params_trigger_ui.py
[2024-07-10T04:18:41.964+0000] {logging_mixin.py:188} INFO - [2024-07-10T04:18:41.964+0000] {dag.py:3096} INFO - Sync 1 DAGs
[2024-07-10T04:18:41.982+0000] {logging_mixin.py:188} INFO - [2024-07-10T04:18:41.981+0000] {dag.py:3954} INFO - Setting next_dagrun for example_params_trigger_ui to None, run_after=None
[2024-07-10T04:18:42.012+0000] {processor.py:183} INFO - Processing /home/airflow/.local/lib/python3.12/site-packages/airflow/example_dags/example_params_trigger_ui.py took 0.322 seconds
[2024-07-10T04:19:12.862+0000] {processor.py:161} INFO - Started process (PID=126) to work on /home/airflow/.local/lib/python3.12/site-packages/airflow/example_dags/example_params_trigger_ui.py
[2024-07-10T04:19:12.863+0000] {processor.py:830} INFO - Processing file /home/airflow/.local/lib/python3.12/site-packages/airflow/example_dags/example_params_trigger_ui.py for tasks to queue
[2024-07-10T04:19:12.866+0000] {logging_mixin.py:188} INFO - [2024-07-10T04:19:12.865+0000] {dagbag.py:545} INFO - Filling up the DagBag from /home/airflow/.local/lib/python3.12/site-packages/airflow/example_dags/example_params_trigger_ui.py
[2024-07-10T04:19:12.888+0000] {processor.py:840} INFO - DAG(s) 'example_params_trigger_ui' retrieved from /home/airflow/.local/lib/python3.12/site-packages/airflow/example_dags/example_params_trigger_ui.py
[2024-07-10T04:19:12.987+0000] {logging_mixin.py:188} INFO - [2024-07-10T04:19:12.986+0000] {dag.py:3096} INFO - Sync 1 DAGs
[2024-07-10T04:19:13.013+0000] {logging_mixin.py:188} INFO - [2024-07-10T04:19:13.013+0000] {dag.py:3954} INFO - Setting next_dagrun for example_params_trigger_ui to None, run_after=None
[2024-07-10T04:19:13.043+0000] {processor.py:183} INFO - Processing /home/airflow/.local/lib/python3.12/site-packages/airflow/example_dags/example_params_trigger_ui.py took 0.189 seconds
[2024-07-10T04:19:43.368+0000] {processor.py:161} INFO - Started process (PID=186) to work on /home/airflow/.local/lib/python3.12/site-packages/airflow/example_dags/example_params_trigger_ui.py
[2024-07-10T04:19:43.369+0000] {processor.py:830} INFO - Processing file /home/airflow/.local/lib/python3.12/site-packages/airflow/example_dags/example_params_trigger_ui.py for tasks to queue
[2024-07-10T04:19:43.372+0000] {logging_mixin.py:188} INFO - [2024-07-10T04:19:43.372+0000] {dagbag.py:545} INFO - Filling up the DagBag from /home/airflow/.local/lib/python3.12/site-packages/airflow/example_dags/example_params_trigger_ui.py
[2024-07-10T04:19:43.394+0000] {processor.py:840} INFO - DAG(s) 'example_params_trigger_ui' retrieved from /home/airflow/.local/lib/python3.12/site-packages/airflow/example_dags/example_params_trigger_ui.py
[2024-07-10T04:19:43.472+0000] {logging_mixin.py:188} INFO - [2024-07-10T04:19:43.472+0000] {dag.py:3096} INFO - Sync 1 DAGs
[2024-07-10T04:19:43.495+0000] {logging_mixin.py:188} INFO - [2024-07-10T04:19:43.495+0000] {dag.py:3954} INFO - Setting next_dagrun for example_params_trigger_ui to None, run_after=None
[2024-07-10T04:19:43.522+0000] {processor.py:183} INFO - Processing /home/airflow/.local/lib/python3.12/site-packages/airflow/example_dags/example_params_trigger_ui.py took 0.164 seconds
[2024-07-10T04:20:13.918+0000] {processor.py:161} INFO - Started process (PID=246) to work on /home/airflow/.local/lib/python3.12/site-packages/airflow/example_dags/example_params_trigger_ui.py
[2024-07-10T04:20:13.919+0000] {processor.py:830} INFO - Processing file /home/airflow/.local/lib/python3.12/site-packages/airflow/example_dags/example_params_trigger_ui.py for tasks to queue
[2024-07-10T04:20:13.922+0000] {logging_mixin.py:188} INFO - [2024-07-10T04:20:13.922+0000] {dagbag.py:545} INFO - Filling up the DagBag from /home/airflow/.local/lib/python3.12/site-packages/airflow/example_dags/example_params_trigger_ui.py
[2024-07-10T04:20:13.944+0000] {processor.py:840} INFO - DAG(s) 'example_params_trigger_ui' retrieved from /home/airflow/.local/lib/python3.12/site-packages/airflow/example_dags/example_params_trigger_ui.py
[2024-07-10T04:20:14.046+0000] {logging_mixin.py:188} INFO - [2024-07-10T04:20:14.046+0000] {dag.py:3096} INFO - Sync 1 DAGs
[2024-07-10T04:20:14.076+0000] {logging_mixin.py:188} INFO - [2024-07-10T04:20:14.076+0000] {dag.py:3954} INFO - Setting next_dagrun for example_params_trigger_ui to None, run_after=None
[2024-07-10T04:20:14.117+0000] {processor.py:183} INFO - Processing /home/airflow/.local/lib/python3.12/site-packages/airflow/example_dags/example_params_trigger_ui.py took 0.209 seconds
[2024-07-10T04:20:44.956+0000] {processor.py:161} INFO - Started process (PID=308) to work on /home/airflow/.local/lib/python3.12/site-packages/airflow/example_dags/example_params_trigger_ui.py
[2024-07-10T04:20:44.957+0000] {processor.py:830} INFO - Processing file /home/airflow/.local/lib/python3.12/site-packages/airflow/example_dags/example_params_trigger_ui.py for tasks to queue
[2024-07-10T04:20:44.960+0000] {logging_mixin.py:188} INFO - [2024-07-10T04:20:44.959+0000] {dagbag.py:545} INFO - Filling up the DagBag from /home/airflow/.local/lib/python3.12/site-packages/airflow/example_dags/example_params_trigger_ui.py
[2024-07-10T04:20:44.984+0000] {processor.py:840} INFO - DAG(s) 'example_params_trigger_ui' retrieved from /home/airflow/.local/lib/python3.12/site-packages/airflow/example_dags/example_params_trigger_ui.py
[2024-07-10T04:20:45.079+0000] {logging_mixin.py:188} INFO - [2024-07-10T04:20:45.078+0000] {dag.py:3096} INFO - Sync 1 DAGs
[2024-07-10T04:20:45.110+0000] {logging_mixin.py:188} INFO - [2024-07-10T04:20:45.110+0000] {dag.py:3954} INFO - Setting next_dagrun for example_params_trigger_ui to None, run_after=None
[2024-07-10T04:20:45.148+0000] {processor.py:183} INFO - Processing /home/airflow/.local/lib/python3.12/site-packages/airflow/example_dags/example_params_trigger_ui.py took 0.202 seconds
[2024-07-10T04:21:15.722+0000] {processor.py:161} INFO - Started process (PID=368) to work on /home/airflow/.local/lib/python3.12/site-packages/airflow/example_dags/example_params_trigger_ui.py
[2024-07-10T04:21:15.723+0000] {processor.py:830} INFO - Processing file /home/airflow/.local/lib/python3.12/site-packages/airflow/example_dags/example_params_trigger_ui.py for tasks to queue
[2024-07-10T04:21:15.726+0000] {logging_mixin.py:188} INFO - [2024-07-10T04:21:15.726+0000] {dagbag.py:545} INFO - Filling up the DagBag from /home/airflow/.local/lib/python3.12/site-packages/airflow/example_dags/example_params_trigger_ui.py
[2024-07-10T04:21:15.749+0000] {processor.py:840} INFO - DAG(s) 'example_params_trigger_ui' retrieved from /home/airflow/.local/lib/python3.12/site-packages/airflow/example_dags/example_params_trigger_ui.py
[2024-07-10T04:21:15.898+0000] {logging_mixin.py:188} INFO - [2024-07-10T04:21:15.897+0000] {dag.py:3096} INFO - Sync 1 DAGs
[2024-07-10T04:21:15.944+0000] {logging_mixin.py:188} INFO - [2024-07-10T04:21:15.943+0000] {dag.py:3954} INFO - Setting next_dagrun for example_params_trigger_ui to None, run_after=None
[2024-07-10T04:21:16.042+0000] {processor.py:183} INFO - Processing /home/airflow/.local/lib/python3.12/site-packages/airflow/example_dags/example_params_trigger_ui.py took 0.333 seconds
[2024-07-10T04:25:47.494+0000] {processor.py:161} INFO - Started process (PID=66) to work on /home/airflow/.local/lib/python3.12/site-packages/airflow/example_dags/example_params_trigger_ui.py
[2024-07-10T04:25:47.495+0000] {processor.py:830} INFO - Processing file /home/airflow/.local/lib/python3.12/site-packages/airflow/example_dags/example_params_trigger_ui.py for tasks to queue
[2024-07-10T04:25:47.497+0000] {logging_mixin.py:188} INFO - [2024-07-10T04:25:47.497+0000] {dagbag.py:545} INFO - Filling up the DagBag from /home/airflow/.local/lib/python3.12/site-packages/airflow/example_dags/example_params_trigger_ui.py
[2024-07-10T04:25:47.514+0000] {processor.py:840} INFO - DAG(s) 'example_params_trigger_ui' retrieved from /home/airflow/.local/lib/python3.12/site-packages/airflow/example_dags/example_params_trigger_ui.py
[2024-07-10T04:25:47.689+0000] {logging_mixin.py:188} INFO - [2024-07-10T04:25:47.689+0000] {dag.py:3096} INFO - Sync 1 DAGs
[2024-07-10T04:25:47.703+0000] {logging_mixin.py:188} INFO - [2024-07-10T04:25:47.702+0000] {dag.py:3954} INFO - Setting next_dagrun for example_params_trigger_ui to None, run_after=None
[2024-07-10T04:25:47.729+0000] {processor.py:183} INFO - Processing /home/airflow/.local/lib/python3.12/site-packages/airflow/example_dags/example_params_trigger_ui.py took 0.242 seconds
[2024-07-10T04:26:17.828+0000] {processor.py:161} INFO - Started process (PID=126) to work on /home/airflow/.local/lib/python3.12/site-packages/airflow/example_dags/example_params_trigger_ui.py
[2024-07-10T04:26:17.830+0000] {processor.py:830} INFO - Processing file /home/airflow/.local/lib/python3.12/site-packages/airflow/example_dags/example_params_trigger_ui.py for tasks to queue
[2024-07-10T04:26:17.834+0000] {logging_mixin.py:188} INFO - [2024-07-10T04:26:17.834+0000] {dagbag.py:545} INFO - Filling up the DagBag from /home/airflow/.local/lib/python3.12/site-packages/airflow/example_dags/example_params_trigger_ui.py
[2024-07-10T04:26:17.861+0000] {processor.py:840} INFO - DAG(s) 'example_params_trigger_ui' retrieved from /home/airflow/.local/lib/python3.12/site-packages/airflow/example_dags/example_params_trigger_ui.py
[2024-07-10T04:26:17.945+0000] {logging_mixin.py:188} INFO - [2024-07-10T04:26:17.945+0000] {dag.py:3096} INFO - Sync 1 DAGs
[2024-07-10T04:26:17.968+0000] {logging_mixin.py:188} INFO - [2024-07-10T04:26:17.968+0000] {dag.py:3954} INFO - Setting next_dagrun for example_params_trigger_ui to None, run_after=None
[2024-07-10T04:26:18.016+0000] {processor.py:183} INFO - Processing /home/airflow/.local/lib/python3.12/site-packages/airflow/example_dags/example_params_trigger_ui.py took 0.200 seconds
[2024-07-10T04:26:48.992+0000] {processor.py:161} INFO - Started process (PID=186) to work on /home/airflow/.local/lib/python3.12/site-packages/airflow/example_dags/example_params_trigger_ui.py
[2024-07-10T04:26:48.994+0000] {processor.py:830} INFO - Processing file /home/airflow/.local/lib/python3.12/site-packages/airflow/example_dags/example_params_trigger_ui.py for tasks to queue
[2024-07-10T04:26:48.996+0000] {logging_mixin.py:188} INFO - [2024-07-10T04:26:48.996+0000] {dagbag.py:545} INFO - Filling up the DagBag from /home/airflow/.local/lib/python3.12/site-packages/airflow/example_dags/example_params_trigger_ui.py
[2024-07-10T04:26:49.015+0000] {processor.py:840} INFO - DAG(s) 'example_params_trigger_ui' retrieved from /home/airflow/.local/lib/python3.12/site-packages/airflow/example_dags/example_params_trigger_ui.py
[2024-07-10T04:26:49.128+0000] {logging_mixin.py:188} INFO - [2024-07-10T04:26:49.128+0000] {dag.py:3096} INFO - Sync 1 DAGs
[2024-07-10T04:26:49.158+0000] {logging_mixin.py:188} INFO - [2024-07-10T04:26:49.158+0000] {dag.py:3954} INFO - Setting next_dagrun for example_params_trigger_ui to None, run_after=None
[2024-07-10T04:26:49.203+0000] {processor.py:183} INFO - Processing /home/airflow/.local/lib/python3.12/site-packages/airflow/example_dags/example_params_trigger_ui.py took 0.219 seconds
[2024-07-10T04:27:19.801+0000] {processor.py:161} INFO - Started process (PID=246) to work on /home/airflow/.local/lib/python3.12/site-packages/airflow/example_dags/example_params_trigger_ui.py
[2024-07-10T04:27:19.802+0000] {processor.py:830} INFO - Processing file /home/airflow/.local/lib/python3.12/site-packages/airflow/example_dags/example_params_trigger_ui.py for tasks to queue
[2024-07-10T04:27:19.805+0000] {logging_mixin.py:188} INFO - [2024-07-10T04:27:19.805+0000] {dagbag.py:545} INFO - Filling up the DagBag from /home/airflow/.local/lib/python3.12/site-packages/airflow/example_dags/example_params_trigger_ui.py
[2024-07-10T04:27:19.822+0000] {processor.py:840} INFO - DAG(s) 'example_params_trigger_ui' retrieved from /home/airflow/.local/lib/python3.12/site-packages/airflow/example_dags/example_params_trigger_ui.py
[2024-07-10T04:27:19.875+0000] {logging_mixin.py:188} INFO - [2024-07-10T04:27:19.875+0000] {dag.py:3096} INFO - Sync 1 DAGs
[2024-07-10T04:27:19.892+0000] {logging_mixin.py:188} INFO - [2024-07-10T04:27:19.892+0000] {dag.py:3954} INFO - Setting next_dagrun for example_params_trigger_ui to None, run_after=None
[2024-07-10T04:27:19.914+0000] {processor.py:183} INFO - Processing /home/airflow/.local/lib/python3.12/site-packages/airflow/example_dags/example_params_trigger_ui.py took 0.121 seconds
[2024-07-10T04:28:59.862+0000] {processor.py:161} INFO - Started process (PID=65) to work on /home/airflow/.local/lib/python3.12/site-packages/airflow/example_dags/example_params_trigger_ui.py
[2024-07-10T04:28:59.867+0000] {processor.py:830} INFO - Processing file /home/airflow/.local/lib/python3.12/site-packages/airflow/example_dags/example_params_trigger_ui.py for tasks to queue
[2024-07-10T04:28:59.872+0000] {logging_mixin.py:188} INFO - [2024-07-10T04:28:59.871+0000] {dagbag.py:545} INFO - Filling up the DagBag from /home/airflow/.local/lib/python3.12/site-packages/airflow/example_dags/example_params_trigger_ui.py
[2024-07-10T04:28:59.907+0000] {processor.py:840} INFO - DAG(s) 'example_params_trigger_ui' retrieved from /home/airflow/.local/lib/python3.12/site-packages/airflow/example_dags/example_params_trigger_ui.py
[2024-07-10T04:29:00.433+0000] {logging_mixin.py:188} INFO - [2024-07-10T04:29:00.429+0000] {dag.py:3096} INFO - Sync 1 DAGs
[2024-07-10T04:29:00.466+0000] {logging_mixin.py:188} INFO - [2024-07-10T04:29:00.465+0000] {dag.py:3954} INFO - Setting next_dagrun for example_params_trigger_ui to None, run_after=None
[2024-07-10T04:29:00.525+0000] {processor.py:183} INFO - Processing /home/airflow/.local/lib/python3.12/site-packages/airflow/example_dags/example_params_trigger_ui.py took 0.677 seconds
[2024-07-10T04:29:30.655+0000] {processor.py:161} INFO - Started process (PID=125) to work on /home/airflow/.local/lib/python3.12/site-packages/airflow/example_dags/example_params_trigger_ui.py
[2024-07-10T04:29:30.656+0000] {processor.py:830} INFO - Processing file /home/airflow/.local/lib/python3.12/site-packages/airflow/example_dags/example_params_trigger_ui.py for tasks to queue
[2024-07-10T04:29:30.660+0000] {logging_mixin.py:188} INFO - [2024-07-10T04:29:30.659+0000] {dagbag.py:545} INFO - Filling up the DagBag from /home/airflow/.local/lib/python3.12/site-packages/airflow/example_dags/example_params_trigger_ui.py
[2024-07-10T04:29:30.692+0000] {processor.py:840} INFO - DAG(s) 'example_params_trigger_ui' retrieved from /home/airflow/.local/lib/python3.12/site-packages/airflow/example_dags/example_params_trigger_ui.py
[2024-07-10T04:29:30.820+0000] {logging_mixin.py:188} INFO - [2024-07-10T04:29:30.819+0000] {dag.py:3096} INFO - Sync 1 DAGs
[2024-07-10T04:29:30.855+0000] {logging_mixin.py:188} INFO - [2024-07-10T04:29:30.854+0000] {dag.py:3954} INFO - Setting next_dagrun for example_params_trigger_ui to None, run_after=None
[2024-07-10T04:29:30.894+0000] {processor.py:183} INFO - Processing /home/airflow/.local/lib/python3.12/site-packages/airflow/example_dags/example_params_trigger_ui.py took 0.249 seconds
[2024-07-10T04:30:02.258+0000] {processor.py:161} INFO - Started process (PID=185) to work on /home/airflow/.local/lib/python3.12/site-packages/airflow/example_dags/example_params_trigger_ui.py
[2024-07-10T04:30:02.274+0000] {processor.py:830} INFO - Processing file /home/airflow/.local/lib/python3.12/site-packages/airflow/example_dags/example_params_trigger_ui.py for tasks to queue
[2024-07-10T04:30:02.289+0000] {logging_mixin.py:188} INFO - [2024-07-10T04:30:02.288+0000] {dagbag.py:545} INFO - Filling up the DagBag from /home/airflow/.local/lib/python3.12/site-packages/airflow/example_dags/example_params_trigger_ui.py
[2024-07-10T04:30:02.379+0000] {processor.py:840} INFO - DAG(s) 'example_params_trigger_ui' retrieved from /home/airflow/.local/lib/python3.12/site-packages/airflow/example_dags/example_params_trigger_ui.py
[2024-07-10T04:30:02.633+0000] {logging_mixin.py:188} INFO - [2024-07-10T04:30:02.632+0000] {dag.py:3096} INFO - Sync 1 DAGs
[2024-07-10T04:30:02.676+0000] {logging_mixin.py:188} INFO - [2024-07-10T04:30:02.676+0000] {dag.py:3954} INFO - Setting next_dagrun for example_params_trigger_ui to None, run_after=None
[2024-07-10T04:30:02.740+0000] {processor.py:183} INFO - Processing /home/airflow/.local/lib/python3.12/site-packages/airflow/example_dags/example_params_trigger_ui.py took 0.527 seconds
[2024-07-10T04:30:33.127+0000] {processor.py:161} INFO - Started process (PID=245) to work on /home/airflow/.local/lib/python3.12/site-packages/airflow/example_dags/example_params_trigger_ui.py
[2024-07-10T04:30:33.138+0000] {processor.py:830} INFO - Processing file /home/airflow/.local/lib/python3.12/site-packages/airflow/example_dags/example_params_trigger_ui.py for tasks to queue
[2024-07-10T04:30:33.147+0000] {logging_mixin.py:188} INFO - [2024-07-10T04:30:33.147+0000] {dagbag.py:545} INFO - Filling up the DagBag from /home/airflow/.local/lib/python3.12/site-packages/airflow/example_dags/example_params_trigger_ui.py
[2024-07-10T04:30:33.192+0000] {processor.py:840} INFO - DAG(s) 'example_params_trigger_ui' retrieved from /home/airflow/.local/lib/python3.12/site-packages/airflow/example_dags/example_params_trigger_ui.py
[2024-07-10T04:30:33.420+0000] {logging_mixin.py:188} INFO - [2024-07-10T04:30:33.419+0000] {dag.py:3096} INFO - Sync 1 DAGs
[2024-07-10T04:30:33.489+0000] {logging_mixin.py:188} INFO - [2024-07-10T04:30:33.489+0000] {dag.py:3954} INFO - Setting next_dagrun for example_params_trigger_ui to None, run_after=None
[2024-07-10T04:30:33.574+0000] {processor.py:183} INFO - Processing /home/airflow/.local/lib/python3.12/site-packages/airflow/example_dags/example_params_trigger_ui.py took 0.472 seconds
[2024-07-10T04:31:04.403+0000] {processor.py:161} INFO - Started process (PID=305) to work on /home/airflow/.local/lib/python3.12/site-packages/airflow/example_dags/example_params_trigger_ui.py
[2024-07-10T04:31:04.407+0000] {processor.py:830} INFO - Processing file /home/airflow/.local/lib/python3.12/site-packages/airflow/example_dags/example_params_trigger_ui.py for tasks to queue
[2024-07-10T04:31:04.420+0000] {logging_mixin.py:188} INFO - [2024-07-10T04:31:04.419+0000] {dagbag.py:545} INFO - Filling up the DagBag from /home/airflow/.local/lib/python3.12/site-packages/airflow/example_dags/example_params_trigger_ui.py
[2024-07-10T04:31:04.482+0000] {processor.py:840} INFO - DAG(s) 'example_params_trigger_ui' retrieved from /home/airflow/.local/lib/python3.12/site-packages/airflow/example_dags/example_params_trigger_ui.py
[2024-07-10T04:31:04.635+0000] {logging_mixin.py:188} INFO - [2024-07-10T04:31:04.634+0000] {dag.py:3096} INFO - Sync 1 DAGs
[2024-07-10T04:31:04.690+0000] {logging_mixin.py:188} INFO - [2024-07-10T04:31:04.690+0000] {dag.py:3954} INFO - Setting next_dagrun for example_params_trigger_ui to None, run_after=None
[2024-07-10T04:31:04.836+0000] {processor.py:183} INFO - Processing /home/airflow/.local/lib/python3.12/site-packages/airflow/example_dags/example_params_trigger_ui.py took 0.467 seconds
[2024-07-10T04:31:36.250+0000] {processor.py:161} INFO - Started process (PID=365) to work on /home/airflow/.local/lib/python3.12/site-packages/airflow/example_dags/example_params_trigger_ui.py
[2024-07-10T04:31:36.255+0000] {processor.py:830} INFO - Processing file /home/airflow/.local/lib/python3.12/site-packages/airflow/example_dags/example_params_trigger_ui.py for tasks to queue
[2024-07-10T04:31:36.266+0000] {logging_mixin.py:188} INFO - [2024-07-10T04:31:36.266+0000] {dagbag.py:545} INFO - Filling up the DagBag from /home/airflow/.local/lib/python3.12/site-packages/airflow/example_dags/example_params_trigger_ui.py
[2024-07-10T04:31:36.321+0000] {processor.py:840} INFO - DAG(s) 'example_params_trigger_ui' retrieved from /home/airflow/.local/lib/python3.12/site-packages/airflow/example_dags/example_params_trigger_ui.py
[2024-07-10T04:31:36.647+0000] {logging_mixin.py:188} INFO - [2024-07-10T04:31:36.646+0000] {dag.py:3096} INFO - Sync 1 DAGs
[2024-07-10T04:31:36.711+0000] {logging_mixin.py:188} INFO - [2024-07-10T04:31:36.711+0000] {dag.py:3954} INFO - Setting next_dagrun for example_params_trigger_ui to None, run_after=None
[2024-07-10T04:31:36.757+0000] {processor.py:183} INFO - Processing /home/airflow/.local/lib/python3.12/site-packages/airflow/example_dags/example_params_trigger_ui.py took 0.526 seconds
