[2024-07-10T04:12:59.076+0000] {processor.py:161} INFO - Started process (PID=72) to work on /home/airflow/.local/lib/python3.12/site-packages/airflow/example_dags/example_xcomargs.py
[2024-07-10T04:12:59.077+0000] {processor.py:830} INFO - Processing file /home/airflow/.local/lib/python3.12/site-packages/airflow/example_dags/example_xcomargs.py for tasks to queue
[2024-07-10T04:12:59.079+0000] {logging_mixin.py:188} INFO - [2024-07-10T04:12:59.079+0000] {dagbag.py:545} INFO - Filling up the DagBag from /home/airflow/.local/lib/python3.12/site-packages/airflow/example_dags/example_xcomargs.py
[2024-07-10T04:12:59.089+0000] {processor.py:840} INFO - DAG(s) 'example_xcom_args', 'example_xcom_args_with_operators' retrieved from /home/airflow/.local/lib/python3.12/site-packages/airflow/example_dags/example_xcomargs.py
[2024-07-10T04:12:59.120+0000] {logging_mixin.py:188} INFO - [2024-07-10T04:12:59.120+0000] {dag.py:3096} INFO - Sync 2 DAGs
[2024-07-10T04:12:59.137+0000] {logging_mixin.py:188} INFO - [2024-07-10T04:12:59.137+0000] {dag.py:3954} INFO - Setting next_dagrun for example_xcom_args to None, run_after=None
[2024-07-10T04:12:59.142+0000] {logging_mixin.py:188} INFO - [2024-07-10T04:12:59.142+0000] {dag.py:3954} INFO - Setting next_dagrun for example_xcom_args_with_operators to None, run_after=None
[2024-07-10T04:12:59.167+0000] {processor.py:183} INFO - Processing /home/airflow/.local/lib/python3.12/site-packages/airflow/example_dags/example_xcomargs.py took 0.098 seconds
[2024-07-10T04:13:29.224+0000] {processor.py:161} INFO - Started process (PID=132) to work on /home/airflow/.local/lib/python3.12/site-packages/airflow/example_dags/example_xcomargs.py
[2024-07-10T04:13:29.225+0000] {processor.py:830} INFO - Processing file /home/airflow/.local/lib/python3.12/site-packages/airflow/example_dags/example_xcomargs.py for tasks to queue
[2024-07-10T04:13:29.227+0000] {logging_mixin.py:188} INFO - [2024-07-10T04:13:29.227+0000] {dagbag.py:545} INFO - Filling up the DagBag from /home/airflow/.local/lib/python3.12/site-packages/airflow/example_dags/example_xcomargs.py
[2024-07-10T04:13:29.235+0000] {processor.py:840} INFO - DAG(s) 'example_xcom_args_with_operators', 'example_xcom_args' retrieved from /home/airflow/.local/lib/python3.12/site-packages/airflow/example_dags/example_xcomargs.py
[2024-07-10T04:13:29.269+0000] {logging_mixin.py:188} INFO - [2024-07-10T04:13:29.269+0000] {dag.py:3096} INFO - Sync 2 DAGs
[2024-07-10T04:13:29.284+0000] {logging_mixin.py:188} INFO - [2024-07-10T04:13:29.284+0000] {dag.py:3954} INFO - Setting next_dagrun for example_xcom_args to None, run_after=None
[2024-07-10T04:13:29.289+0000] {logging_mixin.py:188} INFO - [2024-07-10T04:13:29.289+0000] {dag.py:3954} INFO - Setting next_dagrun for example_xcom_args_with_operators to None, run_after=None
[2024-07-10T04:13:29.311+0000] {processor.py:183} INFO - Processing /home/airflow/.local/lib/python3.12/site-packages/airflow/example_dags/example_xcomargs.py took 0.093 seconds
[2024-07-10T04:14:00.716+0000] {processor.py:161} INFO - Started process (PID=192) to work on /home/airflow/.local/lib/python3.12/site-packages/airflow/example_dags/example_xcomargs.py
[2024-07-10T04:14:00.718+0000] {processor.py:830} INFO - Processing file /home/airflow/.local/lib/python3.12/site-packages/airflow/example_dags/example_xcomargs.py for tasks to queue
[2024-07-10T04:14:00.722+0000] {logging_mixin.py:188} INFO - [2024-07-10T04:14:00.721+0000] {dagbag.py:545} INFO - Filling up the DagBag from /home/airflow/.local/lib/python3.12/site-packages/airflow/example_dags/example_xcomargs.py
[2024-07-10T04:14:00.749+0000] {processor.py:840} INFO - DAG(s) 'example_xcom_args_with_operators', 'example_xcom_args' retrieved from /home/airflow/.local/lib/python3.12/site-packages/airflow/example_dags/example_xcomargs.py
[2024-07-10T04:14:00.821+0000] {logging_mixin.py:188} INFO - [2024-07-10T04:14:00.821+0000] {dag.py:3096} INFO - Sync 2 DAGs
[2024-07-10T04:14:00.855+0000] {logging_mixin.py:188} INFO - [2024-07-10T04:14:00.855+0000] {dag.py:3954} INFO - Setting next_dagrun for example_xcom_args to None, run_after=None
[2024-07-10T04:14:00.869+0000] {logging_mixin.py:188} INFO - [2024-07-10T04:14:00.869+0000] {dag.py:3954} INFO - Setting next_dagrun for example_xcom_args_with_operators to None, run_after=None
[2024-07-10T04:14:00.931+0000] {processor.py:183} INFO - Processing /home/airflow/.local/lib/python3.12/site-packages/airflow/example_dags/example_xcomargs.py took 0.231 seconds
[2024-07-10T04:16:07.807+0000] {processor.py:161} INFO - Started process (PID=78) to work on /home/airflow/.local/lib/python3.12/site-packages/airflow/example_dags/example_xcomargs.py
[2024-07-10T04:16:07.808+0000] {processor.py:830} INFO - Processing file /home/airflow/.local/lib/python3.12/site-packages/airflow/example_dags/example_xcomargs.py for tasks to queue
[2024-07-10T04:16:07.811+0000] {logging_mixin.py:188} INFO - [2024-07-10T04:16:07.810+0000] {dagbag.py:545} INFO - Filling up the DagBag from /home/airflow/.local/lib/python3.12/site-packages/airflow/example_dags/example_xcomargs.py
[2024-07-10T04:16:07.823+0000] {processor.py:840} INFO - DAG(s) 'example_xcom_args_with_operators', 'example_xcom_args' retrieved from /home/airflow/.local/lib/python3.12/site-packages/airflow/example_dags/example_xcomargs.py
[2024-07-10T04:16:08.026+0000] {logging_mixin.py:188} INFO - [2024-07-10T04:16:08.026+0000] {dag.py:3096} INFO - Sync 2 DAGs
[2024-07-10T04:16:08.048+0000] {logging_mixin.py:188} INFO - [2024-07-10T04:16:08.048+0000] {dag.py:3954} INFO - Setting next_dagrun for example_xcom_args to None, run_after=None
[2024-07-10T04:16:08.054+0000] {logging_mixin.py:188} INFO - [2024-07-10T04:16:08.054+0000] {dag.py:3954} INFO - Setting next_dagrun for example_xcom_args_with_operators to None, run_after=None
[2024-07-10T04:16:08.094+0000] {processor.py:183} INFO - Processing /home/airflow/.local/lib/python3.12/site-packages/airflow/example_dags/example_xcomargs.py took 0.294 seconds
[2024-07-10T04:16:38.197+0000] {processor.py:161} INFO - Started process (PID=138) to work on /home/airflow/.local/lib/python3.12/site-packages/airflow/example_dags/example_xcomargs.py
[2024-07-10T04:16:38.198+0000] {processor.py:830} INFO - Processing file /home/airflow/.local/lib/python3.12/site-packages/airflow/example_dags/example_xcomargs.py for tasks to queue
[2024-07-10T04:16:38.202+0000] {logging_mixin.py:188} INFO - [2024-07-10T04:16:38.202+0000] {dagbag.py:545} INFO - Filling up the DagBag from /home/airflow/.local/lib/python3.12/site-packages/airflow/example_dags/example_xcomargs.py
[2024-07-10T04:16:38.219+0000] {processor.py:840} INFO - DAG(s) 'example_xcom_args_with_operators', 'example_xcom_args' retrieved from /home/airflow/.local/lib/python3.12/site-packages/airflow/example_dags/example_xcomargs.py
[2024-07-10T04:16:38.274+0000] {logging_mixin.py:188} INFO - [2024-07-10T04:16:38.273+0000] {dag.py:3096} INFO - Sync 2 DAGs
[2024-07-10T04:16:38.308+0000] {logging_mixin.py:188} INFO - [2024-07-10T04:16:38.307+0000] {dag.py:3954} INFO - Setting next_dagrun for example_xcom_args to None, run_after=None
[2024-07-10T04:16:38.319+0000] {logging_mixin.py:188} INFO - [2024-07-10T04:16:38.318+0000] {dag.py:3954} INFO - Setting next_dagrun for example_xcom_args_with_operators to None, run_after=None
[2024-07-10T04:16:38.366+0000] {processor.py:183} INFO - Processing /home/airflow/.local/lib/python3.12/site-packages/airflow/example_dags/example_xcomargs.py took 0.181 seconds
[2024-07-10T04:17:08.449+0000] {processor.py:161} INFO - Started process (PID=199) to work on /home/airflow/.local/lib/python3.12/site-packages/airflow/example_dags/example_xcomargs.py
[2024-07-10T04:17:08.451+0000] {processor.py:830} INFO - Processing file /home/airflow/.local/lib/python3.12/site-packages/airflow/example_dags/example_xcomargs.py for tasks to queue
[2024-07-10T04:17:08.453+0000] {logging_mixin.py:188} INFO - [2024-07-10T04:17:08.453+0000] {dagbag.py:545} INFO - Filling up the DagBag from /home/airflow/.local/lib/python3.12/site-packages/airflow/example_dags/example_xcomargs.py
[2024-07-10T04:17:08.464+0000] {processor.py:840} INFO - DAG(s) 'example_xcom_args_with_operators', 'example_xcom_args' retrieved from /home/airflow/.local/lib/python3.12/site-packages/airflow/example_dags/example_xcomargs.py
[2024-07-10T04:17:08.499+0000] {logging_mixin.py:188} INFO - [2024-07-10T04:17:08.499+0000] {dag.py:3096} INFO - Sync 2 DAGs
[2024-07-10T04:17:08.517+0000] {logging_mixin.py:188} INFO - [2024-07-10T04:17:08.517+0000] {dag.py:3954} INFO - Setting next_dagrun for example_xcom_args to None, run_after=None
[2024-07-10T04:17:08.523+0000] {logging_mixin.py:188} INFO - [2024-07-10T04:17:08.523+0000] {dag.py:3954} INFO - Setting next_dagrun for example_xcom_args_with_operators to None, run_after=None
[2024-07-10T04:17:08.550+0000] {processor.py:183} INFO - Processing /home/airflow/.local/lib/python3.12/site-packages/airflow/example_dags/example_xcomargs.py took 0.107 seconds
