[2024-07-10T04:12:56.070+0000] {processor.py:161} INFO - Started process (PID=44) to work on /home/airflow/.local/lib/python3.12/site-packages/airflow/example_dags/example_latest_only_with_trigger.py
[2024-07-10T04:12:56.071+0000] {processor.py:830} INFO - Processing file /home/airflow/.local/lib/python3.12/site-packages/airflow/example_dags/example_latest_only_with_trigger.py for tasks to queue
[2024-07-10T04:12:56.074+0000] {logging_mixin.py:188} INFO - [2024-07-10T04:12:56.073+0000] {dagbag.py:545} INFO - Filling up the DagBag from /home/airflow/.local/lib/python3.12/site-packages/airflow/example_dags/example_latest_only_with_trigger.py
[2024-07-10T04:12:56.085+0000] {processor.py:840} INFO - DAG(s) 'latest_only_with_trigger' retrieved from /home/airflow/.local/lib/python3.12/site-packages/airflow/example_dags/example_latest_only_with_trigger.py
[2024-07-10T04:12:56.129+0000] {logging_mixin.py:188} INFO - [2024-07-10T04:12:56.128+0000] {dag.py:3096} INFO - Sync 1 DAGs
[2024-07-10T04:12:56.163+0000] {logging_mixin.py:188} INFO - [2024-07-10T04:12:56.163+0000] {dag.py:3954} INFO - Setting next_dagrun for latest_only_with_trigger to 2024-07-10 00:00:00+00:00, run_after=2024-07-10 04:00:00+00:00
[2024-07-10T04:12:56.190+0000] {processor.py:183} INFO - Processing /home/airflow/.local/lib/python3.12/site-packages/airflow/example_dags/example_latest_only_with_trigger.py took 0.128 seconds
[2024-07-10T04:13:26.672+0000] {processor.py:161} INFO - Started process (PID=104) to work on /home/airflow/.local/lib/python3.12/site-packages/airflow/example_dags/example_latest_only_with_trigger.py
[2024-07-10T04:13:26.673+0000] {processor.py:830} INFO - Processing file /home/airflow/.local/lib/python3.12/site-packages/airflow/example_dags/example_latest_only_with_trigger.py for tasks to queue
[2024-07-10T04:13:26.675+0000] {logging_mixin.py:188} INFO - [2024-07-10T04:13:26.675+0000] {dagbag.py:545} INFO - Filling up the DagBag from /home/airflow/.local/lib/python3.12/site-packages/airflow/example_dags/example_latest_only_with_trigger.py
[2024-07-10T04:13:26.682+0000] {processor.py:840} INFO - DAG(s) 'latest_only_with_trigger' retrieved from /home/airflow/.local/lib/python3.12/site-packages/airflow/example_dags/example_latest_only_with_trigger.py
[2024-07-10T04:13:26.711+0000] {logging_mixin.py:188} INFO - [2024-07-10T04:13:26.711+0000] {dag.py:3096} INFO - Sync 1 DAGs
[2024-07-10T04:13:26.744+0000] {logging_mixin.py:188} INFO - [2024-07-10T04:13:26.743+0000] {dag.py:3954} INFO - Setting next_dagrun for latest_only_with_trigger to 2024-07-10 00:00:00+00:00, run_after=2024-07-10 04:00:00+00:00
[2024-07-10T04:13:26.776+0000] {processor.py:183} INFO - Processing /home/airflow/.local/lib/python3.12/site-packages/airflow/example_dags/example_latest_only_with_trigger.py took 0.109 seconds
[2024-07-10T04:13:57.246+0000] {processor.py:161} INFO - Started process (PID=164) to work on /home/airflow/.local/lib/python3.12/site-packages/airflow/example_dags/example_latest_only_with_trigger.py
[2024-07-10T04:13:57.247+0000] {processor.py:830} INFO - Processing file /home/airflow/.local/lib/python3.12/site-packages/airflow/example_dags/example_latest_only_with_trigger.py for tasks to queue
[2024-07-10T04:13:57.248+0000] {logging_mixin.py:188} INFO - [2024-07-10T04:13:57.248+0000] {dagbag.py:545} INFO - Filling up the DagBag from /home/airflow/.local/lib/python3.12/site-packages/airflow/example_dags/example_latest_only_with_trigger.py
[2024-07-10T04:13:57.254+0000] {processor.py:840} INFO - DAG(s) 'latest_only_with_trigger' retrieved from /home/airflow/.local/lib/python3.12/site-packages/airflow/example_dags/example_latest_only_with_trigger.py
[2024-07-10T04:13:57.275+0000] {logging_mixin.py:188} INFO - [2024-07-10T04:13:57.275+0000] {dag.py:3096} INFO - Sync 1 DAGs
[2024-07-10T04:13:57.297+0000] {logging_mixin.py:188} INFO - [2024-07-10T04:13:57.297+0000] {dag.py:3954} INFO - Setting next_dagrun for latest_only_with_trigger to 2024-07-10 00:00:00+00:00, run_after=2024-07-10 04:00:00+00:00
[2024-07-10T04:13:57.332+0000] {processor.py:183} INFO - Processing /home/airflow/.local/lib/python3.12/site-packages/airflow/example_dags/example_latest_only_with_trigger.py took 0.092 seconds
[2024-07-10T04:15:58.818+0000] {processor.py:161} INFO - Started process (PID=44) to work on /home/airflow/.local/lib/python3.12/site-packages/airflow/example_dags/example_latest_only_with_trigger.py
[2024-07-10T04:15:58.823+0000] {processor.py:830} INFO - Processing file /home/airflow/.local/lib/python3.12/site-packages/airflow/example_dags/example_latest_only_with_trigger.py for tasks to queue
[2024-07-10T04:15:58.841+0000] {logging_mixin.py:188} INFO - [2024-07-10T04:15:58.840+0000] {dagbag.py:545} INFO - Filling up the DagBag from /home/airflow/.local/lib/python3.12/site-packages/airflow/example_dags/example_latest_only_with_trigger.py
[2024-07-10T04:15:58.922+0000] {processor.py:840} INFO - DAG(s) 'latest_only_with_trigger' retrieved from /home/airflow/.local/lib/python3.12/site-packages/airflow/example_dags/example_latest_only_with_trigger.py
[2024-07-10T04:15:59.464+0000] {logging_mixin.py:188} INFO - [2024-07-10T04:15:59.464+0000] {dag.py:3096} INFO - Sync 1 DAGs
[2024-07-10T04:15:59.523+0000] {logging_mixin.py:188} INFO - [2024-07-10T04:15:59.523+0000] {dag.py:3954} INFO - Setting next_dagrun for latest_only_with_trigger to 2024-07-10 00:00:00+00:00, run_after=2024-07-10 04:00:00+00:00
[2024-07-10T04:15:59.576+0000] {processor.py:183} INFO - Processing /home/airflow/.local/lib/python3.12/site-packages/airflow/example_dags/example_latest_only_with_trigger.py took 0.800 seconds
[2024-07-10T04:16:30.069+0000] {processor.py:161} INFO - Started process (PID=110) to work on /home/airflow/.local/lib/python3.12/site-packages/airflow/example_dags/example_latest_only_with_trigger.py
[2024-07-10T04:16:30.070+0000] {processor.py:830} INFO - Processing file /home/airflow/.local/lib/python3.12/site-packages/airflow/example_dags/example_latest_only_with_trigger.py for tasks to queue
[2024-07-10T04:16:30.072+0000] {logging_mixin.py:188} INFO - [2024-07-10T04:16:30.072+0000] {dagbag.py:545} INFO - Filling up the DagBag from /home/airflow/.local/lib/python3.12/site-packages/airflow/example_dags/example_latest_only_with_trigger.py
[2024-07-10T04:16:30.078+0000] {processor.py:840} INFO - DAG(s) 'latest_only_with_trigger' retrieved from /home/airflow/.local/lib/python3.12/site-packages/airflow/example_dags/example_latest_only_with_trigger.py
[2024-07-10T04:16:30.101+0000] {logging_mixin.py:188} INFO - [2024-07-10T04:16:30.101+0000] {dag.py:3096} INFO - Sync 1 DAGs
[2024-07-10T04:16:30.123+0000] {logging_mixin.py:188} INFO - [2024-07-10T04:16:30.123+0000] {dag.py:3954} INFO - Setting next_dagrun for latest_only_with_trigger to 2024-07-10 00:00:00+00:00, run_after=2024-07-10 04:00:00+00:00
[2024-07-10T04:16:30.149+0000] {processor.py:183} INFO - Processing /home/airflow/.local/lib/python3.12/site-packages/airflow/example_dags/example_latest_only_with_trigger.py took 0.086 seconds
[2024-07-10T04:17:00.975+0000] {processor.py:161} INFO - Started process (PID=171) to work on /home/airflow/.local/lib/python3.12/site-packages/airflow/example_dags/example_latest_only_with_trigger.py
[2024-07-10T04:17:00.976+0000] {processor.py:830} INFO - Processing file /home/airflow/.local/lib/python3.12/site-packages/airflow/example_dags/example_latest_only_with_trigger.py for tasks to queue
[2024-07-10T04:17:00.978+0000] {logging_mixin.py:188} INFO - [2024-07-10T04:17:00.978+0000] {dagbag.py:545} INFO - Filling up the DagBag from /home/airflow/.local/lib/python3.12/site-packages/airflow/example_dags/example_latest_only_with_trigger.py
[2024-07-10T04:17:00.984+0000] {processor.py:840} INFO - DAG(s) 'latest_only_with_trigger' retrieved from /home/airflow/.local/lib/python3.12/site-packages/airflow/example_dags/example_latest_only_with_trigger.py
[2024-07-10T04:17:01.006+0000] {logging_mixin.py:188} INFO - [2024-07-10T04:17:01.005+0000] {dag.py:3096} INFO - Sync 1 DAGs
[2024-07-10T04:17:01.035+0000] {logging_mixin.py:188} INFO - [2024-07-10T04:17:01.035+0000] {dag.py:3954} INFO - Setting next_dagrun for latest_only_with_trigger to 2024-07-10 00:00:00+00:00, run_after=2024-07-10 04:00:00+00:00
[2024-07-10T04:17:01.068+0000] {processor.py:183} INFO - Processing /home/airflow/.local/lib/python3.12/site-packages/airflow/example_dags/example_latest_only_with_trigger.py took 0.099 seconds
[2024-07-10T04:18:38.314+0000] {processor.py:161} INFO - Started process (PID=50) to work on /home/airflow/.local/lib/python3.12/site-packages/airflow/example_dags/example_latest_only_with_trigger.py
[2024-07-10T04:18:38.316+0000] {processor.py:830} INFO - Processing file /home/airflow/.local/lib/python3.12/site-packages/airflow/example_dags/example_latest_only_with_trigger.py for tasks to queue
[2024-07-10T04:18:38.331+0000] {logging_mixin.py:188} INFO - [2024-07-10T04:18:38.330+0000] {dagbag.py:545} INFO - Filling up the DagBag from /home/airflow/.local/lib/python3.12/site-packages/airflow/example_dags/example_latest_only_with_trigger.py
[2024-07-10T04:18:38.350+0000] {processor.py:840} INFO - DAG(s) 'latest_only_with_trigger' retrieved from /home/airflow/.local/lib/python3.12/site-packages/airflow/example_dags/example_latest_only_with_trigger.py
[2024-07-10T04:18:38.701+0000] {logging_mixin.py:188} INFO - [2024-07-10T04:18:38.701+0000] {dag.py:3096} INFO - Sync 1 DAGs
[2024-07-10T04:18:38.755+0000] {logging_mixin.py:188} INFO - [2024-07-10T04:18:38.755+0000] {dag.py:3954} INFO - Setting next_dagrun for latest_only_with_trigger to 2024-07-10 00:00:00+00:00, run_after=2024-07-10 04:00:00+00:00
[2024-07-10T04:18:38.816+0000] {processor.py:183} INFO - Processing /home/airflow/.local/lib/python3.12/site-packages/airflow/example_dags/example_latest_only_with_trigger.py took 0.536 seconds
[2024-07-10T04:19:08.872+0000] {processor.py:161} INFO - Started process (PID=110) to work on /home/airflow/.local/lib/python3.12/site-packages/airflow/example_dags/example_latest_only_with_trigger.py
[2024-07-10T04:19:08.873+0000] {processor.py:830} INFO - Processing file /home/airflow/.local/lib/python3.12/site-packages/airflow/example_dags/example_latest_only_with_trigger.py for tasks to queue
[2024-07-10T04:19:08.875+0000] {logging_mixin.py:188} INFO - [2024-07-10T04:19:08.875+0000] {dagbag.py:545} INFO - Filling up the DagBag from /home/airflow/.local/lib/python3.12/site-packages/airflow/example_dags/example_latest_only_with_trigger.py
[2024-07-10T04:19:08.881+0000] {processor.py:840} INFO - DAG(s) 'latest_only_with_trigger' retrieved from /home/airflow/.local/lib/python3.12/site-packages/airflow/example_dags/example_latest_only_with_trigger.py
[2024-07-10T04:19:08.901+0000] {logging_mixin.py:188} INFO - [2024-07-10T04:19:08.901+0000] {dag.py:3096} INFO - Sync 1 DAGs
[2024-07-10T04:19:08.923+0000] {logging_mixin.py:188} INFO - [2024-07-10T04:19:08.923+0000] {dag.py:3954} INFO - Setting next_dagrun for latest_only_with_trigger to 2024-07-10 00:00:00+00:00, run_after=2024-07-10 04:00:00+00:00
[2024-07-10T04:19:08.941+0000] {processor.py:183} INFO - Processing /home/airflow/.local/lib/python3.12/site-packages/airflow/example_dags/example_latest_only_with_trigger.py took 0.075 seconds
[2024-07-10T04:19:39.222+0000] {processor.py:161} INFO - Started process (PID=170) to work on /home/airflow/.local/lib/python3.12/site-packages/airflow/example_dags/example_latest_only_with_trigger.py
[2024-07-10T04:19:39.223+0000] {processor.py:830} INFO - Processing file /home/airflow/.local/lib/python3.12/site-packages/airflow/example_dags/example_latest_only_with_trigger.py for tasks to queue
[2024-07-10T04:19:39.225+0000] {logging_mixin.py:188} INFO - [2024-07-10T04:19:39.225+0000] {dagbag.py:545} INFO - Filling up the DagBag from /home/airflow/.local/lib/python3.12/site-packages/airflow/example_dags/example_latest_only_with_trigger.py
[2024-07-10T04:19:39.230+0000] {processor.py:840} INFO - DAG(s) 'latest_only_with_trigger' retrieved from /home/airflow/.local/lib/python3.12/site-packages/airflow/example_dags/example_latest_only_with_trigger.py
[2024-07-10T04:19:39.253+0000] {logging_mixin.py:188} INFO - [2024-07-10T04:19:39.253+0000] {dag.py:3096} INFO - Sync 1 DAGs
[2024-07-10T04:19:39.276+0000] {logging_mixin.py:188} INFO - [2024-07-10T04:19:39.275+0000] {dag.py:3954} INFO - Setting next_dagrun for latest_only_with_trigger to 2024-07-10 00:00:00+00:00, run_after=2024-07-10 04:00:00+00:00
[2024-07-10T04:19:39.313+0000] {processor.py:183} INFO - Processing /home/airflow/.local/lib/python3.12/site-packages/airflow/example_dags/example_latest_only_with_trigger.py took 0.097 seconds
[2024-07-10T04:20:09.903+0000] {processor.py:161} INFO - Started process (PID=230) to work on /home/airflow/.local/lib/python3.12/site-packages/airflow/example_dags/example_latest_only_with_trigger.py
[2024-07-10T04:20:09.905+0000] {processor.py:830} INFO - Processing file /home/airflow/.local/lib/python3.12/site-packages/airflow/example_dags/example_latest_only_with_trigger.py for tasks to queue
[2024-07-10T04:20:09.908+0000] {logging_mixin.py:188} INFO - [2024-07-10T04:20:09.907+0000] {dagbag.py:545} INFO - Filling up the DagBag from /home/airflow/.local/lib/python3.12/site-packages/airflow/example_dags/example_latest_only_with_trigger.py
[2024-07-10T04:20:09.917+0000] {processor.py:840} INFO - DAG(s) 'latest_only_with_trigger' retrieved from /home/airflow/.local/lib/python3.12/site-packages/airflow/example_dags/example_latest_only_with_trigger.py
[2024-07-10T04:20:09.950+0000] {logging_mixin.py:188} INFO - [2024-07-10T04:20:09.950+0000] {dag.py:3096} INFO - Sync 1 DAGs
[2024-07-10T04:20:09.988+0000] {logging_mixin.py:188} INFO - [2024-07-10T04:20:09.987+0000] {dag.py:3954} INFO - Setting next_dagrun for latest_only_with_trigger to 2024-07-10 00:00:00+00:00, run_after=2024-07-10 04:00:00+00:00
[2024-07-10T04:20:10.022+0000] {processor.py:183} INFO - Processing /home/airflow/.local/lib/python3.12/site-packages/airflow/example_dags/example_latest_only_with_trigger.py took 0.129 seconds
[2024-07-10T04:20:40.604+0000] {processor.py:161} INFO - Started process (PID=290) to work on /home/airflow/.local/lib/python3.12/site-packages/airflow/example_dags/example_latest_only_with_trigger.py
[2024-07-10T04:20:40.606+0000] {processor.py:830} INFO - Processing file /home/airflow/.local/lib/python3.12/site-packages/airflow/example_dags/example_latest_only_with_trigger.py for tasks to queue
[2024-07-10T04:20:40.609+0000] {logging_mixin.py:188} INFO - [2024-07-10T04:20:40.608+0000] {dagbag.py:545} INFO - Filling up the DagBag from /home/airflow/.local/lib/python3.12/site-packages/airflow/example_dags/example_latest_only_with_trigger.py
[2024-07-10T04:20:40.620+0000] {processor.py:840} INFO - DAG(s) 'latest_only_with_trigger' retrieved from /home/airflow/.local/lib/python3.12/site-packages/airflow/example_dags/example_latest_only_with_trigger.py
[2024-07-10T04:20:40.665+0000] {logging_mixin.py:188} INFO - [2024-07-10T04:20:40.665+0000] {dag.py:3096} INFO - Sync 1 DAGs
[2024-07-10T04:20:40.724+0000] {logging_mixin.py:188} INFO - [2024-07-10T04:20:40.724+0000] {dag.py:3954} INFO - Setting next_dagrun for latest_only_with_trigger to 2024-07-10 00:00:00+00:00, run_after=2024-07-10 04:00:00+00:00
[2024-07-10T04:20:40.769+0000] {processor.py:183} INFO - Processing /home/airflow/.local/lib/python3.12/site-packages/airflow/example_dags/example_latest_only_with_trigger.py took 0.176 seconds
[2024-07-10T04:21:10.991+0000] {processor.py:161} INFO - Started process (PID=352) to work on /home/airflow/.local/lib/python3.12/site-packages/airflow/example_dags/example_latest_only_with_trigger.py
[2024-07-10T04:21:10.992+0000] {processor.py:830} INFO - Processing file /home/airflow/.local/lib/python3.12/site-packages/airflow/example_dags/example_latest_only_with_trigger.py for tasks to queue
[2024-07-10T04:21:10.995+0000] {logging_mixin.py:188} INFO - [2024-07-10T04:21:10.994+0000] {dagbag.py:545} INFO - Filling up the DagBag from /home/airflow/.local/lib/python3.12/site-packages/airflow/example_dags/example_latest_only_with_trigger.py
[2024-07-10T04:21:11.002+0000] {processor.py:840} INFO - DAG(s) 'latest_only_with_trigger' retrieved from /home/airflow/.local/lib/python3.12/site-packages/airflow/example_dags/example_latest_only_with_trigger.py
[2024-07-10T04:21:11.037+0000] {logging_mixin.py:188} INFO - [2024-07-10T04:21:11.037+0000] {dag.py:3096} INFO - Sync 1 DAGs
[2024-07-10T04:21:11.084+0000] {logging_mixin.py:188} INFO - [2024-07-10T04:21:11.084+0000] {dag.py:3954} INFO - Setting next_dagrun for latest_only_with_trigger to 2024-07-10 00:00:00+00:00, run_after=2024-07-10 04:00:00+00:00
[2024-07-10T04:21:11.116+0000] {processor.py:183} INFO - Processing /home/airflow/.local/lib/python3.12/site-packages/airflow/example_dags/example_latest_only_with_trigger.py took 0.135 seconds
[2024-07-10T04:25:43.312+0000] {processor.py:161} INFO - Started process (PID=50) to work on /home/airflow/.local/lib/python3.12/site-packages/airflow/example_dags/example_latest_only_with_trigger.py
[2024-07-10T04:25:43.314+0000] {processor.py:830} INFO - Processing file /home/airflow/.local/lib/python3.12/site-packages/airflow/example_dags/example_latest_only_with_trigger.py for tasks to queue
[2024-07-10T04:25:43.319+0000] {logging_mixin.py:188} INFO - [2024-07-10T04:25:43.318+0000] {dagbag.py:545} INFO - Filling up the DagBag from /home/airflow/.local/lib/python3.12/site-packages/airflow/example_dags/example_latest_only_with_trigger.py
[2024-07-10T04:25:43.346+0000] {processor.py:840} INFO - DAG(s) 'latest_only_with_trigger' retrieved from /home/airflow/.local/lib/python3.12/site-packages/airflow/example_dags/example_latest_only_with_trigger.py
[2024-07-10T04:25:43.782+0000] {logging_mixin.py:188} INFO - [2024-07-10T04:25:43.782+0000] {dag.py:3096} INFO - Sync 1 DAGs
[2024-07-10T04:25:43.859+0000] {logging_mixin.py:188} INFO - [2024-07-10T04:25:43.858+0000] {dag.py:3954} INFO - Setting next_dagrun for latest_only_with_trigger to 2024-07-10 00:00:00+00:00, run_after=2024-07-10 04:00:00+00:00
[2024-07-10T04:25:43.944+0000] {processor.py:183} INFO - Processing /home/airflow/.local/lib/python3.12/site-packages/airflow/example_dags/example_latest_only_with_trigger.py took 0.651 seconds
[2024-07-10T04:26:14.317+0000] {processor.py:161} INFO - Started process (PID=110) to work on /home/airflow/.local/lib/python3.12/site-packages/airflow/example_dags/example_latest_only_with_trigger.py
[2024-07-10T04:26:14.318+0000] {processor.py:830} INFO - Processing file /home/airflow/.local/lib/python3.12/site-packages/airflow/example_dags/example_latest_only_with_trigger.py for tasks to queue
[2024-07-10T04:26:14.320+0000] {logging_mixin.py:188} INFO - [2024-07-10T04:26:14.320+0000] {dagbag.py:545} INFO - Filling up the DagBag from /home/airflow/.local/lib/python3.12/site-packages/airflow/example_dags/example_latest_only_with_trigger.py
[2024-07-10T04:26:14.326+0000] {processor.py:840} INFO - DAG(s) 'latest_only_with_trigger' retrieved from /home/airflow/.local/lib/python3.12/site-packages/airflow/example_dags/example_latest_only_with_trigger.py
[2024-07-10T04:26:14.349+0000] {logging_mixin.py:188} INFO - [2024-07-10T04:26:14.348+0000] {dag.py:3096} INFO - Sync 1 DAGs
[2024-07-10T04:26:14.372+0000] {logging_mixin.py:188} INFO - [2024-07-10T04:26:14.371+0000] {dag.py:3954} INFO - Setting next_dagrun for latest_only_with_trigger to 2024-07-10 00:00:00+00:00, run_after=2024-07-10 04:00:00+00:00
[2024-07-10T04:26:14.393+0000] {processor.py:183} INFO - Processing /home/airflow/.local/lib/python3.12/site-packages/airflow/example_dags/example_latest_only_with_trigger.py took 0.084 seconds
[2024-07-10T04:26:44.456+0000] {processor.py:161} INFO - Started process (PID=170) to work on /home/airflow/.local/lib/python3.12/site-packages/airflow/example_dags/example_latest_only_with_trigger.py
[2024-07-10T04:26:44.457+0000] {processor.py:830} INFO - Processing file /home/airflow/.local/lib/python3.12/site-packages/airflow/example_dags/example_latest_only_with_trigger.py for tasks to queue
[2024-07-10T04:26:44.459+0000] {logging_mixin.py:188} INFO - [2024-07-10T04:26:44.459+0000] {dagbag.py:545} INFO - Filling up the DagBag from /home/airflow/.local/lib/python3.12/site-packages/airflow/example_dags/example_latest_only_with_trigger.py
[2024-07-10T04:26:44.465+0000] {processor.py:840} INFO - DAG(s) 'latest_only_with_trigger' retrieved from /home/airflow/.local/lib/python3.12/site-packages/airflow/example_dags/example_latest_only_with_trigger.py
[2024-07-10T04:26:44.487+0000] {logging_mixin.py:188} INFO - [2024-07-10T04:26:44.487+0000] {dag.py:3096} INFO - Sync 1 DAGs
[2024-07-10T04:26:44.512+0000] {logging_mixin.py:188} INFO - [2024-07-10T04:26:44.512+0000] {dag.py:3954} INFO - Setting next_dagrun for latest_only_with_trigger to 2024-07-10 00:00:00+00:00, run_after=2024-07-10 04:00:00+00:00
[2024-07-10T04:26:44.532+0000] {processor.py:183} INFO - Processing /home/airflow/.local/lib/python3.12/site-packages/airflow/example_dags/example_latest_only_with_trigger.py took 0.082 seconds
[2024-07-10T04:27:14.809+0000] {processor.py:161} INFO - Started process (PID=230) to work on /home/airflow/.local/lib/python3.12/site-packages/airflow/example_dags/example_latest_only_with_trigger.py
[2024-07-10T04:27:14.811+0000] {processor.py:830} INFO - Processing file /home/airflow/.local/lib/python3.12/site-packages/airflow/example_dags/example_latest_only_with_trigger.py for tasks to queue
[2024-07-10T04:27:14.815+0000] {logging_mixin.py:188} INFO - [2024-07-10T04:27:14.815+0000] {dagbag.py:545} INFO - Filling up the DagBag from /home/airflow/.local/lib/python3.12/site-packages/airflow/example_dags/example_latest_only_with_trigger.py
[2024-07-10T04:27:14.829+0000] {processor.py:840} INFO - DAG(s) 'latest_only_with_trigger' retrieved from /home/airflow/.local/lib/python3.12/site-packages/airflow/example_dags/example_latest_only_with_trigger.py
[2024-07-10T04:27:14.915+0000] {logging_mixin.py:188} INFO - [2024-07-10T04:27:14.914+0000] {dag.py:3096} INFO - Sync 1 DAGs
[2024-07-10T04:27:14.974+0000] {logging_mixin.py:188} INFO - [2024-07-10T04:27:14.973+0000] {dag.py:3954} INFO - Setting next_dagrun for latest_only_with_trigger to 2024-07-10 00:00:00+00:00, run_after=2024-07-10 04:00:00+00:00
[2024-07-10T04:27:15.017+0000] {processor.py:183} INFO - Processing /home/airflow/.local/lib/python3.12/site-packages/airflow/example_dags/example_latest_only_with_trigger.py took 0.221 seconds
[2024-07-10T04:28:53.994+0000] {processor.py:161} INFO - Started process (PID=49) to work on /home/airflow/.local/lib/python3.12/site-packages/airflow/example_dags/example_latest_only_with_trigger.py
[2024-07-10T04:28:53.996+0000] {processor.py:830} INFO - Processing file /home/airflow/.local/lib/python3.12/site-packages/airflow/example_dags/example_latest_only_with_trigger.py for tasks to queue
[2024-07-10T04:28:53.999+0000] {logging_mixin.py:188} INFO - [2024-07-10T04:28:53.999+0000] {dagbag.py:545} INFO - Filling up the DagBag from /home/airflow/.local/lib/python3.12/site-packages/airflow/example_dags/example_latest_only_with_trigger.py
[2024-07-10T04:28:54.015+0000] {processor.py:840} INFO - DAG(s) 'latest_only_with_trigger' retrieved from /home/airflow/.local/lib/python3.12/site-packages/airflow/example_dags/example_latest_only_with_trigger.py
[2024-07-10T04:28:54.261+0000] {logging_mixin.py:188} INFO - [2024-07-10T04:28:54.260+0000] {dag.py:3096} INFO - Sync 1 DAGs
[2024-07-10T04:28:54.313+0000] {logging_mixin.py:188} INFO - [2024-07-10T04:28:54.312+0000] {dag.py:3954} INFO - Setting next_dagrun for latest_only_with_trigger to 2024-07-10 00:00:00+00:00, run_after=2024-07-10 04:00:00+00:00
[2024-07-10T04:28:54.358+0000] {processor.py:183} INFO - Processing /home/airflow/.local/lib/python3.12/site-packages/airflow/example_dags/example_latest_only_with_trigger.py took 0.376 seconds
[2024-07-10T04:29:24.606+0000] {processor.py:161} INFO - Started process (PID=109) to work on /home/airflow/.local/lib/python3.12/site-packages/airflow/example_dags/example_latest_only_with_trigger.py
[2024-07-10T04:29:24.608+0000] {processor.py:830} INFO - Processing file /home/airflow/.local/lib/python3.12/site-packages/airflow/example_dags/example_latest_only_with_trigger.py for tasks to queue
[2024-07-10T04:29:24.612+0000] {logging_mixin.py:188} INFO - [2024-07-10T04:29:24.611+0000] {dagbag.py:545} INFO - Filling up the DagBag from /home/airflow/.local/lib/python3.12/site-packages/airflow/example_dags/example_latest_only_with_trigger.py
[2024-07-10T04:29:24.627+0000] {processor.py:840} INFO - DAG(s) 'latest_only_with_trigger' retrieved from /home/airflow/.local/lib/python3.12/site-packages/airflow/example_dags/example_latest_only_with_trigger.py
[2024-07-10T04:29:24.686+0000] {logging_mixin.py:188} INFO - [2024-07-10T04:29:24.685+0000] {dag.py:3096} INFO - Sync 1 DAGs
[2024-07-10T04:29:24.763+0000] {logging_mixin.py:188} INFO - [2024-07-10T04:29:24.763+0000] {dag.py:3954} INFO - Setting next_dagrun for latest_only_with_trigger to 2024-07-10 00:00:00+00:00, run_after=2024-07-10 04:00:00+00:00
[2024-07-10T04:29:24.811+0000] {processor.py:183} INFO - Processing /home/airflow/.local/lib/python3.12/site-packages/airflow/example_dags/example_latest_only_with_trigger.py took 0.220 seconds
[2024-07-10T04:29:55.960+0000] {processor.py:161} INFO - Started process (PID=169) to work on /home/airflow/.local/lib/python3.12/site-packages/airflow/example_dags/example_latest_only_with_trigger.py
[2024-07-10T04:29:55.963+0000] {processor.py:830} INFO - Processing file /home/airflow/.local/lib/python3.12/site-packages/airflow/example_dags/example_latest_only_with_trigger.py for tasks to queue
[2024-07-10T04:29:55.969+0000] {logging_mixin.py:188} INFO - [2024-07-10T04:29:55.968+0000] {dagbag.py:545} INFO - Filling up the DagBag from /home/airflow/.local/lib/python3.12/site-packages/airflow/example_dags/example_latest_only_with_trigger.py
[2024-07-10T04:29:55.985+0000] {processor.py:840} INFO - DAG(s) 'latest_only_with_trigger' retrieved from /home/airflow/.local/lib/python3.12/site-packages/airflow/example_dags/example_latest_only_with_trigger.py
[2024-07-10T04:29:56.049+0000] {logging_mixin.py:188} INFO - [2024-07-10T04:29:56.049+0000] {dag.py:3096} INFO - Sync 1 DAGs
[2024-07-10T04:29:56.127+0000] {logging_mixin.py:188} INFO - [2024-07-10T04:29:56.127+0000] {dag.py:3954} INFO - Setting next_dagrun for latest_only_with_trigger to 2024-07-10 00:00:00+00:00, run_after=2024-07-10 04:00:00+00:00
[2024-07-10T04:29:56.197+0000] {processor.py:183} INFO - Processing /home/airflow/.local/lib/python3.12/site-packages/airflow/example_dags/example_latest_only_with_trigger.py took 0.256 seconds
[2024-07-10T04:30:27.053+0000] {processor.py:161} INFO - Started process (PID=229) to work on /home/airflow/.local/lib/python3.12/site-packages/airflow/example_dags/example_latest_only_with_trigger.py
[2024-07-10T04:30:27.059+0000] {processor.py:830} INFO - Processing file /home/airflow/.local/lib/python3.12/site-packages/airflow/example_dags/example_latest_only_with_trigger.py for tasks to queue
[2024-07-10T04:30:27.065+0000] {logging_mixin.py:188} INFO - [2024-07-10T04:30:27.064+0000] {dagbag.py:545} INFO - Filling up the DagBag from /home/airflow/.local/lib/python3.12/site-packages/airflow/example_dags/example_latest_only_with_trigger.py
[2024-07-10T04:30:27.079+0000] {processor.py:840} INFO - DAG(s) 'latest_only_with_trigger' retrieved from /home/airflow/.local/lib/python3.12/site-packages/airflow/example_dags/example_latest_only_with_trigger.py
[2024-07-10T04:30:27.129+0000] {logging_mixin.py:188} INFO - [2024-07-10T04:30:27.129+0000] {dag.py:3096} INFO - Sync 1 DAGs
[2024-07-10T04:30:27.190+0000] {logging_mixin.py:188} INFO - [2024-07-10T04:30:27.189+0000] {dag.py:3954} INFO - Setting next_dagrun for latest_only_with_trigger to 2024-07-10 00:00:00+00:00, run_after=2024-07-10 04:00:00+00:00
[2024-07-10T04:30:27.244+0000] {processor.py:183} INFO - Processing /home/airflow/.local/lib/python3.12/site-packages/airflow/example_dags/example_latest_only_with_trigger.py took 0.205 seconds
[2024-07-10T04:30:57.632+0000] {processor.py:161} INFO - Started process (PID=287) to work on /home/airflow/.local/lib/python3.12/site-packages/airflow/example_dags/example_latest_only_with_trigger.py
[2024-07-10T04:30:57.637+0000] {processor.py:830} INFO - Processing file /home/airflow/.local/lib/python3.12/site-packages/airflow/example_dags/example_latest_only_with_trigger.py for tasks to queue
[2024-07-10T04:30:57.642+0000] {logging_mixin.py:188} INFO - [2024-07-10T04:30:57.642+0000] {dagbag.py:545} INFO - Filling up the DagBag from /home/airflow/.local/lib/python3.12/site-packages/airflow/example_dags/example_latest_only_with_trigger.py
[2024-07-10T04:30:57.655+0000] {processor.py:840} INFO - DAG(s) 'latest_only_with_trigger' retrieved from /home/airflow/.local/lib/python3.12/site-packages/airflow/example_dags/example_latest_only_with_trigger.py
[2024-07-10T04:30:57.712+0000] {logging_mixin.py:188} INFO - [2024-07-10T04:30:57.712+0000] {dag.py:3096} INFO - Sync 1 DAGs
[2024-07-10T04:30:57.779+0000] {logging_mixin.py:188} INFO - [2024-07-10T04:30:57.778+0000] {dag.py:3954} INFO - Setting next_dagrun for latest_only_with_trigger to 2024-07-10 00:00:00+00:00, run_after=2024-07-10 04:00:00+00:00
[2024-07-10T04:30:57.851+0000] {processor.py:183} INFO - Processing /home/airflow/.local/lib/python3.12/site-packages/airflow/example_dags/example_latest_only_with_trigger.py took 0.238 seconds
[2024-07-10T04:31:28.794+0000] {processor.py:161} INFO - Started process (PID=347) to work on /home/airflow/.local/lib/python3.12/site-packages/airflow/example_dags/example_latest_only_with_trigger.py
[2024-07-10T04:31:28.795+0000] {processor.py:830} INFO - Processing file /home/airflow/.local/lib/python3.12/site-packages/airflow/example_dags/example_latest_only_with_trigger.py for tasks to queue
[2024-07-10T04:31:28.799+0000] {logging_mixin.py:188} INFO - [2024-07-10T04:31:28.798+0000] {dagbag.py:545} INFO - Filling up the DagBag from /home/airflow/.local/lib/python3.12/site-packages/airflow/example_dags/example_latest_only_with_trigger.py
[2024-07-10T04:31:28.810+0000] {processor.py:840} INFO - DAG(s) 'latest_only_with_trigger' retrieved from /home/airflow/.local/lib/python3.12/site-packages/airflow/example_dags/example_latest_only_with_trigger.py
[2024-07-10T04:31:28.841+0000] {logging_mixin.py:188} INFO - [2024-07-10T04:31:28.841+0000] {dag.py:3096} INFO - Sync 1 DAGs
[2024-07-10T04:31:28.886+0000] {logging_mixin.py:188} INFO - [2024-07-10T04:31:28.885+0000] {dag.py:3954} INFO - Setting next_dagrun for latest_only_with_trigger to 2024-07-10 00:00:00+00:00, run_after=2024-07-10 04:00:00+00:00
[2024-07-10T04:31:28.928+0000] {processor.py:183} INFO - Processing /home/airflow/.local/lib/python3.12/site-packages/airflow/example_dags/example_latest_only_with_trigger.py took 0.143 seconds
