[2024-07-10T04:12:59.492+0000] {processor.py:161} INFO - Started process (PID=76) to work on /home/airflow/.local/lib/python3.12/site-packages/airflow/example_dags/example_branch_labels.py
[2024-07-10T04:12:59.493+0000] {processor.py:830} INFO - Processing file /home/airflow/.local/lib/python3.12/site-packages/airflow/example_dags/example_branch_labels.py for tasks to queue
[2024-07-10T04:12:59.495+0000] {logging_mixin.py:188} INFO - [2024-07-10T04:12:59.495+0000] {dagbag.py:545} INFO - Filling up the DagBag from /home/airflow/.local/lib/python3.12/site-packages/airflow/example_dags/example_branch_labels.py
[2024-07-10T04:12:59.507+0000] {processor.py:840} INFO - DAG(s) 'example_branch_labels' retrieved from /home/airflow/.local/lib/python3.12/site-packages/airflow/example_dags/example_branch_labels.py
[2024-07-10T04:12:59.537+0000] {logging_mixin.py:188} INFO - [2024-07-10T04:12:59.536+0000] {dag.py:3096} INFO - Sync 1 DAGs
[2024-07-10T04:12:59.571+0000] {logging_mixin.py:188} INFO - [2024-07-10T04:12:59.570+0000] {dag.py:3954} INFO - Setting next_dagrun for example_branch_labels to 2024-07-09 00:00:00+00:00, run_after=2024-07-10 00:00:00+00:00
[2024-07-10T04:12:59.597+0000] {processor.py:183} INFO - Processing /home/airflow/.local/lib/python3.12/site-packages/airflow/example_dags/example_branch_labels.py took 0.113 seconds
[2024-07-10T04:13:29.678+0000] {processor.py:161} INFO - Started process (PID=136) to work on /home/airflow/.local/lib/python3.12/site-packages/airflow/example_dags/example_branch_labels.py
[2024-07-10T04:13:29.680+0000] {processor.py:830} INFO - Processing file /home/airflow/.local/lib/python3.12/site-packages/airflow/example_dags/example_branch_labels.py for tasks to queue
[2024-07-10T04:13:29.683+0000] {logging_mixin.py:188} INFO - [2024-07-10T04:13:29.682+0000] {dagbag.py:545} INFO - Filling up the DagBag from /home/airflow/.local/lib/python3.12/site-packages/airflow/example_dags/example_branch_labels.py
[2024-07-10T04:13:29.691+0000] {processor.py:840} INFO - DAG(s) 'example_branch_labels' retrieved from /home/airflow/.local/lib/python3.12/site-packages/airflow/example_dags/example_branch_labels.py
[2024-07-10T04:13:29.716+0000] {logging_mixin.py:188} INFO - [2024-07-10T04:13:29.716+0000] {dag.py:3096} INFO - Sync 1 DAGs
[2024-07-10T04:13:29.740+0000] {logging_mixin.py:188} INFO - [2024-07-10T04:13:29.739+0000] {dag.py:3954} INFO - Setting next_dagrun for example_branch_labels to 2024-07-09 00:00:00+00:00, run_after=2024-07-10 00:00:00+00:00
[2024-07-10T04:13:29.771+0000] {processor.py:183} INFO - Processing /home/airflow/.local/lib/python3.12/site-packages/airflow/example_dags/example_branch_labels.py took 0.104 seconds
[2024-07-10T04:14:01.374+0000] {processor.py:161} INFO - Started process (PID=196) to work on /home/airflow/.local/lib/python3.12/site-packages/airflow/example_dags/example_branch_labels.py
[2024-07-10T04:14:01.379+0000] {processor.py:830} INFO - Processing file /home/airflow/.local/lib/python3.12/site-packages/airflow/example_dags/example_branch_labels.py for tasks to queue
[2024-07-10T04:14:01.382+0000] {logging_mixin.py:188} INFO - [2024-07-10T04:14:01.381+0000] {dagbag.py:545} INFO - Filling up the DagBag from /home/airflow/.local/lib/python3.12/site-packages/airflow/example_dags/example_branch_labels.py
[2024-07-10T04:14:01.403+0000] {processor.py:840} INFO - DAG(s) 'example_branch_labels' retrieved from /home/airflow/.local/lib/python3.12/site-packages/airflow/example_dags/example_branch_labels.py
[2024-07-10T04:14:01.482+0000] {logging_mixin.py:188} INFO - [2024-07-10T04:14:01.481+0000] {dag.py:3096} INFO - Sync 1 DAGs
[2024-07-10T04:14:01.614+0000] {logging_mixin.py:188} INFO - [2024-07-10T04:14:01.614+0000] {dag.py:3954} INFO - Setting next_dagrun for example_branch_labels to 2024-07-09 00:00:00+00:00, run_after=2024-07-10 00:00:00+00:00
[2024-07-10T04:14:01.703+0000] {processor.py:183} INFO - Processing /home/airflow/.local/lib/python3.12/site-packages/airflow/example_dags/example_branch_labels.py took 0.345 seconds
[2024-07-10T04:16:08.412+0000] {processor.py:161} INFO - Started process (PID=82) to work on /home/airflow/.local/lib/python3.12/site-packages/airflow/example_dags/example_branch_labels.py
[2024-07-10T04:16:08.413+0000] {processor.py:830} INFO - Processing file /home/airflow/.local/lib/python3.12/site-packages/airflow/example_dags/example_branch_labels.py for tasks to queue
[2024-07-10T04:16:08.416+0000] {logging_mixin.py:188} INFO - [2024-07-10T04:16:08.416+0000] {dagbag.py:545} INFO - Filling up the DagBag from /home/airflow/.local/lib/python3.12/site-packages/airflow/example_dags/example_branch_labels.py
[2024-07-10T04:16:08.433+0000] {processor.py:840} INFO - DAG(s) 'example_branch_labels' retrieved from /home/airflow/.local/lib/python3.12/site-packages/airflow/example_dags/example_branch_labels.py
[2024-07-10T04:16:08.607+0000] {logging_mixin.py:188} INFO - [2024-07-10T04:16:08.607+0000] {dag.py:3096} INFO - Sync 1 DAGs
[2024-07-10T04:16:08.635+0000] {logging_mixin.py:188} INFO - [2024-07-10T04:16:08.635+0000] {dag.py:3954} INFO - Setting next_dagrun for example_branch_labels to 2024-07-09 00:00:00+00:00, run_after=2024-07-10 00:00:00+00:00
[2024-07-10T04:16:08.679+0000] {processor.py:183} INFO - Processing /home/airflow/.local/lib/python3.12/site-packages/airflow/example_dags/example_branch_labels.py took 0.277 seconds
[2024-07-10T04:16:38.847+0000] {processor.py:161} INFO - Started process (PID=142) to work on /home/airflow/.local/lib/python3.12/site-packages/airflow/example_dags/example_branch_labels.py
[2024-07-10T04:16:38.849+0000] {processor.py:830} INFO - Processing file /home/airflow/.local/lib/python3.12/site-packages/airflow/example_dags/example_branch_labels.py for tasks to queue
[2024-07-10T04:16:38.853+0000] {logging_mixin.py:188} INFO - [2024-07-10T04:16:38.853+0000] {dagbag.py:545} INFO - Filling up the DagBag from /home/airflow/.local/lib/python3.12/site-packages/airflow/example_dags/example_branch_labels.py
[2024-07-10T04:16:38.886+0000] {processor.py:840} INFO - DAG(s) 'example_branch_labels' retrieved from /home/airflow/.local/lib/python3.12/site-packages/airflow/example_dags/example_branch_labels.py
[2024-07-10T04:16:38.942+0000] {logging_mixin.py:188} INFO - [2024-07-10T04:16:38.941+0000] {dag.py:3096} INFO - Sync 1 DAGs
[2024-07-10T04:16:38.993+0000] {logging_mixin.py:188} INFO - [2024-07-10T04:16:38.993+0000] {dag.py:3954} INFO - Setting next_dagrun for example_branch_labels to 2024-07-09 00:00:00+00:00, run_after=2024-07-10 00:00:00+00:00
[2024-07-10T04:16:39.034+0000] {processor.py:183} INFO - Processing /home/airflow/.local/lib/python3.12/site-packages/airflow/example_dags/example_branch_labels.py took 0.205 seconds
[2024-07-10T04:17:10.129+0000] {processor.py:161} INFO - Started process (PID=203) to work on /home/airflow/.local/lib/python3.12/site-packages/airflow/example_dags/example_branch_labels.py
[2024-07-10T04:17:10.131+0000] {processor.py:830} INFO - Processing file /home/airflow/.local/lib/python3.12/site-packages/airflow/example_dags/example_branch_labels.py for tasks to queue
[2024-07-10T04:17:10.135+0000] {logging_mixin.py:188} INFO - [2024-07-10T04:17:10.134+0000] {dagbag.py:545} INFO - Filling up the DagBag from /home/airflow/.local/lib/python3.12/site-packages/airflow/example_dags/example_branch_labels.py
[2024-07-10T04:17:10.153+0000] {processor.py:840} INFO - DAG(s) 'example_branch_labels' retrieved from /home/airflow/.local/lib/python3.12/site-packages/airflow/example_dags/example_branch_labels.py
[2024-07-10T04:17:10.219+0000] {logging_mixin.py:188} INFO - [2024-07-10T04:17:10.218+0000] {dag.py:3096} INFO - Sync 1 DAGs
[2024-07-10T04:17:10.270+0000] {logging_mixin.py:188} INFO - [2024-07-10T04:17:10.270+0000] {dag.py:3954} INFO - Setting next_dagrun for example_branch_labels to 2024-07-09 00:00:00+00:00, run_after=2024-07-10 00:00:00+00:00
[2024-07-10T04:17:10.306+0000] {processor.py:183} INFO - Processing /home/airflow/.local/lib/python3.12/site-packages/airflow/example_dags/example_branch_labels.py took 0.195 seconds
[2024-07-10T04:18:44.622+0000] {processor.py:161} INFO - Started process (PID=82) to work on /home/airflow/.local/lib/python3.12/site-packages/airflow/example_dags/example_branch_labels.py
[2024-07-10T04:18:44.623+0000] {processor.py:830} INFO - Processing file /home/airflow/.local/lib/python3.12/site-packages/airflow/example_dags/example_branch_labels.py for tasks to queue
[2024-07-10T04:18:44.625+0000] {logging_mixin.py:188} INFO - [2024-07-10T04:18:44.625+0000] {dagbag.py:545} INFO - Filling up the DagBag from /home/airflow/.local/lib/python3.12/site-packages/airflow/example_dags/example_branch_labels.py
[2024-07-10T04:18:44.635+0000] {processor.py:840} INFO - DAG(s) 'example_branch_labels' retrieved from /home/airflow/.local/lib/python3.12/site-packages/airflow/example_dags/example_branch_labels.py
[2024-07-10T04:18:44.763+0000] {logging_mixin.py:188} INFO - [2024-07-10T04:18:44.763+0000] {dag.py:3096} INFO - Sync 1 DAGs
[2024-07-10T04:18:44.788+0000] {logging_mixin.py:188} INFO - [2024-07-10T04:18:44.787+0000] {dag.py:3954} INFO - Setting next_dagrun for example_branch_labels to 2024-07-09 00:00:00+00:00, run_after=2024-07-10 00:00:00+00:00
[2024-07-10T04:18:44.812+0000] {processor.py:183} INFO - Processing /home/airflow/.local/lib/python3.12/site-packages/airflow/example_dags/example_branch_labels.py took 0.198 seconds
[2024-07-10T04:19:15.494+0000] {processor.py:161} INFO - Started process (PID=142) to work on /home/airflow/.local/lib/python3.12/site-packages/airflow/example_dags/example_branch_labels.py
[2024-07-10T04:19:15.495+0000] {processor.py:830} INFO - Processing file /home/airflow/.local/lib/python3.12/site-packages/airflow/example_dags/example_branch_labels.py for tasks to queue
[2024-07-10T04:19:15.498+0000] {logging_mixin.py:188} INFO - [2024-07-10T04:19:15.498+0000] {dagbag.py:545} INFO - Filling up the DagBag from /home/airflow/.local/lib/python3.12/site-packages/airflow/example_dags/example_branch_labels.py
[2024-07-10T04:19:15.509+0000] {processor.py:840} INFO - DAG(s) 'example_branch_labels' retrieved from /home/airflow/.local/lib/python3.12/site-packages/airflow/example_dags/example_branch_labels.py
[2024-07-10T04:19:15.542+0000] {logging_mixin.py:188} INFO - [2024-07-10T04:19:15.542+0000] {dag.py:3096} INFO - Sync 1 DAGs
[2024-07-10T04:19:15.588+0000] {logging_mixin.py:188} INFO - [2024-07-10T04:19:15.588+0000] {dag.py:3954} INFO - Setting next_dagrun for example_branch_labels to 2024-07-09 00:00:00+00:00, run_after=2024-07-10 00:00:00+00:00
[2024-07-10T04:19:15.618+0000] {processor.py:183} INFO - Processing /home/airflow/.local/lib/python3.12/site-packages/airflow/example_dags/example_branch_labels.py took 0.132 seconds
[2024-07-10T04:19:45.969+0000] {processor.py:161} INFO - Started process (PID=202) to work on /home/airflow/.local/lib/python3.12/site-packages/airflow/example_dags/example_branch_labels.py
[2024-07-10T04:19:45.970+0000] {processor.py:830} INFO - Processing file /home/airflow/.local/lib/python3.12/site-packages/airflow/example_dags/example_branch_labels.py for tasks to queue
[2024-07-10T04:19:45.972+0000] {logging_mixin.py:188} INFO - [2024-07-10T04:19:45.972+0000] {dagbag.py:545} INFO - Filling up the DagBag from /home/airflow/.local/lib/python3.12/site-packages/airflow/example_dags/example_branch_labels.py
[2024-07-10T04:19:45.983+0000] {processor.py:840} INFO - DAG(s) 'example_branch_labels' retrieved from /home/airflow/.local/lib/python3.12/site-packages/airflow/example_dags/example_branch_labels.py
[2024-07-10T04:19:46.011+0000] {logging_mixin.py:188} INFO - [2024-07-10T04:19:46.010+0000] {dag.py:3096} INFO - Sync 1 DAGs
[2024-07-10T04:19:46.046+0000] {logging_mixin.py:188} INFO - [2024-07-10T04:19:46.045+0000] {dag.py:3954} INFO - Setting next_dagrun for example_branch_labels to 2024-07-09 00:00:00+00:00, run_after=2024-07-10 00:00:00+00:00
[2024-07-10T04:19:46.091+0000] {processor.py:183} INFO - Processing /home/airflow/.local/lib/python3.12/site-packages/airflow/example_dags/example_branch_labels.py took 0.131 seconds
[2024-07-10T04:20:17.092+0000] {processor.py:161} INFO - Started process (PID=262) to work on /home/airflow/.local/lib/python3.12/site-packages/airflow/example_dags/example_branch_labels.py
[2024-07-10T04:20:17.094+0000] {processor.py:830} INFO - Processing file /home/airflow/.local/lib/python3.12/site-packages/airflow/example_dags/example_branch_labels.py for tasks to queue
[2024-07-10T04:20:17.098+0000] {logging_mixin.py:188} INFO - [2024-07-10T04:20:17.097+0000] {dagbag.py:545} INFO - Filling up the DagBag from /home/airflow/.local/lib/python3.12/site-packages/airflow/example_dags/example_branch_labels.py
[2024-07-10T04:20:17.116+0000] {processor.py:840} INFO - DAG(s) 'example_branch_labels' retrieved from /home/airflow/.local/lib/python3.12/site-packages/airflow/example_dags/example_branch_labels.py
[2024-07-10T04:20:17.153+0000] {logging_mixin.py:188} INFO - [2024-07-10T04:20:17.153+0000] {dag.py:3096} INFO - Sync 1 DAGs
[2024-07-10T04:20:17.229+0000] {logging_mixin.py:188} INFO - [2024-07-10T04:20:17.228+0000] {dag.py:3954} INFO - Setting next_dagrun for example_branch_labels to 2024-07-09 00:00:00+00:00, run_after=2024-07-10 00:00:00+00:00
[2024-07-10T04:20:17.283+0000] {processor.py:183} INFO - Processing /home/airflow/.local/lib/python3.12/site-packages/airflow/example_dags/example_branch_labels.py took 0.201 seconds
[2024-07-10T04:20:48.041+0000] {processor.py:161} INFO - Started process (PID=326) to work on /home/airflow/.local/lib/python3.12/site-packages/airflow/example_dags/example_branch_labels.py
[2024-07-10T04:20:48.043+0000] {processor.py:830} INFO - Processing file /home/airflow/.local/lib/python3.12/site-packages/airflow/example_dags/example_branch_labels.py for tasks to queue
[2024-07-10T04:20:48.048+0000] {logging_mixin.py:188} INFO - [2024-07-10T04:20:48.047+0000] {dagbag.py:545} INFO - Filling up the DagBag from /home/airflow/.local/lib/python3.12/site-packages/airflow/example_dags/example_branch_labels.py
[2024-07-10T04:20:48.075+0000] {processor.py:840} INFO - DAG(s) 'example_branch_labels' retrieved from /home/airflow/.local/lib/python3.12/site-packages/airflow/example_dags/example_branch_labels.py
[2024-07-10T04:20:48.121+0000] {logging_mixin.py:188} INFO - [2024-07-10T04:20:48.120+0000] {dag.py:3096} INFO - Sync 1 DAGs
[2024-07-10T04:20:48.165+0000] {logging_mixin.py:188} INFO - [2024-07-10T04:20:48.164+0000] {dag.py:3954} INFO - Setting next_dagrun for example_branch_labels to 2024-07-09 00:00:00+00:00, run_after=2024-07-10 00:00:00+00:00
[2024-07-10T04:20:48.210+0000] {processor.py:183} INFO - Processing /home/airflow/.local/lib/python3.12/site-packages/airflow/example_dags/example_branch_labels.py took 0.182 seconds
[2024-07-10T04:21:18.562+0000] {processor.py:161} INFO - Started process (PID=386) to work on /home/airflow/.local/lib/python3.12/site-packages/airflow/example_dags/example_branch_labels.py
[2024-07-10T04:21:18.564+0000] {processor.py:830} INFO - Processing file /home/airflow/.local/lib/python3.12/site-packages/airflow/example_dags/example_branch_labels.py for tasks to queue
[2024-07-10T04:21:18.568+0000] {logging_mixin.py:188} INFO - [2024-07-10T04:21:18.567+0000] {dagbag.py:545} INFO - Filling up the DagBag from /home/airflow/.local/lib/python3.12/site-packages/airflow/example_dags/example_branch_labels.py
[2024-07-10T04:21:18.585+0000] {processor.py:840} INFO - DAG(s) 'example_branch_labels' retrieved from /home/airflow/.local/lib/python3.12/site-packages/airflow/example_dags/example_branch_labels.py
[2024-07-10T04:21:18.629+0000] {logging_mixin.py:188} INFO - [2024-07-10T04:21:18.629+0000] {dag.py:3096} INFO - Sync 1 DAGs
[2024-07-10T04:21:18.709+0000] {logging_mixin.py:188} INFO - [2024-07-10T04:21:18.709+0000] {dag.py:3954} INFO - Setting next_dagrun for example_branch_labels to 2024-07-09 00:00:00+00:00, run_after=2024-07-10 00:00:00+00:00
[2024-07-10T04:21:18.769+0000] {processor.py:183} INFO - Processing /home/airflow/.local/lib/python3.12/site-packages/airflow/example_dags/example_branch_labels.py took 0.226 seconds
[2024-07-10T04:25:50.150+0000] {processor.py:161} INFO - Started process (PID=82) to work on /home/airflow/.local/lib/python3.12/site-packages/airflow/example_dags/example_branch_labels.py
[2024-07-10T04:25:50.152+0000] {processor.py:830} INFO - Processing file /home/airflow/.local/lib/python3.12/site-packages/airflow/example_dags/example_branch_labels.py for tasks to queue
[2024-07-10T04:25:50.154+0000] {logging_mixin.py:188} INFO - [2024-07-10T04:25:50.154+0000] {dagbag.py:545} INFO - Filling up the DagBag from /home/airflow/.local/lib/python3.12/site-packages/airflow/example_dags/example_branch_labels.py
[2024-07-10T04:25:50.168+0000] {processor.py:840} INFO - DAG(s) 'example_branch_labels' retrieved from /home/airflow/.local/lib/python3.12/site-packages/airflow/example_dags/example_branch_labels.py
[2024-07-10T04:25:50.383+0000] {logging_mixin.py:188} INFO - [2024-07-10T04:25:50.383+0000] {dag.py:3096} INFO - Sync 1 DAGs
[2024-07-10T04:25:50.410+0000] {logging_mixin.py:188} INFO - [2024-07-10T04:25:50.409+0000] {dag.py:3954} INFO - Setting next_dagrun for example_branch_labels to 2024-07-09 00:00:00+00:00, run_after=2024-07-10 00:00:00+00:00
[2024-07-10T04:25:50.449+0000] {processor.py:183} INFO - Processing /home/airflow/.local/lib/python3.12/site-packages/airflow/example_dags/example_branch_labels.py took 0.309 seconds
[2024-07-10T04:26:21.271+0000] {processor.py:161} INFO - Started process (PID=142) to work on /home/airflow/.local/lib/python3.12/site-packages/airflow/example_dags/example_branch_labels.py
[2024-07-10T04:26:21.273+0000] {processor.py:830} INFO - Processing file /home/airflow/.local/lib/python3.12/site-packages/airflow/example_dags/example_branch_labels.py for tasks to queue
[2024-07-10T04:26:21.279+0000] {logging_mixin.py:188} INFO - [2024-07-10T04:26:21.279+0000] {dagbag.py:545} INFO - Filling up the DagBag from /home/airflow/.local/lib/python3.12/site-packages/airflow/example_dags/example_branch_labels.py
[2024-07-10T04:26:21.300+0000] {processor.py:840} INFO - DAG(s) 'example_branch_labels' retrieved from /home/airflow/.local/lib/python3.12/site-packages/airflow/example_dags/example_branch_labels.py
[2024-07-10T04:26:21.339+0000] {logging_mixin.py:188} INFO - [2024-07-10T04:26:21.339+0000] {dag.py:3096} INFO - Sync 1 DAGs
[2024-07-10T04:26:21.386+0000] {logging_mixin.py:188} INFO - [2024-07-10T04:26:21.386+0000] {dag.py:3954} INFO - Setting next_dagrun for example_branch_labels to 2024-07-09 00:00:00+00:00, run_after=2024-07-10 00:00:00+00:00
[2024-07-10T04:26:21.424+0000] {processor.py:183} INFO - Processing /home/airflow/.local/lib/python3.12/site-packages/airflow/example_dags/example_branch_labels.py took 0.168 seconds
[2024-07-10T04:26:51.521+0000] {processor.py:161} INFO - Started process (PID=202) to work on /home/airflow/.local/lib/python3.12/site-packages/airflow/example_dags/example_branch_labels.py
[2024-07-10T04:26:51.523+0000] {processor.py:830} INFO - Processing file /home/airflow/.local/lib/python3.12/site-packages/airflow/example_dags/example_branch_labels.py for tasks to queue
[2024-07-10T04:26:51.527+0000] {logging_mixin.py:188} INFO - [2024-07-10T04:26:51.526+0000] {dagbag.py:545} INFO - Filling up the DagBag from /home/airflow/.local/lib/python3.12/site-packages/airflow/example_dags/example_branch_labels.py
[2024-07-10T04:26:51.540+0000] {processor.py:840} INFO - DAG(s) 'example_branch_labels' retrieved from /home/airflow/.local/lib/python3.12/site-packages/airflow/example_dags/example_branch_labels.py
[2024-07-10T04:26:51.572+0000] {logging_mixin.py:188} INFO - [2024-07-10T04:26:51.571+0000] {dag.py:3096} INFO - Sync 1 DAGs
[2024-07-10T04:26:51.643+0000] {logging_mixin.py:188} INFO - [2024-07-10T04:26:51.642+0000] {dag.py:3954} INFO - Setting next_dagrun for example_branch_labels to 2024-07-09 00:00:00+00:00, run_after=2024-07-10 00:00:00+00:00
[2024-07-10T04:26:51.706+0000] {processor.py:183} INFO - Processing /home/airflow/.local/lib/python3.12/site-packages/airflow/example_dags/example_branch_labels.py took 0.193 seconds
[2024-07-10T04:27:21.956+0000] {processor.py:161} INFO - Started process (PID=262) to work on /home/airflow/.local/lib/python3.12/site-packages/airflow/example_dags/example_branch_labels.py
[2024-07-10T04:27:21.958+0000] {processor.py:830} INFO - Processing file /home/airflow/.local/lib/python3.12/site-packages/airflow/example_dags/example_branch_labels.py for tasks to queue
[2024-07-10T04:27:21.961+0000] {logging_mixin.py:188} INFO - [2024-07-10T04:27:21.960+0000] {dagbag.py:545} INFO - Filling up the DagBag from /home/airflow/.local/lib/python3.12/site-packages/airflow/example_dags/example_branch_labels.py
[2024-07-10T04:27:21.973+0000] {processor.py:840} INFO - DAG(s) 'example_branch_labels' retrieved from /home/airflow/.local/lib/python3.12/site-packages/airflow/example_dags/example_branch_labels.py
[2024-07-10T04:27:22.004+0000] {logging_mixin.py:188} INFO - [2024-07-10T04:27:22.003+0000] {dag.py:3096} INFO - Sync 1 DAGs
[2024-07-10T04:27:22.038+0000] {logging_mixin.py:188} INFO - [2024-07-10T04:27:22.037+0000] {dag.py:3954} INFO - Setting next_dagrun for example_branch_labels to 2024-07-09 00:00:00+00:00, run_after=2024-07-10 00:00:00+00:00
[2024-07-10T04:27:22.064+0000] {processor.py:183} INFO - Processing /home/airflow/.local/lib/python3.12/site-packages/airflow/example_dags/example_branch_labels.py took 0.117 seconds
[2024-07-10T04:29:05.176+0000] {processor.py:161} INFO - Started process (PID=81) to work on /home/airflow/.local/lib/python3.12/site-packages/airflow/example_dags/example_branch_labels.py
[2024-07-10T04:29:05.178+0000] {processor.py:830} INFO - Processing file /home/airflow/.local/lib/python3.12/site-packages/airflow/example_dags/example_branch_labels.py for tasks to queue
[2024-07-10T04:29:05.182+0000] {logging_mixin.py:188} INFO - [2024-07-10T04:29:05.181+0000] {dagbag.py:545} INFO - Filling up the DagBag from /home/airflow/.local/lib/python3.12/site-packages/airflow/example_dags/example_branch_labels.py
[2024-07-10T04:29:05.203+0000] {processor.py:840} INFO - DAG(s) 'example_branch_labels' retrieved from /home/airflow/.local/lib/python3.12/site-packages/airflow/example_dags/example_branch_labels.py
[2024-07-10T04:29:05.513+0000] {logging_mixin.py:188} INFO - [2024-07-10T04:29:05.513+0000] {dag.py:3096} INFO - Sync 1 DAGs
[2024-07-10T04:29:05.580+0000] {logging_mixin.py:188} INFO - [2024-07-10T04:29:05.579+0000] {dag.py:3954} INFO - Setting next_dagrun for example_branch_labels to 2024-07-09 00:00:00+00:00, run_after=2024-07-10 00:00:00+00:00
[2024-07-10T04:29:05.660+0000] {processor.py:183} INFO - Processing /home/airflow/.local/lib/python3.12/site-packages/airflow/example_dags/example_branch_labels.py took 0.498 seconds
[2024-07-10T04:29:36.317+0000] {processor.py:161} INFO - Started process (PID=141) to work on /home/airflow/.local/lib/python3.12/site-packages/airflow/example_dags/example_branch_labels.py
[2024-07-10T04:29:36.319+0000] {processor.py:830} INFO - Processing file /home/airflow/.local/lib/python3.12/site-packages/airflow/example_dags/example_branch_labels.py for tasks to queue
[2024-07-10T04:29:36.325+0000] {logging_mixin.py:188} INFO - [2024-07-10T04:29:36.324+0000] {dagbag.py:545} INFO - Filling up the DagBag from /home/airflow/.local/lib/python3.12/site-packages/airflow/example_dags/example_branch_labels.py
[2024-07-10T04:29:36.346+0000] {processor.py:840} INFO - DAG(s) 'example_branch_labels' retrieved from /home/airflow/.local/lib/python3.12/site-packages/airflow/example_dags/example_branch_labels.py
[2024-07-10T04:29:36.403+0000] {logging_mixin.py:188} INFO - [2024-07-10T04:29:36.403+0000] {dag.py:3096} INFO - Sync 1 DAGs
[2024-07-10T04:29:36.462+0000] {logging_mixin.py:188} INFO - [2024-07-10T04:29:36.461+0000] {dag.py:3954} INFO - Setting next_dagrun for example_branch_labels to 2024-07-09 00:00:00+00:00, run_after=2024-07-10 00:00:00+00:00
[2024-07-10T04:29:36.506+0000] {processor.py:183} INFO - Processing /home/airflow/.local/lib/python3.12/site-packages/airflow/example_dags/example_branch_labels.py took 0.212 seconds
[2024-07-10T04:30:06.804+0000] {processor.py:161} INFO - Started process (PID=201) to work on /home/airflow/.local/lib/python3.12/site-packages/airflow/example_dags/example_branch_labels.py
[2024-07-10T04:30:06.806+0000] {processor.py:830} INFO - Processing file /home/airflow/.local/lib/python3.12/site-packages/airflow/example_dags/example_branch_labels.py for tasks to queue
[2024-07-10T04:30:06.810+0000] {logging_mixin.py:188} INFO - [2024-07-10T04:30:06.809+0000] {dagbag.py:545} INFO - Filling up the DagBag from /home/airflow/.local/lib/python3.12/site-packages/airflow/example_dags/example_branch_labels.py
[2024-07-10T04:30:06.837+0000] {processor.py:840} INFO - DAG(s) 'example_branch_labels' retrieved from /home/airflow/.local/lib/python3.12/site-packages/airflow/example_dags/example_branch_labels.py
[2024-07-10T04:30:06.914+0000] {logging_mixin.py:188} INFO - [2024-07-10T04:30:06.914+0000] {dag.py:3096} INFO - Sync 1 DAGs
[2024-07-10T04:30:07.019+0000] {logging_mixin.py:188} INFO - [2024-07-10T04:30:07.018+0000] {dag.py:3954} INFO - Setting next_dagrun for example_branch_labels to 2024-07-09 00:00:00+00:00, run_after=2024-07-10 00:00:00+00:00
[2024-07-10T04:30:07.083+0000] {processor.py:183} INFO - Processing /home/airflow/.local/lib/python3.12/site-packages/airflow/example_dags/example_branch_labels.py took 0.289 seconds
[2024-07-10T04:30:37.861+0000] {processor.py:161} INFO - Started process (PID=261) to work on /home/airflow/.local/lib/python3.12/site-packages/airflow/example_dags/example_branch_labels.py
[2024-07-10T04:30:37.863+0000] {processor.py:830} INFO - Processing file /home/airflow/.local/lib/python3.12/site-packages/airflow/example_dags/example_branch_labels.py for tasks to queue
[2024-07-10T04:30:37.869+0000] {logging_mixin.py:188} INFO - [2024-07-10T04:30:37.868+0000] {dagbag.py:545} INFO - Filling up the DagBag from /home/airflow/.local/lib/python3.12/site-packages/airflow/example_dags/example_branch_labels.py
[2024-07-10T04:30:37.892+0000] {processor.py:840} INFO - DAG(s) 'example_branch_labels' retrieved from /home/airflow/.local/lib/python3.12/site-packages/airflow/example_dags/example_branch_labels.py
[2024-07-10T04:30:37.974+0000] {logging_mixin.py:188} INFO - [2024-07-10T04:30:37.974+0000] {dag.py:3096} INFO - Sync 1 DAGs
[2024-07-10T04:30:38.081+0000] {logging_mixin.py:188} INFO - [2024-07-10T04:30:38.080+0000] {dag.py:3954} INFO - Setting next_dagrun for example_branch_labels to 2024-07-09 00:00:00+00:00, run_after=2024-07-10 00:00:00+00:00
[2024-07-10T04:30:38.145+0000] {processor.py:183} INFO - Processing /home/airflow/.local/lib/python3.12/site-packages/airflow/example_dags/example_branch_labels.py took 0.298 seconds
[2024-07-10T04:31:08.444+0000] {processor.py:161} INFO - Started process (PID=321) to work on /home/airflow/.local/lib/python3.12/site-packages/airflow/example_dags/example_branch_labels.py
[2024-07-10T04:31:08.447+0000] {processor.py:830} INFO - Processing file /home/airflow/.local/lib/python3.12/site-packages/airflow/example_dags/example_branch_labels.py for tasks to queue
[2024-07-10T04:31:08.451+0000] {logging_mixin.py:188} INFO - [2024-07-10T04:31:08.450+0000] {dagbag.py:545} INFO - Filling up the DagBag from /home/airflow/.local/lib/python3.12/site-packages/airflow/example_dags/example_branch_labels.py
[2024-07-10T04:31:08.468+0000] {processor.py:840} INFO - DAG(s) 'example_branch_labels' retrieved from /home/airflow/.local/lib/python3.12/site-packages/airflow/example_dags/example_branch_labels.py
[2024-07-10T04:31:08.520+0000] {logging_mixin.py:188} INFO - [2024-07-10T04:31:08.520+0000] {dag.py:3096} INFO - Sync 1 DAGs
[2024-07-10T04:31:08.607+0000] {logging_mixin.py:188} INFO - [2024-07-10T04:31:08.607+0000] {dag.py:3954} INFO - Setting next_dagrun for example_branch_labels to 2024-07-09 00:00:00+00:00, run_after=2024-07-10 00:00:00+00:00
[2024-07-10T04:31:08.665+0000] {processor.py:183} INFO - Processing /home/airflow/.local/lib/python3.12/site-packages/airflow/example_dags/example_branch_labels.py took 0.236 seconds
[2024-07-10T04:31:39.823+0000] {processor.py:161} INFO - Started process (PID=381) to work on /home/airflow/.local/lib/python3.12/site-packages/airflow/example_dags/example_branch_labels.py
[2024-07-10T04:31:39.825+0000] {processor.py:830} INFO - Processing file /home/airflow/.local/lib/python3.12/site-packages/airflow/example_dags/example_branch_labels.py for tasks to queue
[2024-07-10T04:31:39.830+0000] {logging_mixin.py:188} INFO - [2024-07-10T04:31:39.829+0000] {dagbag.py:545} INFO - Filling up the DagBag from /home/airflow/.local/lib/python3.12/site-packages/airflow/example_dags/example_branch_labels.py
[2024-07-10T04:31:39.850+0000] {processor.py:840} INFO - DAG(s) 'example_branch_labels' retrieved from /home/airflow/.local/lib/python3.12/site-packages/airflow/example_dags/example_branch_labels.py
[2024-07-10T04:31:39.917+0000] {logging_mixin.py:188} INFO - [2024-07-10T04:31:39.916+0000] {dag.py:3096} INFO - Sync 1 DAGs
[2024-07-10T04:31:39.984+0000] {logging_mixin.py:188} INFO - [2024-07-10T04:31:39.983+0000] {dag.py:3954} INFO - Setting next_dagrun for example_branch_labels to 2024-07-09 00:00:00+00:00, run_after=2024-07-10 00:00:00+00:00
[2024-07-10T04:31:40.031+0000] {processor.py:183} INFO - Processing /home/airflow/.local/lib/python3.12/site-packages/airflow/example_dags/example_branch_labels.py took 0.222 seconds
