[2024-07-10T04:12:55.017+0000] {processor.py:161} INFO - Started process (PID=37) to work on /home/airflow/.local/lib/python3.12/site-packages/airflow/example_dags/example_sensors.py
[2024-07-10T04:12:55.020+0000] {processor.py:830} INFO - Processing file /home/airflow/.local/lib/python3.12/site-packages/airflow/example_dags/example_sensors.py for tasks to queue
[2024-07-10T04:12:55.023+0000] {logging_mixin.py:188} INFO - [2024-07-10T04:12:55.023+0000] {dagbag.py:545} INFO - Filling up the DagBag from /home/airflow/.local/lib/python3.12/site-packages/airflow/example_dags/example_sensors.py
[2024-07-10T04:12:55.052+0000] {processor.py:840} INFO - DAG(s) 'example_sensors' retrieved from /home/airflow/.local/lib/python3.12/site-packages/airflow/example_dags/example_sensors.py
[2024-07-10T04:12:55.100+0000] {logging_mixin.py:188} INFO - [2024-07-10T04:12:55.100+0000] {dag.py:3096} INFO - Sync 1 DAGs
[2024-07-10T04:12:55.121+0000] {logging_mixin.py:188} INFO - [2024-07-10T04:12:55.121+0000] {dag.py:3954} INFO - Setting next_dagrun for example_sensors to None, run_after=None
[2024-07-10T04:12:55.147+0000] {processor.py:183} INFO - Processing /home/airflow/.local/lib/python3.12/site-packages/airflow/example_dags/example_sensors.py took 0.145 seconds
[2024-07-10T04:13:26.006+0000] {processor.py:161} INFO - Started process (PID=97) to work on /home/airflow/.local/lib/python3.12/site-packages/airflow/example_dags/example_sensors.py
[2024-07-10T04:13:26.007+0000] {processor.py:830} INFO - Processing file /home/airflow/.local/lib/python3.12/site-packages/airflow/example_dags/example_sensors.py for tasks to queue
[2024-07-10T04:13:26.009+0000] {logging_mixin.py:188} INFO - [2024-07-10T04:13:26.009+0000] {dagbag.py:545} INFO - Filling up the DagBag from /home/airflow/.local/lib/python3.12/site-packages/airflow/example_dags/example_sensors.py
[2024-07-10T04:13:26.020+0000] {processor.py:840} INFO - DAG(s) 'example_sensors' retrieved from /home/airflow/.local/lib/python3.12/site-packages/airflow/example_dags/example_sensors.py
[2024-07-10T04:13:26.051+0000] {logging_mixin.py:188} INFO - [2024-07-10T04:13:26.050+0000] {dag.py:3096} INFO - Sync 1 DAGs
[2024-07-10T04:13:26.064+0000] {logging_mixin.py:188} INFO - [2024-07-10T04:13:26.064+0000] {dag.py:3954} INFO - Setting next_dagrun for example_sensors to None, run_after=None
[2024-07-10T04:13:26.090+0000] {processor.py:183} INFO - Processing /home/airflow/.local/lib/python3.12/site-packages/airflow/example_dags/example_sensors.py took 0.090 seconds
[2024-07-10T04:13:56.228+0000] {processor.py:161} INFO - Started process (PID=155) to work on /home/airflow/.local/lib/python3.12/site-packages/airflow/example_dags/example_sensors.py
[2024-07-10T04:13:56.229+0000] {processor.py:830} INFO - Processing file /home/airflow/.local/lib/python3.12/site-packages/airflow/example_dags/example_sensors.py for tasks to queue
[2024-07-10T04:13:56.230+0000] {logging_mixin.py:188} INFO - [2024-07-10T04:13:56.230+0000] {dagbag.py:545} INFO - Filling up the DagBag from /home/airflow/.local/lib/python3.12/site-packages/airflow/example_dags/example_sensors.py
[2024-07-10T04:13:56.240+0000] {processor.py:840} INFO - DAG(s) 'example_sensors' retrieved from /home/airflow/.local/lib/python3.12/site-packages/airflow/example_dags/example_sensors.py
[2024-07-10T04:13:56.268+0000] {logging_mixin.py:188} INFO - [2024-07-10T04:13:56.267+0000] {dag.py:3096} INFO - Sync 1 DAGs
[2024-07-10T04:13:56.281+0000] {logging_mixin.py:188} INFO - [2024-07-10T04:13:56.281+0000] {dag.py:3954} INFO - Setting next_dagrun for example_sensors to None, run_after=None
[2024-07-10T04:13:56.305+0000] {processor.py:183} INFO - Processing /home/airflow/.local/lib/python3.12/site-packages/airflow/example_dags/example_sensors.py took 0.083 seconds
[2024-07-10T04:15:56.409+0000] {processor.py:161} INFO - Started process (PID=37) to work on /home/airflow/.local/lib/python3.12/site-packages/airflow/example_dags/example_sensors.py
[2024-07-10T04:15:56.412+0000] {processor.py:830} INFO - Processing file /home/airflow/.local/lib/python3.12/site-packages/airflow/example_dags/example_sensors.py for tasks to queue
[2024-07-10T04:15:56.420+0000] {logging_mixin.py:188} INFO - [2024-07-10T04:15:56.419+0000] {dagbag.py:545} INFO - Filling up the DagBag from /home/airflow/.local/lib/python3.12/site-packages/airflow/example_dags/example_sensors.py
[2024-07-10T04:15:56.453+0000] {processor.py:840} INFO - DAG(s) 'example_sensors' retrieved from /home/airflow/.local/lib/python3.12/site-packages/airflow/example_dags/example_sensors.py
[2024-07-10T04:15:56.750+0000] {logging_mixin.py:188} INFO - [2024-07-10T04:15:56.750+0000] {dag.py:3096} INFO - Sync 1 DAGs
[2024-07-10T04:15:56.778+0000] {logging_mixin.py:188} INFO - [2024-07-10T04:15:56.777+0000] {dag.py:3954} INFO - Setting next_dagrun for example_sensors to None, run_after=None
[2024-07-10T04:15:56.834+0000] {processor.py:183} INFO - Processing /home/airflow/.local/lib/python3.12/site-packages/airflow/example_dags/example_sensors.py took 0.442 seconds
[2024-07-10T04:16:27.139+0000] {processor.py:161} INFO - Started process (PID=97) to work on /home/airflow/.local/lib/python3.12/site-packages/airflow/example_dags/example_sensors.py
[2024-07-10T04:16:27.141+0000] {processor.py:830} INFO - Processing file /home/airflow/.local/lib/python3.12/site-packages/airflow/example_dags/example_sensors.py for tasks to queue
[2024-07-10T04:16:27.144+0000] {logging_mixin.py:188} INFO - [2024-07-10T04:16:27.144+0000] {dagbag.py:545} INFO - Filling up the DagBag from /home/airflow/.local/lib/python3.12/site-packages/airflow/example_dags/example_sensors.py
[2024-07-10T04:16:27.161+0000] {processor.py:840} INFO - DAG(s) 'example_sensors' retrieved from /home/airflow/.local/lib/python3.12/site-packages/airflow/example_dags/example_sensors.py
[2024-07-10T04:16:27.211+0000] {logging_mixin.py:188} INFO - [2024-07-10T04:16:27.210+0000] {dag.py:3096} INFO - Sync 1 DAGs
[2024-07-10T04:16:27.230+0000] {logging_mixin.py:188} INFO - [2024-07-10T04:16:27.229+0000] {dag.py:3954} INFO - Setting next_dagrun for example_sensors to None, run_after=None
[2024-07-10T04:16:27.263+0000] {processor.py:183} INFO - Processing /home/airflow/.local/lib/python3.12/site-packages/airflow/example_dags/example_sensors.py took 0.132 seconds
[2024-07-10T04:16:58.088+0000] {processor.py:161} INFO - Started process (PID=157) to work on /home/airflow/.local/lib/python3.12/site-packages/airflow/example_dags/example_sensors.py
[2024-07-10T04:16:58.089+0000] {processor.py:830} INFO - Processing file /home/airflow/.local/lib/python3.12/site-packages/airflow/example_dags/example_sensors.py for tasks to queue
[2024-07-10T04:16:58.092+0000] {logging_mixin.py:188} INFO - [2024-07-10T04:16:58.091+0000] {dagbag.py:545} INFO - Filling up the DagBag from /home/airflow/.local/lib/python3.12/site-packages/airflow/example_dags/example_sensors.py
[2024-07-10T04:16:58.105+0000] {processor.py:840} INFO - DAG(s) 'example_sensors' retrieved from /home/airflow/.local/lib/python3.12/site-packages/airflow/example_dags/example_sensors.py
[2024-07-10T04:16:58.133+0000] {logging_mixin.py:188} INFO - [2024-07-10T04:16:58.133+0000] {dag.py:3096} INFO - Sync 1 DAGs
[2024-07-10T04:16:58.147+0000] {logging_mixin.py:188} INFO - [2024-07-10T04:16:58.146+0000] {dag.py:3954} INFO - Setting next_dagrun for example_sensors to None, run_after=None
[2024-07-10T04:16:58.171+0000] {processor.py:183} INFO - Processing /home/airflow/.local/lib/python3.12/site-packages/airflow/example_dags/example_sensors.py took 0.093 seconds
[2024-07-10T04:18:34.904+0000] {processor.py:161} INFO - Started process (PID=37) to work on /home/airflow/.local/lib/python3.12/site-packages/airflow/example_dags/example_sensors.py
[2024-07-10T04:18:34.907+0000] {processor.py:830} INFO - Processing file /home/airflow/.local/lib/python3.12/site-packages/airflow/example_dags/example_sensors.py for tasks to queue
[2024-07-10T04:18:34.912+0000] {logging_mixin.py:188} INFO - [2024-07-10T04:18:34.911+0000] {dagbag.py:545} INFO - Filling up the DagBag from /home/airflow/.local/lib/python3.12/site-packages/airflow/example_dags/example_sensors.py
[2024-07-10T04:18:34.989+0000] {processor.py:840} INFO - DAG(s) 'example_sensors' retrieved from /home/airflow/.local/lib/python3.12/site-packages/airflow/example_dags/example_sensors.py
[2024-07-10T04:18:35.501+0000] {logging_mixin.py:188} INFO - [2024-07-10T04:18:35.500+0000] {dag.py:3096} INFO - Sync 1 DAGs
[2024-07-10T04:18:35.546+0000] {logging_mixin.py:188} INFO - [2024-07-10T04:18:35.545+0000] {dag.py:3954} INFO - Setting next_dagrun for example_sensors to None, run_after=None
[2024-07-10T04:18:35.652+0000] {processor.py:183} INFO - Processing /home/airflow/.local/lib/python3.12/site-packages/airflow/example_dags/example_sensors.py took 0.764 seconds
[2024-07-10T04:19:06.477+0000] {processor.py:161} INFO - Started process (PID=103) to work on /home/airflow/.local/lib/python3.12/site-packages/airflow/example_dags/example_sensors.py
[2024-07-10T04:19:06.478+0000] {processor.py:830} INFO - Processing file /home/airflow/.local/lib/python3.12/site-packages/airflow/example_dags/example_sensors.py for tasks to queue
[2024-07-10T04:19:06.480+0000] {logging_mixin.py:188} INFO - [2024-07-10T04:19:06.480+0000] {dagbag.py:545} INFO - Filling up the DagBag from /home/airflow/.local/lib/python3.12/site-packages/airflow/example_dags/example_sensors.py
[2024-07-10T04:19:06.489+0000] {processor.py:840} INFO - DAG(s) 'example_sensors' retrieved from /home/airflow/.local/lib/python3.12/site-packages/airflow/example_dags/example_sensors.py
[2024-07-10T04:19:06.517+0000] {logging_mixin.py:188} INFO - [2024-07-10T04:19:06.517+0000] {dag.py:3096} INFO - Sync 1 DAGs
[2024-07-10T04:19:06.530+0000] {logging_mixin.py:188} INFO - [2024-07-10T04:19:06.529+0000] {dag.py:3954} INFO - Setting next_dagrun for example_sensors to None, run_after=None
[2024-07-10T04:19:06.569+0000] {processor.py:183} INFO - Processing /home/airflow/.local/lib/python3.12/site-packages/airflow/example_dags/example_sensors.py took 0.098 seconds
[2024-07-10T04:19:36.910+0000] {processor.py:161} INFO - Started process (PID=163) to work on /home/airflow/.local/lib/python3.12/site-packages/airflow/example_dags/example_sensors.py
[2024-07-10T04:19:36.911+0000] {processor.py:830} INFO - Processing file /home/airflow/.local/lib/python3.12/site-packages/airflow/example_dags/example_sensors.py for tasks to queue
[2024-07-10T04:19:36.913+0000] {logging_mixin.py:188} INFO - [2024-07-10T04:19:36.913+0000] {dagbag.py:545} INFO - Filling up the DagBag from /home/airflow/.local/lib/python3.12/site-packages/airflow/example_dags/example_sensors.py
[2024-07-10T04:19:36.926+0000] {processor.py:840} INFO - DAG(s) 'example_sensors' retrieved from /home/airflow/.local/lib/python3.12/site-packages/airflow/example_dags/example_sensors.py
[2024-07-10T04:19:36.958+0000] {logging_mixin.py:188} INFO - [2024-07-10T04:19:36.958+0000] {dag.py:3096} INFO - Sync 1 DAGs
[2024-07-10T04:19:36.978+0000] {logging_mixin.py:188} INFO - [2024-07-10T04:19:36.978+0000] {dag.py:3954} INFO - Setting next_dagrun for example_sensors to None, run_after=None
[2024-07-10T04:19:37.001+0000] {processor.py:183} INFO - Processing /home/airflow/.local/lib/python3.12/site-packages/airflow/example_dags/example_sensors.py took 0.097 seconds
[2024-07-10T04:20:07.159+0000] {processor.py:161} INFO - Started process (PID=223) to work on /home/airflow/.local/lib/python3.12/site-packages/airflow/example_dags/example_sensors.py
[2024-07-10T04:20:07.161+0000] {processor.py:830} INFO - Processing file /home/airflow/.local/lib/python3.12/site-packages/airflow/example_dags/example_sensors.py for tasks to queue
[2024-07-10T04:20:07.163+0000] {logging_mixin.py:188} INFO - [2024-07-10T04:20:07.163+0000] {dagbag.py:545} INFO - Filling up the DagBag from /home/airflow/.local/lib/python3.12/site-packages/airflow/example_dags/example_sensors.py
[2024-07-10T04:20:07.175+0000] {processor.py:840} INFO - DAG(s) 'example_sensors' retrieved from /home/airflow/.local/lib/python3.12/site-packages/airflow/example_dags/example_sensors.py
[2024-07-10T04:20:07.221+0000] {logging_mixin.py:188} INFO - [2024-07-10T04:20:07.221+0000] {dag.py:3096} INFO - Sync 1 DAGs
[2024-07-10T04:20:07.243+0000] {logging_mixin.py:188} INFO - [2024-07-10T04:20:07.242+0000] {dag.py:3954} INFO - Setting next_dagrun for example_sensors to None, run_after=None
[2024-07-10T04:20:07.273+0000] {processor.py:183} INFO - Processing /home/airflow/.local/lib/python3.12/site-packages/airflow/example_dags/example_sensors.py took 0.122 seconds
[2024-07-10T04:20:37.351+0000] {processor.py:161} INFO - Started process (PID=281) to work on /home/airflow/.local/lib/python3.12/site-packages/airflow/example_dags/example_sensors.py
[2024-07-10T04:20:37.352+0000] {processor.py:830} INFO - Processing file /home/airflow/.local/lib/python3.12/site-packages/airflow/example_dags/example_sensors.py for tasks to queue
[2024-07-10T04:20:37.354+0000] {logging_mixin.py:188} INFO - [2024-07-10T04:20:37.354+0000] {dagbag.py:545} INFO - Filling up the DagBag from /home/airflow/.local/lib/python3.12/site-packages/airflow/example_dags/example_sensors.py
[2024-07-10T04:20:37.364+0000] {processor.py:840} INFO - DAG(s) 'example_sensors' retrieved from /home/airflow/.local/lib/python3.12/site-packages/airflow/example_dags/example_sensors.py
[2024-07-10T04:20:37.391+0000] {logging_mixin.py:188} INFO - [2024-07-10T04:20:37.391+0000] {dag.py:3096} INFO - Sync 1 DAGs
[2024-07-10T04:20:37.405+0000] {logging_mixin.py:188} INFO - [2024-07-10T04:20:37.404+0000] {dag.py:3954} INFO - Setting next_dagrun for example_sensors to None, run_after=None
[2024-07-10T04:20:37.447+0000] {processor.py:183} INFO - Processing /home/airflow/.local/lib/python3.12/site-packages/airflow/example_dags/example_sensors.py took 0.101 seconds
[2024-07-10T04:21:07.494+0000] {processor.py:161} INFO - Started process (PID=345) to work on /home/airflow/.local/lib/python3.12/site-packages/airflow/example_dags/example_sensors.py
[2024-07-10T04:21:07.495+0000] {processor.py:830} INFO - Processing file /home/airflow/.local/lib/python3.12/site-packages/airflow/example_dags/example_sensors.py for tasks to queue
[2024-07-10T04:21:07.497+0000] {logging_mixin.py:188} INFO - [2024-07-10T04:21:07.497+0000] {dagbag.py:545} INFO - Filling up the DagBag from /home/airflow/.local/lib/python3.12/site-packages/airflow/example_dags/example_sensors.py
[2024-07-10T04:21:07.507+0000] {processor.py:840} INFO - DAG(s) 'example_sensors' retrieved from /home/airflow/.local/lib/python3.12/site-packages/airflow/example_dags/example_sensors.py
[2024-07-10T04:21:07.535+0000] {logging_mixin.py:188} INFO - [2024-07-10T04:21:07.535+0000] {dag.py:3096} INFO - Sync 1 DAGs
[2024-07-10T04:21:07.549+0000] {logging_mixin.py:188} INFO - [2024-07-10T04:21:07.548+0000] {dag.py:3954} INFO - Setting next_dagrun for example_sensors to None, run_after=None
[2024-07-10T04:21:07.581+0000] {processor.py:183} INFO - Processing /home/airflow/.local/lib/python3.12/site-packages/airflow/example_dags/example_sensors.py took 0.092 seconds
[2024-07-10T04:25:40.526+0000] {processor.py:161} INFO - Started process (PID=43) to work on /home/airflow/.local/lib/python3.12/site-packages/airflow/example_dags/example_sensors.py
[2024-07-10T04:25:40.528+0000] {processor.py:830} INFO - Processing file /home/airflow/.local/lib/python3.12/site-packages/airflow/example_dags/example_sensors.py for tasks to queue
[2024-07-10T04:25:40.532+0000] {logging_mixin.py:188} INFO - [2024-07-10T04:25:40.532+0000] {dagbag.py:545} INFO - Filling up the DagBag from /home/airflow/.local/lib/python3.12/site-packages/airflow/example_dags/example_sensors.py
[2024-07-10T04:25:40.576+0000] {processor.py:840} INFO - DAG(s) 'example_sensors' retrieved from /home/airflow/.local/lib/python3.12/site-packages/airflow/example_dags/example_sensors.py
[2024-07-10T04:25:41.024+0000] {logging_mixin.py:188} INFO - [2024-07-10T04:25:41.023+0000] {dag.py:3096} INFO - Sync 1 DAGs
[2024-07-10T04:25:41.056+0000] {logging_mixin.py:188} INFO - [2024-07-10T04:25:41.056+0000] {dag.py:3954} INFO - Setting next_dagrun for example_sensors to None, run_after=None
[2024-07-10T04:25:41.131+0000] {processor.py:183} INFO - Processing /home/airflow/.local/lib/python3.12/site-packages/airflow/example_dags/example_sensors.py took 0.617 seconds
[2024-07-10T04:26:11.821+0000] {processor.py:161} INFO - Started process (PID=103) to work on /home/airflow/.local/lib/python3.12/site-packages/airflow/example_dags/example_sensors.py
[2024-07-10T04:26:11.822+0000] {processor.py:830} INFO - Processing file /home/airflow/.local/lib/python3.12/site-packages/airflow/example_dags/example_sensors.py for tasks to queue
[2024-07-10T04:26:11.825+0000] {logging_mixin.py:188} INFO - [2024-07-10T04:26:11.824+0000] {dagbag.py:545} INFO - Filling up the DagBag from /home/airflow/.local/lib/python3.12/site-packages/airflow/example_dags/example_sensors.py
[2024-07-10T04:26:11.837+0000] {processor.py:840} INFO - DAG(s) 'example_sensors' retrieved from /home/airflow/.local/lib/python3.12/site-packages/airflow/example_dags/example_sensors.py
[2024-07-10T04:26:11.874+0000] {logging_mixin.py:188} INFO - [2024-07-10T04:26:11.874+0000] {dag.py:3096} INFO - Sync 1 DAGs
[2024-07-10T04:26:11.891+0000] {logging_mixin.py:188} INFO - [2024-07-10T04:26:11.891+0000] {dag.py:3954} INFO - Setting next_dagrun for example_sensors to None, run_after=None
[2024-07-10T04:26:11.914+0000] {processor.py:183} INFO - Processing /home/airflow/.local/lib/python3.12/site-packages/airflow/example_dags/example_sensors.py took 0.100 seconds
[2024-07-10T04:26:41.981+0000] {processor.py:161} INFO - Started process (PID=163) to work on /home/airflow/.local/lib/python3.12/site-packages/airflow/example_dags/example_sensors.py
[2024-07-10T04:26:41.982+0000] {processor.py:830} INFO - Processing file /home/airflow/.local/lib/python3.12/site-packages/airflow/example_dags/example_sensors.py for tasks to queue
[2024-07-10T04:26:41.985+0000] {logging_mixin.py:188} INFO - [2024-07-10T04:26:41.984+0000] {dagbag.py:545} INFO - Filling up the DagBag from /home/airflow/.local/lib/python3.12/site-packages/airflow/example_dags/example_sensors.py
[2024-07-10T04:26:41.995+0000] {processor.py:840} INFO - DAG(s) 'example_sensors' retrieved from /home/airflow/.local/lib/python3.12/site-packages/airflow/example_dags/example_sensors.py
[2024-07-10T04:26:42.024+0000] {logging_mixin.py:188} INFO - [2024-07-10T04:26:42.024+0000] {dag.py:3096} INFO - Sync 1 DAGs
[2024-07-10T04:26:42.038+0000] {logging_mixin.py:188} INFO - [2024-07-10T04:26:42.038+0000] {dag.py:3954} INFO - Setting next_dagrun for example_sensors to None, run_after=None
[2024-07-10T04:26:42.061+0000] {processor.py:183} INFO - Processing /home/airflow/.local/lib/python3.12/site-packages/airflow/example_dags/example_sensors.py took 0.086 seconds
[2024-07-10T04:27:12.724+0000] {processor.py:161} INFO - Started process (PID=222) to work on /home/airflow/.local/lib/python3.12/site-packages/airflow/example_dags/example_sensors.py
[2024-07-10T04:27:12.726+0000] {processor.py:830} INFO - Processing file /home/airflow/.local/lib/python3.12/site-packages/airflow/example_dags/example_sensors.py for tasks to queue
[2024-07-10T04:27:12.729+0000] {logging_mixin.py:188} INFO - [2024-07-10T04:27:12.728+0000] {dagbag.py:545} INFO - Filling up the DagBag from /home/airflow/.local/lib/python3.12/site-packages/airflow/example_dags/example_sensors.py
[2024-07-10T04:27:12.742+0000] {processor.py:840} INFO - DAG(s) 'example_sensors' retrieved from /home/airflow/.local/lib/python3.12/site-packages/airflow/example_dags/example_sensors.py
[2024-07-10T04:27:12.778+0000] {logging_mixin.py:188} INFO - [2024-07-10T04:27:12.778+0000] {dag.py:3096} INFO - Sync 1 DAGs
[2024-07-10T04:27:12.805+0000] {logging_mixin.py:188} INFO - [2024-07-10T04:27:12.804+0000] {dag.py:3954} INFO - Setting next_dagrun for example_sensors to None, run_after=None
[2024-07-10T04:27:12.849+0000] {processor.py:183} INFO - Processing /home/airflow/.local/lib/python3.12/site-packages/airflow/example_dags/example_sensors.py took 0.135 seconds
[2024-07-10T04:28:51.252+0000] {processor.py:161} INFO - Started process (PID=37) to work on /home/airflow/.local/lib/python3.12/site-packages/airflow/example_dags/example_sensors.py
[2024-07-10T04:28:51.255+0000] {processor.py:830} INFO - Processing file /home/airflow/.local/lib/python3.12/site-packages/airflow/example_dags/example_sensors.py for tasks to queue
[2024-07-10T04:28:51.260+0000] {logging_mixin.py:188} INFO - [2024-07-10T04:28:51.259+0000] {dagbag.py:545} INFO - Filling up the DagBag from /home/airflow/.local/lib/python3.12/site-packages/airflow/example_dags/example_sensors.py
[2024-07-10T04:28:51.287+0000] {processor.py:840} INFO - DAG(s) 'example_sensors' retrieved from /home/airflow/.local/lib/python3.12/site-packages/airflow/example_dags/example_sensors.py
[2024-07-10T04:28:51.667+0000] {logging_mixin.py:188} INFO - [2024-07-10T04:28:51.666+0000] {dag.py:3096} INFO - Sync 1 DAGs
[2024-07-10T04:28:51.706+0000] {logging_mixin.py:188} INFO - [2024-07-10T04:28:51.705+0000] {dag.py:3954} INFO - Setting next_dagrun for example_sensors to None, run_after=None
[2024-07-10T04:28:51.768+0000] {processor.py:183} INFO - Processing /home/airflow/.local/lib/python3.12/site-packages/airflow/example_dags/example_sensors.py took 0.531 seconds
[2024-07-10T04:29:22.057+0000] {processor.py:161} INFO - Started process (PID=96) to work on /home/airflow/.local/lib/python3.12/site-packages/airflow/example_dags/example_sensors.py
[2024-07-10T04:29:22.059+0000] {processor.py:830} INFO - Processing file /home/airflow/.local/lib/python3.12/site-packages/airflow/example_dags/example_sensors.py for tasks to queue
[2024-07-10T04:29:22.063+0000] {logging_mixin.py:188} INFO - [2024-07-10T04:29:22.063+0000] {dagbag.py:545} INFO - Filling up the DagBag from /home/airflow/.local/lib/python3.12/site-packages/airflow/example_dags/example_sensors.py
[2024-07-10T04:29:22.089+0000] {processor.py:840} INFO - DAG(s) 'example_sensors' retrieved from /home/airflow/.local/lib/python3.12/site-packages/airflow/example_dags/example_sensors.py
[2024-07-10T04:29:22.157+0000] {logging_mixin.py:188} INFO - [2024-07-10T04:29:22.157+0000] {dag.py:3096} INFO - Sync 1 DAGs
[2024-07-10T04:29:22.181+0000] {logging_mixin.py:188} INFO - [2024-07-10T04:29:22.181+0000] {dag.py:3954} INFO - Setting next_dagrun for example_sensors to None, run_after=None
[2024-07-10T04:29:22.219+0000] {processor.py:183} INFO - Processing /home/airflow/.local/lib/python3.12/site-packages/airflow/example_dags/example_sensors.py took 0.175 seconds
[2024-07-10T04:29:52.438+0000] {processor.py:161} INFO - Started process (PID=154) to work on /home/airflow/.local/lib/python3.12/site-packages/airflow/example_dags/example_sensors.py
[2024-07-10T04:29:52.440+0000] {processor.py:830} INFO - Processing file /home/airflow/.local/lib/python3.12/site-packages/airflow/example_dags/example_sensors.py for tasks to queue
[2024-07-10T04:29:52.450+0000] {logging_mixin.py:188} INFO - [2024-07-10T04:29:52.447+0000] {dagbag.py:545} INFO - Filling up the DagBag from /home/airflow/.local/lib/python3.12/site-packages/airflow/example_dags/example_sensors.py
[2024-07-10T04:29:52.486+0000] {processor.py:840} INFO - DAG(s) 'example_sensors' retrieved from /home/airflow/.local/lib/python3.12/site-packages/airflow/example_dags/example_sensors.py
[2024-07-10T04:29:52.590+0000] {logging_mixin.py:188} INFO - [2024-07-10T04:29:52.589+0000] {dag.py:3096} INFO - Sync 1 DAGs
[2024-07-10T04:29:52.632+0000] {logging_mixin.py:188} INFO - [2024-07-10T04:29:52.632+0000] {dag.py:3954} INFO - Setting next_dagrun for example_sensors to None, run_after=None
[2024-07-10T04:29:52.681+0000] {processor.py:183} INFO - Processing /home/airflow/.local/lib/python3.12/site-packages/airflow/example_dags/example_sensors.py took 0.261 seconds
[2024-07-10T04:30:23.417+0000] {processor.py:161} INFO - Started process (PID=214) to work on /home/airflow/.local/lib/python3.12/site-packages/airflow/example_dags/example_sensors.py
[2024-07-10T04:30:23.437+0000] {processor.py:830} INFO - Processing file /home/airflow/.local/lib/python3.12/site-packages/airflow/example_dags/example_sensors.py for tasks to queue
[2024-07-10T04:30:23.442+0000] {logging_mixin.py:188} INFO - [2024-07-10T04:30:23.441+0000] {dagbag.py:545} INFO - Filling up the DagBag from /home/airflow/.local/lib/python3.12/site-packages/airflow/example_dags/example_sensors.py
[2024-07-10T04:30:23.484+0000] {processor.py:840} INFO - DAG(s) 'example_sensors' retrieved from /home/airflow/.local/lib/python3.12/site-packages/airflow/example_dags/example_sensors.py
[2024-07-10T04:30:23.572+0000] {logging_mixin.py:188} INFO - [2024-07-10T04:30:23.572+0000] {dag.py:3096} INFO - Sync 1 DAGs
[2024-07-10T04:30:23.616+0000] {logging_mixin.py:188} INFO - [2024-07-10T04:30:23.616+0000] {dag.py:3954} INFO - Setting next_dagrun for example_sensors to None, run_after=None
[2024-07-10T04:30:23.707+0000] {processor.py:183} INFO - Processing /home/airflow/.local/lib/python3.12/site-packages/airflow/example_dags/example_sensors.py took 0.322 seconds
[2024-07-10T04:30:53.839+0000] {processor.py:161} INFO - Started process (PID=274) to work on /home/airflow/.local/lib/python3.12/site-packages/airflow/example_dags/example_sensors.py
[2024-07-10T04:30:53.841+0000] {processor.py:830} INFO - Processing file /home/airflow/.local/lib/python3.12/site-packages/airflow/example_dags/example_sensors.py for tasks to queue
[2024-07-10T04:30:53.869+0000] {logging_mixin.py:188} INFO - [2024-07-10T04:30:53.869+0000] {dagbag.py:545} INFO - Filling up the DagBag from /home/airflow/.local/lib/python3.12/site-packages/airflow/example_dags/example_sensors.py
[2024-07-10T04:30:53.924+0000] {processor.py:840} INFO - DAG(s) 'example_sensors' retrieved from /home/airflow/.local/lib/python3.12/site-packages/airflow/example_dags/example_sensors.py
[2024-07-10T04:30:54.082+0000] {logging_mixin.py:188} INFO - [2024-07-10T04:30:54.082+0000] {dag.py:3096} INFO - Sync 1 DAGs
[2024-07-10T04:30:54.254+0000] {logging_mixin.py:188} INFO - [2024-07-10T04:30:54.253+0000] {dag.py:3954} INFO - Setting next_dagrun for example_sensors to None, run_after=None
[2024-07-10T04:30:54.344+0000] {processor.py:183} INFO - Processing /home/airflow/.local/lib/python3.12/site-packages/airflow/example_dags/example_sensors.py took 0.524 seconds
[2024-07-10T04:31:24.988+0000] {processor.py:161} INFO - Started process (PID=340) to work on /home/airflow/.local/lib/python3.12/site-packages/airflow/example_dags/example_sensors.py
[2024-07-10T04:31:24.990+0000] {processor.py:830} INFO - Processing file /home/airflow/.local/lib/python3.12/site-packages/airflow/example_dags/example_sensors.py for tasks to queue
[2024-07-10T04:31:24.994+0000] {logging_mixin.py:188} INFO - [2024-07-10T04:31:24.994+0000] {dagbag.py:545} INFO - Filling up the DagBag from /home/airflow/.local/lib/python3.12/site-packages/airflow/example_dags/example_sensors.py
[2024-07-10T04:31:25.015+0000] {processor.py:840} INFO - DAG(s) 'example_sensors' retrieved from /home/airflow/.local/lib/python3.12/site-packages/airflow/example_dags/example_sensors.py
[2024-07-10T04:31:25.085+0000] {logging_mixin.py:188} INFO - [2024-07-10T04:31:25.084+0000] {dag.py:3096} INFO - Sync 1 DAGs
[2024-07-10T04:31:25.135+0000] {logging_mixin.py:188} INFO - [2024-07-10T04:31:25.131+0000] {dag.py:3954} INFO - Setting next_dagrun for example_sensors to None, run_after=None
[2024-07-10T04:31:25.192+0000] {processor.py:183} INFO - Processing /home/airflow/.local/lib/python3.12/site-packages/airflow/example_dags/example_sensors.py took 0.213 seconds
