[2024-07-10T04:12:56.650+0000] {processor.py:161} INFO - Started process (PID=49) to work on /home/airflow/.local/lib/python3.12/site-packages/airflow/example_dags/example_nested_branch_dag.py
[2024-07-10T04:12:56.651+0000] {processor.py:830} INFO - Processing file /home/airflow/.local/lib/python3.12/site-packages/airflow/example_dags/example_nested_branch_dag.py for tasks to queue
[2024-07-10T04:12:56.654+0000] {logging_mixin.py:188} INFO - [2024-07-10T04:12:56.654+0000] {dagbag.py:545} INFO - Filling up the DagBag from /home/airflow/.local/lib/python3.12/site-packages/airflow/example_dags/example_nested_branch_dag.py
[2024-07-10T04:12:56.673+0000] {processor.py:840} INFO - DAG(s) 'example_nested_branch_dag' retrieved from /home/airflow/.local/lib/python3.12/site-packages/airflow/example_dags/example_nested_branch_dag.py
[2024-07-10T04:12:56.714+0000] {logging_mixin.py:188} INFO - [2024-07-10T04:12:56.713+0000] {dag.py:3096} INFO - Sync 1 DAGs
[2024-07-10T04:12:56.753+0000] {logging_mixin.py:188} INFO - [2024-07-10T04:12:56.753+0000] {dag.py:3954} INFO - Setting next_dagrun for example_nested_branch_dag to 2024-07-09 00:00:00+00:00, run_after=2024-07-10 00:00:00+00:00
[2024-07-10T04:12:56.783+0000] {processor.py:183} INFO - Processing /home/airflow/.local/lib/python3.12/site-packages/airflow/example_dags/example_nested_branch_dag.py took 0.143 seconds
[2024-07-10T04:13:27.136+0000] {processor.py:161} INFO - Started process (PID=109) to work on /home/airflow/.local/lib/python3.12/site-packages/airflow/example_dags/example_nested_branch_dag.py
[2024-07-10T04:13:27.137+0000] {processor.py:830} INFO - Processing file /home/airflow/.local/lib/python3.12/site-packages/airflow/example_dags/example_nested_branch_dag.py for tasks to queue
[2024-07-10T04:13:27.140+0000] {logging_mixin.py:188} INFO - [2024-07-10T04:13:27.139+0000] {dagbag.py:545} INFO - Filling up the DagBag from /home/airflow/.local/lib/python3.12/site-packages/airflow/example_dags/example_nested_branch_dag.py
[2024-07-10T04:13:27.154+0000] {processor.py:840} INFO - DAG(s) 'example_nested_branch_dag' retrieved from /home/airflow/.local/lib/python3.12/site-packages/airflow/example_dags/example_nested_branch_dag.py
[2024-07-10T04:13:27.187+0000] {logging_mixin.py:188} INFO - [2024-07-10T04:13:27.187+0000] {dag.py:3096} INFO - Sync 1 DAGs
[2024-07-10T04:13:27.223+0000] {logging_mixin.py:188} INFO - [2024-07-10T04:13:27.223+0000] {dag.py:3954} INFO - Setting next_dagrun for example_nested_branch_dag to 2024-07-09 00:00:00+00:00, run_after=2024-07-10 00:00:00+00:00
[2024-07-10T04:13:27.248+0000] {processor.py:183} INFO - Processing /home/airflow/.local/lib/python3.12/site-packages/airflow/example_dags/example_nested_branch_dag.py took 0.122 seconds
[2024-07-10T04:13:57.856+0000] {processor.py:161} INFO - Started process (PID=169) to work on /home/airflow/.local/lib/python3.12/site-packages/airflow/example_dags/example_nested_branch_dag.py
[2024-07-10T04:13:57.857+0000] {processor.py:830} INFO - Processing file /home/airflow/.local/lib/python3.12/site-packages/airflow/example_dags/example_nested_branch_dag.py for tasks to queue
[2024-07-10T04:13:57.858+0000] {logging_mixin.py:188} INFO - [2024-07-10T04:13:57.857+0000] {dagbag.py:545} INFO - Filling up the DagBag from /home/airflow/.local/lib/python3.12/site-packages/airflow/example_dags/example_nested_branch_dag.py
[2024-07-10T04:13:57.873+0000] {processor.py:840} INFO - DAG(s) 'example_nested_branch_dag' retrieved from /home/airflow/.local/lib/python3.12/site-packages/airflow/example_dags/example_nested_branch_dag.py
[2024-07-10T04:13:57.904+0000] {logging_mixin.py:188} INFO - [2024-07-10T04:13:57.904+0000] {dag.py:3096} INFO - Sync 1 DAGs
[2024-07-10T04:13:57.934+0000] {logging_mixin.py:188} INFO - [2024-07-10T04:13:57.934+0000] {dag.py:3954} INFO - Setting next_dagrun for example_nested_branch_dag to 2024-07-09 00:00:00+00:00, run_after=2024-07-10 00:00:00+00:00
[2024-07-10T04:13:57.970+0000] {processor.py:183} INFO - Processing /home/airflow/.local/lib/python3.12/site-packages/airflow/example_dags/example_nested_branch_dag.py took 0.121 seconds
[2024-07-10T04:16:00.690+0000] {processor.py:161} INFO - Started process (PID=55) to work on /home/airflow/.local/lib/python3.12/site-packages/airflow/example_dags/example_nested_branch_dag.py
[2024-07-10T04:16:00.692+0000] {processor.py:830} INFO - Processing file /home/airflow/.local/lib/python3.12/site-packages/airflow/example_dags/example_nested_branch_dag.py for tasks to queue
[2024-07-10T04:16:00.695+0000] {logging_mixin.py:188} INFO - [2024-07-10T04:16:00.694+0000] {dagbag.py:545} INFO - Filling up the DagBag from /home/airflow/.local/lib/python3.12/site-packages/airflow/example_dags/example_nested_branch_dag.py
[2024-07-10T04:16:00.719+0000] {processor.py:840} INFO - DAG(s) 'example_nested_branch_dag' retrieved from /home/airflow/.local/lib/python3.12/site-packages/airflow/example_dags/example_nested_branch_dag.py
[2024-07-10T04:16:01.154+0000] {logging_mixin.py:188} INFO - [2024-07-10T04:16:01.154+0000] {dag.py:3096} INFO - Sync 1 DAGs
[2024-07-10T04:16:01.202+0000] {logging_mixin.py:188} INFO - [2024-07-10T04:16:01.202+0000] {dag.py:3954} INFO - Setting next_dagrun for example_nested_branch_dag to 2024-07-09 00:00:00+00:00, run_after=2024-07-10 00:00:00+00:00
[2024-07-10T04:16:01.273+0000] {processor.py:183} INFO - Processing /home/airflow/.local/lib/python3.12/site-packages/airflow/example_dags/example_nested_branch_dag.py took 0.590 seconds
[2024-07-10T04:16:31.377+0000] {processor.py:161} INFO - Started process (PID=115) to work on /home/airflow/.local/lib/python3.12/site-packages/airflow/example_dags/example_nested_branch_dag.py
[2024-07-10T04:16:31.378+0000] {processor.py:830} INFO - Processing file /home/airflow/.local/lib/python3.12/site-packages/airflow/example_dags/example_nested_branch_dag.py for tasks to queue
[2024-07-10T04:16:31.380+0000] {logging_mixin.py:188} INFO - [2024-07-10T04:16:31.380+0000] {dagbag.py:545} INFO - Filling up the DagBag from /home/airflow/.local/lib/python3.12/site-packages/airflow/example_dags/example_nested_branch_dag.py
[2024-07-10T04:16:31.393+0000] {processor.py:840} INFO - DAG(s) 'example_nested_branch_dag' retrieved from /home/airflow/.local/lib/python3.12/site-packages/airflow/example_dags/example_nested_branch_dag.py
[2024-07-10T04:16:31.422+0000] {logging_mixin.py:188} INFO - [2024-07-10T04:16:31.422+0000] {dag.py:3096} INFO - Sync 1 DAGs
[2024-07-10T04:16:31.451+0000] {logging_mixin.py:188} INFO - [2024-07-10T04:16:31.451+0000] {dag.py:3954} INFO - Setting next_dagrun for example_nested_branch_dag to 2024-07-09 00:00:00+00:00, run_after=2024-07-10 00:00:00+00:00
[2024-07-10T04:16:31.474+0000] {processor.py:183} INFO - Processing /home/airflow/.local/lib/python3.12/site-packages/airflow/example_dags/example_nested_branch_dag.py took 0.105 seconds
[2024-07-10T04:17:02.154+0000] {processor.py:161} INFO - Started process (PID=176) to work on /home/airflow/.local/lib/python3.12/site-packages/airflow/example_dags/example_nested_branch_dag.py
[2024-07-10T04:17:02.155+0000] {processor.py:830} INFO - Processing file /home/airflow/.local/lib/python3.12/site-packages/airflow/example_dags/example_nested_branch_dag.py for tasks to queue
[2024-07-10T04:17:02.157+0000] {logging_mixin.py:188} INFO - [2024-07-10T04:17:02.157+0000] {dagbag.py:545} INFO - Filling up the DagBag from /home/airflow/.local/lib/python3.12/site-packages/airflow/example_dags/example_nested_branch_dag.py
[2024-07-10T04:17:02.175+0000] {processor.py:840} INFO - DAG(s) 'example_nested_branch_dag' retrieved from /home/airflow/.local/lib/python3.12/site-packages/airflow/example_dags/example_nested_branch_dag.py
[2024-07-10T04:17:02.204+0000] {logging_mixin.py:188} INFO - [2024-07-10T04:17:02.204+0000] {dag.py:3096} INFO - Sync 1 DAGs
[2024-07-10T04:17:02.242+0000] {logging_mixin.py:188} INFO - [2024-07-10T04:17:02.241+0000] {dag.py:3954} INFO - Setting next_dagrun for example_nested_branch_dag to 2024-07-09 00:00:00+00:00, run_after=2024-07-10 00:00:00+00:00
[2024-07-10T04:17:02.266+0000] {processor.py:183} INFO - Processing /home/airflow/.local/lib/python3.12/site-packages/airflow/example_dags/example_nested_branch_dag.py took 0.120 seconds
[2024-07-10T04:18:39.462+0000] {processor.py:161} INFO - Started process (PID=55) to work on /home/airflow/.local/lib/python3.12/site-packages/airflow/example_dags/example_nested_branch_dag.py
[2024-07-10T04:18:39.464+0000] {processor.py:830} INFO - Processing file /home/airflow/.local/lib/python3.12/site-packages/airflow/example_dags/example_nested_branch_dag.py for tasks to queue
[2024-07-10T04:18:39.467+0000] {logging_mixin.py:188} INFO - [2024-07-10T04:18:39.467+0000] {dagbag.py:545} INFO - Filling up the DagBag from /home/airflow/.local/lib/python3.12/site-packages/airflow/example_dags/example_nested_branch_dag.py
[2024-07-10T04:18:39.492+0000] {processor.py:840} INFO - DAG(s) 'example_nested_branch_dag' retrieved from /home/airflow/.local/lib/python3.12/site-packages/airflow/example_dags/example_nested_branch_dag.py
[2024-07-10T04:18:39.725+0000] {logging_mixin.py:188} INFO - [2024-07-10T04:18:39.724+0000] {dag.py:3096} INFO - Sync 1 DAGs
[2024-07-10T04:18:39.761+0000] {logging_mixin.py:188} INFO - [2024-07-10T04:18:39.760+0000] {dag.py:3954} INFO - Setting next_dagrun for example_nested_branch_dag to 2024-07-09 00:00:00+00:00, run_after=2024-07-10 00:00:00+00:00
[2024-07-10T04:18:39.821+0000] {processor.py:183} INFO - Processing /home/airflow/.local/lib/python3.12/site-packages/airflow/example_dags/example_nested_branch_dag.py took 0.370 seconds
[2024-07-10T04:19:10.197+0000] {processor.py:161} INFO - Started process (PID=115) to work on /home/airflow/.local/lib/python3.12/site-packages/airflow/example_dags/example_nested_branch_dag.py
[2024-07-10T04:19:10.198+0000] {processor.py:830} INFO - Processing file /home/airflow/.local/lib/python3.12/site-packages/airflow/example_dags/example_nested_branch_dag.py for tasks to queue
[2024-07-10T04:19:10.200+0000] {logging_mixin.py:188} INFO - [2024-07-10T04:19:10.200+0000] {dagbag.py:545} INFO - Filling up the DagBag from /home/airflow/.local/lib/python3.12/site-packages/airflow/example_dags/example_nested_branch_dag.py
[2024-07-10T04:19:10.215+0000] {processor.py:840} INFO - DAG(s) 'example_nested_branch_dag' retrieved from /home/airflow/.local/lib/python3.12/site-packages/airflow/example_dags/example_nested_branch_dag.py
[2024-07-10T04:19:10.248+0000] {logging_mixin.py:188} INFO - [2024-07-10T04:19:10.248+0000] {dag.py:3096} INFO - Sync 1 DAGs
[2024-07-10T04:19:10.280+0000] {logging_mixin.py:188} INFO - [2024-07-10T04:19:10.280+0000] {dag.py:3954} INFO - Setting next_dagrun for example_nested_branch_dag to 2024-07-09 00:00:00+00:00, run_after=2024-07-10 00:00:00+00:00
[2024-07-10T04:19:10.303+0000] {processor.py:183} INFO - Processing /home/airflow/.local/lib/python3.12/site-packages/airflow/example_dags/example_nested_branch_dag.py took 0.112 seconds
[2024-07-10T04:19:40.668+0000] {processor.py:161} INFO - Started process (PID=175) to work on /home/airflow/.local/lib/python3.12/site-packages/airflow/example_dags/example_nested_branch_dag.py
[2024-07-10T04:19:40.669+0000] {processor.py:830} INFO - Processing file /home/airflow/.local/lib/python3.12/site-packages/airflow/example_dags/example_nested_branch_dag.py for tasks to queue
[2024-07-10T04:19:40.671+0000] {logging_mixin.py:188} INFO - [2024-07-10T04:19:40.671+0000] {dagbag.py:545} INFO - Filling up the DagBag from /home/airflow/.local/lib/python3.12/site-packages/airflow/example_dags/example_nested_branch_dag.py
[2024-07-10T04:19:40.683+0000] {processor.py:840} INFO - DAG(s) 'example_nested_branch_dag' retrieved from /home/airflow/.local/lib/python3.12/site-packages/airflow/example_dags/example_nested_branch_dag.py
[2024-07-10T04:19:40.708+0000] {logging_mixin.py:188} INFO - [2024-07-10T04:19:40.708+0000] {dag.py:3096} INFO - Sync 1 DAGs
[2024-07-10T04:19:40.733+0000] {logging_mixin.py:188} INFO - [2024-07-10T04:19:40.733+0000] {dag.py:3954} INFO - Setting next_dagrun for example_nested_branch_dag to 2024-07-09 00:00:00+00:00, run_after=2024-07-10 00:00:00+00:00
[2024-07-10T04:19:40.760+0000] {processor.py:183} INFO - Processing /home/airflow/.local/lib/python3.12/site-packages/airflow/example_dags/example_nested_branch_dag.py took 0.099 seconds
[2024-07-10T04:20:11.517+0000] {processor.py:161} INFO - Started process (PID=235) to work on /home/airflow/.local/lib/python3.12/site-packages/airflow/example_dags/example_nested_branch_dag.py
[2024-07-10T04:20:11.519+0000] {processor.py:830} INFO - Processing file /home/airflow/.local/lib/python3.12/site-packages/airflow/example_dags/example_nested_branch_dag.py for tasks to queue
[2024-07-10T04:20:11.524+0000] {logging_mixin.py:188} INFO - [2024-07-10T04:20:11.523+0000] {dagbag.py:545} INFO - Filling up the DagBag from /home/airflow/.local/lib/python3.12/site-packages/airflow/example_dags/example_nested_branch_dag.py
[2024-07-10T04:20:11.551+0000] {processor.py:840} INFO - DAG(s) 'example_nested_branch_dag' retrieved from /home/airflow/.local/lib/python3.12/site-packages/airflow/example_dags/example_nested_branch_dag.py
[2024-07-10T04:20:11.614+0000] {logging_mixin.py:188} INFO - [2024-07-10T04:20:11.614+0000] {dag.py:3096} INFO - Sync 1 DAGs
[2024-07-10T04:20:11.667+0000] {logging_mixin.py:188} INFO - [2024-07-10T04:20:11.666+0000] {dag.py:3954} INFO - Setting next_dagrun for example_nested_branch_dag to 2024-07-09 00:00:00+00:00, run_after=2024-07-10 00:00:00+00:00
[2024-07-10T04:20:11.704+0000] {processor.py:183} INFO - Processing /home/airflow/.local/lib/python3.12/site-packages/airflow/example_dags/example_nested_branch_dag.py took 0.201 seconds
[2024-07-10T04:20:43.000+0000] {processor.py:161} INFO - Started process (PID=297) to work on /home/airflow/.local/lib/python3.12/site-packages/airflow/example_dags/example_nested_branch_dag.py
[2024-07-10T04:20:43.002+0000] {processor.py:830} INFO - Processing file /home/airflow/.local/lib/python3.12/site-packages/airflow/example_dags/example_nested_branch_dag.py for tasks to queue
[2024-07-10T04:20:43.006+0000] {logging_mixin.py:188} INFO - [2024-07-10T04:20:43.005+0000] {dagbag.py:545} INFO - Filling up the DagBag from /home/airflow/.local/lib/python3.12/site-packages/airflow/example_dags/example_nested_branch_dag.py
[2024-07-10T04:20:43.031+0000] {processor.py:840} INFO - DAG(s) 'example_nested_branch_dag' retrieved from /home/airflow/.local/lib/python3.12/site-packages/airflow/example_dags/example_nested_branch_dag.py
[2024-07-10T04:20:43.099+0000] {logging_mixin.py:188} INFO - [2024-07-10T04:20:43.098+0000] {dag.py:3096} INFO - Sync 1 DAGs
[2024-07-10T04:20:43.218+0000] {logging_mixin.py:188} INFO - [2024-07-10T04:20:43.217+0000] {dag.py:3954} INFO - Setting next_dagrun for example_nested_branch_dag to 2024-07-09 00:00:00+00:00, run_after=2024-07-10 00:00:00+00:00
[2024-07-10T04:20:43.278+0000] {processor.py:183} INFO - Processing /home/airflow/.local/lib/python3.12/site-packages/airflow/example_dags/example_nested_branch_dag.py took 0.290 seconds
[2024-07-10T04:21:13.425+0000] {processor.py:161} INFO - Started process (PID=357) to work on /home/airflow/.local/lib/python3.12/site-packages/airflow/example_dags/example_nested_branch_dag.py
[2024-07-10T04:21:13.426+0000] {processor.py:830} INFO - Processing file /home/airflow/.local/lib/python3.12/site-packages/airflow/example_dags/example_nested_branch_dag.py for tasks to queue
[2024-07-10T04:21:13.430+0000] {logging_mixin.py:188} INFO - [2024-07-10T04:21:13.430+0000] {dagbag.py:545} INFO - Filling up the DagBag from /home/airflow/.local/lib/python3.12/site-packages/airflow/example_dags/example_nested_branch_dag.py
[2024-07-10T04:21:13.448+0000] {processor.py:840} INFO - DAG(s) 'example_nested_branch_dag' retrieved from /home/airflow/.local/lib/python3.12/site-packages/airflow/example_dags/example_nested_branch_dag.py
[2024-07-10T04:21:13.478+0000] {logging_mixin.py:188} INFO - [2024-07-10T04:21:13.478+0000] {dag.py:3096} INFO - Sync 1 DAGs
[2024-07-10T04:21:13.510+0000] {logging_mixin.py:188} INFO - [2024-07-10T04:21:13.510+0000] {dag.py:3954} INFO - Setting next_dagrun for example_nested_branch_dag to 2024-07-09 00:00:00+00:00, run_after=2024-07-10 00:00:00+00:00
[2024-07-10T04:21:13.536+0000] {processor.py:183} INFO - Processing /home/airflow/.local/lib/python3.12/site-packages/airflow/example_dags/example_nested_branch_dag.py took 0.122 seconds
[2024-07-10T04:25:44.815+0000] {processor.py:161} INFO - Started process (PID=55) to work on /home/airflow/.local/lib/python3.12/site-packages/airflow/example_dags/example_nested_branch_dag.py
[2024-07-10T04:25:44.817+0000] {processor.py:830} INFO - Processing file /home/airflow/.local/lib/python3.12/site-packages/airflow/example_dags/example_nested_branch_dag.py for tasks to queue
[2024-07-10T04:25:44.820+0000] {logging_mixin.py:188} INFO - [2024-07-10T04:25:44.820+0000] {dagbag.py:545} INFO - Filling up the DagBag from /home/airflow/.local/lib/python3.12/site-packages/airflow/example_dags/example_nested_branch_dag.py
[2024-07-10T04:25:44.852+0000] {processor.py:840} INFO - DAG(s) 'example_nested_branch_dag' retrieved from /home/airflow/.local/lib/python3.12/site-packages/airflow/example_dags/example_nested_branch_dag.py
[2024-07-10T04:25:45.230+0000] {logging_mixin.py:188} INFO - [2024-07-10T04:25:45.230+0000] {dag.py:3096} INFO - Sync 1 DAGs
[2024-07-10T04:25:45.307+0000] {logging_mixin.py:188} INFO - [2024-07-10T04:25:45.306+0000] {dag.py:3954} INFO - Setting next_dagrun for example_nested_branch_dag to 2024-07-09 00:00:00+00:00, run_after=2024-07-10 00:00:00+00:00
[2024-07-10T04:25:45.357+0000] {processor.py:183} INFO - Processing /home/airflow/.local/lib/python3.12/site-packages/airflow/example_dags/example_nested_branch_dag.py took 0.561 seconds
[2024-07-10T04:26:15.588+0000] {processor.py:161} INFO - Started process (PID=115) to work on /home/airflow/.local/lib/python3.12/site-packages/airflow/example_dags/example_nested_branch_dag.py
[2024-07-10T04:26:15.589+0000] {processor.py:830} INFO - Processing file /home/airflow/.local/lib/python3.12/site-packages/airflow/example_dags/example_nested_branch_dag.py for tasks to queue
[2024-07-10T04:26:15.591+0000] {logging_mixin.py:188} INFO - [2024-07-10T04:26:15.591+0000] {dagbag.py:545} INFO - Filling up the DagBag from /home/airflow/.local/lib/python3.12/site-packages/airflow/example_dags/example_nested_branch_dag.py
[2024-07-10T04:26:15.602+0000] {processor.py:840} INFO - DAG(s) 'example_nested_branch_dag' retrieved from /home/airflow/.local/lib/python3.12/site-packages/airflow/example_dags/example_nested_branch_dag.py
[2024-07-10T04:26:15.632+0000] {logging_mixin.py:188} INFO - [2024-07-10T04:26:15.632+0000] {dag.py:3096} INFO - Sync 1 DAGs
[2024-07-10T04:26:15.663+0000] {logging_mixin.py:188} INFO - [2024-07-10T04:26:15.663+0000] {dag.py:3954} INFO - Setting next_dagrun for example_nested_branch_dag to 2024-07-09 00:00:00+00:00, run_after=2024-07-10 00:00:00+00:00
[2024-07-10T04:26:15.690+0000] {processor.py:183} INFO - Processing /home/airflow/.local/lib/python3.12/site-packages/airflow/example_dags/example_nested_branch_dag.py took 0.107 seconds
[2024-07-10T04:26:45.838+0000] {processor.py:161} INFO - Started process (PID=175) to work on /home/airflow/.local/lib/python3.12/site-packages/airflow/example_dags/example_nested_branch_dag.py
[2024-07-10T04:26:45.839+0000] {processor.py:830} INFO - Processing file /home/airflow/.local/lib/python3.12/site-packages/airflow/example_dags/example_nested_branch_dag.py for tasks to queue
[2024-07-10T04:26:45.841+0000] {logging_mixin.py:188} INFO - [2024-07-10T04:26:45.841+0000] {dagbag.py:545} INFO - Filling up the DagBag from /home/airflow/.local/lib/python3.12/site-packages/airflow/example_dags/example_nested_branch_dag.py
[2024-07-10T04:26:45.852+0000] {processor.py:840} INFO - DAG(s) 'example_nested_branch_dag' retrieved from /home/airflow/.local/lib/python3.12/site-packages/airflow/example_dags/example_nested_branch_dag.py
[2024-07-10T04:26:45.883+0000] {logging_mixin.py:188} INFO - [2024-07-10T04:26:45.883+0000] {dag.py:3096} INFO - Sync 1 DAGs
[2024-07-10T04:26:45.911+0000] {logging_mixin.py:188} INFO - [2024-07-10T04:26:45.911+0000] {dag.py:3954} INFO - Setting next_dagrun for example_nested_branch_dag to 2024-07-09 00:00:00+00:00, run_after=2024-07-10 00:00:00+00:00
[2024-07-10T04:26:45.933+0000] {processor.py:183} INFO - Processing /home/airflow/.local/lib/python3.12/site-packages/airflow/example_dags/example_nested_branch_dag.py took 0.102 seconds
[2024-07-10T04:27:16.421+0000] {processor.py:161} INFO - Started process (PID=235) to work on /home/airflow/.local/lib/python3.12/site-packages/airflow/example_dags/example_nested_branch_dag.py
[2024-07-10T04:27:16.423+0000] {processor.py:830} INFO - Processing file /home/airflow/.local/lib/python3.12/site-packages/airflow/example_dags/example_nested_branch_dag.py for tasks to queue
[2024-07-10T04:27:16.428+0000] {logging_mixin.py:188} INFO - [2024-07-10T04:27:16.427+0000] {dagbag.py:545} INFO - Filling up the DagBag from /home/airflow/.local/lib/python3.12/site-packages/airflow/example_dags/example_nested_branch_dag.py
[2024-07-10T04:27:16.461+0000] {processor.py:840} INFO - DAG(s) 'example_nested_branch_dag' retrieved from /home/airflow/.local/lib/python3.12/site-packages/airflow/example_dags/example_nested_branch_dag.py
[2024-07-10T04:27:16.512+0000] {logging_mixin.py:188} INFO - [2024-07-10T04:27:16.511+0000] {dag.py:3096} INFO - Sync 1 DAGs
[2024-07-10T04:27:16.579+0000] {logging_mixin.py:188} INFO - [2024-07-10T04:27:16.579+0000] {dag.py:3954} INFO - Setting next_dagrun for example_nested_branch_dag to 2024-07-09 00:00:00+00:00, run_after=2024-07-10 00:00:00+00:00
[2024-07-10T04:27:16.659+0000] {processor.py:183} INFO - Processing /home/airflow/.local/lib/python3.12/site-packages/airflow/example_dags/example_nested_branch_dag.py took 0.256 seconds
[2024-07-10T04:28:55.190+0000] {processor.py:161} INFO - Started process (PID=54) to work on /home/airflow/.local/lib/python3.12/site-packages/airflow/example_dags/example_nested_branch_dag.py
[2024-07-10T04:28:55.192+0000] {processor.py:830} INFO - Processing file /home/airflow/.local/lib/python3.12/site-packages/airflow/example_dags/example_nested_branch_dag.py for tasks to queue
[2024-07-10T04:28:55.196+0000] {logging_mixin.py:188} INFO - [2024-07-10T04:28:55.195+0000] {dagbag.py:545} INFO - Filling up the DagBag from /home/airflow/.local/lib/python3.12/site-packages/airflow/example_dags/example_nested_branch_dag.py
[2024-07-10T04:28:55.233+0000] {processor.py:840} INFO - DAG(s) 'example_nested_branch_dag' retrieved from /home/airflow/.local/lib/python3.12/site-packages/airflow/example_dags/example_nested_branch_dag.py
[2024-07-10T04:28:55.859+0000] {logging_mixin.py:188} INFO - [2024-07-10T04:28:55.858+0000] {dag.py:3096} INFO - Sync 1 DAGs
[2024-07-10T04:28:55.937+0000] {logging_mixin.py:188} INFO - [2024-07-10T04:28:55.936+0000] {dag.py:3954} INFO - Setting next_dagrun for example_nested_branch_dag to 2024-07-09 00:00:00+00:00, run_after=2024-07-10 00:00:00+00:00
[2024-07-10T04:28:56.006+0000] {processor.py:183} INFO - Processing /home/airflow/.local/lib/python3.12/site-packages/airflow/example_dags/example_nested_branch_dag.py took 0.834 seconds
[2024-07-10T04:29:26.520+0000] {processor.py:161} INFO - Started process (PID=114) to work on /home/airflow/.local/lib/python3.12/site-packages/airflow/example_dags/example_nested_branch_dag.py
[2024-07-10T04:29:26.524+0000] {processor.py:830} INFO - Processing file /home/airflow/.local/lib/python3.12/site-packages/airflow/example_dags/example_nested_branch_dag.py for tasks to queue
[2024-07-10T04:29:26.528+0000] {logging_mixin.py:188} INFO - [2024-07-10T04:29:26.528+0000] {dagbag.py:545} INFO - Filling up the DagBag from /home/airflow/.local/lib/python3.12/site-packages/airflow/example_dags/example_nested_branch_dag.py
[2024-07-10T04:29:26.565+0000] {processor.py:840} INFO - DAG(s) 'example_nested_branch_dag' retrieved from /home/airflow/.local/lib/python3.12/site-packages/airflow/example_dags/example_nested_branch_dag.py
[2024-07-10T04:29:26.627+0000] {logging_mixin.py:188} INFO - [2024-07-10T04:29:26.626+0000] {dag.py:3096} INFO - Sync 1 DAGs
[2024-07-10T04:29:26.683+0000] {logging_mixin.py:188} INFO - [2024-07-10T04:29:26.683+0000] {dag.py:3954} INFO - Setting next_dagrun for example_nested_branch_dag to 2024-07-09 00:00:00+00:00, run_after=2024-07-10 00:00:00+00:00
[2024-07-10T04:29:26.756+0000] {processor.py:183} INFO - Processing /home/airflow/.local/lib/python3.12/site-packages/airflow/example_dags/example_nested_branch_dag.py took 0.255 seconds
[2024-07-10T04:29:58.036+0000] {processor.py:161} INFO - Started process (PID=174) to work on /home/airflow/.local/lib/python3.12/site-packages/airflow/example_dags/example_nested_branch_dag.py
[2024-07-10T04:29:58.040+0000] {processor.py:830} INFO - Processing file /home/airflow/.local/lib/python3.12/site-packages/airflow/example_dags/example_nested_branch_dag.py for tasks to queue
[2024-07-10T04:29:58.048+0000] {logging_mixin.py:188} INFO - [2024-07-10T04:29:58.047+0000] {dagbag.py:545} INFO - Filling up the DagBag from /home/airflow/.local/lib/python3.12/site-packages/airflow/example_dags/example_nested_branch_dag.py
[2024-07-10T04:29:58.110+0000] {processor.py:840} INFO - DAG(s) 'example_nested_branch_dag' retrieved from /home/airflow/.local/lib/python3.12/site-packages/airflow/example_dags/example_nested_branch_dag.py
[2024-07-10T04:29:58.217+0000] {logging_mixin.py:188} INFO - [2024-07-10T04:29:58.217+0000] {dag.py:3096} INFO - Sync 1 DAGs
[2024-07-10T04:29:58.317+0000] {logging_mixin.py:188} INFO - [2024-07-10T04:29:58.316+0000] {dag.py:3954} INFO - Setting next_dagrun for example_nested_branch_dag to 2024-07-09 00:00:00+00:00, run_after=2024-07-10 00:00:00+00:00
[2024-07-10T04:29:58.456+0000] {processor.py:183} INFO - Processing /home/airflow/.local/lib/python3.12/site-packages/airflow/example_dags/example_nested_branch_dag.py took 0.449 seconds
[2024-07-10T04:30:28.659+0000] {processor.py:161} INFO - Started process (PID=234) to work on /home/airflow/.local/lib/python3.12/site-packages/airflow/example_dags/example_nested_branch_dag.py
[2024-07-10T04:30:28.667+0000] {processor.py:830} INFO - Processing file /home/airflow/.local/lib/python3.12/site-packages/airflow/example_dags/example_nested_branch_dag.py for tasks to queue
[2024-07-10T04:30:28.672+0000] {logging_mixin.py:188} INFO - [2024-07-10T04:30:28.671+0000] {dagbag.py:545} INFO - Filling up the DagBag from /home/airflow/.local/lib/python3.12/site-packages/airflow/example_dags/example_nested_branch_dag.py
[2024-07-10T04:30:28.697+0000] {processor.py:840} INFO - DAG(s) 'example_nested_branch_dag' retrieved from /home/airflow/.local/lib/python3.12/site-packages/airflow/example_dags/example_nested_branch_dag.py
[2024-07-10T04:30:28.756+0000] {logging_mixin.py:188} INFO - [2024-07-10T04:30:28.755+0000] {dag.py:3096} INFO - Sync 1 DAGs
[2024-07-10T04:30:28.812+0000] {logging_mixin.py:188} INFO - [2024-07-10T04:30:28.812+0000] {dag.py:3954} INFO - Setting next_dagrun for example_nested_branch_dag to 2024-07-09 00:00:00+00:00, run_after=2024-07-10 00:00:00+00:00
[2024-07-10T04:30:28.862+0000] {processor.py:183} INFO - Processing /home/airflow/.local/lib/python3.12/site-packages/airflow/example_dags/example_nested_branch_dag.py took 0.215 seconds
[2024-07-10T04:30:59.581+0000] {processor.py:161} INFO - Started process (PID=294) to work on /home/airflow/.local/lib/python3.12/site-packages/airflow/example_dags/example_nested_branch_dag.py
[2024-07-10T04:30:59.584+0000] {processor.py:830} INFO - Processing file /home/airflow/.local/lib/python3.12/site-packages/airflow/example_dags/example_nested_branch_dag.py for tasks to queue
[2024-07-10T04:30:59.588+0000] {logging_mixin.py:188} INFO - [2024-07-10T04:30:59.588+0000] {dagbag.py:545} INFO - Filling up the DagBag from /home/airflow/.local/lib/python3.12/site-packages/airflow/example_dags/example_nested_branch_dag.py
[2024-07-10T04:30:59.613+0000] {processor.py:840} INFO - DAG(s) 'example_nested_branch_dag' retrieved from /home/airflow/.local/lib/python3.12/site-packages/airflow/example_dags/example_nested_branch_dag.py
[2024-07-10T04:30:59.692+0000] {logging_mixin.py:188} INFO - [2024-07-10T04:30:59.692+0000] {dag.py:3096} INFO - Sync 1 DAGs
[2024-07-10T04:30:59.800+0000] {logging_mixin.py:188} INFO - [2024-07-10T04:30:59.799+0000] {dag.py:3954} INFO - Setting next_dagrun for example_nested_branch_dag to 2024-07-09 00:00:00+00:00, run_after=2024-07-10 00:00:00+00:00
[2024-07-10T04:30:59.917+0000] {processor.py:183} INFO - Processing /home/airflow/.local/lib/python3.12/site-packages/airflow/example_dags/example_nested_branch_dag.py took 0.360 seconds
[2024-07-10T04:31:30.228+0000] {processor.py:161} INFO - Started process (PID=352) to work on /home/airflow/.local/lib/python3.12/site-packages/airflow/example_dags/example_nested_branch_dag.py
[2024-07-10T04:31:30.231+0000] {processor.py:830} INFO - Processing file /home/airflow/.local/lib/python3.12/site-packages/airflow/example_dags/example_nested_branch_dag.py for tasks to queue
[2024-07-10T04:31:30.238+0000] {logging_mixin.py:188} INFO - [2024-07-10T04:31:30.237+0000] {dagbag.py:545} INFO - Filling up the DagBag from /home/airflow/.local/lib/python3.12/site-packages/airflow/example_dags/example_nested_branch_dag.py
[2024-07-10T04:31:30.276+0000] {processor.py:840} INFO - DAG(s) 'example_nested_branch_dag' retrieved from /home/airflow/.local/lib/python3.12/site-packages/airflow/example_dags/example_nested_branch_dag.py
[2024-07-10T04:31:30.360+0000] {logging_mixin.py:188} INFO - [2024-07-10T04:31:30.359+0000] {dag.py:3096} INFO - Sync 1 DAGs
[2024-07-10T04:31:30.437+0000] {logging_mixin.py:188} INFO - [2024-07-10T04:31:30.437+0000] {dag.py:3954} INFO - Setting next_dagrun for example_nested_branch_dag to 2024-07-09 00:00:00+00:00, run_after=2024-07-10 00:00:00+00:00
[2024-07-10T04:31:30.513+0000] {processor.py:183} INFO - Processing /home/airflow/.local/lib/python3.12/site-packages/airflow/example_dags/example_nested_branch_dag.py took 0.301 seconds
