[2024-07-10T04:12:56.423+0000] {processor.py:161} INFO - Started process (PID=47) to work on /home/airflow/.local/lib/python3.12/site-packages/airflow/example_dags/example_subdag_operator.py
[2024-07-10T04:12:56.425+0000] {processor.py:830} INFO - Processing file /home/airflow/.local/lib/python3.12/site-packages/airflow/example_dags/example_subdag_operator.py for tasks to queue
[2024-07-10T04:12:56.428+0000] {logging_mixin.py:188} INFO - [2024-07-10T04:12:56.428+0000] {dagbag.py:545} INFO - Filling up the DagBag from /home/airflow/.local/lib/python3.12/site-packages/airflow/example_dags/example_subdag_operator.py
[2024-07-10T04:12:56.470+0000] {processor.py:840} INFO - DAG(s) 'example_subdag_operator.section-1', 'example_subdag_operator.section-2', 'example_subdag_operator' retrieved from /home/airflow/.local/lib/python3.12/site-packages/airflow/example_dags/example_subdag_operator.py
[2024-07-10T04:12:56.503+0000] {logging_mixin.py:188} INFO - [2024-07-10T04:12:56.503+0000] {dag.py:3096} INFO - Sync 3 DAGs
[2024-07-10T04:12:56.555+0000] {logging_mixin.py:188} INFO - [2024-07-10T04:12:56.554+0000] {dag.py:3954} INFO - Setting next_dagrun for example_subdag_operator to 2022-01-01 00:00:00+00:00, run_after=2022-01-01 00:00:00+00:00
[2024-07-10T04:12:56.561+0000] {logging_mixin.py:188} INFO - [2024-07-10T04:12:56.561+0000] {dag.py:3954} INFO - Setting next_dagrun for example_subdag_operator.section-1 to None, run_after=None
[2024-07-10T04:12:56.564+0000] {logging_mixin.py:188} INFO - [2024-07-10T04:12:56.563+0000] {dag.py:3954} INFO - Setting next_dagrun for example_subdag_operator.section-2 to None, run_after=None
[2024-07-10T04:12:56.578+0000] {logging_mixin.py:188} INFO - [2024-07-10T04:12:56.578+0000] {dag.py:3096} INFO - Sync 2 DAGs
[2024-07-10T04:12:56.587+0000] {logging_mixin.py:188} INFO - [2024-07-10T04:12:56.587+0000] {dag.py:3954} INFO - Setting next_dagrun for example_subdag_operator.section-1 to None, run_after=None
[2024-07-10T04:12:56.588+0000] {logging_mixin.py:188} INFO - [2024-07-10T04:12:56.588+0000] {dag.py:3954} INFO - Setting next_dagrun for example_subdag_operator.section-2 to None, run_after=None
[2024-07-10T04:12:56.607+0000] {processor.py:183} INFO - Processing /home/airflow/.local/lib/python3.12/site-packages/airflow/example_dags/example_subdag_operator.py took 0.197 seconds
[2024-07-10T04:13:26.939+0000] {processor.py:161} INFO - Started process (PID=107) to work on /home/airflow/.local/lib/python3.12/site-packages/airflow/example_dags/example_subdag_operator.py
[2024-07-10T04:13:26.940+0000] {processor.py:830} INFO - Processing file /home/airflow/.local/lib/python3.12/site-packages/airflow/example_dags/example_subdag_operator.py for tasks to queue
[2024-07-10T04:13:26.942+0000] {logging_mixin.py:188} INFO - [2024-07-10T04:13:26.942+0000] {dagbag.py:545} INFO - Filling up the DagBag from /home/airflow/.local/lib/python3.12/site-packages/airflow/example_dags/example_subdag_operator.py
[2024-07-10T04:13:26.979+0000] {processor.py:840} INFO - DAG(s) 'example_subdag_operator.section-1', 'example_subdag_operator.section-2', 'example_subdag_operator' retrieved from /home/airflow/.local/lib/python3.12/site-packages/airflow/example_dags/example_subdag_operator.py
[2024-07-10T04:13:27.005+0000] {logging_mixin.py:188} INFO - [2024-07-10T04:13:27.005+0000] {dag.py:3096} INFO - Sync 3 DAGs
[2024-07-10T04:13:27.043+0000] {logging_mixin.py:188} INFO - [2024-07-10T04:13:27.043+0000] {dag.py:3954} INFO - Setting next_dagrun for example_subdag_operator to 2022-01-01 00:00:00+00:00, run_after=2022-01-01 00:00:00+00:00
[2024-07-10T04:13:27.050+0000] {logging_mixin.py:188} INFO - [2024-07-10T04:13:27.049+0000] {dag.py:3954} INFO - Setting next_dagrun for example_subdag_operator.section-1 to None, run_after=None
[2024-07-10T04:13:27.052+0000] {logging_mixin.py:188} INFO - [2024-07-10T04:13:27.052+0000] {dag.py:3954} INFO - Setting next_dagrun for example_subdag_operator.section-2 to None, run_after=None
[2024-07-10T04:13:27.067+0000] {logging_mixin.py:188} INFO - [2024-07-10T04:13:27.067+0000] {dag.py:3096} INFO - Sync 2 DAGs
[2024-07-10T04:13:27.075+0000] {logging_mixin.py:188} INFO - [2024-07-10T04:13:27.075+0000] {dag.py:3954} INFO - Setting next_dagrun for example_subdag_operator.section-1 to None, run_after=None
[2024-07-10T04:13:27.076+0000] {logging_mixin.py:188} INFO - [2024-07-10T04:13:27.076+0000] {dag.py:3954} INFO - Setting next_dagrun for example_subdag_operator.section-2 to None, run_after=None
[2024-07-10T04:13:27.093+0000] {processor.py:183} INFO - Processing /home/airflow/.local/lib/python3.12/site-packages/airflow/example_dags/example_subdag_operator.py took 0.160 seconds
[2024-07-10T04:13:57.712+0000] {processor.py:161} INFO - Started process (PID=167) to work on /home/airflow/.local/lib/python3.12/site-packages/airflow/example_dags/example_subdag_operator.py
[2024-07-10T04:13:57.714+0000] {processor.py:830} INFO - Processing file /home/airflow/.local/lib/python3.12/site-packages/airflow/example_dags/example_subdag_operator.py for tasks to queue
[2024-07-10T04:13:57.715+0000] {logging_mixin.py:188} INFO - [2024-07-10T04:13:57.714+0000] {dagbag.py:545} INFO - Filling up the DagBag from /home/airflow/.local/lib/python3.12/site-packages/airflow/example_dags/example_subdag_operator.py
[2024-07-10T04:13:57.739+0000] {processor.py:840} INFO - DAG(s) 'example_subdag_operator.section-1', 'example_subdag_operator.section-2', 'example_subdag_operator' retrieved from /home/airflow/.local/lib/python3.12/site-packages/airflow/example_dags/example_subdag_operator.py
[2024-07-10T04:13:57.757+0000] {logging_mixin.py:188} INFO - [2024-07-10T04:13:57.757+0000] {dag.py:3096} INFO - Sync 3 DAGs
[2024-07-10T04:13:57.784+0000] {logging_mixin.py:188} INFO - [2024-07-10T04:13:57.784+0000] {dag.py:3954} INFO - Setting next_dagrun for example_subdag_operator to 2022-01-01 00:00:00+00:00, run_after=2022-01-01 00:00:00+00:00
[2024-07-10T04:13:57.789+0000] {logging_mixin.py:188} INFO - [2024-07-10T04:13:57.789+0000] {dag.py:3954} INFO - Setting next_dagrun for example_subdag_operator.section-1 to None, run_after=None
[2024-07-10T04:13:57.791+0000] {logging_mixin.py:188} INFO - [2024-07-10T04:13:57.791+0000] {dag.py:3954} INFO - Setting next_dagrun for example_subdag_operator.section-2 to None, run_after=None
[2024-07-10T04:13:57.804+0000] {logging_mixin.py:188} INFO - [2024-07-10T04:13:57.803+0000] {dag.py:3096} INFO - Sync 2 DAGs
[2024-07-10T04:13:57.809+0000] {logging_mixin.py:188} INFO - [2024-07-10T04:13:57.809+0000] {dag.py:3954} INFO - Setting next_dagrun for example_subdag_operator.section-1 to None, run_after=None
[2024-07-10T04:13:57.810+0000] {logging_mixin.py:188} INFO - [2024-07-10T04:13:57.810+0000] {dag.py:3954} INFO - Setting next_dagrun for example_subdag_operator.section-2 to None, run_after=None
[2024-07-10T04:13:57.823+0000] {processor.py:183} INFO - Processing /home/airflow/.local/lib/python3.12/site-packages/airflow/example_dags/example_subdag_operator.py took 0.116 seconds
[2024-07-10T04:16:00.126+0000] {processor.py:161} INFO - Started process (PID=53) to work on /home/airflow/.local/lib/python3.12/site-packages/airflow/example_dags/example_subdag_operator.py
[2024-07-10T04:16:00.128+0000] {processor.py:830} INFO - Processing file /home/airflow/.local/lib/python3.12/site-packages/airflow/example_dags/example_subdag_operator.py for tasks to queue
[2024-07-10T04:16:00.132+0000] {logging_mixin.py:188} INFO - [2024-07-10T04:16:00.131+0000] {dagbag.py:545} INFO - Filling up the DagBag from /home/airflow/.local/lib/python3.12/site-packages/airflow/example_dags/example_subdag_operator.py
[2024-07-10T04:16:00.209+0000] {processor.py:840} INFO - DAG(s) 'example_subdag_operator.section-1', 'example_subdag_operator.section-2', 'example_subdag_operator' retrieved from /home/airflow/.local/lib/python3.12/site-packages/airflow/example_dags/example_subdag_operator.py
[2024-07-10T04:16:00.520+0000] {logging_mixin.py:188} INFO - [2024-07-10T04:16:00.520+0000] {dag.py:3096} INFO - Sync 3 DAGs
[2024-07-10T04:16:00.561+0000] {logging_mixin.py:188} INFO - [2024-07-10T04:16:00.560+0000] {dag.py:3954} INFO - Setting next_dagrun for example_subdag_operator to 2022-01-01 00:00:00+00:00, run_after=2022-01-01 00:00:00+00:00
[2024-07-10T04:16:00.567+0000] {logging_mixin.py:188} INFO - [2024-07-10T04:16:00.567+0000] {dag.py:3954} INFO - Setting next_dagrun for example_subdag_operator.section-1 to None, run_after=None
[2024-07-10T04:16:00.570+0000] {logging_mixin.py:188} INFO - [2024-07-10T04:16:00.569+0000] {dag.py:3954} INFO - Setting next_dagrun for example_subdag_operator.section-2 to None, run_after=None
[2024-07-10T04:16:00.591+0000] {logging_mixin.py:188} INFO - [2024-07-10T04:16:00.591+0000] {dag.py:3096} INFO - Sync 2 DAGs
[2024-07-10T04:16:00.603+0000] {logging_mixin.py:188} INFO - [2024-07-10T04:16:00.603+0000] {dag.py:3954} INFO - Setting next_dagrun for example_subdag_operator.section-1 to None, run_after=None
[2024-07-10T04:16:00.605+0000] {logging_mixin.py:188} INFO - [2024-07-10T04:16:00.604+0000] {dag.py:3954} INFO - Setting next_dagrun for example_subdag_operator.section-2 to None, run_after=None
[2024-07-10T04:16:00.646+0000] {processor.py:183} INFO - Processing /home/airflow/.local/lib/python3.12/site-packages/airflow/example_dags/example_subdag_operator.py took 0.536 seconds
[2024-07-10T04:16:31.090+0000] {processor.py:161} INFO - Started process (PID=113) to work on /home/airflow/.local/lib/python3.12/site-packages/airflow/example_dags/example_subdag_operator.py
[2024-07-10T04:16:31.092+0000] {processor.py:830} INFO - Processing file /home/airflow/.local/lib/python3.12/site-packages/airflow/example_dags/example_subdag_operator.py for tasks to queue
[2024-07-10T04:16:31.095+0000] {logging_mixin.py:188} INFO - [2024-07-10T04:16:31.095+0000] {dagbag.py:545} INFO - Filling up the DagBag from /home/airflow/.local/lib/python3.12/site-packages/airflow/example_dags/example_subdag_operator.py
[2024-07-10T04:16:31.143+0000] {processor.py:840} INFO - DAG(s) 'example_subdag_operator.section-1', 'example_subdag_operator.section-2', 'example_subdag_operator' retrieved from /home/airflow/.local/lib/python3.12/site-packages/airflow/example_dags/example_subdag_operator.py
[2024-07-10T04:16:31.164+0000] {logging_mixin.py:188} INFO - [2024-07-10T04:16:31.164+0000] {dag.py:3096} INFO - Sync 3 DAGs
[2024-07-10T04:16:31.208+0000] {logging_mixin.py:188} INFO - [2024-07-10T04:16:31.207+0000] {dag.py:3954} INFO - Setting next_dagrun for example_subdag_operator to 2022-01-01 00:00:00+00:00, run_after=2022-01-01 00:00:00+00:00
[2024-07-10T04:16:31.219+0000] {logging_mixin.py:188} INFO - [2024-07-10T04:16:31.217+0000] {dag.py:3954} INFO - Setting next_dagrun for example_subdag_operator.section-1 to None, run_after=None
[2024-07-10T04:16:31.223+0000] {logging_mixin.py:188} INFO - [2024-07-10T04:16:31.223+0000] {dag.py:3954} INFO - Setting next_dagrun for example_subdag_operator.section-2 to None, run_after=None
[2024-07-10T04:16:31.234+0000] {logging_mixin.py:188} INFO - [2024-07-10T04:16:31.234+0000] {dag.py:3096} INFO - Sync 2 DAGs
[2024-07-10T04:16:31.243+0000] {logging_mixin.py:188} INFO - [2024-07-10T04:16:31.242+0000] {dag.py:3954} INFO - Setting next_dagrun for example_subdag_operator.section-1 to None, run_after=None
[2024-07-10T04:16:31.244+0000] {logging_mixin.py:188} INFO - [2024-07-10T04:16:31.243+0000] {dag.py:3954} INFO - Setting next_dagrun for example_subdag_operator.section-2 to None, run_after=None
[2024-07-10T04:16:31.258+0000] {processor.py:183} INFO - Processing /home/airflow/.local/lib/python3.12/site-packages/airflow/example_dags/example_subdag_operator.py took 0.176 seconds
[2024-07-10T04:17:01.998+0000] {processor.py:161} INFO - Started process (PID=174) to work on /home/airflow/.local/lib/python3.12/site-packages/airflow/example_dags/example_subdag_operator.py
[2024-07-10T04:17:01.999+0000] {processor.py:830} INFO - Processing file /home/airflow/.local/lib/python3.12/site-packages/airflow/example_dags/example_subdag_operator.py for tasks to queue
[2024-07-10T04:17:02.002+0000] {logging_mixin.py:188} INFO - [2024-07-10T04:17:02.001+0000] {dagbag.py:545} INFO - Filling up the DagBag from /home/airflow/.local/lib/python3.12/site-packages/airflow/example_dags/example_subdag_operator.py
[2024-07-10T04:17:02.031+0000] {processor.py:840} INFO - DAG(s) 'example_subdag_operator.section-1', 'example_subdag_operator.section-2', 'example_subdag_operator' retrieved from /home/airflow/.local/lib/python3.12/site-packages/airflow/example_dags/example_subdag_operator.py
[2024-07-10T04:17:02.050+0000] {logging_mixin.py:188} INFO - [2024-07-10T04:17:02.049+0000] {dag.py:3096} INFO - Sync 3 DAGs
[2024-07-10T04:17:02.077+0000] {logging_mixin.py:188} INFO - [2024-07-10T04:17:02.076+0000] {dag.py:3954} INFO - Setting next_dagrun for example_subdag_operator to 2022-01-01 00:00:00+00:00, run_after=2022-01-01 00:00:00+00:00
[2024-07-10T04:17:02.082+0000] {logging_mixin.py:188} INFO - [2024-07-10T04:17:02.082+0000] {dag.py:3954} INFO - Setting next_dagrun for example_subdag_operator.section-1 to None, run_after=None
[2024-07-10T04:17:02.084+0000] {logging_mixin.py:188} INFO - [2024-07-10T04:17:02.084+0000] {dag.py:3954} INFO - Setting next_dagrun for example_subdag_operator.section-2 to None, run_after=None
[2024-07-10T04:17:02.093+0000] {logging_mixin.py:188} INFO - [2024-07-10T04:17:02.093+0000] {dag.py:3096} INFO - Sync 2 DAGs
[2024-07-10T04:17:02.099+0000] {logging_mixin.py:188} INFO - [2024-07-10T04:17:02.099+0000] {dag.py:3954} INFO - Setting next_dagrun for example_subdag_operator.section-1 to None, run_after=None
[2024-07-10T04:17:02.100+0000] {logging_mixin.py:188} INFO - [2024-07-10T04:17:02.100+0000] {dag.py:3954} INFO - Setting next_dagrun for example_subdag_operator.section-2 to None, run_after=None
[2024-07-10T04:17:02.117+0000] {processor.py:183} INFO - Processing /home/airflow/.local/lib/python3.12/site-packages/airflow/example_dags/example_subdag_operator.py took 0.128 seconds
[2024-07-10T04:18:39.048+0000] {processor.py:161} INFO - Started process (PID=53) to work on /home/airflow/.local/lib/python3.12/site-packages/airflow/example_dags/example_subdag_operator.py
[2024-07-10T04:18:39.050+0000] {processor.py:830} INFO - Processing file /home/airflow/.local/lib/python3.12/site-packages/airflow/example_dags/example_subdag_operator.py for tasks to queue
[2024-07-10T04:18:39.053+0000] {logging_mixin.py:188} INFO - [2024-07-10T04:18:39.053+0000] {dagbag.py:545} INFO - Filling up the DagBag from /home/airflow/.local/lib/python3.12/site-packages/airflow/example_dags/example_subdag_operator.py
[2024-07-10T04:18:39.099+0000] {processor.py:840} INFO - DAG(s) 'example_subdag_operator.section-1', 'example_subdag_operator.section-2', 'example_subdag_operator' retrieved from /home/airflow/.local/lib/python3.12/site-packages/airflow/example_dags/example_subdag_operator.py
[2024-07-10T04:18:39.301+0000] {logging_mixin.py:188} INFO - [2024-07-10T04:18:39.301+0000] {dag.py:3096} INFO - Sync 3 DAGs
[2024-07-10T04:18:39.344+0000] {logging_mixin.py:188} INFO - [2024-07-10T04:18:39.344+0000] {dag.py:3954} INFO - Setting next_dagrun for example_subdag_operator to 2022-01-01 00:00:00+00:00, run_after=2022-01-01 00:00:00+00:00
[2024-07-10T04:18:39.350+0000] {logging_mixin.py:188} INFO - [2024-07-10T04:18:39.350+0000] {dag.py:3954} INFO - Setting next_dagrun for example_subdag_operator.section-1 to None, run_after=None
[2024-07-10T04:18:39.353+0000] {logging_mixin.py:188} INFO - [2024-07-10T04:18:39.353+0000] {dag.py:3954} INFO - Setting next_dagrun for example_subdag_operator.section-2 to None, run_after=None
[2024-07-10T04:18:39.383+0000] {logging_mixin.py:188} INFO - [2024-07-10T04:18:39.383+0000] {dag.py:3096} INFO - Sync 2 DAGs
[2024-07-10T04:18:39.396+0000] {logging_mixin.py:188} INFO - [2024-07-10T04:18:39.395+0000] {dag.py:3954} INFO - Setting next_dagrun for example_subdag_operator.section-1 to None, run_after=None
[2024-07-10T04:18:39.397+0000] {logging_mixin.py:188} INFO - [2024-07-10T04:18:39.396+0000] {dag.py:3954} INFO - Setting next_dagrun for example_subdag_operator.section-2 to None, run_after=None
[2024-07-10T04:18:39.418+0000] {processor.py:183} INFO - Processing /home/airflow/.local/lib/python3.12/site-packages/airflow/example_dags/example_subdag_operator.py took 0.380 seconds
[2024-07-10T04:19:10.084+0000] {processor.py:161} INFO - Started process (PID=113) to work on /home/airflow/.local/lib/python3.12/site-packages/airflow/example_dags/example_subdag_operator.py
[2024-07-10T04:19:10.085+0000] {processor.py:830} INFO - Processing file /home/airflow/.local/lib/python3.12/site-packages/airflow/example_dags/example_subdag_operator.py for tasks to queue
[2024-07-10T04:19:10.087+0000] {logging_mixin.py:188} INFO - [2024-07-10T04:19:10.087+0000] {dagbag.py:545} INFO - Filling up the DagBag from /home/airflow/.local/lib/python3.12/site-packages/airflow/example_dags/example_subdag_operator.py
[2024-07-10T04:19:10.111+0000] {processor.py:840} INFO - DAG(s) 'example_subdag_operator.section-1', 'example_subdag_operator.section-2', 'example_subdag_operator' retrieved from /home/airflow/.local/lib/python3.12/site-packages/airflow/example_dags/example_subdag_operator.py
[2024-07-10T04:19:10.129+0000] {logging_mixin.py:188} INFO - [2024-07-10T04:19:10.128+0000] {dag.py:3096} INFO - Sync 3 DAGs
[2024-07-10T04:19:10.151+0000] {logging_mixin.py:188} INFO - [2024-07-10T04:19:10.151+0000] {dag.py:3954} INFO - Setting next_dagrun for example_subdag_operator to 2022-01-01 00:00:00+00:00, run_after=2022-01-01 00:00:00+00:00
[2024-07-10T04:19:10.155+0000] {logging_mixin.py:188} INFO - [2024-07-10T04:19:10.155+0000] {dag.py:3954} INFO - Setting next_dagrun for example_subdag_operator.section-1 to None, run_after=None
[2024-07-10T04:19:10.157+0000] {logging_mixin.py:188} INFO - [2024-07-10T04:19:10.157+0000] {dag.py:3954} INFO - Setting next_dagrun for example_subdag_operator.section-2 to None, run_after=None
[2024-07-10T04:19:10.164+0000] {logging_mixin.py:188} INFO - [2024-07-10T04:19:10.164+0000] {dag.py:3096} INFO - Sync 2 DAGs
[2024-07-10T04:19:10.170+0000] {logging_mixin.py:188} INFO - [2024-07-10T04:19:10.169+0000] {dag.py:3954} INFO - Setting next_dagrun for example_subdag_operator.section-1 to None, run_after=None
[2024-07-10T04:19:10.170+0000] {logging_mixin.py:188} INFO - [2024-07-10T04:19:10.170+0000] {dag.py:3954} INFO - Setting next_dagrun for example_subdag_operator.section-2 to None, run_after=None
[2024-07-10T04:19:10.184+0000] {processor.py:183} INFO - Processing /home/airflow/.local/lib/python3.12/site-packages/airflow/example_dags/example_subdag_operator.py took 0.108 seconds
[2024-07-10T04:19:40.354+0000] {processor.py:161} INFO - Started process (PID=173) to work on /home/airflow/.local/lib/python3.12/site-packages/airflow/example_dags/example_subdag_operator.py
[2024-07-10T04:19:40.355+0000] {processor.py:830} INFO - Processing file /home/airflow/.local/lib/python3.12/site-packages/airflow/example_dags/example_subdag_operator.py for tasks to queue
[2024-07-10T04:19:40.357+0000] {logging_mixin.py:188} INFO - [2024-07-10T04:19:40.357+0000] {dagbag.py:545} INFO - Filling up the DagBag from /home/airflow/.local/lib/python3.12/site-packages/airflow/example_dags/example_subdag_operator.py
[2024-07-10T04:19:40.383+0000] {processor.py:840} INFO - DAG(s) 'example_subdag_operator.section-1', 'example_subdag_operator.section-2', 'example_subdag_operator' retrieved from /home/airflow/.local/lib/python3.12/site-packages/airflow/example_dags/example_subdag_operator.py
[2024-07-10T04:19:40.413+0000] {logging_mixin.py:188} INFO - [2024-07-10T04:19:40.412+0000] {dag.py:3096} INFO - Sync 3 DAGs
[2024-07-10T04:19:40.443+0000] {logging_mixin.py:188} INFO - [2024-07-10T04:19:40.442+0000] {dag.py:3954} INFO - Setting next_dagrun for example_subdag_operator to 2022-01-01 00:00:00+00:00, run_after=2022-01-01 00:00:00+00:00
[2024-07-10T04:19:40.449+0000] {logging_mixin.py:188} INFO - [2024-07-10T04:19:40.448+0000] {dag.py:3954} INFO - Setting next_dagrun for example_subdag_operator.section-1 to None, run_after=None
[2024-07-10T04:19:40.451+0000] {logging_mixin.py:188} INFO - [2024-07-10T04:19:40.451+0000] {dag.py:3954} INFO - Setting next_dagrun for example_subdag_operator.section-2 to None, run_after=None
[2024-07-10T04:19:40.462+0000] {logging_mixin.py:188} INFO - [2024-07-10T04:19:40.462+0000] {dag.py:3096} INFO - Sync 2 DAGs
[2024-07-10T04:19:40.470+0000] {logging_mixin.py:188} INFO - [2024-07-10T04:19:40.470+0000] {dag.py:3954} INFO - Setting next_dagrun for example_subdag_operator.section-1 to None, run_after=None
[2024-07-10T04:19:40.471+0000] {logging_mixin.py:188} INFO - [2024-07-10T04:19:40.471+0000] {dag.py:3954} INFO - Setting next_dagrun for example_subdag_operator.section-2 to None, run_after=None
[2024-07-10T04:19:40.501+0000] {processor.py:183} INFO - Processing /home/airflow/.local/lib/python3.12/site-packages/airflow/example_dags/example_subdag_operator.py took 0.153 seconds
[2024-07-10T04:20:11.258+0000] {processor.py:161} INFO - Started process (PID=233) to work on /home/airflow/.local/lib/python3.12/site-packages/airflow/example_dags/example_subdag_operator.py
[2024-07-10T04:20:11.259+0000] {processor.py:830} INFO - Processing file /home/airflow/.local/lib/python3.12/site-packages/airflow/example_dags/example_subdag_operator.py for tasks to queue
[2024-07-10T04:20:11.263+0000] {logging_mixin.py:188} INFO - [2024-07-10T04:20:11.262+0000] {dagbag.py:545} INFO - Filling up the DagBag from /home/airflow/.local/lib/python3.12/site-packages/airflow/example_dags/example_subdag_operator.py
[2024-07-10T04:20:11.301+0000] {processor.py:840} INFO - DAG(s) 'example_subdag_operator.section-1', 'example_subdag_operator.section-2', 'example_subdag_operator' retrieved from /home/airflow/.local/lib/python3.12/site-packages/airflow/example_dags/example_subdag_operator.py
[2024-07-10T04:20:11.333+0000] {logging_mixin.py:188} INFO - [2024-07-10T04:20:11.333+0000] {dag.py:3096} INFO - Sync 3 DAGs
[2024-07-10T04:20:11.372+0000] {logging_mixin.py:188} INFO - [2024-07-10T04:20:11.372+0000] {dag.py:3954} INFO - Setting next_dagrun for example_subdag_operator to 2022-01-01 00:00:00+00:00, run_after=2022-01-01 00:00:00+00:00
[2024-07-10T04:20:11.378+0000] {logging_mixin.py:188} INFO - [2024-07-10T04:20:11.378+0000] {dag.py:3954} INFO - Setting next_dagrun for example_subdag_operator.section-1 to None, run_after=None
[2024-07-10T04:20:11.380+0000] {logging_mixin.py:188} INFO - [2024-07-10T04:20:11.380+0000] {dag.py:3954} INFO - Setting next_dagrun for example_subdag_operator.section-2 to None, run_after=None
[2024-07-10T04:20:11.397+0000] {logging_mixin.py:188} INFO - [2024-07-10T04:20:11.397+0000] {dag.py:3096} INFO - Sync 2 DAGs
[2024-07-10T04:20:11.405+0000] {logging_mixin.py:188} INFO - [2024-07-10T04:20:11.405+0000] {dag.py:3954} INFO - Setting next_dagrun for example_subdag_operator.section-1 to None, run_after=None
[2024-07-10T04:20:11.406+0000] {logging_mixin.py:188} INFO - [2024-07-10T04:20:11.406+0000] {dag.py:3954} INFO - Setting next_dagrun for example_subdag_operator.section-2 to None, run_after=None
[2024-07-10T04:20:11.440+0000] {processor.py:183} INFO - Processing /home/airflow/.local/lib/python3.12/site-packages/airflow/example_dags/example_subdag_operator.py took 0.191 seconds
[2024-07-10T04:20:42.435+0000] {processor.py:161} INFO - Started process (PID=295) to work on /home/airflow/.local/lib/python3.12/site-packages/airflow/example_dags/example_subdag_operator.py
[2024-07-10T04:20:42.436+0000] {processor.py:830} INFO - Processing file /home/airflow/.local/lib/python3.12/site-packages/airflow/example_dags/example_subdag_operator.py for tasks to queue
[2024-07-10T04:20:42.439+0000] {logging_mixin.py:188} INFO - [2024-07-10T04:20:42.439+0000] {dagbag.py:545} INFO - Filling up the DagBag from /home/airflow/.local/lib/python3.12/site-packages/airflow/example_dags/example_subdag_operator.py
[2024-07-10T04:20:42.487+0000] {processor.py:840} INFO - DAG(s) 'example_subdag_operator.section-1', 'example_subdag_operator.section-2', 'example_subdag_operator' retrieved from /home/airflow/.local/lib/python3.12/site-packages/airflow/example_dags/example_subdag_operator.py
[2024-07-10T04:20:42.532+0000] {logging_mixin.py:188} INFO - [2024-07-10T04:20:42.532+0000] {dag.py:3096} INFO - Sync 3 DAGs
[2024-07-10T04:20:42.612+0000] {logging_mixin.py:188} INFO - [2024-07-10T04:20:42.612+0000] {dag.py:3954} INFO - Setting next_dagrun for example_subdag_operator to 2022-01-01 00:00:00+00:00, run_after=2022-01-01 00:00:00+00:00
[2024-07-10T04:20:42.623+0000] {logging_mixin.py:188} INFO - [2024-07-10T04:20:42.622+0000] {dag.py:3954} INFO - Setting next_dagrun for example_subdag_operator.section-1 to None, run_after=None
[2024-07-10T04:20:42.625+0000] {logging_mixin.py:188} INFO - [2024-07-10T04:20:42.625+0000] {dag.py:3954} INFO - Setting next_dagrun for example_subdag_operator.section-2 to None, run_after=None
[2024-07-10T04:20:42.641+0000] {logging_mixin.py:188} INFO - [2024-07-10T04:20:42.641+0000] {dag.py:3096} INFO - Sync 2 DAGs
[2024-07-10T04:20:42.653+0000] {logging_mixin.py:188} INFO - [2024-07-10T04:20:42.653+0000] {dag.py:3954} INFO - Setting next_dagrun for example_subdag_operator.section-1 to None, run_after=None
[2024-07-10T04:20:42.654+0000] {logging_mixin.py:188} INFO - [2024-07-10T04:20:42.654+0000] {dag.py:3954} INFO - Setting next_dagrun for example_subdag_operator.section-2 to None, run_after=None
[2024-07-10T04:20:42.677+0000] {processor.py:183} INFO - Processing /home/airflow/.local/lib/python3.12/site-packages/airflow/example_dags/example_subdag_operator.py took 0.253 seconds
[2024-07-10T04:21:13.196+0000] {processor.py:161} INFO - Started process (PID=355) to work on /home/airflow/.local/lib/python3.12/site-packages/airflow/example_dags/example_subdag_operator.py
[2024-07-10T04:21:13.197+0000] {processor.py:830} INFO - Processing file /home/airflow/.local/lib/python3.12/site-packages/airflow/example_dags/example_subdag_operator.py for tasks to queue
[2024-07-10T04:21:13.199+0000] {logging_mixin.py:188} INFO - [2024-07-10T04:21:13.199+0000] {dagbag.py:545} INFO - Filling up the DagBag from /home/airflow/.local/lib/python3.12/site-packages/airflow/example_dags/example_subdag_operator.py
[2024-07-10T04:21:13.237+0000] {processor.py:840} INFO - DAG(s) 'example_subdag_operator.section-1', 'example_subdag_operator.section-2', 'example_subdag_operator' retrieved from /home/airflow/.local/lib/python3.12/site-packages/airflow/example_dags/example_subdag_operator.py
[2024-07-10T04:21:13.259+0000] {logging_mixin.py:188} INFO - [2024-07-10T04:21:13.259+0000] {dag.py:3096} INFO - Sync 3 DAGs
[2024-07-10T04:21:13.295+0000] {logging_mixin.py:188} INFO - [2024-07-10T04:21:13.294+0000] {dag.py:3954} INFO - Setting next_dagrun for example_subdag_operator to 2022-01-01 00:00:00+00:00, run_after=2022-01-01 00:00:00+00:00
[2024-07-10T04:21:13.302+0000] {logging_mixin.py:188} INFO - [2024-07-10T04:21:13.302+0000] {dag.py:3954} INFO - Setting next_dagrun for example_subdag_operator.section-1 to None, run_after=None
[2024-07-10T04:21:13.306+0000] {logging_mixin.py:188} INFO - [2024-07-10T04:21:13.305+0000] {dag.py:3954} INFO - Setting next_dagrun for example_subdag_operator.section-2 to None, run_after=None
[2024-07-10T04:21:13.331+0000] {logging_mixin.py:188} INFO - [2024-07-10T04:21:13.330+0000] {dag.py:3096} INFO - Sync 2 DAGs
[2024-07-10T04:21:13.340+0000] {logging_mixin.py:188} INFO - [2024-07-10T04:21:13.340+0000] {dag.py:3954} INFO - Setting next_dagrun for example_subdag_operator.section-1 to None, run_after=None
[2024-07-10T04:21:13.342+0000] {logging_mixin.py:188} INFO - [2024-07-10T04:21:13.341+0000] {dag.py:3954} INFO - Setting next_dagrun for example_subdag_operator.section-2 to None, run_after=None
[2024-07-10T04:21:13.371+0000] {processor.py:183} INFO - Processing /home/airflow/.local/lib/python3.12/site-packages/airflow/example_dags/example_subdag_operator.py took 0.182 seconds
