[2024-07-10T04:12:56.737+0000] {processor.py:161} INFO - Started process (PID=50) to work on /home/airflow/.local/lib/python3.12/site-packages/airflow/example_dags/tutorial_dag.py
[2024-07-10T04:12:56.738+0000] {processor.py:830} INFO - Processing file /home/airflow/.local/lib/python3.12/site-packages/airflow/example_dags/tutorial_dag.py for tasks to queue
[2024-07-10T04:12:56.742+0000] {logging_mixin.py:188} INFO - [2024-07-10T04:12:56.741+0000] {dagbag.py:545} INFO - Filling up the DagBag from /home/airflow/.local/lib/python3.12/site-packages/airflow/example_dags/tutorial_dag.py
[2024-07-10T04:12:56.757+0000] {processor.py:840} INFO - DAG(s) 'tutorial_dag' retrieved from /home/airflow/.local/lib/python3.12/site-packages/airflow/example_dags/tutorial_dag.py
[2024-07-10T04:12:56.798+0000] {logging_mixin.py:188} INFO - [2024-07-10T04:12:56.798+0000] {dag.py:3096} INFO - Sync 1 DAGs
[2024-07-10T04:12:56.827+0000] {logging_mixin.py:188} INFO - [2024-07-10T04:12:56.826+0000] {dag.py:3954} INFO - Setting next_dagrun for tutorial_dag to None, run_after=None
[2024-07-10T04:12:56.857+0000] {processor.py:183} INFO - Processing /home/airflow/.local/lib/python3.12/site-packages/airflow/example_dags/tutorial_dag.py took 0.132 seconds
[2024-07-10T04:13:27.233+0000] {processor.py:161} INFO - Started process (PID=110) to work on /home/airflow/.local/lib/python3.12/site-packages/airflow/example_dags/tutorial_dag.py
[2024-07-10T04:13:27.234+0000] {processor.py:830} INFO - Processing file /home/airflow/.local/lib/python3.12/site-packages/airflow/example_dags/tutorial_dag.py for tasks to queue
[2024-07-10T04:13:27.236+0000] {logging_mixin.py:188} INFO - [2024-07-10T04:13:27.236+0000] {dagbag.py:545} INFO - Filling up the DagBag from /home/airflow/.local/lib/python3.12/site-packages/airflow/example_dags/tutorial_dag.py
[2024-07-10T04:13:27.241+0000] {processor.py:840} INFO - DAG(s) 'tutorial_dag' retrieved from /home/airflow/.local/lib/python3.12/site-packages/airflow/example_dags/tutorial_dag.py
[2024-07-10T04:13:27.264+0000] {logging_mixin.py:188} INFO - [2024-07-10T04:13:27.264+0000] {dag.py:3096} INFO - Sync 1 DAGs
[2024-07-10T04:13:27.279+0000] {logging_mixin.py:188} INFO - [2024-07-10T04:13:27.279+0000] {dag.py:3954} INFO - Setting next_dagrun for tutorial_dag to None, run_after=None
[2024-07-10T04:13:27.298+0000] {processor.py:183} INFO - Processing /home/airflow/.local/lib/python3.12/site-packages/airflow/example_dags/tutorial_dag.py took 0.074 seconds
[2024-07-10T04:13:57.949+0000] {processor.py:161} INFO - Started process (PID=170) to work on /home/airflow/.local/lib/python3.12/site-packages/airflow/example_dags/tutorial_dag.py
[2024-07-10T04:13:57.950+0000] {processor.py:830} INFO - Processing file /home/airflow/.local/lib/python3.12/site-packages/airflow/example_dags/tutorial_dag.py for tasks to queue
[2024-07-10T04:13:57.951+0000] {logging_mixin.py:188} INFO - [2024-07-10T04:13:57.951+0000] {dagbag.py:545} INFO - Filling up the DagBag from /home/airflow/.local/lib/python3.12/site-packages/airflow/example_dags/tutorial_dag.py
[2024-07-10T04:13:57.963+0000] {processor.py:840} INFO - DAG(s) 'tutorial_dag' retrieved from /home/airflow/.local/lib/python3.12/site-packages/airflow/example_dags/tutorial_dag.py
[2024-07-10T04:13:57.988+0000] {logging_mixin.py:188} INFO - [2024-07-10T04:13:57.988+0000] {dag.py:3096} INFO - Sync 1 DAGs
[2024-07-10T04:13:58.001+0000] {logging_mixin.py:188} INFO - [2024-07-10T04:13:58.001+0000] {dag.py:3954} INFO - Setting next_dagrun for tutorial_dag to None, run_after=None
[2024-07-10T04:13:58.051+0000] {processor.py:183} INFO - Processing /home/airflow/.local/lib/python3.12/site-packages/airflow/example_dags/tutorial_dag.py took 0.110 seconds
[2024-07-10T04:16:00.926+0000] {processor.py:161} INFO - Started process (PID=56) to work on /home/airflow/.local/lib/python3.12/site-packages/airflow/example_dags/tutorial_dag.py
[2024-07-10T04:16:00.931+0000] {processor.py:830} INFO - Processing file /home/airflow/.local/lib/python3.12/site-packages/airflow/example_dags/tutorial_dag.py for tasks to queue
[2024-07-10T04:16:00.935+0000] {logging_mixin.py:188} INFO - [2024-07-10T04:16:00.935+0000] {dagbag.py:545} INFO - Filling up the DagBag from /home/airflow/.local/lib/python3.12/site-packages/airflow/example_dags/tutorial_dag.py
[2024-07-10T04:16:00.962+0000] {processor.py:840} INFO - DAG(s) 'tutorial_dag' retrieved from /home/airflow/.local/lib/python3.12/site-packages/airflow/example_dags/tutorial_dag.py
[2024-07-10T04:16:01.347+0000] {logging_mixin.py:188} INFO - [2024-07-10T04:16:01.346+0000] {dag.py:3096} INFO - Sync 1 DAGs
[2024-07-10T04:16:01.380+0000] {logging_mixin.py:188} INFO - [2024-07-10T04:16:01.380+0000] {dag.py:3954} INFO - Setting next_dagrun for tutorial_dag to None, run_after=None
[2024-07-10T04:16:01.451+0000] {processor.py:183} INFO - Processing /home/airflow/.local/lib/python3.12/site-packages/airflow/example_dags/tutorial_dag.py took 0.538 seconds
[2024-07-10T04:16:31.514+0000] {processor.py:161} INFO - Started process (PID=116) to work on /home/airflow/.local/lib/python3.12/site-packages/airflow/example_dags/tutorial_dag.py
[2024-07-10T04:16:31.515+0000] {processor.py:830} INFO - Processing file /home/airflow/.local/lib/python3.12/site-packages/airflow/example_dags/tutorial_dag.py for tasks to queue
[2024-07-10T04:16:31.517+0000] {logging_mixin.py:188} INFO - [2024-07-10T04:16:31.517+0000] {dagbag.py:545} INFO - Filling up the DagBag from /home/airflow/.local/lib/python3.12/site-packages/airflow/example_dags/tutorial_dag.py
[2024-07-10T04:16:31.523+0000] {processor.py:840} INFO - DAG(s) 'tutorial_dag' retrieved from /home/airflow/.local/lib/python3.12/site-packages/airflow/example_dags/tutorial_dag.py
[2024-07-10T04:16:31.547+0000] {logging_mixin.py:188} INFO - [2024-07-10T04:16:31.547+0000] {dag.py:3096} INFO - Sync 1 DAGs
[2024-07-10T04:16:31.562+0000] {logging_mixin.py:188} INFO - [2024-07-10T04:16:31.562+0000] {dag.py:3954} INFO - Setting next_dagrun for tutorial_dag to None, run_after=None
[2024-07-10T04:16:31.584+0000] {processor.py:183} INFO - Processing /home/airflow/.local/lib/python3.12/site-packages/airflow/example_dags/tutorial_dag.py took 0.077 seconds
[2024-07-10T04:17:02.237+0000] {processor.py:161} INFO - Started process (PID=177) to work on /home/airflow/.local/lib/python3.12/site-packages/airflow/example_dags/tutorial_dag.py
[2024-07-10T04:17:02.239+0000] {processor.py:830} INFO - Processing file /home/airflow/.local/lib/python3.12/site-packages/airflow/example_dags/tutorial_dag.py for tasks to queue
[2024-07-10T04:17:02.241+0000] {logging_mixin.py:188} INFO - [2024-07-10T04:17:02.241+0000] {dagbag.py:545} INFO - Filling up the DagBag from /home/airflow/.local/lib/python3.12/site-packages/airflow/example_dags/tutorial_dag.py
[2024-07-10T04:17:02.247+0000] {processor.py:840} INFO - DAG(s) 'tutorial_dag' retrieved from /home/airflow/.local/lib/python3.12/site-packages/airflow/example_dags/tutorial_dag.py
[2024-07-10T04:17:02.274+0000] {logging_mixin.py:188} INFO - [2024-07-10T04:17:02.274+0000] {dag.py:3096} INFO - Sync 1 DAGs
[2024-07-10T04:17:02.295+0000] {logging_mixin.py:188} INFO - [2024-07-10T04:17:02.295+0000] {dag.py:3954} INFO - Setting next_dagrun for tutorial_dag to None, run_after=None
[2024-07-10T04:17:02.324+0000] {processor.py:183} INFO - Processing /home/airflow/.local/lib/python3.12/site-packages/airflow/example_dags/tutorial_dag.py took 0.095 seconds
