[2024-07-10T04:12:57.508+0000] {processor.py:161} INFO - Started process (PID=56) to work on /home/airflow/.local/lib/python3.12/site-packages/airflow/example_dags/tutorial.py
[2024-07-10T04:12:57.509+0000] {processor.py:830} INFO - Processing file /home/airflow/.local/lib/python3.12/site-packages/airflow/example_dags/tutorial.py for tasks to queue
[2024-07-10T04:12:57.511+0000] {logging_mixin.py:188} INFO - [2024-07-10T04:12:57.511+0000] {dagbag.py:545} INFO - Filling up the DagBag from /home/airflow/.local/lib/python3.12/site-packages/airflow/example_dags/tutorial.py
[2024-07-10T04:12:57.520+0000] {processor.py:840} INFO - DAG(s) 'tutorial' retrieved from /home/airflow/.local/lib/python3.12/site-packages/airflow/example_dags/tutorial.py
[2024-07-10T04:12:57.547+0000] {logging_mixin.py:188} INFO - [2024-07-10T04:12:57.546+0000] {dag.py:3096} INFO - Sync 1 DAGs
[2024-07-10T04:12:57.577+0000] {logging_mixin.py:188} INFO - [2024-07-10T04:12:57.576+0000] {dag.py:3954} INFO - Setting next_dagrun for tutorial to 2024-07-09 00:00:00+00:00, run_after=2024-07-10 00:00:00+00:00
[2024-07-10T04:12:57.603+0000] {processor.py:183} INFO - Processing /home/airflow/.local/lib/python3.12/site-packages/airflow/example_dags/tutorial.py took 0.102 seconds
[2024-07-10T04:13:27.810+0000] {processor.py:161} INFO - Started process (PID=116) to work on /home/airflow/.local/lib/python3.12/site-packages/airflow/example_dags/tutorial.py
[2024-07-10T04:13:27.811+0000] {processor.py:830} INFO - Processing file /home/airflow/.local/lib/python3.12/site-packages/airflow/example_dags/tutorial.py for tasks to queue
[2024-07-10T04:13:27.813+0000] {logging_mixin.py:188} INFO - [2024-07-10T04:13:27.813+0000] {dagbag.py:545} INFO - Filling up the DagBag from /home/airflow/.local/lib/python3.12/site-packages/airflow/example_dags/tutorial.py
[2024-07-10T04:13:27.819+0000] {processor.py:840} INFO - DAG(s) 'tutorial' retrieved from /home/airflow/.local/lib/python3.12/site-packages/airflow/example_dags/tutorial.py
[2024-07-10T04:13:27.842+0000] {logging_mixin.py:188} INFO - [2024-07-10T04:13:27.841+0000] {dag.py:3096} INFO - Sync 1 DAGs
[2024-07-10T04:13:27.866+0000] {logging_mixin.py:188} INFO - [2024-07-10T04:13:27.866+0000] {dag.py:3954} INFO - Setting next_dagrun for tutorial to 2024-07-09 00:00:00+00:00, run_after=2024-07-10 00:00:00+00:00
[2024-07-10T04:13:27.887+0000] {processor.py:183} INFO - Processing /home/airflow/.local/lib/python3.12/site-packages/airflow/example_dags/tutorial.py took 0.083 seconds
[2024-07-10T04:13:58.929+0000] {processor.py:161} INFO - Started process (PID=176) to work on /home/airflow/.local/lib/python3.12/site-packages/airflow/example_dags/tutorial.py
[2024-07-10T04:13:58.930+0000] {processor.py:830} INFO - Processing file /home/airflow/.local/lib/python3.12/site-packages/airflow/example_dags/tutorial.py for tasks to queue
[2024-07-10T04:13:58.932+0000] {logging_mixin.py:188} INFO - [2024-07-10T04:13:58.931+0000] {dagbag.py:545} INFO - Filling up the DagBag from /home/airflow/.local/lib/python3.12/site-packages/airflow/example_dags/tutorial.py
[2024-07-10T04:13:58.941+0000] {processor.py:840} INFO - DAG(s) 'tutorial' retrieved from /home/airflow/.local/lib/python3.12/site-packages/airflow/example_dags/tutorial.py
[2024-07-10T04:13:58.975+0000] {logging_mixin.py:188} INFO - [2024-07-10T04:13:58.975+0000] {dag.py:3096} INFO - Sync 1 DAGs
[2024-07-10T04:13:59.020+0000] {logging_mixin.py:188} INFO - [2024-07-10T04:13:59.020+0000] {dag.py:3954} INFO - Setting next_dagrun for tutorial to 2024-07-09 00:00:00+00:00, run_after=2024-07-10 00:00:00+00:00
[2024-07-10T04:13:59.049+0000] {processor.py:183} INFO - Processing /home/airflow/.local/lib/python3.12/site-packages/airflow/example_dags/tutorial.py took 0.131 seconds
[2024-07-10T04:16:03.012+0000] {processor.py:161} INFO - Started process (PID=62) to work on /home/airflow/.local/lib/python3.12/site-packages/airflow/example_dags/tutorial.py
[2024-07-10T04:16:03.014+0000] {processor.py:830} INFO - Processing file /home/airflow/.local/lib/python3.12/site-packages/airflow/example_dags/tutorial.py for tasks to queue
[2024-07-10T04:16:03.018+0000] {logging_mixin.py:188} INFO - [2024-07-10T04:16:03.017+0000] {dagbag.py:545} INFO - Filling up the DagBag from /home/airflow/.local/lib/python3.12/site-packages/airflow/example_dags/tutorial.py
[2024-07-10T04:16:03.031+0000] {processor.py:840} INFO - DAG(s) 'tutorial' retrieved from /home/airflow/.local/lib/python3.12/site-packages/airflow/example_dags/tutorial.py
[2024-07-10T04:16:03.293+0000] {logging_mixin.py:188} INFO - [2024-07-10T04:16:03.292+0000] {dag.py:3096} INFO - Sync 1 DAGs
[2024-07-10T04:16:03.352+0000] {logging_mixin.py:188} INFO - [2024-07-10T04:16:03.352+0000] {dag.py:3954} INFO - Setting next_dagrun for tutorial to 2024-07-09 00:00:00+00:00, run_after=2024-07-10 00:00:00+00:00
[2024-07-10T04:16:03.417+0000] {processor.py:183} INFO - Processing /home/airflow/.local/lib/python3.12/site-packages/airflow/example_dags/tutorial.py took 0.418 seconds
[2024-07-10T04:16:33.939+0000] {processor.py:161} INFO - Started process (PID=122) to work on /home/airflow/.local/lib/python3.12/site-packages/airflow/example_dags/tutorial.py
[2024-07-10T04:16:33.940+0000] {processor.py:830} INFO - Processing file /home/airflow/.local/lib/python3.12/site-packages/airflow/example_dags/tutorial.py for tasks to queue
[2024-07-10T04:16:33.944+0000] {logging_mixin.py:188} INFO - [2024-07-10T04:16:33.943+0000] {dagbag.py:545} INFO - Filling up the DagBag from /home/airflow/.local/lib/python3.12/site-packages/airflow/example_dags/tutorial.py
[2024-07-10T04:16:33.952+0000] {processor.py:840} INFO - DAG(s) 'tutorial' retrieved from /home/airflow/.local/lib/python3.12/site-packages/airflow/example_dags/tutorial.py
[2024-07-10T04:16:33.977+0000] {logging_mixin.py:188} INFO - [2024-07-10T04:16:33.976+0000] {dag.py:3096} INFO - Sync 1 DAGs
[2024-07-10T04:16:34.002+0000] {logging_mixin.py:188} INFO - [2024-07-10T04:16:34.002+0000] {dag.py:3954} INFO - Setting next_dagrun for tutorial to 2024-07-09 00:00:00+00:00, run_after=2024-07-10 00:00:00+00:00
[2024-07-10T04:16:34.023+0000] {processor.py:183} INFO - Processing /home/airflow/.local/lib/python3.12/site-packages/airflow/example_dags/tutorial.py took 0.090 seconds
[2024-07-10T04:17:04.823+0000] {processor.py:161} INFO - Started process (PID=183) to work on /home/airflow/.local/lib/python3.12/site-packages/airflow/example_dags/tutorial.py
[2024-07-10T04:17:04.825+0000] {processor.py:830} INFO - Processing file /home/airflow/.local/lib/python3.12/site-packages/airflow/example_dags/tutorial.py for tasks to queue
[2024-07-10T04:17:04.828+0000] {logging_mixin.py:188} INFO - [2024-07-10T04:17:04.828+0000] {dagbag.py:545} INFO - Filling up the DagBag from /home/airflow/.local/lib/python3.12/site-packages/airflow/example_dags/tutorial.py
[2024-07-10T04:17:04.840+0000] {processor.py:840} INFO - DAG(s) 'tutorial' retrieved from /home/airflow/.local/lib/python3.12/site-packages/airflow/example_dags/tutorial.py
[2024-07-10T04:17:04.886+0000] {logging_mixin.py:188} INFO - [2024-07-10T04:17:04.886+0000] {dag.py:3096} INFO - Sync 1 DAGs
[2024-07-10T04:17:04.927+0000] {logging_mixin.py:188} INFO - [2024-07-10T04:17:04.927+0000] {dag.py:3954} INFO - Setting next_dagrun for tutorial to 2024-07-09 00:00:00+00:00, run_after=2024-07-10 00:00:00+00:00
[2024-07-10T04:17:04.954+0000] {processor.py:183} INFO - Processing /home/airflow/.local/lib/python3.12/site-packages/airflow/example_dags/tutorial.py took 0.146 seconds
[2024-07-10T04:18:41.021+0000] {processor.py:161} INFO - Started process (PID=62) to work on /home/airflow/.local/lib/python3.12/site-packages/airflow/example_dags/tutorial.py
[2024-07-10T04:18:41.022+0000] {processor.py:830} INFO - Processing file /home/airflow/.local/lib/python3.12/site-packages/airflow/example_dags/tutorial.py for tasks to queue
[2024-07-10T04:18:41.024+0000] {logging_mixin.py:188} INFO - [2024-07-10T04:18:41.024+0000] {dagbag.py:545} INFO - Filling up the DagBag from /home/airflow/.local/lib/python3.12/site-packages/airflow/example_dags/tutorial.py
[2024-07-10T04:18:41.032+0000] {processor.py:840} INFO - DAG(s) 'tutorial' retrieved from /home/airflow/.local/lib/python3.12/site-packages/airflow/example_dags/tutorial.py
[2024-07-10T04:18:41.199+0000] {logging_mixin.py:188} INFO - [2024-07-10T04:18:41.199+0000] {dag.py:3096} INFO - Sync 1 DAGs
[2024-07-10T04:18:41.226+0000] {logging_mixin.py:188} INFO - [2024-07-10T04:18:41.226+0000] {dag.py:3954} INFO - Setting next_dagrun for tutorial to 2024-07-09 00:00:00+00:00, run_after=2024-07-10 00:00:00+00:00
[2024-07-10T04:18:41.261+0000] {processor.py:183} INFO - Processing /home/airflow/.local/lib/python3.12/site-packages/airflow/example_dags/tutorial.py took 0.249 seconds
[2024-07-10T04:19:11.653+0000] {processor.py:161} INFO - Started process (PID=122) to work on /home/airflow/.local/lib/python3.12/site-packages/airflow/example_dags/tutorial.py
[2024-07-10T04:19:11.654+0000] {processor.py:830} INFO - Processing file /home/airflow/.local/lib/python3.12/site-packages/airflow/example_dags/tutorial.py for tasks to queue
[2024-07-10T04:19:11.656+0000] {logging_mixin.py:188} INFO - [2024-07-10T04:19:11.656+0000] {dagbag.py:545} INFO - Filling up the DagBag from /home/airflow/.local/lib/python3.12/site-packages/airflow/example_dags/tutorial.py
[2024-07-10T04:19:11.662+0000] {processor.py:840} INFO - DAG(s) 'tutorial' retrieved from /home/airflow/.local/lib/python3.12/site-packages/airflow/example_dags/tutorial.py
[2024-07-10T04:19:11.685+0000] {logging_mixin.py:188} INFO - [2024-07-10T04:19:11.684+0000] {dag.py:3096} INFO - Sync 1 DAGs
[2024-07-10T04:19:11.708+0000] {logging_mixin.py:188} INFO - [2024-07-10T04:19:11.708+0000] {dag.py:3954} INFO - Setting next_dagrun for tutorial to 2024-07-09 00:00:00+00:00, run_after=2024-07-10 00:00:00+00:00
[2024-07-10T04:19:11.730+0000] {processor.py:183} INFO - Processing /home/airflow/.local/lib/python3.12/site-packages/airflow/example_dags/tutorial.py took 0.083 seconds
[2024-07-10T04:19:42.137+0000] {processor.py:161} INFO - Started process (PID=182) to work on /home/airflow/.local/lib/python3.12/site-packages/airflow/example_dags/tutorial.py
[2024-07-10T04:19:42.138+0000] {processor.py:830} INFO - Processing file /home/airflow/.local/lib/python3.12/site-packages/airflow/example_dags/tutorial.py for tasks to queue
[2024-07-10T04:19:42.141+0000] {logging_mixin.py:188} INFO - [2024-07-10T04:19:42.140+0000] {dagbag.py:545} INFO - Filling up the DagBag from /home/airflow/.local/lib/python3.12/site-packages/airflow/example_dags/tutorial.py
[2024-07-10T04:19:42.148+0000] {processor.py:840} INFO - DAG(s) 'tutorial' retrieved from /home/airflow/.local/lib/python3.12/site-packages/airflow/example_dags/tutorial.py
[2024-07-10T04:19:42.171+0000] {logging_mixin.py:188} INFO - [2024-07-10T04:19:42.171+0000] {dag.py:3096} INFO - Sync 1 DAGs
[2024-07-10T04:19:42.202+0000] {logging_mixin.py:188} INFO - [2024-07-10T04:19:42.202+0000] {dag.py:3954} INFO - Setting next_dagrun for tutorial to 2024-07-09 00:00:00+00:00, run_after=2024-07-10 00:00:00+00:00
[2024-07-10T04:19:42.228+0000] {processor.py:183} INFO - Processing /home/airflow/.local/lib/python3.12/site-packages/airflow/example_dags/tutorial.py took 0.099 seconds
[2024-07-10T04:20:12.528+0000] {processor.py:161} INFO - Started process (PID=242) to work on /home/airflow/.local/lib/python3.12/site-packages/airflow/example_dags/tutorial.py
[2024-07-10T04:20:12.530+0000] {processor.py:830} INFO - Processing file /home/airflow/.local/lib/python3.12/site-packages/airflow/example_dags/tutorial.py for tasks to queue
[2024-07-10T04:20:12.534+0000] {logging_mixin.py:188} INFO - [2024-07-10T04:20:12.533+0000] {dagbag.py:545} INFO - Filling up the DagBag from /home/airflow/.local/lib/python3.12/site-packages/airflow/example_dags/tutorial.py
[2024-07-10T04:20:12.545+0000] {processor.py:840} INFO - DAG(s) 'tutorial' retrieved from /home/airflow/.local/lib/python3.12/site-packages/airflow/example_dags/tutorial.py
[2024-07-10T04:20:12.575+0000] {logging_mixin.py:188} INFO - [2024-07-10T04:20:12.574+0000] {dag.py:3096} INFO - Sync 1 DAGs
[2024-07-10T04:20:12.609+0000] {logging_mixin.py:188} INFO - [2024-07-10T04:20:12.608+0000] {dag.py:3954} INFO - Setting next_dagrun for tutorial to 2024-07-09 00:00:00+00:00, run_after=2024-07-10 00:00:00+00:00
[2024-07-10T04:20:12.658+0000] {processor.py:183} INFO - Processing /home/airflow/.local/lib/python3.12/site-packages/airflow/example_dags/tutorial.py took 0.138 seconds
[2024-07-10T04:20:44.079+0000] {processor.py:161} INFO - Started process (PID=303) to work on /home/airflow/.local/lib/python3.12/site-packages/airflow/example_dags/tutorial.py
[2024-07-10T04:20:44.081+0000] {processor.py:830} INFO - Processing file /home/airflow/.local/lib/python3.12/site-packages/airflow/example_dags/tutorial.py for tasks to queue
[2024-07-10T04:20:44.086+0000] {logging_mixin.py:188} INFO - [2024-07-10T04:20:44.085+0000] {dagbag.py:545} INFO - Filling up the DagBag from /home/airflow/.local/lib/python3.12/site-packages/airflow/example_dags/tutorial.py
[2024-07-10T04:20:44.101+0000] {processor.py:840} INFO - DAG(s) 'tutorial' retrieved from /home/airflow/.local/lib/python3.12/site-packages/airflow/example_dags/tutorial.py
[2024-07-10T04:20:44.140+0000] {logging_mixin.py:188} INFO - [2024-07-10T04:20:44.139+0000] {dag.py:3096} INFO - Sync 1 DAGs
[2024-07-10T04:20:44.197+0000] {logging_mixin.py:188} INFO - [2024-07-10T04:20:44.197+0000] {dag.py:3954} INFO - Setting next_dagrun for tutorial to 2024-07-09 00:00:00+00:00, run_after=2024-07-10 00:00:00+00:00
[2024-07-10T04:20:44.255+0000] {processor.py:183} INFO - Processing /home/airflow/.local/lib/python3.12/site-packages/airflow/example_dags/tutorial.py took 0.189 seconds
[2024-07-10T04:21:14.805+0000] {processor.py:161} INFO - Started process (PID=363) to work on /home/airflow/.local/lib/python3.12/site-packages/airflow/example_dags/tutorial.py
[2024-07-10T04:21:14.807+0000] {processor.py:830} INFO - Processing file /home/airflow/.local/lib/python3.12/site-packages/airflow/example_dags/tutorial.py for tasks to queue
[2024-07-10T04:21:14.810+0000] {logging_mixin.py:188} INFO - [2024-07-10T04:21:14.809+0000] {dagbag.py:545} INFO - Filling up the DagBag from /home/airflow/.local/lib/python3.12/site-packages/airflow/example_dags/tutorial.py
[2024-07-10T04:21:14.818+0000] {processor.py:840} INFO - DAG(s) 'tutorial' retrieved from /home/airflow/.local/lib/python3.12/site-packages/airflow/example_dags/tutorial.py
[2024-07-10T04:21:14.843+0000] {logging_mixin.py:188} INFO - [2024-07-10T04:21:14.843+0000] {dag.py:3096} INFO - Sync 1 DAGs
[2024-07-10T04:21:14.870+0000] {logging_mixin.py:188} INFO - [2024-07-10T04:21:14.870+0000] {dag.py:3954} INFO - Setting next_dagrun for tutorial to 2024-07-09 00:00:00+00:00, run_after=2024-07-10 00:00:00+00:00
[2024-07-10T04:21:14.895+0000] {processor.py:183} INFO - Processing /home/airflow/.local/lib/python3.12/site-packages/airflow/example_dags/tutorial.py took 0.097 seconds
