[2024-07-07T13:57:42.891+0000] {local_task_job_runner.py:120} INFO - ::group::Pre task execution logs
[2024-07-07T13:57:42.924+0000] {taskinstance.py:2076} INFO - Dependencies all met for dep_context=non-requeueable deps ti=<TaskInstance: Final.craw_data scheduled__2024-07-07T13:53:11.984499+00:00 [queued]>
[2024-07-07T13:57:42.934+0000] {taskinstance.py:2076} INFO - Dependencies all met for dep_context=requeueable deps ti=<TaskInstance: Final.craw_data scheduled__2024-07-07T13:53:11.984499+00:00 [queued]>
[2024-07-07T13:57:42.936+0000] {taskinstance.py:2306} INFO - Starting attempt 1 of 2
[2024-07-07T13:57:42.953+0000] {taskinstance.py:2330} INFO - Executing <Task(PythonOperator): craw_data> on 2024-07-07 13:53:11.984499+00:00
[2024-07-07T13:57:42.961+0000] {warnings.py:110} WARNING - /home/***/.local/lib/python3.12/site-packages/***/task/task_runner/standard_task_runner.py:61: DeprecationWarning: This process (pid=66) is multi-threaded, use of fork() may lead to deadlocks in the child.
  pid = os.fork()

[2024-07-07T13:57:42.963+0000] {standard_task_runner.py:63} INFO - Started process 69 to run task
[2024-07-07T13:57:42.963+0000] {standard_task_runner.py:90} INFO - Running: ['***', 'tasks', 'run', 'Final', 'craw_data', 'scheduled__2024-07-07T13:53:11.984499+00:00', '--job-id', '7', '--raw', '--subdir', 'DAGS_FOLDER/dag_test.py', '--cfg-path', '/tmp/tmpq8nxdu0a']
[2024-07-07T13:57:42.964+0000] {standard_task_runner.py:91} INFO - Job 7: Subtask craw_data
[2024-07-07T13:57:43.037+0000] {task_command.py:426} INFO - Running <TaskInstance: Final.craw_data scheduled__2024-07-07T13:53:11.984499+00:00 [running]> on host c5037ef86ecc
[2024-07-07T13:57:43.142+0000] {taskinstance.py:2648} INFO - Exporting env vars: AIRFLOW_CTX_DAG_EMAIL='ha20040204@gmail.com' AIRFLOW_CTX_DAG_OWNER='HA' AIRFLOW_CTX_DAG_ID='Final' AIRFLOW_CTX_TASK_ID='craw_data' AIRFLOW_CTX_EXECUTION_DATE='2024-07-07T13:53:11.984499+00:00' AIRFLOW_CTX_TRY_NUMBER='1' AIRFLOW_CTX_DAG_RUN_ID='scheduled__2024-07-07T13:53:11.984499+00:00'
[2024-07-07T13:57:43.145+0000] {taskinstance.py:430} INFO - ::endgroup::
[2024-07-07T13:57:46.005+0000] {logging_mixin.py:188} WARNING - [*********************100%%**********************]  1 of 1 completed
[2024-07-07T13:57:46.875+0000] {logging_mixin.py:188} WARNING - [*********************100%%**********************]  1 of 1 completed
[2024-07-07T13:57:47.568+0000] {logging_mixin.py:188} WARNING - [*********************100%%**********************]  1 of 1 completed
[2024-07-07T13:57:48.180+0000] {logging_mixin.py:188} WARNING - [*********************100%%**********************]  1 of 1 completed
[2024-07-07T13:57:48.723+0000] {logging_mixin.py:188} WARNING - [*********************100%%**********************]  1 of 1 completed
[2024-07-07T13:57:49.737+0000] {logging_mixin.py:188} WARNING - [*********************100%%**********************]  1 of 1 completed
[2024-07-07T13:57:50.659+0000] {logging_mixin.py:188} WARNING - [*********************100%%**********************]  1 of 1 completed
[2024-07-07T13:57:51.733+0000] {logging_mixin.py:188} WARNING - [*********************100%%**********************]  1 of 1 completed
[2024-07-07T13:57:53.060+0000] {logging_mixin.py:188} WARNING - [*********************100%%**********************]  1 of 1 completed
[2024-07-07T13:57:53.705+0000] {logging_mixin.py:188} WARNING - [*********************100%%**********************]  1 of 1 completed
[2024-07-07T13:57:54.098+0000] {logging_mixin.py:188} WARNING - [*********************100%%**********************]  1 of 1 completed
[2024-07-07T13:57:54.563+0000] {logging_mixin.py:188} WARNING - [*********************100%%**********************]  1 of 1 completed
[2024-07-07T13:57:55.024+0000] {logging_mixin.py:188} WARNING - [*********************100%%**********************]  1 of 1 completed
[2024-07-07T13:58:04.572+0000] {logging_mixin.py:188} WARNING - [*********************100%%**********************]  1 of 1 completed
[2024-07-07T13:58:04.573+0000] {multi.py:171} ERROR - 
1 Failed download:
[2024-07-07T13:58:04.574+0000] {multi.py:184} ERROR - ['BVH']: YFTzMissingError('$%ticker%: possibly delisted; No timezone found')
[2024-07-07T13:58:05.106+0000] {logging_mixin.py:188} WARNING - [*********************100%%**********************]  1 of 1 completed
[2024-07-07T13:58:05.122+0000] {logging_mixin.py:188} INFO - Successfully.
[2024-07-07T13:58:05.123+0000] {python.py:237} INFO - Done. Returned value was: True
[2024-07-07T13:58:05.124+0000] {taskinstance.py:441} INFO - ::group::Post task execution logs
[2024-07-07T13:58:05.152+0000] {taskinstance.py:1206} INFO - Marking task as SUCCESS. dag_id=Final, task_id=craw_data, run_id=scheduled__2024-07-07T13:53:11.984499+00:00, execution_date=20240707T135311, start_date=20240707T135742, end_date=20240707T135805
[2024-07-07T13:58:05.205+0000] {local_task_job_runner.py:240} INFO - Task exited with return code 0
[2024-07-07T13:58:05.236+0000] {taskinstance.py:3498} INFO - 1 downstream tasks scheduled from follow-on schedule check
[2024-07-07T13:58:05.239+0000] {local_task_job_runner.py:222} INFO - ::endgroup::
