[2024-07-07T13:03:02.047+0000] {local_task_job_runner.py:120} INFO - ::group::Pre task execution logs
[2024-07-07T13:03:02.104+0000] {taskinstance.py:2076} INFO - Dependencies all met for dep_context=non-requeueable deps ti=<TaskInstance: Final.craw_data manual__2024-07-07T13:02:53.582573+00:00 [queued]>
[2024-07-07T13:03:02.127+0000] {taskinstance.py:2076} INFO - Dependencies all met for dep_context=requeueable deps ti=<TaskInstance: Final.craw_data manual__2024-07-07T13:02:53.582573+00:00 [queued]>
[2024-07-07T13:03:02.132+0000] {taskinstance.py:2306} INFO - Starting attempt 1 of 2
[2024-07-07T13:03:02.175+0000] {taskinstance.py:2330} INFO - Executing <Task(PythonOperator): craw_data> on 2024-07-07 13:02:53.582573+00:00
[2024-07-07T13:03:02.201+0000] {warnings.py:110} WARNING - /home/***/.local/lib/python3.12/site-packages/***/task/task_runner/standard_task_runner.py:61: DeprecationWarning: This process (pid=211) is multi-threaded, use of fork() may lead to deadlocks in the child.
  pid = os.fork()

[2024-07-07T13:03:02.217+0000] {standard_task_runner.py:63} INFO - Started process 222 to run task
[2024-07-07T13:03:02.220+0000] {standard_task_runner.py:90} INFO - Running: ['***', 'tasks', 'run', 'Final', 'craw_data', 'manual__2024-07-07T13:02:53.582573+00:00', '--job-id', '146', '--raw', '--subdir', 'DAGS_FOLDER/dag_test.py', '--cfg-path', '/tmp/tmpchdzl6kr']
[2024-07-07T13:03:02.222+0000] {standard_task_runner.py:91} INFO - Job 146: Subtask craw_data
[2024-07-07T13:03:02.323+0000] {task_command.py:426} INFO - Running <TaskInstance: Final.craw_data manual__2024-07-07T13:02:53.582573+00:00 [running]> on host 98a488506102
[2024-07-07T13:03:02.519+0000] {taskinstance.py:2648} INFO - Exporting env vars: AIRFLOW_CTX_DAG_EMAIL='ha20040204@gmail.com' AIRFLOW_CTX_DAG_OWNER='HA' AIRFLOW_CTX_DAG_ID='Final' AIRFLOW_CTX_TASK_ID='craw_data' AIRFLOW_CTX_EXECUTION_DATE='2024-07-07T13:02:53.582573+00:00' AIRFLOW_CTX_TRY_NUMBER='1' AIRFLOW_CTX_DAG_RUN_ID='manual__2024-07-07T13:02:53.582573+00:00'
[2024-07-07T13:03:02.522+0000] {taskinstance.py:430} INFO - ::endgroup::
[2024-07-07T13:03:06.465+0000] {logging_mixin.py:188} WARNING - [*********************100%%**********************]  1 of 1 completed
[2024-07-07T13:03:07.641+0000] {logging_mixin.py:188} WARNING - [*********************100%%**********************]  1 of 1 completed
[2024-07-07T13:03:08.594+0000] {logging_mixin.py:188} WARNING - [*********************100%%**********************]  1 of 1 completed
[2024-07-07T13:03:09.667+0000] {logging_mixin.py:188} WARNING - [*********************100%%**********************]  1 of 1 completed
[2024-07-07T13:03:10.556+0000] {logging_mixin.py:188} WARNING - [*********************100%%**********************]  1 of 1 completed
[2024-07-07T13:03:12.528+0000] {logging_mixin.py:188} WARNING - [*********************100%%**********************]  1 of 1 completed
[2024-07-07T13:03:14.086+0000] {logging_mixin.py:188} WARNING - [*********************100%%**********************]  1 of 1 completed
[2024-07-07T13:03:15.886+0000] {logging_mixin.py:188} WARNING - [*********************100%%**********************]  1 of 1 completed
[2024-07-07T13:03:17.566+0000] {logging_mixin.py:188} WARNING - [*********************100%%**********************]  1 of 1 completed
[2024-07-07T13:03:18.175+0000] {logging_mixin.py:188} WARNING - [*********************100%%**********************]  1 of 1 completed
[2024-07-07T13:03:18.593+0000] {logging_mixin.py:188} WARNING - [*********************100%%**********************]  1 of 1 completed
[2024-07-07T13:03:19.053+0000] {logging_mixin.py:188} WARNING - [*********************100%%**********************]  1 of 1 completed
[2024-07-07T13:03:19.480+0000] {logging_mixin.py:188} WARNING - [*********************100%%**********************]  1 of 1 completed
[2024-07-07T13:03:35.228+0000] {logging_mixin.py:188} WARNING - [*********************100%%**********************]  1 of 1 completed
[2024-07-07T13:03:35.229+0000] {multi.py:171} ERROR - 
1 Failed download:
[2024-07-07T13:03:35.230+0000] {multi.py:184} ERROR - ['BVH']: YFTzMissingError('$%ticker%: possibly delisted; No timezone found')
[2024-07-07T13:03:35.904+0000] {logging_mixin.py:188} WARNING - [*********************100%%**********************]  1 of 1 completed
[2024-07-07T13:03:35.917+0000] {logging_mixin.py:188} INFO - Successfully.
[2024-07-07T13:03:35.936+0000] {python.py:237} INFO - Done. Returned value was: True
[2024-07-07T13:03:35.937+0000] {taskinstance.py:441} INFO - ::group::Post task execution logs
[2024-07-07T13:03:35.961+0000] {taskinstance.py:1206} INFO - Marking task as SUCCESS. dag_id=Final, task_id=craw_data, run_id=manual__2024-07-07T13:02:53.582573+00:00, execution_date=20240707T130253, start_date=20240707T130302, end_date=20240707T130335
[2024-07-07T13:03:36.016+0000] {local_task_job_runner.py:240} INFO - Task exited with return code 0
[2024-07-07T13:03:36.040+0000] {taskinstance.py:3498} INFO - 1 downstream tasks scheduled from follow-on schedule check
[2024-07-07T13:03:36.043+0000] {local_task_job_runner.py:222} INFO - ::endgroup::
