[2024-07-09T01:48:48.257+0000] {processor.py:161} INFO - Started process (PID=59) to work on /home/airflow/.local/lib/python3.12/site-packages/airflow/example_dags/example_python_decorator.py
[2024-07-09T01:48:48.258+0000] {processor.py:830} INFO - Processing file /home/airflow/.local/lib/python3.12/site-packages/airflow/example_dags/example_python_decorator.py for tasks to queue
[2024-07-09T01:48:48.261+0000] {logging_mixin.py:188} INFO - [2024-07-09T01:48:48.260+0000] {dagbag.py:545} INFO - Filling up the DagBag from /home/airflow/.local/lib/python3.12/site-packages/airflow/example_dags/example_python_decorator.py
[2024-07-09T01:48:48.287+0000] {processor.py:840} INFO - DAG(s) 'example_python_decorator' retrieved from /home/airflow/.local/lib/python3.12/site-packages/airflow/example_dags/example_python_decorator.py
[2024-07-09T01:48:48.480+0000] {logging_mixin.py:188} INFO - [2024-07-09T01:48:48.479+0000] {override.py:1829} INFO - Created Permission View: can edit on DAG:example_python_decorator
[2024-07-09T01:48:48.495+0000] {logging_mixin.py:188} INFO - [2024-07-09T01:48:48.495+0000] {override.py:1829} INFO - Created Permission View: can read on DAG:example_python_decorator
[2024-07-09T01:48:48.507+0000] {logging_mixin.py:188} INFO - [2024-07-09T01:48:48.507+0000] {override.py:1829} INFO - Created Permission View: can delete on DAG:example_python_decorator
[2024-07-09T01:48:48.508+0000] {logging_mixin.py:188} INFO - [2024-07-09T01:48:48.508+0000] {dag.py:3096} INFO - Sync 1 DAGs
[2024-07-09T01:48:48.527+0000] {logging_mixin.py:188} INFO - [2024-07-09T01:48:48.526+0000] {dag.py:3118} INFO - Creating ORM DAG for example_python_decorator
[2024-07-09T01:48:48.528+0000] {logging_mixin.py:188} INFO - [2024-07-09T01:48:48.528+0000] {dag.py:3954} INFO - Setting next_dagrun for example_python_decorator to None, run_after=None
[2024-07-09T01:48:48.556+0000] {processor.py:183} INFO - Processing /home/airflow/.local/lib/python3.12/site-packages/airflow/example_dags/example_python_decorator.py took 0.308 seconds
[2024-07-09T01:49:18.648+0000] {processor.py:161} INFO - Started process (PID=118) to work on /home/airflow/.local/lib/python3.12/site-packages/airflow/example_dags/example_python_decorator.py
[2024-07-09T01:49:18.650+0000] {processor.py:830} INFO - Processing file /home/airflow/.local/lib/python3.12/site-packages/airflow/example_dags/example_python_decorator.py for tasks to queue
[2024-07-09T01:49:18.654+0000] {logging_mixin.py:188} INFO - [2024-07-09T01:49:18.653+0000] {dagbag.py:545} INFO - Filling up the DagBag from /home/airflow/.local/lib/python3.12/site-packages/airflow/example_dags/example_python_decorator.py
[2024-07-09T01:49:18.673+0000] {processor.py:840} INFO - DAG(s) 'example_python_decorator' retrieved from /home/airflow/.local/lib/python3.12/site-packages/airflow/example_dags/example_python_decorator.py
[2024-07-09T01:49:18.706+0000] {logging_mixin.py:188} INFO - [2024-07-09T01:49:18.706+0000] {dag.py:3096} INFO - Sync 1 DAGs
[2024-07-09T01:49:18.727+0000] {logging_mixin.py:188} INFO - [2024-07-09T01:49:18.726+0000] {dag.py:3954} INFO - Setting next_dagrun for example_python_decorator to None, run_after=None
[2024-07-09T01:49:18.756+0000] {processor.py:183} INFO - Processing /home/airflow/.local/lib/python3.12/site-packages/airflow/example_dags/example_python_decorator.py took 0.116 seconds
[2024-07-09T01:49:48.919+0000] {processor.py:161} INFO - Started process (PID=178) to work on /home/airflow/.local/lib/python3.12/site-packages/airflow/example_dags/example_python_decorator.py
[2024-07-09T01:49:48.921+0000] {processor.py:830} INFO - Processing file /home/airflow/.local/lib/python3.12/site-packages/airflow/example_dags/example_python_decorator.py for tasks to queue
[2024-07-09T01:49:48.925+0000] {logging_mixin.py:188} INFO - [2024-07-09T01:49:48.924+0000] {dagbag.py:545} INFO - Filling up the DagBag from /home/airflow/.local/lib/python3.12/site-packages/airflow/example_dags/example_python_decorator.py
[2024-07-09T01:49:48.950+0000] {processor.py:840} INFO - DAG(s) 'example_python_decorator' retrieved from /home/airflow/.local/lib/python3.12/site-packages/airflow/example_dags/example_python_decorator.py
[2024-07-09T01:49:49.004+0000] {logging_mixin.py:188} INFO - [2024-07-09T01:49:49.003+0000] {dag.py:3096} INFO - Sync 1 DAGs
[2024-07-09T01:49:49.030+0000] {logging_mixin.py:188} INFO - [2024-07-09T01:49:49.030+0000] {dag.py:3954} INFO - Setting next_dagrun for example_python_decorator to None, run_after=None
[2024-07-09T01:49:49.061+0000] {processor.py:183} INFO - Processing /home/airflow/.local/lib/python3.12/site-packages/airflow/example_dags/example_python_decorator.py took 0.151 seconds
[2024-07-09T01:50:19.990+0000] {processor.py:161} INFO - Started process (PID=238) to work on /home/airflow/.local/lib/python3.12/site-packages/airflow/example_dags/example_python_decorator.py
[2024-07-09T01:50:19.991+0000] {processor.py:830} INFO - Processing file /home/airflow/.local/lib/python3.12/site-packages/airflow/example_dags/example_python_decorator.py for tasks to queue
[2024-07-09T01:50:19.994+0000] {logging_mixin.py:188} INFO - [2024-07-09T01:50:19.993+0000] {dagbag.py:545} INFO - Filling up the DagBag from /home/airflow/.local/lib/python3.12/site-packages/airflow/example_dags/example_python_decorator.py
[2024-07-09T01:50:20.014+0000] {processor.py:840} INFO - DAG(s) 'example_python_decorator' retrieved from /home/airflow/.local/lib/python3.12/site-packages/airflow/example_dags/example_python_decorator.py
[2024-07-09T01:50:20.050+0000] {logging_mixin.py:188} INFO - [2024-07-09T01:50:20.049+0000] {dag.py:3096} INFO - Sync 1 DAGs
[2024-07-09T01:50:20.070+0000] {logging_mixin.py:188} INFO - [2024-07-09T01:50:20.070+0000] {dag.py:3954} INFO - Setting next_dagrun for example_python_decorator to None, run_after=None
[2024-07-09T01:50:20.098+0000] {processor.py:183} INFO - Processing /home/airflow/.local/lib/python3.12/site-packages/airflow/example_dags/example_python_decorator.py took 0.118 seconds
[2024-07-09T01:50:50.952+0000] {processor.py:161} INFO - Started process (PID=298) to work on /home/airflow/.local/lib/python3.12/site-packages/airflow/example_dags/example_python_decorator.py
[2024-07-09T01:50:50.954+0000] {processor.py:830} INFO - Processing file /home/airflow/.local/lib/python3.12/site-packages/airflow/example_dags/example_python_decorator.py for tasks to queue
[2024-07-09T01:50:50.959+0000] {logging_mixin.py:188} INFO - [2024-07-09T01:50:50.958+0000] {dagbag.py:545} INFO - Filling up the DagBag from /home/airflow/.local/lib/python3.12/site-packages/airflow/example_dags/example_python_decorator.py
[2024-07-09T01:50:50.982+0000] {processor.py:840} INFO - DAG(s) 'example_python_decorator' retrieved from /home/airflow/.local/lib/python3.12/site-packages/airflow/example_dags/example_python_decorator.py
[2024-07-09T01:50:51.027+0000] {logging_mixin.py:188} INFO - [2024-07-09T01:50:51.026+0000] {dag.py:3096} INFO - Sync 1 DAGs
[2024-07-09T01:50:51.056+0000] {logging_mixin.py:188} INFO - [2024-07-09T01:50:51.056+0000] {dag.py:3954} INFO - Setting next_dagrun for example_python_decorator to None, run_after=None
[2024-07-09T01:50:51.109+0000] {processor.py:183} INFO - Processing /home/airflow/.local/lib/python3.12/site-packages/airflow/example_dags/example_python_decorator.py took 0.167 seconds
[2024-07-09T01:51:22.016+0000] {processor.py:161} INFO - Started process (PID=358) to work on /home/airflow/.local/lib/python3.12/site-packages/airflow/example_dags/example_python_decorator.py
[2024-07-09T01:51:22.017+0000] {processor.py:830} INFO - Processing file /home/airflow/.local/lib/python3.12/site-packages/airflow/example_dags/example_python_decorator.py for tasks to queue
[2024-07-09T01:51:22.020+0000] {logging_mixin.py:188} INFO - [2024-07-09T01:51:22.019+0000] {dagbag.py:545} INFO - Filling up the DagBag from /home/airflow/.local/lib/python3.12/site-packages/airflow/example_dags/example_python_decorator.py
[2024-07-09T01:51:22.042+0000] {processor.py:840} INFO - DAG(s) 'example_python_decorator' retrieved from /home/airflow/.local/lib/python3.12/site-packages/airflow/example_dags/example_python_decorator.py
[2024-07-09T01:51:22.077+0000] {logging_mixin.py:188} INFO - [2024-07-09T01:51:22.077+0000] {dag.py:3096} INFO - Sync 1 DAGs
[2024-07-09T01:51:22.098+0000] {logging_mixin.py:188} INFO - [2024-07-09T01:51:22.097+0000] {dag.py:3954} INFO - Setting next_dagrun for example_python_decorator to None, run_after=None
[2024-07-09T01:51:22.128+0000] {processor.py:183} INFO - Processing /home/airflow/.local/lib/python3.12/site-packages/airflow/example_dags/example_python_decorator.py took 0.122 seconds
[2024-07-09T01:51:52.336+0000] {processor.py:161} INFO - Started process (PID=416) to work on /home/airflow/.local/lib/python3.12/site-packages/airflow/example_dags/example_python_decorator.py
[2024-07-09T01:51:52.338+0000] {processor.py:830} INFO - Processing file /home/airflow/.local/lib/python3.12/site-packages/airflow/example_dags/example_python_decorator.py for tasks to queue
[2024-07-09T01:51:52.341+0000] {logging_mixin.py:188} INFO - [2024-07-09T01:51:52.341+0000] {dagbag.py:545} INFO - Filling up the DagBag from /home/airflow/.local/lib/python3.12/site-packages/airflow/example_dags/example_python_decorator.py
[2024-07-09T01:51:52.363+0000] {processor.py:840} INFO - DAG(s) 'example_python_decorator' retrieved from /home/airflow/.local/lib/python3.12/site-packages/airflow/example_dags/example_python_decorator.py
[2024-07-09T01:51:52.399+0000] {logging_mixin.py:188} INFO - [2024-07-09T01:51:52.398+0000] {dag.py:3096} INFO - Sync 1 DAGs
[2024-07-09T01:51:52.419+0000] {logging_mixin.py:188} INFO - [2024-07-09T01:51:52.419+0000] {dag.py:3954} INFO - Setting next_dagrun for example_python_decorator to None, run_after=None
[2024-07-09T01:51:52.450+0000] {processor.py:183} INFO - Processing /home/airflow/.local/lib/python3.12/site-packages/airflow/example_dags/example_python_decorator.py took 0.124 seconds
[2024-07-09T01:52:23.048+0000] {processor.py:161} INFO - Started process (PID=476) to work on /home/airflow/.local/lib/python3.12/site-packages/airflow/example_dags/example_python_decorator.py
[2024-07-09T01:52:23.049+0000] {processor.py:830} INFO - Processing file /home/airflow/.local/lib/python3.12/site-packages/airflow/example_dags/example_python_decorator.py for tasks to queue
[2024-07-09T01:52:23.052+0000] {logging_mixin.py:188} INFO - [2024-07-09T01:52:23.052+0000] {dagbag.py:545} INFO - Filling up the DagBag from /home/airflow/.local/lib/python3.12/site-packages/airflow/example_dags/example_python_decorator.py
[2024-07-09T01:52:23.066+0000] {processor.py:840} INFO - DAG(s) 'example_python_decorator' retrieved from /home/airflow/.local/lib/python3.12/site-packages/airflow/example_dags/example_python_decorator.py
[2024-07-09T01:52:23.092+0000] {logging_mixin.py:188} INFO - [2024-07-09T01:52:23.092+0000] {dag.py:3096} INFO - Sync 1 DAGs
[2024-07-09T01:52:23.108+0000] {logging_mixin.py:188} INFO - [2024-07-09T01:52:23.107+0000] {dag.py:3954} INFO - Setting next_dagrun for example_python_decorator to None, run_after=None
[2024-07-09T01:52:23.137+0000] {processor.py:183} INFO - Processing /home/airflow/.local/lib/python3.12/site-packages/airflow/example_dags/example_python_decorator.py took 0.096 seconds
[2024-07-09T01:52:53.739+0000] {processor.py:161} INFO - Started process (PID=536) to work on /home/airflow/.local/lib/python3.12/site-packages/airflow/example_dags/example_python_decorator.py
[2024-07-09T01:52:53.740+0000] {processor.py:830} INFO - Processing file /home/airflow/.local/lib/python3.12/site-packages/airflow/example_dags/example_python_decorator.py for tasks to queue
[2024-07-09T01:52:53.744+0000] {logging_mixin.py:188} INFO - [2024-07-09T01:52:53.743+0000] {dagbag.py:545} INFO - Filling up the DagBag from /home/airflow/.local/lib/python3.12/site-packages/airflow/example_dags/example_python_decorator.py
[2024-07-09T01:52:53.763+0000] {processor.py:840} INFO - DAG(s) 'example_python_decorator' retrieved from /home/airflow/.local/lib/python3.12/site-packages/airflow/example_dags/example_python_decorator.py
[2024-07-09T01:52:53.794+0000] {logging_mixin.py:188} INFO - [2024-07-09T01:52:53.793+0000] {dag.py:3096} INFO - Sync 1 DAGs
[2024-07-09T01:52:53.809+0000] {logging_mixin.py:188} INFO - [2024-07-09T01:52:53.808+0000] {dag.py:3954} INFO - Setting next_dagrun for example_python_decorator to None, run_after=None
[2024-07-09T01:52:53.834+0000] {processor.py:183} INFO - Processing /home/airflow/.local/lib/python3.12/site-packages/airflow/example_dags/example_python_decorator.py took 0.102 seconds
[2024-07-09T01:53:24.140+0000] {processor.py:161} INFO - Started process (PID=596) to work on /home/airflow/.local/lib/python3.12/site-packages/airflow/example_dags/example_python_decorator.py
[2024-07-09T01:53:24.141+0000] {processor.py:830} INFO - Processing file /home/airflow/.local/lib/python3.12/site-packages/airflow/example_dags/example_python_decorator.py for tasks to queue
[2024-07-09T01:53:24.143+0000] {logging_mixin.py:188} INFO - [2024-07-09T01:53:24.142+0000] {dagbag.py:545} INFO - Filling up the DagBag from /home/airflow/.local/lib/python3.12/site-packages/airflow/example_dags/example_python_decorator.py
[2024-07-09T01:53:24.159+0000] {processor.py:840} INFO - DAG(s) 'example_python_decorator' retrieved from /home/airflow/.local/lib/python3.12/site-packages/airflow/example_dags/example_python_decorator.py
[2024-07-09T01:53:24.185+0000] {logging_mixin.py:188} INFO - [2024-07-09T01:53:24.184+0000] {dag.py:3096} INFO - Sync 1 DAGs
[2024-07-09T01:53:24.199+0000] {logging_mixin.py:188} INFO - [2024-07-09T01:53:24.199+0000] {dag.py:3954} INFO - Setting next_dagrun for example_python_decorator to None, run_after=None
[2024-07-09T01:53:24.223+0000] {processor.py:183} INFO - Processing /home/airflow/.local/lib/python3.12/site-packages/airflow/example_dags/example_python_decorator.py took 0.091 seconds
[2024-07-09T01:53:54.431+0000] {processor.py:161} INFO - Started process (PID=655) to work on /home/airflow/.local/lib/python3.12/site-packages/airflow/example_dags/example_python_decorator.py
[2024-07-09T01:53:54.432+0000] {processor.py:830} INFO - Processing file /home/airflow/.local/lib/python3.12/site-packages/airflow/example_dags/example_python_decorator.py for tasks to queue
[2024-07-09T01:53:54.434+0000] {logging_mixin.py:188} INFO - [2024-07-09T01:53:54.434+0000] {dagbag.py:545} INFO - Filling up the DagBag from /home/airflow/.local/lib/python3.12/site-packages/airflow/example_dags/example_python_decorator.py
[2024-07-09T01:53:54.449+0000] {processor.py:840} INFO - DAG(s) 'example_python_decorator' retrieved from /home/airflow/.local/lib/python3.12/site-packages/airflow/example_dags/example_python_decorator.py
[2024-07-09T01:53:54.476+0000] {logging_mixin.py:188} INFO - [2024-07-09T01:53:54.475+0000] {dag.py:3096} INFO - Sync 1 DAGs
[2024-07-09T01:53:54.492+0000] {logging_mixin.py:188} INFO - [2024-07-09T01:53:54.492+0000] {dag.py:3954} INFO - Setting next_dagrun for example_python_decorator to None, run_after=None
[2024-07-09T01:53:54.515+0000] {processor.py:183} INFO - Processing /home/airflow/.local/lib/python3.12/site-packages/airflow/example_dags/example_python_decorator.py took 0.091 seconds
[2024-07-09T01:54:25.088+0000] {processor.py:161} INFO - Started process (PID=715) to work on /home/airflow/.local/lib/python3.12/site-packages/airflow/example_dags/example_python_decorator.py
[2024-07-09T01:54:25.089+0000] {processor.py:830} INFO - Processing file /home/airflow/.local/lib/python3.12/site-packages/airflow/example_dags/example_python_decorator.py for tasks to queue
[2024-07-09T01:54:25.091+0000] {logging_mixin.py:188} INFO - [2024-07-09T01:54:25.091+0000] {dagbag.py:545} INFO - Filling up the DagBag from /home/airflow/.local/lib/python3.12/site-packages/airflow/example_dags/example_python_decorator.py
[2024-07-09T01:54:25.107+0000] {processor.py:840} INFO - DAG(s) 'example_python_decorator' retrieved from /home/airflow/.local/lib/python3.12/site-packages/airflow/example_dags/example_python_decorator.py
[2024-07-09T01:54:25.135+0000] {logging_mixin.py:188} INFO - [2024-07-09T01:54:25.135+0000] {dag.py:3096} INFO - Sync 1 DAGs
[2024-07-09T01:54:25.153+0000] {logging_mixin.py:188} INFO - [2024-07-09T01:54:25.153+0000] {dag.py:3954} INFO - Setting next_dagrun for example_python_decorator to None, run_after=None
[2024-07-09T01:54:25.175+0000] {processor.py:183} INFO - Processing /home/airflow/.local/lib/python3.12/site-packages/airflow/example_dags/example_python_decorator.py took 0.094 seconds
[2024-07-09T01:54:55.680+0000] {processor.py:161} INFO - Started process (PID=775) to work on /home/airflow/.local/lib/python3.12/site-packages/airflow/example_dags/example_python_decorator.py
[2024-07-09T01:54:55.681+0000] {processor.py:830} INFO - Processing file /home/airflow/.local/lib/python3.12/site-packages/airflow/example_dags/example_python_decorator.py for tasks to queue
[2024-07-09T01:54:55.683+0000] {logging_mixin.py:188} INFO - [2024-07-09T01:54:55.683+0000] {dagbag.py:545} INFO - Filling up the DagBag from /home/airflow/.local/lib/python3.12/site-packages/airflow/example_dags/example_python_decorator.py
[2024-07-09T01:54:55.720+0000] {processor.py:840} INFO - DAG(s) 'example_python_decorator' retrieved from /home/airflow/.local/lib/python3.12/site-packages/airflow/example_dags/example_python_decorator.py
[2024-07-09T01:54:55.752+0000] {logging_mixin.py:188} INFO - [2024-07-09T01:54:55.752+0000] {dag.py:3096} INFO - Sync 1 DAGs
[2024-07-09T01:54:55.771+0000] {logging_mixin.py:188} INFO - [2024-07-09T01:54:55.771+0000] {dag.py:3954} INFO - Setting next_dagrun for example_python_decorator to None, run_after=None
[2024-07-09T01:54:55.803+0000] {processor.py:183} INFO - Processing /home/airflow/.local/lib/python3.12/site-packages/airflow/example_dags/example_python_decorator.py took 0.129 seconds
[2024-07-09T01:55:26.739+0000] {processor.py:161} INFO - Started process (PID=834) to work on /home/airflow/.local/lib/python3.12/site-packages/airflow/example_dags/example_python_decorator.py
[2024-07-09T01:55:26.740+0000] {processor.py:830} INFO - Processing file /home/airflow/.local/lib/python3.12/site-packages/airflow/example_dags/example_python_decorator.py for tasks to queue
[2024-07-09T01:55:26.743+0000] {logging_mixin.py:188} INFO - [2024-07-09T01:55:26.743+0000] {dagbag.py:545} INFO - Filling up the DagBag from /home/airflow/.local/lib/python3.12/site-packages/airflow/example_dags/example_python_decorator.py
[2024-07-09T01:55:26.768+0000] {processor.py:840} INFO - DAG(s) 'example_python_decorator' retrieved from /home/airflow/.local/lib/python3.12/site-packages/airflow/example_dags/example_python_decorator.py
[2024-07-09T01:55:26.809+0000] {logging_mixin.py:188} INFO - [2024-07-09T01:55:26.809+0000] {dag.py:3096} INFO - Sync 1 DAGs
[2024-07-09T01:55:26.834+0000] {logging_mixin.py:188} INFO - [2024-07-09T01:55:26.834+0000] {dag.py:3954} INFO - Setting next_dagrun for example_python_decorator to None, run_after=None
[2024-07-09T01:55:26.866+0000] {processor.py:183} INFO - Processing /home/airflow/.local/lib/python3.12/site-packages/airflow/example_dags/example_python_decorator.py took 0.135 seconds
[2024-07-09T01:55:57.238+0000] {processor.py:161} INFO - Started process (PID=894) to work on /home/airflow/.local/lib/python3.12/site-packages/airflow/example_dags/example_python_decorator.py
[2024-07-09T01:55:57.239+0000] {processor.py:830} INFO - Processing file /home/airflow/.local/lib/python3.12/site-packages/airflow/example_dags/example_python_decorator.py for tasks to queue
[2024-07-09T01:55:57.242+0000] {logging_mixin.py:188} INFO - [2024-07-09T01:55:57.242+0000] {dagbag.py:545} INFO - Filling up the DagBag from /home/airflow/.local/lib/python3.12/site-packages/airflow/example_dags/example_python_decorator.py
[2024-07-09T01:55:57.265+0000] {processor.py:840} INFO - DAG(s) 'example_python_decorator' retrieved from /home/airflow/.local/lib/python3.12/site-packages/airflow/example_dags/example_python_decorator.py
[2024-07-09T01:55:57.302+0000] {logging_mixin.py:188} INFO - [2024-07-09T01:55:57.302+0000] {dag.py:3096} INFO - Sync 1 DAGs
[2024-07-09T01:55:57.330+0000] {logging_mixin.py:188} INFO - [2024-07-09T01:55:57.330+0000] {dag.py:3954} INFO - Setting next_dagrun for example_python_decorator to None, run_after=None
[2024-07-09T01:55:57.361+0000] {processor.py:183} INFO - Processing /home/airflow/.local/lib/python3.12/site-packages/airflow/example_dags/example_python_decorator.py took 0.131 seconds
[2024-07-09T01:56:27.509+0000] {processor.py:161} INFO - Started process (PID=953) to work on /home/airflow/.local/lib/python3.12/site-packages/airflow/example_dags/example_python_decorator.py
[2024-07-09T01:56:27.511+0000] {processor.py:830} INFO - Processing file /home/airflow/.local/lib/python3.12/site-packages/airflow/example_dags/example_python_decorator.py for tasks to queue
[2024-07-09T01:56:27.513+0000] {logging_mixin.py:188} INFO - [2024-07-09T01:56:27.513+0000] {dagbag.py:545} INFO - Filling up the DagBag from /home/airflow/.local/lib/python3.12/site-packages/airflow/example_dags/example_python_decorator.py
[2024-07-09T01:56:27.535+0000] {processor.py:840} INFO - DAG(s) 'example_python_decorator' retrieved from /home/airflow/.local/lib/python3.12/site-packages/airflow/example_dags/example_python_decorator.py
[2024-07-09T01:56:27.573+0000] {logging_mixin.py:188} INFO - [2024-07-09T01:56:27.573+0000] {dag.py:3096} INFO - Sync 1 DAGs
[2024-07-09T01:56:27.599+0000] {logging_mixin.py:188} INFO - [2024-07-09T01:56:27.598+0000] {dag.py:3954} INFO - Setting next_dagrun for example_python_decorator to None, run_after=None
[2024-07-09T01:56:27.631+0000] {processor.py:183} INFO - Processing /home/airflow/.local/lib/python3.12/site-packages/airflow/example_dags/example_python_decorator.py took 0.130 seconds
[2024-07-09T01:56:57.938+0000] {processor.py:161} INFO - Started process (PID=1013) to work on /home/airflow/.local/lib/python3.12/site-packages/airflow/example_dags/example_python_decorator.py
[2024-07-09T01:56:57.940+0000] {processor.py:830} INFO - Processing file /home/airflow/.local/lib/python3.12/site-packages/airflow/example_dags/example_python_decorator.py for tasks to queue
[2024-07-09T01:56:57.945+0000] {logging_mixin.py:188} INFO - [2024-07-09T01:56:57.945+0000] {dagbag.py:545} INFO - Filling up the DagBag from /home/airflow/.local/lib/python3.12/site-packages/airflow/example_dags/example_python_decorator.py
[2024-07-09T01:56:58.000+0000] {processor.py:840} INFO - DAG(s) 'example_python_decorator' retrieved from /home/airflow/.local/lib/python3.12/site-packages/airflow/example_dags/example_python_decorator.py
[2024-07-09T01:56:58.091+0000] {logging_mixin.py:188} INFO - [2024-07-09T01:56:58.091+0000] {dag.py:3096} INFO - Sync 1 DAGs
[2024-07-09T01:56:58.156+0000] {logging_mixin.py:188} INFO - [2024-07-09T01:56:58.154+0000] {dag.py:3954} INFO - Setting next_dagrun for example_python_decorator to None, run_after=None
[2024-07-09T01:56:58.240+0000] {processor.py:183} INFO - Processing /home/airflow/.local/lib/python3.12/site-packages/airflow/example_dags/example_python_decorator.py took 0.332 seconds
[2024-07-09T02:00:18.704+0000] {processor.py:161} INFO - Started process (PID=58) to work on /home/airflow/.local/lib/python3.12/site-packages/airflow/example_dags/example_python_decorator.py
[2024-07-09T02:00:18.706+0000] {processor.py:830} INFO - Processing file /home/airflow/.local/lib/python3.12/site-packages/airflow/example_dags/example_python_decorator.py for tasks to queue
[2024-07-09T02:00:18.709+0000] {logging_mixin.py:188} INFO - [2024-07-09T02:00:18.708+0000] {dagbag.py:545} INFO - Filling up the DagBag from /home/airflow/.local/lib/python3.12/site-packages/airflow/example_dags/example_python_decorator.py
[2024-07-09T02:00:18.736+0000] {processor.py:840} INFO - DAG(s) 'example_python_decorator' retrieved from /home/airflow/.local/lib/python3.12/site-packages/airflow/example_dags/example_python_decorator.py
[2024-07-09T02:00:18.985+0000] {logging_mixin.py:188} INFO - [2024-07-09T02:00:18.983+0000] {override.py:1829} INFO - Created Permission View: can edit on DAG:example_python_decorator
[2024-07-09T02:00:19.011+0000] {logging_mixin.py:188} INFO - [2024-07-09T02:00:19.011+0000] {override.py:1829} INFO - Created Permission View: can read on DAG:example_python_decorator
[2024-07-09T02:00:19.026+0000] {logging_mixin.py:188} INFO - [2024-07-09T02:00:19.025+0000] {override.py:1829} INFO - Created Permission View: can delete on DAG:example_python_decorator
[2024-07-09T02:00:19.028+0000] {logging_mixin.py:188} INFO - [2024-07-09T02:00:19.027+0000] {dag.py:3096} INFO - Sync 1 DAGs
[2024-07-09T02:00:19.054+0000] {logging_mixin.py:188} INFO - [2024-07-09T02:00:19.054+0000] {dag.py:3118} INFO - Creating ORM DAG for example_python_decorator
[2024-07-09T02:00:19.056+0000] {logging_mixin.py:188} INFO - [2024-07-09T02:00:19.056+0000] {dag.py:3954} INFO - Setting next_dagrun for example_python_decorator to None, run_after=None
[2024-07-09T02:00:19.097+0000] {processor.py:183} INFO - Processing /home/airflow/.local/lib/python3.12/site-packages/airflow/example_dags/example_python_decorator.py took 0.404 seconds
[2024-07-09T02:00:49.796+0000] {processor.py:161} INFO - Started process (PID=118) to work on /home/airflow/.local/lib/python3.12/site-packages/airflow/example_dags/example_python_decorator.py
[2024-07-09T02:00:49.797+0000] {processor.py:830} INFO - Processing file /home/airflow/.local/lib/python3.12/site-packages/airflow/example_dags/example_python_decorator.py for tasks to queue
[2024-07-09T02:00:49.803+0000] {logging_mixin.py:188} INFO - [2024-07-09T02:00:49.802+0000] {dagbag.py:545} INFO - Filling up the DagBag from /home/airflow/.local/lib/python3.12/site-packages/airflow/example_dags/example_python_decorator.py
[2024-07-09T02:00:49.839+0000] {processor.py:840} INFO - DAG(s) 'example_python_decorator' retrieved from /home/airflow/.local/lib/python3.12/site-packages/airflow/example_dags/example_python_decorator.py
[2024-07-09T02:00:49.896+0000] {logging_mixin.py:188} INFO - [2024-07-09T02:00:49.896+0000] {dag.py:3096} INFO - Sync 1 DAGs
[2024-07-09T02:00:49.928+0000] {logging_mixin.py:188} INFO - [2024-07-09T02:00:49.928+0000] {dag.py:3954} INFO - Setting next_dagrun for example_python_decorator to None, run_after=None
[2024-07-09T02:00:49.973+0000] {processor.py:183} INFO - Processing /home/airflow/.local/lib/python3.12/site-packages/airflow/example_dags/example_python_decorator.py took 0.188 seconds
[2024-07-09T02:01:20.809+0000] {processor.py:161} INFO - Started process (PID=178) to work on /home/airflow/.local/lib/python3.12/site-packages/airflow/example_dags/example_python_decorator.py
[2024-07-09T02:01:20.812+0000] {processor.py:830} INFO - Processing file /home/airflow/.local/lib/python3.12/site-packages/airflow/example_dags/example_python_decorator.py for tasks to queue
[2024-07-09T02:01:20.820+0000] {logging_mixin.py:188} INFO - [2024-07-09T02:01:20.819+0000] {dagbag.py:545} INFO - Filling up the DagBag from /home/airflow/.local/lib/python3.12/site-packages/airflow/example_dags/example_python_decorator.py
[2024-07-09T02:01:20.868+0000] {processor.py:840} INFO - DAG(s) 'example_python_decorator' retrieved from /home/airflow/.local/lib/python3.12/site-packages/airflow/example_dags/example_python_decorator.py
[2024-07-09T02:01:20.931+0000] {logging_mixin.py:188} INFO - [2024-07-09T02:01:20.930+0000] {dag.py:3096} INFO - Sync 1 DAGs
[2024-07-09T02:01:20.986+0000] {logging_mixin.py:188} INFO - [2024-07-09T02:01:20.985+0000] {dag.py:3954} INFO - Setting next_dagrun for example_python_decorator to None, run_after=None
[2024-07-09T02:01:21.031+0000] {processor.py:183} INFO - Processing /home/airflow/.local/lib/python3.12/site-packages/airflow/example_dags/example_python_decorator.py took 0.243 seconds
[2024-07-09T02:01:52.292+0000] {processor.py:161} INFO - Started process (PID=237) to work on /home/airflow/.local/lib/python3.12/site-packages/airflow/example_dags/example_python_decorator.py
[2024-07-09T02:01:52.294+0000] {processor.py:830} INFO - Processing file /home/airflow/.local/lib/python3.12/site-packages/airflow/example_dags/example_python_decorator.py for tasks to queue
[2024-07-09T02:01:52.313+0000] {logging_mixin.py:188} INFO - [2024-07-09T02:01:52.312+0000] {dagbag.py:545} INFO - Filling up the DagBag from /home/airflow/.local/lib/python3.12/site-packages/airflow/example_dags/example_python_decorator.py
[2024-07-09T02:01:52.356+0000] {processor.py:840} INFO - DAG(s) 'example_python_decorator' retrieved from /home/airflow/.local/lib/python3.12/site-packages/airflow/example_dags/example_python_decorator.py
[2024-07-09T02:01:52.503+0000] {logging_mixin.py:188} INFO - [2024-07-09T02:01:52.501+0000] {dag.py:3096} INFO - Sync 1 DAGs
[2024-07-09T02:01:52.603+0000] {logging_mixin.py:188} INFO - [2024-07-09T02:01:52.602+0000] {dag.py:3954} INFO - Setting next_dagrun for example_python_decorator to None, run_after=None
[2024-07-09T02:01:52.689+0000] {processor.py:183} INFO - Processing /home/airflow/.local/lib/python3.12/site-packages/airflow/example_dags/example_python_decorator.py took 0.412 seconds
[2024-07-09T02:03:42.357+0000] {processor.py:161} INFO - Started process (PID=60) to work on /home/airflow/.local/lib/python3.12/site-packages/airflow/example_dags/example_python_decorator.py
[2024-07-09T02:03:42.359+0000] {processor.py:830} INFO - Processing file /home/airflow/.local/lib/python3.12/site-packages/airflow/example_dags/example_python_decorator.py for tasks to queue
[2024-07-09T02:03:42.364+0000] {logging_mixin.py:188} INFO - [2024-07-09T02:03:42.363+0000] {dagbag.py:545} INFO - Filling up the DagBag from /home/airflow/.local/lib/python3.12/site-packages/airflow/example_dags/example_python_decorator.py
[2024-07-09T02:03:42.425+0000] {processor.py:840} INFO - DAG(s) 'example_python_decorator' retrieved from /home/airflow/.local/lib/python3.12/site-packages/airflow/example_dags/example_python_decorator.py
[2024-07-09T02:03:42.787+0000] {logging_mixin.py:188} INFO - [2024-07-09T02:03:42.787+0000] {dag.py:3096} INFO - Sync 1 DAGs
[2024-07-09T02:03:42.822+0000] {logging_mixin.py:188} INFO - [2024-07-09T02:03:42.821+0000] {dag.py:3954} INFO - Setting next_dagrun for example_python_decorator to None, run_after=None
[2024-07-09T02:03:42.872+0000] {processor.py:183} INFO - Processing /home/airflow/.local/lib/python3.12/site-packages/airflow/example_dags/example_python_decorator.py took 0.532 seconds
[2024-07-09T02:04:13.195+0000] {processor.py:161} INFO - Started process (PID=120) to work on /home/airflow/.local/lib/python3.12/site-packages/airflow/example_dags/example_python_decorator.py
[2024-07-09T02:04:13.197+0000] {processor.py:830} INFO - Processing file /home/airflow/.local/lib/python3.12/site-packages/airflow/example_dags/example_python_decorator.py for tasks to queue
[2024-07-09T02:04:13.201+0000] {logging_mixin.py:188} INFO - [2024-07-09T02:04:13.200+0000] {dagbag.py:545} INFO - Filling up the DagBag from /home/airflow/.local/lib/python3.12/site-packages/airflow/example_dags/example_python_decorator.py
[2024-07-09T02:04:13.246+0000] {processor.py:840} INFO - DAG(s) 'example_python_decorator' retrieved from /home/airflow/.local/lib/python3.12/site-packages/airflow/example_dags/example_python_decorator.py
[2024-07-09T02:04:13.293+0000] {logging_mixin.py:188} INFO - [2024-07-09T02:04:13.293+0000] {dag.py:3096} INFO - Sync 1 DAGs
[2024-07-09T02:04:13.324+0000] {logging_mixin.py:188} INFO - [2024-07-09T02:04:13.324+0000] {dag.py:3954} INFO - Setting next_dagrun for example_python_decorator to None, run_after=None
[2024-07-09T02:04:13.361+0000] {processor.py:183} INFO - Processing /home/airflow/.local/lib/python3.12/site-packages/airflow/example_dags/example_python_decorator.py took 0.176 seconds
[2024-07-09T02:04:43.581+0000] {processor.py:161} INFO - Started process (PID=179) to work on /home/airflow/.local/lib/python3.12/site-packages/airflow/example_dags/example_python_decorator.py
[2024-07-09T02:04:43.593+0000] {processor.py:830} INFO - Processing file /home/airflow/.local/lib/python3.12/site-packages/airflow/example_dags/example_python_decorator.py for tasks to queue
[2024-07-09T02:04:43.597+0000] {logging_mixin.py:188} INFO - [2024-07-09T02:04:43.596+0000] {dagbag.py:545} INFO - Filling up the DagBag from /home/airflow/.local/lib/python3.12/site-packages/airflow/example_dags/example_python_decorator.py
[2024-07-09T02:04:43.645+0000] {processor.py:840} INFO - DAG(s) 'example_python_decorator' retrieved from /home/airflow/.local/lib/python3.12/site-packages/airflow/example_dags/example_python_decorator.py
[2024-07-09T02:04:43.765+0000] {logging_mixin.py:188} INFO - [2024-07-09T02:04:43.764+0000] {dag.py:3096} INFO - Sync 1 DAGs
[2024-07-09T02:04:43.866+0000] {logging_mixin.py:188} INFO - [2024-07-09T02:04:43.865+0000] {dag.py:3954} INFO - Setting next_dagrun for example_python_decorator to None, run_after=None
[2024-07-09T02:04:43.931+0000] {processor.py:183} INFO - Processing /home/airflow/.local/lib/python3.12/site-packages/airflow/example_dags/example_python_decorator.py took 0.371 seconds
[2024-07-09T02:05:14.652+0000] {processor.py:161} INFO - Started process (PID=240) to work on /home/airflow/.local/lib/python3.12/site-packages/airflow/example_dags/example_python_decorator.py
[2024-07-09T02:05:14.654+0000] {processor.py:830} INFO - Processing file /home/airflow/.local/lib/python3.12/site-packages/airflow/example_dags/example_python_decorator.py for tasks to queue
[2024-07-09T02:05:14.656+0000] {logging_mixin.py:188} INFO - [2024-07-09T02:05:14.656+0000] {dagbag.py:545} INFO - Filling up the DagBag from /home/airflow/.local/lib/python3.12/site-packages/airflow/example_dags/example_python_decorator.py
[2024-07-09T02:05:14.698+0000] {processor.py:840} INFO - DAG(s) 'example_python_decorator' retrieved from /home/airflow/.local/lib/python3.12/site-packages/airflow/example_dags/example_python_decorator.py
[2024-07-09T02:05:14.735+0000] {logging_mixin.py:188} INFO - [2024-07-09T02:05:14.735+0000] {dag.py:3096} INFO - Sync 1 DAGs
[2024-07-09T02:05:14.757+0000] {logging_mixin.py:188} INFO - [2024-07-09T02:05:14.756+0000] {dag.py:3954} INFO - Setting next_dagrun for example_python_decorator to None, run_after=None
[2024-07-09T02:05:14.784+0000] {processor.py:183} INFO - Processing /home/airflow/.local/lib/python3.12/site-packages/airflow/example_dags/example_python_decorator.py took 0.143 seconds
[2024-07-09T02:05:45.155+0000] {processor.py:161} INFO - Started process (PID=300) to work on /home/airflow/.local/lib/python3.12/site-packages/airflow/example_dags/example_python_decorator.py
[2024-07-09T02:05:45.156+0000] {processor.py:830} INFO - Processing file /home/airflow/.local/lib/python3.12/site-packages/airflow/example_dags/example_python_decorator.py for tasks to queue
[2024-07-09T02:05:45.158+0000] {logging_mixin.py:188} INFO - [2024-07-09T02:05:45.158+0000] {dagbag.py:545} INFO - Filling up the DagBag from /home/airflow/.local/lib/python3.12/site-packages/airflow/example_dags/example_python_decorator.py
[2024-07-09T02:05:45.173+0000] {processor.py:840} INFO - DAG(s) 'example_python_decorator' retrieved from /home/airflow/.local/lib/python3.12/site-packages/airflow/example_dags/example_python_decorator.py
[2024-07-09T02:05:45.225+0000] {logging_mixin.py:188} INFO - [2024-07-09T02:05:45.225+0000] {dag.py:3096} INFO - Sync 1 DAGs
[2024-07-09T02:05:45.240+0000] {logging_mixin.py:188} INFO - [2024-07-09T02:05:45.240+0000] {dag.py:3954} INFO - Setting next_dagrun for example_python_decorator to None, run_after=None
[2024-07-09T02:05:45.265+0000] {processor.py:183} INFO - Processing /home/airflow/.local/lib/python3.12/site-packages/airflow/example_dags/example_python_decorator.py took 0.116 seconds
[2024-07-09T02:06:15.651+0000] {processor.py:161} INFO - Started process (PID=361) to work on /home/airflow/.local/lib/python3.12/site-packages/airflow/example_dags/example_python_decorator.py
[2024-07-09T02:06:15.653+0000] {processor.py:830} INFO - Processing file /home/airflow/.local/lib/python3.12/site-packages/airflow/example_dags/example_python_decorator.py for tasks to queue
[2024-07-09T02:06:15.655+0000] {logging_mixin.py:188} INFO - [2024-07-09T02:06:15.655+0000] {dagbag.py:545} INFO - Filling up the DagBag from /home/airflow/.local/lib/python3.12/site-packages/airflow/example_dags/example_python_decorator.py
[2024-07-09T02:06:15.675+0000] {processor.py:840} INFO - DAG(s) 'example_python_decorator' retrieved from /home/airflow/.local/lib/python3.12/site-packages/airflow/example_dags/example_python_decorator.py
[2024-07-09T02:06:15.722+0000] {logging_mixin.py:188} INFO - [2024-07-09T02:06:15.722+0000] {dag.py:3096} INFO - Sync 1 DAGs
[2024-07-09T02:06:15.737+0000] {logging_mixin.py:188} INFO - [2024-07-09T02:06:15.737+0000] {dag.py:3954} INFO - Setting next_dagrun for example_python_decorator to None, run_after=None
[2024-07-09T02:06:15.758+0000] {processor.py:183} INFO - Processing /home/airflow/.local/lib/python3.12/site-packages/airflow/example_dags/example_python_decorator.py took 0.113 seconds
[2024-07-09T02:06:46.056+0000] {processor.py:161} INFO - Started process (PID=423) to work on /home/airflow/.local/lib/python3.12/site-packages/airflow/example_dags/example_python_decorator.py
[2024-07-09T02:06:46.057+0000] {processor.py:830} INFO - Processing file /home/airflow/.local/lib/python3.12/site-packages/airflow/example_dags/example_python_decorator.py for tasks to queue
[2024-07-09T02:06:46.060+0000] {logging_mixin.py:188} INFO - [2024-07-09T02:06:46.060+0000] {dagbag.py:545} INFO - Filling up the DagBag from /home/airflow/.local/lib/python3.12/site-packages/airflow/example_dags/example_python_decorator.py
[2024-07-09T02:06:46.080+0000] {processor.py:840} INFO - DAG(s) 'example_python_decorator' retrieved from /home/airflow/.local/lib/python3.12/site-packages/airflow/example_dags/example_python_decorator.py
[2024-07-09T02:06:46.109+0000] {logging_mixin.py:188} INFO - [2024-07-09T02:06:46.109+0000] {dag.py:3096} INFO - Sync 1 DAGs
[2024-07-09T02:06:46.125+0000] {logging_mixin.py:188} INFO - [2024-07-09T02:06:46.125+0000] {dag.py:3954} INFO - Setting next_dagrun for example_python_decorator to None, run_after=None
[2024-07-09T02:06:46.151+0000] {processor.py:183} INFO - Processing /home/airflow/.local/lib/python3.12/site-packages/airflow/example_dags/example_python_decorator.py took 0.106 seconds
[2024-07-09T02:07:16.302+0000] {processor.py:161} INFO - Started process (PID=483) to work on /home/airflow/.local/lib/python3.12/site-packages/airflow/example_dags/example_python_decorator.py
[2024-07-09T02:07:16.304+0000] {processor.py:830} INFO - Processing file /home/airflow/.local/lib/python3.12/site-packages/airflow/example_dags/example_python_decorator.py for tasks to queue
[2024-07-09T02:07:16.307+0000] {logging_mixin.py:188} INFO - [2024-07-09T02:07:16.306+0000] {dagbag.py:545} INFO - Filling up the DagBag from /home/airflow/.local/lib/python3.12/site-packages/airflow/example_dags/example_python_decorator.py
[2024-07-09T02:07:16.325+0000] {processor.py:840} INFO - DAG(s) 'example_python_decorator' retrieved from /home/airflow/.local/lib/python3.12/site-packages/airflow/example_dags/example_python_decorator.py
[2024-07-09T02:07:16.361+0000] {logging_mixin.py:188} INFO - [2024-07-09T02:07:16.360+0000] {dag.py:3096} INFO - Sync 1 DAGs
[2024-07-09T02:07:16.385+0000] {logging_mixin.py:188} INFO - [2024-07-09T02:07:16.385+0000] {dag.py:3954} INFO - Setting next_dagrun for example_python_decorator to None, run_after=None
[2024-07-09T02:07:16.432+0000] {processor.py:183} INFO - Processing /home/airflow/.local/lib/python3.12/site-packages/airflow/example_dags/example_python_decorator.py took 0.139 seconds
[2024-07-09T02:07:46.669+0000] {processor.py:161} INFO - Started process (PID=543) to work on /home/airflow/.local/lib/python3.12/site-packages/airflow/example_dags/example_python_decorator.py
[2024-07-09T02:07:46.670+0000] {processor.py:830} INFO - Processing file /home/airflow/.local/lib/python3.12/site-packages/airflow/example_dags/example_python_decorator.py for tasks to queue
[2024-07-09T02:07:46.673+0000] {logging_mixin.py:188} INFO - [2024-07-09T02:07:46.672+0000] {dagbag.py:545} INFO - Filling up the DagBag from /home/airflow/.local/lib/python3.12/site-packages/airflow/example_dags/example_python_decorator.py
[2024-07-09T02:07:46.690+0000] {processor.py:840} INFO - DAG(s) 'example_python_decorator' retrieved from /home/airflow/.local/lib/python3.12/site-packages/airflow/example_dags/example_python_decorator.py
[2024-07-09T02:07:46.720+0000] {logging_mixin.py:188} INFO - [2024-07-09T02:07:46.720+0000] {dag.py:3096} INFO - Sync 1 DAGs
[2024-07-09T02:07:46.738+0000] {logging_mixin.py:188} INFO - [2024-07-09T02:07:46.738+0000] {dag.py:3954} INFO - Setting next_dagrun for example_python_decorator to None, run_after=None
[2024-07-09T02:07:46.773+0000] {processor.py:183} INFO - Processing /home/airflow/.local/lib/python3.12/site-packages/airflow/example_dags/example_python_decorator.py took 0.113 seconds
[2024-07-09T02:08:16.831+0000] {processor.py:161} INFO - Started process (PID=602) to work on /home/airflow/.local/lib/python3.12/site-packages/airflow/example_dags/example_python_decorator.py
[2024-07-09T02:08:16.832+0000] {processor.py:830} INFO - Processing file /home/airflow/.local/lib/python3.12/site-packages/airflow/example_dags/example_python_decorator.py for tasks to queue
[2024-07-09T02:08:16.835+0000] {logging_mixin.py:188} INFO - [2024-07-09T02:08:16.834+0000] {dagbag.py:545} INFO - Filling up the DagBag from /home/airflow/.local/lib/python3.12/site-packages/airflow/example_dags/example_python_decorator.py
[2024-07-09T02:08:16.855+0000] {processor.py:840} INFO - DAG(s) 'example_python_decorator' retrieved from /home/airflow/.local/lib/python3.12/site-packages/airflow/example_dags/example_python_decorator.py
[2024-07-09T02:08:16.917+0000] {logging_mixin.py:188} INFO - [2024-07-09T02:08:16.917+0000] {dag.py:3096} INFO - Sync 1 DAGs
[2024-07-09T02:08:16.941+0000] {logging_mixin.py:188} INFO - [2024-07-09T02:08:16.940+0000] {dag.py:3954} INFO - Setting next_dagrun for example_python_decorator to None, run_after=None
[2024-07-09T02:08:16.975+0000] {processor.py:183} INFO - Processing /home/airflow/.local/lib/python3.12/site-packages/airflow/example_dags/example_python_decorator.py took 0.154 seconds
[2024-07-09T02:08:47.302+0000] {processor.py:161} INFO - Started process (PID=661) to work on /home/airflow/.local/lib/python3.12/site-packages/airflow/example_dags/example_python_decorator.py
[2024-07-09T02:08:47.305+0000] {processor.py:830} INFO - Processing file /home/airflow/.local/lib/python3.12/site-packages/airflow/example_dags/example_python_decorator.py for tasks to queue
[2024-07-09T02:08:47.314+0000] {logging_mixin.py:188} INFO - [2024-07-09T02:08:47.314+0000] {dagbag.py:545} INFO - Filling up the DagBag from /home/airflow/.local/lib/python3.12/site-packages/airflow/example_dags/example_python_decorator.py
[2024-07-09T02:08:47.344+0000] {processor.py:840} INFO - DAG(s) 'example_python_decorator' retrieved from /home/airflow/.local/lib/python3.12/site-packages/airflow/example_dags/example_python_decorator.py
[2024-07-09T02:08:47.382+0000] {logging_mixin.py:188} INFO - [2024-07-09T02:08:47.381+0000] {dag.py:3096} INFO - Sync 1 DAGs
[2024-07-09T02:08:47.402+0000] {logging_mixin.py:188} INFO - [2024-07-09T02:08:47.401+0000] {dag.py:3954} INFO - Setting next_dagrun for example_python_decorator to None, run_after=None
[2024-07-09T02:08:47.457+0000] {processor.py:183} INFO - Processing /home/airflow/.local/lib/python3.12/site-packages/airflow/example_dags/example_python_decorator.py took 0.179 seconds
[2024-07-09T02:12:19.416+0000] {processor.py:161} INFO - Started process (PID=59) to work on /home/airflow/.local/lib/python3.12/site-packages/airflow/example_dags/example_python_decorator.py
[2024-07-09T02:12:19.418+0000] {processor.py:830} INFO - Processing file /home/airflow/.local/lib/python3.12/site-packages/airflow/example_dags/example_python_decorator.py for tasks to queue
[2024-07-09T02:12:19.421+0000] {logging_mixin.py:188} INFO - [2024-07-09T02:12:19.421+0000] {dagbag.py:545} INFO - Filling up the DagBag from /home/airflow/.local/lib/python3.12/site-packages/airflow/example_dags/example_python_decorator.py
[2024-07-09T02:12:19.451+0000] {processor.py:840} INFO - DAG(s) 'example_python_decorator' retrieved from /home/airflow/.local/lib/python3.12/site-packages/airflow/example_dags/example_python_decorator.py
[2024-07-09T02:12:19.677+0000] {logging_mixin.py:188} INFO - [2024-07-09T02:12:19.676+0000] {override.py:1829} INFO - Created Permission View: can edit on DAG:example_python_decorator
[2024-07-09T02:12:19.696+0000] {logging_mixin.py:188} INFO - [2024-07-09T02:12:19.695+0000] {override.py:1829} INFO - Created Permission View: can delete on DAG:example_python_decorator
[2024-07-09T02:12:19.706+0000] {logging_mixin.py:188} INFO - [2024-07-09T02:12:19.706+0000] {override.py:1829} INFO - Created Permission View: can read on DAG:example_python_decorator
[2024-07-09T02:12:19.707+0000] {logging_mixin.py:188} INFO - [2024-07-09T02:12:19.707+0000] {dag.py:3096} INFO - Sync 1 DAGs
[2024-07-09T02:12:19.727+0000] {logging_mixin.py:188} INFO - [2024-07-09T02:12:19.727+0000] {dag.py:3118} INFO - Creating ORM DAG for example_python_decorator
[2024-07-09T02:12:19.728+0000] {logging_mixin.py:188} INFO - [2024-07-09T02:12:19.728+0000] {dag.py:3954} INFO - Setting next_dagrun for example_python_decorator to None, run_after=None
[2024-07-09T02:12:19.757+0000] {processor.py:183} INFO - Processing /home/airflow/.local/lib/python3.12/site-packages/airflow/example_dags/example_python_decorator.py took 0.352 seconds
[2024-07-09T02:12:49.955+0000] {processor.py:161} INFO - Started process (PID=119) to work on /home/airflow/.local/lib/python3.12/site-packages/airflow/example_dags/example_python_decorator.py
[2024-07-09T02:12:49.956+0000] {processor.py:830} INFO - Processing file /home/airflow/.local/lib/python3.12/site-packages/airflow/example_dags/example_python_decorator.py for tasks to queue
[2024-07-09T02:12:49.959+0000] {logging_mixin.py:188} INFO - [2024-07-09T02:12:49.958+0000] {dagbag.py:545} INFO - Filling up the DagBag from /home/airflow/.local/lib/python3.12/site-packages/airflow/example_dags/example_python_decorator.py
[2024-07-09T02:12:49.982+0000] {processor.py:840} INFO - DAG(s) 'example_python_decorator' retrieved from /home/airflow/.local/lib/python3.12/site-packages/airflow/example_dags/example_python_decorator.py
[2024-07-09T02:12:50.025+0000] {logging_mixin.py:188} INFO - [2024-07-09T02:12:50.024+0000] {dag.py:3096} INFO - Sync 1 DAGs
[2024-07-09T02:12:50.048+0000] {logging_mixin.py:188} INFO - [2024-07-09T02:12:50.048+0000] {dag.py:3954} INFO - Setting next_dagrun for example_python_decorator to None, run_after=None
[2024-07-09T02:12:50.096+0000] {processor.py:183} INFO - Processing /home/airflow/.local/lib/python3.12/site-packages/airflow/example_dags/example_python_decorator.py took 0.150 seconds
[2024-07-09T02:13:20.689+0000] {processor.py:161} INFO - Started process (PID=178) to work on /home/airflow/.local/lib/python3.12/site-packages/airflow/example_dags/example_python_decorator.py
[2024-07-09T02:13:20.690+0000] {processor.py:830} INFO - Processing file /home/airflow/.local/lib/python3.12/site-packages/airflow/example_dags/example_python_decorator.py for tasks to queue
[2024-07-09T02:13:20.693+0000] {logging_mixin.py:188} INFO - [2024-07-09T02:13:20.693+0000] {dagbag.py:545} INFO - Filling up the DagBag from /home/airflow/.local/lib/python3.12/site-packages/airflow/example_dags/example_python_decorator.py
[2024-07-09T02:13:20.716+0000] {processor.py:840} INFO - DAG(s) 'example_python_decorator' retrieved from /home/airflow/.local/lib/python3.12/site-packages/airflow/example_dags/example_python_decorator.py
[2024-07-09T02:13:20.755+0000] {logging_mixin.py:188} INFO - [2024-07-09T02:13:20.754+0000] {dag.py:3096} INFO - Sync 1 DAGs
[2024-07-09T02:13:20.782+0000] {logging_mixin.py:188} INFO - [2024-07-09T02:13:20.781+0000] {dag.py:3954} INFO - Setting next_dagrun for example_python_decorator to None, run_after=None
[2024-07-09T02:13:20.833+0000] {processor.py:183} INFO - Processing /home/airflow/.local/lib/python3.12/site-packages/airflow/example_dags/example_python_decorator.py took 0.154 seconds
[2024-07-09T02:13:51.226+0000] {processor.py:161} INFO - Started process (PID=238) to work on /home/airflow/.local/lib/python3.12/site-packages/airflow/example_dags/example_python_decorator.py
[2024-07-09T02:13:51.228+0000] {processor.py:830} INFO - Processing file /home/airflow/.local/lib/python3.12/site-packages/airflow/example_dags/example_python_decorator.py for tasks to queue
[2024-07-09T02:13:51.231+0000] {logging_mixin.py:188} INFO - [2024-07-09T02:13:51.231+0000] {dagbag.py:545} INFO - Filling up the DagBag from /home/airflow/.local/lib/python3.12/site-packages/airflow/example_dags/example_python_decorator.py
[2024-07-09T02:13:51.257+0000] {processor.py:840} INFO - DAG(s) 'example_python_decorator' retrieved from /home/airflow/.local/lib/python3.12/site-packages/airflow/example_dags/example_python_decorator.py
[2024-07-09T02:13:51.305+0000] {logging_mixin.py:188} INFO - [2024-07-09T02:13:51.305+0000] {dag.py:3096} INFO - Sync 1 DAGs
[2024-07-09T02:13:51.332+0000] {logging_mixin.py:188} INFO - [2024-07-09T02:13:51.332+0000] {dag.py:3954} INFO - Setting next_dagrun for example_python_decorator to None, run_after=None
[2024-07-09T02:13:51.367+0000] {processor.py:183} INFO - Processing /home/airflow/.local/lib/python3.12/site-packages/airflow/example_dags/example_python_decorator.py took 0.153 seconds
[2024-07-09T02:14:21.816+0000] {processor.py:161} INFO - Started process (PID=296) to work on /home/airflow/.local/lib/python3.12/site-packages/airflow/example_dags/example_python_decorator.py
[2024-07-09T02:14:21.818+0000] {processor.py:830} INFO - Processing file /home/airflow/.local/lib/python3.12/site-packages/airflow/example_dags/example_python_decorator.py for tasks to queue
[2024-07-09T02:14:21.822+0000] {logging_mixin.py:188} INFO - [2024-07-09T02:14:21.821+0000] {dagbag.py:545} INFO - Filling up the DagBag from /home/airflow/.local/lib/python3.12/site-packages/airflow/example_dags/example_python_decorator.py
[2024-07-09T02:14:21.855+0000] {processor.py:840} INFO - DAG(s) 'example_python_decorator' retrieved from /home/airflow/.local/lib/python3.12/site-packages/airflow/example_dags/example_python_decorator.py
[2024-07-09T02:14:21.924+0000] {logging_mixin.py:188} INFO - [2024-07-09T02:14:21.923+0000] {dag.py:3096} INFO - Sync 1 DAGs
[2024-07-09T02:14:21.955+0000] {logging_mixin.py:188} INFO - [2024-07-09T02:14:21.954+0000] {dag.py:3954} INFO - Setting next_dagrun for example_python_decorator to None, run_after=None
[2024-07-09T02:14:21.997+0000] {processor.py:183} INFO - Processing /home/airflow/.local/lib/python3.12/site-packages/airflow/example_dags/example_python_decorator.py took 0.199 seconds
[2024-07-09T02:14:52.288+0000] {processor.py:161} INFO - Started process (PID=356) to work on /home/airflow/.local/lib/python3.12/site-packages/airflow/example_dags/example_python_decorator.py
[2024-07-09T02:14:52.290+0000] {processor.py:830} INFO - Processing file /home/airflow/.local/lib/python3.12/site-packages/airflow/example_dags/example_python_decorator.py for tasks to queue
[2024-07-09T02:14:52.293+0000] {logging_mixin.py:188} INFO - [2024-07-09T02:14:52.293+0000] {dagbag.py:545} INFO - Filling up the DagBag from /home/airflow/.local/lib/python3.12/site-packages/airflow/example_dags/example_python_decorator.py
[2024-07-09T02:14:52.323+0000] {processor.py:840} INFO - DAG(s) 'example_python_decorator' retrieved from /home/airflow/.local/lib/python3.12/site-packages/airflow/example_dags/example_python_decorator.py
[2024-07-09T02:14:52.378+0000] {logging_mixin.py:188} INFO - [2024-07-09T02:14:52.378+0000] {dag.py:3096} INFO - Sync 1 DAGs
[2024-07-09T02:14:52.414+0000] {logging_mixin.py:188} INFO - [2024-07-09T02:14:52.414+0000] {dag.py:3954} INFO - Setting next_dagrun for example_python_decorator to None, run_after=None
[2024-07-09T02:14:52.466+0000] {processor.py:183} INFO - Processing /home/airflow/.local/lib/python3.12/site-packages/airflow/example_dags/example_python_decorator.py took 0.190 seconds
[2024-07-09T02:17:02.969+0000] {processor.py:161} INFO - Started process (PID=59) to work on /home/airflow/.local/lib/python3.12/site-packages/airflow/example_dags/example_python_decorator.py
[2024-07-09T02:17:02.972+0000] {processor.py:830} INFO - Processing file /home/airflow/.local/lib/python3.12/site-packages/airflow/example_dags/example_python_decorator.py for tasks to queue
[2024-07-09T02:17:02.977+0000] {logging_mixin.py:188} INFO - [2024-07-09T02:17:02.975+0000] {dagbag.py:545} INFO - Filling up the DagBag from /home/airflow/.local/lib/python3.12/site-packages/airflow/example_dags/example_python_decorator.py
[2024-07-09T02:17:03.013+0000] {processor.py:840} INFO - DAG(s) 'example_python_decorator' retrieved from /home/airflow/.local/lib/python3.12/site-packages/airflow/example_dags/example_python_decorator.py
[2024-07-09T02:17:03.351+0000] {logging_mixin.py:188} INFO - [2024-07-09T02:17:03.350+0000] {dag.py:3096} INFO - Sync 1 DAGs
[2024-07-09T02:17:03.386+0000] {logging_mixin.py:188} INFO - [2024-07-09T02:17:03.385+0000] {dag.py:3954} INFO - Setting next_dagrun for example_python_decorator to None, run_after=None
[2024-07-09T02:17:03.431+0000] {processor.py:183} INFO - Processing /home/airflow/.local/lib/python3.12/site-packages/airflow/example_dags/example_python_decorator.py took 0.475 seconds
[2024-07-09T02:17:33.671+0000] {processor.py:161} INFO - Started process (PID=118) to work on /home/airflow/.local/lib/python3.12/site-packages/airflow/example_dags/example_python_decorator.py
[2024-07-09T02:17:33.672+0000] {processor.py:830} INFO - Processing file /home/airflow/.local/lib/python3.12/site-packages/airflow/example_dags/example_python_decorator.py for tasks to queue
[2024-07-09T02:17:33.675+0000] {logging_mixin.py:188} INFO - [2024-07-09T02:17:33.675+0000] {dagbag.py:545} INFO - Filling up the DagBag from /home/airflow/.local/lib/python3.12/site-packages/airflow/example_dags/example_python_decorator.py
[2024-07-09T02:17:33.703+0000] {processor.py:840} INFO - DAG(s) 'example_python_decorator' retrieved from /home/airflow/.local/lib/python3.12/site-packages/airflow/example_dags/example_python_decorator.py
[2024-07-09T02:17:33.737+0000] {logging_mixin.py:188} INFO - [2024-07-09T02:17:33.736+0000] {dag.py:3096} INFO - Sync 1 DAGs
[2024-07-09T02:17:33.758+0000] {logging_mixin.py:188} INFO - [2024-07-09T02:17:33.757+0000] {dag.py:3954} INFO - Setting next_dagrun for example_python_decorator to None, run_after=None
[2024-07-09T02:17:33.785+0000] {processor.py:183} INFO - Processing /home/airflow/.local/lib/python3.12/site-packages/airflow/example_dags/example_python_decorator.py took 0.124 seconds
[2024-07-09T02:18:03.940+0000] {processor.py:161} INFO - Started process (PID=179) to work on /home/airflow/.local/lib/python3.12/site-packages/airflow/example_dags/example_python_decorator.py
[2024-07-09T02:18:03.942+0000] {processor.py:830} INFO - Processing file /home/airflow/.local/lib/python3.12/site-packages/airflow/example_dags/example_python_decorator.py for tasks to queue
[2024-07-09T02:18:03.946+0000] {logging_mixin.py:188} INFO - [2024-07-09T02:18:03.946+0000] {dagbag.py:545} INFO - Filling up the DagBag from /home/airflow/.local/lib/python3.12/site-packages/airflow/example_dags/example_python_decorator.py
[2024-07-09T02:18:03.974+0000] {processor.py:840} INFO - DAG(s) 'example_python_decorator' retrieved from /home/airflow/.local/lib/python3.12/site-packages/airflow/example_dags/example_python_decorator.py
[2024-07-09T02:18:04.022+0000] {logging_mixin.py:188} INFO - [2024-07-09T02:18:04.021+0000] {dag.py:3096} INFO - Sync 1 DAGs
[2024-07-09T02:18:04.050+0000] {logging_mixin.py:188} INFO - [2024-07-09T02:18:04.049+0000] {dag.py:3954} INFO - Setting next_dagrun for example_python_decorator to None, run_after=None
[2024-07-09T02:18:04.098+0000] {processor.py:183} INFO - Processing /home/airflow/.local/lib/python3.12/site-packages/airflow/example_dags/example_python_decorator.py took 0.172 seconds
[2024-07-09T02:18:34.712+0000] {processor.py:161} INFO - Started process (PID=239) to work on /home/airflow/.local/lib/python3.12/site-packages/airflow/example_dags/example_python_decorator.py
[2024-07-09T02:18:34.715+0000] {processor.py:830} INFO - Processing file /home/airflow/.local/lib/python3.12/site-packages/airflow/example_dags/example_python_decorator.py for tasks to queue
[2024-07-09T02:18:34.719+0000] {logging_mixin.py:188} INFO - [2024-07-09T02:18:34.718+0000] {dagbag.py:545} INFO - Filling up the DagBag from /home/airflow/.local/lib/python3.12/site-packages/airflow/example_dags/example_python_decorator.py
[2024-07-09T02:18:34.744+0000] {processor.py:840} INFO - DAG(s) 'example_python_decorator' retrieved from /home/airflow/.local/lib/python3.12/site-packages/airflow/example_dags/example_python_decorator.py
[2024-07-09T02:18:34.787+0000] {logging_mixin.py:188} INFO - [2024-07-09T02:18:34.786+0000] {dag.py:3096} INFO - Sync 1 DAGs
[2024-07-09T02:18:34.813+0000] {logging_mixin.py:188} INFO - [2024-07-09T02:18:34.812+0000] {dag.py:3954} INFO - Setting next_dagrun for example_python_decorator to None, run_after=None
[2024-07-09T02:18:34.847+0000] {processor.py:183} INFO - Processing /home/airflow/.local/lib/python3.12/site-packages/airflow/example_dags/example_python_decorator.py took 0.146 seconds
[2024-07-09T02:19:05.706+0000] {processor.py:161} INFO - Started process (PID=299) to work on /home/airflow/.local/lib/python3.12/site-packages/airflow/example_dags/example_python_decorator.py
[2024-07-09T02:19:05.708+0000] {processor.py:830} INFO - Processing file /home/airflow/.local/lib/python3.12/site-packages/airflow/example_dags/example_python_decorator.py for tasks to queue
[2024-07-09T02:19:05.711+0000] {logging_mixin.py:188} INFO - [2024-07-09T02:19:05.710+0000] {dagbag.py:545} INFO - Filling up the DagBag from /home/airflow/.local/lib/python3.12/site-packages/airflow/example_dags/example_python_decorator.py
[2024-07-09T02:19:05.746+0000] {processor.py:840} INFO - DAG(s) 'example_python_decorator' retrieved from /home/airflow/.local/lib/python3.12/site-packages/airflow/example_dags/example_python_decorator.py
[2024-07-09T02:19:05.796+0000] {logging_mixin.py:188} INFO - [2024-07-09T02:19:05.796+0000] {dag.py:3096} INFO - Sync 1 DAGs
[2024-07-09T02:19:05.829+0000] {logging_mixin.py:188} INFO - [2024-07-09T02:19:05.829+0000] {dag.py:3954} INFO - Setting next_dagrun for example_python_decorator to None, run_after=None
[2024-07-09T02:19:05.866+0000] {processor.py:183} INFO - Processing /home/airflow/.local/lib/python3.12/site-packages/airflow/example_dags/example_python_decorator.py took 0.173 seconds
[2024-07-09T02:19:37.065+0000] {processor.py:161} INFO - Started process (PID=359) to work on /home/airflow/.local/lib/python3.12/site-packages/airflow/example_dags/example_python_decorator.py
[2024-07-09T02:19:37.067+0000] {processor.py:830} INFO - Processing file /home/airflow/.local/lib/python3.12/site-packages/airflow/example_dags/example_python_decorator.py for tasks to queue
[2024-07-09T02:19:37.071+0000] {logging_mixin.py:188} INFO - [2024-07-09T02:19:37.070+0000] {dagbag.py:545} INFO - Filling up the DagBag from /home/airflow/.local/lib/python3.12/site-packages/airflow/example_dags/example_python_decorator.py
[2024-07-09T02:19:37.102+0000] {processor.py:840} INFO - DAG(s) 'example_python_decorator' retrieved from /home/airflow/.local/lib/python3.12/site-packages/airflow/example_dags/example_python_decorator.py
[2024-07-09T02:19:37.148+0000] {logging_mixin.py:188} INFO - [2024-07-09T02:19:37.148+0000] {dag.py:3096} INFO - Sync 1 DAGs
[2024-07-09T02:19:37.177+0000] {logging_mixin.py:188} INFO - [2024-07-09T02:19:37.177+0000] {dag.py:3954} INFO - Setting next_dagrun for example_python_decorator to None, run_after=None
[2024-07-09T02:19:37.215+0000] {processor.py:183} INFO - Processing /home/airflow/.local/lib/python3.12/site-packages/airflow/example_dags/example_python_decorator.py took 0.163 seconds
[2024-07-09T02:20:08.154+0000] {processor.py:161} INFO - Started process (PID=418) to work on /home/airflow/.local/lib/python3.12/site-packages/airflow/example_dags/example_python_decorator.py
[2024-07-09T02:20:08.157+0000] {processor.py:830} INFO - Processing file /home/airflow/.local/lib/python3.12/site-packages/airflow/example_dags/example_python_decorator.py for tasks to queue
[2024-07-09T02:20:08.164+0000] {logging_mixin.py:188} INFO - [2024-07-09T02:20:08.161+0000] {dagbag.py:545} INFO - Filling up the DagBag from /home/airflow/.local/lib/python3.12/site-packages/airflow/example_dags/example_python_decorator.py
[2024-07-09T02:20:08.205+0000] {processor.py:840} INFO - DAG(s) 'example_python_decorator' retrieved from /home/airflow/.local/lib/python3.12/site-packages/airflow/example_dags/example_python_decorator.py
[2024-07-09T02:20:08.274+0000] {logging_mixin.py:188} INFO - [2024-07-09T02:20:08.273+0000] {dag.py:3096} INFO - Sync 1 DAGs
[2024-07-09T02:20:08.321+0000] {logging_mixin.py:188} INFO - [2024-07-09T02:20:08.321+0000] {dag.py:3954} INFO - Setting next_dagrun for example_python_decorator to None, run_after=None
[2024-07-09T02:20:08.397+0000] {processor.py:183} INFO - Processing /home/airflow/.local/lib/python3.12/site-packages/airflow/example_dags/example_python_decorator.py took 0.266 seconds
[2024-07-09T02:20:39.200+0000] {processor.py:161} INFO - Started process (PID=478) to work on /home/airflow/.local/lib/python3.12/site-packages/airflow/example_dags/example_python_decorator.py
[2024-07-09T02:20:39.202+0000] {processor.py:830} INFO - Processing file /home/airflow/.local/lib/python3.12/site-packages/airflow/example_dags/example_python_decorator.py for tasks to queue
[2024-07-09T02:20:39.209+0000] {logging_mixin.py:188} INFO - [2024-07-09T02:20:39.208+0000] {dagbag.py:545} INFO - Filling up the DagBag from /home/airflow/.local/lib/python3.12/site-packages/airflow/example_dags/example_python_decorator.py
[2024-07-09T02:20:39.247+0000] {processor.py:840} INFO - DAG(s) 'example_python_decorator' retrieved from /home/airflow/.local/lib/python3.12/site-packages/airflow/example_dags/example_python_decorator.py
[2024-07-09T02:20:39.300+0000] {logging_mixin.py:188} INFO - [2024-07-09T02:20:39.300+0000] {dag.py:3096} INFO - Sync 1 DAGs
[2024-07-09T02:20:39.331+0000] {logging_mixin.py:188} INFO - [2024-07-09T02:20:39.331+0000] {dag.py:3954} INFO - Setting next_dagrun for example_python_decorator to None, run_after=None
[2024-07-09T02:20:39.405+0000] {processor.py:183} INFO - Processing /home/airflow/.local/lib/python3.12/site-packages/airflow/example_dags/example_python_decorator.py took 0.225 seconds
[2024-07-09T02:21:10.362+0000] {processor.py:161} INFO - Started process (PID=537) to work on /home/airflow/.local/lib/python3.12/site-packages/airflow/example_dags/example_python_decorator.py
[2024-07-09T02:21:10.363+0000] {processor.py:830} INFO - Processing file /home/airflow/.local/lib/python3.12/site-packages/airflow/example_dags/example_python_decorator.py for tasks to queue
[2024-07-09T02:21:10.366+0000] {logging_mixin.py:188} INFO - [2024-07-09T02:21:10.365+0000] {dagbag.py:545} INFO - Filling up the DagBag from /home/airflow/.local/lib/python3.12/site-packages/airflow/example_dags/example_python_decorator.py
[2024-07-09T02:21:10.389+0000] {processor.py:840} INFO - DAG(s) 'example_python_decorator' retrieved from /home/airflow/.local/lib/python3.12/site-packages/airflow/example_dags/example_python_decorator.py
[2024-07-09T02:21:10.419+0000] {logging_mixin.py:188} INFO - [2024-07-09T02:21:10.419+0000] {dag.py:3096} INFO - Sync 1 DAGs
[2024-07-09T02:21:10.436+0000] {logging_mixin.py:188} INFO - [2024-07-09T02:21:10.435+0000] {dag.py:3954} INFO - Setting next_dagrun for example_python_decorator to None, run_after=None
[2024-07-09T02:21:10.462+0000] {processor.py:183} INFO - Processing /home/airflow/.local/lib/python3.12/site-packages/airflow/example_dags/example_python_decorator.py took 0.110 seconds
[2024-07-09T02:21:40.866+0000] {processor.py:161} INFO - Started process (PID=597) to work on /home/airflow/.local/lib/python3.12/site-packages/airflow/example_dags/example_python_decorator.py
[2024-07-09T02:21:40.868+0000] {processor.py:830} INFO - Processing file /home/airflow/.local/lib/python3.12/site-packages/airflow/example_dags/example_python_decorator.py for tasks to queue
[2024-07-09T02:21:40.872+0000] {logging_mixin.py:188} INFO - [2024-07-09T02:21:40.871+0000] {dagbag.py:545} INFO - Filling up the DagBag from /home/airflow/.local/lib/python3.12/site-packages/airflow/example_dags/example_python_decorator.py
[2024-07-09T02:21:40.895+0000] {processor.py:840} INFO - DAG(s) 'example_python_decorator' retrieved from /home/airflow/.local/lib/python3.12/site-packages/airflow/example_dags/example_python_decorator.py
[2024-07-09T02:21:40.935+0000] {logging_mixin.py:188} INFO - [2024-07-09T02:21:40.934+0000] {dag.py:3096} INFO - Sync 1 DAGs
[2024-07-09T02:21:40.959+0000] {logging_mixin.py:188} INFO - [2024-07-09T02:21:40.959+0000] {dag.py:3954} INFO - Setting next_dagrun for example_python_decorator to None, run_after=None
[2024-07-09T02:21:41.020+0000] {processor.py:183} INFO - Processing /home/airflow/.local/lib/python3.12/site-packages/airflow/example_dags/example_python_decorator.py took 0.165 seconds
[2024-07-09T02:22:11.883+0000] {processor.py:161} INFO - Started process (PID=657) to work on /home/airflow/.local/lib/python3.12/site-packages/airflow/example_dags/example_python_decorator.py
[2024-07-09T02:22:11.884+0000] {processor.py:830} INFO - Processing file /home/airflow/.local/lib/python3.12/site-packages/airflow/example_dags/example_python_decorator.py for tasks to queue
[2024-07-09T02:22:11.886+0000] {logging_mixin.py:188} INFO - [2024-07-09T02:22:11.886+0000] {dagbag.py:545} INFO - Filling up the DagBag from /home/airflow/.local/lib/python3.12/site-packages/airflow/example_dags/example_python_decorator.py
[2024-07-09T02:22:11.909+0000] {processor.py:840} INFO - DAG(s) 'example_python_decorator' retrieved from /home/airflow/.local/lib/python3.12/site-packages/airflow/example_dags/example_python_decorator.py
[2024-07-09T02:22:11.950+0000] {logging_mixin.py:188} INFO - [2024-07-09T02:22:11.949+0000] {dag.py:3096} INFO - Sync 1 DAGs
[2024-07-09T02:22:11.989+0000] {logging_mixin.py:188} INFO - [2024-07-09T02:22:11.988+0000] {dag.py:3954} INFO - Setting next_dagrun for example_python_decorator to None, run_after=None
[2024-07-09T02:22:12.069+0000] {processor.py:183} INFO - Processing /home/airflow/.local/lib/python3.12/site-packages/airflow/example_dags/example_python_decorator.py took 0.195 seconds
[2024-07-09T02:22:42.850+0000] {processor.py:161} INFO - Started process (PID=717) to work on /home/airflow/.local/lib/python3.12/site-packages/airflow/example_dags/example_python_decorator.py
[2024-07-09T02:22:42.852+0000] {processor.py:830} INFO - Processing file /home/airflow/.local/lib/python3.12/site-packages/airflow/example_dags/example_python_decorator.py for tasks to queue
[2024-07-09T02:22:42.854+0000] {logging_mixin.py:188} INFO - [2024-07-09T02:22:42.854+0000] {dagbag.py:545} INFO - Filling up the DagBag from /home/airflow/.local/lib/python3.12/site-packages/airflow/example_dags/example_python_decorator.py
[2024-07-09T02:22:42.880+0000] {processor.py:840} INFO - DAG(s) 'example_python_decorator' retrieved from /home/airflow/.local/lib/python3.12/site-packages/airflow/example_dags/example_python_decorator.py
[2024-07-09T02:22:42.918+0000] {logging_mixin.py:188} INFO - [2024-07-09T02:22:42.918+0000] {dag.py:3096} INFO - Sync 1 DAGs
[2024-07-09T02:22:42.942+0000] {logging_mixin.py:188} INFO - [2024-07-09T02:22:42.941+0000] {dag.py:3954} INFO - Setting next_dagrun for example_python_decorator to None, run_after=None
[2024-07-09T02:22:42.971+0000] {processor.py:183} INFO - Processing /home/airflow/.local/lib/python3.12/site-packages/airflow/example_dags/example_python_decorator.py took 0.134 seconds
[2024-07-09T02:23:13.365+0000] {processor.py:161} INFO - Started process (PID=776) to work on /home/airflow/.local/lib/python3.12/site-packages/airflow/example_dags/example_python_decorator.py
[2024-07-09T02:23:13.366+0000] {processor.py:830} INFO - Processing file /home/airflow/.local/lib/python3.12/site-packages/airflow/example_dags/example_python_decorator.py for tasks to queue
[2024-07-09T02:23:13.368+0000] {logging_mixin.py:188} INFO - [2024-07-09T02:23:13.368+0000] {dagbag.py:545} INFO - Filling up the DagBag from /home/airflow/.local/lib/python3.12/site-packages/airflow/example_dags/example_python_decorator.py
[2024-07-09T02:23:13.383+0000] {processor.py:840} INFO - DAG(s) 'example_python_decorator' retrieved from /home/airflow/.local/lib/python3.12/site-packages/airflow/example_dags/example_python_decorator.py
[2024-07-09T02:23:13.411+0000] {logging_mixin.py:188} INFO - [2024-07-09T02:23:13.411+0000] {dag.py:3096} INFO - Sync 1 DAGs
[2024-07-09T02:23:13.430+0000] {logging_mixin.py:188} INFO - [2024-07-09T02:23:13.429+0000] {dag.py:3954} INFO - Setting next_dagrun for example_python_decorator to None, run_after=None
[2024-07-09T02:23:13.481+0000] {processor.py:183} INFO - Processing /home/airflow/.local/lib/python3.12/site-packages/airflow/example_dags/example_python_decorator.py took 0.125 seconds
[2024-07-09T02:23:44.488+0000] {processor.py:161} INFO - Started process (PID=836) to work on /home/airflow/.local/lib/python3.12/site-packages/airflow/example_dags/example_python_decorator.py
[2024-07-09T02:23:44.494+0000] {processor.py:830} INFO - Processing file /home/airflow/.local/lib/python3.12/site-packages/airflow/example_dags/example_python_decorator.py for tasks to queue
[2024-07-09T02:23:44.498+0000] {logging_mixin.py:188} INFO - [2024-07-09T02:23:44.497+0000] {dagbag.py:545} INFO - Filling up the DagBag from /home/airflow/.local/lib/python3.12/site-packages/airflow/example_dags/example_python_decorator.py
[2024-07-09T02:23:44.535+0000] {processor.py:840} INFO - DAG(s) 'example_python_decorator' retrieved from /home/airflow/.local/lib/python3.12/site-packages/airflow/example_dags/example_python_decorator.py
[2024-07-09T02:23:44.597+0000] {logging_mixin.py:188} INFO - [2024-07-09T02:23:44.597+0000] {dag.py:3096} INFO - Sync 1 DAGs
[2024-07-09T02:23:44.635+0000] {logging_mixin.py:188} INFO - [2024-07-09T02:23:44.634+0000] {dag.py:3954} INFO - Setting next_dagrun for example_python_decorator to None, run_after=None
[2024-07-09T02:23:44.684+0000] {processor.py:183} INFO - Processing /home/airflow/.local/lib/python3.12/site-packages/airflow/example_dags/example_python_decorator.py took 0.209 seconds
[2024-07-09T02:24:15.315+0000] {processor.py:161} INFO - Started process (PID=903) to work on /home/airflow/.local/lib/python3.12/site-packages/airflow/example_dags/example_python_decorator.py
[2024-07-09T02:24:15.317+0000] {processor.py:830} INFO - Processing file /home/airflow/.local/lib/python3.12/site-packages/airflow/example_dags/example_python_decorator.py for tasks to queue
[2024-07-09T02:24:15.321+0000] {logging_mixin.py:188} INFO - [2024-07-09T02:24:15.320+0000] {dagbag.py:545} INFO - Filling up the DagBag from /home/airflow/.local/lib/python3.12/site-packages/airflow/example_dags/example_python_decorator.py
[2024-07-09T02:24:15.355+0000] {processor.py:840} INFO - DAG(s) 'example_python_decorator' retrieved from /home/airflow/.local/lib/python3.12/site-packages/airflow/example_dags/example_python_decorator.py
[2024-07-09T02:24:15.414+0000] {logging_mixin.py:188} INFO - [2024-07-09T02:24:15.413+0000] {dag.py:3096} INFO - Sync 1 DAGs
[2024-07-09T02:24:15.446+0000] {logging_mixin.py:188} INFO - [2024-07-09T02:24:15.446+0000] {dag.py:3954} INFO - Setting next_dagrun for example_python_decorator to None, run_after=None
[2024-07-09T02:24:15.502+0000] {processor.py:183} INFO - Processing /home/airflow/.local/lib/python3.12/site-packages/airflow/example_dags/example_python_decorator.py took 0.203 seconds
[2024-07-09T02:24:46.023+0000] {processor.py:161} INFO - Started process (PID=963) to work on /home/airflow/.local/lib/python3.12/site-packages/airflow/example_dags/example_python_decorator.py
[2024-07-09T02:24:46.024+0000] {processor.py:830} INFO - Processing file /home/airflow/.local/lib/python3.12/site-packages/airflow/example_dags/example_python_decorator.py for tasks to queue
[2024-07-09T02:24:46.029+0000] {logging_mixin.py:188} INFO - [2024-07-09T02:24:46.028+0000] {dagbag.py:545} INFO - Filling up the DagBag from /home/airflow/.local/lib/python3.12/site-packages/airflow/example_dags/example_python_decorator.py
[2024-07-09T02:24:46.064+0000] {processor.py:840} INFO - DAG(s) 'example_python_decorator' retrieved from /home/airflow/.local/lib/python3.12/site-packages/airflow/example_dags/example_python_decorator.py
[2024-07-09T02:24:46.127+0000] {logging_mixin.py:188} INFO - [2024-07-09T02:24:46.126+0000] {dag.py:3096} INFO - Sync 1 DAGs
[2024-07-09T02:24:46.199+0000] {logging_mixin.py:188} INFO - [2024-07-09T02:24:46.198+0000] {dag.py:3954} INFO - Setting next_dagrun for example_python_decorator to None, run_after=None
[2024-07-09T02:24:46.296+0000] {processor.py:183} INFO - Processing /home/airflow/.local/lib/python3.12/site-packages/airflow/example_dags/example_python_decorator.py took 0.284 seconds
[2024-07-09T02:25:16.853+0000] {processor.py:161} INFO - Started process (PID=1031) to work on /home/airflow/.local/lib/python3.12/site-packages/airflow/example_dags/example_python_decorator.py
[2024-07-09T02:25:16.856+0000] {processor.py:830} INFO - Processing file /home/airflow/.local/lib/python3.12/site-packages/airflow/example_dags/example_python_decorator.py for tasks to queue
[2024-07-09T02:25:16.862+0000] {logging_mixin.py:188} INFO - [2024-07-09T02:25:16.861+0000] {dagbag.py:545} INFO - Filling up the DagBag from /home/airflow/.local/lib/python3.12/site-packages/airflow/example_dags/example_python_decorator.py
[2024-07-09T02:25:16.912+0000] {processor.py:840} INFO - DAG(s) 'example_python_decorator' retrieved from /home/airflow/.local/lib/python3.12/site-packages/airflow/example_dags/example_python_decorator.py
[2024-07-09T02:25:17.003+0000] {logging_mixin.py:188} INFO - [2024-07-09T02:25:17.002+0000] {dag.py:3096} INFO - Sync 1 DAGs
[2024-07-09T02:25:17.049+0000] {logging_mixin.py:188} INFO - [2024-07-09T02:25:17.049+0000] {dag.py:3954} INFO - Setting next_dagrun for example_python_decorator to None, run_after=None
[2024-07-09T02:25:17.149+0000] {processor.py:183} INFO - Processing /home/airflow/.local/lib/python3.12/site-packages/airflow/example_dags/example_python_decorator.py took 0.311 seconds
[2024-07-09T02:25:47.710+0000] {processor.py:161} INFO - Started process (PID=1099) to work on /home/airflow/.local/lib/python3.12/site-packages/airflow/example_dags/example_python_decorator.py
[2024-07-09T02:25:47.712+0000] {processor.py:830} INFO - Processing file /home/airflow/.local/lib/python3.12/site-packages/airflow/example_dags/example_python_decorator.py for tasks to queue
[2024-07-09T02:25:47.716+0000] {logging_mixin.py:188} INFO - [2024-07-09T02:25:47.715+0000] {dagbag.py:545} INFO - Filling up the DagBag from /home/airflow/.local/lib/python3.12/site-packages/airflow/example_dags/example_python_decorator.py
[2024-07-09T02:25:47.744+0000] {processor.py:840} INFO - DAG(s) 'example_python_decorator' retrieved from /home/airflow/.local/lib/python3.12/site-packages/airflow/example_dags/example_python_decorator.py
[2024-07-09T02:25:47.785+0000] {logging_mixin.py:188} INFO - [2024-07-09T02:25:47.785+0000] {dag.py:3096} INFO - Sync 1 DAGs
[2024-07-09T02:25:47.811+0000] {logging_mixin.py:188} INFO - [2024-07-09T02:25:47.811+0000] {dag.py:3954} INFO - Setting next_dagrun for example_python_decorator to None, run_after=None
[2024-07-09T02:25:47.859+0000] {processor.py:183} INFO - Processing /home/airflow/.local/lib/python3.12/site-packages/airflow/example_dags/example_python_decorator.py took 0.163 seconds
[2024-07-09T02:26:18.073+0000] {processor.py:161} INFO - Started process (PID=1163) to work on /home/airflow/.local/lib/python3.12/site-packages/airflow/example_dags/example_python_decorator.py
[2024-07-09T02:26:18.075+0000] {processor.py:830} INFO - Processing file /home/airflow/.local/lib/python3.12/site-packages/airflow/example_dags/example_python_decorator.py for tasks to queue
[2024-07-09T02:26:18.079+0000] {logging_mixin.py:188} INFO - [2024-07-09T02:26:18.079+0000] {dagbag.py:545} INFO - Filling up the DagBag from /home/airflow/.local/lib/python3.12/site-packages/airflow/example_dags/example_python_decorator.py
[2024-07-09T02:26:18.134+0000] {processor.py:840} INFO - DAG(s) 'example_python_decorator' retrieved from /home/airflow/.local/lib/python3.12/site-packages/airflow/example_dags/example_python_decorator.py
[2024-07-09T02:26:18.251+0000] {logging_mixin.py:188} INFO - [2024-07-09T02:26:18.250+0000] {dag.py:3096} INFO - Sync 1 DAGs
[2024-07-09T02:26:18.306+0000] {logging_mixin.py:188} INFO - [2024-07-09T02:26:18.306+0000] {dag.py:3954} INFO - Setting next_dagrun for example_python_decorator to None, run_after=None
[2024-07-09T02:26:18.396+0000] {processor.py:183} INFO - Processing /home/airflow/.local/lib/python3.12/site-packages/airflow/example_dags/example_python_decorator.py took 0.333 seconds
[2024-07-09T02:26:48.968+0000] {processor.py:161} INFO - Started process (PID=1223) to work on /home/airflow/.local/lib/python3.12/site-packages/airflow/example_dags/example_python_decorator.py
[2024-07-09T02:26:48.970+0000] {processor.py:830} INFO - Processing file /home/airflow/.local/lib/python3.12/site-packages/airflow/example_dags/example_python_decorator.py for tasks to queue
[2024-07-09T02:26:48.975+0000] {logging_mixin.py:188} INFO - [2024-07-09T02:26:48.973+0000] {dagbag.py:545} INFO - Filling up the DagBag from /home/airflow/.local/lib/python3.12/site-packages/airflow/example_dags/example_python_decorator.py
[2024-07-09T02:26:49.020+0000] {processor.py:840} INFO - DAG(s) 'example_python_decorator' retrieved from /home/airflow/.local/lib/python3.12/site-packages/airflow/example_dags/example_python_decorator.py
[2024-07-09T02:26:49.086+0000] {logging_mixin.py:188} INFO - [2024-07-09T02:26:49.086+0000] {dag.py:3096} INFO - Sync 1 DAGs
[2024-07-09T02:26:49.124+0000] {logging_mixin.py:188} INFO - [2024-07-09T02:26:49.124+0000] {dag.py:3954} INFO - Setting next_dagrun for example_python_decorator to None, run_after=None
[2024-07-09T02:26:49.184+0000] {processor.py:183} INFO - Processing /home/airflow/.local/lib/python3.12/site-packages/airflow/example_dags/example_python_decorator.py took 0.229 seconds
[2024-07-09T02:27:19.991+0000] {processor.py:161} INFO - Started process (PID=1287) to work on /home/airflow/.local/lib/python3.12/site-packages/airflow/example_dags/example_python_decorator.py
[2024-07-09T02:27:19.993+0000] {processor.py:830} INFO - Processing file /home/airflow/.local/lib/python3.12/site-packages/airflow/example_dags/example_python_decorator.py for tasks to queue
[2024-07-09T02:27:19.998+0000] {logging_mixin.py:188} INFO - [2024-07-09T02:27:19.997+0000] {dagbag.py:545} INFO - Filling up the DagBag from /home/airflow/.local/lib/python3.12/site-packages/airflow/example_dags/example_python_decorator.py
[2024-07-09T02:27:20.034+0000] {processor.py:840} INFO - DAG(s) 'example_python_decorator' retrieved from /home/airflow/.local/lib/python3.12/site-packages/airflow/example_dags/example_python_decorator.py
[2024-07-09T02:27:20.125+0000] {logging_mixin.py:188} INFO - [2024-07-09T02:27:20.124+0000] {dag.py:3096} INFO - Sync 1 DAGs
[2024-07-09T02:27:20.166+0000] {logging_mixin.py:188} INFO - [2024-07-09T02:27:20.165+0000] {dag.py:3954} INFO - Setting next_dagrun for example_python_decorator to None, run_after=None
[2024-07-09T02:27:20.231+0000] {processor.py:183} INFO - Processing /home/airflow/.local/lib/python3.12/site-packages/airflow/example_dags/example_python_decorator.py took 0.255 seconds
[2024-07-09T02:27:50.674+0000] {processor.py:161} INFO - Started process (PID=1347) to work on /home/airflow/.local/lib/python3.12/site-packages/airflow/example_dags/example_python_decorator.py
[2024-07-09T02:27:50.677+0000] {processor.py:830} INFO - Processing file /home/airflow/.local/lib/python3.12/site-packages/airflow/example_dags/example_python_decorator.py for tasks to queue
[2024-07-09T02:27:50.682+0000] {logging_mixin.py:188} INFO - [2024-07-09T02:27:50.681+0000] {dagbag.py:545} INFO - Filling up the DagBag from /home/airflow/.local/lib/python3.12/site-packages/airflow/example_dags/example_python_decorator.py
[2024-07-09T02:27:50.721+0000] {processor.py:840} INFO - DAG(s) 'example_python_decorator' retrieved from /home/airflow/.local/lib/python3.12/site-packages/airflow/example_dags/example_python_decorator.py
[2024-07-09T02:27:50.803+0000] {logging_mixin.py:188} INFO - [2024-07-09T02:27:50.802+0000] {dag.py:3096} INFO - Sync 1 DAGs
[2024-07-09T02:27:50.844+0000] {logging_mixin.py:188} INFO - [2024-07-09T02:27:50.844+0000] {dag.py:3954} INFO - Setting next_dagrun for example_python_decorator to None, run_after=None
[2024-07-09T02:27:50.913+0000] {processor.py:183} INFO - Processing /home/airflow/.local/lib/python3.12/site-packages/airflow/example_dags/example_python_decorator.py took 0.253 seconds
[2024-07-09T02:28:21.252+0000] {processor.py:161} INFO - Started process (PID=1407) to work on /home/airflow/.local/lib/python3.12/site-packages/airflow/example_dags/example_python_decorator.py
[2024-07-09T02:28:21.254+0000] {processor.py:830} INFO - Processing file /home/airflow/.local/lib/python3.12/site-packages/airflow/example_dags/example_python_decorator.py for tasks to queue
[2024-07-09T02:28:21.262+0000] {logging_mixin.py:188} INFO - [2024-07-09T02:28:21.262+0000] {dagbag.py:545} INFO - Filling up the DagBag from /home/airflow/.local/lib/python3.12/site-packages/airflow/example_dags/example_python_decorator.py
[2024-07-09T02:28:21.302+0000] {processor.py:840} INFO - DAG(s) 'example_python_decorator' retrieved from /home/airflow/.local/lib/python3.12/site-packages/airflow/example_dags/example_python_decorator.py
[2024-07-09T02:28:21.372+0000] {logging_mixin.py:188} INFO - [2024-07-09T02:28:21.372+0000] {dag.py:3096} INFO - Sync 1 DAGs
[2024-07-09T02:28:21.432+0000] {logging_mixin.py:188} INFO - [2024-07-09T02:28:21.431+0000] {dag.py:3954} INFO - Setting next_dagrun for example_python_decorator to None, run_after=None
[2024-07-09T02:28:21.491+0000] {processor.py:183} INFO - Processing /home/airflow/.local/lib/python3.12/site-packages/airflow/example_dags/example_python_decorator.py took 0.253 seconds
[2024-07-09T02:28:51.961+0000] {processor.py:161} INFO - Started process (PID=1466) to work on /home/airflow/.local/lib/python3.12/site-packages/airflow/example_dags/example_python_decorator.py
[2024-07-09T02:28:51.963+0000] {processor.py:830} INFO - Processing file /home/airflow/.local/lib/python3.12/site-packages/airflow/example_dags/example_python_decorator.py for tasks to queue
[2024-07-09T02:28:51.967+0000] {logging_mixin.py:188} INFO - [2024-07-09T02:28:51.967+0000] {dagbag.py:545} INFO - Filling up the DagBag from /home/airflow/.local/lib/python3.12/site-packages/airflow/example_dags/example_python_decorator.py
[2024-07-09T02:28:51.999+0000] {processor.py:840} INFO - DAG(s) 'example_python_decorator' retrieved from /home/airflow/.local/lib/python3.12/site-packages/airflow/example_dags/example_python_decorator.py
[2024-07-09T02:28:52.051+0000] {logging_mixin.py:188} INFO - [2024-07-09T02:28:52.050+0000] {dag.py:3096} INFO - Sync 1 DAGs
[2024-07-09T02:28:52.087+0000] {logging_mixin.py:188} INFO - [2024-07-09T02:28:52.086+0000] {dag.py:3954} INFO - Setting next_dagrun for example_python_decorator to None, run_after=None
[2024-07-09T02:28:52.130+0000] {processor.py:183} INFO - Processing /home/airflow/.local/lib/python3.12/site-packages/airflow/example_dags/example_python_decorator.py took 0.183 seconds
[2024-07-09T02:29:26.132+0000] {processor.py:161} INFO - Started process (PID=1525) to work on /home/airflow/.local/lib/python3.12/site-packages/airflow/example_dags/example_python_decorator.py
[2024-07-09T02:29:26.150+0000] {processor.py:830} INFO - Processing file /home/airflow/.local/lib/python3.12/site-packages/airflow/example_dags/example_python_decorator.py for tasks to queue
[2024-07-09T02:29:26.171+0000] {logging_mixin.py:188} INFO - [2024-07-09T02:29:26.170+0000] {dagbag.py:545} INFO - Filling up the DagBag from /home/airflow/.local/lib/python3.12/site-packages/airflow/example_dags/example_python_decorator.py
[2024-07-09T02:29:26.264+0000] {processor.py:840} INFO - DAG(s) 'example_python_decorator' retrieved from /home/airflow/.local/lib/python3.12/site-packages/airflow/example_dags/example_python_decorator.py
[2024-07-09T02:29:26.408+0000] {logging_mixin.py:188} INFO - [2024-07-09T02:29:26.407+0000] {dag.py:3096} INFO - Sync 1 DAGs
[2024-07-09T02:29:26.521+0000] {logging_mixin.py:188} INFO - [2024-07-09T02:29:26.520+0000] {dag.py:3954} INFO - Setting next_dagrun for example_python_decorator to None, run_after=None
[2024-07-09T02:29:26.656+0000] {processor.py:183} INFO - Processing /home/airflow/.local/lib/python3.12/site-packages/airflow/example_dags/example_python_decorator.py took 0.558 seconds
[2024-07-09T02:29:57.179+0000] {processor.py:161} INFO - Started process (PID=1584) to work on /home/airflow/.local/lib/python3.12/site-packages/airflow/example_dags/example_python_decorator.py
[2024-07-09T02:29:57.182+0000] {processor.py:830} INFO - Processing file /home/airflow/.local/lib/python3.12/site-packages/airflow/example_dags/example_python_decorator.py for tasks to queue
[2024-07-09T02:29:57.187+0000] {logging_mixin.py:188} INFO - [2024-07-09T02:29:57.186+0000] {dagbag.py:545} INFO - Filling up the DagBag from /home/airflow/.local/lib/python3.12/site-packages/airflow/example_dags/example_python_decorator.py
[2024-07-09T02:29:57.232+0000] {processor.py:840} INFO - DAG(s) 'example_python_decorator' retrieved from /home/airflow/.local/lib/python3.12/site-packages/airflow/example_dags/example_python_decorator.py
[2024-07-09T02:29:57.287+0000] {logging_mixin.py:188} INFO - [2024-07-09T02:29:57.287+0000] {dag.py:3096} INFO - Sync 1 DAGs
[2024-07-09T02:29:57.326+0000] {logging_mixin.py:188} INFO - [2024-07-09T02:29:57.325+0000] {dag.py:3954} INFO - Setting next_dagrun for example_python_decorator to None, run_after=None
[2024-07-09T02:29:57.418+0000] {processor.py:183} INFO - Processing /home/airflow/.local/lib/python3.12/site-packages/airflow/example_dags/example_python_decorator.py took 0.262 seconds
[2024-07-09T02:30:27.550+0000] {processor.py:161} INFO - Started process (PID=1643) to work on /home/airflow/.local/lib/python3.12/site-packages/airflow/example_dags/example_python_decorator.py
[2024-07-09T02:30:27.552+0000] {processor.py:830} INFO - Processing file /home/airflow/.local/lib/python3.12/site-packages/airflow/example_dags/example_python_decorator.py for tasks to queue
[2024-07-09T02:30:27.555+0000] {logging_mixin.py:188} INFO - [2024-07-09T02:30:27.554+0000] {dagbag.py:545} INFO - Filling up the DagBag from /home/airflow/.local/lib/python3.12/site-packages/airflow/example_dags/example_python_decorator.py
[2024-07-09T02:30:27.577+0000] {processor.py:840} INFO - DAG(s) 'example_python_decorator' retrieved from /home/airflow/.local/lib/python3.12/site-packages/airflow/example_dags/example_python_decorator.py
[2024-07-09T02:30:27.615+0000] {logging_mixin.py:188} INFO - [2024-07-09T02:30:27.615+0000] {dag.py:3096} INFO - Sync 1 DAGs
[2024-07-09T02:30:27.639+0000] {logging_mixin.py:188} INFO - [2024-07-09T02:30:27.639+0000] {dag.py:3954} INFO - Setting next_dagrun for example_python_decorator to None, run_after=None
[2024-07-09T02:30:27.669+0000] {processor.py:183} INFO - Processing /home/airflow/.local/lib/python3.12/site-packages/airflow/example_dags/example_python_decorator.py took 0.127 seconds
[2024-07-09T02:30:58.513+0000] {processor.py:161} INFO - Started process (PID=1703) to work on /home/airflow/.local/lib/python3.12/site-packages/airflow/example_dags/example_python_decorator.py
[2024-07-09T02:30:58.515+0000] {processor.py:830} INFO - Processing file /home/airflow/.local/lib/python3.12/site-packages/airflow/example_dags/example_python_decorator.py for tasks to queue
[2024-07-09T02:30:58.518+0000] {logging_mixin.py:188} INFO - [2024-07-09T02:30:58.518+0000] {dagbag.py:545} INFO - Filling up the DagBag from /home/airflow/.local/lib/python3.12/site-packages/airflow/example_dags/example_python_decorator.py
[2024-07-09T02:30:58.564+0000] {processor.py:840} INFO - DAG(s) 'example_python_decorator' retrieved from /home/airflow/.local/lib/python3.12/site-packages/airflow/example_dags/example_python_decorator.py
[2024-07-09T02:30:58.619+0000] {logging_mixin.py:188} INFO - [2024-07-09T02:30:58.619+0000] {dag.py:3096} INFO - Sync 1 DAGs
[2024-07-09T02:30:58.644+0000] {logging_mixin.py:188} INFO - [2024-07-09T02:30:58.643+0000] {dag.py:3954} INFO - Setting next_dagrun for example_python_decorator to None, run_after=None
[2024-07-09T02:30:58.688+0000] {processor.py:183} INFO - Processing /home/airflow/.local/lib/python3.12/site-packages/airflow/example_dags/example_python_decorator.py took 0.187 seconds
[2024-07-09T02:31:28.804+0000] {processor.py:161} INFO - Started process (PID=1763) to work on /home/airflow/.local/lib/python3.12/site-packages/airflow/example_dags/example_python_decorator.py
[2024-07-09T02:31:28.816+0000] {processor.py:830} INFO - Processing file /home/airflow/.local/lib/python3.12/site-packages/airflow/example_dags/example_python_decorator.py for tasks to queue
[2024-07-09T02:31:28.820+0000] {logging_mixin.py:188} INFO - [2024-07-09T02:31:28.819+0000] {dagbag.py:545} INFO - Filling up the DagBag from /home/airflow/.local/lib/python3.12/site-packages/airflow/example_dags/example_python_decorator.py
[2024-07-09T02:31:28.850+0000] {processor.py:840} INFO - DAG(s) 'example_python_decorator' retrieved from /home/airflow/.local/lib/python3.12/site-packages/airflow/example_dags/example_python_decorator.py
[2024-07-09T02:31:28.916+0000] {logging_mixin.py:188} INFO - [2024-07-09T02:31:28.916+0000] {dag.py:3096} INFO - Sync 1 DAGs
[2024-07-09T02:31:28.954+0000] {logging_mixin.py:188} INFO - [2024-07-09T02:31:28.954+0000] {dag.py:3954} INFO - Setting next_dagrun for example_python_decorator to None, run_after=None
[2024-07-09T02:31:29.012+0000] {processor.py:183} INFO - Processing /home/airflow/.local/lib/python3.12/site-packages/airflow/example_dags/example_python_decorator.py took 0.221 seconds
[2024-07-09T02:31:59.304+0000] {processor.py:161} INFO - Started process (PID=1823) to work on /home/airflow/.local/lib/python3.12/site-packages/airflow/example_dags/example_python_decorator.py
[2024-07-09T02:31:59.305+0000] {processor.py:830} INFO - Processing file /home/airflow/.local/lib/python3.12/site-packages/airflow/example_dags/example_python_decorator.py for tasks to queue
[2024-07-09T02:31:59.308+0000] {logging_mixin.py:188} INFO - [2024-07-09T02:31:59.307+0000] {dagbag.py:545} INFO - Filling up the DagBag from /home/airflow/.local/lib/python3.12/site-packages/airflow/example_dags/example_python_decorator.py
[2024-07-09T02:31:59.329+0000] {processor.py:840} INFO - DAG(s) 'example_python_decorator' retrieved from /home/airflow/.local/lib/python3.12/site-packages/airflow/example_dags/example_python_decorator.py
[2024-07-09T02:31:59.394+0000] {logging_mixin.py:188} INFO - [2024-07-09T02:31:59.393+0000] {dag.py:3096} INFO - Sync 1 DAGs
[2024-07-09T02:31:59.436+0000] {logging_mixin.py:188} INFO - [2024-07-09T02:31:59.435+0000] {dag.py:3954} INFO - Setting next_dagrun for example_python_decorator to None, run_after=None
[2024-07-09T02:31:59.468+0000] {processor.py:183} INFO - Processing /home/airflow/.local/lib/python3.12/site-packages/airflow/example_dags/example_python_decorator.py took 0.174 seconds
[2024-07-09T02:32:29.788+0000] {processor.py:161} INFO - Started process (PID=1881) to work on /home/airflow/.local/lib/python3.12/site-packages/airflow/example_dags/example_python_decorator.py
[2024-07-09T02:32:29.790+0000] {processor.py:830} INFO - Processing file /home/airflow/.local/lib/python3.12/site-packages/airflow/example_dags/example_python_decorator.py for tasks to queue
[2024-07-09T02:32:29.792+0000] {logging_mixin.py:188} INFO - [2024-07-09T02:32:29.792+0000] {dagbag.py:545} INFO - Filling up the DagBag from /home/airflow/.local/lib/python3.12/site-packages/airflow/example_dags/example_python_decorator.py
[2024-07-09T02:32:29.818+0000] {processor.py:840} INFO - DAG(s) 'example_python_decorator' retrieved from /home/airflow/.local/lib/python3.12/site-packages/airflow/example_dags/example_python_decorator.py
[2024-07-09T02:32:29.851+0000] {logging_mixin.py:188} INFO - [2024-07-09T02:32:29.850+0000] {dag.py:3096} INFO - Sync 1 DAGs
[2024-07-09T02:32:29.872+0000] {logging_mixin.py:188} INFO - [2024-07-09T02:32:29.871+0000] {dag.py:3954} INFO - Setting next_dagrun for example_python_decorator to None, run_after=None
[2024-07-09T02:32:29.919+0000] {processor.py:183} INFO - Processing /home/airflow/.local/lib/python3.12/site-packages/airflow/example_dags/example_python_decorator.py took 0.139 seconds
[2024-07-09T02:33:00.375+0000] {processor.py:161} INFO - Started process (PID=1941) to work on /home/airflow/.local/lib/python3.12/site-packages/airflow/example_dags/example_python_decorator.py
[2024-07-09T02:33:00.376+0000] {processor.py:830} INFO - Processing file /home/airflow/.local/lib/python3.12/site-packages/airflow/example_dags/example_python_decorator.py for tasks to queue
[2024-07-09T02:33:00.378+0000] {logging_mixin.py:188} INFO - [2024-07-09T02:33:00.378+0000] {dagbag.py:545} INFO - Filling up the DagBag from /home/airflow/.local/lib/python3.12/site-packages/airflow/example_dags/example_python_decorator.py
[2024-07-09T02:33:00.392+0000] {processor.py:840} INFO - DAG(s) 'example_python_decorator' retrieved from /home/airflow/.local/lib/python3.12/site-packages/airflow/example_dags/example_python_decorator.py
[2024-07-09T02:33:00.553+0000] {logging_mixin.py:188} INFO - [2024-07-09T02:33:00.553+0000] {dag.py:3096} INFO - Sync 1 DAGs
[2024-07-09T02:33:00.566+0000] {logging_mixin.py:188} INFO - [2024-07-09T02:33:00.566+0000] {dag.py:3954} INFO - Setting next_dagrun for example_python_decorator to None, run_after=None
[2024-07-09T02:33:00.605+0000] {processor.py:183} INFO - Processing /home/airflow/.local/lib/python3.12/site-packages/airflow/example_dags/example_python_decorator.py took 0.236 seconds
[2024-07-09T02:33:31.351+0000] {processor.py:161} INFO - Started process (PID=2002) to work on /home/airflow/.local/lib/python3.12/site-packages/airflow/example_dags/example_python_decorator.py
[2024-07-09T02:33:31.353+0000] {processor.py:830} INFO - Processing file /home/airflow/.local/lib/python3.12/site-packages/airflow/example_dags/example_python_decorator.py for tasks to queue
[2024-07-09T02:33:31.356+0000] {logging_mixin.py:188} INFO - [2024-07-09T02:33:31.356+0000] {dagbag.py:545} INFO - Filling up the DagBag from /home/airflow/.local/lib/python3.12/site-packages/airflow/example_dags/example_python_decorator.py
[2024-07-09T02:33:31.377+0000] {processor.py:840} INFO - DAG(s) 'example_python_decorator' retrieved from /home/airflow/.local/lib/python3.12/site-packages/airflow/example_dags/example_python_decorator.py
[2024-07-09T02:33:31.427+0000] {logging_mixin.py:188} INFO - [2024-07-09T02:33:31.427+0000] {dag.py:3096} INFO - Sync 1 DAGs
[2024-07-09T02:33:31.467+0000] {logging_mixin.py:188} INFO - [2024-07-09T02:33:31.465+0000] {dag.py:3954} INFO - Setting next_dagrun for example_python_decorator to None, run_after=None
[2024-07-09T02:33:31.525+0000] {processor.py:183} INFO - Processing /home/airflow/.local/lib/python3.12/site-packages/airflow/example_dags/example_python_decorator.py took 0.187 seconds
[2024-07-09T02:34:01.908+0000] {processor.py:161} INFO - Started process (PID=2062) to work on /home/airflow/.local/lib/python3.12/site-packages/airflow/example_dags/example_python_decorator.py
[2024-07-09T02:34:01.910+0000] {processor.py:830} INFO - Processing file /home/airflow/.local/lib/python3.12/site-packages/airflow/example_dags/example_python_decorator.py for tasks to queue
[2024-07-09T02:34:01.912+0000] {logging_mixin.py:188} INFO - [2024-07-09T02:34:01.912+0000] {dagbag.py:545} INFO - Filling up the DagBag from /home/airflow/.local/lib/python3.12/site-packages/airflow/example_dags/example_python_decorator.py
[2024-07-09T02:34:01.929+0000] {processor.py:840} INFO - DAG(s) 'example_python_decorator' retrieved from /home/airflow/.local/lib/python3.12/site-packages/airflow/example_dags/example_python_decorator.py
[2024-07-09T02:34:01.954+0000] {logging_mixin.py:188} INFO - [2024-07-09T02:34:01.954+0000] {dag.py:3096} INFO - Sync 1 DAGs
[2024-07-09T02:34:01.968+0000] {logging_mixin.py:188} INFO - [2024-07-09T02:34:01.968+0000] {dag.py:3954} INFO - Setting next_dagrun for example_python_decorator to None, run_after=None
[2024-07-09T02:34:02.004+0000] {processor.py:183} INFO - Processing /home/airflow/.local/lib/python3.12/site-packages/airflow/example_dags/example_python_decorator.py took 0.103 seconds
