[2024-07-09T01:48:42.985+0000] {processor.py:161} INFO - Started process (PID=42) to work on /home/airflow/.local/lib/python3.12/site-packages/airflow/example_dags/example_xcom.py
[2024-07-09T01:48:42.987+0000] {processor.py:830} INFO - Processing file /home/airflow/.local/lib/python3.12/site-packages/airflow/example_dags/example_xcom.py for tasks to queue
[2024-07-09T01:48:42.991+0000] {logging_mixin.py:188} INFO - [2024-07-09T01:48:42.990+0000] {dagbag.py:545} INFO - Filling up the DagBag from /home/airflow/.local/lib/python3.12/site-packages/airflow/example_dags/example_xcom.py
[2024-07-09T01:48:43.015+0000] {processor.py:840} INFO - DAG(s) 'example_xcom' retrieved from /home/airflow/.local/lib/python3.12/site-packages/airflow/example_dags/example_xcom.py
[2024-07-09T01:48:43.367+0000] {logging_mixin.py:188} INFO - [2024-07-09T01:48:43.366+0000] {override.py:1829} INFO - Created Permission View: can edit on DAG:example_xcom
[2024-07-09T01:48:43.403+0000] {logging_mixin.py:188} INFO - [2024-07-09T01:48:43.402+0000] {override.py:1829} INFO - Created Permission View: can read on DAG:example_xcom
[2024-07-09T01:48:43.441+0000] {logging_mixin.py:188} INFO - [2024-07-09T01:48:43.440+0000] {override.py:1829} INFO - Created Permission View: can delete on DAG:example_xcom
[2024-07-09T01:48:43.444+0000] {logging_mixin.py:188} INFO - [2024-07-09T01:48:43.443+0000] {dag.py:3096} INFO - Sync 1 DAGs
[2024-07-09T01:48:43.475+0000] {logging_mixin.py:188} INFO - [2024-07-09T01:48:43.475+0000] {dag.py:3118} INFO - Creating ORM DAG for example_xcom
[2024-07-09T01:48:43.496+0000] {logging_mixin.py:188} INFO - [2024-07-09T01:48:43.496+0000] {dag.py:3954} INFO - Setting next_dagrun for example_xcom to 2021-01-01 00:00:00+00:00, run_after=2021-01-01 00:00:00+00:00
[2024-07-09T01:48:43.543+0000] {processor.py:183} INFO - Processing /home/airflow/.local/lib/python3.12/site-packages/airflow/example_dags/example_xcom.py took 0.574 seconds
[2024-07-09T01:49:13.673+0000] {processor.py:161} INFO - Started process (PID=100) to work on /home/airflow/.local/lib/python3.12/site-packages/airflow/example_dags/example_xcom.py
[2024-07-09T01:49:13.674+0000] {processor.py:830} INFO - Processing file /home/airflow/.local/lib/python3.12/site-packages/airflow/example_dags/example_xcom.py for tasks to queue
[2024-07-09T01:49:13.676+0000] {logging_mixin.py:188} INFO - [2024-07-09T01:49:13.676+0000] {dagbag.py:545} INFO - Filling up the DagBag from /home/airflow/.local/lib/python3.12/site-packages/airflow/example_dags/example_xcom.py
[2024-07-09T01:49:13.684+0000] {processor.py:840} INFO - DAG(s) 'example_xcom' retrieved from /home/airflow/.local/lib/python3.12/site-packages/airflow/example_dags/example_xcom.py
[2024-07-09T01:49:13.708+0000] {logging_mixin.py:188} INFO - [2024-07-09T01:49:13.707+0000] {dag.py:3096} INFO - Sync 1 DAGs
[2024-07-09T01:49:13.730+0000] {logging_mixin.py:188} INFO - [2024-07-09T01:49:13.730+0000] {dag.py:3954} INFO - Setting next_dagrun for example_xcom to 2021-01-01 00:00:00+00:00, run_after=2021-01-01 00:00:00+00:00
[2024-07-09T01:49:13.755+0000] {processor.py:183} INFO - Processing /home/airflow/.local/lib/python3.12/site-packages/airflow/example_dags/example_xcom.py took 0.087 seconds
[2024-07-09T01:49:44.022+0000] {processor.py:161} INFO - Started process (PID=160) to work on /home/airflow/.local/lib/python3.12/site-packages/airflow/example_dags/example_xcom.py
[2024-07-09T01:49:44.023+0000] {processor.py:830} INFO - Processing file /home/airflow/.local/lib/python3.12/site-packages/airflow/example_dags/example_xcom.py for tasks to queue
[2024-07-09T01:49:44.026+0000] {logging_mixin.py:188} INFO - [2024-07-09T01:49:44.026+0000] {dagbag.py:545} INFO - Filling up the DagBag from /home/airflow/.local/lib/python3.12/site-packages/airflow/example_dags/example_xcom.py
[2024-07-09T01:49:44.039+0000] {processor.py:840} INFO - DAG(s) 'example_xcom' retrieved from /home/airflow/.local/lib/python3.12/site-packages/airflow/example_dags/example_xcom.py
[2024-07-09T01:49:44.072+0000] {logging_mixin.py:188} INFO - [2024-07-09T01:49:44.072+0000] {dag.py:3096} INFO - Sync 1 DAGs
[2024-07-09T01:49:44.118+0000] {logging_mixin.py:188} INFO - [2024-07-09T01:49:44.117+0000] {dag.py:3954} INFO - Setting next_dagrun for example_xcom to 2021-01-01 00:00:00+00:00, run_after=2021-01-01 00:00:00+00:00
[2024-07-09T01:49:44.153+0000] {processor.py:183} INFO - Processing /home/airflow/.local/lib/python3.12/site-packages/airflow/example_dags/example_xcom.py took 0.140 seconds
[2024-07-09T01:50:14.220+0000] {processor.py:161} INFO - Started process (PID=220) to work on /home/airflow/.local/lib/python3.12/site-packages/airflow/example_dags/example_xcom.py
[2024-07-09T01:50:14.221+0000] {processor.py:830} INFO - Processing file /home/airflow/.local/lib/python3.12/site-packages/airflow/example_dags/example_xcom.py for tasks to queue
[2024-07-09T01:50:14.224+0000] {logging_mixin.py:188} INFO - [2024-07-09T01:50:14.224+0000] {dagbag.py:545} INFO - Filling up the DagBag from /home/airflow/.local/lib/python3.12/site-packages/airflow/example_dags/example_xcom.py
[2024-07-09T01:50:14.232+0000] {processor.py:840} INFO - DAG(s) 'example_xcom' retrieved from /home/airflow/.local/lib/python3.12/site-packages/airflow/example_dags/example_xcom.py
[2024-07-09T01:50:14.259+0000] {logging_mixin.py:188} INFO - [2024-07-09T01:50:14.259+0000] {dag.py:3096} INFO - Sync 1 DAGs
[2024-07-09T01:50:14.284+0000] {logging_mixin.py:188} INFO - [2024-07-09T01:50:14.284+0000] {dag.py:3954} INFO - Setting next_dagrun for example_xcom to 2021-01-01 00:00:00+00:00, run_after=2021-01-01 00:00:00+00:00
[2024-07-09T01:50:14.328+0000] {processor.py:183} INFO - Processing /home/airflow/.local/lib/python3.12/site-packages/airflow/example_dags/example_xcom.py took 0.115 seconds
[2024-07-09T01:50:44.525+0000] {processor.py:161} INFO - Started process (PID=280) to work on /home/airflow/.local/lib/python3.12/site-packages/airflow/example_dags/example_xcom.py
[2024-07-09T01:50:44.526+0000] {processor.py:830} INFO - Processing file /home/airflow/.local/lib/python3.12/site-packages/airflow/example_dags/example_xcom.py for tasks to queue
[2024-07-09T01:50:44.528+0000] {logging_mixin.py:188} INFO - [2024-07-09T01:50:44.527+0000] {dagbag.py:545} INFO - Filling up the DagBag from /home/airflow/.local/lib/python3.12/site-packages/airflow/example_dags/example_xcom.py
[2024-07-09T01:50:44.535+0000] {processor.py:840} INFO - DAG(s) 'example_xcom' retrieved from /home/airflow/.local/lib/python3.12/site-packages/airflow/example_dags/example_xcom.py
[2024-07-09T01:50:44.574+0000] {logging_mixin.py:188} INFO - [2024-07-09T01:50:44.574+0000] {dag.py:3096} INFO - Sync 1 DAGs
[2024-07-09T01:50:44.600+0000] {logging_mixin.py:188} INFO - [2024-07-09T01:50:44.600+0000] {dag.py:3954} INFO - Setting next_dagrun for example_xcom to 2021-01-01 00:00:00+00:00, run_after=2021-01-01 00:00:00+00:00
[2024-07-09T01:50:44.624+0000] {processor.py:183} INFO - Processing /home/airflow/.local/lib/python3.12/site-packages/airflow/example_dags/example_xcom.py took 0.106 seconds
[2024-07-09T01:51:14.745+0000] {processor.py:161} INFO - Started process (PID=340) to work on /home/airflow/.local/lib/python3.12/site-packages/airflow/example_dags/example_xcom.py
[2024-07-09T01:51:14.746+0000] {processor.py:830} INFO - Processing file /home/airflow/.local/lib/python3.12/site-packages/airflow/example_dags/example_xcom.py for tasks to queue
[2024-07-09T01:51:14.748+0000] {logging_mixin.py:188} INFO - [2024-07-09T01:51:14.748+0000] {dagbag.py:545} INFO - Filling up the DagBag from /home/airflow/.local/lib/python3.12/site-packages/airflow/example_dags/example_xcom.py
[2024-07-09T01:51:14.756+0000] {processor.py:840} INFO - DAG(s) 'example_xcom' retrieved from /home/airflow/.local/lib/python3.12/site-packages/airflow/example_dags/example_xcom.py
[2024-07-09T01:51:14.780+0000] {logging_mixin.py:188} INFO - [2024-07-09T01:51:14.780+0000] {dag.py:3096} INFO - Sync 1 DAGs
[2024-07-09T01:51:14.806+0000] {logging_mixin.py:188} INFO - [2024-07-09T01:51:14.806+0000] {dag.py:3954} INFO - Setting next_dagrun for example_xcom to 2021-01-01 00:00:00+00:00, run_after=2021-01-01 00:00:00+00:00
[2024-07-09T01:51:14.839+0000] {processor.py:183} INFO - Processing /home/airflow/.local/lib/python3.12/site-packages/airflow/example_dags/example_xcom.py took 0.101 seconds
[2024-07-09T01:51:45.220+0000] {processor.py:161} INFO - Started process (PID=400) to work on /home/airflow/.local/lib/python3.12/site-packages/airflow/example_dags/example_xcom.py
[2024-07-09T01:51:45.221+0000] {processor.py:830} INFO - Processing file /home/airflow/.local/lib/python3.12/site-packages/airflow/example_dags/example_xcom.py for tasks to queue
[2024-07-09T01:51:45.223+0000] {logging_mixin.py:188} INFO - [2024-07-09T01:51:45.223+0000] {dagbag.py:545} INFO - Filling up the DagBag from /home/airflow/.local/lib/python3.12/site-packages/airflow/example_dags/example_xcom.py
[2024-07-09T01:51:45.233+0000] {processor.py:840} INFO - DAG(s) 'example_xcom' retrieved from /home/airflow/.local/lib/python3.12/site-packages/airflow/example_dags/example_xcom.py
[2024-07-09T01:51:45.263+0000] {logging_mixin.py:188} INFO - [2024-07-09T01:51:45.263+0000] {dag.py:3096} INFO - Sync 1 DAGs
[2024-07-09T01:51:45.296+0000] {logging_mixin.py:188} INFO - [2024-07-09T01:51:45.295+0000] {dag.py:3954} INFO - Setting next_dagrun for example_xcom to 2021-01-01 00:00:00+00:00, run_after=2021-01-01 00:00:00+00:00
[2024-07-09T01:51:45.323+0000] {processor.py:183} INFO - Processing /home/airflow/.local/lib/python3.12/site-packages/airflow/example_dags/example_xcom.py took 0.114 seconds
[2024-07-09T01:52:16.019+0000] {processor.py:161} INFO - Started process (PID=460) to work on /home/airflow/.local/lib/python3.12/site-packages/airflow/example_dags/example_xcom.py
[2024-07-09T01:52:16.020+0000] {processor.py:830} INFO - Processing file /home/airflow/.local/lib/python3.12/site-packages/airflow/example_dags/example_xcom.py for tasks to queue
[2024-07-09T01:52:16.023+0000] {logging_mixin.py:188} INFO - [2024-07-09T01:52:16.022+0000] {dagbag.py:545} INFO - Filling up the DagBag from /home/airflow/.local/lib/python3.12/site-packages/airflow/example_dags/example_xcom.py
[2024-07-09T01:52:16.032+0000] {processor.py:840} INFO - DAG(s) 'example_xcom' retrieved from /home/airflow/.local/lib/python3.12/site-packages/airflow/example_dags/example_xcom.py
[2024-07-09T01:52:16.060+0000] {logging_mixin.py:188} INFO - [2024-07-09T01:52:16.060+0000] {dag.py:3096} INFO - Sync 1 DAGs
[2024-07-09T01:52:16.085+0000] {logging_mixin.py:188} INFO - [2024-07-09T01:52:16.084+0000] {dag.py:3954} INFO - Setting next_dagrun for example_xcom to 2021-01-01 00:00:00+00:00, run_after=2021-01-01 00:00:00+00:00
[2024-07-09T01:52:16.109+0000] {processor.py:183} INFO - Processing /home/airflow/.local/lib/python3.12/site-packages/airflow/example_dags/example_xcom.py took 0.097 seconds
[2024-07-09T01:52:46.745+0000] {processor.py:161} INFO - Started process (PID=520) to work on /home/airflow/.local/lib/python3.12/site-packages/airflow/example_dags/example_xcom.py
[2024-07-09T01:52:46.746+0000] {processor.py:830} INFO - Processing file /home/airflow/.local/lib/python3.12/site-packages/airflow/example_dags/example_xcom.py for tasks to queue
[2024-07-09T01:52:46.748+0000] {logging_mixin.py:188} INFO - [2024-07-09T01:52:46.748+0000] {dagbag.py:545} INFO - Filling up the DagBag from /home/airflow/.local/lib/python3.12/site-packages/airflow/example_dags/example_xcom.py
[2024-07-09T01:52:46.757+0000] {processor.py:840} INFO - DAG(s) 'example_xcom' retrieved from /home/airflow/.local/lib/python3.12/site-packages/airflow/example_dags/example_xcom.py
[2024-07-09T01:52:46.783+0000] {logging_mixin.py:188} INFO - [2024-07-09T01:52:46.783+0000] {dag.py:3096} INFO - Sync 1 DAGs
[2024-07-09T01:52:46.812+0000] {logging_mixin.py:188} INFO - [2024-07-09T01:52:46.811+0000] {dag.py:3954} INFO - Setting next_dagrun for example_xcom to 2021-01-01 00:00:00+00:00, run_after=2021-01-01 00:00:00+00:00
[2024-07-09T01:52:46.837+0000] {processor.py:183} INFO - Processing /home/airflow/.local/lib/python3.12/site-packages/airflow/example_dags/example_xcom.py took 0.098 seconds
[2024-07-09T01:53:16.933+0000] {processor.py:161} INFO - Started process (PID=580) to work on /home/airflow/.local/lib/python3.12/site-packages/airflow/example_dags/example_xcom.py
[2024-07-09T01:53:16.934+0000] {processor.py:830} INFO - Processing file /home/airflow/.local/lib/python3.12/site-packages/airflow/example_dags/example_xcom.py for tasks to queue
[2024-07-09T01:53:16.936+0000] {logging_mixin.py:188} INFO - [2024-07-09T01:53:16.936+0000] {dagbag.py:545} INFO - Filling up the DagBag from /home/airflow/.local/lib/python3.12/site-packages/airflow/example_dags/example_xcom.py
[2024-07-09T01:53:16.945+0000] {processor.py:840} INFO - DAG(s) 'example_xcom' retrieved from /home/airflow/.local/lib/python3.12/site-packages/airflow/example_dags/example_xcom.py
[2024-07-09T01:53:16.970+0000] {logging_mixin.py:188} INFO - [2024-07-09T01:53:16.970+0000] {dag.py:3096} INFO - Sync 1 DAGs
[2024-07-09T01:53:16.994+0000] {logging_mixin.py:188} INFO - [2024-07-09T01:53:16.993+0000] {dag.py:3954} INFO - Setting next_dagrun for example_xcom to 2021-01-01 00:00:00+00:00, run_after=2021-01-01 00:00:00+00:00
[2024-07-09T01:53:17.024+0000] {processor.py:183} INFO - Processing /home/airflow/.local/lib/python3.12/site-packages/airflow/example_dags/example_xcom.py took 0.097 seconds
[2024-07-09T01:53:47.417+0000] {processor.py:161} INFO - Started process (PID=639) to work on /home/airflow/.local/lib/python3.12/site-packages/airflow/example_dags/example_xcom.py
[2024-07-09T01:53:47.418+0000] {processor.py:830} INFO - Processing file /home/airflow/.local/lib/python3.12/site-packages/airflow/example_dags/example_xcom.py for tasks to queue
[2024-07-09T01:53:47.420+0000] {logging_mixin.py:188} INFO - [2024-07-09T01:53:47.420+0000] {dagbag.py:545} INFO - Filling up the DagBag from /home/airflow/.local/lib/python3.12/site-packages/airflow/example_dags/example_xcom.py
[2024-07-09T01:53:47.428+0000] {processor.py:840} INFO - DAG(s) 'example_xcom' retrieved from /home/airflow/.local/lib/python3.12/site-packages/airflow/example_dags/example_xcom.py
[2024-07-09T01:53:47.452+0000] {logging_mixin.py:188} INFO - [2024-07-09T01:53:47.451+0000] {dag.py:3096} INFO - Sync 1 DAGs
[2024-07-09T01:53:47.478+0000] {logging_mixin.py:188} INFO - [2024-07-09T01:53:47.477+0000] {dag.py:3954} INFO - Setting next_dagrun for example_xcom to 2021-01-01 00:00:00+00:00, run_after=2021-01-01 00:00:00+00:00
[2024-07-09T01:53:47.503+0000] {processor.py:183} INFO - Processing /home/airflow/.local/lib/python3.12/site-packages/airflow/example_dags/example_xcom.py took 0.093 seconds
[2024-07-09T01:54:17.998+0000] {processor.py:161} INFO - Started process (PID=699) to work on /home/airflow/.local/lib/python3.12/site-packages/airflow/example_dags/example_xcom.py
[2024-07-09T01:54:17.999+0000] {processor.py:830} INFO - Processing file /home/airflow/.local/lib/python3.12/site-packages/airflow/example_dags/example_xcom.py for tasks to queue
[2024-07-09T01:54:18.002+0000] {logging_mixin.py:188} INFO - [2024-07-09T01:54:18.002+0000] {dagbag.py:545} INFO - Filling up the DagBag from /home/airflow/.local/lib/python3.12/site-packages/airflow/example_dags/example_xcom.py
[2024-07-09T01:54:18.016+0000] {processor.py:840} INFO - DAG(s) 'example_xcom' retrieved from /home/airflow/.local/lib/python3.12/site-packages/airflow/example_dags/example_xcom.py
[2024-07-09T01:54:18.049+0000] {logging_mixin.py:188} INFO - [2024-07-09T01:54:18.049+0000] {dag.py:3096} INFO - Sync 1 DAGs
[2024-07-09T01:54:18.084+0000] {logging_mixin.py:188} INFO - [2024-07-09T01:54:18.084+0000] {dag.py:3954} INFO - Setting next_dagrun for example_xcom to 2021-01-01 00:00:00+00:00, run_after=2021-01-01 00:00:00+00:00
[2024-07-09T01:54:18.119+0000] {processor.py:183} INFO - Processing /home/airflow/.local/lib/python3.12/site-packages/airflow/example_dags/example_xcom.py took 0.130 seconds
[2024-07-09T01:54:48.886+0000] {processor.py:161} INFO - Started process (PID=759) to work on /home/airflow/.local/lib/python3.12/site-packages/airflow/example_dags/example_xcom.py
[2024-07-09T01:54:48.900+0000] {processor.py:830} INFO - Processing file /home/airflow/.local/lib/python3.12/site-packages/airflow/example_dags/example_xcom.py for tasks to queue
[2024-07-09T01:54:48.903+0000] {logging_mixin.py:188} INFO - [2024-07-09T01:54:48.903+0000] {dagbag.py:545} INFO - Filling up the DagBag from /home/airflow/.local/lib/python3.12/site-packages/airflow/example_dags/example_xcom.py
[2024-07-09T01:54:48.914+0000] {processor.py:840} INFO - DAG(s) 'example_xcom' retrieved from /home/airflow/.local/lib/python3.12/site-packages/airflow/example_dags/example_xcom.py
[2024-07-09T01:54:48.939+0000] {logging_mixin.py:188} INFO - [2024-07-09T01:54:48.939+0000] {dag.py:3096} INFO - Sync 1 DAGs
[2024-07-09T01:54:48.964+0000] {logging_mixin.py:188} INFO - [2024-07-09T01:54:48.964+0000] {dag.py:3954} INFO - Setting next_dagrun for example_xcom to 2021-01-01 00:00:00+00:00, run_after=2021-01-01 00:00:00+00:00
[2024-07-09T01:54:48.990+0000] {processor.py:183} INFO - Processing /home/airflow/.local/lib/python3.12/site-packages/airflow/example_dags/example_xcom.py took 0.109 seconds
[2024-07-09T01:55:19.642+0000] {processor.py:161} INFO - Started process (PID=818) to work on /home/airflow/.local/lib/python3.12/site-packages/airflow/example_dags/example_xcom.py
[2024-07-09T01:55:19.644+0000] {processor.py:830} INFO - Processing file /home/airflow/.local/lib/python3.12/site-packages/airflow/example_dags/example_xcom.py for tasks to queue
[2024-07-09T01:55:19.646+0000] {logging_mixin.py:188} INFO - [2024-07-09T01:55:19.645+0000] {dagbag.py:545} INFO - Filling up the DagBag from /home/airflow/.local/lib/python3.12/site-packages/airflow/example_dags/example_xcom.py
[2024-07-09T01:55:19.654+0000] {processor.py:840} INFO - DAG(s) 'example_xcom' retrieved from /home/airflow/.local/lib/python3.12/site-packages/airflow/example_dags/example_xcom.py
[2024-07-09T01:55:19.676+0000] {logging_mixin.py:188} INFO - [2024-07-09T01:55:19.676+0000] {dag.py:3096} INFO - Sync 1 DAGs
[2024-07-09T01:55:19.701+0000] {logging_mixin.py:188} INFO - [2024-07-09T01:55:19.700+0000] {dag.py:3954} INFO - Setting next_dagrun for example_xcom to 2021-01-01 00:00:00+00:00, run_after=2021-01-01 00:00:00+00:00
[2024-07-09T01:55:19.735+0000] {processor.py:183} INFO - Processing /home/airflow/.local/lib/python3.12/site-packages/airflow/example_dags/example_xcom.py took 0.098 seconds
[2024-07-09T01:55:50.605+0000] {processor.py:161} INFO - Started process (PID=878) to work on /home/airflow/.local/lib/python3.12/site-packages/airflow/example_dags/example_xcom.py
[2024-07-09T01:55:50.607+0000] {processor.py:830} INFO - Processing file /home/airflow/.local/lib/python3.12/site-packages/airflow/example_dags/example_xcom.py for tasks to queue
[2024-07-09T01:55:50.609+0000] {logging_mixin.py:188} INFO - [2024-07-09T01:55:50.609+0000] {dagbag.py:545} INFO - Filling up the DagBag from /home/airflow/.local/lib/python3.12/site-packages/airflow/example_dags/example_xcom.py
[2024-07-09T01:55:50.622+0000] {processor.py:840} INFO - DAG(s) 'example_xcom' retrieved from /home/airflow/.local/lib/python3.12/site-packages/airflow/example_dags/example_xcom.py
[2024-07-09T01:55:50.657+0000] {logging_mixin.py:188} INFO - [2024-07-09T01:55:50.657+0000] {dag.py:3096} INFO - Sync 1 DAGs
[2024-07-09T01:55:50.691+0000] {logging_mixin.py:188} INFO - [2024-07-09T01:55:50.690+0000] {dag.py:3954} INFO - Setting next_dagrun for example_xcom to 2021-01-01 00:00:00+00:00, run_after=2021-01-01 00:00:00+00:00
[2024-07-09T01:55:50.726+0000] {processor.py:183} INFO - Processing /home/airflow/.local/lib/python3.12/site-packages/airflow/example_dags/example_xcom.py took 0.130 seconds
[2024-07-09T01:56:20.880+0000] {processor.py:161} INFO - Started process (PID=937) to work on /home/airflow/.local/lib/python3.12/site-packages/airflow/example_dags/example_xcom.py
[2024-07-09T01:56:20.884+0000] {processor.py:830} INFO - Processing file /home/airflow/.local/lib/python3.12/site-packages/airflow/example_dags/example_xcom.py for tasks to queue
[2024-07-09T01:56:20.890+0000] {logging_mixin.py:188} INFO - [2024-07-09T01:56:20.889+0000] {dagbag.py:545} INFO - Filling up the DagBag from /home/airflow/.local/lib/python3.12/site-packages/airflow/example_dags/example_xcom.py
[2024-07-09T01:56:20.919+0000] {processor.py:840} INFO - DAG(s) 'example_xcom' retrieved from /home/airflow/.local/lib/python3.12/site-packages/airflow/example_dags/example_xcom.py
[2024-07-09T01:56:21.005+0000] {logging_mixin.py:188} INFO - [2024-07-09T01:56:21.004+0000] {dag.py:3096} INFO - Sync 1 DAGs
[2024-07-09T01:56:21.043+0000] {logging_mixin.py:188} INFO - [2024-07-09T01:56:21.043+0000] {dag.py:3954} INFO - Setting next_dagrun for example_xcom to 2021-01-01 00:00:00+00:00, run_after=2021-01-01 00:00:00+00:00
[2024-07-09T01:56:21.078+0000] {processor.py:183} INFO - Processing /home/airflow/.local/lib/python3.12/site-packages/airflow/example_dags/example_xcom.py took 0.209 seconds
[2024-07-09T01:56:51.360+0000] {processor.py:161} INFO - Started process (PID=997) to work on /home/airflow/.local/lib/python3.12/site-packages/airflow/example_dags/example_xcom.py
[2024-07-09T01:56:51.362+0000] {processor.py:830} INFO - Processing file /home/airflow/.local/lib/python3.12/site-packages/airflow/example_dags/example_xcom.py for tasks to queue
[2024-07-09T01:56:51.366+0000] {logging_mixin.py:188} INFO - [2024-07-09T01:56:51.365+0000] {dagbag.py:545} INFO - Filling up the DagBag from /home/airflow/.local/lib/python3.12/site-packages/airflow/example_dags/example_xcom.py
[2024-07-09T01:56:51.381+0000] {processor.py:840} INFO - DAG(s) 'example_xcom' retrieved from /home/airflow/.local/lib/python3.12/site-packages/airflow/example_dags/example_xcom.py
[2024-07-09T01:56:51.419+0000] {logging_mixin.py:188} INFO - [2024-07-09T01:56:51.418+0000] {dag.py:3096} INFO - Sync 1 DAGs
[2024-07-09T01:56:51.460+0000] {logging_mixin.py:188} INFO - [2024-07-09T01:56:51.460+0000] {dag.py:3954} INFO - Setting next_dagrun for example_xcom to 2021-01-01 00:00:00+00:00, run_after=2021-01-01 00:00:00+00:00
[2024-07-09T01:56:51.499+0000] {processor.py:183} INFO - Processing /home/airflow/.local/lib/python3.12/site-packages/airflow/example_dags/example_xcom.py took 0.150 seconds
[2024-07-09T02:00:12.217+0000] {processor.py:161} INFO - Started process (PID=41) to work on /home/airflow/.local/lib/python3.12/site-packages/airflow/example_dags/example_xcom.py
[2024-07-09T02:00:12.221+0000] {processor.py:830} INFO - Processing file /home/airflow/.local/lib/python3.12/site-packages/airflow/example_dags/example_xcom.py for tasks to queue
[2024-07-09T02:00:12.227+0000] {logging_mixin.py:188} INFO - [2024-07-09T02:00:12.226+0000] {dagbag.py:545} INFO - Filling up the DagBag from /home/airflow/.local/lib/python3.12/site-packages/airflow/example_dags/example_xcom.py
[2024-07-09T02:00:12.254+0000] {processor.py:840} INFO - DAG(s) 'example_xcom' retrieved from /home/airflow/.local/lib/python3.12/site-packages/airflow/example_dags/example_xcom.py
[2024-07-09T02:00:12.521+0000] {logging_mixin.py:188} INFO - [2024-07-09T02:00:12.519+0000] {override.py:1829} INFO - Created Permission View: can edit on DAG:example_xcom
[2024-07-09T02:00:12.539+0000] {logging_mixin.py:188} INFO - [2024-07-09T02:00:12.539+0000] {override.py:1829} INFO - Created Permission View: can read on DAG:example_xcom
[2024-07-09T02:00:12.552+0000] {logging_mixin.py:188} INFO - [2024-07-09T02:00:12.551+0000] {override.py:1829} INFO - Created Permission View: can delete on DAG:example_xcom
[2024-07-09T02:00:12.553+0000] {logging_mixin.py:188} INFO - [2024-07-09T02:00:12.553+0000] {dag.py:3096} INFO - Sync 1 DAGs
[2024-07-09T02:00:12.578+0000] {logging_mixin.py:188} INFO - [2024-07-09T02:00:12.578+0000] {dag.py:3118} INFO - Creating ORM DAG for example_xcom
[2024-07-09T02:00:12.603+0000] {logging_mixin.py:188} INFO - [2024-07-09T02:00:12.603+0000] {dag.py:3954} INFO - Setting next_dagrun for example_xcom to 2021-01-01 00:00:00+00:00, run_after=2021-01-01 00:00:00+00:00
[2024-07-09T02:00:12.644+0000] {processor.py:183} INFO - Processing /home/airflow/.local/lib/python3.12/site-packages/airflow/example_dags/example_xcom.py took 0.444 seconds
[2024-07-09T02:00:42.910+0000] {processor.py:161} INFO - Started process (PID=99) to work on /home/airflow/.local/lib/python3.12/site-packages/airflow/example_dags/example_xcom.py
[2024-07-09T02:00:42.912+0000] {processor.py:830} INFO - Processing file /home/airflow/.local/lib/python3.12/site-packages/airflow/example_dags/example_xcom.py for tasks to queue
[2024-07-09T02:00:42.917+0000] {logging_mixin.py:188} INFO - [2024-07-09T02:00:42.916+0000] {dagbag.py:545} INFO - Filling up the DagBag from /home/airflow/.local/lib/python3.12/site-packages/airflow/example_dags/example_xcom.py
[2024-07-09T02:00:42.938+0000] {processor.py:840} INFO - DAG(s) 'example_xcom' retrieved from /home/airflow/.local/lib/python3.12/site-packages/airflow/example_dags/example_xcom.py
[2024-07-09T02:00:42.994+0000] {logging_mixin.py:188} INFO - [2024-07-09T02:00:42.994+0000] {dag.py:3096} INFO - Sync 1 DAGs
[2024-07-09T02:00:43.056+0000] {logging_mixin.py:188} INFO - [2024-07-09T02:00:43.055+0000] {dag.py:3954} INFO - Setting next_dagrun for example_xcom to 2021-01-01 00:00:00+00:00, run_after=2021-01-01 00:00:00+00:00
[2024-07-09T02:00:43.092+0000] {processor.py:183} INFO - Processing /home/airflow/.local/lib/python3.12/site-packages/airflow/example_dags/example_xcom.py took 0.194 seconds
[2024-07-09T02:01:13.598+0000] {processor.py:161} INFO - Started process (PID=159) to work on /home/airflow/.local/lib/python3.12/site-packages/airflow/example_dags/example_xcom.py
[2024-07-09T02:01:13.600+0000] {processor.py:830} INFO - Processing file /home/airflow/.local/lib/python3.12/site-packages/airflow/example_dags/example_xcom.py for tasks to queue
[2024-07-09T02:01:13.606+0000] {logging_mixin.py:188} INFO - [2024-07-09T02:01:13.605+0000] {dagbag.py:545} INFO - Filling up the DagBag from /home/airflow/.local/lib/python3.12/site-packages/airflow/example_dags/example_xcom.py
[2024-07-09T02:01:13.623+0000] {processor.py:840} INFO - DAG(s) 'example_xcom' retrieved from /home/airflow/.local/lib/python3.12/site-packages/airflow/example_dags/example_xcom.py
[2024-07-09T02:01:13.677+0000] {logging_mixin.py:188} INFO - [2024-07-09T02:01:13.677+0000] {dag.py:3096} INFO - Sync 1 DAGs
[2024-07-09T02:01:13.736+0000] {logging_mixin.py:188} INFO - [2024-07-09T02:01:13.736+0000] {dag.py:3954} INFO - Setting next_dagrun for example_xcom to 2021-01-01 00:00:00+00:00, run_after=2021-01-01 00:00:00+00:00
[2024-07-09T02:01:13.789+0000] {processor.py:183} INFO - Processing /home/airflow/.local/lib/python3.12/site-packages/airflow/example_dags/example_xcom.py took 0.211 seconds
[2024-07-09T02:01:43.990+0000] {processor.py:161} INFO - Started process (PID=218) to work on /home/airflow/.local/lib/python3.12/site-packages/airflow/example_dags/example_xcom.py
[2024-07-09T02:01:43.994+0000] {processor.py:830} INFO - Processing file /home/airflow/.local/lib/python3.12/site-packages/airflow/example_dags/example_xcom.py for tasks to queue
[2024-07-09T02:01:44.004+0000] {logging_mixin.py:188} INFO - [2024-07-09T02:01:44.002+0000] {dagbag.py:545} INFO - Filling up the DagBag from /home/airflow/.local/lib/python3.12/site-packages/airflow/example_dags/example_xcom.py
[2024-07-09T02:01:44.040+0000] {processor.py:840} INFO - DAG(s) 'example_xcom' retrieved from /home/airflow/.local/lib/python3.12/site-packages/airflow/example_dags/example_xcom.py
[2024-07-09T02:01:44.150+0000] {logging_mixin.py:188} INFO - [2024-07-09T02:01:44.149+0000] {dag.py:3096} INFO - Sync 1 DAGs
[2024-07-09T02:01:44.245+0000] {logging_mixin.py:188} INFO - [2024-07-09T02:01:44.244+0000] {dag.py:3954} INFO - Setting next_dagrun for example_xcom to 2021-01-01 00:00:00+00:00, run_after=2021-01-01 00:00:00+00:00
[2024-07-09T02:01:44.308+0000] {processor.py:183} INFO - Processing /home/airflow/.local/lib/python3.12/site-packages/airflow/example_dags/example_xcom.py took 0.338 seconds
[2024-07-09T02:03:34.872+0000] {processor.py:161} INFO - Started process (PID=43) to work on /home/airflow/.local/lib/python3.12/site-packages/airflow/example_dags/example_xcom.py
[2024-07-09T02:03:34.885+0000] {processor.py:830} INFO - Processing file /home/airflow/.local/lib/python3.12/site-packages/airflow/example_dags/example_xcom.py for tasks to queue
[2024-07-09T02:03:34.892+0000] {logging_mixin.py:188} INFO - [2024-07-09T02:03:34.891+0000] {dagbag.py:545} INFO - Filling up the DagBag from /home/airflow/.local/lib/python3.12/site-packages/airflow/example_dags/example_xcom.py
[2024-07-09T02:03:34.944+0000] {processor.py:840} INFO - DAG(s) 'example_xcom' retrieved from /home/airflow/.local/lib/python3.12/site-packages/airflow/example_dags/example_xcom.py
[2024-07-09T02:03:35.506+0000] {logging_mixin.py:188} INFO - [2024-07-09T02:03:35.505+0000] {dag.py:3096} INFO - Sync 1 DAGs
[2024-07-09T02:03:35.566+0000] {logging_mixin.py:188} INFO - [2024-07-09T02:03:35.565+0000] {dag.py:3954} INFO - Setting next_dagrun for example_xcom to 2021-01-01 00:00:00+00:00, run_after=2021-01-01 00:00:00+00:00
[2024-07-09T02:03:35.622+0000] {processor.py:183} INFO - Processing /home/airflow/.local/lib/python3.12/site-packages/airflow/example_dags/example_xcom.py took 0.781 seconds
[2024-07-09T02:04:06.761+0000] {processor.py:161} INFO - Started process (PID=103) to work on /home/airflow/.local/lib/python3.12/site-packages/airflow/example_dags/example_xcom.py
[2024-07-09T02:04:06.762+0000] {processor.py:830} INFO - Processing file /home/airflow/.local/lib/python3.12/site-packages/airflow/example_dags/example_xcom.py for tasks to queue
[2024-07-09T02:04:06.767+0000] {logging_mixin.py:188} INFO - [2024-07-09T02:04:06.766+0000] {dagbag.py:545} INFO - Filling up the DagBag from /home/airflow/.local/lib/python3.12/site-packages/airflow/example_dags/example_xcom.py
[2024-07-09T02:04:06.786+0000] {processor.py:840} INFO - DAG(s) 'example_xcom' retrieved from /home/airflow/.local/lib/python3.12/site-packages/airflow/example_dags/example_xcom.py
[2024-07-09T02:04:06.831+0000] {logging_mixin.py:188} INFO - [2024-07-09T02:04:06.831+0000] {dag.py:3096} INFO - Sync 1 DAGs
[2024-07-09T02:04:06.877+0000] {logging_mixin.py:188} INFO - [2024-07-09T02:04:06.877+0000] {dag.py:3954} INFO - Setting next_dagrun for example_xcom to 2021-01-01 00:00:00+00:00, run_after=2021-01-01 00:00:00+00:00
[2024-07-09T02:04:06.957+0000] {processor.py:183} INFO - Processing /home/airflow/.local/lib/python3.12/site-packages/airflow/example_dags/example_xcom.py took 0.208 seconds
[2024-07-09T02:04:37.406+0000] {processor.py:161} INFO - Started process (PID=162) to work on /home/airflow/.local/lib/python3.12/site-packages/airflow/example_dags/example_xcom.py
[2024-07-09T02:04:37.407+0000] {processor.py:830} INFO - Processing file /home/airflow/.local/lib/python3.12/site-packages/airflow/example_dags/example_xcom.py for tasks to queue
[2024-07-09T02:04:37.409+0000] {logging_mixin.py:188} INFO - [2024-07-09T02:04:37.409+0000] {dagbag.py:545} INFO - Filling up the DagBag from /home/airflow/.local/lib/python3.12/site-packages/airflow/example_dags/example_xcom.py
[2024-07-09T02:04:37.419+0000] {processor.py:840} INFO - DAG(s) 'example_xcom' retrieved from /home/airflow/.local/lib/python3.12/site-packages/airflow/example_dags/example_xcom.py
[2024-07-09T02:04:37.445+0000] {logging_mixin.py:188} INFO - [2024-07-09T02:04:37.444+0000] {dag.py:3096} INFO - Sync 1 DAGs
[2024-07-09T02:04:37.474+0000] {logging_mixin.py:188} INFO - [2024-07-09T02:04:37.474+0000] {dag.py:3954} INFO - Setting next_dagrun for example_xcom to 2021-01-01 00:00:00+00:00, run_after=2021-01-01 00:00:00+00:00
[2024-07-09T02:04:37.515+0000] {processor.py:183} INFO - Processing /home/airflow/.local/lib/python3.12/site-packages/airflow/example_dags/example_xcom.py took 0.116 seconds
[2024-07-09T02:05:07.943+0000] {processor.py:161} INFO - Started process (PID=222) to work on /home/airflow/.local/lib/python3.12/site-packages/airflow/example_dags/example_xcom.py
[2024-07-09T02:05:07.945+0000] {processor.py:830} INFO - Processing file /home/airflow/.local/lib/python3.12/site-packages/airflow/example_dags/example_xcom.py for tasks to queue
[2024-07-09T02:05:07.947+0000] {logging_mixin.py:188} INFO - [2024-07-09T02:05:07.947+0000] {dagbag.py:545} INFO - Filling up the DagBag from /home/airflow/.local/lib/python3.12/site-packages/airflow/example_dags/example_xcom.py
[2024-07-09T02:05:07.958+0000] {processor.py:840} INFO - DAG(s) 'example_xcom' retrieved from /home/airflow/.local/lib/python3.12/site-packages/airflow/example_dags/example_xcom.py
[2024-07-09T02:05:07.982+0000] {logging_mixin.py:188} INFO - [2024-07-09T02:05:07.982+0000] {dag.py:3096} INFO - Sync 1 DAGs
[2024-07-09T02:05:08.005+0000] {logging_mixin.py:188} INFO - [2024-07-09T02:05:08.004+0000] {dag.py:3954} INFO - Setting next_dagrun for example_xcom to 2021-01-01 00:00:00+00:00, run_after=2021-01-01 00:00:00+00:00
[2024-07-09T02:05:08.034+0000] {processor.py:183} INFO - Processing /home/airflow/.local/lib/python3.12/site-packages/airflow/example_dags/example_xcom.py took 0.096 seconds
[2024-07-09T02:05:38.820+0000] {processor.py:161} INFO - Started process (PID=282) to work on /home/airflow/.local/lib/python3.12/site-packages/airflow/example_dags/example_xcom.py
[2024-07-09T02:05:38.822+0000] {processor.py:830} INFO - Processing file /home/airflow/.local/lib/python3.12/site-packages/airflow/example_dags/example_xcom.py for tasks to queue
[2024-07-09T02:05:38.825+0000] {logging_mixin.py:188} INFO - [2024-07-09T02:05:38.824+0000] {dagbag.py:545} INFO - Filling up the DagBag from /home/airflow/.local/lib/python3.12/site-packages/airflow/example_dags/example_xcom.py
[2024-07-09T02:05:38.835+0000] {processor.py:840} INFO - DAG(s) 'example_xcom' retrieved from /home/airflow/.local/lib/python3.12/site-packages/airflow/example_dags/example_xcom.py
[2024-07-09T02:05:38.858+0000] {logging_mixin.py:188} INFO - [2024-07-09T02:05:38.858+0000] {dag.py:3096} INFO - Sync 1 DAGs
[2024-07-09T02:05:38.887+0000] {logging_mixin.py:188} INFO - [2024-07-09T02:05:38.887+0000] {dag.py:3954} INFO - Setting next_dagrun for example_xcom to 2021-01-01 00:00:00+00:00, run_after=2021-01-01 00:00:00+00:00
[2024-07-09T02:05:38.911+0000] {processor.py:183} INFO - Processing /home/airflow/.local/lib/python3.12/site-packages/airflow/example_dags/example_xcom.py took 0.099 seconds
[2024-07-09T02:06:09.125+0000] {processor.py:161} INFO - Started process (PID=343) to work on /home/airflow/.local/lib/python3.12/site-packages/airflow/example_dags/example_xcom.py
[2024-07-09T02:06:09.127+0000] {processor.py:830} INFO - Processing file /home/airflow/.local/lib/python3.12/site-packages/airflow/example_dags/example_xcom.py for tasks to queue
[2024-07-09T02:06:09.130+0000] {logging_mixin.py:188} INFO - [2024-07-09T02:06:09.129+0000] {dagbag.py:545} INFO - Filling up the DagBag from /home/airflow/.local/lib/python3.12/site-packages/airflow/example_dags/example_xcom.py
[2024-07-09T02:06:09.139+0000] {processor.py:840} INFO - DAG(s) 'example_xcom' retrieved from /home/airflow/.local/lib/python3.12/site-packages/airflow/example_dags/example_xcom.py
[2024-07-09T02:06:09.166+0000] {logging_mixin.py:188} INFO - [2024-07-09T02:06:09.165+0000] {dag.py:3096} INFO - Sync 1 DAGs
[2024-07-09T02:06:09.192+0000] {logging_mixin.py:188} INFO - [2024-07-09T02:06:09.192+0000] {dag.py:3954} INFO - Setting next_dagrun for example_xcom to 2021-01-01 00:00:00+00:00, run_after=2021-01-01 00:00:00+00:00
[2024-07-09T02:06:09.216+0000] {processor.py:183} INFO - Processing /home/airflow/.local/lib/python3.12/site-packages/airflow/example_dags/example_xcom.py took 0.097 seconds
[2024-07-09T02:06:39.304+0000] {processor.py:161} INFO - Started process (PID=405) to work on /home/airflow/.local/lib/python3.12/site-packages/airflow/example_dags/example_xcom.py
[2024-07-09T02:06:39.305+0000] {processor.py:830} INFO - Processing file /home/airflow/.local/lib/python3.12/site-packages/airflow/example_dags/example_xcom.py for tasks to queue
[2024-07-09T02:06:39.307+0000] {logging_mixin.py:188} INFO - [2024-07-09T02:06:39.307+0000] {dagbag.py:545} INFO - Filling up the DagBag from /home/airflow/.local/lib/python3.12/site-packages/airflow/example_dags/example_xcom.py
[2024-07-09T02:06:39.316+0000] {processor.py:840} INFO - DAG(s) 'example_xcom' retrieved from /home/airflow/.local/lib/python3.12/site-packages/airflow/example_dags/example_xcom.py
[2024-07-09T02:06:39.343+0000] {logging_mixin.py:188} INFO - [2024-07-09T02:06:39.343+0000] {dag.py:3096} INFO - Sync 1 DAGs
[2024-07-09T02:06:39.371+0000] {logging_mixin.py:188} INFO - [2024-07-09T02:06:39.371+0000] {dag.py:3954} INFO - Setting next_dagrun for example_xcom to 2021-01-01 00:00:00+00:00, run_after=2021-01-01 00:00:00+00:00
[2024-07-09T02:06:39.396+0000] {processor.py:183} INFO - Processing /home/airflow/.local/lib/python3.12/site-packages/airflow/example_dags/example_xcom.py took 0.100 seconds
[2024-07-09T02:07:09.677+0000] {processor.py:161} INFO - Started process (PID=465) to work on /home/airflow/.local/lib/python3.12/site-packages/airflow/example_dags/example_xcom.py
[2024-07-09T02:07:09.679+0000] {processor.py:830} INFO - Processing file /home/airflow/.local/lib/python3.12/site-packages/airflow/example_dags/example_xcom.py for tasks to queue
[2024-07-09T02:07:09.681+0000] {logging_mixin.py:188} INFO - [2024-07-09T02:07:09.681+0000] {dagbag.py:545} INFO - Filling up the DagBag from /home/airflow/.local/lib/python3.12/site-packages/airflow/example_dags/example_xcom.py
[2024-07-09T02:07:09.695+0000] {processor.py:840} INFO - DAG(s) 'example_xcom' retrieved from /home/airflow/.local/lib/python3.12/site-packages/airflow/example_dags/example_xcom.py
[2024-07-09T02:07:09.735+0000] {logging_mixin.py:188} INFO - [2024-07-09T02:07:09.735+0000] {dag.py:3096} INFO - Sync 1 DAGs
[2024-07-09T02:07:09.773+0000] {logging_mixin.py:188} INFO - [2024-07-09T02:07:09.772+0000] {dag.py:3954} INFO - Setting next_dagrun for example_xcom to 2021-01-01 00:00:00+00:00, run_after=2021-01-01 00:00:00+00:00
[2024-07-09T02:07:09.809+0000] {processor.py:183} INFO - Processing /home/airflow/.local/lib/python3.12/site-packages/airflow/example_dags/example_xcom.py took 0.140 seconds
[2024-07-09T02:07:39.894+0000] {processor.py:161} INFO - Started process (PID=525) to work on /home/airflow/.local/lib/python3.12/site-packages/airflow/example_dags/example_xcom.py
[2024-07-09T02:07:39.895+0000] {processor.py:830} INFO - Processing file /home/airflow/.local/lib/python3.12/site-packages/airflow/example_dags/example_xcom.py for tasks to queue
[2024-07-09T02:07:39.898+0000] {logging_mixin.py:188} INFO - [2024-07-09T02:07:39.897+0000] {dagbag.py:545} INFO - Filling up the DagBag from /home/airflow/.local/lib/python3.12/site-packages/airflow/example_dags/example_xcom.py
[2024-07-09T02:07:39.910+0000] {processor.py:840} INFO - DAG(s) 'example_xcom' retrieved from /home/airflow/.local/lib/python3.12/site-packages/airflow/example_dags/example_xcom.py
[2024-07-09T02:07:39.945+0000] {logging_mixin.py:188} INFO - [2024-07-09T02:07:39.945+0000] {dag.py:3096} INFO - Sync 1 DAGs
[2024-07-09T02:07:39.981+0000] {logging_mixin.py:188} INFO - [2024-07-09T02:07:39.981+0000] {dag.py:3954} INFO - Setting next_dagrun for example_xcom to 2021-01-01 00:00:00+00:00, run_after=2021-01-01 00:00:00+00:00
[2024-07-09T02:07:40.012+0000] {processor.py:183} INFO - Processing /home/airflow/.local/lib/python3.12/site-packages/airflow/example_dags/example_xcom.py took 0.130 seconds
[2024-07-09T02:08:10.360+0000] {processor.py:161} INFO - Started process (PID=586) to work on /home/airflow/.local/lib/python3.12/site-packages/airflow/example_dags/example_xcom.py
[2024-07-09T02:08:10.362+0000] {processor.py:830} INFO - Processing file /home/airflow/.local/lib/python3.12/site-packages/airflow/example_dags/example_xcom.py for tasks to queue
[2024-07-09T02:08:10.366+0000] {logging_mixin.py:188} INFO - [2024-07-09T02:08:10.366+0000] {dagbag.py:545} INFO - Filling up the DagBag from /home/airflow/.local/lib/python3.12/site-packages/airflow/example_dags/example_xcom.py
[2024-07-09T02:08:10.381+0000] {processor.py:840} INFO - DAG(s) 'example_xcom' retrieved from /home/airflow/.local/lib/python3.12/site-packages/airflow/example_dags/example_xcom.py
[2024-07-09T02:08:10.444+0000] {logging_mixin.py:188} INFO - [2024-07-09T02:08:10.443+0000] {dag.py:3096} INFO - Sync 1 DAGs
[2024-07-09T02:08:10.500+0000] {logging_mixin.py:188} INFO - [2024-07-09T02:08:10.499+0000] {dag.py:3954} INFO - Setting next_dagrun for example_xcom to 2021-01-01 00:00:00+00:00, run_after=2021-01-01 00:00:00+00:00
[2024-07-09T02:08:10.545+0000] {processor.py:183} INFO - Processing /home/airflow/.local/lib/python3.12/site-packages/airflow/example_dags/example_xcom.py took 0.196 seconds
[2024-07-09T02:08:40.861+0000] {processor.py:161} INFO - Started process (PID=645) to work on /home/airflow/.local/lib/python3.12/site-packages/airflow/example_dags/example_xcom.py
[2024-07-09T02:08:40.862+0000] {processor.py:830} INFO - Processing file /home/airflow/.local/lib/python3.12/site-packages/airflow/example_dags/example_xcom.py for tasks to queue
[2024-07-09T02:08:40.864+0000] {logging_mixin.py:188} INFO - [2024-07-09T02:08:40.864+0000] {dagbag.py:545} INFO - Filling up the DagBag from /home/airflow/.local/lib/python3.12/site-packages/airflow/example_dags/example_xcom.py
[2024-07-09T02:08:40.873+0000] {processor.py:840} INFO - DAG(s) 'example_xcom' retrieved from /home/airflow/.local/lib/python3.12/site-packages/airflow/example_dags/example_xcom.py
[2024-07-09T02:08:40.897+0000] {logging_mixin.py:188} INFO - [2024-07-09T02:08:40.896+0000] {dag.py:3096} INFO - Sync 1 DAGs
[2024-07-09T02:08:40.922+0000] {logging_mixin.py:188} INFO - [2024-07-09T02:08:40.922+0000] {dag.py:3954} INFO - Setting next_dagrun for example_xcom to 2021-01-01 00:00:00+00:00, run_after=2021-01-01 00:00:00+00:00
[2024-07-09T02:08:40.944+0000] {processor.py:183} INFO - Processing /home/airflow/.local/lib/python3.12/site-packages/airflow/example_dags/example_xcom.py took 0.089 seconds
[2024-07-09T02:12:14.440+0000] {processor.py:161} INFO - Started process (PID=42) to work on /home/airflow/.local/lib/python3.12/site-packages/airflow/example_dags/example_xcom.py
[2024-07-09T02:12:14.442+0000] {processor.py:830} INFO - Processing file /home/airflow/.local/lib/python3.12/site-packages/airflow/example_dags/example_xcom.py for tasks to queue
[2024-07-09T02:12:14.446+0000] {logging_mixin.py:188} INFO - [2024-07-09T02:12:14.445+0000] {dagbag.py:545} INFO - Filling up the DagBag from /home/airflow/.local/lib/python3.12/site-packages/airflow/example_dags/example_xcom.py
[2024-07-09T02:12:14.469+0000] {processor.py:840} INFO - DAG(s) 'example_xcom' retrieved from /home/airflow/.local/lib/python3.12/site-packages/airflow/example_dags/example_xcom.py
[2024-07-09T02:12:14.731+0000] {logging_mixin.py:188} INFO - [2024-07-09T02:12:14.730+0000] {override.py:1829} INFO - Created Permission View: can edit on DAG:example_xcom
[2024-07-09T02:12:14.753+0000] {logging_mixin.py:188} INFO - [2024-07-09T02:12:14.752+0000] {override.py:1829} INFO - Created Permission View: can delete on DAG:example_xcom
[2024-07-09T02:12:14.766+0000] {logging_mixin.py:188} INFO - [2024-07-09T02:12:14.766+0000] {override.py:1829} INFO - Created Permission View: can read on DAG:example_xcom
[2024-07-09T02:12:14.767+0000] {logging_mixin.py:188} INFO - [2024-07-09T02:12:14.767+0000] {dag.py:3096} INFO - Sync 1 DAGs
[2024-07-09T02:12:14.795+0000] {logging_mixin.py:188} INFO - [2024-07-09T02:12:14.794+0000] {dag.py:3118} INFO - Creating ORM DAG for example_xcom
[2024-07-09T02:12:14.820+0000] {logging_mixin.py:188} INFO - [2024-07-09T02:12:14.819+0000] {dag.py:3954} INFO - Setting next_dagrun for example_xcom to 2021-01-01 00:00:00+00:00, run_after=2021-01-01 00:00:00+00:00
[2024-07-09T02:12:14.861+0000] {processor.py:183} INFO - Processing /home/airflow/.local/lib/python3.12/site-packages/airflow/example_dags/example_xcom.py took 0.438 seconds
[2024-07-09T02:12:45.637+0000] {processor.py:161} INFO - Started process (PID=100) to work on /home/airflow/.local/lib/python3.12/site-packages/airflow/example_dags/example_xcom.py
[2024-07-09T02:12:45.639+0000] {processor.py:830} INFO - Processing file /home/airflow/.local/lib/python3.12/site-packages/airflow/example_dags/example_xcom.py for tasks to queue
[2024-07-09T02:12:45.641+0000] {logging_mixin.py:188} INFO - [2024-07-09T02:12:45.641+0000] {dagbag.py:545} INFO - Filling up the DagBag from /home/airflow/.local/lib/python3.12/site-packages/airflow/example_dags/example_xcom.py
[2024-07-09T02:12:45.655+0000] {processor.py:840} INFO - DAG(s) 'example_xcom' retrieved from /home/airflow/.local/lib/python3.12/site-packages/airflow/example_dags/example_xcom.py
[2024-07-09T02:12:45.690+0000] {logging_mixin.py:188} INFO - [2024-07-09T02:12:45.690+0000] {dag.py:3096} INFO - Sync 1 DAGs
[2024-07-09T02:12:45.735+0000] {logging_mixin.py:188} INFO - [2024-07-09T02:12:45.735+0000] {dag.py:3954} INFO - Setting next_dagrun for example_xcom to 2021-01-01 00:00:00+00:00, run_after=2021-01-01 00:00:00+00:00
[2024-07-09T02:12:45.775+0000] {processor.py:183} INFO - Processing /home/airflow/.local/lib/python3.12/site-packages/airflow/example_dags/example_xcom.py took 0.147 seconds
[2024-07-09T02:13:16.070+0000] {processor.py:161} INFO - Started process (PID=160) to work on /home/airflow/.local/lib/python3.12/site-packages/airflow/example_dags/example_xcom.py
[2024-07-09T02:13:16.073+0000] {processor.py:830} INFO - Processing file /home/airflow/.local/lib/python3.12/site-packages/airflow/example_dags/example_xcom.py for tasks to queue
[2024-07-09T02:13:16.077+0000] {logging_mixin.py:188} INFO - [2024-07-09T02:13:16.077+0000] {dagbag.py:545} INFO - Filling up the DagBag from /home/airflow/.local/lib/python3.12/site-packages/airflow/example_dags/example_xcom.py
[2024-07-09T02:13:16.106+0000] {processor.py:840} INFO - DAG(s) 'example_xcom' retrieved from /home/airflow/.local/lib/python3.12/site-packages/airflow/example_dags/example_xcom.py
[2024-07-09T02:13:16.211+0000] {logging_mixin.py:188} INFO - [2024-07-09T02:13:16.211+0000] {dag.py:3096} INFO - Sync 1 DAGs
[2024-07-09T02:13:16.332+0000] {logging_mixin.py:188} INFO - [2024-07-09T02:13:16.332+0000] {dag.py:3954} INFO - Setting next_dagrun for example_xcom to 2021-01-01 00:00:00+00:00, run_after=2021-01-01 00:00:00+00:00
[2024-07-09T02:13:16.470+0000] {processor.py:183} INFO - Processing /home/airflow/.local/lib/python3.12/site-packages/airflow/example_dags/example_xcom.py took 0.418 seconds
[2024-07-09T02:13:47.180+0000] {processor.py:161} INFO - Started process (PID=220) to work on /home/airflow/.local/lib/python3.12/site-packages/airflow/example_dags/example_xcom.py
[2024-07-09T02:13:47.182+0000] {processor.py:830} INFO - Processing file /home/airflow/.local/lib/python3.12/site-packages/airflow/example_dags/example_xcom.py for tasks to queue
[2024-07-09T02:13:47.185+0000] {logging_mixin.py:188} INFO - [2024-07-09T02:13:47.185+0000] {dagbag.py:545} INFO - Filling up the DagBag from /home/airflow/.local/lib/python3.12/site-packages/airflow/example_dags/example_xcom.py
[2024-07-09T02:13:47.194+0000] {processor.py:840} INFO - DAG(s) 'example_xcom' retrieved from /home/airflow/.local/lib/python3.12/site-packages/airflow/example_dags/example_xcom.py
[2024-07-09T02:13:47.226+0000] {logging_mixin.py:188} INFO - [2024-07-09T02:13:47.226+0000] {dag.py:3096} INFO - Sync 1 DAGs
[2024-07-09T02:13:47.257+0000] {logging_mixin.py:188} INFO - [2024-07-09T02:13:47.257+0000] {dag.py:3954} INFO - Setting next_dagrun for example_xcom to 2021-01-01 00:00:00+00:00, run_after=2021-01-01 00:00:00+00:00
[2024-07-09T02:13:47.305+0000] {processor.py:183} INFO - Processing /home/airflow/.local/lib/python3.12/site-packages/airflow/example_dags/example_xcom.py took 0.134 seconds
[2024-07-09T02:14:17.649+0000] {processor.py:161} INFO - Started process (PID=280) to work on /home/airflow/.local/lib/python3.12/site-packages/airflow/example_dags/example_xcom.py
[2024-07-09T02:14:17.665+0000] {processor.py:830} INFO - Processing file /home/airflow/.local/lib/python3.12/site-packages/airflow/example_dags/example_xcom.py for tasks to queue
[2024-07-09T02:14:17.669+0000] {logging_mixin.py:188} INFO - [2024-07-09T02:14:17.669+0000] {dagbag.py:545} INFO - Filling up the DagBag from /home/airflow/.local/lib/python3.12/site-packages/airflow/example_dags/example_xcom.py
[2024-07-09T02:14:17.695+0000] {processor.py:840} INFO - DAG(s) 'example_xcom' retrieved from /home/airflow/.local/lib/python3.12/site-packages/airflow/example_dags/example_xcom.py
[2024-07-09T02:14:17.865+0000] {logging_mixin.py:188} INFO - [2024-07-09T02:14:17.863+0000] {dag.py:3096} INFO - Sync 1 DAGs
[2024-07-09T02:14:17.952+0000] {logging_mixin.py:188} INFO - [2024-07-09T02:14:17.951+0000] {dag.py:3954} INFO - Setting next_dagrun for example_xcom to 2021-01-01 00:00:00+00:00, run_after=2021-01-01 00:00:00+00:00
[2024-07-09T02:14:18.073+0000] {processor.py:183} INFO - Processing /home/airflow/.local/lib/python3.12/site-packages/airflow/example_dags/example_xcom.py took 0.447 seconds
[2024-07-09T02:14:49.118+0000] {processor.py:161} INFO - Started process (PID=340) to work on /home/airflow/.local/lib/python3.12/site-packages/airflow/example_dags/example_xcom.py
[2024-07-09T02:14:49.120+0000] {processor.py:830} INFO - Processing file /home/airflow/.local/lib/python3.12/site-packages/airflow/example_dags/example_xcom.py for tasks to queue
[2024-07-09T02:14:49.125+0000] {logging_mixin.py:188} INFO - [2024-07-09T02:14:49.124+0000] {dagbag.py:545} INFO - Filling up the DagBag from /home/airflow/.local/lib/python3.12/site-packages/airflow/example_dags/example_xcom.py
[2024-07-09T02:14:49.162+0000] {processor.py:840} INFO - DAG(s) 'example_xcom' retrieved from /home/airflow/.local/lib/python3.12/site-packages/airflow/example_dags/example_xcom.py
[2024-07-09T02:14:49.255+0000] {logging_mixin.py:188} INFO - [2024-07-09T02:14:49.254+0000] {dag.py:3096} INFO - Sync 1 DAGs
[2024-07-09T02:14:49.378+0000] {logging_mixin.py:188} INFO - [2024-07-09T02:14:49.377+0000] {dag.py:3954} INFO - Setting next_dagrun for example_xcom to 2021-01-01 00:00:00+00:00, run_after=2021-01-01 00:00:00+00:00
[2024-07-09T02:14:49.467+0000] {processor.py:183} INFO - Processing /home/airflow/.local/lib/python3.12/site-packages/airflow/example_dags/example_xcom.py took 0.364 seconds
[2024-07-09T02:16:57.008+0000] {processor.py:161} INFO - Started process (PID=42) to work on /home/airflow/.local/lib/python3.12/site-packages/airflow/example_dags/example_xcom.py
[2024-07-09T02:16:57.010+0000] {processor.py:830} INFO - Processing file /home/airflow/.local/lib/python3.12/site-packages/airflow/example_dags/example_xcom.py for tasks to queue
[2024-07-09T02:16:57.014+0000] {logging_mixin.py:188} INFO - [2024-07-09T02:16:57.014+0000] {dagbag.py:545} INFO - Filling up the DagBag from /home/airflow/.local/lib/python3.12/site-packages/airflow/example_dags/example_xcom.py
[2024-07-09T02:16:57.033+0000] {processor.py:840} INFO - DAG(s) 'example_xcom' retrieved from /home/airflow/.local/lib/python3.12/site-packages/airflow/example_dags/example_xcom.py
[2024-07-09T02:16:57.284+0000] {logging_mixin.py:188} INFO - [2024-07-09T02:16:57.284+0000] {dag.py:3096} INFO - Sync 1 DAGs
[2024-07-09T02:16:57.326+0000] {logging_mixin.py:188} INFO - [2024-07-09T02:16:57.326+0000] {dag.py:3954} INFO - Setting next_dagrun for example_xcom to 2021-01-01 00:00:00+00:00, run_after=2021-01-01 00:00:00+00:00
[2024-07-09T02:16:57.376+0000] {processor.py:183} INFO - Processing /home/airflow/.local/lib/python3.12/site-packages/airflow/example_dags/example_xcom.py took 0.387 seconds
[2024-07-09T02:17:28.166+0000] {processor.py:161} INFO - Started process (PID=100) to work on /home/airflow/.local/lib/python3.12/site-packages/airflow/example_dags/example_xcom.py
[2024-07-09T02:17:28.167+0000] {processor.py:830} INFO - Processing file /home/airflow/.local/lib/python3.12/site-packages/airflow/example_dags/example_xcom.py for tasks to queue
[2024-07-09T02:17:28.170+0000] {logging_mixin.py:188} INFO - [2024-07-09T02:17:28.170+0000] {dagbag.py:545} INFO - Filling up the DagBag from /home/airflow/.local/lib/python3.12/site-packages/airflow/example_dags/example_xcom.py
[2024-07-09T02:17:28.192+0000] {processor.py:840} INFO - DAG(s) 'example_xcom' retrieved from /home/airflow/.local/lib/python3.12/site-packages/airflow/example_dags/example_xcom.py
[2024-07-09T02:17:28.224+0000] {logging_mixin.py:188} INFO - [2024-07-09T02:17:28.223+0000] {dag.py:3096} INFO - Sync 1 DAGs
[2024-07-09T02:17:28.273+0000] {logging_mixin.py:188} INFO - [2024-07-09T02:17:28.273+0000] {dag.py:3954} INFO - Setting next_dagrun for example_xcom to 2021-01-01 00:00:00+00:00, run_after=2021-01-01 00:00:00+00:00
[2024-07-09T02:17:28.317+0000] {processor.py:183} INFO - Processing /home/airflow/.local/lib/python3.12/site-packages/airflow/example_dags/example_xcom.py took 0.158 seconds
[2024-07-09T02:17:58.532+0000] {processor.py:161} INFO - Started process (PID=161) to work on /home/airflow/.local/lib/python3.12/site-packages/airflow/example_dags/example_xcom.py
[2024-07-09T02:17:58.534+0000] {processor.py:830} INFO - Processing file /home/airflow/.local/lib/python3.12/site-packages/airflow/example_dags/example_xcom.py for tasks to queue
[2024-07-09T02:17:58.537+0000] {logging_mixin.py:188} INFO - [2024-07-09T02:17:58.536+0000] {dagbag.py:545} INFO - Filling up the DagBag from /home/airflow/.local/lib/python3.12/site-packages/airflow/example_dags/example_xcom.py
[2024-07-09T02:17:58.553+0000] {processor.py:840} INFO - DAG(s) 'example_xcom' retrieved from /home/airflow/.local/lib/python3.12/site-packages/airflow/example_dags/example_xcom.py
[2024-07-09T02:17:58.595+0000] {logging_mixin.py:188} INFO - [2024-07-09T02:17:58.595+0000] {dag.py:3096} INFO - Sync 1 DAGs
[2024-07-09T02:17:58.634+0000] {logging_mixin.py:188} INFO - [2024-07-09T02:17:58.634+0000] {dag.py:3954} INFO - Setting next_dagrun for example_xcom to 2021-01-01 00:00:00+00:00, run_after=2021-01-01 00:00:00+00:00
[2024-07-09T02:17:58.679+0000] {processor.py:183} INFO - Processing /home/airflow/.local/lib/python3.12/site-packages/airflow/example_dags/example_xcom.py took 0.158 seconds
[2024-07-09T02:18:29.067+0000] {processor.py:161} INFO - Started process (PID=221) to work on /home/airflow/.local/lib/python3.12/site-packages/airflow/example_dags/example_xcom.py
[2024-07-09T02:18:29.069+0000] {processor.py:830} INFO - Processing file /home/airflow/.local/lib/python3.12/site-packages/airflow/example_dags/example_xcom.py for tasks to queue
[2024-07-09T02:18:29.071+0000] {logging_mixin.py:188} INFO - [2024-07-09T02:18:29.071+0000] {dagbag.py:545} INFO - Filling up the DagBag from /home/airflow/.local/lib/python3.12/site-packages/airflow/example_dags/example_xcom.py
[2024-07-09T02:18:29.079+0000] {processor.py:840} INFO - DAG(s) 'example_xcom' retrieved from /home/airflow/.local/lib/python3.12/site-packages/airflow/example_dags/example_xcom.py
[2024-07-09T02:18:29.103+0000] {logging_mixin.py:188} INFO - [2024-07-09T02:18:29.102+0000] {dag.py:3096} INFO - Sync 1 DAGs
[2024-07-09T02:18:29.128+0000] {logging_mixin.py:188} INFO - [2024-07-09T02:18:29.128+0000] {dag.py:3954} INFO - Setting next_dagrun for example_xcom to 2021-01-01 00:00:00+00:00, run_after=2021-01-01 00:00:00+00:00
[2024-07-09T02:18:29.151+0000] {processor.py:183} INFO - Processing /home/airflow/.local/lib/python3.12/site-packages/airflow/example_dags/example_xcom.py took 0.091 seconds
[2024-07-09T02:18:59.588+0000] {processor.py:161} INFO - Started process (PID=281) to work on /home/airflow/.local/lib/python3.12/site-packages/airflow/example_dags/example_xcom.py
[2024-07-09T02:18:59.589+0000] {processor.py:830} INFO - Processing file /home/airflow/.local/lib/python3.12/site-packages/airflow/example_dags/example_xcom.py for tasks to queue
[2024-07-09T02:18:59.591+0000] {logging_mixin.py:188} INFO - [2024-07-09T02:18:59.591+0000] {dagbag.py:545} INFO - Filling up the DagBag from /home/airflow/.local/lib/python3.12/site-packages/airflow/example_dags/example_xcom.py
[2024-07-09T02:18:59.599+0000] {processor.py:840} INFO - DAG(s) 'example_xcom' retrieved from /home/airflow/.local/lib/python3.12/site-packages/airflow/example_dags/example_xcom.py
[2024-07-09T02:18:59.632+0000] {logging_mixin.py:188} INFO - [2024-07-09T02:18:59.632+0000] {dag.py:3096} INFO - Sync 1 DAGs
[2024-07-09T02:18:59.656+0000] {logging_mixin.py:188} INFO - [2024-07-09T02:18:59.656+0000] {dag.py:3954} INFO - Setting next_dagrun for example_xcom to 2021-01-01 00:00:00+00:00, run_after=2021-01-01 00:00:00+00:00
[2024-07-09T02:18:59.682+0000] {processor.py:183} INFO - Processing /home/airflow/.local/lib/python3.12/site-packages/airflow/example_dags/example_xcom.py took 0.101 seconds
[2024-07-09T02:19:29.764+0000] {processor.py:161} INFO - Started process (PID=341) to work on /home/airflow/.local/lib/python3.12/site-packages/airflow/example_dags/example_xcom.py
[2024-07-09T02:19:29.767+0000] {processor.py:830} INFO - Processing file /home/airflow/.local/lib/python3.12/site-packages/airflow/example_dags/example_xcom.py for tasks to queue
[2024-07-09T02:19:29.770+0000] {logging_mixin.py:188} INFO - [2024-07-09T02:19:29.769+0000] {dagbag.py:545} INFO - Filling up the DagBag from /home/airflow/.local/lib/python3.12/site-packages/airflow/example_dags/example_xcom.py
[2024-07-09T02:19:29.785+0000] {processor.py:840} INFO - DAG(s) 'example_xcom' retrieved from /home/airflow/.local/lib/python3.12/site-packages/airflow/example_dags/example_xcom.py
[2024-07-09T02:19:29.826+0000] {logging_mixin.py:188} INFO - [2024-07-09T02:19:29.826+0000] {dag.py:3096} INFO - Sync 1 DAGs
[2024-07-09T02:19:29.876+0000] {logging_mixin.py:188} INFO - [2024-07-09T02:19:29.875+0000] {dag.py:3954} INFO - Setting next_dagrun for example_xcom to 2021-01-01 00:00:00+00:00, run_after=2021-01-01 00:00:00+00:00
[2024-07-09T02:19:29.910+0000] {processor.py:183} INFO - Processing /home/airflow/.local/lib/python3.12/site-packages/airflow/example_dags/example_xcom.py took 0.159 seconds
[2024-07-09T02:20:00.937+0000] {processor.py:161} INFO - Started process (PID=402) to work on /home/airflow/.local/lib/python3.12/site-packages/airflow/example_dags/example_xcom.py
[2024-07-09T02:20:00.941+0000] {processor.py:830} INFO - Processing file /home/airflow/.local/lib/python3.12/site-packages/airflow/example_dags/example_xcom.py for tasks to queue
[2024-07-09T02:20:00.944+0000] {logging_mixin.py:188} INFO - [2024-07-09T02:20:00.944+0000] {dagbag.py:545} INFO - Filling up the DagBag from /home/airflow/.local/lib/python3.12/site-packages/airflow/example_dags/example_xcom.py
[2024-07-09T02:20:00.956+0000] {processor.py:840} INFO - DAG(s) 'example_xcom' retrieved from /home/airflow/.local/lib/python3.12/site-packages/airflow/example_dags/example_xcom.py
[2024-07-09T02:20:00.992+0000] {logging_mixin.py:188} INFO - [2024-07-09T02:20:00.991+0000] {dag.py:3096} INFO - Sync 1 DAGs
[2024-07-09T02:20:01.033+0000] {logging_mixin.py:188} INFO - [2024-07-09T02:20:01.032+0000] {dag.py:3954} INFO - Setting next_dagrun for example_xcom to 2021-01-01 00:00:00+00:00, run_after=2021-01-01 00:00:00+00:00
[2024-07-09T02:20:01.147+0000] {processor.py:183} INFO - Processing /home/airflow/.local/lib/python3.12/site-packages/airflow/example_dags/example_xcom.py took 0.224 seconds
[2024-07-09T02:20:31.332+0000] {processor.py:161} INFO - Started process (PID=462) to work on /home/airflow/.local/lib/python3.12/site-packages/airflow/example_dags/example_xcom.py
[2024-07-09T02:20:31.334+0000] {processor.py:830} INFO - Processing file /home/airflow/.local/lib/python3.12/site-packages/airflow/example_dags/example_xcom.py for tasks to queue
[2024-07-09T02:20:31.338+0000] {logging_mixin.py:188} INFO - [2024-07-09T02:20:31.337+0000] {dagbag.py:545} INFO - Filling up the DagBag from /home/airflow/.local/lib/python3.12/site-packages/airflow/example_dags/example_xcom.py
[2024-07-09T02:20:31.351+0000] {processor.py:840} INFO - DAG(s) 'example_xcom' retrieved from /home/airflow/.local/lib/python3.12/site-packages/airflow/example_dags/example_xcom.py
[2024-07-09T02:20:31.386+0000] {logging_mixin.py:188} INFO - [2024-07-09T02:20:31.385+0000] {dag.py:3096} INFO - Sync 1 DAGs
[2024-07-09T02:20:31.427+0000] {logging_mixin.py:188} INFO - [2024-07-09T02:20:31.427+0000] {dag.py:3954} INFO - Setting next_dagrun for example_xcom to 2021-01-01 00:00:00+00:00, run_after=2021-01-01 00:00:00+00:00
[2024-07-09T02:20:31.461+0000] {processor.py:183} INFO - Processing /home/airflow/.local/lib/python3.12/site-packages/airflow/example_dags/example_xcom.py took 0.138 seconds
[2024-07-09T02:21:01.774+0000] {processor.py:161} INFO - Started process (PID=521) to work on /home/airflow/.local/lib/python3.12/site-packages/airflow/example_dags/example_xcom.py
[2024-07-09T02:21:01.775+0000] {processor.py:830} INFO - Processing file /home/airflow/.local/lib/python3.12/site-packages/airflow/example_dags/example_xcom.py for tasks to queue
[2024-07-09T02:21:01.778+0000] {logging_mixin.py:188} INFO - [2024-07-09T02:21:01.778+0000] {dagbag.py:545} INFO - Filling up the DagBag from /home/airflow/.local/lib/python3.12/site-packages/airflow/example_dags/example_xcom.py
[2024-07-09T02:21:01.791+0000] {processor.py:840} INFO - DAG(s) 'example_xcom' retrieved from /home/airflow/.local/lib/python3.12/site-packages/airflow/example_dags/example_xcom.py
[2024-07-09T02:21:01.820+0000] {logging_mixin.py:188} INFO - [2024-07-09T02:21:01.820+0000] {dag.py:3096} INFO - Sync 1 DAGs
[2024-07-09T02:21:01.853+0000] {logging_mixin.py:188} INFO - [2024-07-09T02:21:01.852+0000] {dag.py:3954} INFO - Setting next_dagrun for example_xcom to 2021-01-01 00:00:00+00:00, run_after=2021-01-01 00:00:00+00:00
[2024-07-09T02:21:01.888+0000] {processor.py:183} INFO - Processing /home/airflow/.local/lib/python3.12/site-packages/airflow/example_dags/example_xcom.py took 0.121 seconds
[2024-07-09T02:21:32.072+0000] {processor.py:161} INFO - Started process (PID=581) to work on /home/airflow/.local/lib/python3.12/site-packages/airflow/example_dags/example_xcom.py
[2024-07-09T02:21:32.075+0000] {processor.py:830} INFO - Processing file /home/airflow/.local/lib/python3.12/site-packages/airflow/example_dags/example_xcom.py for tasks to queue
[2024-07-09T02:21:32.079+0000] {logging_mixin.py:188} INFO - [2024-07-09T02:21:32.078+0000] {dagbag.py:545} INFO - Filling up the DagBag from /home/airflow/.local/lib/python3.12/site-packages/airflow/example_dags/example_xcom.py
[2024-07-09T02:21:32.092+0000] {processor.py:840} INFO - DAG(s) 'example_xcom' retrieved from /home/airflow/.local/lib/python3.12/site-packages/airflow/example_dags/example_xcom.py
[2024-07-09T02:21:32.131+0000] {logging_mixin.py:188} INFO - [2024-07-09T02:21:32.131+0000] {dag.py:3096} INFO - Sync 1 DAGs
[2024-07-09T02:21:32.178+0000] {logging_mixin.py:188} INFO - [2024-07-09T02:21:32.178+0000] {dag.py:3954} INFO - Setting next_dagrun for example_xcom to 2021-01-01 00:00:00+00:00, run_after=2021-01-01 00:00:00+00:00
[2024-07-09T02:21:32.217+0000] {processor.py:183} INFO - Processing /home/airflow/.local/lib/python3.12/site-packages/airflow/example_dags/example_xcom.py took 0.159 seconds
[2024-07-09T02:22:02.288+0000] {processor.py:161} INFO - Started process (PID=641) to work on /home/airflow/.local/lib/python3.12/site-packages/airflow/example_dags/example_xcom.py
[2024-07-09T02:22:02.290+0000] {processor.py:830} INFO - Processing file /home/airflow/.local/lib/python3.12/site-packages/airflow/example_dags/example_xcom.py for tasks to queue
[2024-07-09T02:22:02.293+0000] {logging_mixin.py:188} INFO - [2024-07-09T02:22:02.293+0000] {dagbag.py:545} INFO - Filling up the DagBag from /home/airflow/.local/lib/python3.12/site-packages/airflow/example_dags/example_xcom.py
[2024-07-09T02:22:02.307+0000] {processor.py:840} INFO - DAG(s) 'example_xcom' retrieved from /home/airflow/.local/lib/python3.12/site-packages/airflow/example_dags/example_xcom.py
[2024-07-09T02:22:02.343+0000] {logging_mixin.py:188} INFO - [2024-07-09T02:22:02.343+0000] {dag.py:3096} INFO - Sync 1 DAGs
[2024-07-09T02:22:02.384+0000] {logging_mixin.py:188} INFO - [2024-07-09T02:22:02.383+0000] {dag.py:3954} INFO - Setting next_dagrun for example_xcom to 2021-01-01 00:00:00+00:00, run_after=2021-01-01 00:00:00+00:00
[2024-07-09T02:22:02.415+0000] {processor.py:183} INFO - Processing /home/airflow/.local/lib/python3.12/site-packages/airflow/example_dags/example_xcom.py took 0.138 seconds
[2024-07-09T02:22:32.509+0000] {processor.py:161} INFO - Started process (PID=701) to work on /home/airflow/.local/lib/python3.12/site-packages/airflow/example_dags/example_xcom.py
[2024-07-09T02:22:32.511+0000] {processor.py:830} INFO - Processing file /home/airflow/.local/lib/python3.12/site-packages/airflow/example_dags/example_xcom.py for tasks to queue
[2024-07-09T02:22:32.514+0000] {logging_mixin.py:188} INFO - [2024-07-09T02:22:32.514+0000] {dagbag.py:545} INFO - Filling up the DagBag from /home/airflow/.local/lib/python3.12/site-packages/airflow/example_dags/example_xcom.py
[2024-07-09T02:22:32.524+0000] {processor.py:840} INFO - DAG(s) 'example_xcom' retrieved from /home/airflow/.local/lib/python3.12/site-packages/airflow/example_dags/example_xcom.py
[2024-07-09T02:22:32.554+0000] {logging_mixin.py:188} INFO - [2024-07-09T02:22:32.554+0000] {dag.py:3096} INFO - Sync 1 DAGs
[2024-07-09T02:22:32.594+0000] {logging_mixin.py:188} INFO - [2024-07-09T02:22:32.594+0000] {dag.py:3954} INFO - Setting next_dagrun for example_xcom to 2021-01-01 00:00:00+00:00, run_after=2021-01-01 00:00:00+00:00
[2024-07-09T02:22:32.621+0000] {processor.py:183} INFO - Processing /home/airflow/.local/lib/python3.12/site-packages/airflow/example_dags/example_xcom.py took 0.119 seconds
[2024-07-09T02:23:02.974+0000] {processor.py:161} INFO - Started process (PID=760) to work on /home/airflow/.local/lib/python3.12/site-packages/airflow/example_dags/example_xcom.py
[2024-07-09T02:23:02.976+0000] {processor.py:830} INFO - Processing file /home/airflow/.local/lib/python3.12/site-packages/airflow/example_dags/example_xcom.py for tasks to queue
[2024-07-09T02:23:02.978+0000] {logging_mixin.py:188} INFO - [2024-07-09T02:23:02.978+0000] {dagbag.py:545} INFO - Filling up the DagBag from /home/airflow/.local/lib/python3.12/site-packages/airflow/example_dags/example_xcom.py
[2024-07-09T02:23:03.008+0000] {processor.py:840} INFO - DAG(s) 'example_xcom' retrieved from /home/airflow/.local/lib/python3.12/site-packages/airflow/example_dags/example_xcom.py
[2024-07-09T02:23:03.039+0000] {logging_mixin.py:188} INFO - [2024-07-09T02:23:03.038+0000] {dag.py:3096} INFO - Sync 1 DAGs
[2024-07-09T02:23:03.069+0000] {logging_mixin.py:188} INFO - [2024-07-09T02:23:03.069+0000] {dag.py:3954} INFO - Setting next_dagrun for example_xcom to 2021-01-01 00:00:00+00:00, run_after=2021-01-01 00:00:00+00:00
[2024-07-09T02:23:03.100+0000] {processor.py:183} INFO - Processing /home/airflow/.local/lib/python3.12/site-packages/airflow/example_dags/example_xcom.py took 0.133 seconds
[2024-07-09T02:23:33.794+0000] {processor.py:161} INFO - Started process (PID=820) to work on /home/airflow/.local/lib/python3.12/site-packages/airflow/example_dags/example_xcom.py
[2024-07-09T02:23:33.795+0000] {processor.py:830} INFO - Processing file /home/airflow/.local/lib/python3.12/site-packages/airflow/example_dags/example_xcom.py for tasks to queue
[2024-07-09T02:23:33.799+0000] {logging_mixin.py:188} INFO - [2024-07-09T02:23:33.798+0000] {dagbag.py:545} INFO - Filling up the DagBag from /home/airflow/.local/lib/python3.12/site-packages/airflow/example_dags/example_xcom.py
[2024-07-09T02:23:33.815+0000] {processor.py:840} INFO - DAG(s) 'example_xcom' retrieved from /home/airflow/.local/lib/python3.12/site-packages/airflow/example_dags/example_xcom.py
[2024-07-09T02:23:33.855+0000] {logging_mixin.py:188} INFO - [2024-07-09T02:23:33.854+0000] {dag.py:3096} INFO - Sync 1 DAGs
[2024-07-09T02:23:33.902+0000] {logging_mixin.py:188} INFO - [2024-07-09T02:23:33.901+0000] {dag.py:3954} INFO - Setting next_dagrun for example_xcom to 2021-01-01 00:00:00+00:00, run_after=2021-01-01 00:00:00+00:00
[2024-07-09T02:23:33.946+0000] {processor.py:183} INFO - Processing /home/airflow/.local/lib/python3.12/site-packages/airflow/example_dags/example_xcom.py took 0.163 seconds
[2024-07-09T02:24:04.413+0000] {processor.py:161} INFO - Started process (PID=880) to work on /home/airflow/.local/lib/python3.12/site-packages/airflow/example_dags/example_xcom.py
[2024-07-09T02:24:04.416+0000] {processor.py:830} INFO - Processing file /home/airflow/.local/lib/python3.12/site-packages/airflow/example_dags/example_xcom.py for tasks to queue
[2024-07-09T02:24:04.421+0000] {logging_mixin.py:188} INFO - [2024-07-09T02:24:04.419+0000] {dagbag.py:545} INFO - Filling up the DagBag from /home/airflow/.local/lib/python3.12/site-packages/airflow/example_dags/example_xcom.py
[2024-07-09T02:24:04.441+0000] {processor.py:840} INFO - DAG(s) 'example_xcom' retrieved from /home/airflow/.local/lib/python3.12/site-packages/airflow/example_dags/example_xcom.py
[2024-07-09T02:24:04.500+0000] {logging_mixin.py:188} INFO - [2024-07-09T02:24:04.500+0000] {dag.py:3096} INFO - Sync 1 DAGs
[2024-07-09T02:24:04.571+0000] {logging_mixin.py:188} INFO - [2024-07-09T02:24:04.571+0000] {dag.py:3954} INFO - Setting next_dagrun for example_xcom to 2021-01-01 00:00:00+00:00, run_after=2021-01-01 00:00:00+00:00
[2024-07-09T02:24:04.620+0000] {processor.py:183} INFO - Processing /home/airflow/.local/lib/python3.12/site-packages/airflow/example_dags/example_xcom.py took 0.221 seconds
[2024-07-09T02:24:35.460+0000] {processor.py:161} INFO - Started process (PID=941) to work on /home/airflow/.local/lib/python3.12/site-packages/airflow/example_dags/example_xcom.py
[2024-07-09T02:24:35.462+0000] {processor.py:830} INFO - Processing file /home/airflow/.local/lib/python3.12/site-packages/airflow/example_dags/example_xcom.py for tasks to queue
[2024-07-09T02:24:35.469+0000] {logging_mixin.py:188} INFO - [2024-07-09T02:24:35.467+0000] {dagbag.py:545} INFO - Filling up the DagBag from /home/airflow/.local/lib/python3.12/site-packages/airflow/example_dags/example_xcom.py
[2024-07-09T02:24:35.506+0000] {processor.py:840} INFO - DAG(s) 'example_xcom' retrieved from /home/airflow/.local/lib/python3.12/site-packages/airflow/example_dags/example_xcom.py
[2024-07-09T02:24:35.593+0000] {logging_mixin.py:188} INFO - [2024-07-09T02:24:35.593+0000] {dag.py:3096} INFO - Sync 1 DAGs
[2024-07-09T02:24:35.722+0000] {logging_mixin.py:188} INFO - [2024-07-09T02:24:35.712+0000] {dag.py:3954} INFO - Setting next_dagrun for example_xcom to 2021-01-01 00:00:00+00:00, run_after=2021-01-01 00:00:00+00:00
[2024-07-09T02:24:35.833+0000] {processor.py:183} INFO - Processing /home/airflow/.local/lib/python3.12/site-packages/airflow/example_dags/example_xcom.py took 0.394 seconds
[2024-07-09T02:25:06.204+0000] {processor.py:161} INFO - Started process (PID=1001) to work on /home/airflow/.local/lib/python3.12/site-packages/airflow/example_dags/example_xcom.py
[2024-07-09T02:25:06.211+0000] {processor.py:830} INFO - Processing file /home/airflow/.local/lib/python3.12/site-packages/airflow/example_dags/example_xcom.py for tasks to queue
[2024-07-09T02:25:06.238+0000] {logging_mixin.py:188} INFO - [2024-07-09T02:25:06.236+0000] {dagbag.py:545} INFO - Filling up the DagBag from /home/airflow/.local/lib/python3.12/site-packages/airflow/example_dags/example_xcom.py
[2024-07-09T02:25:06.278+0000] {processor.py:840} INFO - DAG(s) 'example_xcom' retrieved from /home/airflow/.local/lib/python3.12/site-packages/airflow/example_dags/example_xcom.py
[2024-07-09T02:25:06.350+0000] {logging_mixin.py:188} INFO - [2024-07-09T02:25:06.350+0000] {dag.py:3096} INFO - Sync 1 DAGs
[2024-07-09T02:25:06.418+0000] {logging_mixin.py:188} INFO - [2024-07-09T02:25:06.417+0000] {dag.py:3954} INFO - Setting next_dagrun for example_xcom to 2021-01-01 00:00:00+00:00, run_after=2021-01-01 00:00:00+00:00
[2024-07-09T02:25:06.491+0000] {processor.py:183} INFO - Processing /home/airflow/.local/lib/python3.12/site-packages/airflow/example_dags/example_xcom.py took 0.313 seconds
[2024-07-09T02:25:36.929+0000] {processor.py:161} INFO - Started process (PID=1077) to work on /home/airflow/.local/lib/python3.12/site-packages/airflow/example_dags/example_xcom.py
[2024-07-09T02:25:36.931+0000] {processor.py:830} INFO - Processing file /home/airflow/.local/lib/python3.12/site-packages/airflow/example_dags/example_xcom.py for tasks to queue
[2024-07-09T02:25:36.935+0000] {logging_mixin.py:188} INFO - [2024-07-09T02:25:36.934+0000] {dagbag.py:545} INFO - Filling up the DagBag from /home/airflow/.local/lib/python3.12/site-packages/airflow/example_dags/example_xcom.py
[2024-07-09T02:25:36.951+0000] {processor.py:840} INFO - DAG(s) 'example_xcom' retrieved from /home/airflow/.local/lib/python3.12/site-packages/airflow/example_dags/example_xcom.py
[2024-07-09T02:25:37.006+0000] {logging_mixin.py:188} INFO - [2024-07-09T02:25:37.005+0000] {dag.py:3096} INFO - Sync 1 DAGs
[2024-07-09T02:25:37.049+0000] {logging_mixin.py:188} INFO - [2024-07-09T02:25:37.048+0000] {dag.py:3954} INFO - Setting next_dagrun for example_xcom to 2021-01-01 00:00:00+00:00, run_after=2021-01-01 00:00:00+00:00
[2024-07-09T02:25:37.090+0000] {processor.py:183} INFO - Processing /home/airflow/.local/lib/python3.12/site-packages/airflow/example_dags/example_xcom.py took 0.182 seconds
[2024-07-09T02:26:07.674+0000] {processor.py:161} INFO - Started process (PID=1141) to work on /home/airflow/.local/lib/python3.12/site-packages/airflow/example_dags/example_xcom.py
[2024-07-09T02:26:07.678+0000] {processor.py:830} INFO - Processing file /home/airflow/.local/lib/python3.12/site-packages/airflow/example_dags/example_xcom.py for tasks to queue
[2024-07-09T02:26:07.682+0000] {logging_mixin.py:188} INFO - [2024-07-09T02:26:07.681+0000] {dagbag.py:545} INFO - Filling up the DagBag from /home/airflow/.local/lib/python3.12/site-packages/airflow/example_dags/example_xcom.py
[2024-07-09T02:26:07.699+0000] {processor.py:840} INFO - DAG(s) 'example_xcom' retrieved from /home/airflow/.local/lib/python3.12/site-packages/airflow/example_dags/example_xcom.py
[2024-07-09T02:26:07.745+0000] {logging_mixin.py:188} INFO - [2024-07-09T02:26:07.744+0000] {dag.py:3096} INFO - Sync 1 DAGs
[2024-07-09T02:26:07.794+0000] {logging_mixin.py:188} INFO - [2024-07-09T02:26:07.794+0000] {dag.py:3954} INFO - Setting next_dagrun for example_xcom to 2021-01-01 00:00:00+00:00, run_after=2021-01-01 00:00:00+00:00
[2024-07-09T02:26:07.842+0000] {processor.py:183} INFO - Processing /home/airflow/.local/lib/python3.12/site-packages/airflow/example_dags/example_xcom.py took 0.182 seconds
[2024-07-09T02:26:38.969+0000] {processor.py:161} INFO - Started process (PID=1201) to work on /home/airflow/.local/lib/python3.12/site-packages/airflow/example_dags/example_xcom.py
[2024-07-09T02:26:38.971+0000] {processor.py:830} INFO - Processing file /home/airflow/.local/lib/python3.12/site-packages/airflow/example_dags/example_xcom.py for tasks to queue
[2024-07-09T02:26:38.976+0000] {logging_mixin.py:188} INFO - [2024-07-09T02:26:38.975+0000] {dagbag.py:545} INFO - Filling up the DagBag from /home/airflow/.local/lib/python3.12/site-packages/airflow/example_dags/example_xcom.py
[2024-07-09T02:26:38.995+0000] {processor.py:840} INFO - DAG(s) 'example_xcom' retrieved from /home/airflow/.local/lib/python3.12/site-packages/airflow/example_dags/example_xcom.py
[2024-07-09T02:26:39.038+0000] {logging_mixin.py:188} INFO - [2024-07-09T02:26:39.038+0000] {dag.py:3096} INFO - Sync 1 DAGs
[2024-07-09T02:26:39.083+0000] {logging_mixin.py:188} INFO - [2024-07-09T02:26:39.083+0000] {dag.py:3954} INFO - Setting next_dagrun for example_xcom to 2021-01-01 00:00:00+00:00, run_after=2021-01-01 00:00:00+00:00
[2024-07-09T02:26:39.143+0000] {processor.py:183} INFO - Processing /home/airflow/.local/lib/python3.12/site-packages/airflow/example_dags/example_xcom.py took 0.189 seconds
[2024-07-09T02:27:09.532+0000] {processor.py:161} INFO - Started process (PID=1263) to work on /home/airflow/.local/lib/python3.12/site-packages/airflow/example_dags/example_xcom.py
[2024-07-09T02:27:09.535+0000] {processor.py:830} INFO - Processing file /home/airflow/.local/lib/python3.12/site-packages/airflow/example_dags/example_xcom.py for tasks to queue
[2024-07-09T02:27:09.545+0000] {logging_mixin.py:188} INFO - [2024-07-09T02:27:09.543+0000] {dagbag.py:545} INFO - Filling up the DagBag from /home/airflow/.local/lib/python3.12/site-packages/airflow/example_dags/example_xcom.py
[2024-07-09T02:27:09.570+0000] {processor.py:840} INFO - DAG(s) 'example_xcom' retrieved from /home/airflow/.local/lib/python3.12/site-packages/airflow/example_dags/example_xcom.py
[2024-07-09T02:27:09.657+0000] {logging_mixin.py:188} INFO - [2024-07-09T02:27:09.656+0000] {dag.py:3096} INFO - Sync 1 DAGs
[2024-07-09T02:27:09.812+0000] {logging_mixin.py:188} INFO - [2024-07-09T02:27:09.811+0000] {dag.py:3954} INFO - Setting next_dagrun for example_xcom to 2021-01-01 00:00:00+00:00, run_after=2021-01-01 00:00:00+00:00
[2024-07-09T02:27:09.902+0000] {processor.py:183} INFO - Processing /home/airflow/.local/lib/python3.12/site-packages/airflow/example_dags/example_xcom.py took 0.393 seconds
[2024-07-09T02:27:40.661+0000] {processor.py:161} INFO - Started process (PID=1321) to work on /home/airflow/.local/lib/python3.12/site-packages/airflow/example_dags/example_xcom.py
[2024-07-09T02:27:40.681+0000] {processor.py:830} INFO - Processing file /home/airflow/.local/lib/python3.12/site-packages/airflow/example_dags/example_xcom.py for tasks to queue
[2024-07-09T02:27:40.685+0000] {logging_mixin.py:188} INFO - [2024-07-09T02:27:40.684+0000] {dagbag.py:545} INFO - Filling up the DagBag from /home/airflow/.local/lib/python3.12/site-packages/airflow/example_dags/example_xcom.py
[2024-07-09T02:27:40.702+0000] {processor.py:840} INFO - DAG(s) 'example_xcom' retrieved from /home/airflow/.local/lib/python3.12/site-packages/airflow/example_dags/example_xcom.py
[2024-07-09T02:27:40.756+0000] {logging_mixin.py:188} INFO - [2024-07-09T02:27:40.755+0000] {dag.py:3096} INFO - Sync 1 DAGs
[2024-07-09T02:27:40.845+0000] {logging_mixin.py:188} INFO - [2024-07-09T02:27:40.845+0000] {dag.py:3954} INFO - Setting next_dagrun for example_xcom to 2021-01-01 00:00:00+00:00, run_after=2021-01-01 00:00:00+00:00
[2024-07-09T02:27:40.956+0000] {processor.py:183} INFO - Processing /home/airflow/.local/lib/python3.12/site-packages/airflow/example_dags/example_xcom.py took 0.310 seconds
[2024-07-09T02:28:11.644+0000] {processor.py:161} INFO - Started process (PID=1381) to work on /home/airflow/.local/lib/python3.12/site-packages/airflow/example_dags/example_xcom.py
[2024-07-09T02:28:11.645+0000] {processor.py:830} INFO - Processing file /home/airflow/.local/lib/python3.12/site-packages/airflow/example_dags/example_xcom.py for tasks to queue
[2024-07-09T02:28:11.648+0000] {logging_mixin.py:188} INFO - [2024-07-09T02:28:11.648+0000] {dagbag.py:545} INFO - Filling up the DagBag from /home/airflow/.local/lib/python3.12/site-packages/airflow/example_dags/example_xcom.py
[2024-07-09T02:28:11.666+0000] {processor.py:840} INFO - DAG(s) 'example_xcom' retrieved from /home/airflow/.local/lib/python3.12/site-packages/airflow/example_dags/example_xcom.py
[2024-07-09T02:28:11.765+0000] {logging_mixin.py:188} INFO - [2024-07-09T02:28:11.764+0000] {dag.py:3096} INFO - Sync 1 DAGs
[2024-07-09T02:28:11.867+0000] {logging_mixin.py:188} INFO - [2024-07-09T02:28:11.866+0000] {dag.py:3954} INFO - Setting next_dagrun for example_xcom to 2021-01-01 00:00:00+00:00, run_after=2021-01-01 00:00:00+00:00
[2024-07-09T02:28:11.965+0000] {processor.py:183} INFO - Processing /home/airflow/.local/lib/python3.12/site-packages/airflow/example_dags/example_xcom.py took 0.334 seconds
[2024-07-09T02:28:42.114+0000] {processor.py:161} INFO - Started process (PID=1441) to work on /home/airflow/.local/lib/python3.12/site-packages/airflow/example_dags/example_xcom.py
[2024-07-09T02:28:42.116+0000] {processor.py:830} INFO - Processing file /home/airflow/.local/lib/python3.12/site-packages/airflow/example_dags/example_xcom.py for tasks to queue
[2024-07-09T02:28:42.120+0000] {logging_mixin.py:188} INFO - [2024-07-09T02:28:42.119+0000] {dagbag.py:545} INFO - Filling up the DagBag from /home/airflow/.local/lib/python3.12/site-packages/airflow/example_dags/example_xcom.py
[2024-07-09T02:28:42.137+0000] {processor.py:840} INFO - DAG(s) 'example_xcom' retrieved from /home/airflow/.local/lib/python3.12/site-packages/airflow/example_dags/example_xcom.py
[2024-07-09T02:28:42.183+0000] {logging_mixin.py:188} INFO - [2024-07-09T02:28:42.182+0000] {dag.py:3096} INFO - Sync 1 DAGs
[2024-07-09T02:28:42.239+0000] {logging_mixin.py:188} INFO - [2024-07-09T02:28:42.239+0000] {dag.py:3954} INFO - Setting next_dagrun for example_xcom to 2021-01-01 00:00:00+00:00, run_after=2021-01-01 00:00:00+00:00
[2024-07-09T02:28:42.299+0000] {processor.py:183} INFO - Processing /home/airflow/.local/lib/python3.12/site-packages/airflow/example_dags/example_xcom.py took 0.200 seconds
[2024-07-09T02:29:13.139+0000] {processor.py:161} INFO - Started process (PID=1500) to work on /home/airflow/.local/lib/python3.12/site-packages/airflow/example_dags/example_xcom.py
[2024-07-09T02:29:13.153+0000] {processor.py:830} INFO - Processing file /home/airflow/.local/lib/python3.12/site-packages/airflow/example_dags/example_xcom.py for tasks to queue
[2024-07-09T02:29:13.179+0000] {logging_mixin.py:188} INFO - [2024-07-09T02:29:13.178+0000] {dagbag.py:545} INFO - Filling up the DagBag from /home/airflow/.local/lib/python3.12/site-packages/airflow/example_dags/example_xcom.py
[2024-07-09T02:29:13.236+0000] {processor.py:840} INFO - DAG(s) 'example_xcom' retrieved from /home/airflow/.local/lib/python3.12/site-packages/airflow/example_dags/example_xcom.py
[2024-07-09T02:29:13.385+0000] {logging_mixin.py:188} INFO - [2024-07-09T02:29:13.384+0000] {dag.py:3096} INFO - Sync 1 DAGs
[2024-07-09T02:29:13.562+0000] {logging_mixin.py:188} INFO - [2024-07-09T02:29:13.561+0000] {dag.py:3954} INFO - Setting next_dagrun for example_xcom to 2021-01-01 00:00:00+00:00, run_after=2021-01-01 00:00:00+00:00
[2024-07-09T02:29:13.720+0000] {processor.py:183} INFO - Processing /home/airflow/.local/lib/python3.12/site-packages/airflow/example_dags/example_xcom.py took 0.629 seconds
[2024-07-09T02:29:44.861+0000] {processor.py:161} INFO - Started process (PID=1559) to work on /home/airflow/.local/lib/python3.12/site-packages/airflow/example_dags/example_xcom.py
[2024-07-09T02:29:44.878+0000] {processor.py:830} INFO - Processing file /home/airflow/.local/lib/python3.12/site-packages/airflow/example_dags/example_xcom.py for tasks to queue
[2024-07-09T02:29:44.891+0000] {logging_mixin.py:188} INFO - [2024-07-09T02:29:44.890+0000] {dagbag.py:545} INFO - Filling up the DagBag from /home/airflow/.local/lib/python3.12/site-packages/airflow/example_dags/example_xcom.py
[2024-07-09T02:29:44.945+0000] {processor.py:840} INFO - DAG(s) 'example_xcom' retrieved from /home/airflow/.local/lib/python3.12/site-packages/airflow/example_dags/example_xcom.py
[2024-07-09T02:29:45.044+0000] {logging_mixin.py:188} INFO - [2024-07-09T02:29:45.043+0000] {dag.py:3096} INFO - Sync 1 DAGs
[2024-07-09T02:29:45.152+0000] {logging_mixin.py:188} INFO - [2024-07-09T02:29:45.151+0000] {dag.py:3954} INFO - Setting next_dagrun for example_xcom to 2021-01-01 00:00:00+00:00, run_after=2021-01-01 00:00:00+00:00
[2024-07-09T02:29:45.312+0000] {processor.py:183} INFO - Processing /home/airflow/.local/lib/python3.12/site-packages/airflow/example_dags/example_xcom.py took 0.487 seconds
[2024-07-09T02:30:16.333+0000] {processor.py:161} INFO - Started process (PID=1619) to work on /home/airflow/.local/lib/python3.12/site-packages/airflow/example_dags/example_xcom.py
[2024-07-09T02:30:16.334+0000] {processor.py:830} INFO - Processing file /home/airflow/.local/lib/python3.12/site-packages/airflow/example_dags/example_xcom.py for tasks to queue
[2024-07-09T02:30:16.337+0000] {logging_mixin.py:188} INFO - [2024-07-09T02:30:16.337+0000] {dagbag.py:545} INFO - Filling up the DagBag from /home/airflow/.local/lib/python3.12/site-packages/airflow/example_dags/example_xcom.py
[2024-07-09T02:30:16.353+0000] {processor.py:840} INFO - DAG(s) 'example_xcom' retrieved from /home/airflow/.local/lib/python3.12/site-packages/airflow/example_dags/example_xcom.py
[2024-07-09T02:30:16.397+0000] {logging_mixin.py:188} INFO - [2024-07-09T02:30:16.396+0000] {dag.py:3096} INFO - Sync 1 DAGs
[2024-07-09T02:30:16.449+0000] {logging_mixin.py:188} INFO - [2024-07-09T02:30:16.449+0000] {dag.py:3954} INFO - Setting next_dagrun for example_xcom to 2021-01-01 00:00:00+00:00, run_after=2021-01-01 00:00:00+00:00
[2024-07-09T02:30:16.501+0000] {processor.py:183} INFO - Processing /home/airflow/.local/lib/python3.12/site-packages/airflow/example_dags/example_xcom.py took 0.185 seconds
[2024-07-09T02:30:46.664+0000] {processor.py:161} INFO - Started process (PID=1679) to work on /home/airflow/.local/lib/python3.12/site-packages/airflow/example_dags/example_xcom.py
[2024-07-09T02:30:46.665+0000] {processor.py:830} INFO - Processing file /home/airflow/.local/lib/python3.12/site-packages/airflow/example_dags/example_xcom.py for tasks to queue
[2024-07-09T02:30:46.668+0000] {logging_mixin.py:188} INFO - [2024-07-09T02:30:46.667+0000] {dagbag.py:545} INFO - Filling up the DagBag from /home/airflow/.local/lib/python3.12/site-packages/airflow/example_dags/example_xcom.py
[2024-07-09T02:30:46.678+0000] {processor.py:840} INFO - DAG(s) 'example_xcom' retrieved from /home/airflow/.local/lib/python3.12/site-packages/airflow/example_dags/example_xcom.py
[2024-07-09T02:30:46.709+0000] {logging_mixin.py:188} INFO - [2024-07-09T02:30:46.709+0000] {dag.py:3096} INFO - Sync 1 DAGs
[2024-07-09T02:30:46.737+0000] {logging_mixin.py:188} INFO - [2024-07-09T02:30:46.737+0000] {dag.py:3954} INFO - Setting next_dagrun for example_xcom to 2021-01-01 00:00:00+00:00, run_after=2021-01-01 00:00:00+00:00
[2024-07-09T02:30:46.778+0000] {processor.py:183} INFO - Processing /home/airflow/.local/lib/python3.12/site-packages/airflow/example_dags/example_xcom.py took 0.125 seconds
[2024-07-09T02:31:17.230+0000] {processor.py:161} INFO - Started process (PID=1745) to work on /home/airflow/.local/lib/python3.12/site-packages/airflow/example_dags/example_xcom.py
[2024-07-09T02:31:17.248+0000] {processor.py:830} INFO - Processing file /home/airflow/.local/lib/python3.12/site-packages/airflow/example_dags/example_xcom.py for tasks to queue
[2024-07-09T02:31:17.251+0000] {logging_mixin.py:188} INFO - [2024-07-09T02:31:17.251+0000] {dagbag.py:545} INFO - Filling up the DagBag from /home/airflow/.local/lib/python3.12/site-packages/airflow/example_dags/example_xcom.py
[2024-07-09T02:31:17.271+0000] {processor.py:840} INFO - DAG(s) 'example_xcom' retrieved from /home/airflow/.local/lib/python3.12/site-packages/airflow/example_dags/example_xcom.py
[2024-07-09T02:31:17.313+0000] {logging_mixin.py:188} INFO - [2024-07-09T02:31:17.312+0000] {dag.py:3096} INFO - Sync 1 DAGs
[2024-07-09T02:31:17.375+0000] {logging_mixin.py:188} INFO - [2024-07-09T02:31:17.375+0000] {dag.py:3954} INFO - Setting next_dagrun for example_xcom to 2021-01-01 00:00:00+00:00, run_after=2021-01-01 00:00:00+00:00
[2024-07-09T02:31:17.444+0000] {processor.py:183} INFO - Processing /home/airflow/.local/lib/python3.12/site-packages/airflow/example_dags/example_xcom.py took 0.236 seconds
[2024-07-09T02:31:47.850+0000] {processor.py:161} INFO - Started process (PID=1805) to work on /home/airflow/.local/lib/python3.12/site-packages/airflow/example_dags/example_xcom.py
[2024-07-09T02:31:47.851+0000] {processor.py:830} INFO - Processing file /home/airflow/.local/lib/python3.12/site-packages/airflow/example_dags/example_xcom.py for tasks to queue
[2024-07-09T02:31:47.855+0000] {logging_mixin.py:188} INFO - [2024-07-09T02:31:47.855+0000] {dagbag.py:545} INFO - Filling up the DagBag from /home/airflow/.local/lib/python3.12/site-packages/airflow/example_dags/example_xcom.py
[2024-07-09T02:31:47.882+0000] {processor.py:840} INFO - DAG(s) 'example_xcom' retrieved from /home/airflow/.local/lib/python3.12/site-packages/airflow/example_dags/example_xcom.py
[2024-07-09T02:31:47.913+0000] {logging_mixin.py:188} INFO - [2024-07-09T02:31:47.913+0000] {dag.py:3096} INFO - Sync 1 DAGs
[2024-07-09T02:31:47.948+0000] {logging_mixin.py:188} INFO - [2024-07-09T02:31:47.948+0000] {dag.py:3954} INFO - Setting next_dagrun for example_xcom to 2021-01-01 00:00:00+00:00, run_after=2021-01-01 00:00:00+00:00
[2024-07-09T02:31:47.977+0000] {processor.py:183} INFO - Processing /home/airflow/.local/lib/python3.12/site-packages/airflow/example_dags/example_xcom.py took 0.137 seconds
[2024-07-09T02:32:18.585+0000] {processor.py:161} INFO - Started process (PID=1865) to work on /home/airflow/.local/lib/python3.12/site-packages/airflow/example_dags/example_xcom.py
[2024-07-09T02:32:18.587+0000] {processor.py:830} INFO - Processing file /home/airflow/.local/lib/python3.12/site-packages/airflow/example_dags/example_xcom.py for tasks to queue
[2024-07-09T02:32:18.590+0000] {logging_mixin.py:188} INFO - [2024-07-09T02:32:18.589+0000] {dagbag.py:545} INFO - Filling up the DagBag from /home/airflow/.local/lib/python3.12/site-packages/airflow/example_dags/example_xcom.py
[2024-07-09T02:32:18.600+0000] {processor.py:840} INFO - DAG(s) 'example_xcom' retrieved from /home/airflow/.local/lib/python3.12/site-packages/airflow/example_dags/example_xcom.py
[2024-07-09T02:32:18.626+0000] {logging_mixin.py:188} INFO - [2024-07-09T02:32:18.626+0000] {dag.py:3096} INFO - Sync 1 DAGs
[2024-07-09T02:32:18.653+0000] {logging_mixin.py:188} INFO - [2024-07-09T02:32:18.652+0000] {dag.py:3954} INFO - Setting next_dagrun for example_xcom to 2021-01-01 00:00:00+00:00, run_after=2021-01-01 00:00:00+00:00
[2024-07-09T02:32:18.681+0000] {processor.py:183} INFO - Processing /home/airflow/.local/lib/python3.12/site-packages/airflow/example_dags/example_xcom.py took 0.125 seconds
[2024-07-09T02:32:49.445+0000] {processor.py:161} INFO - Started process (PID=1925) to work on /home/airflow/.local/lib/python3.12/site-packages/airflow/example_dags/example_xcom.py
[2024-07-09T02:32:49.447+0000] {processor.py:830} INFO - Processing file /home/airflow/.local/lib/python3.12/site-packages/airflow/example_dags/example_xcom.py for tasks to queue
[2024-07-09T02:32:49.452+0000] {logging_mixin.py:188} INFO - [2024-07-09T02:32:49.451+0000] {dagbag.py:545} INFO - Filling up the DagBag from /home/airflow/.local/lib/python3.12/site-packages/airflow/example_dags/example_xcom.py
[2024-07-09T02:32:49.467+0000] {processor.py:840} INFO - DAG(s) 'example_xcom' retrieved from /home/airflow/.local/lib/python3.12/site-packages/airflow/example_dags/example_xcom.py
[2024-07-09T02:32:49.519+0000] {logging_mixin.py:188} INFO - [2024-07-09T02:32:49.518+0000] {dag.py:3096} INFO - Sync 1 DAGs
[2024-07-09T02:32:49.821+0000] {logging_mixin.py:188} INFO - [2024-07-09T02:32:49.820+0000] {dag.py:3954} INFO - Setting next_dagrun for example_xcom to 2021-01-01 00:00:00+00:00, run_after=2021-01-01 00:00:00+00:00
[2024-07-09T02:32:49.868+0000] {processor.py:183} INFO - Processing /home/airflow/.local/lib/python3.12/site-packages/airflow/example_dags/example_xcom.py took 0.435 seconds
[2024-07-09T02:33:20.685+0000] {processor.py:161} INFO - Started process (PID=1986) to work on /home/airflow/.local/lib/python3.12/site-packages/airflow/example_dags/example_xcom.py
[2024-07-09T02:33:20.687+0000] {processor.py:830} INFO - Processing file /home/airflow/.local/lib/python3.12/site-packages/airflow/example_dags/example_xcom.py for tasks to queue
[2024-07-09T02:33:20.689+0000] {logging_mixin.py:188} INFO - [2024-07-09T02:33:20.689+0000] {dagbag.py:545} INFO - Filling up the DagBag from /home/airflow/.local/lib/python3.12/site-packages/airflow/example_dags/example_xcom.py
[2024-07-09T02:33:20.701+0000] {processor.py:840} INFO - DAG(s) 'example_xcom' retrieved from /home/airflow/.local/lib/python3.12/site-packages/airflow/example_dags/example_xcom.py
[2024-07-09T02:33:20.725+0000] {logging_mixin.py:188} INFO - [2024-07-09T02:33:20.725+0000] {dag.py:3096} INFO - Sync 1 DAGs
[2024-07-09T02:33:20.749+0000] {logging_mixin.py:188} INFO - [2024-07-09T02:33:20.749+0000] {dag.py:3954} INFO - Setting next_dagrun for example_xcom to 2021-01-01 00:00:00+00:00, run_after=2021-01-01 00:00:00+00:00
[2024-07-09T02:33:20.787+0000] {processor.py:183} INFO - Processing /home/airflow/.local/lib/python3.12/site-packages/airflow/example_dags/example_xcom.py took 0.112 seconds
[2024-07-09T02:33:50.913+0000] {processor.py:161} INFO - Started process (PID=2046) to work on /home/airflow/.local/lib/python3.12/site-packages/airflow/example_dags/example_xcom.py
[2024-07-09T02:33:50.915+0000] {processor.py:830} INFO - Processing file /home/airflow/.local/lib/python3.12/site-packages/airflow/example_dags/example_xcom.py for tasks to queue
[2024-07-09T02:33:50.920+0000] {logging_mixin.py:188} INFO - [2024-07-09T02:33:50.919+0000] {dagbag.py:545} INFO - Filling up the DagBag from /home/airflow/.local/lib/python3.12/site-packages/airflow/example_dags/example_xcom.py
[2024-07-09T02:33:50.939+0000] {processor.py:840} INFO - DAG(s) 'example_xcom' retrieved from /home/airflow/.local/lib/python3.12/site-packages/airflow/example_dags/example_xcom.py
[2024-07-09T02:33:51.003+0000] {logging_mixin.py:188} INFO - [2024-07-09T02:33:51.002+0000] {dag.py:3096} INFO - Sync 1 DAGs
[2024-07-09T02:33:51.102+0000] {logging_mixin.py:188} INFO - [2024-07-09T02:33:51.101+0000] {dag.py:3954} INFO - Setting next_dagrun for example_xcom to 2021-01-01 00:00:00+00:00, run_after=2021-01-01 00:00:00+00:00
[2024-07-09T02:33:51.218+0000] {processor.py:183} INFO - Processing /home/airflow/.local/lib/python3.12/site-packages/airflow/example_dags/example_xcom.py took 0.318 seconds
