[2024-07-09T01:48:45.088+0000] {processor.py:161} INFO - Started process (PID=45) to work on /home/airflow/.local/lib/python3.12/site-packages/airflow/example_dags/example_task_group.py
[2024-07-09T01:48:45.090+0000] {processor.py:830} INFO - Processing file /home/airflow/.local/lib/python3.12/site-packages/airflow/example_dags/example_task_group.py for tasks to queue
[2024-07-09T01:48:45.093+0000] {logging_mixin.py:188} INFO - [2024-07-09T01:48:45.092+0000] {dagbag.py:545} INFO - Filling up the DagBag from /home/airflow/.local/lib/python3.12/site-packages/airflow/example_dags/example_task_group.py
[2024-07-09T01:48:45.120+0000] {processor.py:840} INFO - DAG(s) 'example_task_group' retrieved from /home/airflow/.local/lib/python3.12/site-packages/airflow/example_dags/example_task_group.py
[2024-07-09T01:48:45.322+0000] {logging_mixin.py:188} INFO - [2024-07-09T01:48:45.321+0000] {override.py:1829} INFO - Created Permission View: can edit on DAG:example_task_group
[2024-07-09T01:48:45.340+0000] {logging_mixin.py:188} INFO - [2024-07-09T01:48:45.339+0000] {override.py:1829} INFO - Created Permission View: can read on DAG:example_task_group
[2024-07-09T01:48:45.354+0000] {logging_mixin.py:188} INFO - [2024-07-09T01:48:45.353+0000] {override.py:1829} INFO - Created Permission View: can delete on DAG:example_task_group
[2024-07-09T01:48:45.355+0000] {logging_mixin.py:188} INFO - [2024-07-09T01:48:45.354+0000] {dag.py:3096} INFO - Sync 1 DAGs
[2024-07-09T01:48:45.373+0000] {logging_mixin.py:188} INFO - [2024-07-09T01:48:45.373+0000] {dag.py:3118} INFO - Creating ORM DAG for example_task_group
[2024-07-09T01:48:45.389+0000] {logging_mixin.py:188} INFO - [2024-07-09T01:48:45.389+0000] {dag.py:3954} INFO - Setting next_dagrun for example_task_group to 2024-07-08 00:00:00+00:00, run_after=2024-07-09 00:00:00+00:00
[2024-07-09T01:48:45.413+0000] {processor.py:183} INFO - Processing /home/airflow/.local/lib/python3.12/site-packages/airflow/example_dags/example_task_group.py took 0.339 seconds
[2024-07-09T01:49:16.018+0000] {processor.py:161} INFO - Started process (PID=105) to work on /home/airflow/.local/lib/python3.12/site-packages/airflow/example_dags/example_task_group.py
[2024-07-09T01:49:16.019+0000] {processor.py:830} INFO - Processing file /home/airflow/.local/lib/python3.12/site-packages/airflow/example_dags/example_task_group.py for tasks to queue
[2024-07-09T01:49:16.022+0000] {logging_mixin.py:188} INFO - [2024-07-09T01:49:16.021+0000] {dagbag.py:545} INFO - Filling up the DagBag from /home/airflow/.local/lib/python3.12/site-packages/airflow/example_dags/example_task_group.py
[2024-07-09T01:49:16.031+0000] {processor.py:840} INFO - DAG(s) 'example_task_group' retrieved from /home/airflow/.local/lib/python3.12/site-packages/airflow/example_dags/example_task_group.py
[2024-07-09T01:49:16.055+0000] {logging_mixin.py:188} INFO - [2024-07-09T01:49:16.055+0000] {dag.py:3096} INFO - Sync 1 DAGs
[2024-07-09T01:49:16.083+0000] {logging_mixin.py:188} INFO - [2024-07-09T01:49:16.082+0000] {dag.py:3954} INFO - Setting next_dagrun for example_task_group to 2024-07-08 00:00:00+00:00, run_after=2024-07-09 00:00:00+00:00
[2024-07-09T01:49:16.108+0000] {processor.py:183} INFO - Processing /home/airflow/.local/lib/python3.12/site-packages/airflow/example_dags/example_task_group.py took 0.097 seconds
[2024-07-09T01:49:46.224+0000] {processor.py:161} INFO - Started process (PID=163) to work on /home/airflow/.local/lib/python3.12/site-packages/airflow/example_dags/example_task_group.py
[2024-07-09T01:49:46.225+0000] {processor.py:830} INFO - Processing file /home/airflow/.local/lib/python3.12/site-packages/airflow/example_dags/example_task_group.py for tasks to queue
[2024-07-09T01:49:46.227+0000] {logging_mixin.py:188} INFO - [2024-07-09T01:49:46.227+0000] {dagbag.py:545} INFO - Filling up the DagBag from /home/airflow/.local/lib/python3.12/site-packages/airflow/example_dags/example_task_group.py
[2024-07-09T01:49:46.236+0000] {processor.py:840} INFO - DAG(s) 'example_task_group' retrieved from /home/airflow/.local/lib/python3.12/site-packages/airflow/example_dags/example_task_group.py
[2024-07-09T01:49:46.264+0000] {logging_mixin.py:188} INFO - [2024-07-09T01:49:46.264+0000] {dag.py:3096} INFO - Sync 1 DAGs
[2024-07-09T01:49:46.290+0000] {logging_mixin.py:188} INFO - [2024-07-09T01:49:46.290+0000] {dag.py:3954} INFO - Setting next_dagrun for example_task_group to 2024-07-08 00:00:00+00:00, run_after=2024-07-09 00:00:00+00:00
[2024-07-09T01:49:46.312+0000] {processor.py:183} INFO - Processing /home/airflow/.local/lib/python3.12/site-packages/airflow/example_dags/example_task_group.py took 0.094 seconds
[2024-07-09T01:50:16.367+0000] {processor.py:161} INFO - Started process (PID=222) to work on /home/airflow/.local/lib/python3.12/site-packages/airflow/example_dags/example_task_group.py
[2024-07-09T01:50:16.369+0000] {processor.py:830} INFO - Processing file /home/airflow/.local/lib/python3.12/site-packages/airflow/example_dags/example_task_group.py for tasks to queue
[2024-07-09T01:50:16.371+0000] {logging_mixin.py:188} INFO - [2024-07-09T01:50:16.371+0000] {dagbag.py:545} INFO - Filling up the DagBag from /home/airflow/.local/lib/python3.12/site-packages/airflow/example_dags/example_task_group.py
[2024-07-09T01:50:16.380+0000] {processor.py:840} INFO - DAG(s) 'example_task_group' retrieved from /home/airflow/.local/lib/python3.12/site-packages/airflow/example_dags/example_task_group.py
[2024-07-09T01:50:16.410+0000] {logging_mixin.py:188} INFO - [2024-07-09T01:50:16.410+0000] {dag.py:3096} INFO - Sync 1 DAGs
[2024-07-09T01:50:16.442+0000] {logging_mixin.py:188} INFO - [2024-07-09T01:50:16.442+0000] {dag.py:3954} INFO - Setting next_dagrun for example_task_group to 2024-07-08 00:00:00+00:00, run_after=2024-07-09 00:00:00+00:00
[2024-07-09T01:50:16.485+0000] {processor.py:183} INFO - Processing /home/airflow/.local/lib/python3.12/site-packages/airflow/example_dags/example_task_group.py took 0.126 seconds
[2024-07-09T01:50:46.691+0000] {processor.py:161} INFO - Started process (PID=282) to work on /home/airflow/.local/lib/python3.12/site-packages/airflow/example_dags/example_task_group.py
[2024-07-09T01:50:46.693+0000] {processor.py:830} INFO - Processing file /home/airflow/.local/lib/python3.12/site-packages/airflow/example_dags/example_task_group.py for tasks to queue
[2024-07-09T01:50:46.696+0000] {logging_mixin.py:188} INFO - [2024-07-09T01:50:46.695+0000] {dagbag.py:545} INFO - Filling up the DagBag from /home/airflow/.local/lib/python3.12/site-packages/airflow/example_dags/example_task_group.py
[2024-07-09T01:50:46.704+0000] {processor.py:840} INFO - DAG(s) 'example_task_group' retrieved from /home/airflow/.local/lib/python3.12/site-packages/airflow/example_dags/example_task_group.py
[2024-07-09T01:50:46.734+0000] {logging_mixin.py:188} INFO - [2024-07-09T01:50:46.734+0000] {dag.py:3096} INFO - Sync 1 DAGs
[2024-07-09T01:50:46.766+0000] {logging_mixin.py:188} INFO - [2024-07-09T01:50:46.765+0000] {dag.py:3954} INFO - Setting next_dagrun for example_task_group to 2024-07-08 00:00:00+00:00, run_after=2024-07-09 00:00:00+00:00
[2024-07-09T01:50:46.789+0000] {processor.py:183} INFO - Processing /home/airflow/.local/lib/python3.12/site-packages/airflow/example_dags/example_task_group.py took 0.106 seconds
[2024-07-09T01:51:16.889+0000] {processor.py:161} INFO - Started process (PID=342) to work on /home/airflow/.local/lib/python3.12/site-packages/airflow/example_dags/example_task_group.py
[2024-07-09T01:51:16.890+0000] {processor.py:830} INFO - Processing file /home/airflow/.local/lib/python3.12/site-packages/airflow/example_dags/example_task_group.py for tasks to queue
[2024-07-09T01:51:16.892+0000] {logging_mixin.py:188} INFO - [2024-07-09T01:51:16.892+0000] {dagbag.py:545} INFO - Filling up the DagBag from /home/airflow/.local/lib/python3.12/site-packages/airflow/example_dags/example_task_group.py
[2024-07-09T01:51:16.900+0000] {processor.py:840} INFO - DAG(s) 'example_task_group' retrieved from /home/airflow/.local/lib/python3.12/site-packages/airflow/example_dags/example_task_group.py
[2024-07-09T01:51:16.944+0000] {logging_mixin.py:188} INFO - [2024-07-09T01:51:16.944+0000] {dag.py:3096} INFO - Sync 1 DAGs
[2024-07-09T01:51:16.972+0000] {logging_mixin.py:188} INFO - [2024-07-09T01:51:16.971+0000] {dag.py:3954} INFO - Setting next_dagrun for example_task_group to 2024-07-08 00:00:00+00:00, run_after=2024-07-09 00:00:00+00:00
[2024-07-09T01:51:16.997+0000] {processor.py:183} INFO - Processing /home/airflow/.local/lib/python3.12/site-packages/airflow/example_dags/example_task_group.py took 0.114 seconds
[2024-07-09T01:51:47.357+0000] {processor.py:161} INFO - Started process (PID=402) to work on /home/airflow/.local/lib/python3.12/site-packages/airflow/example_dags/example_task_group.py
[2024-07-09T01:51:47.358+0000] {processor.py:830} INFO - Processing file /home/airflow/.local/lib/python3.12/site-packages/airflow/example_dags/example_task_group.py for tasks to queue
[2024-07-09T01:51:47.360+0000] {logging_mixin.py:188} INFO - [2024-07-09T01:51:47.360+0000] {dagbag.py:545} INFO - Filling up the DagBag from /home/airflow/.local/lib/python3.12/site-packages/airflow/example_dags/example_task_group.py
[2024-07-09T01:51:47.368+0000] {processor.py:840} INFO - DAG(s) 'example_task_group' retrieved from /home/airflow/.local/lib/python3.12/site-packages/airflow/example_dags/example_task_group.py
[2024-07-09T01:51:47.393+0000] {logging_mixin.py:188} INFO - [2024-07-09T01:51:47.392+0000] {dag.py:3096} INFO - Sync 1 DAGs
[2024-07-09T01:51:47.416+0000] {logging_mixin.py:188} INFO - [2024-07-09T01:51:47.416+0000] {dag.py:3954} INFO - Setting next_dagrun for example_task_group to 2024-07-08 00:00:00+00:00, run_after=2024-07-09 00:00:00+00:00
[2024-07-09T01:51:47.457+0000] {processor.py:183} INFO - Processing /home/airflow/.local/lib/python3.12/site-packages/airflow/example_dags/example_task_group.py took 0.106 seconds
[2024-07-09T01:52:18.147+0000] {processor.py:161} INFO - Started process (PID=462) to work on /home/airflow/.local/lib/python3.12/site-packages/airflow/example_dags/example_task_group.py
[2024-07-09T01:52:18.148+0000] {processor.py:830} INFO - Processing file /home/airflow/.local/lib/python3.12/site-packages/airflow/example_dags/example_task_group.py for tasks to queue
[2024-07-09T01:52:18.150+0000] {logging_mixin.py:188} INFO - [2024-07-09T01:52:18.150+0000] {dagbag.py:545} INFO - Filling up the DagBag from /home/airflow/.local/lib/python3.12/site-packages/airflow/example_dags/example_task_group.py
[2024-07-09T01:52:18.158+0000] {processor.py:840} INFO - DAG(s) 'example_task_group' retrieved from /home/airflow/.local/lib/python3.12/site-packages/airflow/example_dags/example_task_group.py
[2024-07-09T01:52:18.183+0000] {logging_mixin.py:188} INFO - [2024-07-09T01:52:18.183+0000] {dag.py:3096} INFO - Sync 1 DAGs
[2024-07-09T01:52:18.207+0000] {logging_mixin.py:188} INFO - [2024-07-09T01:52:18.207+0000] {dag.py:3954} INFO - Setting next_dagrun for example_task_group to 2024-07-08 00:00:00+00:00, run_after=2024-07-09 00:00:00+00:00
[2024-07-09T01:52:18.230+0000] {processor.py:183} INFO - Processing /home/airflow/.local/lib/python3.12/site-packages/airflow/example_dags/example_task_group.py took 0.089 seconds
[2024-07-09T01:52:48.874+0000] {processor.py:161} INFO - Started process (PID=522) to work on /home/airflow/.local/lib/python3.12/site-packages/airflow/example_dags/example_task_group.py
[2024-07-09T01:52:48.875+0000] {processor.py:830} INFO - Processing file /home/airflow/.local/lib/python3.12/site-packages/airflow/example_dags/example_task_group.py for tasks to queue
[2024-07-09T01:52:48.877+0000] {logging_mixin.py:188} INFO - [2024-07-09T01:52:48.877+0000] {dagbag.py:545} INFO - Filling up the DagBag from /home/airflow/.local/lib/python3.12/site-packages/airflow/example_dags/example_task_group.py
[2024-07-09T01:52:48.884+0000] {processor.py:840} INFO - DAG(s) 'example_task_group' retrieved from /home/airflow/.local/lib/python3.12/site-packages/airflow/example_dags/example_task_group.py
[2024-07-09T01:52:48.910+0000] {logging_mixin.py:188} INFO - [2024-07-09T01:52:48.909+0000] {dag.py:3096} INFO - Sync 1 DAGs
[2024-07-09T01:52:48.933+0000] {logging_mixin.py:188} INFO - [2024-07-09T01:52:48.933+0000] {dag.py:3954} INFO - Setting next_dagrun for example_task_group to 2024-07-08 00:00:00+00:00, run_after=2024-07-09 00:00:00+00:00
[2024-07-09T01:52:48.957+0000] {processor.py:183} INFO - Processing /home/airflow/.local/lib/python3.12/site-packages/airflow/example_dags/example_task_group.py took 0.089 seconds
[2024-07-09T01:53:19.081+0000] {processor.py:161} INFO - Started process (PID=582) to work on /home/airflow/.local/lib/python3.12/site-packages/airflow/example_dags/example_task_group.py
[2024-07-09T01:53:19.082+0000] {processor.py:830} INFO - Processing file /home/airflow/.local/lib/python3.12/site-packages/airflow/example_dags/example_task_group.py for tasks to queue
[2024-07-09T01:53:19.084+0000] {logging_mixin.py:188} INFO - [2024-07-09T01:53:19.084+0000] {dagbag.py:545} INFO - Filling up the DagBag from /home/airflow/.local/lib/python3.12/site-packages/airflow/example_dags/example_task_group.py
[2024-07-09T01:53:19.091+0000] {processor.py:840} INFO - DAG(s) 'example_task_group' retrieved from /home/airflow/.local/lib/python3.12/site-packages/airflow/example_dags/example_task_group.py
[2024-07-09T01:53:19.116+0000] {logging_mixin.py:188} INFO - [2024-07-09T01:53:19.116+0000] {dag.py:3096} INFO - Sync 1 DAGs
[2024-07-09T01:53:19.147+0000] {logging_mixin.py:188} INFO - [2024-07-09T01:53:19.147+0000] {dag.py:3954} INFO - Setting next_dagrun for example_task_group to 2024-07-08 00:00:00+00:00, run_after=2024-07-09 00:00:00+00:00
[2024-07-09T01:53:19.170+0000] {processor.py:183} INFO - Processing /home/airflow/.local/lib/python3.12/site-packages/airflow/example_dags/example_task_group.py took 0.096 seconds
[2024-07-09T01:53:49.458+0000] {processor.py:161} INFO - Started process (PID=641) to work on /home/airflow/.local/lib/python3.12/site-packages/airflow/example_dags/example_task_group.py
[2024-07-09T01:53:49.459+0000] {processor.py:830} INFO - Processing file /home/airflow/.local/lib/python3.12/site-packages/airflow/example_dags/example_task_group.py for tasks to queue
[2024-07-09T01:53:49.461+0000] {logging_mixin.py:188} INFO - [2024-07-09T01:53:49.461+0000] {dagbag.py:545} INFO - Filling up the DagBag from /home/airflow/.local/lib/python3.12/site-packages/airflow/example_dags/example_task_group.py
[2024-07-09T01:53:49.469+0000] {processor.py:840} INFO - DAG(s) 'example_task_group' retrieved from /home/airflow/.local/lib/python3.12/site-packages/airflow/example_dags/example_task_group.py
[2024-07-09T01:53:49.495+0000] {logging_mixin.py:188} INFO - [2024-07-09T01:53:49.495+0000] {dag.py:3096} INFO - Sync 1 DAGs
[2024-07-09T01:53:49.523+0000] {logging_mixin.py:188} INFO - [2024-07-09T01:53:49.522+0000] {dag.py:3954} INFO - Setting next_dagrun for example_task_group to 2024-07-08 00:00:00+00:00, run_after=2024-07-09 00:00:00+00:00
[2024-07-09T01:53:49.563+0000] {processor.py:183} INFO - Processing /home/airflow/.local/lib/python3.12/site-packages/airflow/example_dags/example_task_group.py took 0.111 seconds
[2024-07-09T01:54:20.156+0000] {processor.py:161} INFO - Started process (PID=701) to work on /home/airflow/.local/lib/python3.12/site-packages/airflow/example_dags/example_task_group.py
[2024-07-09T01:54:20.157+0000] {processor.py:830} INFO - Processing file /home/airflow/.local/lib/python3.12/site-packages/airflow/example_dags/example_task_group.py for tasks to queue
[2024-07-09T01:54:20.160+0000] {logging_mixin.py:188} INFO - [2024-07-09T01:54:20.160+0000] {dagbag.py:545} INFO - Filling up the DagBag from /home/airflow/.local/lib/python3.12/site-packages/airflow/example_dags/example_task_group.py
[2024-07-09T01:54:20.170+0000] {processor.py:840} INFO - DAG(s) 'example_task_group' retrieved from /home/airflow/.local/lib/python3.12/site-packages/airflow/example_dags/example_task_group.py
[2024-07-09T01:54:20.205+0000] {logging_mixin.py:188} INFO - [2024-07-09T01:54:20.205+0000] {dag.py:3096} INFO - Sync 1 DAGs
[2024-07-09T01:54:20.241+0000] {logging_mixin.py:188} INFO - [2024-07-09T01:54:20.241+0000] {dag.py:3954} INFO - Setting next_dagrun for example_task_group to 2024-07-08 00:00:00+00:00, run_after=2024-07-09 00:00:00+00:00
[2024-07-09T01:54:20.286+0000] {processor.py:183} INFO - Processing /home/airflow/.local/lib/python3.12/site-packages/airflow/example_dags/example_task_group.py took 0.138 seconds
[2024-07-09T01:54:51.038+0000] {processor.py:161} INFO - Started process (PID=761) to work on /home/airflow/.local/lib/python3.12/site-packages/airflow/example_dags/example_task_group.py
[2024-07-09T01:54:51.039+0000] {processor.py:830} INFO - Processing file /home/airflow/.local/lib/python3.12/site-packages/airflow/example_dags/example_task_group.py for tasks to queue
[2024-07-09T01:54:51.041+0000] {logging_mixin.py:188} INFO - [2024-07-09T01:54:51.041+0000] {dagbag.py:545} INFO - Filling up the DagBag from /home/airflow/.local/lib/python3.12/site-packages/airflow/example_dags/example_task_group.py
[2024-07-09T01:54:51.050+0000] {processor.py:840} INFO - DAG(s) 'example_task_group' retrieved from /home/airflow/.local/lib/python3.12/site-packages/airflow/example_dags/example_task_group.py
[2024-07-09T01:54:51.077+0000] {logging_mixin.py:188} INFO - [2024-07-09T01:54:51.077+0000] {dag.py:3096} INFO - Sync 1 DAGs
[2024-07-09T01:54:51.120+0000] {logging_mixin.py:188} INFO - [2024-07-09T01:54:51.120+0000] {dag.py:3954} INFO - Setting next_dagrun for example_task_group to 2024-07-08 00:00:00+00:00, run_after=2024-07-09 00:00:00+00:00
[2024-07-09T01:54:51.148+0000] {processor.py:183} INFO - Processing /home/airflow/.local/lib/python3.12/site-packages/airflow/example_dags/example_task_group.py took 0.117 seconds
[2024-07-09T01:55:21.773+0000] {processor.py:161} INFO - Started process (PID=820) to work on /home/airflow/.local/lib/python3.12/site-packages/airflow/example_dags/example_task_group.py
[2024-07-09T01:55:21.774+0000] {processor.py:830} INFO - Processing file /home/airflow/.local/lib/python3.12/site-packages/airflow/example_dags/example_task_group.py for tasks to queue
[2024-07-09T01:55:21.776+0000] {logging_mixin.py:188} INFO - [2024-07-09T01:55:21.776+0000] {dagbag.py:545} INFO - Filling up the DagBag from /home/airflow/.local/lib/python3.12/site-packages/airflow/example_dags/example_task_group.py
[2024-07-09T01:55:21.799+0000] {processor.py:840} INFO - DAG(s) 'example_task_group' retrieved from /home/airflow/.local/lib/python3.12/site-packages/airflow/example_dags/example_task_group.py
[2024-07-09T01:55:21.823+0000] {logging_mixin.py:188} INFO - [2024-07-09T01:55:21.823+0000] {dag.py:3096} INFO - Sync 1 DAGs
[2024-07-09T01:55:21.846+0000] {logging_mixin.py:188} INFO - [2024-07-09T01:55:21.846+0000] {dag.py:3954} INFO - Setting next_dagrun for example_task_group to 2024-07-08 00:00:00+00:00, run_after=2024-07-09 00:00:00+00:00
[2024-07-09T01:55:21.868+0000] {processor.py:183} INFO - Processing /home/airflow/.local/lib/python3.12/site-packages/airflow/example_dags/example_task_group.py took 0.102 seconds
[2024-07-09T01:55:52.763+0000] {processor.py:161} INFO - Started process (PID=880) to work on /home/airflow/.local/lib/python3.12/site-packages/airflow/example_dags/example_task_group.py
[2024-07-09T01:55:52.765+0000] {processor.py:830} INFO - Processing file /home/airflow/.local/lib/python3.12/site-packages/airflow/example_dags/example_task_group.py for tasks to queue
[2024-07-09T01:55:52.767+0000] {logging_mixin.py:188} INFO - [2024-07-09T01:55:52.767+0000] {dagbag.py:545} INFO - Filling up the DagBag from /home/airflow/.local/lib/python3.12/site-packages/airflow/example_dags/example_task_group.py
[2024-07-09T01:55:52.779+0000] {processor.py:840} INFO - DAG(s) 'example_task_group' retrieved from /home/airflow/.local/lib/python3.12/site-packages/airflow/example_dags/example_task_group.py
[2024-07-09T01:55:52.814+0000] {logging_mixin.py:188} INFO - [2024-07-09T01:55:52.813+0000] {dag.py:3096} INFO - Sync 1 DAGs
[2024-07-09T01:55:52.859+0000] {logging_mixin.py:188} INFO - [2024-07-09T01:55:52.859+0000] {dag.py:3954} INFO - Setting next_dagrun for example_task_group to 2024-07-08 00:00:00+00:00, run_after=2024-07-09 00:00:00+00:00
[2024-07-09T01:55:52.900+0000] {processor.py:183} INFO - Processing /home/airflow/.local/lib/python3.12/site-packages/airflow/example_dags/example_task_group.py took 0.146 seconds
[2024-07-09T01:56:23.197+0000] {processor.py:161} INFO - Started process (PID=939) to work on /home/airflow/.local/lib/python3.12/site-packages/airflow/example_dags/example_task_group.py
[2024-07-09T01:56:23.199+0000] {processor.py:830} INFO - Processing file /home/airflow/.local/lib/python3.12/site-packages/airflow/example_dags/example_task_group.py for tasks to queue
[2024-07-09T01:56:23.203+0000] {logging_mixin.py:188} INFO - [2024-07-09T01:56:23.203+0000] {dagbag.py:545} INFO - Filling up the DagBag from /home/airflow/.local/lib/python3.12/site-packages/airflow/example_dags/example_task_group.py
[2024-07-09T01:56:23.222+0000] {processor.py:840} INFO - DAG(s) 'example_task_group' retrieved from /home/airflow/.local/lib/python3.12/site-packages/airflow/example_dags/example_task_group.py
[2024-07-09T01:56:23.310+0000] {logging_mixin.py:188} INFO - [2024-07-09T01:56:23.310+0000] {dag.py:3096} INFO - Sync 1 DAGs
[2024-07-09T01:56:23.368+0000] {logging_mixin.py:188} INFO - [2024-07-09T01:56:23.367+0000] {dag.py:3954} INFO - Setting next_dagrun for example_task_group to 2024-07-08 00:00:00+00:00, run_after=2024-07-09 00:00:00+00:00
[2024-07-09T01:56:23.405+0000] {processor.py:183} INFO - Processing /home/airflow/.local/lib/python3.12/site-packages/airflow/example_dags/example_task_group.py took 0.221 seconds
[2024-07-09T01:56:53.540+0000] {processor.py:161} INFO - Started process (PID=999) to work on /home/airflow/.local/lib/python3.12/site-packages/airflow/example_dags/example_task_group.py
[2024-07-09T01:56:53.542+0000] {processor.py:830} INFO - Processing file /home/airflow/.local/lib/python3.12/site-packages/airflow/example_dags/example_task_group.py for tasks to queue
[2024-07-09T01:56:53.546+0000] {logging_mixin.py:188} INFO - [2024-07-09T01:56:53.545+0000] {dagbag.py:545} INFO - Filling up the DagBag from /home/airflow/.local/lib/python3.12/site-packages/airflow/example_dags/example_task_group.py
[2024-07-09T01:56:53.573+0000] {processor.py:840} INFO - DAG(s) 'example_task_group' retrieved from /home/airflow/.local/lib/python3.12/site-packages/airflow/example_dags/example_task_group.py
[2024-07-09T01:56:53.683+0000] {logging_mixin.py:188} INFO - [2024-07-09T01:56:53.681+0000] {dag.py:3096} INFO - Sync 1 DAGs
[2024-07-09T01:56:53.839+0000] {logging_mixin.py:188} INFO - [2024-07-09T01:56:53.838+0000] {dag.py:3954} INFO - Setting next_dagrun for example_task_group to 2024-07-08 00:00:00+00:00, run_after=2024-07-09 00:00:00+00:00
[2024-07-09T01:56:53.927+0000] {processor.py:183} INFO - Processing /home/airflow/.local/lib/python3.12/site-packages/airflow/example_dags/example_task_group.py took 0.397 seconds
[2024-07-09T02:00:14.550+0000] {processor.py:161} INFO - Started process (PID=44) to work on /home/airflow/.local/lib/python3.12/site-packages/airflow/example_dags/example_task_group.py
[2024-07-09T02:00:14.552+0000] {processor.py:830} INFO - Processing file /home/airflow/.local/lib/python3.12/site-packages/airflow/example_dags/example_task_group.py for tasks to queue
[2024-07-09T02:00:14.555+0000] {logging_mixin.py:188} INFO - [2024-07-09T02:00:14.555+0000] {dagbag.py:545} INFO - Filling up the DagBag from /home/airflow/.local/lib/python3.12/site-packages/airflow/example_dags/example_task_group.py
[2024-07-09T02:00:14.579+0000] {processor.py:840} INFO - DAG(s) 'example_task_group' retrieved from /home/airflow/.local/lib/python3.12/site-packages/airflow/example_dags/example_task_group.py
[2024-07-09T02:00:14.845+0000] {logging_mixin.py:188} INFO - [2024-07-09T02:00:14.844+0000] {override.py:1829} INFO - Created Permission View: can edit on DAG:example_task_group
[2024-07-09T02:00:14.868+0000] {logging_mixin.py:188} INFO - [2024-07-09T02:00:14.868+0000] {override.py:1829} INFO - Created Permission View: can read on DAG:example_task_group
[2024-07-09T02:00:14.884+0000] {logging_mixin.py:188} INFO - [2024-07-09T02:00:14.883+0000] {override.py:1829} INFO - Created Permission View: can delete on DAG:example_task_group
[2024-07-09T02:00:14.885+0000] {logging_mixin.py:188} INFO - [2024-07-09T02:00:14.884+0000] {dag.py:3096} INFO - Sync 1 DAGs
[2024-07-09T02:00:14.911+0000] {logging_mixin.py:188} INFO - [2024-07-09T02:00:14.911+0000] {dag.py:3118} INFO - Creating ORM DAG for example_task_group
[2024-07-09T02:00:14.933+0000] {logging_mixin.py:188} INFO - [2024-07-09T02:00:14.933+0000] {dag.py:3954} INFO - Setting next_dagrun for example_task_group to 2024-07-08 00:00:00+00:00, run_after=2024-07-09 00:00:00+00:00
[2024-07-09T02:00:14.971+0000] {processor.py:183} INFO - Processing /home/airflow/.local/lib/python3.12/site-packages/airflow/example_dags/example_task_group.py took 0.433 seconds
[2024-07-09T02:00:45.193+0000] {processor.py:161} INFO - Started process (PID=102) to work on /home/airflow/.local/lib/python3.12/site-packages/airflow/example_dags/example_task_group.py
[2024-07-09T02:00:45.195+0000] {processor.py:830} INFO - Processing file /home/airflow/.local/lib/python3.12/site-packages/airflow/example_dags/example_task_group.py for tasks to queue
[2024-07-09T02:00:45.200+0000] {logging_mixin.py:188} INFO - [2024-07-09T02:00:45.199+0000] {dagbag.py:545} INFO - Filling up the DagBag from /home/airflow/.local/lib/python3.12/site-packages/airflow/example_dags/example_task_group.py
[2024-07-09T02:00:45.220+0000] {processor.py:840} INFO - DAG(s) 'example_task_group' retrieved from /home/airflow/.local/lib/python3.12/site-packages/airflow/example_dags/example_task_group.py
[2024-07-09T02:00:45.272+0000] {logging_mixin.py:188} INFO - [2024-07-09T02:00:45.271+0000] {dag.py:3096} INFO - Sync 1 DAGs
[2024-07-09T02:00:45.320+0000] {logging_mixin.py:188} INFO - [2024-07-09T02:00:45.320+0000] {dag.py:3954} INFO - Setting next_dagrun for example_task_group to 2024-07-08 00:00:00+00:00, run_after=2024-07-09 00:00:00+00:00
[2024-07-09T02:00:45.354+0000] {processor.py:183} INFO - Processing /home/airflow/.local/lib/python3.12/site-packages/airflow/example_dags/example_task_group.py took 0.175 seconds
[2024-07-09T02:01:15.878+0000] {processor.py:161} INFO - Started process (PID=162) to work on /home/airflow/.local/lib/python3.12/site-packages/airflow/example_dags/example_task_group.py
[2024-07-09T02:01:15.880+0000] {processor.py:830} INFO - Processing file /home/airflow/.local/lib/python3.12/site-packages/airflow/example_dags/example_task_group.py for tasks to queue
[2024-07-09T02:01:15.884+0000] {logging_mixin.py:188} INFO - [2024-07-09T02:01:15.883+0000] {dagbag.py:545} INFO - Filling up the DagBag from /home/airflow/.local/lib/python3.12/site-packages/airflow/example_dags/example_task_group.py
[2024-07-09T02:01:15.899+0000] {processor.py:840} INFO - DAG(s) 'example_task_group' retrieved from /home/airflow/.local/lib/python3.12/site-packages/airflow/example_dags/example_task_group.py
[2024-07-09T02:01:15.941+0000] {logging_mixin.py:188} INFO - [2024-07-09T02:01:15.940+0000] {dag.py:3096} INFO - Sync 1 DAGs
[2024-07-09T02:01:15.984+0000] {logging_mixin.py:188} INFO - [2024-07-09T02:01:15.984+0000] {dag.py:3954} INFO - Setting next_dagrun for example_task_group to 2024-07-08 00:00:00+00:00, run_after=2024-07-09 00:00:00+00:00
[2024-07-09T02:01:16.045+0000] {processor.py:183} INFO - Processing /home/airflow/.local/lib/python3.12/site-packages/airflow/example_dags/example_task_group.py took 0.178 seconds
[2024-07-09T02:01:46.394+0000] {processor.py:161} INFO - Started process (PID=221) to work on /home/airflow/.local/lib/python3.12/site-packages/airflow/example_dags/example_task_group.py
[2024-07-09T02:01:46.396+0000] {processor.py:830} INFO - Processing file /home/airflow/.local/lib/python3.12/site-packages/airflow/example_dags/example_task_group.py for tasks to queue
[2024-07-09T02:01:46.403+0000] {logging_mixin.py:188} INFO - [2024-07-09T02:01:46.402+0000] {dagbag.py:545} INFO - Filling up the DagBag from /home/airflow/.local/lib/python3.12/site-packages/airflow/example_dags/example_task_group.py
[2024-07-09T02:01:46.419+0000] {processor.py:840} INFO - DAG(s) 'example_task_group' retrieved from /home/airflow/.local/lib/python3.12/site-packages/airflow/example_dags/example_task_group.py
[2024-07-09T02:01:46.465+0000] {logging_mixin.py:188} INFO - [2024-07-09T02:01:46.465+0000] {dag.py:3096} INFO - Sync 1 DAGs
[2024-07-09T02:01:46.529+0000] {logging_mixin.py:188} INFO - [2024-07-09T02:01:46.528+0000] {dag.py:3954} INFO - Setting next_dagrun for example_task_group to 2024-07-08 00:00:00+00:00, run_after=2024-07-09 00:00:00+00:00
[2024-07-09T02:01:46.575+0000] {processor.py:183} INFO - Processing /home/airflow/.local/lib/python3.12/site-packages/airflow/example_dags/example_task_group.py took 0.192 seconds
[2024-07-09T02:03:36.529+0000] {processor.py:161} INFO - Started process (PID=46) to work on /home/airflow/.local/lib/python3.12/site-packages/airflow/example_dags/example_task_group.py
[2024-07-09T02:03:36.555+0000] {processor.py:830} INFO - Processing file /home/airflow/.local/lib/python3.12/site-packages/airflow/example_dags/example_task_group.py for tasks to queue
[2024-07-09T02:03:36.568+0000] {logging_mixin.py:188} INFO - [2024-07-09T02:03:36.567+0000] {dagbag.py:545} INFO - Filling up the DagBag from /home/airflow/.local/lib/python3.12/site-packages/airflow/example_dags/example_task_group.py
[2024-07-09T02:03:36.645+0000] {processor.py:840} INFO - DAG(s) 'example_task_group' retrieved from /home/airflow/.local/lib/python3.12/site-packages/airflow/example_dags/example_task_group.py
[2024-07-09T02:03:37.176+0000] {logging_mixin.py:188} INFO - [2024-07-09T02:03:37.168+0000] {dag.py:3096} INFO - Sync 1 DAGs
[2024-07-09T02:03:37.296+0000] {logging_mixin.py:188} INFO - [2024-07-09T02:03:37.295+0000] {dag.py:3954} INFO - Setting next_dagrun for example_task_group to 2024-07-08 00:00:00+00:00, run_after=2024-07-09 00:00:00+00:00
[2024-07-09T02:03:37.404+0000] {processor.py:183} INFO - Processing /home/airflow/.local/lib/python3.12/site-packages/airflow/example_dags/example_task_group.py took 0.915 seconds
[2024-07-09T02:04:08.092+0000] {processor.py:161} INFO - Started process (PID=106) to work on /home/airflow/.local/lib/python3.12/site-packages/airflow/example_dags/example_task_group.py
[2024-07-09T02:04:08.094+0000] {processor.py:830} INFO - Processing file /home/airflow/.local/lib/python3.12/site-packages/airflow/example_dags/example_task_group.py for tasks to queue
[2024-07-09T02:04:08.097+0000] {logging_mixin.py:188} INFO - [2024-07-09T02:04:08.096+0000] {dagbag.py:545} INFO - Filling up the DagBag from /home/airflow/.local/lib/python3.12/site-packages/airflow/example_dags/example_task_group.py
[2024-07-09T02:04:08.140+0000] {processor.py:840} INFO - DAG(s) 'example_task_group' retrieved from /home/airflow/.local/lib/python3.12/site-packages/airflow/example_dags/example_task_group.py
[2024-07-09T02:04:08.211+0000] {logging_mixin.py:188} INFO - [2024-07-09T02:04:08.211+0000] {dag.py:3096} INFO - Sync 1 DAGs
[2024-07-09T02:04:08.278+0000] {logging_mixin.py:188} INFO - [2024-07-09T02:04:08.278+0000] {dag.py:3954} INFO - Setting next_dagrun for example_task_group to 2024-07-08 00:00:00+00:00, run_after=2024-07-09 00:00:00+00:00
[2024-07-09T02:04:08.330+0000] {processor.py:183} INFO - Processing /home/airflow/.local/lib/python3.12/site-packages/airflow/example_dags/example_task_group.py took 0.250 seconds
[2024-07-09T02:04:38.399+0000] {processor.py:161} INFO - Started process (PID=165) to work on /home/airflow/.local/lib/python3.12/site-packages/airflow/example_dags/example_task_group.py
[2024-07-09T02:04:38.400+0000] {processor.py:830} INFO - Processing file /home/airflow/.local/lib/python3.12/site-packages/airflow/example_dags/example_task_group.py for tasks to queue
[2024-07-09T02:04:38.404+0000] {logging_mixin.py:188} INFO - [2024-07-09T02:04:38.403+0000] {dagbag.py:545} INFO - Filling up the DagBag from /home/airflow/.local/lib/python3.12/site-packages/airflow/example_dags/example_task_group.py
[2024-07-09T02:04:38.413+0000] {processor.py:840} INFO - DAG(s) 'example_task_group' retrieved from /home/airflow/.local/lib/python3.12/site-packages/airflow/example_dags/example_task_group.py
[2024-07-09T02:04:38.443+0000] {logging_mixin.py:188} INFO - [2024-07-09T02:04:38.443+0000] {dag.py:3096} INFO - Sync 1 DAGs
[2024-07-09T02:04:38.475+0000] {logging_mixin.py:188} INFO - [2024-07-09T02:04:38.475+0000] {dag.py:3954} INFO - Setting next_dagrun for example_task_group to 2024-07-08 00:00:00+00:00, run_after=2024-07-09 00:00:00+00:00
[2024-07-09T02:04:38.510+0000] {processor.py:183} INFO - Processing /home/airflow/.local/lib/python3.12/site-packages/airflow/example_dags/example_task_group.py took 0.118 seconds
[2024-07-09T02:05:09.069+0000] {processor.py:161} INFO - Started process (PID=225) to work on /home/airflow/.local/lib/python3.12/site-packages/airflow/example_dags/example_task_group.py
[2024-07-09T02:05:09.071+0000] {processor.py:830} INFO - Processing file /home/airflow/.local/lib/python3.12/site-packages/airflow/example_dags/example_task_group.py for tasks to queue
[2024-07-09T02:05:09.073+0000] {logging_mixin.py:188} INFO - [2024-07-09T02:05:09.073+0000] {dagbag.py:545} INFO - Filling up the DagBag from /home/airflow/.local/lib/python3.12/site-packages/airflow/example_dags/example_task_group.py
[2024-07-09T02:05:09.082+0000] {processor.py:840} INFO - DAG(s) 'example_task_group' retrieved from /home/airflow/.local/lib/python3.12/site-packages/airflow/example_dags/example_task_group.py
[2024-07-09T02:05:09.106+0000] {logging_mixin.py:188} INFO - [2024-07-09T02:05:09.106+0000] {dag.py:3096} INFO - Sync 1 DAGs
[2024-07-09T02:05:09.129+0000] {logging_mixin.py:188} INFO - [2024-07-09T02:05:09.129+0000] {dag.py:3954} INFO - Setting next_dagrun for example_task_group to 2024-07-08 00:00:00+00:00, run_after=2024-07-09 00:00:00+00:00
[2024-07-09T02:05:09.153+0000] {processor.py:183} INFO - Processing /home/airflow/.local/lib/python3.12/site-packages/airflow/example_dags/example_task_group.py took 0.089 seconds
[2024-07-09T02:05:39.938+0000] {processor.py:161} INFO - Started process (PID=285) to work on /home/airflow/.local/lib/python3.12/site-packages/airflow/example_dags/example_task_group.py
[2024-07-09T02:05:39.939+0000] {processor.py:830} INFO - Processing file /home/airflow/.local/lib/python3.12/site-packages/airflow/example_dags/example_task_group.py for tasks to queue
[2024-07-09T02:05:39.941+0000] {logging_mixin.py:188} INFO - [2024-07-09T02:05:39.940+0000] {dagbag.py:545} INFO - Filling up the DagBag from /home/airflow/.local/lib/python3.12/site-packages/airflow/example_dags/example_task_group.py
[2024-07-09T02:05:39.948+0000] {processor.py:840} INFO - DAG(s) 'example_task_group' retrieved from /home/airflow/.local/lib/python3.12/site-packages/airflow/example_dags/example_task_group.py
[2024-07-09T02:05:39.976+0000] {logging_mixin.py:188} INFO - [2024-07-09T02:05:39.975+0000] {dag.py:3096} INFO - Sync 1 DAGs
[2024-07-09T02:05:40.007+0000] {logging_mixin.py:188} INFO - [2024-07-09T02:05:40.007+0000] {dag.py:3954} INFO - Setting next_dagrun for example_task_group to 2024-07-08 00:00:00+00:00, run_after=2024-07-09 00:00:00+00:00
[2024-07-09T02:05:40.031+0000] {processor.py:183} INFO - Processing /home/airflow/.local/lib/python3.12/site-packages/airflow/example_dags/example_task_group.py took 0.100 seconds
[2024-07-09T02:06:10.264+0000] {processor.py:161} INFO - Started process (PID=345) to work on /home/airflow/.local/lib/python3.12/site-packages/airflow/example_dags/example_task_group.py
[2024-07-09T02:06:10.265+0000] {processor.py:830} INFO - Processing file /home/airflow/.local/lib/python3.12/site-packages/airflow/example_dags/example_task_group.py for tasks to queue
[2024-07-09T02:06:10.267+0000] {logging_mixin.py:188} INFO - [2024-07-09T02:06:10.267+0000] {dagbag.py:545} INFO - Filling up the DagBag from /home/airflow/.local/lib/python3.12/site-packages/airflow/example_dags/example_task_group.py
[2024-07-09T02:06:10.274+0000] {processor.py:840} INFO - DAG(s) 'example_task_group' retrieved from /home/airflow/.local/lib/python3.12/site-packages/airflow/example_dags/example_task_group.py
[2024-07-09T02:06:10.297+0000] {logging_mixin.py:188} INFO - [2024-07-09T02:06:10.297+0000] {dag.py:3096} INFO - Sync 1 DAGs
[2024-07-09T02:06:10.320+0000] {logging_mixin.py:188} INFO - [2024-07-09T02:06:10.319+0000] {dag.py:3954} INFO - Setting next_dagrun for example_task_group to 2024-07-08 00:00:00+00:00, run_after=2024-07-09 00:00:00+00:00
[2024-07-09T02:06:10.343+0000] {processor.py:183} INFO - Processing /home/airflow/.local/lib/python3.12/site-packages/airflow/example_dags/example_task_group.py took 0.086 seconds
[2024-07-09T02:06:40.416+0000] {processor.py:161} INFO - Started process (PID=407) to work on /home/airflow/.local/lib/python3.12/site-packages/airflow/example_dags/example_task_group.py
[2024-07-09T02:06:40.417+0000] {processor.py:830} INFO - Processing file /home/airflow/.local/lib/python3.12/site-packages/airflow/example_dags/example_task_group.py for tasks to queue
[2024-07-09T02:06:40.419+0000] {logging_mixin.py:188} INFO - [2024-07-09T02:06:40.419+0000] {dagbag.py:545} INFO - Filling up the DagBag from /home/airflow/.local/lib/python3.12/site-packages/airflow/example_dags/example_task_group.py
[2024-07-09T02:06:40.426+0000] {processor.py:840} INFO - DAG(s) 'example_task_group' retrieved from /home/airflow/.local/lib/python3.12/site-packages/airflow/example_dags/example_task_group.py
[2024-07-09T02:06:40.468+0000] {logging_mixin.py:188} INFO - [2024-07-09T02:06:40.449+0000] {dag.py:3096} INFO - Sync 1 DAGs
[2024-07-09T02:06:40.491+0000] {logging_mixin.py:188} INFO - [2024-07-09T02:06:40.491+0000] {dag.py:3954} INFO - Setting next_dagrun for example_task_group to 2024-07-08 00:00:00+00:00, run_after=2024-07-09 00:00:00+00:00
[2024-07-09T02:06:40.515+0000] {processor.py:183} INFO - Processing /home/airflow/.local/lib/python3.12/site-packages/airflow/example_dags/example_task_group.py took 0.104 seconds
[2024-07-09T02:07:10.728+0000] {processor.py:161} INFO - Started process (PID=467) to work on /home/airflow/.local/lib/python3.12/site-packages/airflow/example_dags/example_task_group.py
[2024-07-09T02:07:10.729+0000] {processor.py:830} INFO - Processing file /home/airflow/.local/lib/python3.12/site-packages/airflow/example_dags/example_task_group.py for tasks to queue
[2024-07-09T02:07:10.731+0000] {logging_mixin.py:188} INFO - [2024-07-09T02:07:10.731+0000] {dagbag.py:545} INFO - Filling up the DagBag from /home/airflow/.local/lib/python3.12/site-packages/airflow/example_dags/example_task_group.py
[2024-07-09T02:07:10.741+0000] {processor.py:840} INFO - DAG(s) 'example_task_group' retrieved from /home/airflow/.local/lib/python3.12/site-packages/airflow/example_dags/example_task_group.py
[2024-07-09T02:07:10.766+0000] {logging_mixin.py:188} INFO - [2024-07-09T02:07:10.766+0000] {dag.py:3096} INFO - Sync 1 DAGs
[2024-07-09T02:07:10.796+0000] {logging_mixin.py:188} INFO - [2024-07-09T02:07:10.795+0000] {dag.py:3954} INFO - Setting next_dagrun for example_task_group to 2024-07-08 00:00:00+00:00, run_after=2024-07-09 00:00:00+00:00
[2024-07-09T02:07:10.820+0000] {processor.py:183} INFO - Processing /home/airflow/.local/lib/python3.12/site-packages/airflow/example_dags/example_task_group.py took 0.099 seconds
[2024-07-09T02:07:41.092+0000] {processor.py:161} INFO - Started process (PID=527) to work on /home/airflow/.local/lib/python3.12/site-packages/airflow/example_dags/example_task_group.py
[2024-07-09T02:07:41.093+0000] {processor.py:830} INFO - Processing file /home/airflow/.local/lib/python3.12/site-packages/airflow/example_dags/example_task_group.py for tasks to queue
[2024-07-09T02:07:41.095+0000] {logging_mixin.py:188} INFO - [2024-07-09T02:07:41.095+0000] {dagbag.py:545} INFO - Filling up the DagBag from /home/airflow/.local/lib/python3.12/site-packages/airflow/example_dags/example_task_group.py
[2024-07-09T02:07:41.102+0000] {processor.py:840} INFO - DAG(s) 'example_task_group' retrieved from /home/airflow/.local/lib/python3.12/site-packages/airflow/example_dags/example_task_group.py
[2024-07-09T02:07:41.124+0000] {logging_mixin.py:188} INFO - [2024-07-09T02:07:41.124+0000] {dag.py:3096} INFO - Sync 1 DAGs
[2024-07-09T02:07:41.147+0000] {logging_mixin.py:188} INFO - [2024-07-09T02:07:41.146+0000] {dag.py:3954} INFO - Setting next_dagrun for example_task_group to 2024-07-08 00:00:00+00:00, run_after=2024-07-09 00:00:00+00:00
[2024-07-09T02:07:41.168+0000] {processor.py:183} INFO - Processing /home/airflow/.local/lib/python3.12/site-packages/airflow/example_dags/example_task_group.py took 0.083 seconds
[2024-07-09T02:08:11.511+0000] {processor.py:161} INFO - Started process (PID=588) to work on /home/airflow/.local/lib/python3.12/site-packages/airflow/example_dags/example_task_group.py
[2024-07-09T02:08:11.513+0000] {processor.py:830} INFO - Processing file /home/airflow/.local/lib/python3.12/site-packages/airflow/example_dags/example_task_group.py for tasks to queue
[2024-07-09T02:08:11.516+0000] {logging_mixin.py:188} INFO - [2024-07-09T02:08:11.516+0000] {dagbag.py:545} INFO - Filling up the DagBag from /home/airflow/.local/lib/python3.12/site-packages/airflow/example_dags/example_task_group.py
[2024-07-09T02:08:11.531+0000] {processor.py:840} INFO - DAG(s) 'example_task_group' retrieved from /home/airflow/.local/lib/python3.12/site-packages/airflow/example_dags/example_task_group.py
[2024-07-09T02:08:11.577+0000] {logging_mixin.py:188} INFO - [2024-07-09T02:08:11.576+0000] {dag.py:3096} INFO - Sync 1 DAGs
[2024-07-09T02:08:11.628+0000] {logging_mixin.py:188} INFO - [2024-07-09T02:08:11.627+0000] {dag.py:3954} INFO - Setting next_dagrun for example_task_group to 2024-07-08 00:00:00+00:00, run_after=2024-07-09 00:00:00+00:00
[2024-07-09T02:08:11.660+0000] {processor.py:183} INFO - Processing /home/airflow/.local/lib/python3.12/site-packages/airflow/example_dags/example_task_group.py took 0.162 seconds
[2024-07-09T02:08:41.995+0000] {processor.py:161} INFO - Started process (PID=647) to work on /home/airflow/.local/lib/python3.12/site-packages/airflow/example_dags/example_task_group.py
[2024-07-09T02:08:41.997+0000] {processor.py:830} INFO - Processing file /home/airflow/.local/lib/python3.12/site-packages/airflow/example_dags/example_task_group.py for tasks to queue
[2024-07-09T02:08:41.999+0000] {logging_mixin.py:188} INFO - [2024-07-09T02:08:41.999+0000] {dagbag.py:545} INFO - Filling up the DagBag from /home/airflow/.local/lib/python3.12/site-packages/airflow/example_dags/example_task_group.py
[2024-07-09T02:08:42.010+0000] {processor.py:840} INFO - DAG(s) 'example_task_group' retrieved from /home/airflow/.local/lib/python3.12/site-packages/airflow/example_dags/example_task_group.py
[2024-07-09T02:08:42.038+0000] {logging_mixin.py:188} INFO - [2024-07-09T02:08:42.038+0000] {dag.py:3096} INFO - Sync 1 DAGs
[2024-07-09T02:08:42.069+0000] {logging_mixin.py:188} INFO - [2024-07-09T02:08:42.069+0000] {dag.py:3954} INFO - Setting next_dagrun for example_task_group to 2024-07-08 00:00:00+00:00, run_after=2024-07-09 00:00:00+00:00
[2024-07-09T02:08:42.109+0000] {processor.py:183} INFO - Processing /home/airflow/.local/lib/python3.12/site-packages/airflow/example_dags/example_task_group.py took 0.123 seconds
[2024-07-09T02:12:16.151+0000] {processor.py:161} INFO - Started process (PID=45) to work on /home/airflow/.local/lib/python3.12/site-packages/airflow/example_dags/example_task_group.py
[2024-07-09T02:12:16.155+0000] {processor.py:830} INFO - Processing file /home/airflow/.local/lib/python3.12/site-packages/airflow/example_dags/example_task_group.py for tasks to queue
[2024-07-09T02:12:16.159+0000] {logging_mixin.py:188} INFO - [2024-07-09T02:12:16.159+0000] {dagbag.py:545} INFO - Filling up the DagBag from /home/airflow/.local/lib/python3.12/site-packages/airflow/example_dags/example_task_group.py
[2024-07-09T02:12:16.191+0000] {processor.py:840} INFO - DAG(s) 'example_task_group' retrieved from /home/airflow/.local/lib/python3.12/site-packages/airflow/example_dags/example_task_group.py
[2024-07-09T02:12:16.447+0000] {logging_mixin.py:188} INFO - [2024-07-09T02:12:16.446+0000] {override.py:1829} INFO - Created Permission View: can edit on DAG:example_task_group
[2024-07-09T02:12:16.468+0000] {logging_mixin.py:188} INFO - [2024-07-09T02:12:16.468+0000] {override.py:1829} INFO - Created Permission View: can delete on DAG:example_task_group
[2024-07-09T02:12:16.481+0000] {logging_mixin.py:188} INFO - [2024-07-09T02:12:16.480+0000] {override.py:1829} INFO - Created Permission View: can read on DAG:example_task_group
[2024-07-09T02:12:16.482+0000] {logging_mixin.py:188} INFO - [2024-07-09T02:12:16.482+0000] {dag.py:3096} INFO - Sync 1 DAGs
[2024-07-09T02:12:16.503+0000] {logging_mixin.py:188} INFO - [2024-07-09T02:12:16.503+0000] {dag.py:3118} INFO - Creating ORM DAG for example_task_group
[2024-07-09T02:12:16.522+0000] {logging_mixin.py:188} INFO - [2024-07-09T02:12:16.522+0000] {dag.py:3954} INFO - Setting next_dagrun for example_task_group to 2024-07-08 00:00:00+00:00, run_after=2024-07-09 00:00:00+00:00
[2024-07-09T02:12:16.551+0000] {processor.py:183} INFO - Processing /home/airflow/.local/lib/python3.12/site-packages/airflow/example_dags/example_task_group.py took 0.418 seconds
[2024-07-09T02:12:46.679+0000] {processor.py:161} INFO - Started process (PID=103) to work on /home/airflow/.local/lib/python3.12/site-packages/airflow/example_dags/example_task_group.py
[2024-07-09T02:12:46.681+0000] {processor.py:830} INFO - Processing file /home/airflow/.local/lib/python3.12/site-packages/airflow/example_dags/example_task_group.py for tasks to queue
[2024-07-09T02:12:46.684+0000] {logging_mixin.py:188} INFO - [2024-07-09T02:12:46.684+0000] {dagbag.py:545} INFO - Filling up the DagBag from /home/airflow/.local/lib/python3.12/site-packages/airflow/example_dags/example_task_group.py
[2024-07-09T02:12:46.696+0000] {processor.py:840} INFO - DAG(s) 'example_task_group' retrieved from /home/airflow/.local/lib/python3.12/site-packages/airflow/example_dags/example_task_group.py
[2024-07-09T02:12:46.725+0000] {logging_mixin.py:188} INFO - [2024-07-09T02:12:46.724+0000] {dag.py:3096} INFO - Sync 1 DAGs
[2024-07-09T02:12:46.777+0000] {logging_mixin.py:188} INFO - [2024-07-09T02:12:46.777+0000] {dag.py:3954} INFO - Setting next_dagrun for example_task_group to 2024-07-08 00:00:00+00:00, run_after=2024-07-09 00:00:00+00:00
[2024-07-09T02:12:46.804+0000] {processor.py:183} INFO - Processing /home/airflow/.local/lib/python3.12/site-packages/airflow/example_dags/example_task_group.py took 0.135 seconds
[2024-07-09T02:13:17.107+0000] {processor.py:161} INFO - Started process (PID=162) to work on /home/airflow/.local/lib/python3.12/site-packages/airflow/example_dags/example_task_group.py
[2024-07-09T02:13:17.113+0000] {processor.py:830} INFO - Processing file /home/airflow/.local/lib/python3.12/site-packages/airflow/example_dags/example_task_group.py for tasks to queue
[2024-07-09T02:13:17.117+0000] {logging_mixin.py:188} INFO - [2024-07-09T02:13:17.116+0000] {dagbag.py:545} INFO - Filling up the DagBag from /home/airflow/.local/lib/python3.12/site-packages/airflow/example_dags/example_task_group.py
[2024-07-09T02:13:17.148+0000] {processor.py:840} INFO - DAG(s) 'example_task_group' retrieved from /home/airflow/.local/lib/python3.12/site-packages/airflow/example_dags/example_task_group.py
[2024-07-09T02:13:17.256+0000] {logging_mixin.py:188} INFO - [2024-07-09T02:13:17.256+0000] {dag.py:3096} INFO - Sync 1 DAGs
[2024-07-09T02:13:17.328+0000] {logging_mixin.py:188} INFO - [2024-07-09T02:13:17.328+0000] {dag.py:3954} INFO - Setting next_dagrun for example_task_group to 2024-07-08 00:00:00+00:00, run_after=2024-07-09 00:00:00+00:00
[2024-07-09T02:13:17.398+0000] {processor.py:183} INFO - Processing /home/airflow/.local/lib/python3.12/site-packages/airflow/example_dags/example_task_group.py took 0.308 seconds
[2024-07-09T02:13:48.218+0000] {processor.py:161} INFO - Started process (PID=223) to work on /home/airflow/.local/lib/python3.12/site-packages/airflow/example_dags/example_task_group.py
[2024-07-09T02:13:48.219+0000] {processor.py:830} INFO - Processing file /home/airflow/.local/lib/python3.12/site-packages/airflow/example_dags/example_task_group.py for tasks to queue
[2024-07-09T02:13:48.222+0000] {logging_mixin.py:188} INFO - [2024-07-09T02:13:48.222+0000] {dagbag.py:545} INFO - Filling up the DagBag from /home/airflow/.local/lib/python3.12/site-packages/airflow/example_dags/example_task_group.py
[2024-07-09T02:13:48.234+0000] {processor.py:840} INFO - DAG(s) 'example_task_group' retrieved from /home/airflow/.local/lib/python3.12/site-packages/airflow/example_dags/example_task_group.py
[2024-07-09T02:13:48.269+0000] {logging_mixin.py:188} INFO - [2024-07-09T02:13:48.269+0000] {dag.py:3096} INFO - Sync 1 DAGs
[2024-07-09T02:13:48.301+0000] {logging_mixin.py:188} INFO - [2024-07-09T02:13:48.301+0000] {dag.py:3954} INFO - Setting next_dagrun for example_task_group to 2024-07-08 00:00:00+00:00, run_after=2024-07-09 00:00:00+00:00
[2024-07-09T02:13:48.347+0000] {processor.py:183} INFO - Processing /home/airflow/.local/lib/python3.12/site-packages/airflow/example_dags/example_task_group.py took 0.140 seconds
[2024-07-09T02:14:19.143+0000] {processor.py:161} INFO - Started process (PID=283) to work on /home/airflow/.local/lib/python3.12/site-packages/airflow/example_dags/example_task_group.py
[2024-07-09T02:14:19.146+0000] {processor.py:830} INFO - Processing file /home/airflow/.local/lib/python3.12/site-packages/airflow/example_dags/example_task_group.py for tasks to queue
[2024-07-09T02:14:19.152+0000] {logging_mixin.py:188} INFO - [2024-07-09T02:14:19.150+0000] {dagbag.py:545} INFO - Filling up the DagBag from /home/airflow/.local/lib/python3.12/site-packages/airflow/example_dags/example_task_group.py
[2024-07-09T02:14:19.173+0000] {processor.py:840} INFO - DAG(s) 'example_task_group' retrieved from /home/airflow/.local/lib/python3.12/site-packages/airflow/example_dags/example_task_group.py
[2024-07-09T02:14:19.233+0000] {logging_mixin.py:188} INFO - [2024-07-09T02:14:19.232+0000] {dag.py:3096} INFO - Sync 1 DAGs
[2024-07-09T02:14:19.306+0000] {logging_mixin.py:188} INFO - [2024-07-09T02:14:19.305+0000] {dag.py:3954} INFO - Setting next_dagrun for example_task_group to 2024-07-08 00:00:00+00:00, run_after=2024-07-09 00:00:00+00:00
[2024-07-09T02:14:19.392+0000] {processor.py:183} INFO - Processing /home/airflow/.local/lib/python3.12/site-packages/airflow/example_dags/example_task_group.py took 0.268 seconds
[2024-07-09T02:14:49.566+0000] {processor.py:161} INFO - Started process (PID=342) to work on /home/airflow/.local/lib/python3.12/site-packages/airflow/example_dags/example_task_group.py
[2024-07-09T02:14:49.569+0000] {processor.py:830} INFO - Processing file /home/airflow/.local/lib/python3.12/site-packages/airflow/example_dags/example_task_group.py for tasks to queue
[2024-07-09T02:14:49.574+0000] {logging_mixin.py:188} INFO - [2024-07-09T02:14:49.573+0000] {dagbag.py:545} INFO - Filling up the DagBag from /home/airflow/.local/lib/python3.12/site-packages/airflow/example_dags/example_task_group.py
[2024-07-09T02:14:49.590+0000] {processor.py:840} INFO - DAG(s) 'example_task_group' retrieved from /home/airflow/.local/lib/python3.12/site-packages/airflow/example_dags/example_task_group.py
[2024-07-09T02:14:49.649+0000] {logging_mixin.py:188} INFO - [2024-07-09T02:14:49.649+0000] {dag.py:3096} INFO - Sync 1 DAGs
[2024-07-09T02:14:49.766+0000] {logging_mixin.py:188} INFO - [2024-07-09T02:14:49.765+0000] {dag.py:3954} INFO - Setting next_dagrun for example_task_group to 2024-07-08 00:00:00+00:00, run_after=2024-07-09 00:00:00+00:00
[2024-07-09T02:14:49.841+0000] {processor.py:183} INFO - Processing /home/airflow/.local/lib/python3.12/site-packages/airflow/example_dags/example_task_group.py took 0.295 seconds
[2024-07-09T02:16:58.972+0000] {processor.py:161} INFO - Started process (PID=45) to work on /home/airflow/.local/lib/python3.12/site-packages/airflow/example_dags/example_task_group.py
[2024-07-09T02:16:59.014+0000] {processor.py:830} INFO - Processing file /home/airflow/.local/lib/python3.12/site-packages/airflow/example_dags/example_task_group.py for tasks to queue
[2024-07-09T02:16:59.020+0000] {logging_mixin.py:188} INFO - [2024-07-09T02:16:59.019+0000] {dagbag.py:545} INFO - Filling up the DagBag from /home/airflow/.local/lib/python3.12/site-packages/airflow/example_dags/example_task_group.py
[2024-07-09T02:16:59.099+0000] {processor.py:840} INFO - DAG(s) 'example_task_group' retrieved from /home/airflow/.local/lib/python3.12/site-packages/airflow/example_dags/example_task_group.py
[2024-07-09T02:16:59.700+0000] {logging_mixin.py:188} INFO - [2024-07-09T02:16:59.700+0000] {dag.py:3096} INFO - Sync 1 DAGs
[2024-07-09T02:16:59.785+0000] {logging_mixin.py:188} INFO - [2024-07-09T02:16:59.785+0000] {dag.py:3954} INFO - Setting next_dagrun for example_task_group to 2024-07-08 00:00:00+00:00, run_after=2024-07-09 00:00:00+00:00
[2024-07-09T02:16:59.898+0000] {processor.py:183} INFO - Processing /home/airflow/.local/lib/python3.12/site-packages/airflow/example_dags/example_task_group.py took 0.951 seconds
[2024-07-09T02:17:30.376+0000] {processor.py:161} INFO - Started process (PID=105) to work on /home/airflow/.local/lib/python3.12/site-packages/airflow/example_dags/example_task_group.py
[2024-07-09T02:17:30.378+0000] {processor.py:830} INFO - Processing file /home/airflow/.local/lib/python3.12/site-packages/airflow/example_dags/example_task_group.py for tasks to queue
[2024-07-09T02:17:30.382+0000] {logging_mixin.py:188} INFO - [2024-07-09T02:17:30.381+0000] {dagbag.py:545} INFO - Filling up the DagBag from /home/airflow/.local/lib/python3.12/site-packages/airflow/example_dags/example_task_group.py
[2024-07-09T02:17:30.393+0000] {processor.py:840} INFO - DAG(s) 'example_task_group' retrieved from /home/airflow/.local/lib/python3.12/site-packages/airflow/example_dags/example_task_group.py
[2024-07-09T02:17:30.428+0000] {logging_mixin.py:188} INFO - [2024-07-09T02:17:30.427+0000] {dag.py:3096} INFO - Sync 1 DAGs
[2024-07-09T02:17:30.458+0000] {logging_mixin.py:188} INFO - [2024-07-09T02:17:30.458+0000] {dag.py:3954} INFO - Setting next_dagrun for example_task_group to 2024-07-08 00:00:00+00:00, run_after=2024-07-09 00:00:00+00:00
[2024-07-09T02:17:30.501+0000] {processor.py:183} INFO - Processing /home/airflow/.local/lib/python3.12/site-packages/airflow/example_dags/example_task_group.py took 0.133 seconds
[2024-07-09T02:18:00.762+0000] {processor.py:161} INFO - Started process (PID=165) to work on /home/airflow/.local/lib/python3.12/site-packages/airflow/example_dags/example_task_group.py
[2024-07-09T02:18:00.763+0000] {processor.py:830} INFO - Processing file /home/airflow/.local/lib/python3.12/site-packages/airflow/example_dags/example_task_group.py for tasks to queue
[2024-07-09T02:18:00.766+0000] {logging_mixin.py:188} INFO - [2024-07-09T02:18:00.766+0000] {dagbag.py:545} INFO - Filling up the DagBag from /home/airflow/.local/lib/python3.12/site-packages/airflow/example_dags/example_task_group.py
[2024-07-09T02:18:00.782+0000] {processor.py:840} INFO - DAG(s) 'example_task_group' retrieved from /home/airflow/.local/lib/python3.12/site-packages/airflow/example_dags/example_task_group.py
[2024-07-09T02:18:00.819+0000] {logging_mixin.py:188} INFO - [2024-07-09T02:18:00.819+0000] {dag.py:3096} INFO - Sync 1 DAGs
[2024-07-09T02:18:00.859+0000] {logging_mixin.py:188} INFO - [2024-07-09T02:18:00.859+0000] {dag.py:3954} INFO - Setting next_dagrun for example_task_group to 2024-07-08 00:00:00+00:00, run_after=2024-07-09 00:00:00+00:00
[2024-07-09T02:18:00.914+0000] {processor.py:183} INFO - Processing /home/airflow/.local/lib/python3.12/site-packages/airflow/example_dags/example_task_group.py took 0.161 seconds
[2024-07-09T02:18:31.244+0000] {processor.py:161} INFO - Started process (PID=224) to work on /home/airflow/.local/lib/python3.12/site-packages/airflow/example_dags/example_task_group.py
[2024-07-09T02:18:31.246+0000] {processor.py:830} INFO - Processing file /home/airflow/.local/lib/python3.12/site-packages/airflow/example_dags/example_task_group.py for tasks to queue
[2024-07-09T02:18:31.248+0000] {logging_mixin.py:188} INFO - [2024-07-09T02:18:31.248+0000] {dagbag.py:545} INFO - Filling up the DagBag from /home/airflow/.local/lib/python3.12/site-packages/airflow/example_dags/example_task_group.py
[2024-07-09T02:18:31.260+0000] {processor.py:840} INFO - DAG(s) 'example_task_group' retrieved from /home/airflow/.local/lib/python3.12/site-packages/airflow/example_dags/example_task_group.py
[2024-07-09T02:18:31.297+0000] {logging_mixin.py:188} INFO - [2024-07-09T02:18:31.297+0000] {dag.py:3096} INFO - Sync 1 DAGs
[2024-07-09T02:18:31.334+0000] {logging_mixin.py:188} INFO - [2024-07-09T02:18:31.334+0000] {dag.py:3954} INFO - Setting next_dagrun for example_task_group to 2024-07-08 00:00:00+00:00, run_after=2024-07-09 00:00:00+00:00
[2024-07-09T02:18:31.372+0000] {processor.py:183} INFO - Processing /home/airflow/.local/lib/python3.12/site-packages/airflow/example_dags/example_task_group.py took 0.135 seconds
[2024-07-09T02:19:01.732+0000] {processor.py:161} INFO - Started process (PID=284) to work on /home/airflow/.local/lib/python3.12/site-packages/airflow/example_dags/example_task_group.py
[2024-07-09T02:19:01.733+0000] {processor.py:830} INFO - Processing file /home/airflow/.local/lib/python3.12/site-packages/airflow/example_dags/example_task_group.py for tasks to queue
[2024-07-09T02:19:01.735+0000] {logging_mixin.py:188} INFO - [2024-07-09T02:19:01.735+0000] {dagbag.py:545} INFO - Filling up the DagBag from /home/airflow/.local/lib/python3.12/site-packages/airflow/example_dags/example_task_group.py
[2024-07-09T02:19:01.744+0000] {processor.py:840} INFO - DAG(s) 'example_task_group' retrieved from /home/airflow/.local/lib/python3.12/site-packages/airflow/example_dags/example_task_group.py
[2024-07-09T02:19:01.769+0000] {logging_mixin.py:188} INFO - [2024-07-09T02:19:01.769+0000] {dag.py:3096} INFO - Sync 1 DAGs
[2024-07-09T02:19:01.796+0000] {logging_mixin.py:188} INFO - [2024-07-09T02:19:01.796+0000] {dag.py:3954} INFO - Setting next_dagrun for example_task_group to 2024-07-08 00:00:00+00:00, run_after=2024-07-09 00:00:00+00:00
[2024-07-09T02:19:01.821+0000] {processor.py:183} INFO - Processing /home/airflow/.local/lib/python3.12/site-packages/airflow/example_dags/example_task_group.py took 0.095 seconds
[2024-07-09T02:19:32.167+0000] {processor.py:161} INFO - Started process (PID=344) to work on /home/airflow/.local/lib/python3.12/site-packages/airflow/example_dags/example_task_group.py
[2024-07-09T02:19:32.169+0000] {processor.py:830} INFO - Processing file /home/airflow/.local/lib/python3.12/site-packages/airflow/example_dags/example_task_group.py for tasks to queue
[2024-07-09T02:19:32.185+0000] {logging_mixin.py:188} INFO - [2024-07-09T02:19:32.184+0000] {dagbag.py:545} INFO - Filling up the DagBag from /home/airflow/.local/lib/python3.12/site-packages/airflow/example_dags/example_task_group.py
[2024-07-09T02:19:32.238+0000] {processor.py:840} INFO - DAG(s) 'example_task_group' retrieved from /home/airflow/.local/lib/python3.12/site-packages/airflow/example_dags/example_task_group.py
[2024-07-09T02:19:32.351+0000] {logging_mixin.py:188} INFO - [2024-07-09T02:19:32.350+0000] {dag.py:3096} INFO - Sync 1 DAGs
[2024-07-09T02:19:32.483+0000] {logging_mixin.py:188} INFO - [2024-07-09T02:19:32.482+0000] {dag.py:3954} INFO - Setting next_dagrun for example_task_group to 2024-07-08 00:00:00+00:00, run_after=2024-07-09 00:00:00+00:00
[2024-07-09T02:19:32.621+0000] {processor.py:183} INFO - Processing /home/airflow/.local/lib/python3.12/site-packages/airflow/example_dags/example_task_group.py took 0.490 seconds
[2024-07-09T02:20:02.876+0000] {processor.py:161} INFO - Started process (PID=405) to work on /home/airflow/.local/lib/python3.12/site-packages/airflow/example_dags/example_task_group.py
[2024-07-09T02:20:02.881+0000] {processor.py:830} INFO - Processing file /home/airflow/.local/lib/python3.12/site-packages/airflow/example_dags/example_task_group.py for tasks to queue
[2024-07-09T02:20:02.888+0000] {logging_mixin.py:188} INFO - [2024-07-09T02:20:02.887+0000] {dagbag.py:545} INFO - Filling up the DagBag from /home/airflow/.local/lib/python3.12/site-packages/airflow/example_dags/example_task_group.py
[2024-07-09T02:20:02.909+0000] {processor.py:840} INFO - DAG(s) 'example_task_group' retrieved from /home/airflow/.local/lib/python3.12/site-packages/airflow/example_dags/example_task_group.py
[2024-07-09T02:20:02.994+0000] {logging_mixin.py:188} INFO - [2024-07-09T02:20:02.994+0000] {dag.py:3096} INFO - Sync 1 DAGs
[2024-07-09T02:20:03.093+0000] {logging_mixin.py:188} INFO - [2024-07-09T02:20:03.092+0000] {dag.py:3954} INFO - Setting next_dagrun for example_task_group to 2024-07-08 00:00:00+00:00, run_after=2024-07-09 00:00:00+00:00
[2024-07-09T02:20:03.158+0000] {processor.py:183} INFO - Processing /home/airflow/.local/lib/python3.12/site-packages/airflow/example_dags/example_task_group.py took 0.297 seconds
[2024-07-09T02:20:33.395+0000] {processor.py:161} INFO - Started process (PID=465) to work on /home/airflow/.local/lib/python3.12/site-packages/airflow/example_dags/example_task_group.py
[2024-07-09T02:20:33.398+0000] {processor.py:830} INFO - Processing file /home/airflow/.local/lib/python3.12/site-packages/airflow/example_dags/example_task_group.py for tasks to queue
[2024-07-09T02:20:33.404+0000] {logging_mixin.py:188} INFO - [2024-07-09T02:20:33.403+0000] {dagbag.py:545} INFO - Filling up the DagBag from /home/airflow/.local/lib/python3.12/site-packages/airflow/example_dags/example_task_group.py
[2024-07-09T02:20:33.422+0000] {processor.py:840} INFO - DAG(s) 'example_task_group' retrieved from /home/airflow/.local/lib/python3.12/site-packages/airflow/example_dags/example_task_group.py
[2024-07-09T02:20:33.471+0000] {logging_mixin.py:188} INFO - [2024-07-09T02:20:33.470+0000] {dag.py:3096} INFO - Sync 1 DAGs
[2024-07-09T02:20:33.522+0000] {logging_mixin.py:188} INFO - [2024-07-09T02:20:33.522+0000] {dag.py:3954} INFO - Setting next_dagrun for example_task_group to 2024-07-08 00:00:00+00:00, run_after=2024-07-09 00:00:00+00:00
[2024-07-09T02:20:33.561+0000] {processor.py:183} INFO - Processing /home/airflow/.local/lib/python3.12/site-packages/airflow/example_dags/example_task_group.py took 0.180 seconds
[2024-07-09T02:21:03.817+0000] {processor.py:161} INFO - Started process (PID=524) to work on /home/airflow/.local/lib/python3.12/site-packages/airflow/example_dags/example_task_group.py
[2024-07-09T02:21:03.819+0000] {processor.py:830} INFO - Processing file /home/airflow/.local/lib/python3.12/site-packages/airflow/example_dags/example_task_group.py for tasks to queue
[2024-07-09T02:21:03.823+0000] {logging_mixin.py:188} INFO - [2024-07-09T02:21:03.822+0000] {dagbag.py:545} INFO - Filling up the DagBag from /home/airflow/.local/lib/python3.12/site-packages/airflow/example_dags/example_task_group.py
[2024-07-09T02:21:03.849+0000] {processor.py:840} INFO - DAG(s) 'example_task_group' retrieved from /home/airflow/.local/lib/python3.12/site-packages/airflow/example_dags/example_task_group.py
[2024-07-09T02:21:03.892+0000] {logging_mixin.py:188} INFO - [2024-07-09T02:21:03.892+0000] {dag.py:3096} INFO - Sync 1 DAGs
[2024-07-09T02:21:03.940+0000] {logging_mixin.py:188} INFO - [2024-07-09T02:21:03.939+0000] {dag.py:3954} INFO - Setting next_dagrun for example_task_group to 2024-07-08 00:00:00+00:00, run_after=2024-07-09 00:00:00+00:00
[2024-07-09T02:21:03.972+0000] {processor.py:183} INFO - Processing /home/airflow/.local/lib/python3.12/site-packages/airflow/example_dags/example_task_group.py took 0.165 seconds
[2024-07-09T02:21:34.312+0000] {processor.py:161} INFO - Started process (PID=584) to work on /home/airflow/.local/lib/python3.12/site-packages/airflow/example_dags/example_task_group.py
[2024-07-09T02:21:34.314+0000] {processor.py:830} INFO - Processing file /home/airflow/.local/lib/python3.12/site-packages/airflow/example_dags/example_task_group.py for tasks to queue
[2024-07-09T02:21:34.316+0000] {logging_mixin.py:188} INFO - [2024-07-09T02:21:34.316+0000] {dagbag.py:545} INFO - Filling up the DagBag from /home/airflow/.local/lib/python3.12/site-packages/airflow/example_dags/example_task_group.py
[2024-07-09T02:21:34.324+0000] {processor.py:840} INFO - DAG(s) 'example_task_group' retrieved from /home/airflow/.local/lib/python3.12/site-packages/airflow/example_dags/example_task_group.py
[2024-07-09T02:21:34.355+0000] {logging_mixin.py:188} INFO - [2024-07-09T02:21:34.355+0000] {dag.py:3096} INFO - Sync 1 DAGs
[2024-07-09T02:21:34.389+0000] {logging_mixin.py:188} INFO - [2024-07-09T02:21:34.389+0000] {dag.py:3954} INFO - Setting next_dagrun for example_task_group to 2024-07-08 00:00:00+00:00, run_after=2024-07-09 00:00:00+00:00
[2024-07-09T02:21:34.436+0000] {processor.py:183} INFO - Processing /home/airflow/.local/lib/python3.12/site-packages/airflow/example_dags/example_task_group.py took 0.129 seconds
[2024-07-09T02:22:04.550+0000] {processor.py:161} INFO - Started process (PID=643) to work on /home/airflow/.local/lib/python3.12/site-packages/airflow/example_dags/example_task_group.py
[2024-07-09T02:22:04.552+0000] {processor.py:830} INFO - Processing file /home/airflow/.local/lib/python3.12/site-packages/airflow/example_dags/example_task_group.py for tasks to queue
[2024-07-09T02:22:04.555+0000] {logging_mixin.py:188} INFO - [2024-07-09T02:22:04.555+0000] {dagbag.py:545} INFO - Filling up the DagBag from /home/airflow/.local/lib/python3.12/site-packages/airflow/example_dags/example_task_group.py
[2024-07-09T02:22:04.571+0000] {processor.py:840} INFO - DAG(s) 'example_task_group' retrieved from /home/airflow/.local/lib/python3.12/site-packages/airflow/example_dags/example_task_group.py
[2024-07-09T02:22:04.618+0000] {logging_mixin.py:188} INFO - [2024-07-09T02:22:04.617+0000] {dag.py:3096} INFO - Sync 1 DAGs
[2024-07-09T02:22:04.670+0000] {logging_mixin.py:188} INFO - [2024-07-09T02:22:04.670+0000] {dag.py:3954} INFO - Setting next_dagrun for example_task_group to 2024-07-08 00:00:00+00:00, run_after=2024-07-09 00:00:00+00:00
[2024-07-09T02:22:04.713+0000] {processor.py:183} INFO - Processing /home/airflow/.local/lib/python3.12/site-packages/airflow/example_dags/example_task_group.py took 0.178 seconds
[2024-07-09T02:22:35.683+0000] {processor.py:161} INFO - Started process (PID=704) to work on /home/airflow/.local/lib/python3.12/site-packages/airflow/example_dags/example_task_group.py
[2024-07-09T02:22:35.685+0000] {processor.py:830} INFO - Processing file /home/airflow/.local/lib/python3.12/site-packages/airflow/example_dags/example_task_group.py for tasks to queue
[2024-07-09T02:22:35.687+0000] {logging_mixin.py:188} INFO - [2024-07-09T02:22:35.686+0000] {dagbag.py:545} INFO - Filling up the DagBag from /home/airflow/.local/lib/python3.12/site-packages/airflow/example_dags/example_task_group.py
[2024-07-09T02:22:35.695+0000] {processor.py:840} INFO - DAG(s) 'example_task_group' retrieved from /home/airflow/.local/lib/python3.12/site-packages/airflow/example_dags/example_task_group.py
[2024-07-09T02:22:35.721+0000] {logging_mixin.py:188} INFO - [2024-07-09T02:22:35.720+0000] {dag.py:3096} INFO - Sync 1 DAGs
[2024-07-09T02:22:35.747+0000] {logging_mixin.py:188} INFO - [2024-07-09T02:22:35.746+0000] {dag.py:3954} INFO - Setting next_dagrun for example_task_group to 2024-07-08 00:00:00+00:00, run_after=2024-07-09 00:00:00+00:00
[2024-07-09T02:22:35.787+0000] {processor.py:183} INFO - Processing /home/airflow/.local/lib/python3.12/site-packages/airflow/example_dags/example_task_group.py took 0.109 seconds
[2024-07-09T02:23:06.113+0000] {processor.py:161} INFO - Started process (PID=763) to work on /home/airflow/.local/lib/python3.12/site-packages/airflow/example_dags/example_task_group.py
[2024-07-09T02:23:06.114+0000] {processor.py:830} INFO - Processing file /home/airflow/.local/lib/python3.12/site-packages/airflow/example_dags/example_task_group.py for tasks to queue
[2024-07-09T02:23:06.117+0000] {logging_mixin.py:188} INFO - [2024-07-09T02:23:06.116+0000] {dagbag.py:545} INFO - Filling up the DagBag from /home/airflow/.local/lib/python3.12/site-packages/airflow/example_dags/example_task_group.py
[2024-07-09T02:23:06.127+0000] {processor.py:840} INFO - DAG(s) 'example_task_group' retrieved from /home/airflow/.local/lib/python3.12/site-packages/airflow/example_dags/example_task_group.py
[2024-07-09T02:23:06.155+0000] {logging_mixin.py:188} INFO - [2024-07-09T02:23:06.155+0000] {dag.py:3096} INFO - Sync 1 DAGs
[2024-07-09T02:23:06.183+0000] {logging_mixin.py:188} INFO - [2024-07-09T02:23:06.183+0000] {dag.py:3954} INFO - Setting next_dagrun for example_task_group to 2024-07-08 00:00:00+00:00, run_after=2024-07-09 00:00:00+00:00
[2024-07-09T02:23:06.208+0000] {processor.py:183} INFO - Processing /home/airflow/.local/lib/python3.12/site-packages/airflow/example_dags/example_task_group.py took 0.102 seconds
[2024-07-09T02:23:36.945+0000] {processor.py:161} INFO - Started process (PID=823) to work on /home/airflow/.local/lib/python3.12/site-packages/airflow/example_dags/example_task_group.py
[2024-07-09T02:23:36.946+0000] {processor.py:830} INFO - Processing file /home/airflow/.local/lib/python3.12/site-packages/airflow/example_dags/example_task_group.py for tasks to queue
[2024-07-09T02:23:36.949+0000] {logging_mixin.py:188} INFO - [2024-07-09T02:23:36.948+0000] {dagbag.py:545} INFO - Filling up the DagBag from /home/airflow/.local/lib/python3.12/site-packages/airflow/example_dags/example_task_group.py
[2024-07-09T02:23:36.962+0000] {processor.py:840} INFO - DAG(s) 'example_task_group' retrieved from /home/airflow/.local/lib/python3.12/site-packages/airflow/example_dags/example_task_group.py
[2024-07-09T02:23:37.002+0000] {logging_mixin.py:188} INFO - [2024-07-09T02:23:37.001+0000] {dag.py:3096} INFO - Sync 1 DAGs
[2024-07-09T02:23:37.032+0000] {logging_mixin.py:188} INFO - [2024-07-09T02:23:37.032+0000] {dag.py:3954} INFO - Setting next_dagrun for example_task_group to 2024-07-08 00:00:00+00:00, run_after=2024-07-09 00:00:00+00:00
[2024-07-09T02:23:37.060+0000] {processor.py:183} INFO - Processing /home/airflow/.local/lib/python3.12/site-packages/airflow/example_dags/example_task_group.py took 0.127 seconds
[2024-07-09T02:24:07.610+0000] {processor.py:161} INFO - Started process (PID=883) to work on /home/airflow/.local/lib/python3.12/site-packages/airflow/example_dags/example_task_group.py
[2024-07-09T02:24:07.613+0000] {processor.py:830} INFO - Processing file /home/airflow/.local/lib/python3.12/site-packages/airflow/example_dags/example_task_group.py for tasks to queue
[2024-07-09T02:24:07.617+0000] {logging_mixin.py:188} INFO - [2024-07-09T02:24:07.616+0000] {dagbag.py:545} INFO - Filling up the DagBag from /home/airflow/.local/lib/python3.12/site-packages/airflow/example_dags/example_task_group.py
[2024-07-09T02:24:07.632+0000] {processor.py:840} INFO - DAG(s) 'example_task_group' retrieved from /home/airflow/.local/lib/python3.12/site-packages/airflow/example_dags/example_task_group.py
[2024-07-09T02:24:07.686+0000] {logging_mixin.py:188} INFO - [2024-07-09T02:24:07.685+0000] {dag.py:3096} INFO - Sync 1 DAGs
[2024-07-09T02:24:07.741+0000] {logging_mixin.py:188} INFO - [2024-07-09T02:24:07.741+0000] {dag.py:3954} INFO - Setting next_dagrun for example_task_group to 2024-07-08 00:00:00+00:00, run_after=2024-07-09 00:00:00+00:00
[2024-07-09T02:24:07.818+0000] {processor.py:183} INFO - Processing /home/airflow/.local/lib/python3.12/site-packages/airflow/example_dags/example_task_group.py took 0.222 seconds
[2024-07-09T02:24:37.950+0000] {processor.py:161} INFO - Started process (PID=943) to work on /home/airflow/.local/lib/python3.12/site-packages/airflow/example_dags/example_task_group.py
[2024-07-09T02:24:37.952+0000] {processor.py:830} INFO - Processing file /home/airflow/.local/lib/python3.12/site-packages/airflow/example_dags/example_task_group.py for tasks to queue
[2024-07-09T02:24:37.957+0000] {logging_mixin.py:188} INFO - [2024-07-09T02:24:37.956+0000] {dagbag.py:545} INFO - Filling up the DagBag from /home/airflow/.local/lib/python3.12/site-packages/airflow/example_dags/example_task_group.py
[2024-07-09T02:24:37.971+0000] {processor.py:840} INFO - DAG(s) 'example_task_group' retrieved from /home/airflow/.local/lib/python3.12/site-packages/airflow/example_dags/example_task_group.py
[2024-07-09T02:24:38.016+0000] {logging_mixin.py:188} INFO - [2024-07-09T02:24:38.016+0000] {dag.py:3096} INFO - Sync 1 DAGs
[2024-07-09T02:24:38.063+0000] {logging_mixin.py:188} INFO - [2024-07-09T02:24:38.062+0000] {dag.py:3954} INFO - Setting next_dagrun for example_task_group to 2024-07-08 00:00:00+00:00, run_after=2024-07-09 00:00:00+00:00
[2024-07-09T02:24:38.105+0000] {processor.py:183} INFO - Processing /home/airflow/.local/lib/python3.12/site-packages/airflow/example_dags/example_task_group.py took 0.168 seconds
[2024-07-09T02:25:08.607+0000] {processor.py:161} INFO - Started process (PID=1003) to work on /home/airflow/.local/lib/python3.12/site-packages/airflow/example_dags/example_task_group.py
[2024-07-09T02:25:08.611+0000] {processor.py:830} INFO - Processing file /home/airflow/.local/lib/python3.12/site-packages/airflow/example_dags/example_task_group.py for tasks to queue
[2024-07-09T02:25:08.619+0000] {logging_mixin.py:188} INFO - [2024-07-09T02:25:08.618+0000] {dagbag.py:545} INFO - Filling up the DagBag from /home/airflow/.local/lib/python3.12/site-packages/airflow/example_dags/example_task_group.py
[2024-07-09T02:25:08.639+0000] {processor.py:840} INFO - DAG(s) 'example_task_group' retrieved from /home/airflow/.local/lib/python3.12/site-packages/airflow/example_dags/example_task_group.py
[2024-07-09T02:25:08.701+0000] {logging_mixin.py:188} INFO - [2024-07-09T02:25:08.700+0000] {dag.py:3096} INFO - Sync 1 DAGs
[2024-07-09T02:25:08.787+0000] {logging_mixin.py:188} INFO - [2024-07-09T02:25:08.786+0000] {dag.py:3954} INFO - Setting next_dagrun for example_task_group to 2024-07-08 00:00:00+00:00, run_after=2024-07-09 00:00:00+00:00
[2024-07-09T02:25:08.873+0000] {processor.py:183} INFO - Processing /home/airflow/.local/lib/python3.12/site-packages/airflow/example_dags/example_task_group.py took 0.281 seconds
[2024-07-09T02:25:39.184+0000] {processor.py:161} INFO - Started process (PID=1079) to work on /home/airflow/.local/lib/python3.12/site-packages/airflow/example_dags/example_task_group.py
[2024-07-09T02:25:39.187+0000] {processor.py:830} INFO - Processing file /home/airflow/.local/lib/python3.12/site-packages/airflow/example_dags/example_task_group.py for tasks to queue
[2024-07-09T02:25:39.190+0000] {logging_mixin.py:188} INFO - [2024-07-09T02:25:39.190+0000] {dagbag.py:545} INFO - Filling up the DagBag from /home/airflow/.local/lib/python3.12/site-packages/airflow/example_dags/example_task_group.py
[2024-07-09T02:25:39.215+0000] {processor.py:840} INFO - DAG(s) 'example_task_group' retrieved from /home/airflow/.local/lib/python3.12/site-packages/airflow/example_dags/example_task_group.py
[2024-07-09T02:25:39.272+0000] {logging_mixin.py:188} INFO - [2024-07-09T02:25:39.271+0000] {dag.py:3096} INFO - Sync 1 DAGs
[2024-07-09T02:25:39.372+0000] {logging_mixin.py:188} INFO - [2024-07-09T02:25:39.372+0000] {dag.py:3954} INFO - Setting next_dagrun for example_task_group to 2024-07-08 00:00:00+00:00, run_after=2024-07-09 00:00:00+00:00
[2024-07-09T02:25:39.444+0000] {processor.py:183} INFO - Processing /home/airflow/.local/lib/python3.12/site-packages/airflow/example_dags/example_task_group.py took 0.277 seconds
[2024-07-09T02:26:09.961+0000] {processor.py:161} INFO - Started process (PID=1143) to work on /home/airflow/.local/lib/python3.12/site-packages/airflow/example_dags/example_task_group.py
[2024-07-09T02:26:09.962+0000] {processor.py:830} INFO - Processing file /home/airflow/.local/lib/python3.12/site-packages/airflow/example_dags/example_task_group.py for tasks to queue
[2024-07-09T02:26:09.968+0000] {logging_mixin.py:188} INFO - [2024-07-09T02:26:09.967+0000] {dagbag.py:545} INFO - Filling up the DagBag from /home/airflow/.local/lib/python3.12/site-packages/airflow/example_dags/example_task_group.py
[2024-07-09T02:26:09.982+0000] {processor.py:840} INFO - DAG(s) 'example_task_group' retrieved from /home/airflow/.local/lib/python3.12/site-packages/airflow/example_dags/example_task_group.py
[2024-07-09T02:26:10.027+0000] {logging_mixin.py:188} INFO - [2024-07-09T02:26:10.026+0000] {dag.py:3096} INFO - Sync 1 DAGs
[2024-07-09T02:26:10.111+0000] {logging_mixin.py:188} INFO - [2024-07-09T02:26:10.106+0000] {dag.py:3954} INFO - Setting next_dagrun for example_task_group to 2024-07-08 00:00:00+00:00, run_after=2024-07-09 00:00:00+00:00
[2024-07-09T02:26:10.236+0000] {processor.py:183} INFO - Processing /home/airflow/.local/lib/python3.12/site-packages/airflow/example_dags/example_task_group.py took 0.288 seconds
[2024-07-09T02:26:40.689+0000] {processor.py:161} INFO - Started process (PID=1203) to work on /home/airflow/.local/lib/python3.12/site-packages/airflow/example_dags/example_task_group.py
[2024-07-09T02:26:40.694+0000] {processor.py:830} INFO - Processing file /home/airflow/.local/lib/python3.12/site-packages/airflow/example_dags/example_task_group.py for tasks to queue
[2024-07-09T02:26:40.702+0000] {logging_mixin.py:188} INFO - [2024-07-09T02:26:40.701+0000] {dagbag.py:545} INFO - Filling up the DagBag from /home/airflow/.local/lib/python3.12/site-packages/airflow/example_dags/example_task_group.py
[2024-07-09T02:26:40.729+0000] {processor.py:840} INFO - DAG(s) 'example_task_group' retrieved from /home/airflow/.local/lib/python3.12/site-packages/airflow/example_dags/example_task_group.py
[2024-07-09T02:26:40.825+0000] {logging_mixin.py:188} INFO - [2024-07-09T02:26:40.824+0000] {dag.py:3096} INFO - Sync 1 DAGs
[2024-07-09T02:26:40.945+0000] {logging_mixin.py:188} INFO - [2024-07-09T02:26:40.944+0000] {dag.py:3954} INFO - Setting next_dagrun for example_task_group to 2024-07-08 00:00:00+00:00, run_after=2024-07-09 00:00:00+00:00
[2024-07-09T02:26:41.056+0000] {processor.py:183} INFO - Processing /home/airflow/.local/lib/python3.12/site-packages/airflow/example_dags/example_task_group.py took 0.386 seconds
[2024-07-09T02:27:11.557+0000] {processor.py:161} INFO - Started process (PID=1267) to work on /home/airflow/.local/lib/python3.12/site-packages/airflow/example_dags/example_task_group.py
[2024-07-09T02:27:11.559+0000] {processor.py:830} INFO - Processing file /home/airflow/.local/lib/python3.12/site-packages/airflow/example_dags/example_task_group.py for tasks to queue
[2024-07-09T02:27:11.563+0000] {logging_mixin.py:188} INFO - [2024-07-09T02:27:11.562+0000] {dagbag.py:545} INFO - Filling up the DagBag from /home/airflow/.local/lib/python3.12/site-packages/airflow/example_dags/example_task_group.py
[2024-07-09T02:27:11.582+0000] {processor.py:840} INFO - DAG(s) 'example_task_group' retrieved from /home/airflow/.local/lib/python3.12/site-packages/airflow/example_dags/example_task_group.py
[2024-07-09T02:27:11.643+0000] {logging_mixin.py:188} INFO - [2024-07-09T02:27:11.643+0000] {dag.py:3096} INFO - Sync 1 DAGs
[2024-07-09T02:27:11.728+0000] {logging_mixin.py:188} INFO - [2024-07-09T02:27:11.727+0000] {dag.py:3954} INFO - Setting next_dagrun for example_task_group to 2024-07-08 00:00:00+00:00, run_after=2024-07-09 00:00:00+00:00
[2024-07-09T02:27:11.805+0000] {processor.py:183} INFO - Processing /home/airflow/.local/lib/python3.12/site-packages/airflow/example_dags/example_task_group.py took 0.266 seconds
[2024-07-09T02:27:42.062+0000] {processor.py:161} INFO - Started process (PID=1325) to work on /home/airflow/.local/lib/python3.12/site-packages/airflow/example_dags/example_task_group.py
[2024-07-09T02:27:42.064+0000] {processor.py:830} INFO - Processing file /home/airflow/.local/lib/python3.12/site-packages/airflow/example_dags/example_task_group.py for tasks to queue
[2024-07-09T02:27:42.068+0000] {logging_mixin.py:188} INFO - [2024-07-09T02:27:42.067+0000] {dagbag.py:545} INFO - Filling up the DagBag from /home/airflow/.local/lib/python3.12/site-packages/airflow/example_dags/example_task_group.py
[2024-07-09T02:27:42.086+0000] {processor.py:840} INFO - DAG(s) 'example_task_group' retrieved from /home/airflow/.local/lib/python3.12/site-packages/airflow/example_dags/example_task_group.py
[2024-07-09T02:27:42.158+0000] {logging_mixin.py:188} INFO - [2024-07-09T02:27:42.157+0000] {dag.py:3096} INFO - Sync 1 DAGs
[2024-07-09T02:27:42.231+0000] {logging_mixin.py:188} INFO - [2024-07-09T02:27:42.231+0000] {dag.py:3954} INFO - Setting next_dagrun for example_task_group to 2024-07-08 00:00:00+00:00, run_after=2024-07-09 00:00:00+00:00
[2024-07-09T02:27:42.281+0000] {processor.py:183} INFO - Processing /home/airflow/.local/lib/python3.12/site-packages/airflow/example_dags/example_task_group.py took 0.231 seconds
[2024-07-09T02:28:13.015+0000] {processor.py:161} INFO - Started process (PID=1383) to work on /home/airflow/.local/lib/python3.12/site-packages/airflow/example_dags/example_task_group.py
[2024-07-09T02:28:13.018+0000] {processor.py:830} INFO - Processing file /home/airflow/.local/lib/python3.12/site-packages/airflow/example_dags/example_task_group.py for tasks to queue
[2024-07-09T02:28:13.022+0000] {logging_mixin.py:188} INFO - [2024-07-09T02:28:13.021+0000] {dagbag.py:545} INFO - Filling up the DagBag from /home/airflow/.local/lib/python3.12/site-packages/airflow/example_dags/example_task_group.py
[2024-07-09T02:28:13.036+0000] {processor.py:840} INFO - DAG(s) 'example_task_group' retrieved from /home/airflow/.local/lib/python3.12/site-packages/airflow/example_dags/example_task_group.py
[2024-07-09T02:28:13.075+0000] {logging_mixin.py:188} INFO - [2024-07-09T02:28:13.075+0000] {dag.py:3096} INFO - Sync 1 DAGs
[2024-07-09T02:28:13.127+0000] {logging_mixin.py:188} INFO - [2024-07-09T02:28:13.126+0000] {dag.py:3954} INFO - Setting next_dagrun for example_task_group to 2024-07-08 00:00:00+00:00, run_after=2024-07-09 00:00:00+00:00
[2024-07-09T02:28:13.163+0000] {processor.py:183} INFO - Processing /home/airflow/.local/lib/python3.12/site-packages/airflow/example_dags/example_task_group.py took 0.159 seconds
[2024-07-09T02:28:43.286+0000] {processor.py:161} INFO - Started process (PID=1443) to work on /home/airflow/.local/lib/python3.12/site-packages/airflow/example_dags/example_task_group.py
[2024-07-09T02:28:43.287+0000] {processor.py:830} INFO - Processing file /home/airflow/.local/lib/python3.12/site-packages/airflow/example_dags/example_task_group.py for tasks to queue
[2024-07-09T02:28:43.291+0000] {logging_mixin.py:188} INFO - [2024-07-09T02:28:43.291+0000] {dagbag.py:545} INFO - Filling up the DagBag from /home/airflow/.local/lib/python3.12/site-packages/airflow/example_dags/example_task_group.py
[2024-07-09T02:28:43.307+0000] {processor.py:840} INFO - DAG(s) 'example_task_group' retrieved from /home/airflow/.local/lib/python3.12/site-packages/airflow/example_dags/example_task_group.py
[2024-07-09T02:28:43.362+0000] {logging_mixin.py:188} INFO - [2024-07-09T02:28:43.361+0000] {dag.py:3096} INFO - Sync 1 DAGs
[2024-07-09T02:28:43.422+0000] {logging_mixin.py:188} INFO - [2024-07-09T02:28:43.421+0000] {dag.py:3954} INFO - Setting next_dagrun for example_task_group to 2024-07-08 00:00:00+00:00, run_after=2024-07-09 00:00:00+00:00
[2024-07-09T02:28:43.476+0000] {processor.py:183} INFO - Processing /home/airflow/.local/lib/python3.12/site-packages/airflow/example_dags/example_task_group.py took 0.202 seconds
[2024-07-09T02:29:13.873+0000] {processor.py:161} INFO - Started process (PID=1502) to work on /home/airflow/.local/lib/python3.12/site-packages/airflow/example_dags/example_task_group.py
[2024-07-09T02:29:13.883+0000] {processor.py:830} INFO - Processing file /home/airflow/.local/lib/python3.12/site-packages/airflow/example_dags/example_task_group.py for tasks to queue
[2024-07-09T02:29:13.936+0000] {logging_mixin.py:188} INFO - [2024-07-09T02:29:13.921+0000] {dagbag.py:545} INFO - Filling up the DagBag from /home/airflow/.local/lib/python3.12/site-packages/airflow/example_dags/example_task_group.py
[2024-07-09T02:29:14.038+0000] {processor.py:840} INFO - DAG(s) 'example_task_group' retrieved from /home/airflow/.local/lib/python3.12/site-packages/airflow/example_dags/example_task_group.py
[2024-07-09T02:29:14.179+0000] {logging_mixin.py:188} INFO - [2024-07-09T02:29:14.178+0000] {dag.py:3096} INFO - Sync 1 DAGs
[2024-07-09T02:29:14.371+0000] {logging_mixin.py:188} INFO - [2024-07-09T02:29:14.371+0000] {dag.py:3954} INFO - Setting next_dagrun for example_task_group to 2024-07-08 00:00:00+00:00, run_after=2024-07-09 00:00:00+00:00
[2024-07-09T02:29:14.701+0000] {processor.py:183} INFO - Processing /home/airflow/.local/lib/python3.12/site-packages/airflow/example_dags/example_task_group.py took 0.866 seconds
[2024-07-09T02:29:45.703+0000] {processor.py:161} INFO - Started process (PID=1561) to work on /home/airflow/.local/lib/python3.12/site-packages/airflow/example_dags/example_task_group.py
[2024-07-09T02:29:45.708+0000] {processor.py:830} INFO - Processing file /home/airflow/.local/lib/python3.12/site-packages/airflow/example_dags/example_task_group.py for tasks to queue
[2024-07-09T02:29:45.729+0000] {logging_mixin.py:188} INFO - [2024-07-09T02:29:45.728+0000] {dagbag.py:545} INFO - Filling up the DagBag from /home/airflow/.local/lib/python3.12/site-packages/airflow/example_dags/example_task_group.py
[2024-07-09T02:29:45.789+0000] {processor.py:840} INFO - DAG(s) 'example_task_group' retrieved from /home/airflow/.local/lib/python3.12/site-packages/airflow/example_dags/example_task_group.py
[2024-07-09T02:29:45.916+0000] {logging_mixin.py:188} INFO - [2024-07-09T02:29:45.906+0000] {dag.py:3096} INFO - Sync 1 DAGs
[2024-07-09T02:29:46.033+0000] {logging_mixin.py:188} INFO - [2024-07-09T02:29:46.032+0000] {dag.py:3954} INFO - Setting next_dagrun for example_task_group to 2024-07-08 00:00:00+00:00, run_after=2024-07-09 00:00:00+00:00
[2024-07-09T02:29:46.096+0000] {processor.py:183} INFO - Processing /home/airflow/.local/lib/python3.12/site-packages/airflow/example_dags/example_task_group.py took 0.429 seconds
[2024-07-09T02:30:16.560+0000] {processor.py:161} INFO - Started process (PID=1621) to work on /home/airflow/.local/lib/python3.12/site-packages/airflow/example_dags/example_task_group.py
[2024-07-09T02:30:16.562+0000] {processor.py:830} INFO - Processing file /home/airflow/.local/lib/python3.12/site-packages/airflow/example_dags/example_task_group.py for tasks to queue
[2024-07-09T02:30:16.567+0000] {logging_mixin.py:188} INFO - [2024-07-09T02:30:16.566+0000] {dagbag.py:545} INFO - Filling up the DagBag from /home/airflow/.local/lib/python3.12/site-packages/airflow/example_dags/example_task_group.py
[2024-07-09T02:30:16.580+0000] {processor.py:840} INFO - DAG(s) 'example_task_group' retrieved from /home/airflow/.local/lib/python3.12/site-packages/airflow/example_dags/example_task_group.py
[2024-07-09T02:30:16.619+0000] {logging_mixin.py:188} INFO - [2024-07-09T02:30:16.619+0000] {dag.py:3096} INFO - Sync 1 DAGs
[2024-07-09T02:30:16.700+0000] {logging_mixin.py:188} INFO - [2024-07-09T02:30:16.700+0000] {dag.py:3954} INFO - Setting next_dagrun for example_task_group to 2024-07-08 00:00:00+00:00, run_after=2024-07-09 00:00:00+00:00
[2024-07-09T02:30:16.768+0000] {processor.py:183} INFO - Processing /home/airflow/.local/lib/python3.12/site-packages/airflow/example_dags/example_task_group.py took 0.220 seconds
[2024-07-09T02:30:47.686+0000] {processor.py:161} INFO - Started process (PID=1687) to work on /home/airflow/.local/lib/python3.12/site-packages/airflow/example_dags/example_task_group.py
[2024-07-09T02:30:47.688+0000] {processor.py:830} INFO - Processing file /home/airflow/.local/lib/python3.12/site-packages/airflow/example_dags/example_task_group.py for tasks to queue
[2024-07-09T02:30:47.710+0000] {logging_mixin.py:188} INFO - [2024-07-09T02:30:47.709+0000] {dagbag.py:545} INFO - Filling up the DagBag from /home/airflow/.local/lib/python3.12/site-packages/airflow/example_dags/example_task_group.py
[2024-07-09T02:30:47.724+0000] {processor.py:840} INFO - DAG(s) 'example_task_group' retrieved from /home/airflow/.local/lib/python3.12/site-packages/airflow/example_dags/example_task_group.py
[2024-07-09T02:30:47.766+0000] {logging_mixin.py:188} INFO - [2024-07-09T02:30:47.765+0000] {dag.py:3096} INFO - Sync 1 DAGs
[2024-07-09T02:30:47.810+0000] {logging_mixin.py:188} INFO - [2024-07-09T02:30:47.809+0000] {dag.py:3954} INFO - Setting next_dagrun for example_task_group to 2024-07-08 00:00:00+00:00, run_after=2024-07-09 00:00:00+00:00
[2024-07-09T02:30:47.857+0000] {processor.py:183} INFO - Processing /home/airflow/.local/lib/python3.12/site-packages/airflow/example_dags/example_task_group.py took 0.180 seconds
[2024-07-09T02:31:18.527+0000] {processor.py:161} INFO - Started process (PID=1747) to work on /home/airflow/.local/lib/python3.12/site-packages/airflow/example_dags/example_task_group.py
[2024-07-09T02:31:18.549+0000] {processor.py:830} INFO - Processing file /home/airflow/.local/lib/python3.12/site-packages/airflow/example_dags/example_task_group.py for tasks to queue
[2024-07-09T02:31:18.554+0000] {logging_mixin.py:188} INFO - [2024-07-09T02:31:18.553+0000] {dagbag.py:545} INFO - Filling up the DagBag from /home/airflow/.local/lib/python3.12/site-packages/airflow/example_dags/example_task_group.py
[2024-07-09T02:31:18.581+0000] {processor.py:840} INFO - DAG(s) 'example_task_group' retrieved from /home/airflow/.local/lib/python3.12/site-packages/airflow/example_dags/example_task_group.py
[2024-07-09T02:31:18.764+0000] {logging_mixin.py:188} INFO - [2024-07-09T02:31:18.763+0000] {dag.py:3096} INFO - Sync 1 DAGs
[2024-07-09T02:31:18.882+0000] {logging_mixin.py:188} INFO - [2024-07-09T02:31:18.881+0000] {dag.py:3954} INFO - Setting next_dagrun for example_task_group to 2024-07-08 00:00:00+00:00, run_after=2024-07-09 00:00:00+00:00
[2024-07-09T02:31:18.994+0000] {processor.py:183} INFO - Processing /home/airflow/.local/lib/python3.12/site-packages/airflow/example_dags/example_task_group.py took 0.491 seconds
[2024-07-09T02:31:49.247+0000] {processor.py:161} INFO - Started process (PID=1808) to work on /home/airflow/.local/lib/python3.12/site-packages/airflow/example_dags/example_task_group.py
[2024-07-09T02:31:49.249+0000] {processor.py:830} INFO - Processing file /home/airflow/.local/lib/python3.12/site-packages/airflow/example_dags/example_task_group.py for tasks to queue
[2024-07-09T02:31:49.254+0000] {logging_mixin.py:188} INFO - [2024-07-09T02:31:49.253+0000] {dagbag.py:545} INFO - Filling up the DagBag from /home/airflow/.local/lib/python3.12/site-packages/airflow/example_dags/example_task_group.py
[2024-07-09T02:31:49.268+0000] {processor.py:840} INFO - DAG(s) 'example_task_group' retrieved from /home/airflow/.local/lib/python3.12/site-packages/airflow/example_dags/example_task_group.py
[2024-07-09T02:31:49.333+0000] {logging_mixin.py:188} INFO - [2024-07-09T02:31:49.333+0000] {dag.py:3096} INFO - Sync 1 DAGs
[2024-07-09T02:31:49.403+0000] {logging_mixin.py:188} INFO - [2024-07-09T02:31:49.403+0000] {dag.py:3954} INFO - Setting next_dagrun for example_task_group to 2024-07-08 00:00:00+00:00, run_after=2024-07-09 00:00:00+00:00
[2024-07-09T02:31:49.441+0000] {processor.py:183} INFO - Processing /home/airflow/.local/lib/python3.12/site-packages/airflow/example_dags/example_task_group.py took 0.207 seconds
[2024-07-09T02:32:19.630+0000] {processor.py:161} INFO - Started process (PID=1867) to work on /home/airflow/.local/lib/python3.12/site-packages/airflow/example_dags/example_task_group.py
[2024-07-09T02:32:19.631+0000] {processor.py:830} INFO - Processing file /home/airflow/.local/lib/python3.12/site-packages/airflow/example_dags/example_task_group.py for tasks to queue
[2024-07-09T02:32:19.633+0000] {logging_mixin.py:188} INFO - [2024-07-09T02:32:19.633+0000] {dagbag.py:545} INFO - Filling up the DagBag from /home/airflow/.local/lib/python3.12/site-packages/airflow/example_dags/example_task_group.py
[2024-07-09T02:32:19.643+0000] {processor.py:840} INFO - DAG(s) 'example_task_group' retrieved from /home/airflow/.local/lib/python3.12/site-packages/airflow/example_dags/example_task_group.py
[2024-07-09T02:32:19.669+0000] {logging_mixin.py:188} INFO - [2024-07-09T02:32:19.669+0000] {dag.py:3096} INFO - Sync 1 DAGs
[2024-07-09T02:32:19.695+0000] {logging_mixin.py:188} INFO - [2024-07-09T02:32:19.695+0000] {dag.py:3954} INFO - Setting next_dagrun for example_task_group to 2024-07-08 00:00:00+00:00, run_after=2024-07-09 00:00:00+00:00
[2024-07-09T02:32:19.735+0000] {processor.py:183} INFO - Processing /home/airflow/.local/lib/python3.12/site-packages/airflow/example_dags/example_task_group.py took 0.115 seconds
[2024-07-09T02:32:49.923+0000] {processor.py:161} INFO - Started process (PID=1927) to work on /home/airflow/.local/lib/python3.12/site-packages/airflow/example_dags/example_task_group.py
[2024-07-09T02:32:49.925+0000] {processor.py:830} INFO - Processing file /home/airflow/.local/lib/python3.12/site-packages/airflow/example_dags/example_task_group.py for tasks to queue
[2024-07-09T02:32:49.927+0000] {logging_mixin.py:188} INFO - [2024-07-09T02:32:49.927+0000] {dagbag.py:545} INFO - Filling up the DagBag from /home/airflow/.local/lib/python3.12/site-packages/airflow/example_dags/example_task_group.py
[2024-07-09T02:32:49.940+0000] {processor.py:840} INFO - DAG(s) 'example_task_group' retrieved from /home/airflow/.local/lib/python3.12/site-packages/airflow/example_dags/example_task_group.py
[2024-07-09T02:32:49.974+0000] {logging_mixin.py:188} INFO - [2024-07-09T02:32:49.974+0000] {dag.py:3096} INFO - Sync 1 DAGs
[2024-07-09T02:32:50.202+0000] {logging_mixin.py:188} INFO - [2024-07-09T02:32:50.202+0000] {dag.py:3954} INFO - Setting next_dagrun for example_task_group to 2024-07-08 00:00:00+00:00, run_after=2024-07-09 00:00:00+00:00
[2024-07-09T02:32:50.231+0000] {processor.py:183} INFO - Processing /home/airflow/.local/lib/python3.12/site-packages/airflow/example_dags/example_task_group.py took 0.316 seconds
[2024-07-09T02:33:20.827+0000] {processor.py:161} INFO - Started process (PID=1988) to work on /home/airflow/.local/lib/python3.12/site-packages/airflow/example_dags/example_task_group.py
[2024-07-09T02:33:20.829+0000] {processor.py:830} INFO - Processing file /home/airflow/.local/lib/python3.12/site-packages/airflow/example_dags/example_task_group.py for tasks to queue
[2024-07-09T02:33:20.831+0000] {logging_mixin.py:188} INFO - [2024-07-09T02:33:20.831+0000] {dagbag.py:545} INFO - Filling up the DagBag from /home/airflow/.local/lib/python3.12/site-packages/airflow/example_dags/example_task_group.py
[2024-07-09T02:33:20.840+0000] {processor.py:840} INFO - DAG(s) 'example_task_group' retrieved from /home/airflow/.local/lib/python3.12/site-packages/airflow/example_dags/example_task_group.py
[2024-07-09T02:33:20.866+0000] {logging_mixin.py:188} INFO - [2024-07-09T02:33:20.866+0000] {dag.py:3096} INFO - Sync 1 DAGs
[2024-07-09T02:33:20.893+0000] {logging_mixin.py:188} INFO - [2024-07-09T02:33:20.892+0000] {dag.py:3954} INFO - Setting next_dagrun for example_task_group to 2024-07-08 00:00:00+00:00, run_after=2024-07-09 00:00:00+00:00
[2024-07-09T02:33:20.917+0000] {processor.py:183} INFO - Processing /home/airflow/.local/lib/python3.12/site-packages/airflow/example_dags/example_task_group.py took 0.097 seconds
[2024-07-09T02:33:51.271+0000] {processor.py:161} INFO - Started process (PID=2048) to work on /home/airflow/.local/lib/python3.12/site-packages/airflow/example_dags/example_task_group.py
[2024-07-09T02:33:51.272+0000] {processor.py:830} INFO - Processing file /home/airflow/.local/lib/python3.12/site-packages/airflow/example_dags/example_task_group.py for tasks to queue
[2024-07-09T02:33:51.285+0000] {logging_mixin.py:188} INFO - [2024-07-09T02:33:51.284+0000] {dagbag.py:545} INFO - Filling up the DagBag from /home/airflow/.local/lib/python3.12/site-packages/airflow/example_dags/example_task_group.py
[2024-07-09T02:33:51.310+0000] {processor.py:840} INFO - DAG(s) 'example_task_group' retrieved from /home/airflow/.local/lib/python3.12/site-packages/airflow/example_dags/example_task_group.py
[2024-07-09T02:33:51.393+0000] {logging_mixin.py:188} INFO - [2024-07-09T02:33:51.393+0000] {dag.py:3096} INFO - Sync 1 DAGs
[2024-07-09T02:33:51.468+0000] {logging_mixin.py:188} INFO - [2024-07-09T02:33:51.468+0000] {dag.py:3954} INFO - Setting next_dagrun for example_task_group to 2024-07-08 00:00:00+00:00, run_after=2024-07-09 00:00:00+00:00
[2024-07-09T02:33:51.546+0000] {processor.py:183} INFO - Processing /home/airflow/.local/lib/python3.12/site-packages/airflow/example_dags/example_task_group.py took 0.293 seconds
