[2024-07-09T01:48:47.226+0000] {processor.py:161} INFO - Started process (PID=54) to work on /home/airflow/.local/lib/python3.12/site-packages/airflow/example_dags/example_skip_dag.py
[2024-07-09T01:48:47.228+0000] {processor.py:830} INFO - Processing file /home/airflow/.local/lib/python3.12/site-packages/airflow/example_dags/example_skip_dag.py for tasks to queue
[2024-07-09T01:48:47.231+0000] {logging_mixin.py:188} INFO - [2024-07-09T01:48:47.230+0000] {dagbag.py:545} INFO - Filling up the DagBag from /home/airflow/.local/lib/python3.12/site-packages/airflow/example_dags/example_skip_dag.py
[2024-07-09T01:48:47.246+0000] {processor.py:840} INFO - DAG(s) 'example_skip_dag' retrieved from /home/airflow/.local/lib/python3.12/site-packages/airflow/example_dags/example_skip_dag.py
[2024-07-09T01:48:47.457+0000] {logging_mixin.py:188} INFO - [2024-07-09T01:48:47.456+0000] {override.py:1829} INFO - Created Permission View: can edit on DAG:example_skip_dag
[2024-07-09T01:48:47.473+0000] {logging_mixin.py:188} INFO - [2024-07-09T01:48:47.473+0000] {override.py:1829} INFO - Created Permission View: can read on DAG:example_skip_dag
[2024-07-09T01:48:47.483+0000] {logging_mixin.py:188} INFO - [2024-07-09T01:48:47.483+0000] {override.py:1829} INFO - Created Permission View: can delete on DAG:example_skip_dag
[2024-07-09T01:48:47.485+0000] {logging_mixin.py:188} INFO - [2024-07-09T01:48:47.484+0000] {dag.py:3096} INFO - Sync 1 DAGs
[2024-07-09T01:48:47.503+0000] {logging_mixin.py:188} INFO - [2024-07-09T01:48:47.502+0000] {dag.py:3118} INFO - Creating ORM DAG for example_skip_dag
[2024-07-09T01:48:47.521+0000] {logging_mixin.py:188} INFO - [2024-07-09T01:48:47.520+0000] {dag.py:3954} INFO - Setting next_dagrun for example_skip_dag to 2024-07-08 00:00:00+00:00, run_after=2024-07-09 00:00:00+00:00
[2024-07-09T01:48:47.567+0000] {processor.py:183} INFO - Processing /home/airflow/.local/lib/python3.12/site-packages/airflow/example_dags/example_skip_dag.py took 0.353 seconds
[2024-07-09T01:49:18.012+0000] {processor.py:161} INFO - Started process (PID=114) to work on /home/airflow/.local/lib/python3.12/site-packages/airflow/example_dags/example_skip_dag.py
[2024-07-09T01:49:18.013+0000] {processor.py:830} INFO - Processing file /home/airflow/.local/lib/python3.12/site-packages/airflow/example_dags/example_skip_dag.py for tasks to queue
[2024-07-09T01:49:18.031+0000] {logging_mixin.py:188} INFO - [2024-07-09T01:49:18.030+0000] {dagbag.py:545} INFO - Filling up the DagBag from /home/airflow/.local/lib/python3.12/site-packages/airflow/example_dags/example_skip_dag.py
[2024-07-09T01:49:18.041+0000] {processor.py:840} INFO - DAG(s) 'example_skip_dag' retrieved from /home/airflow/.local/lib/python3.12/site-packages/airflow/example_dags/example_skip_dag.py
[2024-07-09T01:49:18.069+0000] {logging_mixin.py:188} INFO - [2024-07-09T01:49:18.069+0000] {dag.py:3096} INFO - Sync 1 DAGs
[2024-07-09T01:49:18.104+0000] {logging_mixin.py:188} INFO - [2024-07-09T01:49:18.104+0000] {dag.py:3954} INFO - Setting next_dagrun for example_skip_dag to 2024-07-08 00:00:00+00:00, run_after=2024-07-09 00:00:00+00:00
[2024-07-09T01:49:18.132+0000] {processor.py:183} INFO - Processing /home/airflow/.local/lib/python3.12/site-packages/airflow/example_dags/example_skip_dag.py took 0.127 seconds
[2024-07-09T01:49:48.180+0000] {processor.py:161} INFO - Started process (PID=173) to work on /home/airflow/.local/lib/python3.12/site-packages/airflow/example_dags/example_skip_dag.py
[2024-07-09T01:49:48.181+0000] {processor.py:830} INFO - Processing file /home/airflow/.local/lib/python3.12/site-packages/airflow/example_dags/example_skip_dag.py for tasks to queue
[2024-07-09T01:49:48.184+0000] {logging_mixin.py:188} INFO - [2024-07-09T01:49:48.183+0000] {dagbag.py:545} INFO - Filling up the DagBag from /home/airflow/.local/lib/python3.12/site-packages/airflow/example_dags/example_skip_dag.py
[2024-07-09T01:49:48.192+0000] {processor.py:840} INFO - DAG(s) 'example_skip_dag' retrieved from /home/airflow/.local/lib/python3.12/site-packages/airflow/example_dags/example_skip_dag.py
[2024-07-09T01:49:48.221+0000] {logging_mixin.py:188} INFO - [2024-07-09T01:49:48.221+0000] {dag.py:3096} INFO - Sync 1 DAGs
[2024-07-09T01:49:48.252+0000] {logging_mixin.py:188} INFO - [2024-07-09T01:49:48.252+0000] {dag.py:3954} INFO - Setting next_dagrun for example_skip_dag to 2024-07-08 00:00:00+00:00, run_after=2024-07-09 00:00:00+00:00
[2024-07-09T01:49:48.297+0000] {processor.py:183} INFO - Processing /home/airflow/.local/lib/python3.12/site-packages/airflow/example_dags/example_skip_dag.py took 0.125 seconds
[2024-07-09T01:50:18.474+0000] {processor.py:161} INFO - Started process (PID=231) to work on /home/airflow/.local/lib/python3.12/site-packages/airflow/example_dags/example_skip_dag.py
[2024-07-09T01:50:18.476+0000] {processor.py:830} INFO - Processing file /home/airflow/.local/lib/python3.12/site-packages/airflow/example_dags/example_skip_dag.py for tasks to queue
[2024-07-09T01:50:18.479+0000] {logging_mixin.py:188} INFO - [2024-07-09T01:50:18.479+0000] {dagbag.py:545} INFO - Filling up the DagBag from /home/airflow/.local/lib/python3.12/site-packages/airflow/example_dags/example_skip_dag.py
[2024-07-09T01:50:18.489+0000] {processor.py:840} INFO - DAG(s) 'example_skip_dag' retrieved from /home/airflow/.local/lib/python3.12/site-packages/airflow/example_dags/example_skip_dag.py
[2024-07-09T01:50:18.527+0000] {logging_mixin.py:188} INFO - [2024-07-09T01:50:18.526+0000] {dag.py:3096} INFO - Sync 1 DAGs
[2024-07-09T01:50:18.562+0000] {logging_mixin.py:188} INFO - [2024-07-09T01:50:18.561+0000] {dag.py:3954} INFO - Setting next_dagrun for example_skip_dag to 2024-07-08 00:00:00+00:00, run_after=2024-07-09 00:00:00+00:00
[2024-07-09T01:50:18.607+0000] {processor.py:183} INFO - Processing /home/airflow/.local/lib/python3.12/site-packages/airflow/example_dags/example_skip_dag.py took 0.143 seconds
[2024-07-09T01:50:48.856+0000] {processor.py:161} INFO - Started process (PID=291) to work on /home/airflow/.local/lib/python3.12/site-packages/airflow/example_dags/example_skip_dag.py
[2024-07-09T01:50:48.868+0000] {processor.py:830} INFO - Processing file /home/airflow/.local/lib/python3.12/site-packages/airflow/example_dags/example_skip_dag.py for tasks to queue
[2024-07-09T01:50:48.874+0000] {logging_mixin.py:188} INFO - [2024-07-09T01:50:48.873+0000] {dagbag.py:545} INFO - Filling up the DagBag from /home/airflow/.local/lib/python3.12/site-packages/airflow/example_dags/example_skip_dag.py
[2024-07-09T01:50:48.916+0000] {processor.py:840} INFO - DAG(s) 'example_skip_dag' retrieved from /home/airflow/.local/lib/python3.12/site-packages/airflow/example_dags/example_skip_dag.py
[2024-07-09T01:50:48.974+0000] {logging_mixin.py:188} INFO - [2024-07-09T01:50:48.974+0000] {dag.py:3096} INFO - Sync 1 DAGs
[2024-07-09T01:50:49.025+0000] {logging_mixin.py:188} INFO - [2024-07-09T01:50:49.024+0000] {dag.py:3954} INFO - Setting next_dagrun for example_skip_dag to 2024-07-08 00:00:00+00:00, run_after=2024-07-09 00:00:00+00:00
[2024-07-09T01:50:49.072+0000] {processor.py:183} INFO - Processing /home/airflow/.local/lib/python3.12/site-packages/airflow/example_dags/example_skip_dag.py took 0.241 seconds
[2024-07-09T01:51:19.529+0000] {processor.py:161} INFO - Started process (PID=351) to work on /home/airflow/.local/lib/python3.12/site-packages/airflow/example_dags/example_skip_dag.py
[2024-07-09T01:51:19.530+0000] {processor.py:830} INFO - Processing file /home/airflow/.local/lib/python3.12/site-packages/airflow/example_dags/example_skip_dag.py for tasks to queue
[2024-07-09T01:51:19.532+0000] {logging_mixin.py:188} INFO - [2024-07-09T01:51:19.532+0000] {dagbag.py:545} INFO - Filling up the DagBag from /home/airflow/.local/lib/python3.12/site-packages/airflow/example_dags/example_skip_dag.py
[2024-07-09T01:51:19.539+0000] {processor.py:840} INFO - DAG(s) 'example_skip_dag' retrieved from /home/airflow/.local/lib/python3.12/site-packages/airflow/example_dags/example_skip_dag.py
[2024-07-09T01:51:19.566+0000] {logging_mixin.py:188} INFO - [2024-07-09T01:51:19.566+0000] {dag.py:3096} INFO - Sync 1 DAGs
[2024-07-09T01:51:19.621+0000] {logging_mixin.py:188} INFO - [2024-07-09T01:51:19.621+0000] {dag.py:3954} INFO - Setting next_dagrun for example_skip_dag to 2024-07-08 00:00:00+00:00, run_after=2024-07-09 00:00:00+00:00
[2024-07-09T01:51:19.643+0000] {processor.py:183} INFO - Processing /home/airflow/.local/lib/python3.12/site-packages/airflow/example_dags/example_skip_dag.py took 0.122 seconds
[2024-07-09T01:51:50.189+0000] {processor.py:161} INFO - Started process (PID=412) to work on /home/airflow/.local/lib/python3.12/site-packages/airflow/example_dags/example_skip_dag.py
[2024-07-09T01:51:50.190+0000] {processor.py:830} INFO - Processing file /home/airflow/.local/lib/python3.12/site-packages/airflow/example_dags/example_skip_dag.py for tasks to queue
[2024-07-09T01:51:50.194+0000] {logging_mixin.py:188} INFO - [2024-07-09T01:51:50.193+0000] {dagbag.py:545} INFO - Filling up the DagBag from /home/airflow/.local/lib/python3.12/site-packages/airflow/example_dags/example_skip_dag.py
[2024-07-09T01:51:50.201+0000] {processor.py:840} INFO - DAG(s) 'example_skip_dag' retrieved from /home/airflow/.local/lib/python3.12/site-packages/airflow/example_dags/example_skip_dag.py
[2024-07-09T01:51:50.226+0000] {logging_mixin.py:188} INFO - [2024-07-09T01:51:50.225+0000] {dag.py:3096} INFO - Sync 1 DAGs
[2024-07-09T01:51:50.249+0000] {logging_mixin.py:188} INFO - [2024-07-09T01:51:50.249+0000] {dag.py:3954} INFO - Setting next_dagrun for example_skip_dag to 2024-07-08 00:00:00+00:00, run_after=2024-07-09 00:00:00+00:00
[2024-07-09T01:51:50.270+0000] {processor.py:183} INFO - Processing /home/airflow/.local/lib/python3.12/site-packages/airflow/example_dags/example_skip_dag.py took 0.092 seconds
[2024-07-09T01:52:20.779+0000] {processor.py:161} INFO - Started process (PID=472) to work on /home/airflow/.local/lib/python3.12/site-packages/airflow/example_dags/example_skip_dag.py
[2024-07-09T01:52:20.781+0000] {processor.py:830} INFO - Processing file /home/airflow/.local/lib/python3.12/site-packages/airflow/example_dags/example_skip_dag.py for tasks to queue
[2024-07-09T01:52:20.783+0000] {logging_mixin.py:188} INFO - [2024-07-09T01:52:20.783+0000] {dagbag.py:545} INFO - Filling up the DagBag from /home/airflow/.local/lib/python3.12/site-packages/airflow/example_dags/example_skip_dag.py
[2024-07-09T01:52:20.792+0000] {processor.py:840} INFO - DAG(s) 'example_skip_dag' retrieved from /home/airflow/.local/lib/python3.12/site-packages/airflow/example_dags/example_skip_dag.py
[2024-07-09T01:52:20.821+0000] {logging_mixin.py:188} INFO - [2024-07-09T01:52:20.821+0000] {dag.py:3096} INFO - Sync 1 DAGs
[2024-07-09T01:52:20.859+0000] {logging_mixin.py:188} INFO - [2024-07-09T01:52:20.859+0000] {dag.py:3954} INFO - Setting next_dagrun for example_skip_dag to 2024-07-08 00:00:00+00:00, run_after=2024-07-09 00:00:00+00:00
[2024-07-09T01:52:20.899+0000] {processor.py:183} INFO - Processing /home/airflow/.local/lib/python3.12/site-packages/airflow/example_dags/example_skip_dag.py took 0.130 seconds
[2024-07-09T01:52:51.451+0000] {processor.py:161} INFO - Started process (PID=532) to work on /home/airflow/.local/lib/python3.12/site-packages/airflow/example_dags/example_skip_dag.py
[2024-07-09T01:52:51.453+0000] {processor.py:830} INFO - Processing file /home/airflow/.local/lib/python3.12/site-packages/airflow/example_dags/example_skip_dag.py for tasks to queue
[2024-07-09T01:52:51.456+0000] {logging_mixin.py:188} INFO - [2024-07-09T01:52:51.455+0000] {dagbag.py:545} INFO - Filling up the DagBag from /home/airflow/.local/lib/python3.12/site-packages/airflow/example_dags/example_skip_dag.py
[2024-07-09T01:52:51.469+0000] {processor.py:840} INFO - DAG(s) 'example_skip_dag' retrieved from /home/airflow/.local/lib/python3.12/site-packages/airflow/example_dags/example_skip_dag.py
[2024-07-09T01:52:51.504+0000] {logging_mixin.py:188} INFO - [2024-07-09T01:52:51.503+0000] {dag.py:3096} INFO - Sync 1 DAGs
[2024-07-09T01:52:51.543+0000] {logging_mixin.py:188} INFO - [2024-07-09T01:52:51.542+0000] {dag.py:3954} INFO - Setting next_dagrun for example_skip_dag to 2024-07-08 00:00:00+00:00, run_after=2024-07-09 00:00:00+00:00
[2024-07-09T01:52:51.573+0000] {processor.py:183} INFO - Processing /home/airflow/.local/lib/python3.12/site-packages/airflow/example_dags/example_skip_dag.py took 0.132 seconds
[2024-07-09T01:53:21.884+0000] {processor.py:161} INFO - Started process (PID=592) to work on /home/airflow/.local/lib/python3.12/site-packages/airflow/example_dags/example_skip_dag.py
[2024-07-09T01:53:21.885+0000] {processor.py:830} INFO - Processing file /home/airflow/.local/lib/python3.12/site-packages/airflow/example_dags/example_skip_dag.py for tasks to queue
[2024-07-09T01:53:21.887+0000] {logging_mixin.py:188} INFO - [2024-07-09T01:53:21.887+0000] {dagbag.py:545} INFO - Filling up the DagBag from /home/airflow/.local/lib/python3.12/site-packages/airflow/example_dags/example_skip_dag.py
[2024-07-09T01:53:21.894+0000] {processor.py:840} INFO - DAG(s) 'example_skip_dag' retrieved from /home/airflow/.local/lib/python3.12/site-packages/airflow/example_dags/example_skip_dag.py
[2024-07-09T01:53:21.917+0000] {logging_mixin.py:188} INFO - [2024-07-09T01:53:21.917+0000] {dag.py:3096} INFO - Sync 1 DAGs
[2024-07-09T01:53:21.942+0000] {logging_mixin.py:188} INFO - [2024-07-09T01:53:21.942+0000] {dag.py:3954} INFO - Setting next_dagrun for example_skip_dag to 2024-07-08 00:00:00+00:00, run_after=2024-07-09 00:00:00+00:00
[2024-07-09T01:53:21.966+0000] {processor.py:183} INFO - Processing /home/airflow/.local/lib/python3.12/site-packages/airflow/example_dags/example_skip_dag.py took 0.089 seconds
[2024-07-09T01:53:52.101+0000] {processor.py:161} INFO - Started process (PID=651) to work on /home/airflow/.local/lib/python3.12/site-packages/airflow/example_dags/example_skip_dag.py
[2024-07-09T01:53:52.103+0000] {processor.py:830} INFO - Processing file /home/airflow/.local/lib/python3.12/site-packages/airflow/example_dags/example_skip_dag.py for tasks to queue
[2024-07-09T01:53:52.105+0000] {logging_mixin.py:188} INFO - [2024-07-09T01:53:52.105+0000] {dagbag.py:545} INFO - Filling up the DagBag from /home/airflow/.local/lib/python3.12/site-packages/airflow/example_dags/example_skip_dag.py
[2024-07-09T01:53:52.115+0000] {processor.py:840} INFO - DAG(s) 'example_skip_dag' retrieved from /home/airflow/.local/lib/python3.12/site-packages/airflow/example_dags/example_skip_dag.py
[2024-07-09T01:53:52.151+0000] {logging_mixin.py:188} INFO - [2024-07-09T01:53:52.150+0000] {dag.py:3096} INFO - Sync 1 DAGs
[2024-07-09T01:53:52.192+0000] {logging_mixin.py:188} INFO - [2024-07-09T01:53:52.191+0000] {dag.py:3954} INFO - Setting next_dagrun for example_skip_dag to 2024-07-08 00:00:00+00:00, run_after=2024-07-09 00:00:00+00:00
[2024-07-09T01:53:52.238+0000] {processor.py:183} INFO - Processing /home/airflow/.local/lib/python3.12/site-packages/airflow/example_dags/example_skip_dag.py took 0.144 seconds
[2024-07-09T01:54:22.940+0000] {processor.py:161} INFO - Started process (PID=711) to work on /home/airflow/.local/lib/python3.12/site-packages/airflow/example_dags/example_skip_dag.py
[2024-07-09T01:54:22.948+0000] {processor.py:830} INFO - Processing file /home/airflow/.local/lib/python3.12/site-packages/airflow/example_dags/example_skip_dag.py for tasks to queue
[2024-07-09T01:54:22.951+0000] {logging_mixin.py:188} INFO - [2024-07-09T01:54:22.951+0000] {dagbag.py:545} INFO - Filling up the DagBag from /home/airflow/.local/lib/python3.12/site-packages/airflow/example_dags/example_skip_dag.py
[2024-07-09T01:54:22.966+0000] {processor.py:840} INFO - DAG(s) 'example_skip_dag' retrieved from /home/airflow/.local/lib/python3.12/site-packages/airflow/example_dags/example_skip_dag.py
[2024-07-09T01:54:23.012+0000] {logging_mixin.py:188} INFO - [2024-07-09T01:54:23.012+0000] {dag.py:3096} INFO - Sync 1 DAGs
[2024-07-09T01:54:23.061+0000] {logging_mixin.py:188} INFO - [2024-07-09T01:54:23.060+0000] {dag.py:3954} INFO - Setting next_dagrun for example_skip_dag to 2024-07-08 00:00:00+00:00, run_after=2024-07-09 00:00:00+00:00
[2024-07-09T01:54:23.091+0000] {processor.py:183} INFO - Processing /home/airflow/.local/lib/python3.12/site-packages/airflow/example_dags/example_skip_dag.py took 0.167 seconds
[2024-07-09T01:54:53.505+0000] {processor.py:161} INFO - Started process (PID=771) to work on /home/airflow/.local/lib/python3.12/site-packages/airflow/example_dags/example_skip_dag.py
[2024-07-09T01:54:53.506+0000] {processor.py:830} INFO - Processing file /home/airflow/.local/lib/python3.12/site-packages/airflow/example_dags/example_skip_dag.py for tasks to queue
[2024-07-09T01:54:53.510+0000] {logging_mixin.py:188} INFO - [2024-07-09T01:54:53.509+0000] {dagbag.py:545} INFO - Filling up the DagBag from /home/airflow/.local/lib/python3.12/site-packages/airflow/example_dags/example_skip_dag.py
[2024-07-09T01:54:53.520+0000] {processor.py:840} INFO - DAG(s) 'example_skip_dag' retrieved from /home/airflow/.local/lib/python3.12/site-packages/airflow/example_dags/example_skip_dag.py
[2024-07-09T01:54:53.563+0000] {logging_mixin.py:188} INFO - [2024-07-09T01:54:53.562+0000] {dag.py:3096} INFO - Sync 1 DAGs
[2024-07-09T01:54:53.614+0000] {logging_mixin.py:188} INFO - [2024-07-09T01:54:53.614+0000] {dag.py:3954} INFO - Setting next_dagrun for example_skip_dag to 2024-07-08 00:00:00+00:00, run_after=2024-07-09 00:00:00+00:00
[2024-07-09T01:54:53.673+0000] {processor.py:183} INFO - Processing /home/airflow/.local/lib/python3.12/site-packages/airflow/example_dags/example_skip_dag.py took 0.182 seconds
[2024-07-09T01:55:24.319+0000] {processor.py:161} INFO - Started process (PID=830) to work on /home/airflow/.local/lib/python3.12/site-packages/airflow/example_dags/example_skip_dag.py
[2024-07-09T01:55:24.320+0000] {processor.py:830} INFO - Processing file /home/airflow/.local/lib/python3.12/site-packages/airflow/example_dags/example_skip_dag.py for tasks to queue
[2024-07-09T01:55:24.343+0000] {logging_mixin.py:188} INFO - [2024-07-09T01:55:24.342+0000] {dagbag.py:545} INFO - Filling up the DagBag from /home/airflow/.local/lib/python3.12/site-packages/airflow/example_dags/example_skip_dag.py
[2024-07-09T01:55:24.353+0000] {processor.py:840} INFO - DAG(s) 'example_skip_dag' retrieved from /home/airflow/.local/lib/python3.12/site-packages/airflow/example_dags/example_skip_dag.py
[2024-07-09T01:55:24.403+0000] {logging_mixin.py:188} INFO - [2024-07-09T01:55:24.402+0000] {dag.py:3096} INFO - Sync 1 DAGs
[2024-07-09T01:55:24.466+0000] {logging_mixin.py:188} INFO - [2024-07-09T01:55:24.466+0000] {dag.py:3954} INFO - Setting next_dagrun for example_skip_dag to 2024-07-08 00:00:00+00:00, run_after=2024-07-09 00:00:00+00:00
[2024-07-09T01:55:24.503+0000] {processor.py:183} INFO - Processing /home/airflow/.local/lib/python3.12/site-packages/airflow/example_dags/example_skip_dag.py took 0.190 seconds
[2024-07-09T01:55:54.864+0000] {processor.py:161} INFO - Started process (PID=890) to work on /home/airflow/.local/lib/python3.12/site-packages/airflow/example_dags/example_skip_dag.py
[2024-07-09T01:55:54.865+0000] {processor.py:830} INFO - Processing file /home/airflow/.local/lib/python3.12/site-packages/airflow/example_dags/example_skip_dag.py for tasks to queue
[2024-07-09T01:55:54.869+0000] {logging_mixin.py:188} INFO - [2024-07-09T01:55:54.869+0000] {dagbag.py:545} INFO - Filling up the DagBag from /home/airflow/.local/lib/python3.12/site-packages/airflow/example_dags/example_skip_dag.py
[2024-07-09T01:55:54.888+0000] {processor.py:840} INFO - DAG(s) 'example_skip_dag' retrieved from /home/airflow/.local/lib/python3.12/site-packages/airflow/example_dags/example_skip_dag.py
[2024-07-09T01:55:54.960+0000] {logging_mixin.py:188} INFO - [2024-07-09T01:55:54.960+0000] {dag.py:3096} INFO - Sync 1 DAGs
[2024-07-09T01:55:55.030+0000] {logging_mixin.py:188} INFO - [2024-07-09T01:55:55.030+0000] {dag.py:3954} INFO - Setting next_dagrun for example_skip_dag to 2024-07-08 00:00:00+00:00, run_after=2024-07-09 00:00:00+00:00
[2024-07-09T01:55:55.104+0000] {processor.py:183} INFO - Processing /home/airflow/.local/lib/python3.12/site-packages/airflow/example_dags/example_skip_dag.py took 0.253 seconds
[2024-07-09T01:56:25.917+0000] {processor.py:161} INFO - Started process (PID=949) to work on /home/airflow/.local/lib/python3.12/site-packages/airflow/example_dags/example_skip_dag.py
[2024-07-09T01:56:25.918+0000] {processor.py:830} INFO - Processing file /home/airflow/.local/lib/python3.12/site-packages/airflow/example_dags/example_skip_dag.py for tasks to queue
[2024-07-09T01:56:25.922+0000] {logging_mixin.py:188} INFO - [2024-07-09T01:56:25.921+0000] {dagbag.py:545} INFO - Filling up the DagBag from /home/airflow/.local/lib/python3.12/site-packages/airflow/example_dags/example_skip_dag.py
[2024-07-09T01:56:25.934+0000] {processor.py:840} INFO - DAG(s) 'example_skip_dag' retrieved from /home/airflow/.local/lib/python3.12/site-packages/airflow/example_dags/example_skip_dag.py
[2024-07-09T01:56:25.981+0000] {logging_mixin.py:188} INFO - [2024-07-09T01:56:25.980+0000] {dag.py:3096} INFO - Sync 1 DAGs
[2024-07-09T01:56:26.029+0000] {logging_mixin.py:188} INFO - [2024-07-09T01:56:26.028+0000] {dag.py:3954} INFO - Setting next_dagrun for example_skip_dag to 2024-07-08 00:00:00+00:00, run_after=2024-07-09 00:00:00+00:00
[2024-07-09T01:56:26.130+0000] {processor.py:183} INFO - Processing /home/airflow/.local/lib/python3.12/site-packages/airflow/example_dags/example_skip_dag.py took 0.228 seconds
[2024-07-09T01:56:57.122+0000] {processor.py:161} INFO - Started process (PID=1009) to work on /home/airflow/.local/lib/python3.12/site-packages/airflow/example_dags/example_skip_dag.py
[2024-07-09T01:56:57.124+0000] {processor.py:830} INFO - Processing file /home/airflow/.local/lib/python3.12/site-packages/airflow/example_dags/example_skip_dag.py for tasks to queue
[2024-07-09T01:56:57.130+0000] {logging_mixin.py:188} INFO - [2024-07-09T01:56:57.129+0000] {dagbag.py:545} INFO - Filling up the DagBag from /home/airflow/.local/lib/python3.12/site-packages/airflow/example_dags/example_skip_dag.py
[2024-07-09T01:56:57.149+0000] {processor.py:840} INFO - DAG(s) 'example_skip_dag' retrieved from /home/airflow/.local/lib/python3.12/site-packages/airflow/example_dags/example_skip_dag.py
[2024-07-09T01:56:57.237+0000] {logging_mixin.py:188} INFO - [2024-07-09T01:56:57.236+0000] {dag.py:3096} INFO - Sync 1 DAGs
[2024-07-09T01:56:57.333+0000] {logging_mixin.py:188} INFO - [2024-07-09T01:56:57.332+0000] {dag.py:3954} INFO - Setting next_dagrun for example_skip_dag to 2024-07-08 00:00:00+00:00, run_after=2024-07-09 00:00:00+00:00
[2024-07-09T01:56:57.393+0000] {processor.py:183} INFO - Processing /home/airflow/.local/lib/python3.12/site-packages/airflow/example_dags/example_skip_dag.py took 0.290 seconds
[2024-07-09T02:00:17.229+0000] {processor.py:161} INFO - Started process (PID=53) to work on /home/airflow/.local/lib/python3.12/site-packages/airflow/example_dags/example_skip_dag.py
[2024-07-09T02:00:17.232+0000] {processor.py:830} INFO - Processing file /home/airflow/.local/lib/python3.12/site-packages/airflow/example_dags/example_skip_dag.py for tasks to queue
[2024-07-09T02:00:17.238+0000] {logging_mixin.py:188} INFO - [2024-07-09T02:00:17.237+0000] {dagbag.py:545} INFO - Filling up the DagBag from /home/airflow/.local/lib/python3.12/site-packages/airflow/example_dags/example_skip_dag.py
[2024-07-09T02:00:17.251+0000] {processor.py:840} INFO - DAG(s) 'example_skip_dag' retrieved from /home/airflow/.local/lib/python3.12/site-packages/airflow/example_dags/example_skip_dag.py
[2024-07-09T02:00:17.481+0000] {logging_mixin.py:188} INFO - [2024-07-09T02:00:17.479+0000] {override.py:1829} INFO - Created Permission View: can edit on DAG:example_skip_dag
[2024-07-09T02:00:17.500+0000] {logging_mixin.py:188} INFO - [2024-07-09T02:00:17.500+0000] {override.py:1829} INFO - Created Permission View: can read on DAG:example_skip_dag
[2024-07-09T02:00:17.512+0000] {logging_mixin.py:188} INFO - [2024-07-09T02:00:17.512+0000] {override.py:1829} INFO - Created Permission View: can delete on DAG:example_skip_dag
[2024-07-09T02:00:17.514+0000] {logging_mixin.py:188} INFO - [2024-07-09T02:00:17.513+0000] {dag.py:3096} INFO - Sync 1 DAGs
[2024-07-09T02:00:17.539+0000] {logging_mixin.py:188} INFO - [2024-07-09T02:00:17.539+0000] {dag.py:3118} INFO - Creating ORM DAG for example_skip_dag
[2024-07-09T02:00:17.561+0000] {logging_mixin.py:188} INFO - [2024-07-09T02:00:17.561+0000] {dag.py:3954} INFO - Setting next_dagrun for example_skip_dag to 2024-07-08 00:00:00+00:00, run_after=2024-07-09 00:00:00+00:00
[2024-07-09T02:00:17.610+0000] {processor.py:183} INFO - Processing /home/airflow/.local/lib/python3.12/site-packages/airflow/example_dags/example_skip_dag.py took 0.395 seconds
[2024-07-09T02:00:48.153+0000] {processor.py:161} INFO - Started process (PID=113) to work on /home/airflow/.local/lib/python3.12/site-packages/airflow/example_dags/example_skip_dag.py
[2024-07-09T02:00:48.155+0000] {processor.py:830} INFO - Processing file /home/airflow/.local/lib/python3.12/site-packages/airflow/example_dags/example_skip_dag.py for tasks to queue
[2024-07-09T02:00:48.158+0000] {logging_mixin.py:188} INFO - [2024-07-09T02:00:48.157+0000] {dagbag.py:545} INFO - Filling up the DagBag from /home/airflow/.local/lib/python3.12/site-packages/airflow/example_dags/example_skip_dag.py
[2024-07-09T02:00:48.169+0000] {processor.py:840} INFO - DAG(s) 'example_skip_dag' retrieved from /home/airflow/.local/lib/python3.12/site-packages/airflow/example_dags/example_skip_dag.py
[2024-07-09T02:00:48.207+0000] {logging_mixin.py:188} INFO - [2024-07-09T02:00:48.207+0000] {dag.py:3096} INFO - Sync 1 DAGs
[2024-07-09T02:00:48.249+0000] {logging_mixin.py:188} INFO - [2024-07-09T02:00:48.249+0000] {dag.py:3954} INFO - Setting next_dagrun for example_skip_dag to 2024-07-08 00:00:00+00:00, run_after=2024-07-09 00:00:00+00:00
[2024-07-09T02:00:48.284+0000] {processor.py:183} INFO - Processing /home/airflow/.local/lib/python3.12/site-packages/airflow/example_dags/example_skip_dag.py took 0.142 seconds
[2024-07-09T02:01:19.194+0000] {processor.py:161} INFO - Started process (PID=173) to work on /home/airflow/.local/lib/python3.12/site-packages/airflow/example_dags/example_skip_dag.py
[2024-07-09T02:01:19.195+0000] {processor.py:830} INFO - Processing file /home/airflow/.local/lib/python3.12/site-packages/airflow/example_dags/example_skip_dag.py for tasks to queue
[2024-07-09T02:01:19.199+0000] {logging_mixin.py:188} INFO - [2024-07-09T02:01:19.198+0000] {dagbag.py:545} INFO - Filling up the DagBag from /home/airflow/.local/lib/python3.12/site-packages/airflow/example_dags/example_skip_dag.py
[2024-07-09T02:01:19.211+0000] {processor.py:840} INFO - DAG(s) 'example_skip_dag' retrieved from /home/airflow/.local/lib/python3.12/site-packages/airflow/example_dags/example_skip_dag.py
[2024-07-09T02:01:19.254+0000] {logging_mixin.py:188} INFO - [2024-07-09T02:01:19.253+0000] {dag.py:3096} INFO - Sync 1 DAGs
[2024-07-09T02:01:19.303+0000] {logging_mixin.py:188} INFO - [2024-07-09T02:01:19.303+0000] {dag.py:3954} INFO - Setting next_dagrun for example_skip_dag to 2024-07-08 00:00:00+00:00, run_after=2024-07-09 00:00:00+00:00
[2024-07-09T02:01:19.357+0000] {processor.py:183} INFO - Processing /home/airflow/.local/lib/python3.12/site-packages/airflow/example_dags/example_skip_dag.py took 0.176 seconds
[2024-07-09T02:01:49.992+0000] {processor.py:161} INFO - Started process (PID=232) to work on /home/airflow/.local/lib/python3.12/site-packages/airflow/example_dags/example_skip_dag.py
[2024-07-09T02:01:49.995+0000] {processor.py:830} INFO - Processing file /home/airflow/.local/lib/python3.12/site-packages/airflow/example_dags/example_skip_dag.py for tasks to queue
[2024-07-09T02:01:49.999+0000] {logging_mixin.py:188} INFO - [2024-07-09T02:01:49.998+0000] {dagbag.py:545} INFO - Filling up the DagBag from /home/airflow/.local/lib/python3.12/site-packages/airflow/example_dags/example_skip_dag.py
[2024-07-09T02:01:50.015+0000] {processor.py:840} INFO - DAG(s) 'example_skip_dag' retrieved from /home/airflow/.local/lib/python3.12/site-packages/airflow/example_dags/example_skip_dag.py
[2024-07-09T02:01:50.105+0000] {logging_mixin.py:188} INFO - [2024-07-09T02:01:50.103+0000] {dag.py:3096} INFO - Sync 1 DAGs
[2024-07-09T02:01:50.207+0000] {logging_mixin.py:188} INFO - [2024-07-09T02:01:50.206+0000] {dag.py:3954} INFO - Setting next_dagrun for example_skip_dag to 2024-07-08 00:00:00+00:00, run_after=2024-07-09 00:00:00+00:00
[2024-07-09T02:01:50.286+0000] {processor.py:183} INFO - Processing /home/airflow/.local/lib/python3.12/site-packages/airflow/example_dags/example_skip_dag.py took 0.312 seconds
[2024-07-09T02:03:40.618+0000] {processor.py:161} INFO - Started process (PID=55) to work on /home/airflow/.local/lib/python3.12/site-packages/airflow/example_dags/example_skip_dag.py
[2024-07-09T02:03:40.621+0000] {processor.py:830} INFO - Processing file /home/airflow/.local/lib/python3.12/site-packages/airflow/example_dags/example_skip_dag.py for tasks to queue
[2024-07-09T02:03:40.626+0000] {logging_mixin.py:188} INFO - [2024-07-09T02:03:40.625+0000] {dagbag.py:545} INFO - Filling up the DagBag from /home/airflow/.local/lib/python3.12/site-packages/airflow/example_dags/example_skip_dag.py
[2024-07-09T02:03:40.646+0000] {processor.py:840} INFO - DAG(s) 'example_skip_dag' retrieved from /home/airflow/.local/lib/python3.12/site-packages/airflow/example_dags/example_skip_dag.py
[2024-07-09T02:03:41.023+0000] {logging_mixin.py:188} INFO - [2024-07-09T02:03:41.022+0000] {dag.py:3096} INFO - Sync 1 DAGs
[2024-07-09T02:03:41.105+0000] {logging_mixin.py:188} INFO - [2024-07-09T02:03:41.104+0000] {dag.py:3954} INFO - Setting next_dagrun for example_skip_dag to 2024-07-08 00:00:00+00:00, run_after=2024-07-09 00:00:00+00:00
[2024-07-09T02:03:41.161+0000] {processor.py:183} INFO - Processing /home/airflow/.local/lib/python3.12/site-packages/airflow/example_dags/example_skip_dag.py took 0.562 seconds
[2024-07-09T02:04:11.515+0000] {processor.py:161} INFO - Started process (PID=115) to work on /home/airflow/.local/lib/python3.12/site-packages/airflow/example_dags/example_skip_dag.py
[2024-07-09T02:04:11.517+0000] {processor.py:830} INFO - Processing file /home/airflow/.local/lib/python3.12/site-packages/airflow/example_dags/example_skip_dag.py for tasks to queue
[2024-07-09T02:04:11.520+0000] {logging_mixin.py:188} INFO - [2024-07-09T02:04:11.520+0000] {dagbag.py:545} INFO - Filling up the DagBag from /home/airflow/.local/lib/python3.12/site-packages/airflow/example_dags/example_skip_dag.py
[2024-07-09T02:04:11.530+0000] {processor.py:840} INFO - DAG(s) 'example_skip_dag' retrieved from /home/airflow/.local/lib/python3.12/site-packages/airflow/example_dags/example_skip_dag.py
[2024-07-09T02:04:11.576+0000] {logging_mixin.py:188} INFO - [2024-07-09T02:04:11.575+0000] {dag.py:3096} INFO - Sync 1 DAGs
[2024-07-09T02:04:11.623+0000] {logging_mixin.py:188} INFO - [2024-07-09T02:04:11.623+0000] {dag.py:3954} INFO - Setting next_dagrun for example_skip_dag to 2024-07-08 00:00:00+00:00, run_after=2024-07-09 00:00:00+00:00
[2024-07-09T02:04:11.668+0000] {processor.py:183} INFO - Processing /home/airflow/.local/lib/python3.12/site-packages/airflow/example_dags/example_skip_dag.py took 0.164 seconds
[2024-07-09T02:04:42.030+0000] {processor.py:161} INFO - Started process (PID=175) to work on /home/airflow/.local/lib/python3.12/site-packages/airflow/example_dags/example_skip_dag.py
[2024-07-09T02:04:42.032+0000] {processor.py:830} INFO - Processing file /home/airflow/.local/lib/python3.12/site-packages/airflow/example_dags/example_skip_dag.py for tasks to queue
[2024-07-09T02:04:42.036+0000] {logging_mixin.py:188} INFO - [2024-07-09T02:04:42.035+0000] {dagbag.py:545} INFO - Filling up the DagBag from /home/airflow/.local/lib/python3.12/site-packages/airflow/example_dags/example_skip_dag.py
[2024-07-09T02:04:42.048+0000] {processor.py:840} INFO - DAG(s) 'example_skip_dag' retrieved from /home/airflow/.local/lib/python3.12/site-packages/airflow/example_dags/example_skip_dag.py
[2024-07-09T02:04:42.094+0000] {logging_mixin.py:188} INFO - [2024-07-09T02:04:42.093+0000] {dag.py:3096} INFO - Sync 1 DAGs
[2024-07-09T02:04:42.140+0000] {logging_mixin.py:188} INFO - [2024-07-09T02:04:42.140+0000] {dag.py:3954} INFO - Setting next_dagrun for example_skip_dag to 2024-07-08 00:00:00+00:00, run_after=2024-07-09 00:00:00+00:00
[2024-07-09T02:04:42.180+0000] {processor.py:183} INFO - Processing /home/airflow/.local/lib/python3.12/site-packages/airflow/example_dags/example_skip_dag.py took 0.161 seconds
[2024-07-09T02:05:12.462+0000] {processor.py:161} INFO - Started process (PID=236) to work on /home/airflow/.local/lib/python3.12/site-packages/airflow/example_dags/example_skip_dag.py
[2024-07-09T02:05:12.463+0000] {processor.py:830} INFO - Processing file /home/airflow/.local/lib/python3.12/site-packages/airflow/example_dags/example_skip_dag.py for tasks to queue
[2024-07-09T02:05:12.466+0000] {logging_mixin.py:188} INFO - [2024-07-09T02:05:12.465+0000] {dagbag.py:545} INFO - Filling up the DagBag from /home/airflow/.local/lib/python3.12/site-packages/airflow/example_dags/example_skip_dag.py
[2024-07-09T02:05:12.473+0000] {processor.py:840} INFO - DAG(s) 'example_skip_dag' retrieved from /home/airflow/.local/lib/python3.12/site-packages/airflow/example_dags/example_skip_dag.py
[2024-07-09T02:05:12.497+0000] {logging_mixin.py:188} INFO - [2024-07-09T02:05:12.497+0000] {dag.py:3096} INFO - Sync 1 DAGs
[2024-07-09T02:05:12.522+0000] {logging_mixin.py:188} INFO - [2024-07-09T02:05:12.522+0000] {dag.py:3954} INFO - Setting next_dagrun for example_skip_dag to 2024-07-08 00:00:00+00:00, run_after=2024-07-09 00:00:00+00:00
[2024-07-09T02:05:12.547+0000] {processor.py:183} INFO - Processing /home/airflow/.local/lib/python3.12/site-packages/airflow/example_dags/example_skip_dag.py took 0.091 seconds
[2024-07-09T02:05:42.927+0000] {processor.py:161} INFO - Started process (PID=296) to work on /home/airflow/.local/lib/python3.12/site-packages/airflow/example_dags/example_skip_dag.py
[2024-07-09T02:05:42.928+0000] {processor.py:830} INFO - Processing file /home/airflow/.local/lib/python3.12/site-packages/airflow/example_dags/example_skip_dag.py for tasks to queue
[2024-07-09T02:05:42.931+0000] {logging_mixin.py:188} INFO - [2024-07-09T02:05:42.930+0000] {dagbag.py:545} INFO - Filling up the DagBag from /home/airflow/.local/lib/python3.12/site-packages/airflow/example_dags/example_skip_dag.py
[2024-07-09T02:05:42.940+0000] {processor.py:840} INFO - DAG(s) 'example_skip_dag' retrieved from /home/airflow/.local/lib/python3.12/site-packages/airflow/example_dags/example_skip_dag.py
[2024-07-09T02:05:42.971+0000] {logging_mixin.py:188} INFO - [2024-07-09T02:05:42.970+0000] {dag.py:3096} INFO - Sync 1 DAGs
[2024-07-09T02:05:43.003+0000] {logging_mixin.py:188} INFO - [2024-07-09T02:05:43.002+0000] {dag.py:3954} INFO - Setting next_dagrun for example_skip_dag to 2024-07-08 00:00:00+00:00, run_after=2024-07-09 00:00:00+00:00
[2024-07-09T02:05:43.034+0000] {processor.py:183} INFO - Processing /home/airflow/.local/lib/python3.12/site-packages/airflow/example_dags/example_skip_dag.py took 0.117 seconds
[2024-07-09T02:06:13.440+0000] {processor.py:161} INFO - Started process (PID=357) to work on /home/airflow/.local/lib/python3.12/site-packages/airflow/example_dags/example_skip_dag.py
[2024-07-09T02:06:13.441+0000] {processor.py:830} INFO - Processing file /home/airflow/.local/lib/python3.12/site-packages/airflow/example_dags/example_skip_dag.py for tasks to queue
[2024-07-09T02:06:13.444+0000] {logging_mixin.py:188} INFO - [2024-07-09T02:06:13.443+0000] {dagbag.py:545} INFO - Filling up the DagBag from /home/airflow/.local/lib/python3.12/site-packages/airflow/example_dags/example_skip_dag.py
[2024-07-09T02:06:13.452+0000] {processor.py:840} INFO - DAG(s) 'example_skip_dag' retrieved from /home/airflow/.local/lib/python3.12/site-packages/airflow/example_dags/example_skip_dag.py
[2024-07-09T02:06:13.480+0000] {logging_mixin.py:188} INFO - [2024-07-09T02:06:13.479+0000] {dag.py:3096} INFO - Sync 1 DAGs
[2024-07-09T02:06:13.509+0000] {logging_mixin.py:188} INFO - [2024-07-09T02:06:13.509+0000] {dag.py:3954} INFO - Setting next_dagrun for example_skip_dag to 2024-07-08 00:00:00+00:00, run_after=2024-07-09 00:00:00+00:00
[2024-07-09T02:06:13.534+0000] {processor.py:183} INFO - Processing /home/airflow/.local/lib/python3.12/site-packages/airflow/example_dags/example_skip_dag.py took 0.100 seconds
[2024-07-09T02:06:43.825+0000] {processor.py:161} INFO - Started process (PID=419) to work on /home/airflow/.local/lib/python3.12/site-packages/airflow/example_dags/example_skip_dag.py
[2024-07-09T02:06:43.826+0000] {processor.py:830} INFO - Processing file /home/airflow/.local/lib/python3.12/site-packages/airflow/example_dags/example_skip_dag.py for tasks to queue
[2024-07-09T02:06:43.828+0000] {logging_mixin.py:188} INFO - [2024-07-09T02:06:43.828+0000] {dagbag.py:545} INFO - Filling up the DagBag from /home/airflow/.local/lib/python3.12/site-packages/airflow/example_dags/example_skip_dag.py
[2024-07-09T02:06:43.837+0000] {processor.py:840} INFO - DAG(s) 'example_skip_dag' retrieved from /home/airflow/.local/lib/python3.12/site-packages/airflow/example_dags/example_skip_dag.py
[2024-07-09T02:06:43.864+0000] {logging_mixin.py:188} INFO - [2024-07-09T02:06:43.863+0000] {dag.py:3096} INFO - Sync 1 DAGs
[2024-07-09T02:06:43.896+0000] {logging_mixin.py:188} INFO - [2024-07-09T02:06:43.895+0000] {dag.py:3954} INFO - Setting next_dagrun for example_skip_dag to 2024-07-08 00:00:00+00:00, run_after=2024-07-09 00:00:00+00:00
[2024-07-09T02:06:43.942+0000] {processor.py:183} INFO - Processing /home/airflow/.local/lib/python3.12/site-packages/airflow/example_dags/example_skip_dag.py took 0.125 seconds
[2024-07-09T02:07:14.801+0000] {processor.py:161} INFO - Started process (PID=479) to work on /home/airflow/.local/lib/python3.12/site-packages/airflow/example_dags/example_skip_dag.py
[2024-07-09T02:07:14.803+0000] {processor.py:830} INFO - Processing file /home/airflow/.local/lib/python3.12/site-packages/airflow/example_dags/example_skip_dag.py for tasks to queue
[2024-07-09T02:07:14.805+0000] {logging_mixin.py:188} INFO - [2024-07-09T02:07:14.805+0000] {dagbag.py:545} INFO - Filling up the DagBag from /home/airflow/.local/lib/python3.12/site-packages/airflow/example_dags/example_skip_dag.py
[2024-07-09T02:07:14.825+0000] {processor.py:840} INFO - DAG(s) 'example_skip_dag' retrieved from /home/airflow/.local/lib/python3.12/site-packages/airflow/example_dags/example_skip_dag.py
[2024-07-09T02:07:14.860+0000] {logging_mixin.py:188} INFO - [2024-07-09T02:07:14.860+0000] {dag.py:3096} INFO - Sync 1 DAGs
[2024-07-09T02:07:14.894+0000] {logging_mixin.py:188} INFO - [2024-07-09T02:07:14.894+0000] {dag.py:3954} INFO - Setting next_dagrun for example_skip_dag to 2024-07-08 00:00:00+00:00, run_after=2024-07-09 00:00:00+00:00
[2024-07-09T02:07:14.927+0000] {processor.py:183} INFO - Processing /home/airflow/.local/lib/python3.12/site-packages/airflow/example_dags/example_skip_dag.py took 0.133 seconds
[2024-07-09T02:07:45.035+0000] {processor.py:161} INFO - Started process (PID=537) to work on /home/airflow/.local/lib/python3.12/site-packages/airflow/example_dags/example_skip_dag.py
[2024-07-09T02:07:45.036+0000] {processor.py:830} INFO - Processing file /home/airflow/.local/lib/python3.12/site-packages/airflow/example_dags/example_skip_dag.py for tasks to queue
[2024-07-09T02:07:45.038+0000] {logging_mixin.py:188} INFO - [2024-07-09T02:07:45.038+0000] {dagbag.py:545} INFO - Filling up the DagBag from /home/airflow/.local/lib/python3.12/site-packages/airflow/example_dags/example_skip_dag.py
[2024-07-09T02:07:45.045+0000] {processor.py:840} INFO - DAG(s) 'example_skip_dag' retrieved from /home/airflow/.local/lib/python3.12/site-packages/airflow/example_dags/example_skip_dag.py
[2024-07-09T02:07:45.082+0000] {logging_mixin.py:188} INFO - [2024-07-09T02:07:45.081+0000] {dag.py:3096} INFO - Sync 1 DAGs
[2024-07-09T02:07:45.111+0000] {logging_mixin.py:188} INFO - [2024-07-09T02:07:45.111+0000] {dag.py:3954} INFO - Setting next_dagrun for example_skip_dag to 2024-07-08 00:00:00+00:00, run_after=2024-07-09 00:00:00+00:00
[2024-07-09T02:07:45.142+0000] {processor.py:183} INFO - Processing /home/airflow/.local/lib/python3.12/site-packages/airflow/example_dags/example_skip_dag.py took 0.114 seconds
[2024-07-09T02:08:15.610+0000] {processor.py:161} INFO - Started process (PID=598) to work on /home/airflow/.local/lib/python3.12/site-packages/airflow/example_dags/example_skip_dag.py
[2024-07-09T02:08:15.612+0000] {processor.py:830} INFO - Processing file /home/airflow/.local/lib/python3.12/site-packages/airflow/example_dags/example_skip_dag.py for tasks to queue
[2024-07-09T02:08:15.615+0000] {logging_mixin.py:188} INFO - [2024-07-09T02:08:15.615+0000] {dagbag.py:545} INFO - Filling up the DagBag from /home/airflow/.local/lib/python3.12/site-packages/airflow/example_dags/example_skip_dag.py
[2024-07-09T02:08:15.629+0000] {processor.py:840} INFO - DAG(s) 'example_skip_dag' retrieved from /home/airflow/.local/lib/python3.12/site-packages/airflow/example_dags/example_skip_dag.py
[2024-07-09T02:08:15.666+0000] {logging_mixin.py:188} INFO - [2024-07-09T02:08:15.665+0000] {dag.py:3096} INFO - Sync 1 DAGs
[2024-07-09T02:08:15.697+0000] {logging_mixin.py:188} INFO - [2024-07-09T02:08:15.697+0000] {dag.py:3954} INFO - Setting next_dagrun for example_skip_dag to 2024-07-08 00:00:00+00:00, run_after=2024-07-09 00:00:00+00:00
[2024-07-09T02:08:15.723+0000] {processor.py:183} INFO - Processing /home/airflow/.local/lib/python3.12/site-packages/airflow/example_dags/example_skip_dag.py took 0.127 seconds
[2024-07-09T02:08:45.972+0000] {processor.py:161} INFO - Started process (PID=657) to work on /home/airflow/.local/lib/python3.12/site-packages/airflow/example_dags/example_skip_dag.py
[2024-07-09T02:08:45.973+0000] {processor.py:830} INFO - Processing file /home/airflow/.local/lib/python3.12/site-packages/airflow/example_dags/example_skip_dag.py for tasks to queue
[2024-07-09T02:08:45.976+0000] {logging_mixin.py:188} INFO - [2024-07-09T02:08:45.976+0000] {dagbag.py:545} INFO - Filling up the DagBag from /home/airflow/.local/lib/python3.12/site-packages/airflow/example_dags/example_skip_dag.py
[2024-07-09T02:08:45.986+0000] {processor.py:840} INFO - DAG(s) 'example_skip_dag' retrieved from /home/airflow/.local/lib/python3.12/site-packages/airflow/example_dags/example_skip_dag.py
[2024-07-09T02:08:46.023+0000] {logging_mixin.py:188} INFO - [2024-07-09T02:08:46.023+0000] {dag.py:3096} INFO - Sync 1 DAGs
[2024-07-09T02:08:46.063+0000] {logging_mixin.py:188} INFO - [2024-07-09T02:08:46.063+0000] {dag.py:3954} INFO - Setting next_dagrun for example_skip_dag to 2024-07-08 00:00:00+00:00, run_after=2024-07-09 00:00:00+00:00
[2024-07-09T02:08:46.104+0000] {processor.py:183} INFO - Processing /home/airflow/.local/lib/python3.12/site-packages/airflow/example_dags/example_skip_dag.py took 0.144 seconds
[2024-07-09T02:12:18.120+0000] {processor.py:161} INFO - Started process (PID=54) to work on /home/airflow/.local/lib/python3.12/site-packages/airflow/example_dags/example_skip_dag.py
[2024-07-09T02:12:18.121+0000] {processor.py:830} INFO - Processing file /home/airflow/.local/lib/python3.12/site-packages/airflow/example_dags/example_skip_dag.py for tasks to queue
[2024-07-09T02:12:18.125+0000] {logging_mixin.py:188} INFO - [2024-07-09T02:12:18.124+0000] {dagbag.py:545} INFO - Filling up the DagBag from /home/airflow/.local/lib/python3.12/site-packages/airflow/example_dags/example_skip_dag.py
[2024-07-09T02:12:18.138+0000] {processor.py:840} INFO - DAG(s) 'example_skip_dag' retrieved from /home/airflow/.local/lib/python3.12/site-packages/airflow/example_dags/example_skip_dag.py
[2024-07-09T02:12:18.332+0000] {logging_mixin.py:188} INFO - [2024-07-09T02:12:18.332+0000] {override.py:1829} INFO - Created Permission View: can edit on DAG:example_skip_dag
[2024-07-09T02:12:18.348+0000] {logging_mixin.py:188} INFO - [2024-07-09T02:12:18.348+0000] {override.py:1829} INFO - Created Permission View: can delete on DAG:example_skip_dag
[2024-07-09T02:12:18.365+0000] {logging_mixin.py:188} INFO - [2024-07-09T02:12:18.364+0000] {override.py:1829} INFO - Created Permission View: can read on DAG:example_skip_dag
[2024-07-09T02:12:18.366+0000] {logging_mixin.py:188} INFO - [2024-07-09T02:12:18.366+0000] {dag.py:3096} INFO - Sync 1 DAGs
[2024-07-09T02:12:18.390+0000] {logging_mixin.py:188} INFO - [2024-07-09T02:12:18.389+0000] {dag.py:3118} INFO - Creating ORM DAG for example_skip_dag
[2024-07-09T02:12:18.413+0000] {logging_mixin.py:188} INFO - [2024-07-09T02:12:18.412+0000] {dag.py:3954} INFO - Setting next_dagrun for example_skip_dag to 2024-07-08 00:00:00+00:00, run_after=2024-07-09 00:00:00+00:00
[2024-07-09T02:12:18.476+0000] {processor.py:183} INFO - Processing /home/airflow/.local/lib/python3.12/site-packages/airflow/example_dags/example_skip_dag.py took 0.366 seconds
[2024-07-09T02:12:48.643+0000] {processor.py:161} INFO - Started process (PID=114) to work on /home/airflow/.local/lib/python3.12/site-packages/airflow/example_dags/example_skip_dag.py
[2024-07-09T02:12:48.644+0000] {processor.py:830} INFO - Processing file /home/airflow/.local/lib/python3.12/site-packages/airflow/example_dags/example_skip_dag.py for tasks to queue
[2024-07-09T02:12:48.648+0000] {logging_mixin.py:188} INFO - [2024-07-09T02:12:48.647+0000] {dagbag.py:545} INFO - Filling up the DagBag from /home/airflow/.local/lib/python3.12/site-packages/airflow/example_dags/example_skip_dag.py
[2024-07-09T02:12:48.657+0000] {processor.py:840} INFO - DAG(s) 'example_skip_dag' retrieved from /home/airflow/.local/lib/python3.12/site-packages/airflow/example_dags/example_skip_dag.py
[2024-07-09T02:12:48.692+0000] {logging_mixin.py:188} INFO - [2024-07-09T02:12:48.692+0000] {dag.py:3096} INFO - Sync 1 DAGs
[2024-07-09T02:12:48.732+0000] {logging_mixin.py:188} INFO - [2024-07-09T02:12:48.732+0000] {dag.py:3954} INFO - Setting next_dagrun for example_skip_dag to 2024-07-08 00:00:00+00:00, run_after=2024-07-09 00:00:00+00:00
[2024-07-09T02:12:48.785+0000] {processor.py:183} INFO - Processing /home/airflow/.local/lib/python3.12/site-packages/airflow/example_dags/example_skip_dag.py took 0.152 seconds
[2024-07-09T02:13:20.002+0000] {processor.py:161} INFO - Started process (PID=174) to work on /home/airflow/.local/lib/python3.12/site-packages/airflow/example_dags/example_skip_dag.py
[2024-07-09T02:13:20.006+0000] {processor.py:830} INFO - Processing file /home/airflow/.local/lib/python3.12/site-packages/airflow/example_dags/example_skip_dag.py for tasks to queue
[2024-07-09T02:13:20.011+0000] {logging_mixin.py:188} INFO - [2024-07-09T02:13:20.010+0000] {dagbag.py:545} INFO - Filling up the DagBag from /home/airflow/.local/lib/python3.12/site-packages/airflow/example_dags/example_skip_dag.py
[2024-07-09T02:13:20.032+0000] {processor.py:840} INFO - DAG(s) 'example_skip_dag' retrieved from /home/airflow/.local/lib/python3.12/site-packages/airflow/example_dags/example_skip_dag.py
[2024-07-09T02:13:20.103+0000] {logging_mixin.py:188} INFO - [2024-07-09T02:13:20.102+0000] {dag.py:3096} INFO - Sync 1 DAGs
[2024-07-09T02:13:20.169+0000] {logging_mixin.py:188} INFO - [2024-07-09T02:13:20.168+0000] {dag.py:3954} INFO - Setting next_dagrun for example_skip_dag to 2024-07-08 00:00:00+00:00, run_after=2024-07-09 00:00:00+00:00
[2024-07-09T02:13:20.214+0000] {processor.py:183} INFO - Processing /home/airflow/.local/lib/python3.12/site-packages/airflow/example_dags/example_skip_dag.py took 0.230 seconds
[2024-07-09T02:13:50.409+0000] {processor.py:161} INFO - Started process (PID=233) to work on /home/airflow/.local/lib/python3.12/site-packages/airflow/example_dags/example_skip_dag.py
[2024-07-09T02:13:50.411+0000] {processor.py:830} INFO - Processing file /home/airflow/.local/lib/python3.12/site-packages/airflow/example_dags/example_skip_dag.py for tasks to queue
[2024-07-09T02:13:50.414+0000] {logging_mixin.py:188} INFO - [2024-07-09T02:13:50.414+0000] {dagbag.py:545} INFO - Filling up the DagBag from /home/airflow/.local/lib/python3.12/site-packages/airflow/example_dags/example_skip_dag.py
[2024-07-09T02:13:50.428+0000] {processor.py:840} INFO - DAG(s) 'example_skip_dag' retrieved from /home/airflow/.local/lib/python3.12/site-packages/airflow/example_dags/example_skip_dag.py
[2024-07-09T02:13:50.475+0000] {logging_mixin.py:188} INFO - [2024-07-09T02:13:50.474+0000] {dag.py:3096} INFO - Sync 1 DAGs
[2024-07-09T02:13:50.537+0000] {logging_mixin.py:188} INFO - [2024-07-09T02:13:50.537+0000] {dag.py:3954} INFO - Setting next_dagrun for example_skip_dag to 2024-07-08 00:00:00+00:00, run_after=2024-07-09 00:00:00+00:00
[2024-07-09T02:13:50.603+0000] {processor.py:183} INFO - Processing /home/airflow/.local/lib/python3.12/site-packages/airflow/example_dags/example_skip_dag.py took 0.205 seconds
[2024-07-09T02:14:20.876+0000] {processor.py:161} INFO - Started process (PID=292) to work on /home/airflow/.local/lib/python3.12/site-packages/airflow/example_dags/example_skip_dag.py
[2024-07-09T02:14:20.879+0000] {processor.py:830} INFO - Processing file /home/airflow/.local/lib/python3.12/site-packages/airflow/example_dags/example_skip_dag.py for tasks to queue
[2024-07-09T02:14:20.884+0000] {logging_mixin.py:188} INFO - [2024-07-09T02:14:20.884+0000] {dagbag.py:545} INFO - Filling up the DagBag from /home/airflow/.local/lib/python3.12/site-packages/airflow/example_dags/example_skip_dag.py
[2024-07-09T02:14:20.898+0000] {processor.py:840} INFO - DAG(s) 'example_skip_dag' retrieved from /home/airflow/.local/lib/python3.12/site-packages/airflow/example_dags/example_skip_dag.py
[2024-07-09T02:14:20.948+0000] {logging_mixin.py:188} INFO - [2024-07-09T02:14:20.948+0000] {dag.py:3096} INFO - Sync 1 DAGs
[2024-07-09T02:14:21.017+0000] {logging_mixin.py:188} INFO - [2024-07-09T02:14:21.016+0000] {dag.py:3954} INFO - Setting next_dagrun for example_skip_dag to 2024-07-08 00:00:00+00:00, run_after=2024-07-09 00:00:00+00:00
[2024-07-09T02:14:21.077+0000] {processor.py:183} INFO - Processing /home/airflow/.local/lib/python3.12/site-packages/airflow/example_dags/example_skip_dag.py took 0.215 seconds
[2024-07-09T02:14:51.514+0000] {processor.py:161} INFO - Started process (PID=352) to work on /home/airflow/.local/lib/python3.12/site-packages/airflow/example_dags/example_skip_dag.py
[2024-07-09T02:14:51.516+0000] {processor.py:830} INFO - Processing file /home/airflow/.local/lib/python3.12/site-packages/airflow/example_dags/example_skip_dag.py for tasks to queue
[2024-07-09T02:14:51.521+0000] {logging_mixin.py:188} INFO - [2024-07-09T02:14:51.520+0000] {dagbag.py:545} INFO - Filling up the DagBag from /home/airflow/.local/lib/python3.12/site-packages/airflow/example_dags/example_skip_dag.py
[2024-07-09T02:14:51.542+0000] {processor.py:840} INFO - DAG(s) 'example_skip_dag' retrieved from /home/airflow/.local/lib/python3.12/site-packages/airflow/example_dags/example_skip_dag.py
[2024-07-09T02:14:51.600+0000] {logging_mixin.py:188} INFO - [2024-07-09T02:14:51.599+0000] {dag.py:3096} INFO - Sync 1 DAGs
[2024-07-09T02:14:51.658+0000] {logging_mixin.py:188} INFO - [2024-07-09T02:14:51.658+0000] {dag.py:3954} INFO - Setting next_dagrun for example_skip_dag to 2024-07-08 00:00:00+00:00, run_after=2024-07-09 00:00:00+00:00
[2024-07-09T02:14:51.697+0000] {processor.py:183} INFO - Processing /home/airflow/.local/lib/python3.12/site-packages/airflow/example_dags/example_skip_dag.py took 0.204 seconds
[2024-07-09T02:17:01.866+0000] {processor.py:161} INFO - Started process (PID=54) to work on /home/airflow/.local/lib/python3.12/site-packages/airflow/example_dags/example_skip_dag.py
[2024-07-09T02:17:01.868+0000] {processor.py:830} INFO - Processing file /home/airflow/.local/lib/python3.12/site-packages/airflow/example_dags/example_skip_dag.py for tasks to queue
[2024-07-09T02:17:01.872+0000] {logging_mixin.py:188} INFO - [2024-07-09T02:17:01.871+0000] {dagbag.py:545} INFO - Filling up the DagBag from /home/airflow/.local/lib/python3.12/site-packages/airflow/example_dags/example_skip_dag.py
[2024-07-09T02:17:01.891+0000] {processor.py:840} INFO - DAG(s) 'example_skip_dag' retrieved from /home/airflow/.local/lib/python3.12/site-packages/airflow/example_dags/example_skip_dag.py
[2024-07-09T02:17:02.170+0000] {logging_mixin.py:188} INFO - [2024-07-09T02:17:02.170+0000] {dag.py:3096} INFO - Sync 1 DAGs
[2024-07-09T02:17:02.217+0000] {logging_mixin.py:188} INFO - [2024-07-09T02:17:02.216+0000] {dag.py:3954} INFO - Setting next_dagrun for example_skip_dag to 2024-07-08 00:00:00+00:00, run_after=2024-07-09 00:00:00+00:00
[2024-07-09T02:17:02.270+0000] {processor.py:183} INFO - Processing /home/airflow/.local/lib/python3.12/site-packages/airflow/example_dags/example_skip_dag.py took 0.420 seconds
[2024-07-09T02:17:33.241+0000] {processor.py:161} INFO - Started process (PID=114) to work on /home/airflow/.local/lib/python3.12/site-packages/airflow/example_dags/example_skip_dag.py
[2024-07-09T02:17:33.243+0000] {processor.py:830} INFO - Processing file /home/airflow/.local/lib/python3.12/site-packages/airflow/example_dags/example_skip_dag.py for tasks to queue
[2024-07-09T02:17:33.247+0000] {logging_mixin.py:188} INFO - [2024-07-09T02:17:33.246+0000] {dagbag.py:545} INFO - Filling up the DagBag from /home/airflow/.local/lib/python3.12/site-packages/airflow/example_dags/example_skip_dag.py
[2024-07-09T02:17:33.263+0000] {processor.py:840} INFO - DAG(s) 'example_skip_dag' retrieved from /home/airflow/.local/lib/python3.12/site-packages/airflow/example_dags/example_skip_dag.py
[2024-07-09T02:17:33.305+0000] {logging_mixin.py:188} INFO - [2024-07-09T02:17:33.305+0000] {dag.py:3096} INFO - Sync 1 DAGs
[2024-07-09T02:17:33.388+0000] {logging_mixin.py:188} INFO - [2024-07-09T02:17:33.387+0000] {dag.py:3954} INFO - Setting next_dagrun for example_skip_dag to 2024-07-08 00:00:00+00:00, run_after=2024-07-09 00:00:00+00:00
[2024-07-09T02:17:33.434+0000] {processor.py:183} INFO - Processing /home/airflow/.local/lib/python3.12/site-packages/airflow/example_dags/example_skip_dag.py took 0.209 seconds
[2024-07-09T02:18:03.546+0000] {processor.py:161} INFO - Started process (PID=175) to work on /home/airflow/.local/lib/python3.12/site-packages/airflow/example_dags/example_skip_dag.py
[2024-07-09T02:18:03.548+0000] {processor.py:830} INFO - Processing file /home/airflow/.local/lib/python3.12/site-packages/airflow/example_dags/example_skip_dag.py for tasks to queue
[2024-07-09T02:18:03.552+0000] {logging_mixin.py:188} INFO - [2024-07-09T02:18:03.551+0000] {dagbag.py:545} INFO - Filling up the DagBag from /home/airflow/.local/lib/python3.12/site-packages/airflow/example_dags/example_skip_dag.py
[2024-07-09T02:18:03.567+0000] {processor.py:840} INFO - DAG(s) 'example_skip_dag' retrieved from /home/airflow/.local/lib/python3.12/site-packages/airflow/example_dags/example_skip_dag.py
[2024-07-09T02:18:03.611+0000] {logging_mixin.py:188} INFO - [2024-07-09T02:18:03.611+0000] {dag.py:3096} INFO - Sync 1 DAGs
[2024-07-09T02:18:03.651+0000] {logging_mixin.py:188} INFO - [2024-07-09T02:18:03.650+0000] {dag.py:3954} INFO - Setting next_dagrun for example_skip_dag to 2024-07-08 00:00:00+00:00, run_after=2024-07-09 00:00:00+00:00
[2024-07-09T02:18:03.684+0000] {processor.py:183} INFO - Processing /home/airflow/.local/lib/python3.12/site-packages/airflow/example_dags/example_skip_dag.py took 0.150 seconds
[2024-07-09T02:18:33.980+0000] {processor.py:161} INFO - Started process (PID=235) to work on /home/airflow/.local/lib/python3.12/site-packages/airflow/example_dags/example_skip_dag.py
[2024-07-09T02:18:33.982+0000] {processor.py:830} INFO - Processing file /home/airflow/.local/lib/python3.12/site-packages/airflow/example_dags/example_skip_dag.py for tasks to queue
[2024-07-09T02:18:33.988+0000] {logging_mixin.py:188} INFO - [2024-07-09T02:18:33.987+0000] {dagbag.py:545} INFO - Filling up the DagBag from /home/airflow/.local/lib/python3.12/site-packages/airflow/example_dags/example_skip_dag.py
[2024-07-09T02:18:34.015+0000] {processor.py:840} INFO - DAG(s) 'example_skip_dag' retrieved from /home/airflow/.local/lib/python3.12/site-packages/airflow/example_dags/example_skip_dag.py
[2024-07-09T02:18:34.129+0000] {logging_mixin.py:188} INFO - [2024-07-09T02:18:34.129+0000] {dag.py:3096} INFO - Sync 1 DAGs
[2024-07-09T02:18:34.206+0000] {logging_mixin.py:188} INFO - [2024-07-09T02:18:34.205+0000] {dag.py:3954} INFO - Setting next_dagrun for example_skip_dag to 2024-07-08 00:00:00+00:00, run_after=2024-07-09 00:00:00+00:00
[2024-07-09T02:18:34.275+0000] {processor.py:183} INFO - Processing /home/airflow/.local/lib/python3.12/site-packages/airflow/example_dags/example_skip_dag.py took 0.313 seconds
[2024-07-09T02:19:04.913+0000] {processor.py:161} INFO - Started process (PID=295) to work on /home/airflow/.local/lib/python3.12/site-packages/airflow/example_dags/example_skip_dag.py
[2024-07-09T02:19:04.915+0000] {processor.py:830} INFO - Processing file /home/airflow/.local/lib/python3.12/site-packages/airflow/example_dags/example_skip_dag.py for tasks to queue
[2024-07-09T02:19:04.918+0000] {logging_mixin.py:188} INFO - [2024-07-09T02:19:04.918+0000] {dagbag.py:545} INFO - Filling up the DagBag from /home/airflow/.local/lib/python3.12/site-packages/airflow/example_dags/example_skip_dag.py
[2024-07-09T02:19:04.931+0000] {processor.py:840} INFO - DAG(s) 'example_skip_dag' retrieved from /home/airflow/.local/lib/python3.12/site-packages/airflow/example_dags/example_skip_dag.py
[2024-07-09T02:19:04.974+0000] {logging_mixin.py:188} INFO - [2024-07-09T02:19:04.973+0000] {dag.py:3096} INFO - Sync 1 DAGs
[2024-07-09T02:19:05.023+0000] {logging_mixin.py:188} INFO - [2024-07-09T02:19:05.022+0000] {dag.py:3954} INFO - Setting next_dagrun for example_skip_dag to 2024-07-08 00:00:00+00:00, run_after=2024-07-09 00:00:00+00:00
[2024-07-09T02:19:05.063+0000] {processor.py:183} INFO - Processing /home/airflow/.local/lib/python3.12/site-packages/airflow/example_dags/example_skip_dag.py took 0.162 seconds
[2024-07-09T02:19:35.757+0000] {processor.py:161} INFO - Started process (PID=353) to work on /home/airflow/.local/lib/python3.12/site-packages/airflow/example_dags/example_skip_dag.py
[2024-07-09T02:19:35.760+0000] {processor.py:830} INFO - Processing file /home/airflow/.local/lib/python3.12/site-packages/airflow/example_dags/example_skip_dag.py for tasks to queue
[2024-07-09T02:19:35.771+0000] {logging_mixin.py:188} INFO - [2024-07-09T02:19:35.770+0000] {dagbag.py:545} INFO - Filling up the DagBag from /home/airflow/.local/lib/python3.12/site-packages/airflow/example_dags/example_skip_dag.py
[2024-07-09T02:19:35.819+0000] {processor.py:840} INFO - DAG(s) 'example_skip_dag' retrieved from /home/airflow/.local/lib/python3.12/site-packages/airflow/example_dags/example_skip_dag.py
[2024-07-09T02:19:35.972+0000] {logging_mixin.py:188} INFO - [2024-07-09T02:19:35.972+0000] {dag.py:3096} INFO - Sync 1 DAGs
[2024-07-09T02:19:36.083+0000] {logging_mixin.py:188} INFO - [2024-07-09T02:19:36.083+0000] {dag.py:3954} INFO - Setting next_dagrun for example_skip_dag to 2024-07-08 00:00:00+00:00, run_after=2024-07-09 00:00:00+00:00
[2024-07-09T02:19:36.241+0000] {processor.py:183} INFO - Processing /home/airflow/.local/lib/python3.12/site-packages/airflow/example_dags/example_skip_dag.py took 0.507 seconds
[2024-07-09T02:20:07.265+0000] {processor.py:161} INFO - Started process (PID=414) to work on /home/airflow/.local/lib/python3.12/site-packages/airflow/example_dags/example_skip_dag.py
[2024-07-09T02:20:07.268+0000] {processor.py:830} INFO - Processing file /home/airflow/.local/lib/python3.12/site-packages/airflow/example_dags/example_skip_dag.py for tasks to queue
[2024-07-09T02:20:07.273+0000] {logging_mixin.py:188} INFO - [2024-07-09T02:20:07.272+0000] {dagbag.py:545} INFO - Filling up the DagBag from /home/airflow/.local/lib/python3.12/site-packages/airflow/example_dags/example_skip_dag.py
[2024-07-09T02:20:07.289+0000] {processor.py:840} INFO - DAG(s) 'example_skip_dag' retrieved from /home/airflow/.local/lib/python3.12/site-packages/airflow/example_dags/example_skip_dag.py
[2024-07-09T02:20:07.367+0000] {logging_mixin.py:188} INFO - [2024-07-09T02:20:07.367+0000] {dag.py:3096} INFO - Sync 1 DAGs
[2024-07-09T02:20:07.490+0000] {logging_mixin.py:188} INFO - [2024-07-09T02:20:07.490+0000] {dag.py:3954} INFO - Setting next_dagrun for example_skip_dag to 2024-07-08 00:00:00+00:00, run_after=2024-07-09 00:00:00+00:00
[2024-07-09T02:20:07.553+0000] {processor.py:183} INFO - Processing /home/airflow/.local/lib/python3.12/site-packages/airflow/example_dags/example_skip_dag.py took 0.304 seconds
[2024-07-09T02:20:38.493+0000] {processor.py:161} INFO - Started process (PID=474) to work on /home/airflow/.local/lib/python3.12/site-packages/airflow/example_dags/example_skip_dag.py
[2024-07-09T02:20:38.495+0000] {processor.py:830} INFO - Processing file /home/airflow/.local/lib/python3.12/site-packages/airflow/example_dags/example_skip_dag.py for tasks to queue
[2024-07-09T02:20:38.498+0000] {logging_mixin.py:188} INFO - [2024-07-09T02:20:38.498+0000] {dagbag.py:545} INFO - Filling up the DagBag from /home/airflow/.local/lib/python3.12/site-packages/airflow/example_dags/example_skip_dag.py
[2024-07-09T02:20:38.511+0000] {processor.py:840} INFO - DAG(s) 'example_skip_dag' retrieved from /home/airflow/.local/lib/python3.12/site-packages/airflow/example_dags/example_skip_dag.py
[2024-07-09T02:20:38.566+0000] {logging_mixin.py:188} INFO - [2024-07-09T02:20:38.565+0000] {dag.py:3096} INFO - Sync 1 DAGs
[2024-07-09T02:20:38.622+0000] {logging_mixin.py:188} INFO - [2024-07-09T02:20:38.621+0000] {dag.py:3954} INFO - Setting next_dagrun for example_skip_dag to 2024-07-08 00:00:00+00:00, run_after=2024-07-09 00:00:00+00:00
[2024-07-09T02:20:38.705+0000] {processor.py:183} INFO - Processing /home/airflow/.local/lib/python3.12/site-packages/airflow/example_dags/example_skip_dag.py took 0.222 seconds
[2024-07-09T02:21:08.777+0000] {processor.py:161} INFO - Started process (PID=532) to work on /home/airflow/.local/lib/python3.12/site-packages/airflow/example_dags/example_skip_dag.py
[2024-07-09T02:21:08.779+0000] {processor.py:830} INFO - Processing file /home/airflow/.local/lib/python3.12/site-packages/airflow/example_dags/example_skip_dag.py for tasks to queue
[2024-07-09T02:21:08.783+0000] {logging_mixin.py:188} INFO - [2024-07-09T02:21:08.782+0000] {dagbag.py:545} INFO - Filling up the DagBag from /home/airflow/.local/lib/python3.12/site-packages/airflow/example_dags/example_skip_dag.py
[2024-07-09T02:21:08.798+0000] {processor.py:840} INFO - DAG(s) 'example_skip_dag' retrieved from /home/airflow/.local/lib/python3.12/site-packages/airflow/example_dags/example_skip_dag.py
[2024-07-09T02:21:08.833+0000] {logging_mixin.py:188} INFO - [2024-07-09T02:21:08.832+0000] {dag.py:3096} INFO - Sync 1 DAGs
[2024-07-09T02:21:08.875+0000] {logging_mixin.py:188} INFO - [2024-07-09T02:21:08.875+0000] {dag.py:3954} INFO - Setting next_dagrun for example_skip_dag to 2024-07-08 00:00:00+00:00, run_after=2024-07-09 00:00:00+00:00
[2024-07-09T02:21:08.906+0000] {processor.py:183} INFO - Processing /home/airflow/.local/lib/python3.12/site-packages/airflow/example_dags/example_skip_dag.py took 0.139 seconds
[2024-07-09T02:21:39.419+0000] {processor.py:161} INFO - Started process (PID=593) to work on /home/airflow/.local/lib/python3.12/site-packages/airflow/example_dags/example_skip_dag.py
[2024-07-09T02:21:39.421+0000] {processor.py:830} INFO - Processing file /home/airflow/.local/lib/python3.12/site-packages/airflow/example_dags/example_skip_dag.py for tasks to queue
[2024-07-09T02:21:39.443+0000] {logging_mixin.py:188} INFO - [2024-07-09T02:21:39.442+0000] {dagbag.py:545} INFO - Filling up the DagBag from /home/airflow/.local/lib/python3.12/site-packages/airflow/example_dags/example_skip_dag.py
[2024-07-09T02:21:39.468+0000] {processor.py:840} INFO - DAG(s) 'example_skip_dag' retrieved from /home/airflow/.local/lib/python3.12/site-packages/airflow/example_dags/example_skip_dag.py
[2024-07-09T02:21:39.580+0000] {logging_mixin.py:188} INFO - [2024-07-09T02:21:39.579+0000] {dag.py:3096} INFO - Sync 1 DAGs
[2024-07-09T02:21:39.656+0000] {logging_mixin.py:188} INFO - [2024-07-09T02:21:39.655+0000] {dag.py:3954} INFO - Setting next_dagrun for example_skip_dag to 2024-07-08 00:00:00+00:00, run_after=2024-07-09 00:00:00+00:00
[2024-07-09T02:21:39.722+0000] {processor.py:183} INFO - Processing /home/airflow/.local/lib/python3.12/site-packages/airflow/example_dags/example_skip_dag.py took 0.316 seconds
[2024-07-09T02:22:10.133+0000] {processor.py:161} INFO - Started process (PID=653) to work on /home/airflow/.local/lib/python3.12/site-packages/airflow/example_dags/example_skip_dag.py
[2024-07-09T02:22:10.136+0000] {processor.py:830} INFO - Processing file /home/airflow/.local/lib/python3.12/site-packages/airflow/example_dags/example_skip_dag.py for tasks to queue
[2024-07-09T02:22:10.148+0000] {logging_mixin.py:188} INFO - [2024-07-09T02:22:10.147+0000] {dagbag.py:545} INFO - Filling up the DagBag from /home/airflow/.local/lib/python3.12/site-packages/airflow/example_dags/example_skip_dag.py
[2024-07-09T02:22:10.205+0000] {processor.py:840} INFO - DAG(s) 'example_skip_dag' retrieved from /home/airflow/.local/lib/python3.12/site-packages/airflow/example_dags/example_skip_dag.py
[2024-07-09T02:22:10.300+0000] {logging_mixin.py:188} INFO - [2024-07-09T02:22:10.300+0000] {dag.py:3096} INFO - Sync 1 DAGs
[2024-07-09T02:22:10.422+0000] {logging_mixin.py:188} INFO - [2024-07-09T02:22:10.422+0000] {dag.py:3954} INFO - Setting next_dagrun for example_skip_dag to 2024-07-08 00:00:00+00:00, run_after=2024-07-09 00:00:00+00:00
[2024-07-09T02:22:10.525+0000] {processor.py:183} INFO - Processing /home/airflow/.local/lib/python3.12/site-packages/airflow/example_dags/example_skip_dag.py took 0.409 seconds
[2024-07-09T02:22:41.588+0000] {processor.py:161} INFO - Started process (PID=713) to work on /home/airflow/.local/lib/python3.12/site-packages/airflow/example_dags/example_skip_dag.py
[2024-07-09T02:22:41.590+0000] {processor.py:830} INFO - Processing file /home/airflow/.local/lib/python3.12/site-packages/airflow/example_dags/example_skip_dag.py for tasks to queue
[2024-07-09T02:22:41.593+0000] {logging_mixin.py:188} INFO - [2024-07-09T02:22:41.593+0000] {dagbag.py:545} INFO - Filling up the DagBag from /home/airflow/.local/lib/python3.12/site-packages/airflow/example_dags/example_skip_dag.py
[2024-07-09T02:22:41.605+0000] {processor.py:840} INFO - DAG(s) 'example_skip_dag' retrieved from /home/airflow/.local/lib/python3.12/site-packages/airflow/example_dags/example_skip_dag.py
[2024-07-09T02:22:41.638+0000] {logging_mixin.py:188} INFO - [2024-07-09T02:22:41.638+0000] {dag.py:3096} INFO - Sync 1 DAGs
[2024-07-09T02:22:41.675+0000] {logging_mixin.py:188} INFO - [2024-07-09T02:22:41.675+0000] {dag.py:3954} INFO - Setting next_dagrun for example_skip_dag to 2024-07-08 00:00:00+00:00, run_after=2024-07-09 00:00:00+00:00
[2024-07-09T02:22:41.707+0000] {processor.py:183} INFO - Processing /home/airflow/.local/lib/python3.12/site-packages/airflow/example_dags/example_skip_dag.py took 0.127 seconds
[2024-07-09T02:23:12.116+0000] {processor.py:161} INFO - Started process (PID=772) to work on /home/airflow/.local/lib/python3.12/site-packages/airflow/example_dags/example_skip_dag.py
[2024-07-09T02:23:12.118+0000] {processor.py:830} INFO - Processing file /home/airflow/.local/lib/python3.12/site-packages/airflow/example_dags/example_skip_dag.py for tasks to queue
[2024-07-09T02:23:12.120+0000] {logging_mixin.py:188} INFO - [2024-07-09T02:23:12.120+0000] {dagbag.py:545} INFO - Filling up the DagBag from /home/airflow/.local/lib/python3.12/site-packages/airflow/example_dags/example_skip_dag.py
[2024-07-09T02:23:12.131+0000] {processor.py:840} INFO - DAG(s) 'example_skip_dag' retrieved from /home/airflow/.local/lib/python3.12/site-packages/airflow/example_dags/example_skip_dag.py
[2024-07-09T02:23:12.162+0000] {logging_mixin.py:188} INFO - [2024-07-09T02:23:12.162+0000] {dag.py:3096} INFO - Sync 1 DAGs
[2024-07-09T02:23:12.196+0000] {logging_mixin.py:188} INFO - [2024-07-09T02:23:12.196+0000] {dag.py:3954} INFO - Setting next_dagrun for example_skip_dag to 2024-07-08 00:00:00+00:00, run_after=2024-07-09 00:00:00+00:00
[2024-07-09T02:23:12.248+0000] {processor.py:183} INFO - Processing /home/airflow/.local/lib/python3.12/site-packages/airflow/example_dags/example_skip_dag.py took 0.139 seconds
[2024-07-09T02:23:42.966+0000] {processor.py:161} INFO - Started process (PID=832) to work on /home/airflow/.local/lib/python3.12/site-packages/airflow/example_dags/example_skip_dag.py
[2024-07-09T02:23:42.968+0000] {processor.py:830} INFO - Processing file /home/airflow/.local/lib/python3.12/site-packages/airflow/example_dags/example_skip_dag.py for tasks to queue
[2024-07-09T02:23:42.971+0000] {logging_mixin.py:188} INFO - [2024-07-09T02:23:42.971+0000] {dagbag.py:545} INFO - Filling up the DagBag from /home/airflow/.local/lib/python3.12/site-packages/airflow/example_dags/example_skip_dag.py
[2024-07-09T02:23:42.986+0000] {processor.py:840} INFO - DAG(s) 'example_skip_dag' retrieved from /home/airflow/.local/lib/python3.12/site-packages/airflow/example_dags/example_skip_dag.py
[2024-07-09T02:23:43.032+0000] {logging_mixin.py:188} INFO - [2024-07-09T02:23:43.032+0000] {dag.py:3096} INFO - Sync 1 DAGs
[2024-07-09T02:23:43.083+0000] {logging_mixin.py:188} INFO - [2024-07-09T02:23:43.082+0000] {dag.py:3954} INFO - Setting next_dagrun for example_skip_dag to 2024-07-08 00:00:00+00:00, run_after=2024-07-09 00:00:00+00:00
[2024-07-09T02:23:43.147+0000] {processor.py:183} INFO - Processing /home/airflow/.local/lib/python3.12/site-packages/airflow/example_dags/example_skip_dag.py took 0.192 seconds
[2024-07-09T02:24:13.867+0000] {processor.py:161} INFO - Started process (PID=892) to work on /home/airflow/.local/lib/python3.12/site-packages/airflow/example_dags/example_skip_dag.py
[2024-07-09T02:24:13.868+0000] {processor.py:830} INFO - Processing file /home/airflow/.local/lib/python3.12/site-packages/airflow/example_dags/example_skip_dag.py for tasks to queue
[2024-07-09T02:24:13.871+0000] {logging_mixin.py:188} INFO - [2024-07-09T02:24:13.871+0000] {dagbag.py:545} INFO - Filling up the DagBag from /home/airflow/.local/lib/python3.12/site-packages/airflow/example_dags/example_skip_dag.py
[2024-07-09T02:24:13.884+0000] {processor.py:840} INFO - DAG(s) 'example_skip_dag' retrieved from /home/airflow/.local/lib/python3.12/site-packages/airflow/example_dags/example_skip_dag.py
[2024-07-09T02:24:13.921+0000] {logging_mixin.py:188} INFO - [2024-07-09T02:24:13.921+0000] {dag.py:3096} INFO - Sync 1 DAGs
[2024-07-09T02:24:13.961+0000] {logging_mixin.py:188} INFO - [2024-07-09T02:24:13.961+0000] {dag.py:3954} INFO - Setting next_dagrun for example_skip_dag to 2024-07-08 00:00:00+00:00, run_after=2024-07-09 00:00:00+00:00
[2024-07-09T02:24:14.013+0000] {processor.py:183} INFO - Processing /home/airflow/.local/lib/python3.12/site-packages/airflow/example_dags/example_skip_dag.py took 0.160 seconds
[2024-07-09T02:24:44.546+0000] {processor.py:161} INFO - Started process (PID=953) to work on /home/airflow/.local/lib/python3.12/site-packages/airflow/example_dags/example_skip_dag.py
[2024-07-09T02:24:44.548+0000] {processor.py:830} INFO - Processing file /home/airflow/.local/lib/python3.12/site-packages/airflow/example_dags/example_skip_dag.py for tasks to queue
[2024-07-09T02:24:44.552+0000] {logging_mixin.py:188} INFO - [2024-07-09T02:24:44.552+0000] {dagbag.py:545} INFO - Filling up the DagBag from /home/airflow/.local/lib/python3.12/site-packages/airflow/example_dags/example_skip_dag.py
[2024-07-09T02:24:44.566+0000] {processor.py:840} INFO - DAG(s) 'example_skip_dag' retrieved from /home/airflow/.local/lib/python3.12/site-packages/airflow/example_dags/example_skip_dag.py
[2024-07-09T02:24:44.611+0000] {logging_mixin.py:188} INFO - [2024-07-09T02:24:44.611+0000] {dag.py:3096} INFO - Sync 1 DAGs
[2024-07-09T02:24:44.652+0000] {logging_mixin.py:188} INFO - [2024-07-09T02:24:44.651+0000] {dag.py:3954} INFO - Setting next_dagrun for example_skip_dag to 2024-07-08 00:00:00+00:00, run_after=2024-07-09 00:00:00+00:00
[2024-07-09T02:24:44.705+0000] {processor.py:183} INFO - Processing /home/airflow/.local/lib/python3.12/site-packages/airflow/example_dags/example_skip_dag.py took 0.181 seconds
[2024-07-09T02:25:15.101+0000] {processor.py:161} INFO - Started process (PID=1017) to work on /home/airflow/.local/lib/python3.12/site-packages/airflow/example_dags/example_skip_dag.py
[2024-07-09T02:25:15.150+0000] {processor.py:830} INFO - Processing file /home/airflow/.local/lib/python3.12/site-packages/airflow/example_dags/example_skip_dag.py for tasks to queue
[2024-07-09T02:25:15.162+0000] {logging_mixin.py:188} INFO - [2024-07-09T02:25:15.154+0000] {dagbag.py:545} INFO - Filling up the DagBag from /home/airflow/.local/lib/python3.12/site-packages/airflow/example_dags/example_skip_dag.py
[2024-07-09T02:25:15.199+0000] {processor.py:840} INFO - DAG(s) 'example_skip_dag' retrieved from /home/airflow/.local/lib/python3.12/site-packages/airflow/example_dags/example_skip_dag.py
[2024-07-09T02:25:15.299+0000] {logging_mixin.py:188} INFO - [2024-07-09T02:25:15.298+0000] {dag.py:3096} INFO - Sync 1 DAGs
[2024-07-09T02:25:15.415+0000] {logging_mixin.py:188} INFO - [2024-07-09T02:25:15.414+0000] {dag.py:3954} INFO - Setting next_dagrun for example_skip_dag to 2024-07-08 00:00:00+00:00, run_after=2024-07-09 00:00:00+00:00
[2024-07-09T02:25:15.534+0000] {processor.py:183} INFO - Processing /home/airflow/.local/lib/python3.12/site-packages/airflow/example_dags/example_skip_dag.py took 0.493 seconds
[2024-07-09T02:25:45.819+0000] {processor.py:161} INFO - Started process (PID=1088) to work on /home/airflow/.local/lib/python3.12/site-packages/airflow/example_dags/example_skip_dag.py
[2024-07-09T02:25:45.830+0000] {processor.py:830} INFO - Processing file /home/airflow/.local/lib/python3.12/site-packages/airflow/example_dags/example_skip_dag.py for tasks to queue
[2024-07-09T02:25:45.838+0000] {logging_mixin.py:188} INFO - [2024-07-09T02:25:45.837+0000] {dagbag.py:545} INFO - Filling up the DagBag from /home/airflow/.local/lib/python3.12/site-packages/airflow/example_dags/example_skip_dag.py
[2024-07-09T02:25:45.859+0000] {processor.py:840} INFO - DAG(s) 'example_skip_dag' retrieved from /home/airflow/.local/lib/python3.12/site-packages/airflow/example_dags/example_skip_dag.py
[2024-07-09T02:25:45.950+0000] {logging_mixin.py:188} INFO - [2024-07-09T02:25:45.949+0000] {dag.py:3096} INFO - Sync 1 DAGs
[2024-07-09T02:25:46.079+0000] {logging_mixin.py:188} INFO - [2024-07-09T02:25:46.079+0000] {dag.py:3954} INFO - Setting next_dagrun for example_skip_dag to 2024-07-08 00:00:00+00:00, run_after=2024-07-09 00:00:00+00:00
[2024-07-09T02:25:46.190+0000] {processor.py:183} INFO - Processing /home/airflow/.local/lib/python3.12/site-packages/airflow/example_dags/example_skip_dag.py took 0.403 seconds
[2024-07-09T02:26:16.429+0000] {processor.py:161} INFO - Started process (PID=1158) to work on /home/airflow/.local/lib/python3.12/site-packages/airflow/example_dags/example_skip_dag.py
[2024-07-09T02:26:16.431+0000] {processor.py:830} INFO - Processing file /home/airflow/.local/lib/python3.12/site-packages/airflow/example_dags/example_skip_dag.py for tasks to queue
[2024-07-09T02:26:16.434+0000] {logging_mixin.py:188} INFO - [2024-07-09T02:26:16.434+0000] {dagbag.py:545} INFO - Filling up the DagBag from /home/airflow/.local/lib/python3.12/site-packages/airflow/example_dags/example_skip_dag.py
[2024-07-09T02:26:16.446+0000] {processor.py:840} INFO - DAG(s) 'example_skip_dag' retrieved from /home/airflow/.local/lib/python3.12/site-packages/airflow/example_dags/example_skip_dag.py
[2024-07-09T02:26:16.480+0000] {logging_mixin.py:188} INFO - [2024-07-09T02:26:16.479+0000] {dag.py:3096} INFO - Sync 1 DAGs
[2024-07-09T02:26:16.532+0000] {logging_mixin.py:188} INFO - [2024-07-09T02:26:16.532+0000] {dag.py:3954} INFO - Setting next_dagrun for example_skip_dag to 2024-07-08 00:00:00+00:00, run_after=2024-07-09 00:00:00+00:00
[2024-07-09T02:26:16.564+0000] {processor.py:183} INFO - Processing /home/airflow/.local/lib/python3.12/site-packages/airflow/example_dags/example_skip_dag.py took 0.146 seconds
[2024-07-09T02:26:47.394+0000] {processor.py:161} INFO - Started process (PID=1218) to work on /home/airflow/.local/lib/python3.12/site-packages/airflow/example_dags/example_skip_dag.py
[2024-07-09T02:26:47.396+0000] {processor.py:830} INFO - Processing file /home/airflow/.local/lib/python3.12/site-packages/airflow/example_dags/example_skip_dag.py for tasks to queue
[2024-07-09T02:26:47.400+0000] {logging_mixin.py:188} INFO - [2024-07-09T02:26:47.399+0000] {dagbag.py:545} INFO - Filling up the DagBag from /home/airflow/.local/lib/python3.12/site-packages/airflow/example_dags/example_skip_dag.py
[2024-07-09T02:26:47.411+0000] {processor.py:840} INFO - DAG(s) 'example_skip_dag' retrieved from /home/airflow/.local/lib/python3.12/site-packages/airflow/example_dags/example_skip_dag.py
[2024-07-09T02:26:47.447+0000] {logging_mixin.py:188} INFO - [2024-07-09T02:26:47.447+0000] {dag.py:3096} INFO - Sync 1 DAGs
[2024-07-09T02:26:47.494+0000] {logging_mixin.py:188} INFO - [2024-07-09T02:26:47.493+0000] {dag.py:3954} INFO - Setting next_dagrun for example_skip_dag to 2024-07-08 00:00:00+00:00, run_after=2024-07-09 00:00:00+00:00
[2024-07-09T02:26:47.532+0000] {processor.py:183} INFO - Processing /home/airflow/.local/lib/python3.12/site-packages/airflow/example_dags/example_skip_dag.py took 0.147 seconds
[2024-07-09T02:27:17.666+0000] {processor.py:161} INFO - Started process (PID=1282) to work on /home/airflow/.local/lib/python3.12/site-packages/airflow/example_dags/example_skip_dag.py
[2024-07-09T02:27:17.668+0000] {processor.py:830} INFO - Processing file /home/airflow/.local/lib/python3.12/site-packages/airflow/example_dags/example_skip_dag.py for tasks to queue
[2024-07-09T02:27:17.671+0000] {logging_mixin.py:188} INFO - [2024-07-09T02:27:17.671+0000] {dagbag.py:545} INFO - Filling up the DagBag from /home/airflow/.local/lib/python3.12/site-packages/airflow/example_dags/example_skip_dag.py
[2024-07-09T02:27:17.682+0000] {processor.py:840} INFO - DAG(s) 'example_skip_dag' retrieved from /home/airflow/.local/lib/python3.12/site-packages/airflow/example_dags/example_skip_dag.py
[2024-07-09T02:27:17.727+0000] {logging_mixin.py:188} INFO - [2024-07-09T02:27:17.726+0000] {dag.py:3096} INFO - Sync 1 DAGs
[2024-07-09T02:27:17.775+0000] {logging_mixin.py:188} INFO - [2024-07-09T02:27:17.775+0000] {dag.py:3954} INFO - Setting next_dagrun for example_skip_dag to 2024-07-08 00:00:00+00:00, run_after=2024-07-09 00:00:00+00:00
[2024-07-09T02:27:17.828+0000] {processor.py:183} INFO - Processing /home/airflow/.local/lib/python3.12/site-packages/airflow/example_dags/example_skip_dag.py took 0.173 seconds
[2024-07-09T02:27:48.083+0000] {processor.py:161} INFO - Started process (PID=1342) to work on /home/airflow/.local/lib/python3.12/site-packages/airflow/example_dags/example_skip_dag.py
[2024-07-09T02:27:48.096+0000] {processor.py:830} INFO - Processing file /home/airflow/.local/lib/python3.12/site-packages/airflow/example_dags/example_skip_dag.py for tasks to queue
[2024-07-09T02:27:48.100+0000] {logging_mixin.py:188} INFO - [2024-07-09T02:27:48.100+0000] {dagbag.py:545} INFO - Filling up the DagBag from /home/airflow/.local/lib/python3.12/site-packages/airflow/example_dags/example_skip_dag.py
[2024-07-09T02:27:48.123+0000] {processor.py:840} INFO - DAG(s) 'example_skip_dag' retrieved from /home/airflow/.local/lib/python3.12/site-packages/airflow/example_dags/example_skip_dag.py
[2024-07-09T02:27:48.176+0000] {logging_mixin.py:188} INFO - [2024-07-09T02:27:48.175+0000] {dag.py:3096} INFO - Sync 1 DAGs
[2024-07-09T02:27:48.246+0000] {logging_mixin.py:188} INFO - [2024-07-09T02:27:48.246+0000] {dag.py:3954} INFO - Setting next_dagrun for example_skip_dag to 2024-07-08 00:00:00+00:00, run_after=2024-07-09 00:00:00+00:00
[2024-07-09T02:27:48.290+0000] {processor.py:183} INFO - Processing /home/airflow/.local/lib/python3.12/site-packages/airflow/example_dags/example_skip_dag.py took 0.243 seconds
[2024-07-09T02:28:18.549+0000] {processor.py:161} INFO - Started process (PID=1402) to work on /home/airflow/.local/lib/python3.12/site-packages/airflow/example_dags/example_skip_dag.py
[2024-07-09T02:28:18.551+0000] {processor.py:830} INFO - Processing file /home/airflow/.local/lib/python3.12/site-packages/airflow/example_dags/example_skip_dag.py for tasks to queue
[2024-07-09T02:28:18.554+0000] {logging_mixin.py:188} INFO - [2024-07-09T02:28:18.553+0000] {dagbag.py:545} INFO - Filling up the DagBag from /home/airflow/.local/lib/python3.12/site-packages/airflow/example_dags/example_skip_dag.py
[2024-07-09T02:28:18.567+0000] {processor.py:840} INFO - DAG(s) 'example_skip_dag' retrieved from /home/airflow/.local/lib/python3.12/site-packages/airflow/example_dags/example_skip_dag.py
[2024-07-09T02:28:18.606+0000] {logging_mixin.py:188} INFO - [2024-07-09T02:28:18.606+0000] {dag.py:3096} INFO - Sync 1 DAGs
[2024-07-09T02:28:18.650+0000] {logging_mixin.py:188} INFO - [2024-07-09T02:28:18.649+0000] {dag.py:3954} INFO - Setting next_dagrun for example_skip_dag to 2024-07-08 00:00:00+00:00, run_after=2024-07-09 00:00:00+00:00
[2024-07-09T02:28:18.703+0000] {processor.py:183} INFO - Processing /home/airflow/.local/lib/python3.12/site-packages/airflow/example_dags/example_skip_dag.py took 0.168 seconds
[2024-07-09T02:28:49.114+0000] {processor.py:161} INFO - Started process (PID=1461) to work on /home/airflow/.local/lib/python3.12/site-packages/airflow/example_dags/example_skip_dag.py
[2024-07-09T02:28:49.118+0000] {processor.py:830} INFO - Processing file /home/airflow/.local/lib/python3.12/site-packages/airflow/example_dags/example_skip_dag.py for tasks to queue
[2024-07-09T02:28:49.136+0000] {logging_mixin.py:188} INFO - [2024-07-09T02:28:49.135+0000] {dagbag.py:545} INFO - Filling up the DagBag from /home/airflow/.local/lib/python3.12/site-packages/airflow/example_dags/example_skip_dag.py
[2024-07-09T02:28:49.166+0000] {processor.py:840} INFO - DAG(s) 'example_skip_dag' retrieved from /home/airflow/.local/lib/python3.12/site-packages/airflow/example_dags/example_skip_dag.py
[2024-07-09T02:28:49.304+0000] {logging_mixin.py:188} INFO - [2024-07-09T02:28:49.304+0000] {dag.py:3096} INFO - Sync 1 DAGs
[2024-07-09T02:28:49.429+0000] {logging_mixin.py:188} INFO - [2024-07-09T02:28:49.428+0000] {dag.py:3954} INFO - Setting next_dagrun for example_skip_dag to 2024-07-08 00:00:00+00:00, run_after=2024-07-09 00:00:00+00:00
[2024-07-09T02:28:49.558+0000] {processor.py:183} INFO - Processing /home/airflow/.local/lib/python3.12/site-packages/airflow/example_dags/example_skip_dag.py took 0.468 seconds
[2024-07-09T02:29:21.606+0000] {processor.py:161} INFO - Started process (PID=1519) to work on /home/airflow/.local/lib/python3.12/site-packages/airflow/example_dags/example_skip_dag.py
[2024-07-09T02:29:21.621+0000] {processor.py:830} INFO - Processing file /home/airflow/.local/lib/python3.12/site-packages/airflow/example_dags/example_skip_dag.py for tasks to queue
[2024-07-09T02:29:21.639+0000] {logging_mixin.py:188} INFO - [2024-07-09T02:29:21.638+0000] {dagbag.py:545} INFO - Filling up the DagBag from /home/airflow/.local/lib/python3.12/site-packages/airflow/example_dags/example_skip_dag.py
[2024-07-09T02:29:21.687+0000] {processor.py:840} INFO - DAG(s) 'example_skip_dag' retrieved from /home/airflow/.local/lib/python3.12/site-packages/airflow/example_dags/example_skip_dag.py
[2024-07-09T02:29:21.824+0000] {logging_mixin.py:188} INFO - [2024-07-09T02:29:21.823+0000] {dag.py:3096} INFO - Sync 1 DAGs
[2024-07-09T02:29:22.084+0000] {logging_mixin.py:188} INFO - [2024-07-09T02:29:22.083+0000] {dag.py:3954} INFO - Setting next_dagrun for example_skip_dag to 2024-07-08 00:00:00+00:00, run_after=2024-07-09 00:00:00+00:00
[2024-07-09T02:29:22.199+0000] {processor.py:183} INFO - Processing /home/airflow/.local/lib/python3.12/site-packages/airflow/example_dags/example_skip_dag.py took 0.624 seconds
[2024-07-09T02:29:52.576+0000] {processor.py:161} INFO - Started process (PID=1578) to work on /home/airflow/.local/lib/python3.12/site-packages/airflow/example_dags/example_skip_dag.py
[2024-07-09T02:29:52.580+0000] {processor.py:830} INFO - Processing file /home/airflow/.local/lib/python3.12/site-packages/airflow/example_dags/example_skip_dag.py for tasks to queue
[2024-07-09T02:29:52.585+0000] {logging_mixin.py:188} INFO - [2024-07-09T02:29:52.584+0000] {dagbag.py:545} INFO - Filling up the DagBag from /home/airflow/.local/lib/python3.12/site-packages/airflow/example_dags/example_skip_dag.py
[2024-07-09T02:29:52.614+0000] {processor.py:840} INFO - DAG(s) 'example_skip_dag' retrieved from /home/airflow/.local/lib/python3.12/site-packages/airflow/example_dags/example_skip_dag.py
[2024-07-09T02:29:52.671+0000] {logging_mixin.py:188} INFO - [2024-07-09T02:29:52.670+0000] {dag.py:3096} INFO - Sync 1 DAGs
[2024-07-09T02:29:52.732+0000] {logging_mixin.py:188} INFO - [2024-07-09T02:29:52.731+0000] {dag.py:3954} INFO - Setting next_dagrun for example_skip_dag to 2024-07-08 00:00:00+00:00, run_after=2024-07-09 00:00:00+00:00
[2024-07-09T02:29:52.790+0000] {processor.py:183} INFO - Processing /home/airflow/.local/lib/python3.12/site-packages/airflow/example_dags/example_skip_dag.py took 0.237 seconds
[2024-07-09T02:30:23.592+0000] {processor.py:161} INFO - Started process (PID=1636) to work on /home/airflow/.local/lib/python3.12/site-packages/airflow/example_dags/example_skip_dag.py
[2024-07-09T02:30:23.594+0000] {processor.py:830} INFO - Processing file /home/airflow/.local/lib/python3.12/site-packages/airflow/example_dags/example_skip_dag.py for tasks to queue
[2024-07-09T02:30:23.598+0000] {logging_mixin.py:188} INFO - [2024-07-09T02:30:23.597+0000] {dagbag.py:545} INFO - Filling up the DagBag from /home/airflow/.local/lib/python3.12/site-packages/airflow/example_dags/example_skip_dag.py
[2024-07-09T02:30:23.608+0000] {processor.py:840} INFO - DAG(s) 'example_skip_dag' retrieved from /home/airflow/.local/lib/python3.12/site-packages/airflow/example_dags/example_skip_dag.py
[2024-07-09T02:30:23.660+0000] {logging_mixin.py:188} INFO - [2024-07-09T02:30:23.660+0000] {dag.py:3096} INFO - Sync 1 DAGs
[2024-07-09T02:30:23.736+0000] {logging_mixin.py:188} INFO - [2024-07-09T02:30:23.735+0000] {dag.py:3954} INFO - Setting next_dagrun for example_skip_dag to 2024-07-08 00:00:00+00:00, run_after=2024-07-09 00:00:00+00:00
[2024-07-09T02:30:23.790+0000] {processor.py:183} INFO - Processing /home/airflow/.local/lib/python3.12/site-packages/airflow/example_dags/example_skip_dag.py took 0.207 seconds
[2024-07-09T02:30:54.067+0000] {processor.py:161} INFO - Started process (PID=1696) to work on /home/airflow/.local/lib/python3.12/site-packages/airflow/example_dags/example_skip_dag.py
[2024-07-09T02:30:54.068+0000] {processor.py:830} INFO - Processing file /home/airflow/.local/lib/python3.12/site-packages/airflow/example_dags/example_skip_dag.py for tasks to queue
[2024-07-09T02:30:54.072+0000] {logging_mixin.py:188} INFO - [2024-07-09T02:30:54.071+0000] {dagbag.py:545} INFO - Filling up the DagBag from /home/airflow/.local/lib/python3.12/site-packages/airflow/example_dags/example_skip_dag.py
[2024-07-09T02:30:54.084+0000] {processor.py:840} INFO - DAG(s) 'example_skip_dag' retrieved from /home/airflow/.local/lib/python3.12/site-packages/airflow/example_dags/example_skip_dag.py
[2024-07-09T02:30:54.118+0000] {logging_mixin.py:188} INFO - [2024-07-09T02:30:54.117+0000] {dag.py:3096} INFO - Sync 1 DAGs
[2024-07-09T02:30:54.157+0000] {logging_mixin.py:188} INFO - [2024-07-09T02:30:54.157+0000] {dag.py:3954} INFO - Setting next_dagrun for example_skip_dag to 2024-07-08 00:00:00+00:00, run_after=2024-07-09 00:00:00+00:00
[2024-07-09T02:30:54.189+0000] {processor.py:183} INFO - Processing /home/airflow/.local/lib/python3.12/site-packages/airflow/example_dags/example_skip_dag.py took 0.132 seconds
[2024-07-09T02:31:24.614+0000] {processor.py:161} INFO - Started process (PID=1756) to work on /home/airflow/.local/lib/python3.12/site-packages/airflow/example_dags/example_skip_dag.py
[2024-07-09T02:31:24.615+0000] {processor.py:830} INFO - Processing file /home/airflow/.local/lib/python3.12/site-packages/airflow/example_dags/example_skip_dag.py for tasks to queue
[2024-07-09T02:31:24.617+0000] {logging_mixin.py:188} INFO - [2024-07-09T02:31:24.617+0000] {dagbag.py:545} INFO - Filling up the DagBag from /home/airflow/.local/lib/python3.12/site-packages/airflow/example_dags/example_skip_dag.py
[2024-07-09T02:31:24.625+0000] {processor.py:840} INFO - DAG(s) 'example_skip_dag' retrieved from /home/airflow/.local/lib/python3.12/site-packages/airflow/example_dags/example_skip_dag.py
[2024-07-09T02:31:24.653+0000] {logging_mixin.py:188} INFO - [2024-07-09T02:31:24.652+0000] {dag.py:3096} INFO - Sync 1 DAGs
[2024-07-09T02:31:24.681+0000] {logging_mixin.py:188} INFO - [2024-07-09T02:31:24.681+0000] {dag.py:3954} INFO - Setting next_dagrun for example_skip_dag to 2024-07-08 00:00:00+00:00, run_after=2024-07-09 00:00:00+00:00
[2024-07-09T02:31:24.707+0000] {processor.py:183} INFO - Processing /home/airflow/.local/lib/python3.12/site-packages/airflow/example_dags/example_skip_dag.py took 0.101 seconds
[2024-07-09T02:31:55.105+0000] {processor.py:161} INFO - Started process (PID=1816) to work on /home/airflow/.local/lib/python3.12/site-packages/airflow/example_dags/example_skip_dag.py
[2024-07-09T02:31:55.106+0000] {processor.py:830} INFO - Processing file /home/airflow/.local/lib/python3.12/site-packages/airflow/example_dags/example_skip_dag.py for tasks to queue
[2024-07-09T02:31:55.108+0000] {logging_mixin.py:188} INFO - [2024-07-09T02:31:55.108+0000] {dagbag.py:545} INFO - Filling up the DagBag from /home/airflow/.local/lib/python3.12/site-packages/airflow/example_dags/example_skip_dag.py
[2024-07-09T02:31:55.117+0000] {processor.py:840} INFO - DAG(s) 'example_skip_dag' retrieved from /home/airflow/.local/lib/python3.12/site-packages/airflow/example_dags/example_skip_dag.py
[2024-07-09T02:31:55.141+0000] {logging_mixin.py:188} INFO - [2024-07-09T02:31:55.141+0000] {dag.py:3096} INFO - Sync 1 DAGs
[2024-07-09T02:31:55.165+0000] {logging_mixin.py:188} INFO - [2024-07-09T02:31:55.165+0000] {dag.py:3954} INFO - Setting next_dagrun for example_skip_dag to 2024-07-08 00:00:00+00:00, run_after=2024-07-09 00:00:00+00:00
[2024-07-09T02:31:55.233+0000] {processor.py:183} INFO - Processing /home/airflow/.local/lib/python3.12/site-packages/airflow/example_dags/example_skip_dag.py took 0.137 seconds
[2024-07-09T02:32:25.481+0000] {processor.py:161} INFO - Started process (PID=1876) to work on /home/airflow/.local/lib/python3.12/site-packages/airflow/example_dags/example_skip_dag.py
[2024-07-09T02:32:25.482+0000] {processor.py:830} INFO - Processing file /home/airflow/.local/lib/python3.12/site-packages/airflow/example_dags/example_skip_dag.py for tasks to queue
[2024-07-09T02:32:25.484+0000] {logging_mixin.py:188} INFO - [2024-07-09T02:32:25.484+0000] {dagbag.py:545} INFO - Filling up the DagBag from /home/airflow/.local/lib/python3.12/site-packages/airflow/example_dags/example_skip_dag.py
[2024-07-09T02:32:25.491+0000] {processor.py:840} INFO - DAG(s) 'example_skip_dag' retrieved from /home/airflow/.local/lib/python3.12/site-packages/airflow/example_dags/example_skip_dag.py
[2024-07-09T02:32:25.513+0000] {logging_mixin.py:188} INFO - [2024-07-09T02:32:25.513+0000] {dag.py:3096} INFO - Sync 1 DAGs
[2024-07-09T02:32:25.537+0000] {logging_mixin.py:188} INFO - [2024-07-09T02:32:25.537+0000] {dag.py:3954} INFO - Setting next_dagrun for example_skip_dag to 2024-07-08 00:00:00+00:00, run_after=2024-07-09 00:00:00+00:00
[2024-07-09T02:32:25.584+0000] {processor.py:183} INFO - Processing /home/airflow/.local/lib/python3.12/site-packages/airflow/example_dags/example_skip_dag.py took 0.112 seconds
[2024-07-09T02:32:55.678+0000] {processor.py:161} INFO - Started process (PID=1936) to work on /home/airflow/.local/lib/python3.12/site-packages/airflow/example_dags/example_skip_dag.py
[2024-07-09T02:32:55.680+0000] {processor.py:830} INFO - Processing file /home/airflow/.local/lib/python3.12/site-packages/airflow/example_dags/example_skip_dag.py for tasks to queue
[2024-07-09T02:32:55.682+0000] {logging_mixin.py:188} INFO - [2024-07-09T02:32:55.682+0000] {dagbag.py:545} INFO - Filling up the DagBag from /home/airflow/.local/lib/python3.12/site-packages/airflow/example_dags/example_skip_dag.py
[2024-07-09T02:32:55.692+0000] {processor.py:840} INFO - DAG(s) 'example_skip_dag' retrieved from /home/airflow/.local/lib/python3.12/site-packages/airflow/example_dags/example_skip_dag.py
[2024-07-09T02:32:55.722+0000] {logging_mixin.py:188} INFO - [2024-07-09T02:32:55.722+0000] {dag.py:3096} INFO - Sync 1 DAGs
[2024-07-09T02:32:55.909+0000] {logging_mixin.py:188} INFO - [2024-07-09T02:32:55.908+0000] {dag.py:3954} INFO - Setting next_dagrun for example_skip_dag to 2024-07-08 00:00:00+00:00, run_after=2024-07-09 00:00:00+00:00
[2024-07-09T02:32:55.931+0000] {processor.py:183} INFO - Processing /home/airflow/.local/lib/python3.12/site-packages/airflow/example_dags/example_skip_dag.py took 0.259 seconds
[2024-07-09T02:33:26.886+0000] {processor.py:161} INFO - Started process (PID=1997) to work on /home/airflow/.local/lib/python3.12/site-packages/airflow/example_dags/example_skip_dag.py
[2024-07-09T02:33:26.888+0000] {processor.py:830} INFO - Processing file /home/airflow/.local/lib/python3.12/site-packages/airflow/example_dags/example_skip_dag.py for tasks to queue
[2024-07-09T02:33:26.892+0000] {logging_mixin.py:188} INFO - [2024-07-09T02:33:26.891+0000] {dagbag.py:545} INFO - Filling up the DagBag from /home/airflow/.local/lib/python3.12/site-packages/airflow/example_dags/example_skip_dag.py
[2024-07-09T02:33:26.906+0000] {processor.py:840} INFO - DAG(s) 'example_skip_dag' retrieved from /home/airflow/.local/lib/python3.12/site-packages/airflow/example_dags/example_skip_dag.py
[2024-07-09T02:33:26.944+0000] {logging_mixin.py:188} INFO - [2024-07-09T02:33:26.943+0000] {dag.py:3096} INFO - Sync 1 DAGs
[2024-07-09T02:33:26.985+0000] {logging_mixin.py:188} INFO - [2024-07-09T02:33:26.984+0000] {dag.py:3954} INFO - Setting next_dagrun for example_skip_dag to 2024-07-08 00:00:00+00:00, run_after=2024-07-09 00:00:00+00:00
[2024-07-09T02:33:27.038+0000] {processor.py:183} INFO - Processing /home/airflow/.local/lib/python3.12/site-packages/airflow/example_dags/example_skip_dag.py took 0.162 seconds
[2024-07-09T02:33:57.509+0000] {processor.py:161} INFO - Started process (PID=2057) to work on /home/airflow/.local/lib/python3.12/site-packages/airflow/example_dags/example_skip_dag.py
[2024-07-09T02:33:57.511+0000] {processor.py:830} INFO - Processing file /home/airflow/.local/lib/python3.12/site-packages/airflow/example_dags/example_skip_dag.py for tasks to queue
[2024-07-09T02:33:57.516+0000] {logging_mixin.py:188} INFO - [2024-07-09T02:33:57.515+0000] {dagbag.py:545} INFO - Filling up the DagBag from /home/airflow/.local/lib/python3.12/site-packages/airflow/example_dags/example_skip_dag.py
[2024-07-09T02:33:57.529+0000] {processor.py:840} INFO - DAG(s) 'example_skip_dag' retrieved from /home/airflow/.local/lib/python3.12/site-packages/airflow/example_dags/example_skip_dag.py
[2024-07-09T02:33:57.581+0000] {logging_mixin.py:188} INFO - [2024-07-09T02:33:57.581+0000] {dag.py:3096} INFO - Sync 1 DAGs
[2024-07-09T02:33:57.621+0000] {logging_mixin.py:188} INFO - [2024-07-09T02:33:57.620+0000] {dag.py:3954} INFO - Setting next_dagrun for example_skip_dag to 2024-07-08 00:00:00+00:00, run_after=2024-07-09 00:00:00+00:00
[2024-07-09T02:33:57.669+0000] {processor.py:183} INFO - Processing /home/airflow/.local/lib/python3.12/site-packages/airflow/example_dags/example_skip_dag.py took 0.172 seconds
