[2024-07-09T01:48:52.383+0000] {processor.py:161} INFO - Started process (PID=77) to work on /home/airflow/.local/lib/python3.12/site-packages/airflow/example_dags/example_setup_teardown.py
[2024-07-09T01:48:52.384+0000] {processor.py:830} INFO - Processing file /home/airflow/.local/lib/python3.12/site-packages/airflow/example_dags/example_setup_teardown.py for tasks to queue
[2024-07-09T01:48:52.387+0000] {logging_mixin.py:188} INFO - [2024-07-09T01:48:52.386+0000] {dagbag.py:545} INFO - Filling up the DagBag from /home/airflow/.local/lib/python3.12/site-packages/airflow/example_dags/example_setup_teardown.py
[2024-07-09T01:48:52.398+0000] {processor.py:840} INFO - DAG(s) 'example_setup_teardown' retrieved from /home/airflow/.local/lib/python3.12/site-packages/airflow/example_dags/example_setup_teardown.py
[2024-07-09T01:48:52.562+0000] {logging_mixin.py:188} INFO - [2024-07-09T01:48:52.561+0000] {override.py:1829} INFO - Created Permission View: can edit on DAG:example_setup_teardown
[2024-07-09T01:48:52.582+0000] {logging_mixin.py:188} INFO - [2024-07-09T01:48:52.582+0000] {override.py:1829} INFO - Created Permission View: can read on DAG:example_setup_teardown
[2024-07-09T01:48:52.595+0000] {logging_mixin.py:188} INFO - [2024-07-09T01:48:52.595+0000] {override.py:1829} INFO - Created Permission View: can delete on DAG:example_setup_teardown
[2024-07-09T01:48:52.596+0000] {logging_mixin.py:188} INFO - [2024-07-09T01:48:52.596+0000] {dag.py:3096} INFO - Sync 1 DAGs
[2024-07-09T01:48:52.615+0000] {logging_mixin.py:188} INFO - [2024-07-09T01:48:52.615+0000] {dag.py:3118} INFO - Creating ORM DAG for example_setup_teardown
[2024-07-09T01:48:52.633+0000] {logging_mixin.py:188} INFO - [2024-07-09T01:48:52.632+0000] {dag.py:3954} INFO - Setting next_dagrun for example_setup_teardown to 2024-07-08 00:00:00+00:00, run_after=2024-07-09 00:00:00+00:00
[2024-07-09T01:48:52.661+0000] {processor.py:183} INFO - Processing /home/airflow/.local/lib/python3.12/site-packages/airflow/example_dags/example_setup_teardown.py took 0.289 seconds
[2024-07-09T01:49:23.220+0000] {processor.py:161} INFO - Started process (PID=137) to work on /home/airflow/.local/lib/python3.12/site-packages/airflow/example_dags/example_setup_teardown.py
[2024-07-09T01:49:23.221+0000] {processor.py:830} INFO - Processing file /home/airflow/.local/lib/python3.12/site-packages/airflow/example_dags/example_setup_teardown.py for tasks to queue
[2024-07-09T01:49:23.223+0000] {logging_mixin.py:188} INFO - [2024-07-09T01:49:23.223+0000] {dagbag.py:545} INFO - Filling up the DagBag from /home/airflow/.local/lib/python3.12/site-packages/airflow/example_dags/example_setup_teardown.py
[2024-07-09T01:49:23.232+0000] {processor.py:840} INFO - DAG(s) 'example_setup_teardown' retrieved from /home/airflow/.local/lib/python3.12/site-packages/airflow/example_dags/example_setup_teardown.py
[2024-07-09T01:49:23.258+0000] {logging_mixin.py:188} INFO - [2024-07-09T01:49:23.258+0000] {dag.py:3096} INFO - Sync 1 DAGs
[2024-07-09T01:49:23.309+0000] {logging_mixin.py:188} INFO - [2024-07-09T01:49:23.309+0000] {dag.py:3954} INFO - Setting next_dagrun for example_setup_teardown to 2024-07-08 00:00:00+00:00, run_after=2024-07-09 00:00:00+00:00
[2024-07-09T01:49:23.334+0000] {processor.py:183} INFO - Processing /home/airflow/.local/lib/python3.12/site-packages/airflow/example_dags/example_setup_teardown.py took 0.120 seconds
[2024-07-09T01:49:53.585+0000] {processor.py:161} INFO - Started process (PID=197) to work on /home/airflow/.local/lib/python3.12/site-packages/airflow/example_dags/example_setup_teardown.py
[2024-07-09T01:49:53.586+0000] {processor.py:830} INFO - Processing file /home/airflow/.local/lib/python3.12/site-packages/airflow/example_dags/example_setup_teardown.py for tasks to queue
[2024-07-09T01:49:53.589+0000] {logging_mixin.py:188} INFO - [2024-07-09T01:49:53.588+0000] {dagbag.py:545} INFO - Filling up the DagBag from /home/airflow/.local/lib/python3.12/site-packages/airflow/example_dags/example_setup_teardown.py
[2024-07-09T01:49:53.597+0000] {processor.py:840} INFO - DAG(s) 'example_setup_teardown' retrieved from /home/airflow/.local/lib/python3.12/site-packages/airflow/example_dags/example_setup_teardown.py
[2024-07-09T01:49:53.619+0000] {logging_mixin.py:188} INFO - [2024-07-09T01:49:53.619+0000] {dag.py:3096} INFO - Sync 1 DAGs
[2024-07-09T01:49:53.659+0000] {logging_mixin.py:188} INFO - [2024-07-09T01:49:53.659+0000] {dag.py:3954} INFO - Setting next_dagrun for example_setup_teardown to 2024-07-08 00:00:00+00:00, run_after=2024-07-09 00:00:00+00:00
[2024-07-09T01:49:53.689+0000] {processor.py:183} INFO - Processing /home/airflow/.local/lib/python3.12/site-packages/airflow/example_dags/example_setup_teardown.py took 0.111 seconds
[2024-07-09T01:50:24.512+0000] {processor.py:161} INFO - Started process (PID=257) to work on /home/airflow/.local/lib/python3.12/site-packages/airflow/example_dags/example_setup_teardown.py
[2024-07-09T01:50:24.514+0000] {processor.py:830} INFO - Processing file /home/airflow/.local/lib/python3.12/site-packages/airflow/example_dags/example_setup_teardown.py for tasks to queue
[2024-07-09T01:50:24.516+0000] {logging_mixin.py:188} INFO - [2024-07-09T01:50:24.516+0000] {dagbag.py:545} INFO - Filling up the DagBag from /home/airflow/.local/lib/python3.12/site-packages/airflow/example_dags/example_setup_teardown.py
[2024-07-09T01:50:24.523+0000] {processor.py:840} INFO - DAG(s) 'example_setup_teardown' retrieved from /home/airflow/.local/lib/python3.12/site-packages/airflow/example_dags/example_setup_teardown.py
[2024-07-09T01:50:24.549+0000] {logging_mixin.py:188} INFO - [2024-07-09T01:50:24.548+0000] {dag.py:3096} INFO - Sync 1 DAGs
[2024-07-09T01:50:24.577+0000] {logging_mixin.py:188} INFO - [2024-07-09T01:50:24.577+0000] {dag.py:3954} INFO - Setting next_dagrun for example_setup_teardown to 2024-07-08 00:00:00+00:00, run_after=2024-07-09 00:00:00+00:00
[2024-07-09T01:50:24.602+0000] {processor.py:183} INFO - Processing /home/airflow/.local/lib/python3.12/site-packages/airflow/example_dags/example_setup_teardown.py took 0.096 seconds
[2024-07-09T01:50:54.854+0000] {processor.py:161} INFO - Started process (PID=317) to work on /home/airflow/.local/lib/python3.12/site-packages/airflow/example_dags/example_setup_teardown.py
[2024-07-09T01:50:54.855+0000] {processor.py:830} INFO - Processing file /home/airflow/.local/lib/python3.12/site-packages/airflow/example_dags/example_setup_teardown.py for tasks to queue
[2024-07-09T01:50:54.857+0000] {logging_mixin.py:188} INFO - [2024-07-09T01:50:54.857+0000] {dagbag.py:545} INFO - Filling up the DagBag from /home/airflow/.local/lib/python3.12/site-packages/airflow/example_dags/example_setup_teardown.py
[2024-07-09T01:50:54.865+0000] {processor.py:840} INFO - DAG(s) 'example_setup_teardown' retrieved from /home/airflow/.local/lib/python3.12/site-packages/airflow/example_dags/example_setup_teardown.py
[2024-07-09T01:50:54.891+0000] {logging_mixin.py:188} INFO - [2024-07-09T01:50:54.891+0000] {dag.py:3096} INFO - Sync 1 DAGs
[2024-07-09T01:50:54.919+0000] {logging_mixin.py:188} INFO - [2024-07-09T01:50:54.919+0000] {dag.py:3954} INFO - Setting next_dagrun for example_setup_teardown to 2024-07-08 00:00:00+00:00, run_after=2024-07-09 00:00:00+00:00
[2024-07-09T01:50:54.951+0000] {processor.py:183} INFO - Processing /home/airflow/.local/lib/python3.12/site-packages/airflow/example_dags/example_setup_teardown.py took 0.104 seconds
[2024-07-09T01:51:25.574+0000] {processor.py:161} INFO - Started process (PID=377) to work on /home/airflow/.local/lib/python3.12/site-packages/airflow/example_dags/example_setup_teardown.py
[2024-07-09T01:51:25.576+0000] {processor.py:830} INFO - Processing file /home/airflow/.local/lib/python3.12/site-packages/airflow/example_dags/example_setup_teardown.py for tasks to queue
[2024-07-09T01:51:25.579+0000] {logging_mixin.py:188} INFO - [2024-07-09T01:51:25.578+0000] {dagbag.py:545} INFO - Filling up the DagBag from /home/airflow/.local/lib/python3.12/site-packages/airflow/example_dags/example_setup_teardown.py
[2024-07-09T01:51:25.590+0000] {processor.py:840} INFO - DAG(s) 'example_setup_teardown' retrieved from /home/airflow/.local/lib/python3.12/site-packages/airflow/example_dags/example_setup_teardown.py
[2024-07-09T01:51:25.625+0000] {logging_mixin.py:188} INFO - [2024-07-09T01:51:25.625+0000] {dag.py:3096} INFO - Sync 1 DAGs
[2024-07-09T01:51:25.683+0000] {logging_mixin.py:188} INFO - [2024-07-09T01:51:25.682+0000] {dag.py:3954} INFO - Setting next_dagrun for example_setup_teardown to 2024-07-08 00:00:00+00:00, run_after=2024-07-09 00:00:00+00:00
[2024-07-09T01:51:25.720+0000] {processor.py:183} INFO - Processing /home/airflow/.local/lib/python3.12/site-packages/airflow/example_dags/example_setup_teardown.py took 0.157 seconds
[2024-07-09T01:51:55.859+0000] {processor.py:161} INFO - Started process (PID=437) to work on /home/airflow/.local/lib/python3.12/site-packages/airflow/example_dags/example_setup_teardown.py
[2024-07-09T01:51:55.860+0000] {processor.py:830} INFO - Processing file /home/airflow/.local/lib/python3.12/site-packages/airflow/example_dags/example_setup_teardown.py for tasks to queue
[2024-07-09T01:51:55.864+0000] {logging_mixin.py:188} INFO - [2024-07-09T01:51:55.863+0000] {dagbag.py:545} INFO - Filling up the DagBag from /home/airflow/.local/lib/python3.12/site-packages/airflow/example_dags/example_setup_teardown.py
[2024-07-09T01:51:55.875+0000] {processor.py:840} INFO - DAG(s) 'example_setup_teardown' retrieved from /home/airflow/.local/lib/python3.12/site-packages/airflow/example_dags/example_setup_teardown.py
[2024-07-09T01:51:55.908+0000] {logging_mixin.py:188} INFO - [2024-07-09T01:51:55.907+0000] {dag.py:3096} INFO - Sync 1 DAGs
[2024-07-09T01:51:55.942+0000] {logging_mixin.py:188} INFO - [2024-07-09T01:51:55.942+0000] {dag.py:3954} INFO - Setting next_dagrun for example_setup_teardown to 2024-07-08 00:00:00+00:00, run_after=2024-07-09 00:00:00+00:00
[2024-07-09T01:51:55.972+0000] {processor.py:183} INFO - Processing /home/airflow/.local/lib/python3.12/site-packages/airflow/example_dags/example_setup_teardown.py took 0.122 seconds
[2024-07-09T01:52:27.714+0000] {processor.py:161} INFO - Started process (PID=497) to work on /home/airflow/.local/lib/python3.12/site-packages/airflow/example_dags/example_setup_teardown.py
[2024-07-09T01:52:27.715+0000] {processor.py:830} INFO - Processing file /home/airflow/.local/lib/python3.12/site-packages/airflow/example_dags/example_setup_teardown.py for tasks to queue
[2024-07-09T01:52:27.718+0000] {logging_mixin.py:188} INFO - [2024-07-09T01:52:27.718+0000] {dagbag.py:545} INFO - Filling up the DagBag from /home/airflow/.local/lib/python3.12/site-packages/airflow/example_dags/example_setup_teardown.py
[2024-07-09T01:52:27.726+0000] {processor.py:840} INFO - DAG(s) 'example_setup_teardown' retrieved from /home/airflow/.local/lib/python3.12/site-packages/airflow/example_dags/example_setup_teardown.py
[2024-07-09T01:52:27.753+0000] {logging_mixin.py:188} INFO - [2024-07-09T01:52:27.753+0000] {dag.py:3096} INFO - Sync 1 DAGs
[2024-07-09T01:52:27.783+0000] {logging_mixin.py:188} INFO - [2024-07-09T01:52:27.783+0000] {dag.py:3954} INFO - Setting next_dagrun for example_setup_teardown to 2024-07-08 00:00:00+00:00, run_after=2024-07-09 00:00:00+00:00
[2024-07-09T01:52:27.809+0000] {processor.py:183} INFO - Processing /home/airflow/.local/lib/python3.12/site-packages/airflow/example_dags/example_setup_teardown.py took 0.103 seconds
[2024-07-09T01:52:59.331+0000] {processor.py:161} INFO - Started process (PID=563) to work on /home/airflow/.local/lib/python3.12/site-packages/airflow/example_dags/example_setup_teardown.py
[2024-07-09T01:52:59.333+0000] {processor.py:830} INFO - Processing file /home/airflow/.local/lib/python3.12/site-packages/airflow/example_dags/example_setup_teardown.py for tasks to queue
[2024-07-09T01:52:59.335+0000] {logging_mixin.py:188} INFO - [2024-07-09T01:52:59.335+0000] {dagbag.py:545} INFO - Filling up the DagBag from /home/airflow/.local/lib/python3.12/site-packages/airflow/example_dags/example_setup_teardown.py
[2024-07-09T01:52:59.344+0000] {processor.py:840} INFO - DAG(s) 'example_setup_teardown' retrieved from /home/airflow/.local/lib/python3.12/site-packages/airflow/example_dags/example_setup_teardown.py
[2024-07-09T01:52:59.377+0000] {logging_mixin.py:188} INFO - [2024-07-09T01:52:59.377+0000] {dag.py:3096} INFO - Sync 1 DAGs
[2024-07-09T01:52:59.414+0000] {logging_mixin.py:188} INFO - [2024-07-09T01:52:59.414+0000] {dag.py:3954} INFO - Setting next_dagrun for example_setup_teardown to 2024-07-08 00:00:00+00:00, run_after=2024-07-09 00:00:00+00:00
[2024-07-09T01:52:59.441+0000] {processor.py:183} INFO - Processing /home/airflow/.local/lib/python3.12/site-packages/airflow/example_dags/example_setup_teardown.py took 0.118 seconds
[2024-07-09T01:53:30.334+0000] {processor.py:161} INFO - Started process (PID=622) to work on /home/airflow/.local/lib/python3.12/site-packages/airflow/example_dags/example_setup_teardown.py
[2024-07-09T01:53:30.336+0000] {processor.py:830} INFO - Processing file /home/airflow/.local/lib/python3.12/site-packages/airflow/example_dags/example_setup_teardown.py for tasks to queue
[2024-07-09T01:53:30.341+0000] {logging_mixin.py:188} INFO - [2024-07-09T01:53:30.340+0000] {dagbag.py:545} INFO - Filling up the DagBag from /home/airflow/.local/lib/python3.12/site-packages/airflow/example_dags/example_setup_teardown.py
[2024-07-09T01:53:30.352+0000] {processor.py:840} INFO - DAG(s) 'example_setup_teardown' retrieved from /home/airflow/.local/lib/python3.12/site-packages/airflow/example_dags/example_setup_teardown.py
[2024-07-09T01:53:30.385+0000] {logging_mixin.py:188} INFO - [2024-07-09T01:53:30.385+0000] {dag.py:3096} INFO - Sync 1 DAGs
[2024-07-09T01:53:30.418+0000] {logging_mixin.py:188} INFO - [2024-07-09T01:53:30.418+0000] {dag.py:3954} INFO - Setting next_dagrun for example_setup_teardown to 2024-07-08 00:00:00+00:00, run_after=2024-07-09 00:00:00+00:00
[2024-07-09T01:53:30.468+0000] {processor.py:183} INFO - Processing /home/airflow/.local/lib/python3.12/site-packages/airflow/example_dags/example_setup_teardown.py took 0.145 seconds
[2024-07-09T01:54:00.633+0000] {processor.py:161} INFO - Started process (PID=680) to work on /home/airflow/.local/lib/python3.12/site-packages/airflow/example_dags/example_setup_teardown.py
[2024-07-09T01:54:00.635+0000] {processor.py:830} INFO - Processing file /home/airflow/.local/lib/python3.12/site-packages/airflow/example_dags/example_setup_teardown.py for tasks to queue
[2024-07-09T01:54:00.637+0000] {logging_mixin.py:188} INFO - [2024-07-09T01:54:00.637+0000] {dagbag.py:545} INFO - Filling up the DagBag from /home/airflow/.local/lib/python3.12/site-packages/airflow/example_dags/example_setup_teardown.py
[2024-07-09T01:54:00.647+0000] {processor.py:840} INFO - DAG(s) 'example_setup_teardown' retrieved from /home/airflow/.local/lib/python3.12/site-packages/airflow/example_dags/example_setup_teardown.py
[2024-07-09T01:54:00.674+0000] {logging_mixin.py:188} INFO - [2024-07-09T01:54:00.673+0000] {dag.py:3096} INFO - Sync 1 DAGs
[2024-07-09T01:54:00.702+0000] {logging_mixin.py:188} INFO - [2024-07-09T01:54:00.701+0000] {dag.py:3954} INFO - Setting next_dagrun for example_setup_teardown to 2024-07-08 00:00:00+00:00, run_after=2024-07-09 00:00:00+00:00
[2024-07-09T01:54:00.727+0000] {processor.py:183} INFO - Processing /home/airflow/.local/lib/python3.12/site-packages/airflow/example_dags/example_setup_teardown.py took 0.101 seconds
[2024-07-09T01:54:30.852+0000] {processor.py:161} INFO - Started process (PID=740) to work on /home/airflow/.local/lib/python3.12/site-packages/airflow/example_dags/example_setup_teardown.py
[2024-07-09T01:54:30.853+0000] {processor.py:830} INFO - Processing file /home/airflow/.local/lib/python3.12/site-packages/airflow/example_dags/example_setup_teardown.py for tasks to queue
[2024-07-09T01:54:30.856+0000] {logging_mixin.py:188} INFO - [2024-07-09T01:54:30.856+0000] {dagbag.py:545} INFO - Filling up the DagBag from /home/airflow/.local/lib/python3.12/site-packages/airflow/example_dags/example_setup_teardown.py
[2024-07-09T01:54:30.865+0000] {processor.py:840} INFO - DAG(s) 'example_setup_teardown' retrieved from /home/airflow/.local/lib/python3.12/site-packages/airflow/example_dags/example_setup_teardown.py
[2024-07-09T01:54:30.891+0000] {logging_mixin.py:188} INFO - [2024-07-09T01:54:30.891+0000] {dag.py:3096} INFO - Sync 1 DAGs
[2024-07-09T01:54:30.920+0000] {logging_mixin.py:188} INFO - [2024-07-09T01:54:30.919+0000] {dag.py:3954} INFO - Setting next_dagrun for example_setup_teardown to 2024-07-08 00:00:00+00:00, run_after=2024-07-09 00:00:00+00:00
[2024-07-09T01:54:30.960+0000] {processor.py:183} INFO - Processing /home/airflow/.local/lib/python3.12/site-packages/airflow/example_dags/example_setup_teardown.py took 0.115 seconds
[2024-07-09T01:55:01.596+0000] {processor.py:161} INFO - Started process (PID=799) to work on /home/airflow/.local/lib/python3.12/site-packages/airflow/example_dags/example_setup_teardown.py
[2024-07-09T01:55:01.598+0000] {processor.py:830} INFO - Processing file /home/airflow/.local/lib/python3.12/site-packages/airflow/example_dags/example_setup_teardown.py for tasks to queue
[2024-07-09T01:55:01.600+0000] {logging_mixin.py:188} INFO - [2024-07-09T01:55:01.600+0000] {dagbag.py:545} INFO - Filling up the DagBag from /home/airflow/.local/lib/python3.12/site-packages/airflow/example_dags/example_setup_teardown.py
[2024-07-09T01:55:01.609+0000] {processor.py:840} INFO - DAG(s) 'example_setup_teardown' retrieved from /home/airflow/.local/lib/python3.12/site-packages/airflow/example_dags/example_setup_teardown.py
[2024-07-09T01:55:01.639+0000] {logging_mixin.py:188} INFO - [2024-07-09T01:55:01.639+0000] {dag.py:3096} INFO - Sync 1 DAGs
[2024-07-09T01:55:01.669+0000] {logging_mixin.py:188} INFO - [2024-07-09T01:55:01.669+0000] {dag.py:3954} INFO - Setting next_dagrun for example_setup_teardown to 2024-07-08 00:00:00+00:00, run_after=2024-07-09 00:00:00+00:00
[2024-07-09T01:55:01.712+0000] {processor.py:183} INFO - Processing /home/airflow/.local/lib/python3.12/site-packages/airflow/example_dags/example_setup_teardown.py took 0.124 seconds
[2024-07-09T01:55:32.249+0000] {processor.py:161} INFO - Started process (PID=859) to work on /home/airflow/.local/lib/python3.12/site-packages/airflow/example_dags/example_setup_teardown.py
[2024-07-09T01:55:32.252+0000] {processor.py:830} INFO - Processing file /home/airflow/.local/lib/python3.12/site-packages/airflow/example_dags/example_setup_teardown.py for tasks to queue
[2024-07-09T01:55:32.259+0000] {logging_mixin.py:188} INFO - [2024-07-09T01:55:32.258+0000] {dagbag.py:545} INFO - Filling up the DagBag from /home/airflow/.local/lib/python3.12/site-packages/airflow/example_dags/example_setup_teardown.py
[2024-07-09T01:55:32.274+0000] {processor.py:840} INFO - DAG(s) 'example_setup_teardown' retrieved from /home/airflow/.local/lib/python3.12/site-packages/airflow/example_dags/example_setup_teardown.py
[2024-07-09T01:55:32.322+0000] {logging_mixin.py:188} INFO - [2024-07-09T01:55:32.322+0000] {dag.py:3096} INFO - Sync 1 DAGs
[2024-07-09T01:55:32.390+0000] {logging_mixin.py:188} INFO - [2024-07-09T01:55:32.389+0000] {dag.py:3954} INFO - Setting next_dagrun for example_setup_teardown to 2024-07-08 00:00:00+00:00, run_after=2024-07-09 00:00:00+00:00
[2024-07-09T01:55:32.427+0000] {processor.py:183} INFO - Processing /home/airflow/.local/lib/python3.12/site-packages/airflow/example_dags/example_setup_teardown.py took 0.199 seconds
[2024-07-09T01:56:03.637+0000] {processor.py:161} INFO - Started process (PID=918) to work on /home/airflow/.local/lib/python3.12/site-packages/airflow/example_dags/example_setup_teardown.py
[2024-07-09T01:56:03.671+0000] {processor.py:830} INFO - Processing file /home/airflow/.local/lib/python3.12/site-packages/airflow/example_dags/example_setup_teardown.py for tasks to queue
[2024-07-09T01:56:03.757+0000] {logging_mixin.py:188} INFO - [2024-07-09T01:56:03.756+0000] {dagbag.py:545} INFO - Filling up the DagBag from /home/airflow/.local/lib/python3.12/site-packages/airflow/example_dags/example_setup_teardown.py
[2024-07-09T01:56:03.791+0000] {processor.py:840} INFO - DAG(s) 'example_setup_teardown' retrieved from /home/airflow/.local/lib/python3.12/site-packages/airflow/example_dags/example_setup_teardown.py
[2024-07-09T01:56:03.923+0000] {logging_mixin.py:188} INFO - [2024-07-09T01:56:03.921+0000] {dag.py:3096} INFO - Sync 1 DAGs
[2024-07-09T01:56:04.093+0000] {logging_mixin.py:188} INFO - [2024-07-09T01:56:04.093+0000] {dag.py:3954} INFO - Setting next_dagrun for example_setup_teardown to 2024-07-08 00:00:00+00:00, run_after=2024-07-09 00:00:00+00:00
[2024-07-09T01:56:04.404+0000] {processor.py:183} INFO - Processing /home/airflow/.local/lib/python3.12/site-packages/airflow/example_dags/example_setup_teardown.py took 0.816 seconds
[2024-07-09T01:56:35.251+0000] {processor.py:161} INFO - Started process (PID=978) to work on /home/airflow/.local/lib/python3.12/site-packages/airflow/example_dags/example_setup_teardown.py
[2024-07-09T01:56:35.252+0000] {processor.py:830} INFO - Processing file /home/airflow/.local/lib/python3.12/site-packages/airflow/example_dags/example_setup_teardown.py for tasks to queue
[2024-07-09T01:56:35.256+0000] {logging_mixin.py:188} INFO - [2024-07-09T01:56:35.255+0000] {dagbag.py:545} INFO - Filling up the DagBag from /home/airflow/.local/lib/python3.12/site-packages/airflow/example_dags/example_setup_teardown.py
[2024-07-09T01:56:35.265+0000] {processor.py:840} INFO - DAG(s) 'example_setup_teardown' retrieved from /home/airflow/.local/lib/python3.12/site-packages/airflow/example_dags/example_setup_teardown.py
[2024-07-09T01:56:35.301+0000] {logging_mixin.py:188} INFO - [2024-07-09T01:56:35.300+0000] {dag.py:3096} INFO - Sync 1 DAGs
[2024-07-09T01:56:35.351+0000] {logging_mixin.py:188} INFO - [2024-07-09T01:56:35.350+0000] {dag.py:3954} INFO - Setting next_dagrun for example_setup_teardown to 2024-07-08 00:00:00+00:00, run_after=2024-07-09 00:00:00+00:00
[2024-07-09T01:56:35.385+0000] {processor.py:183} INFO - Processing /home/airflow/.local/lib/python3.12/site-packages/airflow/example_dags/example_setup_teardown.py took 0.142 seconds
[2024-07-09T01:57:05.658+0000] {processor.py:161} INFO - Started process (PID=1039) to work on /home/airflow/.local/lib/python3.12/site-packages/airflow/example_dags/example_setup_teardown.py
[2024-07-09T01:57:05.659+0000] {processor.py:830} INFO - Processing file /home/airflow/.local/lib/python3.12/site-packages/airflow/example_dags/example_setup_teardown.py for tasks to queue
[2024-07-09T01:57:05.662+0000] {logging_mixin.py:188} INFO - [2024-07-09T01:57:05.661+0000] {dagbag.py:545} INFO - Filling up the DagBag from /home/airflow/.local/lib/python3.12/site-packages/airflow/example_dags/example_setup_teardown.py
[2024-07-09T01:57:05.670+0000] {processor.py:840} INFO - DAG(s) 'example_setup_teardown' retrieved from /home/airflow/.local/lib/python3.12/site-packages/airflow/example_dags/example_setup_teardown.py
[2024-07-09T01:57:05.697+0000] {logging_mixin.py:188} INFO - [2024-07-09T01:57:05.697+0000] {dag.py:3096} INFO - Sync 1 DAGs
[2024-07-09T01:57:05.725+0000] {logging_mixin.py:188} INFO - [2024-07-09T01:57:05.725+0000] {dag.py:3954} INFO - Setting next_dagrun for example_setup_teardown to 2024-07-08 00:00:00+00:00, run_after=2024-07-09 00:00:00+00:00
[2024-07-09T01:57:05.751+0000] {processor.py:183} INFO - Processing /home/airflow/.local/lib/python3.12/site-packages/airflow/example_dags/example_setup_teardown.py took 0.100 seconds
[2024-07-09T02:00:23.478+0000] {processor.py:161} INFO - Started process (PID=76) to work on /home/airflow/.local/lib/python3.12/site-packages/airflow/example_dags/example_setup_teardown.py
[2024-07-09T02:00:23.480+0000] {processor.py:830} INFO - Processing file /home/airflow/.local/lib/python3.12/site-packages/airflow/example_dags/example_setup_teardown.py for tasks to queue
[2024-07-09T02:00:23.484+0000] {logging_mixin.py:188} INFO - [2024-07-09T02:00:23.484+0000] {dagbag.py:545} INFO - Filling up the DagBag from /home/airflow/.local/lib/python3.12/site-packages/airflow/example_dags/example_setup_teardown.py
[2024-07-09T02:00:23.499+0000] {processor.py:840} INFO - DAG(s) 'example_setup_teardown' retrieved from /home/airflow/.local/lib/python3.12/site-packages/airflow/example_dags/example_setup_teardown.py
[2024-07-09T02:00:23.724+0000] {logging_mixin.py:188} INFO - [2024-07-09T02:00:23.722+0000] {override.py:1829} INFO - Created Permission View: can edit on DAG:example_setup_teardown
[2024-07-09T02:00:23.744+0000] {logging_mixin.py:188} INFO - [2024-07-09T02:00:23.743+0000] {override.py:1829} INFO - Created Permission View: can read on DAG:example_setup_teardown
[2024-07-09T02:00:23.760+0000] {logging_mixin.py:188} INFO - [2024-07-09T02:00:23.759+0000] {override.py:1829} INFO - Created Permission View: can delete on DAG:example_setup_teardown
[2024-07-09T02:00:23.762+0000] {logging_mixin.py:188} INFO - [2024-07-09T02:00:23.761+0000] {dag.py:3096} INFO - Sync 1 DAGs
[2024-07-09T02:00:23.785+0000] {logging_mixin.py:188} INFO - [2024-07-09T02:00:23.784+0000] {dag.py:3118} INFO - Creating ORM DAG for example_setup_teardown
[2024-07-09T02:00:23.811+0000] {logging_mixin.py:188} INFO - [2024-07-09T02:00:23.811+0000] {dag.py:3954} INFO - Setting next_dagrun for example_setup_teardown to 2024-07-08 00:00:00+00:00, run_after=2024-07-09 00:00:00+00:00
[2024-07-09T02:00:23.850+0000] {processor.py:183} INFO - Processing /home/airflow/.local/lib/python3.12/site-packages/airflow/example_dags/example_setup_teardown.py took 0.388 seconds
[2024-07-09T02:00:54.028+0000] {processor.py:161} INFO - Started process (PID=136) to work on /home/airflow/.local/lib/python3.12/site-packages/airflow/example_dags/example_setup_teardown.py
[2024-07-09T02:00:54.030+0000] {processor.py:830} INFO - Processing file /home/airflow/.local/lib/python3.12/site-packages/airflow/example_dags/example_setup_teardown.py for tasks to queue
[2024-07-09T02:00:54.034+0000] {logging_mixin.py:188} INFO - [2024-07-09T02:00:54.033+0000] {dagbag.py:545} INFO - Filling up the DagBag from /home/airflow/.local/lib/python3.12/site-packages/airflow/example_dags/example_setup_teardown.py
[2024-07-09T02:00:54.051+0000] {processor.py:840} INFO - DAG(s) 'example_setup_teardown' retrieved from /home/airflow/.local/lib/python3.12/site-packages/airflow/example_dags/example_setup_teardown.py
[2024-07-09T02:00:54.086+0000] {logging_mixin.py:188} INFO - [2024-07-09T02:00:54.086+0000] {dag.py:3096} INFO - Sync 1 DAGs
[2024-07-09T02:00:54.127+0000] {logging_mixin.py:188} INFO - [2024-07-09T02:00:54.127+0000] {dag.py:3954} INFO - Setting next_dagrun for example_setup_teardown to 2024-07-08 00:00:00+00:00, run_after=2024-07-09 00:00:00+00:00
[2024-07-09T02:00:54.161+0000] {processor.py:183} INFO - Processing /home/airflow/.local/lib/python3.12/site-packages/airflow/example_dags/example_setup_teardown.py took 0.145 seconds
[2024-07-09T02:01:24.912+0000] {processor.py:161} INFO - Started process (PID=196) to work on /home/airflow/.local/lib/python3.12/site-packages/airflow/example_dags/example_setup_teardown.py
[2024-07-09T02:01:24.914+0000] {processor.py:830} INFO - Processing file /home/airflow/.local/lib/python3.12/site-packages/airflow/example_dags/example_setup_teardown.py for tasks to queue
[2024-07-09T02:01:24.918+0000] {logging_mixin.py:188} INFO - [2024-07-09T02:01:24.917+0000] {dagbag.py:545} INFO - Filling up the DagBag from /home/airflow/.local/lib/python3.12/site-packages/airflow/example_dags/example_setup_teardown.py
[2024-07-09T02:01:24.930+0000] {processor.py:840} INFO - DAG(s) 'example_setup_teardown' retrieved from /home/airflow/.local/lib/python3.12/site-packages/airflow/example_dags/example_setup_teardown.py
[2024-07-09T02:01:24.971+0000] {logging_mixin.py:188} INFO - [2024-07-09T02:01:24.971+0000] {dag.py:3096} INFO - Sync 1 DAGs
[2024-07-09T02:01:25.019+0000] {logging_mixin.py:188} INFO - [2024-07-09T02:01:25.019+0000] {dag.py:3954} INFO - Setting next_dagrun for example_setup_teardown to 2024-07-08 00:00:00+00:00, run_after=2024-07-09 00:00:00+00:00
[2024-07-09T02:01:25.052+0000] {processor.py:183} INFO - Processing /home/airflow/.local/lib/python3.12/site-packages/airflow/example_dags/example_setup_teardown.py took 0.151 seconds
[2024-07-09T02:01:57.983+0000] {processor.py:161} INFO - Started process (PID=261) to work on /home/airflow/.local/lib/python3.12/site-packages/airflow/example_dags/example_setup_teardown.py
[2024-07-09T02:01:57.994+0000] {processor.py:830} INFO - Processing file /home/airflow/.local/lib/python3.12/site-packages/airflow/example_dags/example_setup_teardown.py for tasks to queue
[2024-07-09T02:01:58.000+0000] {logging_mixin.py:188} INFO - [2024-07-09T02:01:57.999+0000] {dagbag.py:545} INFO - Filling up the DagBag from /home/airflow/.local/lib/python3.12/site-packages/airflow/example_dags/example_setup_teardown.py
[2024-07-09T02:01:58.034+0000] {processor.py:840} INFO - DAG(s) 'example_setup_teardown' retrieved from /home/airflow/.local/lib/python3.12/site-packages/airflow/example_dags/example_setup_teardown.py
[2024-07-09T02:01:58.130+0000] {logging_mixin.py:188} INFO - [2024-07-09T02:01:58.129+0000] {dag.py:3096} INFO - Sync 1 DAGs
[2024-07-09T02:01:58.246+0000] {logging_mixin.py:188} INFO - [2024-07-09T02:01:58.245+0000] {dag.py:3954} INFO - Setting next_dagrun for example_setup_teardown to 2024-07-08 00:00:00+00:00, run_after=2024-07-09 00:00:00+00:00
[2024-07-09T02:01:58.367+0000] {processor.py:183} INFO - Processing /home/airflow/.local/lib/python3.12/site-packages/airflow/example_dags/example_setup_teardown.py took 0.410 seconds
[2024-07-09T02:03:46.672+0000] {processor.py:161} INFO - Started process (PID=78) to work on /home/airflow/.local/lib/python3.12/site-packages/airflow/example_dags/example_setup_teardown.py
[2024-07-09T02:03:46.674+0000] {processor.py:830} INFO - Processing file /home/airflow/.local/lib/python3.12/site-packages/airflow/example_dags/example_setup_teardown.py for tasks to queue
[2024-07-09T02:03:46.676+0000] {logging_mixin.py:188} INFO - [2024-07-09T02:03:46.676+0000] {dagbag.py:545} INFO - Filling up the DagBag from /home/airflow/.local/lib/python3.12/site-packages/airflow/example_dags/example_setup_teardown.py
[2024-07-09T02:03:46.688+0000] {processor.py:840} INFO - DAG(s) 'example_setup_teardown' retrieved from /home/airflow/.local/lib/python3.12/site-packages/airflow/example_dags/example_setup_teardown.py
[2024-07-09T02:03:46.926+0000] {logging_mixin.py:188} INFO - [2024-07-09T02:03:46.925+0000] {dag.py:3096} INFO - Sync 1 DAGs
[2024-07-09T02:03:46.964+0000] {logging_mixin.py:188} INFO - [2024-07-09T02:03:46.963+0000] {dag.py:3954} INFO - Setting next_dagrun for example_setup_teardown to 2024-07-08 00:00:00+00:00, run_after=2024-07-09 00:00:00+00:00
[2024-07-09T02:03:47.011+0000] {processor.py:183} INFO - Processing /home/airflow/.local/lib/python3.12/site-packages/airflow/example_dags/example_setup_teardown.py took 0.348 seconds
[2024-07-09T02:04:17.971+0000] {processor.py:161} INFO - Started process (PID=138) to work on /home/airflow/.local/lib/python3.12/site-packages/airflow/example_dags/example_setup_teardown.py
[2024-07-09T02:04:17.972+0000] {processor.py:830} INFO - Processing file /home/airflow/.local/lib/python3.12/site-packages/airflow/example_dags/example_setup_teardown.py for tasks to queue
[2024-07-09T02:04:17.974+0000] {logging_mixin.py:188} INFO - [2024-07-09T02:04:17.974+0000] {dagbag.py:545} INFO - Filling up the DagBag from /home/airflow/.local/lib/python3.12/site-packages/airflow/example_dags/example_setup_teardown.py
[2024-07-09T02:04:17.983+0000] {processor.py:840} INFO - DAG(s) 'example_setup_teardown' retrieved from /home/airflow/.local/lib/python3.12/site-packages/airflow/example_dags/example_setup_teardown.py
[2024-07-09T02:04:18.008+0000] {logging_mixin.py:188} INFO - [2024-07-09T02:04:18.007+0000] {dag.py:3096} INFO - Sync 1 DAGs
[2024-07-09T02:04:18.033+0000] {logging_mixin.py:188} INFO - [2024-07-09T02:04:18.032+0000] {dag.py:3954} INFO - Setting next_dagrun for example_setup_teardown to 2024-07-08 00:00:00+00:00, run_after=2024-07-09 00:00:00+00:00
[2024-07-09T02:04:18.057+0000] {processor.py:183} INFO - Processing /home/airflow/.local/lib/python3.12/site-packages/airflow/example_dags/example_setup_teardown.py took 0.095 seconds
[2024-07-09T02:04:48.810+0000] {processor.py:161} INFO - Started process (PID=198) to work on /home/airflow/.local/lib/python3.12/site-packages/airflow/example_dags/example_setup_teardown.py
[2024-07-09T02:04:48.811+0000] {processor.py:830} INFO - Processing file /home/airflow/.local/lib/python3.12/site-packages/airflow/example_dags/example_setup_teardown.py for tasks to queue
[2024-07-09T02:04:48.814+0000] {logging_mixin.py:188} INFO - [2024-07-09T02:04:48.813+0000] {dagbag.py:545} INFO - Filling up the DagBag from /home/airflow/.local/lib/python3.12/site-packages/airflow/example_dags/example_setup_teardown.py
[2024-07-09T02:04:48.825+0000] {processor.py:840} INFO - DAG(s) 'example_setup_teardown' retrieved from /home/airflow/.local/lib/python3.12/site-packages/airflow/example_dags/example_setup_teardown.py
[2024-07-09T02:04:48.857+0000] {logging_mixin.py:188} INFO - [2024-07-09T02:04:48.857+0000] {dag.py:3096} INFO - Sync 1 DAGs
[2024-07-09T02:04:48.890+0000] {logging_mixin.py:188} INFO - [2024-07-09T02:04:48.890+0000] {dag.py:3954} INFO - Setting next_dagrun for example_setup_teardown to 2024-07-08 00:00:00+00:00, run_after=2024-07-09 00:00:00+00:00
[2024-07-09T02:04:48.920+0000] {processor.py:183} INFO - Processing /home/airflow/.local/lib/python3.12/site-packages/airflow/example_dags/example_setup_teardown.py took 0.119 seconds
[2024-07-09T02:05:19.652+0000] {processor.py:161} INFO - Started process (PID=259) to work on /home/airflow/.local/lib/python3.12/site-packages/airflow/example_dags/example_setup_teardown.py
[2024-07-09T02:05:19.654+0000] {processor.py:830} INFO - Processing file /home/airflow/.local/lib/python3.12/site-packages/airflow/example_dags/example_setup_teardown.py for tasks to queue
[2024-07-09T02:05:19.656+0000] {logging_mixin.py:188} INFO - [2024-07-09T02:05:19.656+0000] {dagbag.py:545} INFO - Filling up the DagBag from /home/airflow/.local/lib/python3.12/site-packages/airflow/example_dags/example_setup_teardown.py
[2024-07-09T02:05:19.666+0000] {processor.py:840} INFO - DAG(s) 'example_setup_teardown' retrieved from /home/airflow/.local/lib/python3.12/site-packages/airflow/example_dags/example_setup_teardown.py
[2024-07-09T02:05:19.698+0000] {logging_mixin.py:188} INFO - [2024-07-09T02:05:19.697+0000] {dag.py:3096} INFO - Sync 1 DAGs
[2024-07-09T02:05:19.728+0000] {logging_mixin.py:188} INFO - [2024-07-09T02:05:19.728+0000] {dag.py:3954} INFO - Setting next_dagrun for example_setup_teardown to 2024-07-08 00:00:00+00:00, run_after=2024-07-09 00:00:00+00:00
[2024-07-09T02:05:19.756+0000] {processor.py:183} INFO - Processing /home/airflow/.local/lib/python3.12/site-packages/airflow/example_dags/example_setup_teardown.py took 0.111 seconds
[2024-07-09T02:05:49.868+0000] {processor.py:161} INFO - Started process (PID=319) to work on /home/airflow/.local/lib/python3.12/site-packages/airflow/example_dags/example_setup_teardown.py
[2024-07-09T02:05:49.870+0000] {processor.py:830} INFO - Processing file /home/airflow/.local/lib/python3.12/site-packages/airflow/example_dags/example_setup_teardown.py for tasks to queue
[2024-07-09T02:05:49.872+0000] {logging_mixin.py:188} INFO - [2024-07-09T02:05:49.872+0000] {dagbag.py:545} INFO - Filling up the DagBag from /home/airflow/.local/lib/python3.12/site-packages/airflow/example_dags/example_setup_teardown.py
[2024-07-09T02:05:49.883+0000] {processor.py:840} INFO - DAG(s) 'example_setup_teardown' retrieved from /home/airflow/.local/lib/python3.12/site-packages/airflow/example_dags/example_setup_teardown.py
[2024-07-09T02:05:49.912+0000] {logging_mixin.py:188} INFO - [2024-07-09T02:05:49.912+0000] {dag.py:3096} INFO - Sync 1 DAGs
[2024-07-09T02:05:49.943+0000] {logging_mixin.py:188} INFO - [2024-07-09T02:05:49.943+0000] {dag.py:3954} INFO - Setting next_dagrun for example_setup_teardown to 2024-07-08 00:00:00+00:00, run_after=2024-07-09 00:00:00+00:00
[2024-07-09T02:05:49.976+0000] {processor.py:183} INFO - Processing /home/airflow/.local/lib/python3.12/site-packages/airflow/example_dags/example_setup_teardown.py took 0.115 seconds
[2024-07-09T02:06:20.206+0000] {processor.py:161} INFO - Started process (PID=380) to work on /home/airflow/.local/lib/python3.12/site-packages/airflow/example_dags/example_setup_teardown.py
[2024-07-09T02:06:20.207+0000] {processor.py:830} INFO - Processing file /home/airflow/.local/lib/python3.12/site-packages/airflow/example_dags/example_setup_teardown.py for tasks to queue
[2024-07-09T02:06:20.210+0000] {logging_mixin.py:188} INFO - [2024-07-09T02:06:20.209+0000] {dagbag.py:545} INFO - Filling up the DagBag from /home/airflow/.local/lib/python3.12/site-packages/airflow/example_dags/example_setup_teardown.py
[2024-07-09T02:06:20.218+0000] {processor.py:840} INFO - DAG(s) 'example_setup_teardown' retrieved from /home/airflow/.local/lib/python3.12/site-packages/airflow/example_dags/example_setup_teardown.py
[2024-07-09T02:06:20.244+0000] {logging_mixin.py:188} INFO - [2024-07-09T02:06:20.244+0000] {dag.py:3096} INFO - Sync 1 DAGs
[2024-07-09T02:06:20.270+0000] {logging_mixin.py:188} INFO - [2024-07-09T02:06:20.269+0000] {dag.py:3954} INFO - Setting next_dagrun for example_setup_teardown to 2024-07-08 00:00:00+00:00, run_after=2024-07-09 00:00:00+00:00
[2024-07-09T02:06:20.296+0000] {processor.py:183} INFO - Processing /home/airflow/.local/lib/python3.12/site-packages/airflow/example_dags/example_setup_teardown.py took 0.096 seconds
[2024-07-09T02:06:50.419+0000] {processor.py:161} INFO - Started process (PID=442) to work on /home/airflow/.local/lib/python3.12/site-packages/airflow/example_dags/example_setup_teardown.py
[2024-07-09T02:06:50.420+0000] {processor.py:830} INFO - Processing file /home/airflow/.local/lib/python3.12/site-packages/airflow/example_dags/example_setup_teardown.py for tasks to queue
[2024-07-09T02:06:50.423+0000] {logging_mixin.py:188} INFO - [2024-07-09T02:06:50.422+0000] {dagbag.py:545} INFO - Filling up the DagBag from /home/airflow/.local/lib/python3.12/site-packages/airflow/example_dags/example_setup_teardown.py
[2024-07-09T02:06:50.431+0000] {processor.py:840} INFO - DAG(s) 'example_setup_teardown' retrieved from /home/airflow/.local/lib/python3.12/site-packages/airflow/example_dags/example_setup_teardown.py
[2024-07-09T02:06:50.452+0000] {logging_mixin.py:188} INFO - [2024-07-09T02:06:50.452+0000] {dag.py:3096} INFO - Sync 1 DAGs
[2024-07-09T02:06:50.475+0000] {logging_mixin.py:188} INFO - [2024-07-09T02:06:50.475+0000] {dag.py:3954} INFO - Setting next_dagrun for example_setup_teardown to 2024-07-08 00:00:00+00:00, run_after=2024-07-09 00:00:00+00:00
[2024-07-09T02:06:50.513+0000] {processor.py:183} INFO - Processing /home/airflow/.local/lib/python3.12/site-packages/airflow/example_dags/example_setup_teardown.py took 0.103 seconds
[2024-07-09T02:07:20.909+0000] {processor.py:161} INFO - Started process (PID=502) to work on /home/airflow/.local/lib/python3.12/site-packages/airflow/example_dags/example_setup_teardown.py
[2024-07-09T02:07:20.911+0000] {processor.py:830} INFO - Processing file /home/airflow/.local/lib/python3.12/site-packages/airflow/example_dags/example_setup_teardown.py for tasks to queue
[2024-07-09T02:07:20.913+0000] {logging_mixin.py:188} INFO - [2024-07-09T02:07:20.912+0000] {dagbag.py:545} INFO - Filling up the DagBag from /home/airflow/.local/lib/python3.12/site-packages/airflow/example_dags/example_setup_teardown.py
[2024-07-09T02:07:20.920+0000] {processor.py:840} INFO - DAG(s) 'example_setup_teardown' retrieved from /home/airflow/.local/lib/python3.12/site-packages/airflow/example_dags/example_setup_teardown.py
[2024-07-09T02:07:20.943+0000] {logging_mixin.py:188} INFO - [2024-07-09T02:07:20.943+0000] {dag.py:3096} INFO - Sync 1 DAGs
[2024-07-09T02:07:20.969+0000] {logging_mixin.py:188} INFO - [2024-07-09T02:07:20.968+0000] {dag.py:3954} INFO - Setting next_dagrun for example_setup_teardown to 2024-07-08 00:00:00+00:00, run_after=2024-07-09 00:00:00+00:00
[2024-07-09T02:07:20.995+0000] {processor.py:183} INFO - Processing /home/airflow/.local/lib/python3.12/site-packages/airflow/example_dags/example_setup_teardown.py took 0.092 seconds
[2024-07-09T02:07:51.297+0000] {processor.py:161} INFO - Started process (PID=562) to work on /home/airflow/.local/lib/python3.12/site-packages/airflow/example_dags/example_setup_teardown.py
[2024-07-09T02:07:51.298+0000] {processor.py:830} INFO - Processing file /home/airflow/.local/lib/python3.12/site-packages/airflow/example_dags/example_setup_teardown.py for tasks to queue
[2024-07-09T02:07:51.300+0000] {logging_mixin.py:188} INFO - [2024-07-09T02:07:51.300+0000] {dagbag.py:545} INFO - Filling up the DagBag from /home/airflow/.local/lib/python3.12/site-packages/airflow/example_dags/example_setup_teardown.py
[2024-07-09T02:07:51.307+0000] {processor.py:840} INFO - DAG(s) 'example_setup_teardown' retrieved from /home/airflow/.local/lib/python3.12/site-packages/airflow/example_dags/example_setup_teardown.py
[2024-07-09T02:07:51.329+0000] {logging_mixin.py:188} INFO - [2024-07-09T02:07:51.329+0000] {dag.py:3096} INFO - Sync 1 DAGs
[2024-07-09T02:07:51.351+0000] {logging_mixin.py:188} INFO - [2024-07-09T02:07:51.351+0000] {dag.py:3954} INFO - Setting next_dagrun for example_setup_teardown to 2024-07-08 00:00:00+00:00, run_after=2024-07-09 00:00:00+00:00
[2024-07-09T02:07:51.385+0000] {processor.py:183} INFO - Processing /home/airflow/.local/lib/python3.12/site-packages/airflow/example_dags/example_setup_teardown.py took 0.094 seconds
[2024-07-09T02:08:21.970+0000] {processor.py:161} INFO - Started process (PID=623) to work on /home/airflow/.local/lib/python3.12/site-packages/airflow/example_dags/example_setup_teardown.py
[2024-07-09T02:08:21.972+0000] {processor.py:830} INFO - Processing file /home/airflow/.local/lib/python3.12/site-packages/airflow/example_dags/example_setup_teardown.py for tasks to queue
[2024-07-09T02:08:21.974+0000] {logging_mixin.py:188} INFO - [2024-07-09T02:08:21.973+0000] {dagbag.py:545} INFO - Filling up the DagBag from /home/airflow/.local/lib/python3.12/site-packages/airflow/example_dags/example_setup_teardown.py
[2024-07-09T02:08:21.981+0000] {processor.py:840} INFO - DAG(s) 'example_setup_teardown' retrieved from /home/airflow/.local/lib/python3.12/site-packages/airflow/example_dags/example_setup_teardown.py
[2024-07-09T02:08:22.003+0000] {logging_mixin.py:188} INFO - [2024-07-09T02:08:22.003+0000] {dag.py:3096} INFO - Sync 1 DAGs
[2024-07-09T02:08:22.030+0000] {logging_mixin.py:188} INFO - [2024-07-09T02:08:22.030+0000] {dag.py:3954} INFO - Setting next_dagrun for example_setup_teardown to 2024-07-08 00:00:00+00:00, run_after=2024-07-09 00:00:00+00:00
[2024-07-09T02:08:22.054+0000] {processor.py:183} INFO - Processing /home/airflow/.local/lib/python3.12/site-packages/airflow/example_dags/example_setup_teardown.py took 0.089 seconds
[2024-07-09T02:08:52.688+0000] {processor.py:161} INFO - Started process (PID=682) to work on /home/airflow/.local/lib/python3.12/site-packages/airflow/example_dags/example_setup_teardown.py
[2024-07-09T02:08:52.690+0000] {processor.py:830} INFO - Processing file /home/airflow/.local/lib/python3.12/site-packages/airflow/example_dags/example_setup_teardown.py for tasks to queue
[2024-07-09T02:08:52.692+0000] {logging_mixin.py:188} INFO - [2024-07-09T02:08:52.691+0000] {dagbag.py:545} INFO - Filling up the DagBag from /home/airflow/.local/lib/python3.12/site-packages/airflow/example_dags/example_setup_teardown.py
[2024-07-09T02:08:52.702+0000] {processor.py:840} INFO - DAG(s) 'example_setup_teardown' retrieved from /home/airflow/.local/lib/python3.12/site-packages/airflow/example_dags/example_setup_teardown.py
[2024-07-09T02:08:52.726+0000] {logging_mixin.py:188} INFO - [2024-07-09T02:08:52.725+0000] {dag.py:3096} INFO - Sync 1 DAGs
[2024-07-09T02:08:52.749+0000] {logging_mixin.py:188} INFO - [2024-07-09T02:08:52.749+0000] {dag.py:3954} INFO - Setting next_dagrun for example_setup_teardown to 2024-07-08 00:00:00+00:00, run_after=2024-07-09 00:00:00+00:00
[2024-07-09T02:08:52.774+0000] {processor.py:183} INFO - Processing /home/airflow/.local/lib/python3.12/site-packages/airflow/example_dags/example_setup_teardown.py took 0.092 seconds
[2024-07-09T02:12:23.327+0000] {processor.py:161} INFO - Started process (PID=77) to work on /home/airflow/.local/lib/python3.12/site-packages/airflow/example_dags/example_setup_teardown.py
[2024-07-09T02:12:23.328+0000] {processor.py:830} INFO - Processing file /home/airflow/.local/lib/python3.12/site-packages/airflow/example_dags/example_setup_teardown.py for tasks to queue
[2024-07-09T02:12:23.331+0000] {logging_mixin.py:188} INFO - [2024-07-09T02:12:23.331+0000] {dagbag.py:545} INFO - Filling up the DagBag from /home/airflow/.local/lib/python3.12/site-packages/airflow/example_dags/example_setup_teardown.py
[2024-07-09T02:12:23.343+0000] {processor.py:840} INFO - DAG(s) 'example_setup_teardown' retrieved from /home/airflow/.local/lib/python3.12/site-packages/airflow/example_dags/example_setup_teardown.py
[2024-07-09T02:12:23.542+0000] {logging_mixin.py:188} INFO - [2024-07-09T02:12:23.541+0000] {override.py:1829} INFO - Created Permission View: can edit on DAG:example_setup_teardown
[2024-07-09T02:12:23.561+0000] {logging_mixin.py:188} INFO - [2024-07-09T02:12:23.560+0000] {override.py:1829} INFO - Created Permission View: can delete on DAG:example_setup_teardown
[2024-07-09T02:12:23.575+0000] {logging_mixin.py:188} INFO - [2024-07-09T02:12:23.574+0000] {override.py:1829} INFO - Created Permission View: can read on DAG:example_setup_teardown
[2024-07-09T02:12:23.577+0000] {logging_mixin.py:188} INFO - [2024-07-09T02:12:23.576+0000] {dag.py:3096} INFO - Sync 1 DAGs
[2024-07-09T02:12:23.601+0000] {logging_mixin.py:188} INFO - [2024-07-09T02:12:23.601+0000] {dag.py:3118} INFO - Creating ORM DAG for example_setup_teardown
[2024-07-09T02:12:23.623+0000] {logging_mixin.py:188} INFO - [2024-07-09T02:12:23.623+0000] {dag.py:3954} INFO - Setting next_dagrun for example_setup_teardown to 2024-07-08 00:00:00+00:00, run_after=2024-07-09 00:00:00+00:00
[2024-07-09T02:12:23.653+0000] {processor.py:183} INFO - Processing /home/airflow/.local/lib/python3.12/site-packages/airflow/example_dags/example_setup_teardown.py took 0.336 seconds
[2024-07-09T02:12:54.131+0000] {processor.py:161} INFO - Started process (PID=137) to work on /home/airflow/.local/lib/python3.12/site-packages/airflow/example_dags/example_setup_teardown.py
[2024-07-09T02:12:54.132+0000] {processor.py:830} INFO - Processing file /home/airflow/.local/lib/python3.12/site-packages/airflow/example_dags/example_setup_teardown.py for tasks to queue
[2024-07-09T02:12:54.136+0000] {logging_mixin.py:188} INFO - [2024-07-09T02:12:54.135+0000] {dagbag.py:545} INFO - Filling up the DagBag from /home/airflow/.local/lib/python3.12/site-packages/airflow/example_dags/example_setup_teardown.py
[2024-07-09T02:12:54.147+0000] {processor.py:840} INFO - DAG(s) 'example_setup_teardown' retrieved from /home/airflow/.local/lib/python3.12/site-packages/airflow/example_dags/example_setup_teardown.py
[2024-07-09T02:12:54.182+0000] {logging_mixin.py:188} INFO - [2024-07-09T02:12:54.182+0000] {dag.py:3096} INFO - Sync 1 DAGs
[2024-07-09T02:12:54.223+0000] {logging_mixin.py:188} INFO - [2024-07-09T02:12:54.223+0000] {dag.py:3954} INFO - Setting next_dagrun for example_setup_teardown to 2024-07-08 00:00:00+00:00, run_after=2024-07-09 00:00:00+00:00
[2024-07-09T02:12:54.256+0000] {processor.py:183} INFO - Processing /home/airflow/.local/lib/python3.12/site-packages/airflow/example_dags/example_setup_teardown.py took 0.135 seconds
[2024-07-09T02:13:25.049+0000] {processor.py:161} INFO - Started process (PID=197) to work on /home/airflow/.local/lib/python3.12/site-packages/airflow/example_dags/example_setup_teardown.py
[2024-07-09T02:13:25.051+0000] {processor.py:830} INFO - Processing file /home/airflow/.local/lib/python3.12/site-packages/airflow/example_dags/example_setup_teardown.py for tasks to queue
[2024-07-09T02:13:25.053+0000] {logging_mixin.py:188} INFO - [2024-07-09T02:13:25.053+0000] {dagbag.py:545} INFO - Filling up the DagBag from /home/airflow/.local/lib/python3.12/site-packages/airflow/example_dags/example_setup_teardown.py
[2024-07-09T02:13:25.064+0000] {processor.py:840} INFO - DAG(s) 'example_setup_teardown' retrieved from /home/airflow/.local/lib/python3.12/site-packages/airflow/example_dags/example_setup_teardown.py
[2024-07-09T02:13:25.097+0000] {logging_mixin.py:188} INFO - [2024-07-09T02:13:25.097+0000] {dag.py:3096} INFO - Sync 1 DAGs
[2024-07-09T02:13:25.138+0000] {logging_mixin.py:188} INFO - [2024-07-09T02:13:25.137+0000] {dag.py:3954} INFO - Setting next_dagrun for example_setup_teardown to 2024-07-08 00:00:00+00:00, run_after=2024-07-09 00:00:00+00:00
[2024-07-09T02:13:25.170+0000] {processor.py:183} INFO - Processing /home/airflow/.local/lib/python3.12/site-packages/airflow/example_dags/example_setup_teardown.py took 0.129 seconds
[2024-07-09T02:13:55.698+0000] {processor.py:161} INFO - Started process (PID=257) to work on /home/airflow/.local/lib/python3.12/site-packages/airflow/example_dags/example_setup_teardown.py
[2024-07-09T02:13:55.700+0000] {processor.py:830} INFO - Processing file /home/airflow/.local/lib/python3.12/site-packages/airflow/example_dags/example_setup_teardown.py for tasks to queue
[2024-07-09T02:13:55.705+0000] {logging_mixin.py:188} INFO - [2024-07-09T02:13:55.705+0000] {dagbag.py:545} INFO - Filling up the DagBag from /home/airflow/.local/lib/python3.12/site-packages/airflow/example_dags/example_setup_teardown.py
[2024-07-09T02:13:55.720+0000] {processor.py:840} INFO - DAG(s) 'example_setup_teardown' retrieved from /home/airflow/.local/lib/python3.12/site-packages/airflow/example_dags/example_setup_teardown.py
[2024-07-09T02:13:55.758+0000] {logging_mixin.py:188} INFO - [2024-07-09T02:13:55.757+0000] {dag.py:3096} INFO - Sync 1 DAGs
[2024-07-09T02:13:55.806+0000] {logging_mixin.py:188} INFO - [2024-07-09T02:13:55.805+0000] {dag.py:3954} INFO - Setting next_dagrun for example_setup_teardown to 2024-07-08 00:00:00+00:00, run_after=2024-07-09 00:00:00+00:00
[2024-07-09T02:13:55.863+0000] {processor.py:183} INFO - Processing /home/airflow/.local/lib/python3.12/site-packages/airflow/example_dags/example_setup_teardown.py took 0.187 seconds
[2024-07-09T02:14:26.444+0000] {processor.py:161} INFO - Started process (PID=317) to work on /home/airflow/.local/lib/python3.12/site-packages/airflow/example_dags/example_setup_teardown.py
[2024-07-09T02:14:26.446+0000] {processor.py:830} INFO - Processing file /home/airflow/.local/lib/python3.12/site-packages/airflow/example_dags/example_setup_teardown.py for tasks to queue
[2024-07-09T02:14:26.450+0000] {logging_mixin.py:188} INFO - [2024-07-09T02:14:26.450+0000] {dagbag.py:545} INFO - Filling up the DagBag from /home/airflow/.local/lib/python3.12/site-packages/airflow/example_dags/example_setup_teardown.py
[2024-07-09T02:14:26.468+0000] {processor.py:840} INFO - DAG(s) 'example_setup_teardown' retrieved from /home/airflow/.local/lib/python3.12/site-packages/airflow/example_dags/example_setup_teardown.py
[2024-07-09T02:14:26.523+0000] {logging_mixin.py:188} INFO - [2024-07-09T02:14:26.522+0000] {dag.py:3096} INFO - Sync 1 DAGs
[2024-07-09T02:14:26.582+0000] {logging_mixin.py:188} INFO - [2024-07-09T02:14:26.581+0000] {dag.py:3954} INFO - Setting next_dagrun for example_setup_teardown to 2024-07-08 00:00:00+00:00, run_after=2024-07-09 00:00:00+00:00
[2024-07-09T02:14:26.628+0000] {processor.py:183} INFO - Processing /home/airflow/.local/lib/python3.12/site-packages/airflow/example_dags/example_setup_teardown.py took 0.201 seconds
[2024-07-09T02:17:08.077+0000] {processor.py:161} INFO - Started process (PID=77) to work on /home/airflow/.local/lib/python3.12/site-packages/airflow/example_dags/example_setup_teardown.py
[2024-07-09T02:17:08.079+0000] {processor.py:830} INFO - Processing file /home/airflow/.local/lib/python3.12/site-packages/airflow/example_dags/example_setup_teardown.py for tasks to queue
[2024-07-09T02:17:08.082+0000] {logging_mixin.py:188} INFO - [2024-07-09T02:17:08.082+0000] {dagbag.py:545} INFO - Filling up the DagBag from /home/airflow/.local/lib/python3.12/site-packages/airflow/example_dags/example_setup_teardown.py
[2024-07-09T02:17:08.097+0000] {processor.py:840} INFO - DAG(s) 'example_setup_teardown' retrieved from /home/airflow/.local/lib/python3.12/site-packages/airflow/example_dags/example_setup_teardown.py
[2024-07-09T02:17:08.332+0000] {logging_mixin.py:188} INFO - [2024-07-09T02:17:08.331+0000] {dag.py:3096} INFO - Sync 1 DAGs
[2024-07-09T02:17:08.383+0000] {logging_mixin.py:188} INFO - [2024-07-09T02:17:08.383+0000] {dag.py:3954} INFO - Setting next_dagrun for example_setup_teardown to 2024-07-08 00:00:00+00:00, run_after=2024-07-09 00:00:00+00:00
[2024-07-09T02:17:08.448+0000] {processor.py:183} INFO - Processing /home/airflow/.local/lib/python3.12/site-packages/airflow/example_dags/example_setup_teardown.py took 0.383 seconds
[2024-07-09T02:17:39.225+0000] {processor.py:161} INFO - Started process (PID=137) to work on /home/airflow/.local/lib/python3.12/site-packages/airflow/example_dags/example_setup_teardown.py
[2024-07-09T02:17:39.228+0000] {processor.py:830} INFO - Processing file /home/airflow/.local/lib/python3.12/site-packages/airflow/example_dags/example_setup_teardown.py for tasks to queue
[2024-07-09T02:17:39.231+0000] {logging_mixin.py:188} INFO - [2024-07-09T02:17:39.230+0000] {dagbag.py:545} INFO - Filling up the DagBag from /home/airflow/.local/lib/python3.12/site-packages/airflow/example_dags/example_setup_teardown.py
[2024-07-09T02:17:39.242+0000] {processor.py:840} INFO - DAG(s) 'example_setup_teardown' retrieved from /home/airflow/.local/lib/python3.12/site-packages/airflow/example_dags/example_setup_teardown.py
[2024-07-09T02:17:39.276+0000] {logging_mixin.py:188} INFO - [2024-07-09T02:17:39.275+0000] {dag.py:3096} INFO - Sync 1 DAGs
[2024-07-09T02:17:39.314+0000] {logging_mixin.py:188} INFO - [2024-07-09T02:17:39.314+0000] {dag.py:3954} INFO - Setting next_dagrun for example_setup_teardown to 2024-07-08 00:00:00+00:00, run_after=2024-07-09 00:00:00+00:00
[2024-07-09T02:17:39.360+0000] {processor.py:183} INFO - Processing /home/airflow/.local/lib/python3.12/site-packages/airflow/example_dags/example_setup_teardown.py took 0.147 seconds
[2024-07-09T02:18:10.017+0000] {processor.py:161} INFO - Started process (PID=198) to work on /home/airflow/.local/lib/python3.12/site-packages/airflow/example_dags/example_setup_teardown.py
[2024-07-09T02:18:10.018+0000] {processor.py:830} INFO - Processing file /home/airflow/.local/lib/python3.12/site-packages/airflow/example_dags/example_setup_teardown.py for tasks to queue
[2024-07-09T02:18:10.021+0000] {logging_mixin.py:188} INFO - [2024-07-09T02:18:10.021+0000] {dagbag.py:545} INFO - Filling up the DagBag from /home/airflow/.local/lib/python3.12/site-packages/airflow/example_dags/example_setup_teardown.py
[2024-07-09T02:18:10.033+0000] {processor.py:840} INFO - DAG(s) 'example_setup_teardown' retrieved from /home/airflow/.local/lib/python3.12/site-packages/airflow/example_dags/example_setup_teardown.py
[2024-07-09T02:18:10.060+0000] {logging_mixin.py:188} INFO - [2024-07-09T02:18:10.060+0000] {dag.py:3096} INFO - Sync 1 DAGs
[2024-07-09T02:18:10.092+0000] {logging_mixin.py:188} INFO - [2024-07-09T02:18:10.092+0000] {dag.py:3954} INFO - Setting next_dagrun for example_setup_teardown to 2024-07-08 00:00:00+00:00, run_after=2024-07-09 00:00:00+00:00
[2024-07-09T02:18:10.121+0000] {processor.py:183} INFO - Processing /home/airflow/.local/lib/python3.12/site-packages/airflow/example_dags/example_setup_teardown.py took 0.111 seconds
[2024-07-09T02:18:40.579+0000] {processor.py:161} INFO - Started process (PID=258) to work on /home/airflow/.local/lib/python3.12/site-packages/airflow/example_dags/example_setup_teardown.py
[2024-07-09T02:18:40.580+0000] {processor.py:830} INFO - Processing file /home/airflow/.local/lib/python3.12/site-packages/airflow/example_dags/example_setup_teardown.py for tasks to queue
[2024-07-09T02:18:40.583+0000] {logging_mixin.py:188} INFO - [2024-07-09T02:18:40.582+0000] {dagbag.py:545} INFO - Filling up the DagBag from /home/airflow/.local/lib/python3.12/site-packages/airflow/example_dags/example_setup_teardown.py
[2024-07-09T02:18:40.594+0000] {processor.py:840} INFO - DAG(s) 'example_setup_teardown' retrieved from /home/airflow/.local/lib/python3.12/site-packages/airflow/example_dags/example_setup_teardown.py
[2024-07-09T02:18:40.626+0000] {logging_mixin.py:188} INFO - [2024-07-09T02:18:40.626+0000] {dag.py:3096} INFO - Sync 1 DAGs
[2024-07-09T02:18:40.660+0000] {logging_mixin.py:188} INFO - [2024-07-09T02:18:40.660+0000] {dag.py:3954} INFO - Setting next_dagrun for example_setup_teardown to 2024-07-08 00:00:00+00:00, run_after=2024-07-09 00:00:00+00:00
[2024-07-09T02:18:40.707+0000] {processor.py:183} INFO - Processing /home/airflow/.local/lib/python3.12/site-packages/airflow/example_dags/example_setup_teardown.py took 0.139 seconds
[2024-07-09T02:19:11.660+0000] {processor.py:161} INFO - Started process (PID=318) to work on /home/airflow/.local/lib/python3.12/site-packages/airflow/example_dags/example_setup_teardown.py
[2024-07-09T02:19:11.662+0000] {processor.py:830} INFO - Processing file /home/airflow/.local/lib/python3.12/site-packages/airflow/example_dags/example_setup_teardown.py for tasks to queue
[2024-07-09T02:19:11.665+0000] {logging_mixin.py:188} INFO - [2024-07-09T02:19:11.665+0000] {dagbag.py:545} INFO - Filling up the DagBag from /home/airflow/.local/lib/python3.12/site-packages/airflow/example_dags/example_setup_teardown.py
[2024-07-09T02:19:11.678+0000] {processor.py:840} INFO - DAG(s) 'example_setup_teardown' retrieved from /home/airflow/.local/lib/python3.12/site-packages/airflow/example_dags/example_setup_teardown.py
[2024-07-09T02:19:11.772+0000] {logging_mixin.py:188} INFO - [2024-07-09T02:19:11.771+0000] {dag.py:3096} INFO - Sync 1 DAGs
[2024-07-09T02:19:11.845+0000] {logging_mixin.py:188} INFO - [2024-07-09T02:19:11.844+0000] {dag.py:3954} INFO - Setting next_dagrun for example_setup_teardown to 2024-07-08 00:00:00+00:00, run_after=2024-07-09 00:00:00+00:00
[2024-07-09T02:19:11.931+0000] {processor.py:183} INFO - Processing /home/airflow/.local/lib/python3.12/site-packages/airflow/example_dags/example_setup_teardown.py took 0.281 seconds
[2024-07-09T02:19:42.789+0000] {processor.py:161} INFO - Started process (PID=378) to work on /home/airflow/.local/lib/python3.12/site-packages/airflow/example_dags/example_setup_teardown.py
[2024-07-09T02:19:42.791+0000] {processor.py:830} INFO - Processing file /home/airflow/.local/lib/python3.12/site-packages/airflow/example_dags/example_setup_teardown.py for tasks to queue
[2024-07-09T02:19:42.797+0000] {logging_mixin.py:188} INFO - [2024-07-09T02:19:42.796+0000] {dagbag.py:545} INFO - Filling up the DagBag from /home/airflow/.local/lib/python3.12/site-packages/airflow/example_dags/example_setup_teardown.py
[2024-07-09T02:19:42.811+0000] {processor.py:840} INFO - DAG(s) 'example_setup_teardown' retrieved from /home/airflow/.local/lib/python3.12/site-packages/airflow/example_dags/example_setup_teardown.py
[2024-07-09T02:19:42.851+0000] {logging_mixin.py:188} INFO - [2024-07-09T02:19:42.851+0000] {dag.py:3096} INFO - Sync 1 DAGs
[2024-07-09T02:19:42.902+0000] {logging_mixin.py:188} INFO - [2024-07-09T02:19:42.901+0000] {dag.py:3954} INFO - Setting next_dagrun for example_setup_teardown to 2024-07-08 00:00:00+00:00, run_after=2024-07-09 00:00:00+00:00
[2024-07-09T02:19:42.938+0000] {processor.py:183} INFO - Processing /home/airflow/.local/lib/python3.12/site-packages/airflow/example_dags/example_setup_teardown.py took 0.160 seconds
[2024-07-09T02:20:13.635+0000] {processor.py:161} INFO - Started process (PID=439) to work on /home/airflow/.local/lib/python3.12/site-packages/airflow/example_dags/example_setup_teardown.py
[2024-07-09T02:20:13.637+0000] {processor.py:830} INFO - Processing file /home/airflow/.local/lib/python3.12/site-packages/airflow/example_dags/example_setup_teardown.py for tasks to queue
[2024-07-09T02:20:13.643+0000] {logging_mixin.py:188} INFO - [2024-07-09T02:20:13.641+0000] {dagbag.py:545} INFO - Filling up the DagBag from /home/airflow/.local/lib/python3.12/site-packages/airflow/example_dags/example_setup_teardown.py
[2024-07-09T02:20:13.675+0000] {processor.py:840} INFO - DAG(s) 'example_setup_teardown' retrieved from /home/airflow/.local/lib/python3.12/site-packages/airflow/example_dags/example_setup_teardown.py
[2024-07-09T02:20:13.732+0000] {logging_mixin.py:188} INFO - [2024-07-09T02:20:13.732+0000] {dag.py:3096} INFO - Sync 1 DAGs
[2024-07-09T02:20:13.783+0000] {logging_mixin.py:188} INFO - [2024-07-09T02:20:13.782+0000] {dag.py:3954} INFO - Setting next_dagrun for example_setup_teardown to 2024-07-08 00:00:00+00:00, run_after=2024-07-09 00:00:00+00:00
[2024-07-09T02:20:13.822+0000] {processor.py:183} INFO - Processing /home/airflow/.local/lib/python3.12/site-packages/airflow/example_dags/example_setup_teardown.py took 0.214 seconds
[2024-07-09T02:20:45.339+0000] {processor.py:161} INFO - Started process (PID=504) to work on /home/airflow/.local/lib/python3.12/site-packages/airflow/example_dags/example_setup_teardown.py
[2024-07-09T02:20:45.349+0000] {processor.py:830} INFO - Processing file /home/airflow/.local/lib/python3.12/site-packages/airflow/example_dags/example_setup_teardown.py for tasks to queue
[2024-07-09T02:20:45.356+0000] {logging_mixin.py:188} INFO - [2024-07-09T02:20:45.355+0000] {dagbag.py:545} INFO - Filling up the DagBag from /home/airflow/.local/lib/python3.12/site-packages/airflow/example_dags/example_setup_teardown.py
[2024-07-09T02:20:45.404+0000] {processor.py:840} INFO - DAG(s) 'example_setup_teardown' retrieved from /home/airflow/.local/lib/python3.12/site-packages/airflow/example_dags/example_setup_teardown.py
[2024-07-09T02:20:45.536+0000] {logging_mixin.py:188} INFO - [2024-07-09T02:20:45.535+0000] {dag.py:3096} INFO - Sync 1 DAGs
[2024-07-09T02:20:45.655+0000] {logging_mixin.py:188} INFO - [2024-07-09T02:20:45.655+0000] {dag.py:3954} INFO - Setting next_dagrun for example_setup_teardown to 2024-07-08 00:00:00+00:00, run_after=2024-07-09 00:00:00+00:00
[2024-07-09T02:20:45.720+0000] {processor.py:183} INFO - Processing /home/airflow/.local/lib/python3.12/site-packages/airflow/example_dags/example_setup_teardown.py took 0.405 seconds
[2024-07-09T02:21:15.996+0000] {processor.py:161} INFO - Started process (PID=564) to work on /home/airflow/.local/lib/python3.12/site-packages/airflow/example_dags/example_setup_teardown.py
[2024-07-09T02:21:15.998+0000] {processor.py:830} INFO - Processing file /home/airflow/.local/lib/python3.12/site-packages/airflow/example_dags/example_setup_teardown.py for tasks to queue
[2024-07-09T02:21:16.001+0000] {logging_mixin.py:188} INFO - [2024-07-09T02:21:16.000+0000] {dagbag.py:545} INFO - Filling up the DagBag from /home/airflow/.local/lib/python3.12/site-packages/airflow/example_dags/example_setup_teardown.py
[2024-07-09T02:21:16.011+0000] {processor.py:840} INFO - DAG(s) 'example_setup_teardown' retrieved from /home/airflow/.local/lib/python3.12/site-packages/airflow/example_dags/example_setup_teardown.py
[2024-07-09T02:21:16.050+0000] {logging_mixin.py:188} INFO - [2024-07-09T02:21:16.050+0000] {dag.py:3096} INFO - Sync 1 DAGs
[2024-07-09T02:21:16.091+0000] {logging_mixin.py:188} INFO - [2024-07-09T02:21:16.091+0000] {dag.py:3954} INFO - Setting next_dagrun for example_setup_teardown to 2024-07-08 00:00:00+00:00, run_after=2024-07-09 00:00:00+00:00
[2024-07-09T02:21:16.124+0000] {processor.py:183} INFO - Processing /home/airflow/.local/lib/python3.12/site-packages/airflow/example_dags/example_setup_teardown.py took 0.138 seconds
[2024-07-09T02:21:47.158+0000] {processor.py:161} INFO - Started process (PID=624) to work on /home/airflow/.local/lib/python3.12/site-packages/airflow/example_dags/example_setup_teardown.py
[2024-07-09T02:21:47.159+0000] {processor.py:830} INFO - Processing file /home/airflow/.local/lib/python3.12/site-packages/airflow/example_dags/example_setup_teardown.py for tasks to queue
[2024-07-09T02:21:47.163+0000] {logging_mixin.py:188} INFO - [2024-07-09T02:21:47.162+0000] {dagbag.py:545} INFO - Filling up the DagBag from /home/airflow/.local/lib/python3.12/site-packages/airflow/example_dags/example_setup_teardown.py
[2024-07-09T02:21:47.174+0000] {processor.py:840} INFO - DAG(s) 'example_setup_teardown' retrieved from /home/airflow/.local/lib/python3.12/site-packages/airflow/example_dags/example_setup_teardown.py
[2024-07-09T02:21:47.213+0000] {logging_mixin.py:188} INFO - [2024-07-09T02:21:47.213+0000] {dag.py:3096} INFO - Sync 1 DAGs
[2024-07-09T02:21:47.252+0000] {logging_mixin.py:188} INFO - [2024-07-09T02:21:47.251+0000] {dag.py:3954} INFO - Setting next_dagrun for example_setup_teardown to 2024-07-08 00:00:00+00:00, run_after=2024-07-09 00:00:00+00:00
[2024-07-09T02:21:47.298+0000] {processor.py:183} INFO - Processing /home/airflow/.local/lib/python3.12/site-packages/airflow/example_dags/example_setup_teardown.py took 0.154 seconds
[2024-07-09T02:22:18.139+0000] {processor.py:161} INFO - Started process (PID=684) to work on /home/airflow/.local/lib/python3.12/site-packages/airflow/example_dags/example_setup_teardown.py
[2024-07-09T02:22:18.142+0000] {processor.py:830} INFO - Processing file /home/airflow/.local/lib/python3.12/site-packages/airflow/example_dags/example_setup_teardown.py for tasks to queue
[2024-07-09T02:22:18.145+0000] {logging_mixin.py:188} INFO - [2024-07-09T02:22:18.144+0000] {dagbag.py:545} INFO - Filling up the DagBag from /home/airflow/.local/lib/python3.12/site-packages/airflow/example_dags/example_setup_teardown.py
[2024-07-09T02:22:18.161+0000] {processor.py:840} INFO - DAG(s) 'example_setup_teardown' retrieved from /home/airflow/.local/lib/python3.12/site-packages/airflow/example_dags/example_setup_teardown.py
[2024-07-09T02:22:18.199+0000] {logging_mixin.py:188} INFO - [2024-07-09T02:22:18.198+0000] {dag.py:3096} INFO - Sync 1 DAGs
[2024-07-09T02:22:18.247+0000] {logging_mixin.py:188} INFO - [2024-07-09T02:22:18.247+0000] {dag.py:3954} INFO - Setting next_dagrun for example_setup_teardown to 2024-07-08 00:00:00+00:00, run_after=2024-07-09 00:00:00+00:00
[2024-07-09T02:22:18.284+0000] {processor.py:183} INFO - Processing /home/airflow/.local/lib/python3.12/site-packages/airflow/example_dags/example_setup_teardown.py took 0.155 seconds
[2024-07-09T02:22:48.370+0000] {processor.py:161} INFO - Started process (PID=741) to work on /home/airflow/.local/lib/python3.12/site-packages/airflow/example_dags/example_setup_teardown.py
[2024-07-09T02:22:48.372+0000] {processor.py:830} INFO - Processing file /home/airflow/.local/lib/python3.12/site-packages/airflow/example_dags/example_setup_teardown.py for tasks to queue
[2024-07-09T02:22:48.377+0000] {logging_mixin.py:188} INFO - [2024-07-09T02:22:48.377+0000] {dagbag.py:545} INFO - Filling up the DagBag from /home/airflow/.local/lib/python3.12/site-packages/airflow/example_dags/example_setup_teardown.py
[2024-07-09T02:22:48.389+0000] {processor.py:840} INFO - DAG(s) 'example_setup_teardown' retrieved from /home/airflow/.local/lib/python3.12/site-packages/airflow/example_dags/example_setup_teardown.py
[2024-07-09T02:22:48.452+0000] {logging_mixin.py:188} INFO - [2024-07-09T02:22:48.452+0000] {dag.py:3096} INFO - Sync 1 DAGs
[2024-07-09T02:22:48.519+0000] {logging_mixin.py:188} INFO - [2024-07-09T02:22:48.518+0000] {dag.py:3954} INFO - Setting next_dagrun for example_setup_teardown to 2024-07-08 00:00:00+00:00, run_after=2024-07-09 00:00:00+00:00
[2024-07-09T02:22:48.578+0000] {processor.py:183} INFO - Processing /home/airflow/.local/lib/python3.12/site-packages/airflow/example_dags/example_setup_teardown.py took 0.217 seconds
[2024-07-09T02:23:19.216+0000] {processor.py:161} INFO - Started process (PID=801) to work on /home/airflow/.local/lib/python3.12/site-packages/airflow/example_dags/example_setup_teardown.py
[2024-07-09T02:23:19.218+0000] {processor.py:830} INFO - Processing file /home/airflow/.local/lib/python3.12/site-packages/airflow/example_dags/example_setup_teardown.py for tasks to queue
[2024-07-09T02:23:19.222+0000] {logging_mixin.py:188} INFO - [2024-07-09T02:23:19.221+0000] {dagbag.py:545} INFO - Filling up the DagBag from /home/airflow/.local/lib/python3.12/site-packages/airflow/example_dags/example_setup_teardown.py
[2024-07-09T02:23:19.243+0000] {processor.py:840} INFO - DAG(s) 'example_setup_teardown' retrieved from /home/airflow/.local/lib/python3.12/site-packages/airflow/example_dags/example_setup_teardown.py
[2024-07-09T02:23:19.298+0000] {logging_mixin.py:188} INFO - [2024-07-09T02:23:19.298+0000] {dag.py:3096} INFO - Sync 1 DAGs
[2024-07-09T02:23:19.355+0000] {logging_mixin.py:188} INFO - [2024-07-09T02:23:19.355+0000] {dag.py:3954} INFO - Setting next_dagrun for example_setup_teardown to 2024-07-08 00:00:00+00:00, run_after=2024-07-09 00:00:00+00:00
[2024-07-09T02:23:19.397+0000] {processor.py:183} INFO - Processing /home/airflow/.local/lib/python3.12/site-packages/airflow/example_dags/example_setup_teardown.py took 0.194 seconds
[2024-07-09T02:23:49.810+0000] {processor.py:161} INFO - Started process (PID=861) to work on /home/airflow/.local/lib/python3.12/site-packages/airflow/example_dags/example_setup_teardown.py
[2024-07-09T02:23:49.814+0000] {processor.py:830} INFO - Processing file /home/airflow/.local/lib/python3.12/site-packages/airflow/example_dags/example_setup_teardown.py for tasks to queue
[2024-07-09T02:23:49.825+0000] {logging_mixin.py:188} INFO - [2024-07-09T02:23:49.825+0000] {dagbag.py:545} INFO - Filling up the DagBag from /home/airflow/.local/lib/python3.12/site-packages/airflow/example_dags/example_setup_teardown.py
[2024-07-09T02:23:49.852+0000] {processor.py:840} INFO - DAG(s) 'example_setup_teardown' retrieved from /home/airflow/.local/lib/python3.12/site-packages/airflow/example_dags/example_setup_teardown.py
[2024-07-09T02:23:49.924+0000] {logging_mixin.py:188} INFO - [2024-07-09T02:23:49.923+0000] {dag.py:3096} INFO - Sync 1 DAGs
[2024-07-09T02:23:50.016+0000] {logging_mixin.py:188} INFO - [2024-07-09T02:23:50.015+0000] {dag.py:3954} INFO - Setting next_dagrun for example_setup_teardown to 2024-07-08 00:00:00+00:00, run_after=2024-07-09 00:00:00+00:00
[2024-07-09T02:23:50.101+0000] {processor.py:183} INFO - Processing /home/airflow/.local/lib/python3.12/site-packages/airflow/example_dags/example_setup_teardown.py took 0.331 seconds
[2024-07-09T02:24:20.908+0000] {processor.py:161} INFO - Started process (PID=922) to work on /home/airflow/.local/lib/python3.12/site-packages/airflow/example_dags/example_setup_teardown.py
[2024-07-09T02:24:20.912+0000] {processor.py:830} INFO - Processing file /home/airflow/.local/lib/python3.12/site-packages/airflow/example_dags/example_setup_teardown.py for tasks to queue
[2024-07-09T02:24:20.916+0000] {logging_mixin.py:188} INFO - [2024-07-09T02:24:20.916+0000] {dagbag.py:545} INFO - Filling up the DagBag from /home/airflow/.local/lib/python3.12/site-packages/airflow/example_dags/example_setup_teardown.py
[2024-07-09T02:24:20.939+0000] {processor.py:840} INFO - DAG(s) 'example_setup_teardown' retrieved from /home/airflow/.local/lib/python3.12/site-packages/airflow/example_dags/example_setup_teardown.py
[2024-07-09T02:24:21.012+0000] {logging_mixin.py:188} INFO - [2024-07-09T02:24:21.011+0000] {dag.py:3096} INFO - Sync 1 DAGs
[2024-07-09T02:24:21.104+0000] {logging_mixin.py:188} INFO - [2024-07-09T02:24:21.103+0000] {dag.py:3954} INFO - Setting next_dagrun for example_setup_teardown to 2024-07-08 00:00:00+00:00, run_after=2024-07-09 00:00:00+00:00
[2024-07-09T02:24:21.182+0000] {processor.py:183} INFO - Processing /home/airflow/.local/lib/python3.12/site-packages/airflow/example_dags/example_setup_teardown.py took 0.290 seconds
[2024-07-09T02:24:52.498+0000] {processor.py:161} INFO - Started process (PID=982) to work on /home/airflow/.local/lib/python3.12/site-packages/airflow/example_dags/example_setup_teardown.py
[2024-07-09T02:24:52.508+0000] {processor.py:830} INFO - Processing file /home/airflow/.local/lib/python3.12/site-packages/airflow/example_dags/example_setup_teardown.py for tasks to queue
[2024-07-09T02:24:52.525+0000] {logging_mixin.py:188} INFO - [2024-07-09T02:24:52.522+0000] {dagbag.py:545} INFO - Filling up the DagBag from /home/airflow/.local/lib/python3.12/site-packages/airflow/example_dags/example_setup_teardown.py
[2024-07-09T02:24:52.554+0000] {processor.py:840} INFO - DAG(s) 'example_setup_teardown' retrieved from /home/airflow/.local/lib/python3.12/site-packages/airflow/example_dags/example_setup_teardown.py
[2024-07-09T02:24:52.654+0000] {logging_mixin.py:188} INFO - [2024-07-09T02:24:52.654+0000] {dag.py:3096} INFO - Sync 1 DAGs
[2024-07-09T02:24:52.804+0000] {logging_mixin.py:188} INFO - [2024-07-09T02:24:52.804+0000] {dag.py:3954} INFO - Setting next_dagrun for example_setup_teardown to 2024-07-08 00:00:00+00:00, run_after=2024-07-09 00:00:00+00:00
[2024-07-09T02:24:52.916+0000] {processor.py:183} INFO - Processing /home/airflow/.local/lib/python3.12/site-packages/airflow/example_dags/example_setup_teardown.py took 0.451 seconds
[2024-07-09T02:25:23.824+0000] {processor.py:161} INFO - Started process (PID=1050) to work on /home/airflow/.local/lib/python3.12/site-packages/airflow/example_dags/example_setup_teardown.py
[2024-07-09T02:25:23.827+0000] {processor.py:830} INFO - Processing file /home/airflow/.local/lib/python3.12/site-packages/airflow/example_dags/example_setup_teardown.py for tasks to queue
[2024-07-09T02:25:23.836+0000] {logging_mixin.py:188} INFO - [2024-07-09T02:25:23.835+0000] {dagbag.py:545} INFO - Filling up the DagBag from /home/airflow/.local/lib/python3.12/site-packages/airflow/example_dags/example_setup_teardown.py
[2024-07-09T02:25:23.854+0000] {processor.py:840} INFO - DAG(s) 'example_setup_teardown' retrieved from /home/airflow/.local/lib/python3.12/site-packages/airflow/example_dags/example_setup_teardown.py
[2024-07-09T02:25:23.925+0000] {logging_mixin.py:188} INFO - [2024-07-09T02:25:23.920+0000] {dag.py:3096} INFO - Sync 1 DAGs
[2024-07-09T02:25:24.019+0000] {logging_mixin.py:188} INFO - [2024-07-09T02:25:24.018+0000] {dag.py:3954} INFO - Setting next_dagrun for example_setup_teardown to 2024-07-08 00:00:00+00:00, run_after=2024-07-09 00:00:00+00:00
[2024-07-09T02:25:24.105+0000] {processor.py:183} INFO - Processing /home/airflow/.local/lib/python3.12/site-packages/airflow/example_dags/example_setup_teardown.py took 0.302 seconds
[2024-07-09T02:25:54.213+0000] {processor.py:161} INFO - Started process (PID=1122) to work on /home/airflow/.local/lib/python3.12/site-packages/airflow/example_dags/example_setup_teardown.py
[2024-07-09T02:25:54.215+0000] {processor.py:830} INFO - Processing file /home/airflow/.local/lib/python3.12/site-packages/airflow/example_dags/example_setup_teardown.py for tasks to queue
[2024-07-09T02:25:54.227+0000] {logging_mixin.py:188} INFO - [2024-07-09T02:25:54.226+0000] {dagbag.py:545} INFO - Filling up the DagBag from /home/airflow/.local/lib/python3.12/site-packages/airflow/example_dags/example_setup_teardown.py
[2024-07-09T02:25:54.247+0000] {processor.py:840} INFO - DAG(s) 'example_setup_teardown' retrieved from /home/airflow/.local/lib/python3.12/site-packages/airflow/example_dags/example_setup_teardown.py
[2024-07-09T02:25:54.322+0000] {logging_mixin.py:188} INFO - [2024-07-09T02:25:54.322+0000] {dag.py:3096} INFO - Sync 1 DAGs
[2024-07-09T02:25:54.421+0000] {logging_mixin.py:188} INFO - [2024-07-09T02:25:54.420+0000] {dag.py:3954} INFO - Setting next_dagrun for example_setup_teardown to 2024-07-08 00:00:00+00:00, run_after=2024-07-09 00:00:00+00:00
[2024-07-09T02:25:54.494+0000] {processor.py:183} INFO - Processing /home/airflow/.local/lib/python3.12/site-packages/airflow/example_dags/example_setup_teardown.py took 0.298 seconds
[2024-07-09T02:26:24.841+0000] {processor.py:161} INFO - Started process (PID=1182) to work on /home/airflow/.local/lib/python3.12/site-packages/airflow/example_dags/example_setup_teardown.py
[2024-07-09T02:26:24.844+0000] {processor.py:830} INFO - Processing file /home/airflow/.local/lib/python3.12/site-packages/airflow/example_dags/example_setup_teardown.py for tasks to queue
[2024-07-09T02:26:24.848+0000] {logging_mixin.py:188} INFO - [2024-07-09T02:26:24.847+0000] {dagbag.py:545} INFO - Filling up the DagBag from /home/airflow/.local/lib/python3.12/site-packages/airflow/example_dags/example_setup_teardown.py
[2024-07-09T02:26:24.865+0000] {processor.py:840} INFO - DAG(s) 'example_setup_teardown' retrieved from /home/airflow/.local/lib/python3.12/site-packages/airflow/example_dags/example_setup_teardown.py
[2024-07-09T02:26:24.915+0000] {logging_mixin.py:188} INFO - [2024-07-09T02:26:24.914+0000] {dag.py:3096} INFO - Sync 1 DAGs
[2024-07-09T02:26:24.975+0000] {logging_mixin.py:188} INFO - [2024-07-09T02:26:24.975+0000] {dag.py:3954} INFO - Setting next_dagrun for example_setup_teardown to 2024-07-08 00:00:00+00:00, run_after=2024-07-09 00:00:00+00:00
[2024-07-09T02:26:25.023+0000] {processor.py:183} INFO - Processing /home/airflow/.local/lib/python3.12/site-packages/airflow/example_dags/example_setup_teardown.py took 0.195 seconds
[2024-07-09T02:26:56.238+0000] {processor.py:161} INFO - Started process (PID=1242) to work on /home/airflow/.local/lib/python3.12/site-packages/airflow/example_dags/example_setup_teardown.py
[2024-07-09T02:26:56.240+0000] {processor.py:830} INFO - Processing file /home/airflow/.local/lib/python3.12/site-packages/airflow/example_dags/example_setup_teardown.py for tasks to queue
[2024-07-09T02:26:56.246+0000] {logging_mixin.py:188} INFO - [2024-07-09T02:26:56.246+0000] {dagbag.py:545} INFO - Filling up the DagBag from /home/airflow/.local/lib/python3.12/site-packages/airflow/example_dags/example_setup_teardown.py
[2024-07-09T02:26:56.265+0000] {processor.py:840} INFO - DAG(s) 'example_setup_teardown' retrieved from /home/airflow/.local/lib/python3.12/site-packages/airflow/example_dags/example_setup_teardown.py
[2024-07-09T02:26:56.321+0000] {logging_mixin.py:188} INFO - [2024-07-09T02:26:56.320+0000] {dag.py:3096} INFO - Sync 1 DAGs
[2024-07-09T02:26:56.383+0000] {logging_mixin.py:188} INFO - [2024-07-09T02:26:56.382+0000] {dag.py:3954} INFO - Setting next_dagrun for example_setup_teardown to 2024-07-08 00:00:00+00:00, run_after=2024-07-09 00:00:00+00:00
[2024-07-09T02:26:56.430+0000] {processor.py:183} INFO - Processing /home/airflow/.local/lib/python3.12/site-packages/airflow/example_dags/example_setup_teardown.py took 0.209 seconds
[2024-07-09T02:27:27.058+0000] {processor.py:161} INFO - Started process (PID=1306) to work on /home/airflow/.local/lib/python3.12/site-packages/airflow/example_dags/example_setup_teardown.py
[2024-07-09T02:27:27.060+0000] {processor.py:830} INFO - Processing file /home/airflow/.local/lib/python3.12/site-packages/airflow/example_dags/example_setup_teardown.py for tasks to queue
[2024-07-09T02:27:27.064+0000] {logging_mixin.py:188} INFO - [2024-07-09T02:27:27.063+0000] {dagbag.py:545} INFO - Filling up the DagBag from /home/airflow/.local/lib/python3.12/site-packages/airflow/example_dags/example_setup_teardown.py
[2024-07-09T02:27:27.081+0000] {processor.py:840} INFO - DAG(s) 'example_setup_teardown' retrieved from /home/airflow/.local/lib/python3.12/site-packages/airflow/example_dags/example_setup_teardown.py
[2024-07-09T02:27:27.124+0000] {logging_mixin.py:188} INFO - [2024-07-09T02:27:27.124+0000] {dag.py:3096} INFO - Sync 1 DAGs
[2024-07-09T02:27:27.175+0000] {logging_mixin.py:188} INFO - [2024-07-09T02:27:27.175+0000] {dag.py:3954} INFO - Setting next_dagrun for example_setup_teardown to 2024-07-08 00:00:00+00:00, run_after=2024-07-09 00:00:00+00:00
[2024-07-09T02:27:27.214+0000] {processor.py:183} INFO - Processing /home/airflow/.local/lib/python3.12/site-packages/airflow/example_dags/example_setup_teardown.py took 0.169 seconds
[2024-07-09T02:27:57.704+0000] {processor.py:161} INFO - Started process (PID=1365) to work on /home/airflow/.local/lib/python3.12/site-packages/airflow/example_dags/example_setup_teardown.py
[2024-07-09T02:27:57.710+0000] {processor.py:830} INFO - Processing file /home/airflow/.local/lib/python3.12/site-packages/airflow/example_dags/example_setup_teardown.py for tasks to queue
[2024-07-09T02:27:57.718+0000] {logging_mixin.py:188} INFO - [2024-07-09T02:27:57.717+0000] {dagbag.py:545} INFO - Filling up the DagBag from /home/airflow/.local/lib/python3.12/site-packages/airflow/example_dags/example_setup_teardown.py
[2024-07-09T02:27:57.740+0000] {processor.py:840} INFO - DAG(s) 'example_setup_teardown' retrieved from /home/airflow/.local/lib/python3.12/site-packages/airflow/example_dags/example_setup_teardown.py
[2024-07-09T02:27:57.798+0000] {logging_mixin.py:188} INFO - [2024-07-09T02:27:57.797+0000] {dag.py:3096} INFO - Sync 1 DAGs
[2024-07-09T02:27:57.857+0000] {logging_mixin.py:188} INFO - [2024-07-09T02:27:57.856+0000] {dag.py:3954} INFO - Setting next_dagrun for example_setup_teardown to 2024-07-08 00:00:00+00:00, run_after=2024-07-09 00:00:00+00:00
[2024-07-09T02:27:57.898+0000] {processor.py:183} INFO - Processing /home/airflow/.local/lib/python3.12/site-packages/airflow/example_dags/example_setup_teardown.py took 0.220 seconds
[2024-07-09T02:28:28.153+0000] {processor.py:161} INFO - Started process (PID=1425) to work on /home/airflow/.local/lib/python3.12/site-packages/airflow/example_dags/example_setup_teardown.py
[2024-07-09T02:28:28.166+0000] {processor.py:830} INFO - Processing file /home/airflow/.local/lib/python3.12/site-packages/airflow/example_dags/example_setup_teardown.py for tasks to queue
[2024-07-09T02:28:28.194+0000] {logging_mixin.py:188} INFO - [2024-07-09T02:28:28.194+0000] {dagbag.py:545} INFO - Filling up the DagBag from /home/airflow/.local/lib/python3.12/site-packages/airflow/example_dags/example_setup_teardown.py
[2024-07-09T02:28:28.227+0000] {processor.py:840} INFO - DAG(s) 'example_setup_teardown' retrieved from /home/airflow/.local/lib/python3.12/site-packages/airflow/example_dags/example_setup_teardown.py
[2024-07-09T02:28:28.331+0000] {logging_mixin.py:188} INFO - [2024-07-09T02:28:28.330+0000] {dag.py:3096} INFO - Sync 1 DAGs
[2024-07-09T02:28:28.453+0000] {logging_mixin.py:188} INFO - [2024-07-09T02:28:28.453+0000] {dag.py:3954} INFO - Setting next_dagrun for example_setup_teardown to 2024-07-08 00:00:00+00:00, run_after=2024-07-09 00:00:00+00:00
[2024-07-09T02:28:28.558+0000] {processor.py:183} INFO - Processing /home/airflow/.local/lib/python3.12/site-packages/airflow/example_dags/example_setup_teardown.py took 0.450 seconds
[2024-07-09T02:29:00.893+0000] {processor.py:161} INFO - Started process (PID=1484) to work on /home/airflow/.local/lib/python3.12/site-packages/airflow/example_dags/example_setup_teardown.py
[2024-07-09T02:29:00.898+0000] {processor.py:830} INFO - Processing file /home/airflow/.local/lib/python3.12/site-packages/airflow/example_dags/example_setup_teardown.py for tasks to queue
[2024-07-09T02:29:00.910+0000] {logging_mixin.py:188} INFO - [2024-07-09T02:29:00.909+0000] {dagbag.py:545} INFO - Filling up the DagBag from /home/airflow/.local/lib/python3.12/site-packages/airflow/example_dags/example_setup_teardown.py
[2024-07-09T02:29:00.960+0000] {processor.py:840} INFO - DAG(s) 'example_setup_teardown' retrieved from /home/airflow/.local/lib/python3.12/site-packages/airflow/example_dags/example_setup_teardown.py
[2024-07-09T02:29:01.103+0000] {logging_mixin.py:188} INFO - [2024-07-09T02:29:01.092+0000] {dag.py:3096} INFO - Sync 1 DAGs
[2024-07-09T02:29:01.269+0000] {logging_mixin.py:188} INFO - [2024-07-09T02:29:01.268+0000] {dag.py:3954} INFO - Setting next_dagrun for example_setup_teardown to 2024-07-08 00:00:00+00:00, run_after=2024-07-09 00:00:00+00:00
[2024-07-09T02:29:01.455+0000] {processor.py:183} INFO - Processing /home/airflow/.local/lib/python3.12/site-packages/airflow/example_dags/example_setup_teardown.py took 0.598 seconds
[2024-07-09T02:29:32.624+0000] {processor.py:161} INFO - Started process (PID=1543) to work on /home/airflow/.local/lib/python3.12/site-packages/airflow/example_dags/example_setup_teardown.py
[2024-07-09T02:29:32.636+0000] {processor.py:830} INFO - Processing file /home/airflow/.local/lib/python3.12/site-packages/airflow/example_dags/example_setup_teardown.py for tasks to queue
[2024-07-09T02:29:32.651+0000] {logging_mixin.py:188} INFO - [2024-07-09T02:29:32.641+0000] {dagbag.py:545} INFO - Filling up the DagBag from /home/airflow/.local/lib/python3.12/site-packages/airflow/example_dags/example_setup_teardown.py
[2024-07-09T02:29:32.706+0000] {processor.py:840} INFO - DAG(s) 'example_setup_teardown' retrieved from /home/airflow/.local/lib/python3.12/site-packages/airflow/example_dags/example_setup_teardown.py
[2024-07-09T02:29:32.809+0000] {logging_mixin.py:188} INFO - [2024-07-09T02:29:32.808+0000] {dag.py:3096} INFO - Sync 1 DAGs
[2024-07-09T02:29:32.947+0000] {logging_mixin.py:188} INFO - [2024-07-09T02:29:32.946+0000] {dag.py:3954} INFO - Setting next_dagrun for example_setup_teardown to 2024-07-08 00:00:00+00:00, run_after=2024-07-09 00:00:00+00:00
[2024-07-09T02:29:33.055+0000] {processor.py:183} INFO - Processing /home/airflow/.local/lib/python3.12/site-packages/airflow/example_dags/example_setup_teardown.py took 0.456 seconds
[2024-07-09T02:30:03.828+0000] {processor.py:161} INFO - Started process (PID=1603) to work on /home/airflow/.local/lib/python3.12/site-packages/airflow/example_dags/example_setup_teardown.py
[2024-07-09T02:30:03.830+0000] {processor.py:830} INFO - Processing file /home/airflow/.local/lib/python3.12/site-packages/airflow/example_dags/example_setup_teardown.py for tasks to queue
[2024-07-09T02:30:03.833+0000] {logging_mixin.py:188} INFO - [2024-07-09T02:30:03.832+0000] {dagbag.py:545} INFO - Filling up the DagBag from /home/airflow/.local/lib/python3.12/site-packages/airflow/example_dags/example_setup_teardown.py
[2024-07-09T02:30:03.847+0000] {processor.py:840} INFO - DAG(s) 'example_setup_teardown' retrieved from /home/airflow/.local/lib/python3.12/site-packages/airflow/example_dags/example_setup_teardown.py
[2024-07-09T02:30:03.890+0000] {logging_mixin.py:188} INFO - [2024-07-09T02:30:03.889+0000] {dag.py:3096} INFO - Sync 1 DAGs
[2024-07-09T02:30:03.947+0000] {logging_mixin.py:188} INFO - [2024-07-09T02:30:03.947+0000] {dag.py:3954} INFO - Setting next_dagrun for example_setup_teardown to 2024-07-08 00:00:00+00:00, run_after=2024-07-09 00:00:00+00:00
[2024-07-09T02:30:03.997+0000] {processor.py:183} INFO - Processing /home/airflow/.local/lib/python3.12/site-packages/airflow/example_dags/example_setup_teardown.py took 0.180 seconds
[2024-07-09T02:30:34.050+0000] {processor.py:161} INFO - Started process (PID=1663) to work on /home/airflow/.local/lib/python3.12/site-packages/airflow/example_dags/example_setup_teardown.py
[2024-07-09T02:30:34.053+0000] {processor.py:830} INFO - Processing file /home/airflow/.local/lib/python3.12/site-packages/airflow/example_dags/example_setup_teardown.py for tasks to queue
[2024-07-09T02:30:34.056+0000] {logging_mixin.py:188} INFO - [2024-07-09T02:30:34.055+0000] {dagbag.py:545} INFO - Filling up the DagBag from /home/airflow/.local/lib/python3.12/site-packages/airflow/example_dags/example_setup_teardown.py
[2024-07-09T02:30:34.063+0000] {processor.py:840} INFO - DAG(s) 'example_setup_teardown' retrieved from /home/airflow/.local/lib/python3.12/site-packages/airflow/example_dags/example_setup_teardown.py
[2024-07-09T02:30:34.089+0000] {logging_mixin.py:188} INFO - [2024-07-09T02:30:34.089+0000] {dag.py:3096} INFO - Sync 1 DAGs
[2024-07-09T02:30:34.121+0000] {logging_mixin.py:188} INFO - [2024-07-09T02:30:34.120+0000] {dag.py:3954} INFO - Setting next_dagrun for example_setup_teardown to 2024-07-08 00:00:00+00:00, run_after=2024-07-09 00:00:00+00:00
[2024-07-09T02:30:34.145+0000] {processor.py:183} INFO - Processing /home/airflow/.local/lib/python3.12/site-packages/airflow/example_dags/example_setup_teardown.py took 0.102 seconds
[2024-07-09T02:31:04.276+0000] {processor.py:161} INFO - Started process (PID=1723) to work on /home/airflow/.local/lib/python3.12/site-packages/airflow/example_dags/example_setup_teardown.py
[2024-07-09T02:31:04.278+0000] {processor.py:830} INFO - Processing file /home/airflow/.local/lib/python3.12/site-packages/airflow/example_dags/example_setup_teardown.py for tasks to queue
[2024-07-09T02:31:04.282+0000] {logging_mixin.py:188} INFO - [2024-07-09T02:31:04.281+0000] {dagbag.py:545} INFO - Filling up the DagBag from /home/airflow/.local/lib/python3.12/site-packages/airflow/example_dags/example_setup_teardown.py
[2024-07-09T02:31:04.292+0000] {processor.py:840} INFO - DAG(s) 'example_setup_teardown' retrieved from /home/airflow/.local/lib/python3.12/site-packages/airflow/example_dags/example_setup_teardown.py
[2024-07-09T02:31:04.345+0000] {logging_mixin.py:188} INFO - [2024-07-09T02:31:04.345+0000] {dag.py:3096} INFO - Sync 1 DAGs
[2024-07-09T02:31:04.395+0000] {logging_mixin.py:188} INFO - [2024-07-09T02:31:04.395+0000] {dag.py:3954} INFO - Setting next_dagrun for example_setup_teardown to 2024-07-08 00:00:00+00:00, run_after=2024-07-09 00:00:00+00:00
[2024-07-09T02:31:04.470+0000] {processor.py:183} INFO - Processing /home/airflow/.local/lib/python3.12/site-packages/airflow/example_dags/example_setup_teardown.py took 0.206 seconds
[2024-07-09T02:31:35.917+0000] {processor.py:161} INFO - Started process (PID=1783) to work on /home/airflow/.local/lib/python3.12/site-packages/airflow/example_dags/example_setup_teardown.py
[2024-07-09T02:31:35.919+0000] {processor.py:830} INFO - Processing file /home/airflow/.local/lib/python3.12/site-packages/airflow/example_dags/example_setup_teardown.py for tasks to queue
[2024-07-09T02:31:35.924+0000] {logging_mixin.py:188} INFO - [2024-07-09T02:31:35.923+0000] {dagbag.py:545} INFO - Filling up the DagBag from /home/airflow/.local/lib/python3.12/site-packages/airflow/example_dags/example_setup_teardown.py
[2024-07-09T02:31:35.944+0000] {processor.py:840} INFO - DAG(s) 'example_setup_teardown' retrieved from /home/airflow/.local/lib/python3.12/site-packages/airflow/example_dags/example_setup_teardown.py
[2024-07-09T02:31:36.010+0000] {logging_mixin.py:188} INFO - [2024-07-09T02:31:36.009+0000] {dag.py:3096} INFO - Sync 1 DAGs
[2024-07-09T02:31:36.071+0000] {logging_mixin.py:188} INFO - [2024-07-09T02:31:36.071+0000] {dag.py:3954} INFO - Setting next_dagrun for example_setup_teardown to 2024-07-08 00:00:00+00:00, run_after=2024-07-09 00:00:00+00:00
[2024-07-09T02:31:36.107+0000] {processor.py:183} INFO - Processing /home/airflow/.local/lib/python3.12/site-packages/airflow/example_dags/example_setup_teardown.py took 0.203 seconds
[2024-07-09T02:32:08.030+0000] {processor.py:161} INFO - Started process (PID=1843) to work on /home/airflow/.local/lib/python3.12/site-packages/airflow/example_dags/example_setup_teardown.py
[2024-07-09T02:32:08.032+0000] {processor.py:830} INFO - Processing file /home/airflow/.local/lib/python3.12/site-packages/airflow/example_dags/example_setup_teardown.py for tasks to queue
[2024-07-09T02:32:08.042+0000] {logging_mixin.py:188} INFO - [2024-07-09T02:32:08.036+0000] {dagbag.py:545} INFO - Filling up the DagBag from /home/airflow/.local/lib/python3.12/site-packages/airflow/example_dags/example_setup_teardown.py
[2024-07-09T02:32:08.063+0000] {processor.py:840} INFO - DAG(s) 'example_setup_teardown' retrieved from /home/airflow/.local/lib/python3.12/site-packages/airflow/example_dags/example_setup_teardown.py
[2024-07-09T02:32:08.115+0000] {logging_mixin.py:188} INFO - [2024-07-09T02:32:08.115+0000] {dag.py:3096} INFO - Sync 1 DAGs
[2024-07-09T02:32:08.400+0000] {logging_mixin.py:188} INFO - [2024-07-09T02:32:08.400+0000] {dag.py:3954} INFO - Setting next_dagrun for example_setup_teardown to 2024-07-08 00:00:00+00:00, run_after=2024-07-09 00:00:00+00:00
[2024-07-09T02:32:08.446+0000] {processor.py:183} INFO - Processing /home/airflow/.local/lib/python3.12/site-packages/airflow/example_dags/example_setup_teardown.py took 0.438 seconds
[2024-07-09T02:32:39.075+0000] {processor.py:161} INFO - Started process (PID=1903) to work on /home/airflow/.local/lib/python3.12/site-packages/airflow/example_dags/example_setup_teardown.py
[2024-07-09T02:32:39.076+0000] {processor.py:830} INFO - Processing file /home/airflow/.local/lib/python3.12/site-packages/airflow/example_dags/example_setup_teardown.py for tasks to queue
[2024-07-09T02:32:39.079+0000] {logging_mixin.py:188} INFO - [2024-07-09T02:32:39.079+0000] {dagbag.py:545} INFO - Filling up the DagBag from /home/airflow/.local/lib/python3.12/site-packages/airflow/example_dags/example_setup_teardown.py
[2024-07-09T02:32:39.088+0000] {processor.py:840} INFO - DAG(s) 'example_setup_teardown' retrieved from /home/airflow/.local/lib/python3.12/site-packages/airflow/example_dags/example_setup_teardown.py
[2024-07-09T02:32:39.118+0000] {logging_mixin.py:188} INFO - [2024-07-09T02:32:39.117+0000] {dag.py:3096} INFO - Sync 1 DAGs
[2024-07-09T02:32:39.149+0000] {logging_mixin.py:188} INFO - [2024-07-09T02:32:39.148+0000] {dag.py:3954} INFO - Setting next_dagrun for example_setup_teardown to 2024-07-08 00:00:00+00:00, run_after=2024-07-09 00:00:00+00:00
[2024-07-09T02:32:39.338+0000] {processor.py:183} INFO - Processing /home/airflow/.local/lib/python3.12/site-packages/airflow/example_dags/example_setup_teardown.py took 0.273 seconds
[2024-07-09T02:33:10.159+0000] {processor.py:161} INFO - Started process (PID=1962) to work on /home/airflow/.local/lib/python3.12/site-packages/airflow/example_dags/example_setup_teardown.py
[2024-07-09T02:33:10.161+0000] {processor.py:830} INFO - Processing file /home/airflow/.local/lib/python3.12/site-packages/airflow/example_dags/example_setup_teardown.py for tasks to queue
[2024-07-09T02:33:10.164+0000] {logging_mixin.py:188} INFO - [2024-07-09T02:33:10.164+0000] {dagbag.py:545} INFO - Filling up the DagBag from /home/airflow/.local/lib/python3.12/site-packages/airflow/example_dags/example_setup_teardown.py
[2024-07-09T02:33:10.175+0000] {processor.py:840} INFO - DAG(s) 'example_setup_teardown' retrieved from /home/airflow/.local/lib/python3.12/site-packages/airflow/example_dags/example_setup_teardown.py
[2024-07-09T02:33:10.207+0000] {logging_mixin.py:188} INFO - [2024-07-09T02:33:10.207+0000] {dag.py:3096} INFO - Sync 1 DAGs
[2024-07-09T02:33:10.235+0000] {logging_mixin.py:188} INFO - [2024-07-09T02:33:10.235+0000] {dag.py:3954} INFO - Setting next_dagrun for example_setup_teardown to 2024-07-08 00:00:00+00:00, run_after=2024-07-09 00:00:00+00:00
[2024-07-09T02:33:10.259+0000] {processor.py:183} INFO - Processing /home/airflow/.local/lib/python3.12/site-packages/airflow/example_dags/example_setup_teardown.py took 0.111 seconds
[2024-07-09T02:33:40.335+0000] {processor.py:161} INFO - Started process (PID=2022) to work on /home/airflow/.local/lib/python3.12/site-packages/airflow/example_dags/example_setup_teardown.py
[2024-07-09T02:33:40.336+0000] {processor.py:830} INFO - Processing file /home/airflow/.local/lib/python3.12/site-packages/airflow/example_dags/example_setup_teardown.py for tasks to queue
[2024-07-09T02:33:40.338+0000] {logging_mixin.py:188} INFO - [2024-07-09T02:33:40.338+0000] {dagbag.py:545} INFO - Filling up the DagBag from /home/airflow/.local/lib/python3.12/site-packages/airflow/example_dags/example_setup_teardown.py
[2024-07-09T02:33:40.345+0000] {processor.py:840} INFO - DAG(s) 'example_setup_teardown' retrieved from /home/airflow/.local/lib/python3.12/site-packages/airflow/example_dags/example_setup_teardown.py
[2024-07-09T02:33:40.368+0000] {logging_mixin.py:188} INFO - [2024-07-09T02:33:40.368+0000] {dag.py:3096} INFO - Sync 1 DAGs
[2024-07-09T02:33:40.392+0000] {logging_mixin.py:188} INFO - [2024-07-09T02:33:40.391+0000] {dag.py:3954} INFO - Setting next_dagrun for example_setup_teardown to 2024-07-08 00:00:00+00:00, run_after=2024-07-09 00:00:00+00:00
[2024-07-09T02:33:40.433+0000] {processor.py:183} INFO - Processing /home/airflow/.local/lib/python3.12/site-packages/airflow/example_dags/example_setup_teardown.py took 0.105 seconds
