[2024-07-09T01:48:53.554+0000] {processor.py:161} INFO - Started process (PID=83) to work on /home/airflow/.local/lib/python3.12/site-packages/airflow/example_dags/example_sla_dag.py
[2024-07-09T01:48:53.556+0000] {processor.py:830} INFO - Processing file /home/airflow/.local/lib/python3.12/site-packages/airflow/example_dags/example_sla_dag.py for tasks to queue
[2024-07-09T01:48:53.560+0000] {logging_mixin.py:188} INFO - [2024-07-09T01:48:53.559+0000] {dagbag.py:545} INFO - Filling up the DagBag from /home/airflow/.local/lib/python3.12/site-packages/airflow/example_dags/example_sla_dag.py
[2024-07-09T01:48:53.580+0000] {processor.py:840} INFO - DAG(s) 'example_sla_dag' retrieved from /home/airflow/.local/lib/python3.12/site-packages/airflow/example_dags/example_sla_dag.py
[2024-07-09T01:48:53.837+0000] {logging_mixin.py:188} INFO - [2024-07-09T01:48:53.836+0000] {override.py:1829} INFO - Created Permission View: can edit on DAG:example_sla_dag
[2024-07-09T01:48:53.858+0000] {logging_mixin.py:188} INFO - [2024-07-09T01:48:53.857+0000] {override.py:1829} INFO - Created Permission View: can read on DAG:example_sla_dag
[2024-07-09T01:48:53.870+0000] {logging_mixin.py:188} INFO - [2024-07-09T01:48:53.870+0000] {override.py:1829} INFO - Created Permission View: can delete on DAG:example_sla_dag
[2024-07-09T01:48:53.871+0000] {logging_mixin.py:188} INFO - [2024-07-09T01:48:53.871+0000] {dag.py:3096} INFO - Sync 1 DAGs
[2024-07-09T01:48:53.892+0000] {logging_mixin.py:188} INFO - [2024-07-09T01:48:53.892+0000] {dag.py:3118} INFO - Creating ORM DAG for example_sla_dag
[2024-07-09T01:48:53.916+0000] {logging_mixin.py:188} INFO - [2024-07-09T01:48:53.916+0000] {dag.py:3954} INFO - Setting next_dagrun for example_sla_dag to 2024-07-09 01:46:00+00:00, run_after=2024-07-09 01:48:00+00:00
[2024-07-09T01:48:53.949+0000] {processor.py:183} INFO - Processing /home/airflow/.local/lib/python3.12/site-packages/airflow/example_dags/example_sla_dag.py took 0.403 seconds
[2024-07-09T01:49:24.933+0000] {processor.py:161} INFO - Started process (PID=144) to work on /home/airflow/.local/lib/python3.12/site-packages/airflow/example_dags/example_sla_dag.py
[2024-07-09T01:49:24.935+0000] {processor.py:830} INFO - Processing file /home/airflow/.local/lib/python3.12/site-packages/airflow/example_dags/example_sla_dag.py for tasks to queue
[2024-07-09T01:49:24.938+0000] {logging_mixin.py:188} INFO - [2024-07-09T01:49:24.937+0000] {dagbag.py:545} INFO - Filling up the DagBag from /home/airflow/.local/lib/python3.12/site-packages/airflow/example_dags/example_sla_dag.py
[2024-07-09T01:49:24.950+0000] {processor.py:840} INFO - DAG(s) 'example_sla_dag' retrieved from /home/airflow/.local/lib/python3.12/site-packages/airflow/example_dags/example_sla_dag.py
[2024-07-09T01:49:24.979+0000] {logging_mixin.py:188} INFO - [2024-07-09T01:49:24.978+0000] {dag.py:3096} INFO - Sync 1 DAGs
[2024-07-09T01:49:25.016+0000] {logging_mixin.py:188} INFO - [2024-07-09T01:49:25.016+0000] {dag.py:3954} INFO - Setting next_dagrun for example_sla_dag to 2024-07-09 01:46:00+00:00, run_after=2024-07-09 01:48:00+00:00
[2024-07-09T01:49:25.047+0000] {processor.py:183} INFO - Processing /home/airflow/.local/lib/python3.12/site-packages/airflow/example_dags/example_sla_dag.py took 0.121 seconds
[2024-07-09T01:49:55.138+0000] {processor.py:161} INFO - Started process (PID=204) to work on /home/airflow/.local/lib/python3.12/site-packages/airflow/example_dags/example_sla_dag.py
[2024-07-09T01:49:55.139+0000] {processor.py:830} INFO - Processing file /home/airflow/.local/lib/python3.12/site-packages/airflow/example_dags/example_sla_dag.py for tasks to queue
[2024-07-09T01:49:55.142+0000] {logging_mixin.py:188} INFO - [2024-07-09T01:49:55.141+0000] {dagbag.py:545} INFO - Filling up the DagBag from /home/airflow/.local/lib/python3.12/site-packages/airflow/example_dags/example_sla_dag.py
[2024-07-09T01:49:55.157+0000] {processor.py:840} INFO - DAG(s) 'example_sla_dag' retrieved from /home/airflow/.local/lib/python3.12/site-packages/airflow/example_dags/example_sla_dag.py
[2024-07-09T01:49:55.191+0000] {logging_mixin.py:188} INFO - [2024-07-09T01:49:55.190+0000] {dag.py:3096} INFO - Sync 1 DAGs
[2024-07-09T01:49:55.228+0000] {logging_mixin.py:188} INFO - [2024-07-09T01:49:55.228+0000] {dag.py:3954} INFO - Setting next_dagrun for example_sla_dag to 2024-07-09 01:46:00+00:00, run_after=2024-07-09 01:48:00+00:00
[2024-07-09T01:49:55.258+0000] {processor.py:183} INFO - Processing /home/airflow/.local/lib/python3.12/site-packages/airflow/example_dags/example_sla_dag.py took 0.128 seconds
[2024-07-09T01:50:26.038+0000] {processor.py:161} INFO - Started process (PID=264) to work on /home/airflow/.local/lib/python3.12/site-packages/airflow/example_dags/example_sla_dag.py
[2024-07-09T01:50:26.040+0000] {processor.py:830} INFO - Processing file /home/airflow/.local/lib/python3.12/site-packages/airflow/example_dags/example_sla_dag.py for tasks to queue
[2024-07-09T01:50:26.042+0000] {logging_mixin.py:188} INFO - [2024-07-09T01:50:26.042+0000] {dagbag.py:545} INFO - Filling up the DagBag from /home/airflow/.local/lib/python3.12/site-packages/airflow/example_dags/example_sla_dag.py
[2024-07-09T01:50:26.055+0000] {processor.py:840} INFO - DAG(s) 'example_sla_dag' retrieved from /home/airflow/.local/lib/python3.12/site-packages/airflow/example_dags/example_sla_dag.py
[2024-07-09T01:50:26.085+0000] {logging_mixin.py:188} INFO - [2024-07-09T01:50:26.085+0000] {dag.py:3096} INFO - Sync 1 DAGs
[2024-07-09T01:50:26.136+0000] {logging_mixin.py:188} INFO - [2024-07-09T01:50:26.136+0000] {dag.py:3954} INFO - Setting next_dagrun for example_sla_dag to 2024-07-09 01:48:00+00:00, run_after=2024-07-09 01:50:00+00:00
[2024-07-09T01:50:26.169+0000] {processor.py:183} INFO - Processing /home/airflow/.local/lib/python3.12/site-packages/airflow/example_dags/example_sla_dag.py took 0.141 seconds
[2024-07-09T01:50:56.522+0000] {processor.py:161} INFO - Started process (PID=324) to work on /home/airflow/.local/lib/python3.12/site-packages/airflow/example_dags/example_sla_dag.py
[2024-07-09T01:50:56.523+0000] {processor.py:830} INFO - Processing file /home/airflow/.local/lib/python3.12/site-packages/airflow/example_dags/example_sla_dag.py for tasks to queue
[2024-07-09T01:50:56.526+0000] {logging_mixin.py:188} INFO - [2024-07-09T01:50:56.525+0000] {dagbag.py:545} INFO - Filling up the DagBag from /home/airflow/.local/lib/python3.12/site-packages/airflow/example_dags/example_sla_dag.py
[2024-07-09T01:50:56.536+0000] {processor.py:840} INFO - DAG(s) 'example_sla_dag' retrieved from /home/airflow/.local/lib/python3.12/site-packages/airflow/example_dags/example_sla_dag.py
[2024-07-09T01:50:56.563+0000] {logging_mixin.py:188} INFO - [2024-07-09T01:50:56.562+0000] {dag.py:3096} INFO - Sync 1 DAGs
[2024-07-09T01:50:56.593+0000] {logging_mixin.py:188} INFO - [2024-07-09T01:50:56.593+0000] {dag.py:3954} INFO - Setting next_dagrun for example_sla_dag to 2024-07-09 01:48:00+00:00, run_after=2024-07-09 01:50:00+00:00
[2024-07-09T01:50:56.619+0000] {processor.py:183} INFO - Processing /home/airflow/.local/lib/python3.12/site-packages/airflow/example_dags/example_sla_dag.py took 0.104 seconds
[2024-07-09T01:51:27.244+0000] {processor.py:161} INFO - Started process (PID=384) to work on /home/airflow/.local/lib/python3.12/site-packages/airflow/example_dags/example_sla_dag.py
[2024-07-09T01:51:27.246+0000] {processor.py:830} INFO - Processing file /home/airflow/.local/lib/python3.12/site-packages/airflow/example_dags/example_sla_dag.py for tasks to queue
[2024-07-09T01:51:27.249+0000] {logging_mixin.py:188} INFO - [2024-07-09T01:51:27.249+0000] {dagbag.py:545} INFO - Filling up the DagBag from /home/airflow/.local/lib/python3.12/site-packages/airflow/example_dags/example_sla_dag.py
[2024-07-09T01:51:27.262+0000] {processor.py:840} INFO - DAG(s) 'example_sla_dag' retrieved from /home/airflow/.local/lib/python3.12/site-packages/airflow/example_dags/example_sla_dag.py
[2024-07-09T01:51:27.294+0000] {logging_mixin.py:188} INFO - [2024-07-09T01:51:27.294+0000] {dag.py:3096} INFO - Sync 1 DAGs
[2024-07-09T01:51:27.358+0000] {logging_mixin.py:188} INFO - [2024-07-09T01:51:27.358+0000] {dag.py:3954} INFO - Setting next_dagrun for example_sla_dag to 2024-07-09 01:48:00+00:00, run_after=2024-07-09 01:50:00+00:00
[2024-07-09T01:51:27.393+0000] {processor.py:183} INFO - Processing /home/airflow/.local/lib/python3.12/site-packages/airflow/example_dags/example_sla_dag.py took 0.159 seconds
[2024-07-09T01:51:57.657+0000] {processor.py:161} INFO - Started process (PID=444) to work on /home/airflow/.local/lib/python3.12/site-packages/airflow/example_dags/example_sla_dag.py
[2024-07-09T01:51:57.658+0000] {processor.py:830} INFO - Processing file /home/airflow/.local/lib/python3.12/site-packages/airflow/example_dags/example_sla_dag.py for tasks to queue
[2024-07-09T01:51:57.661+0000] {logging_mixin.py:188} INFO - [2024-07-09T01:51:57.660+0000] {dagbag.py:545} INFO - Filling up the DagBag from /home/airflow/.local/lib/python3.12/site-packages/airflow/example_dags/example_sla_dag.py
[2024-07-09T01:51:57.673+0000] {processor.py:840} INFO - DAG(s) 'example_sla_dag' retrieved from /home/airflow/.local/lib/python3.12/site-packages/airflow/example_dags/example_sla_dag.py
[2024-07-09T01:51:57.698+0000] {logging_mixin.py:188} INFO - [2024-07-09T01:51:57.697+0000] {dag.py:3096} INFO - Sync 1 DAGs
[2024-07-09T01:51:57.732+0000] {logging_mixin.py:188} INFO - [2024-07-09T01:51:57.731+0000] {dag.py:3954} INFO - Setting next_dagrun for example_sla_dag to 2024-07-09 01:48:00+00:00, run_after=2024-07-09 01:50:00+00:00
[2024-07-09T01:51:57.804+0000] {processor.py:183} INFO - Processing /home/airflow/.local/lib/python3.12/site-packages/airflow/example_dags/example_sla_dag.py took 0.153 seconds
[2024-07-09T01:52:28.459+0000] {processor.py:161} INFO - Started process (PID=510) to work on /home/airflow/.local/lib/python3.12/site-packages/airflow/example_dags/example_sla_dag.py
[2024-07-09T01:52:28.461+0000] {processor.py:830} INFO - Processing file /home/airflow/.local/lib/python3.12/site-packages/airflow/example_dags/example_sla_dag.py for tasks to queue
[2024-07-09T01:52:28.464+0000] {logging_mixin.py:188} INFO - [2024-07-09T01:52:28.463+0000] {dagbag.py:545} INFO - Filling up the DagBag from /home/airflow/.local/lib/python3.12/site-packages/airflow/example_dags/example_sla_dag.py
[2024-07-09T01:52:28.478+0000] {processor.py:840} INFO - DAG(s) 'example_sla_dag' retrieved from /home/airflow/.local/lib/python3.12/site-packages/airflow/example_dags/example_sla_dag.py
[2024-07-09T01:52:28.511+0000] {logging_mixin.py:188} INFO - [2024-07-09T01:52:28.510+0000] {dag.py:3096} INFO - Sync 1 DAGs
[2024-07-09T01:52:28.552+0000] {logging_mixin.py:188} INFO - [2024-07-09T01:52:28.551+0000] {dag.py:3954} INFO - Setting next_dagrun for example_sla_dag to 2024-07-09 01:50:00+00:00, run_after=2024-07-09 01:52:00+00:00
[2024-07-09T01:52:28.587+0000] {processor.py:183} INFO - Processing /home/airflow/.local/lib/python3.12/site-packages/airflow/example_dags/example_sla_dag.py took 0.139 seconds
[2024-07-09T01:52:59.851+0000] {processor.py:161} INFO - Started process (PID=569) to work on /home/airflow/.local/lib/python3.12/site-packages/airflow/example_dags/example_sla_dag.py
[2024-07-09T01:52:59.853+0000] {processor.py:830} INFO - Processing file /home/airflow/.local/lib/python3.12/site-packages/airflow/example_dags/example_sla_dag.py for tasks to queue
[2024-07-09T01:52:59.855+0000] {logging_mixin.py:188} INFO - [2024-07-09T01:52:59.855+0000] {dagbag.py:545} INFO - Filling up the DagBag from /home/airflow/.local/lib/python3.12/site-packages/airflow/example_dags/example_sla_dag.py
[2024-07-09T01:52:59.866+0000] {processor.py:840} INFO - DAG(s) 'example_sla_dag' retrieved from /home/airflow/.local/lib/python3.12/site-packages/airflow/example_dags/example_sla_dag.py
[2024-07-09T01:52:59.894+0000] {logging_mixin.py:188} INFO - [2024-07-09T01:52:59.894+0000] {dag.py:3096} INFO - Sync 1 DAGs
[2024-07-09T01:52:59.926+0000] {logging_mixin.py:188} INFO - [2024-07-09T01:52:59.926+0000] {dag.py:3954} INFO - Setting next_dagrun for example_sla_dag to 2024-07-09 01:50:00+00:00, run_after=2024-07-09 01:52:00+00:00
[2024-07-09T01:52:59.977+0000] {processor.py:183} INFO - Processing /home/airflow/.local/lib/python3.12/site-packages/airflow/example_dags/example_sla_dag.py took 0.133 seconds
[2024-07-09T01:53:31.173+0000] {processor.py:161} INFO - Started process (PID=628) to work on /home/airflow/.local/lib/python3.12/site-packages/airflow/example_dags/example_sla_dag.py
[2024-07-09T01:53:31.174+0000] {processor.py:830} INFO - Processing file /home/airflow/.local/lib/python3.12/site-packages/airflow/example_dags/example_sla_dag.py for tasks to queue
[2024-07-09T01:53:31.177+0000] {logging_mixin.py:188} INFO - [2024-07-09T01:53:31.177+0000] {dagbag.py:545} INFO - Filling up the DagBag from /home/airflow/.local/lib/python3.12/site-packages/airflow/example_dags/example_sla_dag.py
[2024-07-09T01:53:31.194+0000] {processor.py:840} INFO - DAG(s) 'example_sla_dag' retrieved from /home/airflow/.local/lib/python3.12/site-packages/airflow/example_dags/example_sla_dag.py
[2024-07-09T01:53:31.230+0000] {logging_mixin.py:188} INFO - [2024-07-09T01:53:31.230+0000] {dag.py:3096} INFO - Sync 1 DAGs
[2024-07-09T01:53:31.274+0000] {logging_mixin.py:188} INFO - [2024-07-09T01:53:31.274+0000] {dag.py:3954} INFO - Setting next_dagrun for example_sla_dag to 2024-07-09 01:50:00+00:00, run_after=2024-07-09 01:52:00+00:00
[2024-07-09T01:53:31.307+0000] {processor.py:183} INFO - Processing /home/airflow/.local/lib/python3.12/site-packages/airflow/example_dags/example_sla_dag.py took 0.147 seconds
[2024-07-09T01:54:01.750+0000] {processor.py:161} INFO - Started process (PID=688) to work on /home/airflow/.local/lib/python3.12/site-packages/airflow/example_dags/example_sla_dag.py
[2024-07-09T01:54:01.751+0000] {processor.py:830} INFO - Processing file /home/airflow/.local/lib/python3.12/site-packages/airflow/example_dags/example_sla_dag.py for tasks to queue
[2024-07-09T01:54:01.754+0000] {logging_mixin.py:188} INFO - [2024-07-09T01:54:01.754+0000] {dagbag.py:545} INFO - Filling up the DagBag from /home/airflow/.local/lib/python3.12/site-packages/airflow/example_dags/example_sla_dag.py
[2024-07-09T01:54:01.767+0000] {processor.py:840} INFO - DAG(s) 'example_sla_dag' retrieved from /home/airflow/.local/lib/python3.12/site-packages/airflow/example_dags/example_sla_dag.py
[2024-07-09T01:54:01.795+0000] {logging_mixin.py:188} INFO - [2024-07-09T01:54:01.794+0000] {dag.py:3096} INFO - Sync 1 DAGs
[2024-07-09T01:54:01.836+0000] {logging_mixin.py:188} INFO - [2024-07-09T01:54:01.835+0000] {dag.py:3954} INFO - Setting next_dagrun for example_sla_dag to 2024-07-09 01:52:00+00:00, run_after=2024-07-09 01:54:00+00:00
[2024-07-09T01:54:01.884+0000] {processor.py:183} INFO - Processing /home/airflow/.local/lib/python3.12/site-packages/airflow/example_dags/example_sla_dag.py took 0.143 seconds
[2024-07-09T01:54:32.716+0000] {processor.py:161} INFO - Started process (PID=748) to work on /home/airflow/.local/lib/python3.12/site-packages/airflow/example_dags/example_sla_dag.py
[2024-07-09T01:54:32.717+0000] {processor.py:830} INFO - Processing file /home/airflow/.local/lib/python3.12/site-packages/airflow/example_dags/example_sla_dag.py for tasks to queue
[2024-07-09T01:54:32.720+0000] {logging_mixin.py:188} INFO - [2024-07-09T01:54:32.720+0000] {dagbag.py:545} INFO - Filling up the DagBag from /home/airflow/.local/lib/python3.12/site-packages/airflow/example_dags/example_sla_dag.py
[2024-07-09T01:54:32.733+0000] {processor.py:840} INFO - DAG(s) 'example_sla_dag' retrieved from /home/airflow/.local/lib/python3.12/site-packages/airflow/example_dags/example_sla_dag.py
[2024-07-09T01:54:32.763+0000] {logging_mixin.py:188} INFO - [2024-07-09T01:54:32.763+0000] {dag.py:3096} INFO - Sync 1 DAGs
[2024-07-09T01:54:32.800+0000] {logging_mixin.py:188} INFO - [2024-07-09T01:54:32.800+0000] {dag.py:3954} INFO - Setting next_dagrun for example_sla_dag to 2024-07-09 01:52:00+00:00, run_after=2024-07-09 01:54:00+00:00
[2024-07-09T01:54:32.832+0000] {processor.py:183} INFO - Processing /home/airflow/.local/lib/python3.12/site-packages/airflow/example_dags/example_sla_dag.py took 0.124 seconds
[2024-07-09T01:55:03.094+0000] {processor.py:161} INFO - Started process (PID=805) to work on /home/airflow/.local/lib/python3.12/site-packages/airflow/example_dags/example_sla_dag.py
[2024-07-09T01:55:03.096+0000] {processor.py:830} INFO - Processing file /home/airflow/.local/lib/python3.12/site-packages/airflow/example_dags/example_sla_dag.py for tasks to queue
[2024-07-09T01:55:03.098+0000] {logging_mixin.py:188} INFO - [2024-07-09T01:55:03.098+0000] {dagbag.py:545} INFO - Filling up the DagBag from /home/airflow/.local/lib/python3.12/site-packages/airflow/example_dags/example_sla_dag.py
[2024-07-09T01:55:03.110+0000] {processor.py:840} INFO - DAG(s) 'example_sla_dag' retrieved from /home/airflow/.local/lib/python3.12/site-packages/airflow/example_dags/example_sla_dag.py
[2024-07-09T01:55:03.133+0000] {logging_mixin.py:188} INFO - [2024-07-09T01:55:03.132+0000] {dag.py:3096} INFO - Sync 1 DAGs
[2024-07-09T01:55:03.167+0000] {logging_mixin.py:188} INFO - [2024-07-09T01:55:03.167+0000] {dag.py:3954} INFO - Setting next_dagrun for example_sla_dag to 2024-07-09 01:52:00+00:00, run_after=2024-07-09 01:54:00+00:00
[2024-07-09T01:55:03.194+0000] {processor.py:183} INFO - Processing /home/airflow/.local/lib/python3.12/site-packages/airflow/example_dags/example_sla_dag.py took 0.108 seconds
[2024-07-09T01:55:33.889+0000] {processor.py:161} INFO - Started process (PID=865) to work on /home/airflow/.local/lib/python3.12/site-packages/airflow/example_dags/example_sla_dag.py
[2024-07-09T01:55:33.890+0000] {processor.py:830} INFO - Processing file /home/airflow/.local/lib/python3.12/site-packages/airflow/example_dags/example_sla_dag.py for tasks to queue
[2024-07-09T01:55:33.893+0000] {logging_mixin.py:188} INFO - [2024-07-09T01:55:33.893+0000] {dagbag.py:545} INFO - Filling up the DagBag from /home/airflow/.local/lib/python3.12/site-packages/airflow/example_dags/example_sla_dag.py
[2024-07-09T01:55:33.909+0000] {processor.py:840} INFO - DAG(s) 'example_sla_dag' retrieved from /home/airflow/.local/lib/python3.12/site-packages/airflow/example_dags/example_sla_dag.py
[2024-07-09T01:55:33.942+0000] {logging_mixin.py:188} INFO - [2024-07-09T01:55:33.941+0000] {dag.py:3096} INFO - Sync 1 DAGs
[2024-07-09T01:55:33.993+0000] {logging_mixin.py:188} INFO - [2024-07-09T01:55:33.992+0000] {dag.py:3954} INFO - Setting next_dagrun for example_sla_dag to 2024-07-09 01:52:00+00:00, run_after=2024-07-09 01:54:00+00:00
[2024-07-09T01:55:34.025+0000] {processor.py:183} INFO - Processing /home/airflow/.local/lib/python3.12/site-packages/airflow/example_dags/example_sla_dag.py took 0.148 seconds
[2024-07-09T01:56:05.678+0000] {processor.py:161} INFO - Started process (PID=924) to work on /home/airflow/.local/lib/python3.12/site-packages/airflow/example_dags/example_sla_dag.py
[2024-07-09T01:56:05.682+0000] {processor.py:830} INFO - Processing file /home/airflow/.local/lib/python3.12/site-packages/airflow/example_dags/example_sla_dag.py for tasks to queue
[2024-07-09T01:56:05.691+0000] {logging_mixin.py:188} INFO - [2024-07-09T01:56:05.690+0000] {dagbag.py:545} INFO - Filling up the DagBag from /home/airflow/.local/lib/python3.12/site-packages/airflow/example_dags/example_sla_dag.py
[2024-07-09T01:56:05.724+0000] {processor.py:840} INFO - DAG(s) 'example_sla_dag' retrieved from /home/airflow/.local/lib/python3.12/site-packages/airflow/example_dags/example_sla_dag.py
[2024-07-09T01:56:05.763+0000] {logging_mixin.py:188} INFO - [2024-07-09T01:56:05.763+0000] {dag.py:3096} INFO - Sync 1 DAGs
[2024-07-09T01:56:05.848+0000] {logging_mixin.py:188} INFO - [2024-07-09T01:56:05.847+0000] {dag.py:3954} INFO - Setting next_dagrun for example_sla_dag to 2024-07-09 01:54:00+00:00, run_after=2024-07-09 01:56:00+00:00
[2024-07-09T01:56:05.982+0000] {processor.py:183} INFO - Processing /home/airflow/.local/lib/python3.12/site-packages/airflow/example_dags/example_sla_dag.py took 0.328 seconds
[2024-07-09T01:56:36.670+0000] {processor.py:161} INFO - Started process (PID=984) to work on /home/airflow/.local/lib/python3.12/site-packages/airflow/example_dags/example_sla_dag.py
[2024-07-09T01:56:36.672+0000] {processor.py:830} INFO - Processing file /home/airflow/.local/lib/python3.12/site-packages/airflow/example_dags/example_sla_dag.py for tasks to queue
[2024-07-09T01:56:36.676+0000] {logging_mixin.py:188} INFO - [2024-07-09T01:56:36.675+0000] {dagbag.py:545} INFO - Filling up the DagBag from /home/airflow/.local/lib/python3.12/site-packages/airflow/example_dags/example_sla_dag.py
[2024-07-09T01:56:36.691+0000] {processor.py:840} INFO - DAG(s) 'example_sla_dag' retrieved from /home/airflow/.local/lib/python3.12/site-packages/airflow/example_dags/example_sla_dag.py
[2024-07-09T01:56:36.723+0000] {logging_mixin.py:188} INFO - [2024-07-09T01:56:36.722+0000] {dag.py:3096} INFO - Sync 1 DAGs
[2024-07-09T01:56:36.771+0000] {logging_mixin.py:188} INFO - [2024-07-09T01:56:36.771+0000] {dag.py:3954} INFO - Setting next_dagrun for example_sla_dag to 2024-07-09 01:54:00+00:00, run_after=2024-07-09 01:56:00+00:00
[2024-07-09T01:56:36.813+0000] {processor.py:183} INFO - Processing /home/airflow/.local/lib/python3.12/site-packages/airflow/example_dags/example_sla_dag.py took 0.154 seconds
[2024-07-09T01:57:07.135+0000] {processor.py:161} INFO - Started process (PID=1045) to work on /home/airflow/.local/lib/python3.12/site-packages/airflow/example_dags/example_sla_dag.py
[2024-07-09T01:57:07.137+0000] {processor.py:830} INFO - Processing file /home/airflow/.local/lib/python3.12/site-packages/airflow/example_dags/example_sla_dag.py for tasks to queue
[2024-07-09T01:57:07.140+0000] {logging_mixin.py:188} INFO - [2024-07-09T01:57:07.139+0000] {dagbag.py:545} INFO - Filling up the DagBag from /home/airflow/.local/lib/python3.12/site-packages/airflow/example_dags/example_sla_dag.py
[2024-07-09T01:57:07.155+0000] {processor.py:840} INFO - DAG(s) 'example_sla_dag' retrieved from /home/airflow/.local/lib/python3.12/site-packages/airflow/example_dags/example_sla_dag.py
[2024-07-09T01:57:07.181+0000] {logging_mixin.py:188} INFO - [2024-07-09T01:57:07.181+0000] {dag.py:3096} INFO - Sync 1 DAGs
[2024-07-09T01:57:07.223+0000] {logging_mixin.py:188} INFO - [2024-07-09T01:57:07.223+0000] {dag.py:3954} INFO - Setting next_dagrun for example_sla_dag to 2024-07-09 01:54:00+00:00, run_after=2024-07-09 01:56:00+00:00
[2024-07-09T01:57:07.250+0000] {processor.py:183} INFO - Processing /home/airflow/.local/lib/python3.12/site-packages/airflow/example_dags/example_sla_dag.py took 0.126 seconds
[2024-07-09T02:00:24.853+0000] {processor.py:161} INFO - Started process (PID=82) to work on /home/airflow/.local/lib/python3.12/site-packages/airflow/example_dags/example_sla_dag.py
[2024-07-09T02:00:24.855+0000] {processor.py:830} INFO - Processing file /home/airflow/.local/lib/python3.12/site-packages/airflow/example_dags/example_sla_dag.py for tasks to queue
[2024-07-09T02:00:24.859+0000] {logging_mixin.py:188} INFO - [2024-07-09T02:00:24.858+0000] {dagbag.py:545} INFO - Filling up the DagBag from /home/airflow/.local/lib/python3.12/site-packages/airflow/example_dags/example_sla_dag.py
[2024-07-09T02:00:24.878+0000] {processor.py:840} INFO - DAG(s) 'example_sla_dag' retrieved from /home/airflow/.local/lib/python3.12/site-packages/airflow/example_dags/example_sla_dag.py
[2024-07-09T02:00:25.176+0000] {logging_mixin.py:188} INFO - [2024-07-09T02:00:25.174+0000] {override.py:1829} INFO - Created Permission View: can edit on DAG:example_sla_dag
[2024-07-09T02:00:25.203+0000] {logging_mixin.py:188} INFO - [2024-07-09T02:00:25.202+0000] {override.py:1829} INFO - Created Permission View: can read on DAG:example_sla_dag
[2024-07-09T02:00:25.217+0000] {logging_mixin.py:188} INFO - [2024-07-09T02:00:25.217+0000] {override.py:1829} INFO - Created Permission View: can delete on DAG:example_sla_dag
[2024-07-09T02:00:25.219+0000] {logging_mixin.py:188} INFO - [2024-07-09T02:00:25.218+0000] {dag.py:3096} INFO - Sync 1 DAGs
[2024-07-09T02:00:25.246+0000] {logging_mixin.py:188} INFO - [2024-07-09T02:00:25.246+0000] {dag.py:3118} INFO - Creating ORM DAG for example_sla_dag
[2024-07-09T02:00:25.285+0000] {logging_mixin.py:188} INFO - [2024-07-09T02:00:25.284+0000] {dag.py:3954} INFO - Setting next_dagrun for example_sla_dag to 2024-07-09 01:58:00+00:00, run_after=2024-07-09 02:00:00+00:00
[2024-07-09T02:00:25.324+0000] {processor.py:183} INFO - Processing /home/airflow/.local/lib/python3.12/site-packages/airflow/example_dags/example_sla_dag.py took 0.486 seconds
[2024-07-09T02:00:55.832+0000] {processor.py:161} INFO - Started process (PID=143) to work on /home/airflow/.local/lib/python3.12/site-packages/airflow/example_dags/example_sla_dag.py
[2024-07-09T02:00:55.835+0000] {processor.py:830} INFO - Processing file /home/airflow/.local/lib/python3.12/site-packages/airflow/example_dags/example_sla_dag.py for tasks to queue
[2024-07-09T02:00:55.840+0000] {logging_mixin.py:188} INFO - [2024-07-09T02:00:55.839+0000] {dagbag.py:545} INFO - Filling up the DagBag from /home/airflow/.local/lib/python3.12/site-packages/airflow/example_dags/example_sla_dag.py
[2024-07-09T02:00:55.863+0000] {processor.py:840} INFO - DAG(s) 'example_sla_dag' retrieved from /home/airflow/.local/lib/python3.12/site-packages/airflow/example_dags/example_sla_dag.py
[2024-07-09T02:00:55.904+0000] {logging_mixin.py:188} INFO - [2024-07-09T02:00:55.903+0000] {dag.py:3096} INFO - Sync 1 DAGs
[2024-07-09T02:00:55.970+0000] {logging_mixin.py:188} INFO - [2024-07-09T02:00:55.970+0000] {dag.py:3954} INFO - Setting next_dagrun for example_sla_dag to 2024-07-09 01:58:00+00:00, run_after=2024-07-09 02:00:00+00:00
[2024-07-09T02:00:56.008+0000] {processor.py:183} INFO - Processing /home/airflow/.local/lib/python3.12/site-packages/airflow/example_dags/example_sla_dag.py took 0.190 seconds
[2024-07-09T02:01:26.606+0000] {processor.py:161} INFO - Started process (PID=202) to work on /home/airflow/.local/lib/python3.12/site-packages/airflow/example_dags/example_sla_dag.py
[2024-07-09T02:01:26.608+0000] {processor.py:830} INFO - Processing file /home/airflow/.local/lib/python3.12/site-packages/airflow/example_dags/example_sla_dag.py for tasks to queue
[2024-07-09T02:01:26.612+0000] {logging_mixin.py:188} INFO - [2024-07-09T02:01:26.612+0000] {dagbag.py:545} INFO - Filling up the DagBag from /home/airflow/.local/lib/python3.12/site-packages/airflow/example_dags/example_sla_dag.py
[2024-07-09T02:01:26.633+0000] {processor.py:840} INFO - DAG(s) 'example_sla_dag' retrieved from /home/airflow/.local/lib/python3.12/site-packages/airflow/example_dags/example_sla_dag.py
[2024-07-09T02:01:26.679+0000] {logging_mixin.py:188} INFO - [2024-07-09T02:01:26.679+0000] {dag.py:3096} INFO - Sync 1 DAGs
[2024-07-09T02:01:26.767+0000] {logging_mixin.py:188} INFO - [2024-07-09T02:01:26.766+0000] {dag.py:3954} INFO - Setting next_dagrun for example_sla_dag to 2024-07-09 01:58:00+00:00, run_after=2024-07-09 02:00:00+00:00
[2024-07-09T02:01:26.825+0000] {processor.py:183} INFO - Processing /home/airflow/.local/lib/python3.12/site-packages/airflow/example_dags/example_sla_dag.py took 0.233 seconds
[2024-07-09T02:03:48.075+0000] {processor.py:161} INFO - Started process (PID=84) to work on /home/airflow/.local/lib/python3.12/site-packages/airflow/example_dags/example_sla_dag.py
[2024-07-09T02:03:48.077+0000] {processor.py:830} INFO - Processing file /home/airflow/.local/lib/python3.12/site-packages/airflow/example_dags/example_sla_dag.py for tasks to queue
[2024-07-09T02:03:48.082+0000] {logging_mixin.py:188} INFO - [2024-07-09T02:03:48.081+0000] {dagbag.py:545} INFO - Filling up the DagBag from /home/airflow/.local/lib/python3.12/site-packages/airflow/example_dags/example_sla_dag.py
[2024-07-09T02:03:48.105+0000] {processor.py:840} INFO - DAG(s) 'example_sla_dag' retrieved from /home/airflow/.local/lib/python3.12/site-packages/airflow/example_dags/example_sla_dag.py
[2024-07-09T02:03:48.359+0000] {logging_mixin.py:188} INFO - [2024-07-09T02:03:48.359+0000] {dag.py:3096} INFO - Sync 1 DAGs
[2024-07-09T02:03:48.405+0000] {logging_mixin.py:188} INFO - [2024-07-09T02:03:48.405+0000] {dag.py:3954} INFO - Setting next_dagrun for example_sla_dag to 2024-07-09 02:00:00+00:00, run_after=2024-07-09 02:02:00+00:00
[2024-07-09T02:03:48.435+0000] {processor.py:183} INFO - Processing /home/airflow/.local/lib/python3.12/site-packages/airflow/example_dags/example_sla_dag.py took 0.383 seconds
[2024-07-09T02:04:18.691+0000] {processor.py:161} INFO - Started process (PID=144) to work on /home/airflow/.local/lib/python3.12/site-packages/airflow/example_dags/example_sla_dag.py
[2024-07-09T02:04:18.693+0000] {processor.py:830} INFO - Processing file /home/airflow/.local/lib/python3.12/site-packages/airflow/example_dags/example_sla_dag.py for tasks to queue
[2024-07-09T02:04:18.700+0000] {logging_mixin.py:188} INFO - [2024-07-09T02:04:18.695+0000] {dagbag.py:545} INFO - Filling up the DagBag from /home/airflow/.local/lib/python3.12/site-packages/airflow/example_dags/example_sla_dag.py
[2024-07-09T02:04:18.714+0000] {processor.py:840} INFO - DAG(s) 'example_sla_dag' retrieved from /home/airflow/.local/lib/python3.12/site-packages/airflow/example_dags/example_sla_dag.py
[2024-07-09T02:04:18.747+0000] {logging_mixin.py:188} INFO - [2024-07-09T02:04:18.747+0000] {dag.py:3096} INFO - Sync 1 DAGs
[2024-07-09T02:04:18.806+0000] {logging_mixin.py:188} INFO - [2024-07-09T02:04:18.806+0000] {dag.py:3954} INFO - Setting next_dagrun for example_sla_dag to 2024-07-09 02:02:00+00:00, run_after=2024-07-09 02:04:00+00:00
[2024-07-09T02:04:18.836+0000] {processor.py:183} INFO - Processing /home/airflow/.local/lib/python3.12/site-packages/airflow/example_dags/example_sla_dag.py took 0.155 seconds
[2024-07-09T02:04:49.447+0000] {processor.py:161} INFO - Started process (PID=205) to work on /home/airflow/.local/lib/python3.12/site-packages/airflow/example_dags/example_sla_dag.py
[2024-07-09T02:04:49.449+0000] {processor.py:830} INFO - Processing file /home/airflow/.local/lib/python3.12/site-packages/airflow/example_dags/example_sla_dag.py for tasks to queue
[2024-07-09T02:04:49.452+0000] {logging_mixin.py:188} INFO - [2024-07-09T02:04:49.451+0000] {dagbag.py:545} INFO - Filling up the DagBag from /home/airflow/.local/lib/python3.12/site-packages/airflow/example_dags/example_sla_dag.py
[2024-07-09T02:04:49.464+0000] {processor.py:840} INFO - DAG(s) 'example_sla_dag' retrieved from /home/airflow/.local/lib/python3.12/site-packages/airflow/example_dags/example_sla_dag.py
[2024-07-09T02:04:49.493+0000] {logging_mixin.py:188} INFO - [2024-07-09T02:04:49.492+0000] {dag.py:3096} INFO - Sync 1 DAGs
[2024-07-09T02:04:49.533+0000] {logging_mixin.py:188} INFO - [2024-07-09T02:04:49.533+0000] {dag.py:3954} INFO - Setting next_dagrun for example_sla_dag to 2024-07-09 02:02:00+00:00, run_after=2024-07-09 02:04:00+00:00
[2024-07-09T02:04:49.560+0000] {processor.py:183} INFO - Processing /home/airflow/.local/lib/python3.12/site-packages/airflow/example_dags/example_sla_dag.py took 0.123 seconds
[2024-07-09T02:05:20.502+0000] {processor.py:161} INFO - Started process (PID=265) to work on /home/airflow/.local/lib/python3.12/site-packages/airflow/example_dags/example_sla_dag.py
[2024-07-09T02:05:20.504+0000] {processor.py:830} INFO - Processing file /home/airflow/.local/lib/python3.12/site-packages/airflow/example_dags/example_sla_dag.py for tasks to queue
[2024-07-09T02:05:20.507+0000] {logging_mixin.py:188} INFO - [2024-07-09T02:05:20.507+0000] {dagbag.py:545} INFO - Filling up the DagBag from /home/airflow/.local/lib/python3.12/site-packages/airflow/example_dags/example_sla_dag.py
[2024-07-09T02:05:20.523+0000] {processor.py:840} INFO - DAG(s) 'example_sla_dag' retrieved from /home/airflow/.local/lib/python3.12/site-packages/airflow/example_dags/example_sla_dag.py
[2024-07-09T02:05:20.558+0000] {logging_mixin.py:188} INFO - [2024-07-09T02:05:20.557+0000] {dag.py:3096} INFO - Sync 1 DAGs
[2024-07-09T02:05:20.610+0000] {logging_mixin.py:188} INFO - [2024-07-09T02:05:20.610+0000] {dag.py:3954} INFO - Setting next_dagrun for example_sla_dag to 2024-07-09 02:02:00+00:00, run_after=2024-07-09 02:04:00+00:00
[2024-07-09T02:05:20.661+0000] {processor.py:183} INFO - Processing /home/airflow/.local/lib/python3.12/site-packages/airflow/example_dags/example_sla_dag.py took 0.172 seconds
[2024-07-09T02:05:51.414+0000] {processor.py:161} INFO - Started process (PID=325) to work on /home/airflow/.local/lib/python3.12/site-packages/airflow/example_dags/example_sla_dag.py
[2024-07-09T02:05:51.416+0000] {processor.py:830} INFO - Processing file /home/airflow/.local/lib/python3.12/site-packages/airflow/example_dags/example_sla_dag.py for tasks to queue
[2024-07-09T02:05:51.418+0000] {logging_mixin.py:188} INFO - [2024-07-09T02:05:51.418+0000] {dagbag.py:545} INFO - Filling up the DagBag from /home/airflow/.local/lib/python3.12/site-packages/airflow/example_dags/example_sla_dag.py
[2024-07-09T02:05:51.431+0000] {processor.py:840} INFO - DAG(s) 'example_sla_dag' retrieved from /home/airflow/.local/lib/python3.12/site-packages/airflow/example_dags/example_sla_dag.py
[2024-07-09T02:05:51.458+0000] {logging_mixin.py:188} INFO - [2024-07-09T02:05:51.457+0000] {dag.py:3096} INFO - Sync 1 DAGs
[2024-07-09T02:05:51.493+0000] {logging_mixin.py:188} INFO - [2024-07-09T02:05:51.492+0000] {dag.py:3954} INFO - Setting next_dagrun for example_sla_dag to 2024-07-09 02:02:00+00:00, run_after=2024-07-09 02:04:00+00:00
[2024-07-09T02:05:51.539+0000] {processor.py:183} INFO - Processing /home/airflow/.local/lib/python3.12/site-packages/airflow/example_dags/example_sla_dag.py took 0.134 seconds
[2024-07-09T02:06:21.730+0000] {processor.py:161} INFO - Started process (PID=386) to work on /home/airflow/.local/lib/python3.12/site-packages/airflow/example_dags/example_sla_dag.py
[2024-07-09T02:06:21.731+0000] {processor.py:830} INFO - Processing file /home/airflow/.local/lib/python3.12/site-packages/airflow/example_dags/example_sla_dag.py for tasks to queue
[2024-07-09T02:06:21.733+0000] {logging_mixin.py:188} INFO - [2024-07-09T02:06:21.733+0000] {dagbag.py:545} INFO - Filling up the DagBag from /home/airflow/.local/lib/python3.12/site-packages/airflow/example_dags/example_sla_dag.py
[2024-07-09T02:06:21.742+0000] {processor.py:840} INFO - DAG(s) 'example_sla_dag' retrieved from /home/airflow/.local/lib/python3.12/site-packages/airflow/example_dags/example_sla_dag.py
[2024-07-09T02:06:21.762+0000] {logging_mixin.py:188} INFO - [2024-07-09T02:06:21.762+0000] {dag.py:3096} INFO - Sync 1 DAGs
[2024-07-09T02:06:21.794+0000] {logging_mixin.py:188} INFO - [2024-07-09T02:06:21.794+0000] {dag.py:3954} INFO - Setting next_dagrun for example_sla_dag to 2024-07-09 02:04:00+00:00, run_after=2024-07-09 02:06:00+00:00
[2024-07-09T02:06:21.816+0000] {processor.py:183} INFO - Processing /home/airflow/.local/lib/python3.12/site-packages/airflow/example_dags/example_sla_dag.py took 0.093 seconds
[2024-07-09T02:06:51.959+0000] {processor.py:161} INFO - Started process (PID=448) to work on /home/airflow/.local/lib/python3.12/site-packages/airflow/example_dags/example_sla_dag.py
[2024-07-09T02:06:51.960+0000] {processor.py:830} INFO - Processing file /home/airflow/.local/lib/python3.12/site-packages/airflow/example_dags/example_sla_dag.py for tasks to queue
[2024-07-09T02:06:51.964+0000] {logging_mixin.py:188} INFO - [2024-07-09T02:06:51.963+0000] {dagbag.py:545} INFO - Filling up the DagBag from /home/airflow/.local/lib/python3.12/site-packages/airflow/example_dags/example_sla_dag.py
[2024-07-09T02:06:51.973+0000] {processor.py:840} INFO - DAG(s) 'example_sla_dag' retrieved from /home/airflow/.local/lib/python3.12/site-packages/airflow/example_dags/example_sla_dag.py
[2024-07-09T02:06:51.994+0000] {logging_mixin.py:188} INFO - [2024-07-09T02:06:51.994+0000] {dag.py:3096} INFO - Sync 1 DAGs
[2024-07-09T02:06:52.033+0000] {logging_mixin.py:188} INFO - [2024-07-09T02:06:52.033+0000] {dag.py:3954} INFO - Setting next_dagrun for example_sla_dag to 2024-07-09 02:04:00+00:00, run_after=2024-07-09 02:06:00+00:00
[2024-07-09T02:06:52.058+0000] {processor.py:183} INFO - Processing /home/airflow/.local/lib/python3.12/site-packages/airflow/example_dags/example_sla_dag.py took 0.107 seconds
[2024-07-09T02:07:22.451+0000] {processor.py:161} INFO - Started process (PID=508) to work on /home/airflow/.local/lib/python3.12/site-packages/airflow/example_dags/example_sla_dag.py
[2024-07-09T02:07:22.452+0000] {processor.py:830} INFO - Processing file /home/airflow/.local/lib/python3.12/site-packages/airflow/example_dags/example_sla_dag.py for tasks to queue
[2024-07-09T02:07:22.455+0000] {logging_mixin.py:188} INFO - [2024-07-09T02:07:22.454+0000] {dagbag.py:545} INFO - Filling up the DagBag from /home/airflow/.local/lib/python3.12/site-packages/airflow/example_dags/example_sla_dag.py
[2024-07-09T02:07:22.467+0000] {processor.py:840} INFO - DAG(s) 'example_sla_dag' retrieved from /home/airflow/.local/lib/python3.12/site-packages/airflow/example_dags/example_sla_dag.py
[2024-07-09T02:07:22.499+0000] {logging_mixin.py:188} INFO - [2024-07-09T02:07:22.498+0000] {dag.py:3096} INFO - Sync 1 DAGs
[2024-07-09T02:07:22.534+0000] {logging_mixin.py:188} INFO - [2024-07-09T02:07:22.534+0000] {dag.py:3954} INFO - Setting next_dagrun for example_sla_dag to 2024-07-09 02:04:00+00:00, run_after=2024-07-09 02:06:00+00:00
[2024-07-09T02:07:22.558+0000] {processor.py:183} INFO - Processing /home/airflow/.local/lib/python3.12/site-packages/airflow/example_dags/example_sla_dag.py took 0.115 seconds
[2024-07-09T02:07:52.758+0000] {processor.py:161} INFO - Started process (PID=569) to work on /home/airflow/.local/lib/python3.12/site-packages/airflow/example_dags/example_sla_dag.py
[2024-07-09T02:07:52.760+0000] {processor.py:830} INFO - Processing file /home/airflow/.local/lib/python3.12/site-packages/airflow/example_dags/example_sla_dag.py for tasks to queue
[2024-07-09T02:07:52.764+0000] {logging_mixin.py:188} INFO - [2024-07-09T02:07:52.764+0000] {dagbag.py:545} INFO - Filling up the DagBag from /home/airflow/.local/lib/python3.12/site-packages/airflow/example_dags/example_sla_dag.py
[2024-07-09T02:07:52.790+0000] {processor.py:840} INFO - DAG(s) 'example_sla_dag' retrieved from /home/airflow/.local/lib/python3.12/site-packages/airflow/example_dags/example_sla_dag.py
[2024-07-09T02:07:52.833+0000] {logging_mixin.py:188} INFO - [2024-07-09T02:07:52.833+0000] {dag.py:3096} INFO - Sync 1 DAGs
[2024-07-09T02:07:52.885+0000] {logging_mixin.py:188} INFO - [2024-07-09T02:07:52.885+0000] {dag.py:3954} INFO - Setting next_dagrun for example_sla_dag to 2024-07-09 02:04:00+00:00, run_after=2024-07-09 02:06:00+00:00
[2024-07-09T02:07:52.916+0000] {processor.py:183} INFO - Processing /home/airflow/.local/lib/python3.12/site-packages/airflow/example_dags/example_sla_dag.py took 0.174 seconds
[2024-07-09T02:08:23.379+0000] {processor.py:161} INFO - Started process (PID=629) to work on /home/airflow/.local/lib/python3.12/site-packages/airflow/example_dags/example_sla_dag.py
[2024-07-09T02:08:23.380+0000] {processor.py:830} INFO - Processing file /home/airflow/.local/lib/python3.12/site-packages/airflow/example_dags/example_sla_dag.py for tasks to queue
[2024-07-09T02:08:23.382+0000] {logging_mixin.py:188} INFO - [2024-07-09T02:08:23.382+0000] {dagbag.py:545} INFO - Filling up the DagBag from /home/airflow/.local/lib/python3.12/site-packages/airflow/example_dags/example_sla_dag.py
[2024-07-09T02:08:23.392+0000] {processor.py:840} INFO - DAG(s) 'example_sla_dag' retrieved from /home/airflow/.local/lib/python3.12/site-packages/airflow/example_dags/example_sla_dag.py
[2024-07-09T02:08:23.416+0000] {logging_mixin.py:188} INFO - [2024-07-09T02:08:23.416+0000] {dag.py:3096} INFO - Sync 1 DAGs
[2024-07-09T02:08:23.449+0000] {logging_mixin.py:188} INFO - [2024-07-09T02:08:23.449+0000] {dag.py:3954} INFO - Setting next_dagrun for example_sla_dag to 2024-07-09 02:06:00+00:00, run_after=2024-07-09 02:08:00+00:00
[2024-07-09T02:08:23.494+0000] {processor.py:183} INFO - Processing /home/airflow/.local/lib/python3.12/site-packages/airflow/example_dags/example_sla_dag.py took 0.123 seconds
[2024-07-09T02:08:54.119+0000] {processor.py:161} INFO - Started process (PID=688) to work on /home/airflow/.local/lib/python3.12/site-packages/airflow/example_dags/example_sla_dag.py
[2024-07-09T02:08:54.120+0000] {processor.py:830} INFO - Processing file /home/airflow/.local/lib/python3.12/site-packages/airflow/example_dags/example_sla_dag.py for tasks to queue
[2024-07-09T02:08:54.123+0000] {logging_mixin.py:188} INFO - [2024-07-09T02:08:54.122+0000] {dagbag.py:545} INFO - Filling up the DagBag from /home/airflow/.local/lib/python3.12/site-packages/airflow/example_dags/example_sla_dag.py
[2024-07-09T02:08:54.132+0000] {processor.py:840} INFO - DAG(s) 'example_sla_dag' retrieved from /home/airflow/.local/lib/python3.12/site-packages/airflow/example_dags/example_sla_dag.py
[2024-07-09T02:08:54.157+0000] {logging_mixin.py:188} INFO - [2024-07-09T02:08:54.156+0000] {dag.py:3096} INFO - Sync 1 DAGs
[2024-07-09T02:08:54.194+0000] {logging_mixin.py:188} INFO - [2024-07-09T02:08:54.194+0000] {dag.py:3954} INFO - Setting next_dagrun for example_sla_dag to 2024-07-09 02:06:00+00:00, run_after=2024-07-09 02:08:00+00:00
[2024-07-09T02:08:54.221+0000] {processor.py:183} INFO - Processing /home/airflow/.local/lib/python3.12/site-packages/airflow/example_dags/example_sla_dag.py took 0.110 seconds
[2024-07-09T02:12:24.575+0000] {processor.py:161} INFO - Started process (PID=83) to work on /home/airflow/.local/lib/python3.12/site-packages/airflow/example_dags/example_sla_dag.py
[2024-07-09T02:12:24.577+0000] {processor.py:830} INFO - Processing file /home/airflow/.local/lib/python3.12/site-packages/airflow/example_dags/example_sla_dag.py for tasks to queue
[2024-07-09T02:12:24.580+0000] {logging_mixin.py:188} INFO - [2024-07-09T02:12:24.579+0000] {dagbag.py:545} INFO - Filling up the DagBag from /home/airflow/.local/lib/python3.12/site-packages/airflow/example_dags/example_sla_dag.py
[2024-07-09T02:12:24.595+0000] {processor.py:840} INFO - DAG(s) 'example_sla_dag' retrieved from /home/airflow/.local/lib/python3.12/site-packages/airflow/example_dags/example_sla_dag.py
[2024-07-09T02:12:24.781+0000] {logging_mixin.py:188} INFO - [2024-07-09T02:12:24.780+0000] {override.py:1829} INFO - Created Permission View: can edit on DAG:example_sla_dag
[2024-07-09T02:12:24.797+0000] {logging_mixin.py:188} INFO - [2024-07-09T02:12:24.797+0000] {override.py:1829} INFO - Created Permission View: can delete on DAG:example_sla_dag
[2024-07-09T02:12:24.810+0000] {logging_mixin.py:188} INFO - [2024-07-09T02:12:24.810+0000] {override.py:1829} INFO - Created Permission View: can read on DAG:example_sla_dag
[2024-07-09T02:12:24.811+0000] {logging_mixin.py:188} INFO - [2024-07-09T02:12:24.811+0000] {dag.py:3096} INFO - Sync 1 DAGs
[2024-07-09T02:12:24.830+0000] {logging_mixin.py:188} INFO - [2024-07-09T02:12:24.830+0000] {dag.py:3118} INFO - Creating ORM DAG for example_sla_dag
[2024-07-09T02:12:24.854+0000] {logging_mixin.py:188} INFO - [2024-07-09T02:12:24.854+0000] {dag.py:3954} INFO - Setting next_dagrun for example_sla_dag to 2024-07-09 02:10:00+00:00, run_after=2024-07-09 02:12:00+00:00
[2024-07-09T02:12:24.907+0000] {processor.py:183} INFO - Processing /home/airflow/.local/lib/python3.12/site-packages/airflow/example_dags/example_sla_dag.py took 0.342 seconds
[2024-07-09T02:12:55.001+0000] {processor.py:161} INFO - Started process (PID=144) to work on /home/airflow/.local/lib/python3.12/site-packages/airflow/example_dags/example_sla_dag.py
[2024-07-09T02:12:55.003+0000] {processor.py:830} INFO - Processing file /home/airflow/.local/lib/python3.12/site-packages/airflow/example_dags/example_sla_dag.py for tasks to queue
[2024-07-09T02:12:55.006+0000] {logging_mixin.py:188} INFO - [2024-07-09T02:12:55.005+0000] {dagbag.py:545} INFO - Filling up the DagBag from /home/airflow/.local/lib/python3.12/site-packages/airflow/example_dags/example_sla_dag.py
[2024-07-09T02:12:55.023+0000] {processor.py:840} INFO - DAG(s) 'example_sla_dag' retrieved from /home/airflow/.local/lib/python3.12/site-packages/airflow/example_dags/example_sla_dag.py
[2024-07-09T02:12:55.060+0000] {logging_mixin.py:188} INFO - [2024-07-09T02:12:55.059+0000] {dag.py:3096} INFO - Sync 1 DAGs
[2024-07-09T02:12:55.118+0000] {logging_mixin.py:188} INFO - [2024-07-09T02:12:55.118+0000] {dag.py:3954} INFO - Setting next_dagrun for example_sla_dag to 2024-07-09 02:10:00+00:00, run_after=2024-07-09 02:12:00+00:00
[2024-07-09T02:12:55.155+0000] {processor.py:183} INFO - Processing /home/airflow/.local/lib/python3.12/site-packages/airflow/example_dags/example_sla_dag.py took 0.164 seconds
[2024-07-09T02:13:25.584+0000] {processor.py:161} INFO - Started process (PID=203) to work on /home/airflow/.local/lib/python3.12/site-packages/airflow/example_dags/example_sla_dag.py
[2024-07-09T02:13:25.586+0000] {processor.py:830} INFO - Processing file /home/airflow/.local/lib/python3.12/site-packages/airflow/example_dags/example_sla_dag.py for tasks to queue
[2024-07-09T02:13:25.588+0000] {logging_mixin.py:188} INFO - [2024-07-09T02:13:25.588+0000] {dagbag.py:545} INFO - Filling up the DagBag from /home/airflow/.local/lib/python3.12/site-packages/airflow/example_dags/example_sla_dag.py
[2024-07-09T02:13:25.604+0000] {processor.py:840} INFO - DAG(s) 'example_sla_dag' retrieved from /home/airflow/.local/lib/python3.12/site-packages/airflow/example_dags/example_sla_dag.py
[2024-07-09T02:13:25.641+0000] {logging_mixin.py:188} INFO - [2024-07-09T02:13:25.641+0000] {dag.py:3096} INFO - Sync 1 DAGs
[2024-07-09T02:13:25.699+0000] {logging_mixin.py:188} INFO - [2024-07-09T02:13:25.699+0000] {dag.py:3954} INFO - Setting next_dagrun for example_sla_dag to 2024-07-09 02:10:00+00:00, run_after=2024-07-09 02:12:00+00:00
[2024-07-09T02:13:25.741+0000] {processor.py:183} INFO - Processing /home/airflow/.local/lib/python3.12/site-packages/airflow/example_dags/example_sla_dag.py took 0.168 seconds
[2024-07-09T02:13:56.386+0000] {processor.py:161} INFO - Started process (PID=263) to work on /home/airflow/.local/lib/python3.12/site-packages/airflow/example_dags/example_sla_dag.py
[2024-07-09T02:13:56.388+0000] {processor.py:830} INFO - Processing file /home/airflow/.local/lib/python3.12/site-packages/airflow/example_dags/example_sla_dag.py for tasks to queue
[2024-07-09T02:13:56.392+0000] {logging_mixin.py:188} INFO - [2024-07-09T02:13:56.392+0000] {dagbag.py:545} INFO - Filling up the DagBag from /home/airflow/.local/lib/python3.12/site-packages/airflow/example_dags/example_sla_dag.py
[2024-07-09T02:13:56.411+0000] {processor.py:840} INFO - DAG(s) 'example_sla_dag' retrieved from /home/airflow/.local/lib/python3.12/site-packages/airflow/example_dags/example_sla_dag.py
[2024-07-09T02:13:56.456+0000] {logging_mixin.py:188} INFO - [2024-07-09T02:13:56.456+0000] {dag.py:3096} INFO - Sync 1 DAGs
[2024-07-09T02:13:56.516+0000] {logging_mixin.py:188} INFO - [2024-07-09T02:13:56.515+0000] {dag.py:3954} INFO - Setting next_dagrun for example_sla_dag to 2024-07-09 02:10:00+00:00, run_after=2024-07-09 02:12:00+00:00
[2024-07-09T02:13:56.566+0000] {processor.py:183} INFO - Processing /home/airflow/.local/lib/python3.12/site-packages/airflow/example_dags/example_sla_dag.py took 0.193 seconds
[2024-07-09T02:14:27.370+0000] {processor.py:161} INFO - Started process (PID=323) to work on /home/airflow/.local/lib/python3.12/site-packages/airflow/example_dags/example_sla_dag.py
[2024-07-09T02:14:27.372+0000] {processor.py:830} INFO - Processing file /home/airflow/.local/lib/python3.12/site-packages/airflow/example_dags/example_sla_dag.py for tasks to queue
[2024-07-09T02:14:27.376+0000] {logging_mixin.py:188} INFO - [2024-07-09T02:14:27.375+0000] {dagbag.py:545} INFO - Filling up the DagBag from /home/airflow/.local/lib/python3.12/site-packages/airflow/example_dags/example_sla_dag.py
[2024-07-09T02:14:27.396+0000] {processor.py:840} INFO - DAG(s) 'example_sla_dag' retrieved from /home/airflow/.local/lib/python3.12/site-packages/airflow/example_dags/example_sla_dag.py
[2024-07-09T02:14:27.446+0000] {logging_mixin.py:188} INFO - [2024-07-09T02:14:27.446+0000] {dag.py:3096} INFO - Sync 1 DAGs
[2024-07-09T02:14:27.536+0000] {logging_mixin.py:188} INFO - [2024-07-09T02:14:27.535+0000] {dag.py:3954} INFO - Setting next_dagrun for example_sla_dag to 2024-07-09 02:12:00+00:00, run_after=2024-07-09 02:14:00+00:00
[2024-07-09T02:14:27.591+0000] {processor.py:183} INFO - Processing /home/airflow/.local/lib/python3.12/site-packages/airflow/example_dags/example_sla_dag.py took 0.235 seconds
[2024-07-09T02:17:09.340+0000] {processor.py:161} INFO - Started process (PID=83) to work on /home/airflow/.local/lib/python3.12/site-packages/airflow/example_dags/example_sla_dag.py
[2024-07-09T02:17:09.342+0000] {processor.py:830} INFO - Processing file /home/airflow/.local/lib/python3.12/site-packages/airflow/example_dags/example_sla_dag.py for tasks to queue
[2024-07-09T02:17:09.344+0000] {logging_mixin.py:188} INFO - [2024-07-09T02:17:09.344+0000] {dagbag.py:545} INFO - Filling up the DagBag from /home/airflow/.local/lib/python3.12/site-packages/airflow/example_dags/example_sla_dag.py
[2024-07-09T02:17:09.377+0000] {processor.py:840} INFO - DAG(s) 'example_sla_dag' retrieved from /home/airflow/.local/lib/python3.12/site-packages/airflow/example_dags/example_sla_dag.py
[2024-07-09T02:17:09.615+0000] {logging_mixin.py:188} INFO - [2024-07-09T02:17:09.615+0000] {dag.py:3096} INFO - Sync 1 DAGs
[2024-07-09T02:17:09.679+0000] {logging_mixin.py:188} INFO - [2024-07-09T02:17:09.678+0000] {dag.py:3954} INFO - Setting next_dagrun for example_sla_dag to 2024-07-09 02:14:00+00:00, run_after=2024-07-09 02:16:00+00:00
[2024-07-09T02:17:09.730+0000] {processor.py:183} INFO - Processing /home/airflow/.local/lib/python3.12/site-packages/airflow/example_dags/example_sla_dag.py took 0.402 seconds
[2024-07-09T02:17:39.824+0000] {processor.py:161} INFO - Started process (PID=143) to work on /home/airflow/.local/lib/python3.12/site-packages/airflow/example_dags/example_sla_dag.py
[2024-07-09T02:17:39.826+0000] {processor.py:830} INFO - Processing file /home/airflow/.local/lib/python3.12/site-packages/airflow/example_dags/example_sla_dag.py for tasks to queue
[2024-07-09T02:17:39.831+0000] {logging_mixin.py:188} INFO - [2024-07-09T02:17:39.830+0000] {dagbag.py:545} INFO - Filling up the DagBag from /home/airflow/.local/lib/python3.12/site-packages/airflow/example_dags/example_sla_dag.py
[2024-07-09T02:17:39.847+0000] {processor.py:840} INFO - DAG(s) 'example_sla_dag' retrieved from /home/airflow/.local/lib/python3.12/site-packages/airflow/example_dags/example_sla_dag.py
[2024-07-09T02:17:39.881+0000] {logging_mixin.py:188} INFO - [2024-07-09T02:17:39.880+0000] {dag.py:3096} INFO - Sync 1 DAGs
[2024-07-09T02:17:39.929+0000] {logging_mixin.py:188} INFO - [2024-07-09T02:17:39.929+0000] {dag.py:3954} INFO - Setting next_dagrun for example_sla_dag to 2024-07-09 02:14:00+00:00, run_after=2024-07-09 02:16:00+00:00
[2024-07-09T02:17:39.963+0000] {processor.py:183} INFO - Processing /home/airflow/.local/lib/python3.12/site-packages/airflow/example_dags/example_sla_dag.py took 0.150 seconds
[2024-07-09T02:18:10.605+0000] {processor.py:161} INFO - Started process (PID=204) to work on /home/airflow/.local/lib/python3.12/site-packages/airflow/example_dags/example_sla_dag.py
[2024-07-09T02:18:10.607+0000] {processor.py:830} INFO - Processing file /home/airflow/.local/lib/python3.12/site-packages/airflow/example_dags/example_sla_dag.py for tasks to queue
[2024-07-09T02:18:10.610+0000] {logging_mixin.py:188} INFO - [2024-07-09T02:18:10.609+0000] {dagbag.py:545} INFO - Filling up the DagBag from /home/airflow/.local/lib/python3.12/site-packages/airflow/example_dags/example_sla_dag.py
[2024-07-09T02:18:10.624+0000] {processor.py:840} INFO - DAG(s) 'example_sla_dag' retrieved from /home/airflow/.local/lib/python3.12/site-packages/airflow/example_dags/example_sla_dag.py
[2024-07-09T02:18:10.655+0000] {logging_mixin.py:188} INFO - [2024-07-09T02:18:10.655+0000] {dag.py:3096} INFO - Sync 1 DAGs
[2024-07-09T02:18:10.694+0000] {logging_mixin.py:188} INFO - [2024-07-09T02:18:10.694+0000] {dag.py:3954} INFO - Setting next_dagrun for example_sla_dag to 2024-07-09 02:16:00+00:00, run_after=2024-07-09 02:18:00+00:00
[2024-07-09T02:18:10.722+0000] {processor.py:183} INFO - Processing /home/airflow/.local/lib/python3.12/site-packages/airflow/example_dags/example_sla_dag.py took 0.128 seconds
[2024-07-09T02:18:41.248+0000] {processor.py:161} INFO - Started process (PID=264) to work on /home/airflow/.local/lib/python3.12/site-packages/airflow/example_dags/example_sla_dag.py
[2024-07-09T02:18:41.250+0000] {processor.py:830} INFO - Processing file /home/airflow/.local/lib/python3.12/site-packages/airflow/example_dags/example_sla_dag.py for tasks to queue
[2024-07-09T02:18:41.254+0000] {logging_mixin.py:188} INFO - [2024-07-09T02:18:41.253+0000] {dagbag.py:545} INFO - Filling up the DagBag from /home/airflow/.local/lib/python3.12/site-packages/airflow/example_dags/example_sla_dag.py
[2024-07-09T02:18:41.270+0000] {processor.py:840} INFO - DAG(s) 'example_sla_dag' retrieved from /home/airflow/.local/lib/python3.12/site-packages/airflow/example_dags/example_sla_dag.py
[2024-07-09T02:18:41.299+0000] {logging_mixin.py:188} INFO - [2024-07-09T02:18:41.298+0000] {dag.py:3096} INFO - Sync 1 DAGs
[2024-07-09T02:18:41.339+0000] {logging_mixin.py:188} INFO - [2024-07-09T02:18:41.339+0000] {dag.py:3954} INFO - Setting next_dagrun for example_sla_dag to 2024-07-09 02:16:00+00:00, run_after=2024-07-09 02:18:00+00:00
[2024-07-09T02:18:41.385+0000] {processor.py:183} INFO - Processing /home/airflow/.local/lib/python3.12/site-packages/airflow/example_dags/example_sla_dag.py took 0.149 seconds
[2024-07-09T02:19:12.665+0000] {processor.py:161} INFO - Started process (PID=324) to work on /home/airflow/.local/lib/python3.12/site-packages/airflow/example_dags/example_sla_dag.py
[2024-07-09T02:19:12.667+0000] {processor.py:830} INFO - Processing file /home/airflow/.local/lib/python3.12/site-packages/airflow/example_dags/example_sla_dag.py for tasks to queue
[2024-07-09T02:19:12.672+0000] {logging_mixin.py:188} INFO - [2024-07-09T02:19:12.671+0000] {dagbag.py:545} INFO - Filling up the DagBag from /home/airflow/.local/lib/python3.12/site-packages/airflow/example_dags/example_sla_dag.py
[2024-07-09T02:19:12.695+0000] {processor.py:840} INFO - DAG(s) 'example_sla_dag' retrieved from /home/airflow/.local/lib/python3.12/site-packages/airflow/example_dags/example_sla_dag.py
[2024-07-09T02:19:12.774+0000] {logging_mixin.py:188} INFO - [2024-07-09T02:19:12.774+0000] {dag.py:3096} INFO - Sync 1 DAGs
[2024-07-09T02:19:12.853+0000] {logging_mixin.py:188} INFO - [2024-07-09T02:19:12.852+0000] {dag.py:3954} INFO - Setting next_dagrun for example_sla_dag to 2024-07-09 02:16:00+00:00, run_after=2024-07-09 02:18:00+00:00
[2024-07-09T02:19:12.913+0000] {processor.py:183} INFO - Processing /home/airflow/.local/lib/python3.12/site-packages/airflow/example_dags/example_sla_dag.py took 0.265 seconds
[2024-07-09T02:19:43.609+0000] {processor.py:161} INFO - Started process (PID=384) to work on /home/airflow/.local/lib/python3.12/site-packages/airflow/example_dags/example_sla_dag.py
[2024-07-09T02:19:43.611+0000] {processor.py:830} INFO - Processing file /home/airflow/.local/lib/python3.12/site-packages/airflow/example_dags/example_sla_dag.py for tasks to queue
[2024-07-09T02:19:43.622+0000] {logging_mixin.py:188} INFO - [2024-07-09T02:19:43.621+0000] {dagbag.py:545} INFO - Filling up the DagBag from /home/airflow/.local/lib/python3.12/site-packages/airflow/example_dags/example_sla_dag.py
[2024-07-09T02:19:43.656+0000] {processor.py:840} INFO - DAG(s) 'example_sla_dag' retrieved from /home/airflow/.local/lib/python3.12/site-packages/airflow/example_dags/example_sla_dag.py
[2024-07-09T02:19:43.733+0000] {logging_mixin.py:188} INFO - [2024-07-09T02:19:43.733+0000] {dag.py:3096} INFO - Sync 1 DAGs
[2024-07-09T02:19:43.805+0000] {logging_mixin.py:188} INFO - [2024-07-09T02:19:43.804+0000] {dag.py:3954} INFO - Setting next_dagrun for example_sla_dag to 2024-07-09 02:16:00+00:00, run_after=2024-07-09 02:18:00+00:00
[2024-07-09T02:19:43.854+0000] {processor.py:183} INFO - Processing /home/airflow/.local/lib/python3.12/site-packages/airflow/example_dags/example_sla_dag.py took 0.272 seconds
[2024-07-09T02:20:14.937+0000] {processor.py:161} INFO - Started process (PID=451) to work on /home/airflow/.local/lib/python3.12/site-packages/airflow/example_dags/example_sla_dag.py
[2024-07-09T02:20:14.942+0000] {processor.py:830} INFO - Processing file /home/airflow/.local/lib/python3.12/site-packages/airflow/example_dags/example_sla_dag.py for tasks to queue
[2024-07-09T02:20:14.946+0000] {logging_mixin.py:188} INFO - [2024-07-09T02:20:14.945+0000] {dagbag.py:545} INFO - Filling up the DagBag from /home/airflow/.local/lib/python3.12/site-packages/airflow/example_dags/example_sla_dag.py
[2024-07-09T02:20:14.970+0000] {processor.py:840} INFO - DAG(s) 'example_sla_dag' retrieved from /home/airflow/.local/lib/python3.12/site-packages/airflow/example_dags/example_sla_dag.py
[2024-07-09T02:20:15.027+0000] {logging_mixin.py:188} INFO - [2024-07-09T02:20:15.026+0000] {dag.py:3096} INFO - Sync 1 DAGs
[2024-07-09T02:20:15.103+0000] {logging_mixin.py:188} INFO - [2024-07-09T02:20:15.103+0000] {dag.py:3954} INFO - Setting next_dagrun for example_sla_dag to 2024-07-09 02:18:00+00:00, run_after=2024-07-09 02:20:00+00:00
[2024-07-09T02:20:15.156+0000] {processor.py:183} INFO - Processing /home/airflow/.local/lib/python3.12/site-packages/airflow/example_dags/example_sla_dag.py took 0.246 seconds
[2024-07-09T02:20:46.614+0000] {processor.py:161} INFO - Started process (PID=510) to work on /home/airflow/.local/lib/python3.12/site-packages/airflow/example_dags/example_sla_dag.py
[2024-07-09T02:20:46.619+0000] {processor.py:830} INFO - Processing file /home/airflow/.local/lib/python3.12/site-packages/airflow/example_dags/example_sla_dag.py for tasks to queue
[2024-07-09T02:20:46.633+0000] {logging_mixin.py:188} INFO - [2024-07-09T02:20:46.624+0000] {dagbag.py:545} INFO - Filling up the DagBag from /home/airflow/.local/lib/python3.12/site-packages/airflow/example_dags/example_sla_dag.py
[2024-07-09T02:20:46.671+0000] {processor.py:840} INFO - DAG(s) 'example_sla_dag' retrieved from /home/airflow/.local/lib/python3.12/site-packages/airflow/example_dags/example_sla_dag.py
[2024-07-09T02:20:46.736+0000] {logging_mixin.py:188} INFO - [2024-07-09T02:20:46.735+0000] {dag.py:3096} INFO - Sync 1 DAGs
[2024-07-09T02:20:46.810+0000] {logging_mixin.py:188} INFO - [2024-07-09T02:20:46.809+0000] {dag.py:3954} INFO - Setting next_dagrun for example_sla_dag to 2024-07-09 02:18:00+00:00, run_after=2024-07-09 02:20:00+00:00
[2024-07-09T02:20:46.876+0000] {processor.py:183} INFO - Processing /home/airflow/.local/lib/python3.12/site-packages/airflow/example_dags/example_sla_dag.py took 0.290 seconds
[2024-07-09T02:21:17.571+0000] {processor.py:161} INFO - Started process (PID=570) to work on /home/airflow/.local/lib/python3.12/site-packages/airflow/example_dags/example_sla_dag.py
[2024-07-09T02:21:17.572+0000] {processor.py:830} INFO - Processing file /home/airflow/.local/lib/python3.12/site-packages/airflow/example_dags/example_sla_dag.py for tasks to queue
[2024-07-09T02:21:17.575+0000] {logging_mixin.py:188} INFO - [2024-07-09T02:21:17.574+0000] {dagbag.py:545} INFO - Filling up the DagBag from /home/airflow/.local/lib/python3.12/site-packages/airflow/example_dags/example_sla_dag.py
[2024-07-09T02:21:17.590+0000] {processor.py:840} INFO - DAG(s) 'example_sla_dag' retrieved from /home/airflow/.local/lib/python3.12/site-packages/airflow/example_dags/example_sla_dag.py
[2024-07-09T02:21:17.623+0000] {logging_mixin.py:188} INFO - [2024-07-09T02:21:17.622+0000] {dag.py:3096} INFO - Sync 1 DAGs
[2024-07-09T02:21:17.673+0000] {logging_mixin.py:188} INFO - [2024-07-09T02:21:17.672+0000] {dag.py:3954} INFO - Setting next_dagrun for example_sla_dag to 2024-07-09 02:18:00+00:00, run_after=2024-07-09 02:20:00+00:00
[2024-07-09T02:21:17.704+0000] {processor.py:183} INFO - Processing /home/airflow/.local/lib/python3.12/site-packages/airflow/example_dags/example_sla_dag.py took 0.145 seconds
[2024-07-09T02:21:48.104+0000] {processor.py:161} INFO - Started process (PID=631) to work on /home/airflow/.local/lib/python3.12/site-packages/airflow/example_dags/example_sla_dag.py
[2024-07-09T02:21:48.106+0000] {processor.py:830} INFO - Processing file /home/airflow/.local/lib/python3.12/site-packages/airflow/example_dags/example_sla_dag.py for tasks to queue
[2024-07-09T02:21:48.111+0000] {logging_mixin.py:188} INFO - [2024-07-09T02:21:48.110+0000] {dagbag.py:545} INFO - Filling up the DagBag from /home/airflow/.local/lib/python3.12/site-packages/airflow/example_dags/example_sla_dag.py
[2024-07-09T02:21:48.140+0000] {processor.py:840} INFO - DAG(s) 'example_sla_dag' retrieved from /home/airflow/.local/lib/python3.12/site-packages/airflow/example_dags/example_sla_dag.py
[2024-07-09T02:21:48.219+0000] {logging_mixin.py:188} INFO - [2024-07-09T02:21:48.219+0000] {dag.py:3096} INFO - Sync 1 DAGs
[2024-07-09T02:21:48.281+0000] {logging_mixin.py:188} INFO - [2024-07-09T02:21:48.281+0000] {dag.py:3954} INFO - Setting next_dagrun for example_sla_dag to 2024-07-09 02:18:00+00:00, run_after=2024-07-09 02:20:00+00:00
[2024-07-09T02:21:48.315+0000] {processor.py:183} INFO - Processing /home/airflow/.local/lib/python3.12/site-packages/airflow/example_dags/example_sla_dag.py took 0.225 seconds
[2024-07-09T02:22:19.130+0000] {processor.py:161} INFO - Started process (PID=690) to work on /home/airflow/.local/lib/python3.12/site-packages/airflow/example_dags/example_sla_dag.py
[2024-07-09T02:22:19.131+0000] {processor.py:830} INFO - Processing file /home/airflow/.local/lib/python3.12/site-packages/airflow/example_dags/example_sla_dag.py for tasks to queue
[2024-07-09T02:22:19.134+0000] {logging_mixin.py:188} INFO - [2024-07-09T02:22:19.133+0000] {dagbag.py:545} INFO - Filling up the DagBag from /home/airflow/.local/lib/python3.12/site-packages/airflow/example_dags/example_sla_dag.py
[2024-07-09T02:22:19.150+0000] {processor.py:840} INFO - DAG(s) 'example_sla_dag' retrieved from /home/airflow/.local/lib/python3.12/site-packages/airflow/example_dags/example_sla_dag.py
[2024-07-09T02:22:19.179+0000] {logging_mixin.py:188} INFO - [2024-07-09T02:22:19.178+0000] {dag.py:3096} INFO - Sync 1 DAGs
[2024-07-09T02:22:19.222+0000] {logging_mixin.py:188} INFO - [2024-07-09T02:22:19.222+0000] {dag.py:3954} INFO - Setting next_dagrun for example_sla_dag to 2024-07-09 02:20:00+00:00, run_after=2024-07-09 02:22:00+00:00
[2024-07-09T02:22:19.254+0000] {processor.py:183} INFO - Processing /home/airflow/.local/lib/python3.12/site-packages/airflow/example_dags/example_sla_dag.py took 0.135 seconds
[2024-07-09T02:22:49.716+0000] {processor.py:161} INFO - Started process (PID=749) to work on /home/airflow/.local/lib/python3.12/site-packages/airflow/example_dags/example_sla_dag.py
[2024-07-09T02:22:49.717+0000] {processor.py:830} INFO - Processing file /home/airflow/.local/lib/python3.12/site-packages/airflow/example_dags/example_sla_dag.py for tasks to queue
[2024-07-09T02:22:49.722+0000] {logging_mixin.py:188} INFO - [2024-07-09T02:22:49.721+0000] {dagbag.py:545} INFO - Filling up the DagBag from /home/airflow/.local/lib/python3.12/site-packages/airflow/example_dags/example_sla_dag.py
[2024-07-09T02:22:49.738+0000] {processor.py:840} INFO - DAG(s) 'example_sla_dag' retrieved from /home/airflow/.local/lib/python3.12/site-packages/airflow/example_dags/example_sla_dag.py
[2024-07-09T02:22:49.770+0000] {logging_mixin.py:188} INFO - [2024-07-09T02:22:49.770+0000] {dag.py:3096} INFO - Sync 1 DAGs
[2024-07-09T02:22:49.814+0000] {logging_mixin.py:188} INFO - [2024-07-09T02:22:49.813+0000] {dag.py:3954} INFO - Setting next_dagrun for example_sla_dag to 2024-07-09 02:20:00+00:00, run_after=2024-07-09 02:22:00+00:00
[2024-07-09T02:22:49.847+0000] {processor.py:183} INFO - Processing /home/airflow/.local/lib/python3.12/site-packages/airflow/example_dags/example_sla_dag.py took 0.142 seconds
[2024-07-09T02:23:20.090+0000] {processor.py:161} INFO - Started process (PID=807) to work on /home/airflow/.local/lib/python3.12/site-packages/airflow/example_dags/example_sla_dag.py
[2024-07-09T02:23:20.092+0000] {processor.py:830} INFO - Processing file /home/airflow/.local/lib/python3.12/site-packages/airflow/example_dags/example_sla_dag.py for tasks to queue
[2024-07-09T02:23:20.096+0000] {logging_mixin.py:188} INFO - [2024-07-09T02:23:20.095+0000] {dagbag.py:545} INFO - Filling up the DagBag from /home/airflow/.local/lib/python3.12/site-packages/airflow/example_dags/example_sla_dag.py
[2024-07-09T02:23:20.111+0000] {processor.py:840} INFO - DAG(s) 'example_sla_dag' retrieved from /home/airflow/.local/lib/python3.12/site-packages/airflow/example_dags/example_sla_dag.py
[2024-07-09T02:23:20.150+0000] {logging_mixin.py:188} INFO - [2024-07-09T02:23:20.149+0000] {dag.py:3096} INFO - Sync 1 DAGs
[2024-07-09T02:23:20.197+0000] {logging_mixin.py:188} INFO - [2024-07-09T02:23:20.197+0000] {dag.py:3954} INFO - Setting next_dagrun for example_sla_dag to 2024-07-09 02:20:00+00:00, run_after=2024-07-09 02:22:00+00:00
[2024-07-09T02:23:20.233+0000] {processor.py:183} INFO - Processing /home/airflow/.local/lib/python3.12/site-packages/airflow/example_dags/example_sla_dag.py took 0.154 seconds
[2024-07-09T02:23:50.789+0000] {processor.py:161} INFO - Started process (PID=867) to work on /home/airflow/.local/lib/python3.12/site-packages/airflow/example_dags/example_sla_dag.py
[2024-07-09T02:23:50.791+0000] {processor.py:830} INFO - Processing file /home/airflow/.local/lib/python3.12/site-packages/airflow/example_dags/example_sla_dag.py for tasks to queue
[2024-07-09T02:23:50.797+0000] {logging_mixin.py:188} INFO - [2024-07-09T02:23:50.796+0000] {dagbag.py:545} INFO - Filling up the DagBag from /home/airflow/.local/lib/python3.12/site-packages/airflow/example_dags/example_sla_dag.py
[2024-07-09T02:23:50.823+0000] {processor.py:840} INFO - DAG(s) 'example_sla_dag' retrieved from /home/airflow/.local/lib/python3.12/site-packages/airflow/example_dags/example_sla_dag.py
[2024-07-09T02:23:50.869+0000] {logging_mixin.py:188} INFO - [2024-07-09T02:23:50.868+0000] {dag.py:3096} INFO - Sync 1 DAGs
[2024-07-09T02:23:50.929+0000] {logging_mixin.py:188} INFO - [2024-07-09T02:23:50.928+0000] {dag.py:3954} INFO - Setting next_dagrun for example_sla_dag to 2024-07-09 02:20:00+00:00, run_after=2024-07-09 02:22:00+00:00
[2024-07-09T02:23:50.977+0000] {processor.py:183} INFO - Processing /home/airflow/.local/lib/python3.12/site-packages/airflow/example_dags/example_sla_dag.py took 0.201 seconds
[2024-07-09T02:24:22.122+0000] {processor.py:161} INFO - Started process (PID=928) to work on /home/airflow/.local/lib/python3.12/site-packages/airflow/example_dags/example_sla_dag.py
[2024-07-09T02:24:22.125+0000] {processor.py:830} INFO - Processing file /home/airflow/.local/lib/python3.12/site-packages/airflow/example_dags/example_sla_dag.py for tasks to queue
[2024-07-09T02:24:22.129+0000] {logging_mixin.py:188} INFO - [2024-07-09T02:24:22.128+0000] {dagbag.py:545} INFO - Filling up the DagBag from /home/airflow/.local/lib/python3.12/site-packages/airflow/example_dags/example_sla_dag.py
[2024-07-09T02:24:22.153+0000] {processor.py:840} INFO - DAG(s) 'example_sla_dag' retrieved from /home/airflow/.local/lib/python3.12/site-packages/airflow/example_dags/example_sla_dag.py
[2024-07-09T02:24:22.201+0000] {logging_mixin.py:188} INFO - [2024-07-09T02:24:22.200+0000] {dag.py:3096} INFO - Sync 1 DAGs
[2024-07-09T02:24:22.270+0000] {logging_mixin.py:188} INFO - [2024-07-09T02:24:22.270+0000] {dag.py:3954} INFO - Setting next_dagrun for example_sla_dag to 2024-07-09 02:22:00+00:00, run_after=2024-07-09 02:24:00+00:00
[2024-07-09T02:24:22.323+0000] {processor.py:183} INFO - Processing /home/airflow/.local/lib/python3.12/site-packages/airflow/example_dags/example_sla_dag.py took 0.217 seconds
[2024-07-09T02:24:54.950+0000] {processor.py:161} INFO - Started process (PID=988) to work on /home/airflow/.local/lib/python3.12/site-packages/airflow/example_dags/example_sla_dag.py
[2024-07-09T02:24:54.953+0000] {processor.py:830} INFO - Processing file /home/airflow/.local/lib/python3.12/site-packages/airflow/example_dags/example_sla_dag.py for tasks to queue
[2024-07-09T02:24:54.977+0000] {logging_mixin.py:188} INFO - [2024-07-09T02:24:54.976+0000] {dagbag.py:545} INFO - Filling up the DagBag from /home/airflow/.local/lib/python3.12/site-packages/airflow/example_dags/example_sla_dag.py
[2024-07-09T02:24:55.045+0000] {processor.py:840} INFO - DAG(s) 'example_sla_dag' retrieved from /home/airflow/.local/lib/python3.12/site-packages/airflow/example_dags/example_sla_dag.py
[2024-07-09T02:24:55.137+0000] {logging_mixin.py:188} INFO - [2024-07-09T02:24:55.136+0000] {dag.py:3096} INFO - Sync 1 DAGs
[2024-07-09T02:24:55.385+0000] {logging_mixin.py:188} INFO - [2024-07-09T02:24:55.384+0000] {dag.py:3954} INFO - Setting next_dagrun for example_sla_dag to 2024-07-09 02:22:00+00:00, run_after=2024-07-09 02:24:00+00:00
[2024-07-09T02:24:55.509+0000] {processor.py:183} INFO - Processing /home/airflow/.local/lib/python3.12/site-packages/airflow/example_dags/example_sla_dag.py took 0.594 seconds
[2024-07-09T02:25:26.064+0000] {processor.py:161} INFO - Started process (PID=1061) to work on /home/airflow/.local/lib/python3.12/site-packages/airflow/example_dags/example_sla_dag.py
[2024-07-09T02:25:26.067+0000] {processor.py:830} INFO - Processing file /home/airflow/.local/lib/python3.12/site-packages/airflow/example_dags/example_sla_dag.py for tasks to queue
[2024-07-09T02:25:26.072+0000] {logging_mixin.py:188} INFO - [2024-07-09T02:25:26.071+0000] {dagbag.py:545} INFO - Filling up the DagBag from /home/airflow/.local/lib/python3.12/site-packages/airflow/example_dags/example_sla_dag.py
[2024-07-09T02:25:26.106+0000] {processor.py:840} INFO - DAG(s) 'example_sla_dag' retrieved from /home/airflow/.local/lib/python3.12/site-packages/airflow/example_dags/example_sla_dag.py
[2024-07-09T02:25:26.181+0000] {logging_mixin.py:188} INFO - [2024-07-09T02:25:26.176+0000] {dag.py:3096} INFO - Sync 1 DAGs
[2024-07-09T02:25:26.300+0000] {logging_mixin.py:188} INFO - [2024-07-09T02:25:26.300+0000] {dag.py:3954} INFO - Setting next_dagrun for example_sla_dag to 2024-07-09 02:22:00+00:00, run_after=2024-07-09 02:24:00+00:00
[2024-07-09T02:25:26.354+0000] {processor.py:183} INFO - Processing /home/airflow/.local/lib/python3.12/site-packages/airflow/example_dags/example_sla_dag.py took 0.308 seconds
[2024-07-09T02:25:56.719+0000] {processor.py:161} INFO - Started process (PID=1130) to work on /home/airflow/.local/lib/python3.12/site-packages/airflow/example_dags/example_sla_dag.py
[2024-07-09T02:25:56.721+0000] {processor.py:830} INFO - Processing file /home/airflow/.local/lib/python3.12/site-packages/airflow/example_dags/example_sla_dag.py for tasks to queue
[2024-07-09T02:25:56.728+0000] {logging_mixin.py:188} INFO - [2024-07-09T02:25:56.727+0000] {dagbag.py:545} INFO - Filling up the DagBag from /home/airflow/.local/lib/python3.12/site-packages/airflow/example_dags/example_sla_dag.py
[2024-07-09T02:25:56.755+0000] {processor.py:840} INFO - DAG(s) 'example_sla_dag' retrieved from /home/airflow/.local/lib/python3.12/site-packages/airflow/example_dags/example_sla_dag.py
[2024-07-09T02:25:56.802+0000] {logging_mixin.py:188} INFO - [2024-07-09T02:25:56.802+0000] {dag.py:3096} INFO - Sync 1 DAGs
[2024-07-09T02:25:56.882+0000] {logging_mixin.py:188} INFO - [2024-07-09T02:25:56.881+0000] {dag.py:3954} INFO - Setting next_dagrun for example_sla_dag to 2024-07-09 02:22:00+00:00, run_after=2024-07-09 02:24:00+00:00
[2024-07-09T02:25:56.986+0000] {processor.py:183} INFO - Processing /home/airflow/.local/lib/python3.12/site-packages/airflow/example_dags/example_sla_dag.py took 0.286 seconds
[2024-07-09T02:26:27.639+0000] {processor.py:161} INFO - Started process (PID=1191) to work on /home/airflow/.local/lib/python3.12/site-packages/airflow/example_dags/example_sla_dag.py
[2024-07-09T02:26:27.645+0000] {processor.py:830} INFO - Processing file /home/airflow/.local/lib/python3.12/site-packages/airflow/example_dags/example_sla_dag.py for tasks to queue
[2024-07-09T02:26:27.651+0000] {logging_mixin.py:188} INFO - [2024-07-09T02:26:27.651+0000] {dagbag.py:545} INFO - Filling up the DagBag from /home/airflow/.local/lib/python3.12/site-packages/airflow/example_dags/example_sla_dag.py
[2024-07-09T02:26:27.679+0000] {processor.py:840} INFO - DAG(s) 'example_sla_dag' retrieved from /home/airflow/.local/lib/python3.12/site-packages/airflow/example_dags/example_sla_dag.py
[2024-07-09T02:26:27.756+0000] {logging_mixin.py:188} INFO - [2024-07-09T02:26:27.755+0000] {dag.py:3096} INFO - Sync 1 DAGs
[2024-07-09T02:26:27.846+0000] {logging_mixin.py:188} INFO - [2024-07-09T02:26:27.845+0000] {dag.py:3954} INFO - Setting next_dagrun for example_sla_dag to 2024-07-09 02:24:00+00:00, run_after=2024-07-09 02:26:00+00:00
[2024-07-09T02:26:27.901+0000] {processor.py:183} INFO - Processing /home/airflow/.local/lib/python3.12/site-packages/airflow/example_dags/example_sla_dag.py took 0.302 seconds
[2024-07-09T02:26:58.427+0000] {processor.py:161} INFO - Started process (PID=1251) to work on /home/airflow/.local/lib/python3.12/site-packages/airflow/example_dags/example_sla_dag.py
[2024-07-09T02:26:58.430+0000] {processor.py:830} INFO - Processing file /home/airflow/.local/lib/python3.12/site-packages/airflow/example_dags/example_sla_dag.py for tasks to queue
[2024-07-09T02:26:58.436+0000] {logging_mixin.py:188} INFO - [2024-07-09T02:26:58.435+0000] {dagbag.py:545} INFO - Filling up the DagBag from /home/airflow/.local/lib/python3.12/site-packages/airflow/example_dags/example_sla_dag.py
[2024-07-09T02:26:58.462+0000] {processor.py:840} INFO - DAG(s) 'example_sla_dag' retrieved from /home/airflow/.local/lib/python3.12/site-packages/airflow/example_dags/example_sla_dag.py
[2024-07-09T02:26:58.546+0000] {logging_mixin.py:188} INFO - [2024-07-09T02:26:58.545+0000] {dag.py:3096} INFO - Sync 1 DAGs
[2024-07-09T02:26:58.633+0000] {logging_mixin.py:188} INFO - [2024-07-09T02:26:58.632+0000] {dag.py:3954} INFO - Setting next_dagrun for example_sla_dag to 2024-07-09 02:24:00+00:00, run_after=2024-07-09 02:26:00+00:00
[2024-07-09T02:26:58.679+0000] {processor.py:183} INFO - Processing /home/airflow/.local/lib/python3.12/site-packages/airflow/example_dags/example_sla_dag.py took 0.270 seconds
[2024-07-09T02:27:29.078+0000] {processor.py:161} INFO - Started process (PID=1316) to work on /home/airflow/.local/lib/python3.12/site-packages/airflow/example_dags/example_sla_dag.py
[2024-07-09T02:27:29.079+0000] {processor.py:830} INFO - Processing file /home/airflow/.local/lib/python3.12/site-packages/airflow/example_dags/example_sla_dag.py for tasks to queue
[2024-07-09T02:27:29.083+0000] {logging_mixin.py:188} INFO - [2024-07-09T02:27:29.082+0000] {dagbag.py:545} INFO - Filling up the DagBag from /home/airflow/.local/lib/python3.12/site-packages/airflow/example_dags/example_sla_dag.py
[2024-07-09T02:27:29.098+0000] {processor.py:840} INFO - DAG(s) 'example_sla_dag' retrieved from /home/airflow/.local/lib/python3.12/site-packages/airflow/example_dags/example_sla_dag.py
[2024-07-09T02:27:29.129+0000] {logging_mixin.py:188} INFO - [2024-07-09T02:27:29.129+0000] {dag.py:3096} INFO - Sync 1 DAGs
[2024-07-09T02:27:29.172+0000] {logging_mixin.py:188} INFO - [2024-07-09T02:27:29.171+0000] {dag.py:3954} INFO - Setting next_dagrun for example_sla_dag to 2024-07-09 02:24:00+00:00, run_after=2024-07-09 02:26:00+00:00
[2024-07-09T02:27:29.207+0000] {processor.py:183} INFO - Processing /home/airflow/.local/lib/python3.12/site-packages/airflow/example_dags/example_sla_dag.py took 0.142 seconds
[2024-07-09T02:27:59.905+0000] {processor.py:161} INFO - Started process (PID=1372) to work on /home/airflow/.local/lib/python3.12/site-packages/airflow/example_dags/example_sla_dag.py
[2024-07-09T02:27:59.907+0000] {processor.py:830} INFO - Processing file /home/airflow/.local/lib/python3.12/site-packages/airflow/example_dags/example_sla_dag.py for tasks to queue
[2024-07-09T02:27:59.912+0000] {logging_mixin.py:188} INFO - [2024-07-09T02:27:59.911+0000] {dagbag.py:545} INFO - Filling up the DagBag from /home/airflow/.local/lib/python3.12/site-packages/airflow/example_dags/example_sla_dag.py
[2024-07-09T02:27:59.932+0000] {processor.py:840} INFO - DAG(s) 'example_sla_dag' retrieved from /home/airflow/.local/lib/python3.12/site-packages/airflow/example_dags/example_sla_dag.py
[2024-07-09T02:27:59.972+0000] {logging_mixin.py:188} INFO - [2024-07-09T02:27:59.971+0000] {dag.py:3096} INFO - Sync 1 DAGs
[2024-07-09T02:28:00.047+0000] {logging_mixin.py:188} INFO - [2024-07-09T02:28:00.046+0000] {dag.py:3954} INFO - Setting next_dagrun for example_sla_dag to 2024-07-09 02:26:00+00:00, run_after=2024-07-09 02:28:00+00:00
[2024-07-09T02:28:00.093+0000] {processor.py:183} INFO - Processing /home/airflow/.local/lib/python3.12/site-packages/airflow/example_dags/example_sla_dag.py took 0.202 seconds
[2024-07-09T02:28:31.183+0000] {processor.py:161} INFO - Started process (PID=1432) to work on /home/airflow/.local/lib/python3.12/site-packages/airflow/example_dags/example_sla_dag.py
[2024-07-09T02:28:31.186+0000] {processor.py:830} INFO - Processing file /home/airflow/.local/lib/python3.12/site-packages/airflow/example_dags/example_sla_dag.py for tasks to queue
[2024-07-09T02:28:31.190+0000] {logging_mixin.py:188} INFO - [2024-07-09T02:28:31.189+0000] {dagbag.py:545} INFO - Filling up the DagBag from /home/airflow/.local/lib/python3.12/site-packages/airflow/example_dags/example_sla_dag.py
[2024-07-09T02:28:31.212+0000] {processor.py:840} INFO - DAG(s) 'example_sla_dag' retrieved from /home/airflow/.local/lib/python3.12/site-packages/airflow/example_dags/example_sla_dag.py
[2024-07-09T02:28:31.271+0000] {logging_mixin.py:188} INFO - [2024-07-09T02:28:31.271+0000] {dag.py:3096} INFO - Sync 1 DAGs
[2024-07-09T02:28:31.362+0000] {logging_mixin.py:188} INFO - [2024-07-09T02:28:31.361+0000] {dag.py:3954} INFO - Setting next_dagrun for example_sla_dag to 2024-07-09 02:26:00+00:00, run_after=2024-07-09 02:28:00+00:00
[2024-07-09T02:28:31.419+0000] {processor.py:183} INFO - Processing /home/airflow/.local/lib/python3.12/site-packages/airflow/example_dags/example_sla_dag.py took 0.253 seconds
[2024-07-09T02:29:07.521+0000] {processor.py:161} INFO - Started process (PID=1491) to work on /home/airflow/.local/lib/python3.12/site-packages/airflow/example_dags/example_sla_dag.py
[2024-07-09T02:29:07.529+0000] {processor.py:830} INFO - Processing file /home/airflow/.local/lib/python3.12/site-packages/airflow/example_dags/example_sla_dag.py for tasks to queue
[2024-07-09T02:29:07.534+0000] {logging_mixin.py:188} INFO - [2024-07-09T02:29:07.533+0000] {dagbag.py:545} INFO - Filling up the DagBag from /home/airflow/.local/lib/python3.12/site-packages/airflow/example_dags/example_sla_dag.py
[2024-07-09T02:29:07.598+0000] {processor.py:840} INFO - DAG(s) 'example_sla_dag' retrieved from /home/airflow/.local/lib/python3.12/site-packages/airflow/example_dags/example_sla_dag.py
[2024-07-09T02:29:07.821+0000] {logging_mixin.py:188} INFO - [2024-07-09T02:29:07.821+0000] {dag.py:3096} INFO - Sync 1 DAGs
[2024-07-09T02:29:08.029+0000] {logging_mixin.py:188} INFO - [2024-07-09T02:29:08.028+0000] {dag.py:3954} INFO - Setting next_dagrun for example_sla_dag to 2024-07-09 02:26:00+00:00, run_after=2024-07-09 02:28:00+00:00
[2024-07-09T02:29:08.267+0000] {processor.py:183} INFO - Processing /home/airflow/.local/lib/python3.12/site-packages/airflow/example_dags/example_sla_dag.py took 0.768 seconds
[2024-07-09T02:29:38.601+0000] {processor.py:161} INFO - Started process (PID=1550) to work on /home/airflow/.local/lib/python3.12/site-packages/airflow/example_dags/example_sla_dag.py
[2024-07-09T02:29:38.603+0000] {processor.py:830} INFO - Processing file /home/airflow/.local/lib/python3.12/site-packages/airflow/example_dags/example_sla_dag.py for tasks to queue
[2024-07-09T02:29:38.619+0000] {logging_mixin.py:188} INFO - [2024-07-09T02:29:38.618+0000] {dagbag.py:545} INFO - Filling up the DagBag from /home/airflow/.local/lib/python3.12/site-packages/airflow/example_dags/example_sla_dag.py
[2024-07-09T02:29:38.654+0000] {processor.py:840} INFO - DAG(s) 'example_sla_dag' retrieved from /home/airflow/.local/lib/python3.12/site-packages/airflow/example_dags/example_sla_dag.py
[2024-07-09T02:29:38.710+0000] {logging_mixin.py:188} INFO - [2024-07-09T02:29:38.709+0000] {dag.py:3096} INFO - Sync 1 DAGs
[2024-07-09T02:29:38.778+0000] {logging_mixin.py:188} INFO - [2024-07-09T02:29:38.778+0000] {dag.py:3954} INFO - Setting next_dagrun for example_sla_dag to 2024-07-09 02:26:00+00:00, run_after=2024-07-09 02:28:00+00:00
[2024-07-09T02:29:38.848+0000] {processor.py:183} INFO - Processing /home/airflow/.local/lib/python3.12/site-packages/airflow/example_dags/example_sla_dag.py took 0.268 seconds
[2024-07-09T02:30:09.423+0000] {processor.py:161} INFO - Started process (PID=1610) to work on /home/airflow/.local/lib/python3.12/site-packages/airflow/example_dags/example_sla_dag.py
[2024-07-09T02:30:09.428+0000] {processor.py:830} INFO - Processing file /home/airflow/.local/lib/python3.12/site-packages/airflow/example_dags/example_sla_dag.py for tasks to queue
[2024-07-09T02:30:09.432+0000] {logging_mixin.py:188} INFO - [2024-07-09T02:30:09.431+0000] {dagbag.py:545} INFO - Filling up the DagBag from /home/airflow/.local/lib/python3.12/site-packages/airflow/example_dags/example_sla_dag.py
[2024-07-09T02:30:09.453+0000] {processor.py:840} INFO - DAG(s) 'example_sla_dag' retrieved from /home/airflow/.local/lib/python3.12/site-packages/airflow/example_dags/example_sla_dag.py
[2024-07-09T02:30:09.501+0000] {logging_mixin.py:188} INFO - [2024-07-09T02:30:09.501+0000] {dag.py:3096} INFO - Sync 1 DAGs
[2024-07-09T02:30:09.679+0000] {logging_mixin.py:188} INFO - [2024-07-09T02:30:09.679+0000] {dag.py:3954} INFO - Setting next_dagrun for example_sla_dag to 2024-07-09 02:28:00+00:00, run_after=2024-07-09 02:30:00+00:00
[2024-07-09T02:30:09.730+0000] {processor.py:183} INFO - Processing /home/airflow/.local/lib/python3.12/site-packages/airflow/example_dags/example_sla_dag.py took 0.331 seconds
[2024-07-09T02:30:40.475+0000] {processor.py:161} INFO - Started process (PID=1670) to work on /home/airflow/.local/lib/python3.12/site-packages/airflow/example_dags/example_sla_dag.py
[2024-07-09T02:30:40.476+0000] {processor.py:830} INFO - Processing file /home/airflow/.local/lib/python3.12/site-packages/airflow/example_dags/example_sla_dag.py for tasks to queue
[2024-07-09T02:30:40.479+0000] {logging_mixin.py:188} INFO - [2024-07-09T02:30:40.478+0000] {dagbag.py:545} INFO - Filling up the DagBag from /home/airflow/.local/lib/python3.12/site-packages/airflow/example_dags/example_sla_dag.py
[2024-07-09T02:30:40.493+0000] {processor.py:840} INFO - DAG(s) 'example_sla_dag' retrieved from /home/airflow/.local/lib/python3.12/site-packages/airflow/example_dags/example_sla_dag.py
[2024-07-09T02:30:40.537+0000] {logging_mixin.py:188} INFO - [2024-07-09T02:30:40.537+0000] {dag.py:3096} INFO - Sync 1 DAGs
[2024-07-09T02:30:40.575+0000] {logging_mixin.py:188} INFO - [2024-07-09T02:30:40.575+0000] {dag.py:3954} INFO - Setting next_dagrun for example_sla_dag to 2024-07-09 02:28:00+00:00, run_after=2024-07-09 02:30:00+00:00
[2024-07-09T02:30:40.601+0000] {processor.py:183} INFO - Processing /home/airflow/.local/lib/python3.12/site-packages/airflow/example_dags/example_sla_dag.py took 0.136 seconds
[2024-07-09T02:31:10.987+0000] {processor.py:161} INFO - Started process (PID=1729) to work on /home/airflow/.local/lib/python3.12/site-packages/airflow/example_dags/example_sla_dag.py
[2024-07-09T02:31:10.990+0000] {processor.py:830} INFO - Processing file /home/airflow/.local/lib/python3.12/site-packages/airflow/example_dags/example_sla_dag.py for tasks to queue
[2024-07-09T02:31:10.998+0000] {logging_mixin.py:188} INFO - [2024-07-09T02:31:10.997+0000] {dagbag.py:545} INFO - Filling up the DagBag from /home/airflow/.local/lib/python3.12/site-packages/airflow/example_dags/example_sla_dag.py
[2024-07-09T02:31:11.029+0000] {processor.py:840} INFO - DAG(s) 'example_sla_dag' retrieved from /home/airflow/.local/lib/python3.12/site-packages/airflow/example_dags/example_sla_dag.py
[2024-07-09T02:31:11.094+0000] {logging_mixin.py:188} INFO - [2024-07-09T02:31:11.093+0000] {dag.py:3096} INFO - Sync 1 DAGs
[2024-07-09T02:31:11.173+0000] {logging_mixin.py:188} INFO - [2024-07-09T02:31:11.172+0000] {dag.py:3954} INFO - Setting next_dagrun for example_sla_dag to 2024-07-09 02:28:00+00:00, run_after=2024-07-09 02:30:00+00:00
[2024-07-09T02:31:11.226+0000] {processor.py:183} INFO - Processing /home/airflow/.local/lib/python3.12/site-packages/airflow/example_dags/example_sla_dag.py took 0.255 seconds
[2024-07-09T02:31:41.737+0000] {processor.py:161} INFO - Started process (PID=1789) to work on /home/airflow/.local/lib/python3.12/site-packages/airflow/example_dags/example_sla_dag.py
[2024-07-09T02:31:41.739+0000] {processor.py:830} INFO - Processing file /home/airflow/.local/lib/python3.12/site-packages/airflow/example_dags/example_sla_dag.py for tasks to queue
[2024-07-09T02:31:41.741+0000] {logging_mixin.py:188} INFO - [2024-07-09T02:31:41.740+0000] {dagbag.py:545} INFO - Filling up the DagBag from /home/airflow/.local/lib/python3.12/site-packages/airflow/example_dags/example_sla_dag.py
[2024-07-09T02:31:41.750+0000] {processor.py:840} INFO - DAG(s) 'example_sla_dag' retrieved from /home/airflow/.local/lib/python3.12/site-packages/airflow/example_dags/example_sla_dag.py
[2024-07-09T02:31:41.778+0000] {logging_mixin.py:188} INFO - [2024-07-09T02:31:41.777+0000] {dag.py:3096} INFO - Sync 1 DAGs
[2024-07-09T02:31:41.825+0000] {logging_mixin.py:188} INFO - [2024-07-09T02:31:41.825+0000] {dag.py:3954} INFO - Setting next_dagrun for example_sla_dag to 2024-07-09 02:28:00+00:00, run_after=2024-07-09 02:30:00+00:00
[2024-07-09T02:31:41.873+0000] {processor.py:183} INFO - Processing /home/airflow/.local/lib/python3.12/site-packages/airflow/example_dags/example_sla_dag.py took 0.142 seconds
[2024-07-09T02:32:12.704+0000] {processor.py:161} INFO - Started process (PID=1849) to work on /home/airflow/.local/lib/python3.12/site-packages/airflow/example_dags/example_sla_dag.py
[2024-07-09T02:32:12.706+0000] {processor.py:830} INFO - Processing file /home/airflow/.local/lib/python3.12/site-packages/airflow/example_dags/example_sla_dag.py for tasks to queue
[2024-07-09T02:32:12.711+0000] {logging_mixin.py:188} INFO - [2024-07-09T02:32:12.710+0000] {dagbag.py:545} INFO - Filling up the DagBag from /home/airflow/.local/lib/python3.12/site-packages/airflow/example_dags/example_sla_dag.py
[2024-07-09T02:32:12.737+0000] {processor.py:840} INFO - DAG(s) 'example_sla_dag' retrieved from /home/airflow/.local/lib/python3.12/site-packages/airflow/example_dags/example_sla_dag.py
[2024-07-09T02:32:12.779+0000] {logging_mixin.py:188} INFO - [2024-07-09T02:32:12.778+0000] {dag.py:3096} INFO - Sync 1 DAGs
[2024-07-09T02:32:13.114+0000] {logging_mixin.py:188} INFO - [2024-07-09T02:32:13.114+0000] {dag.py:3954} INFO - Setting next_dagrun for example_sla_dag to 2024-07-09 02:30:00+00:00, run_after=2024-07-09 02:32:00+00:00
[2024-07-09T02:32:13.171+0000] {processor.py:183} INFO - Processing /home/airflow/.local/lib/python3.12/site-packages/airflow/example_dags/example_sla_dag.py took 0.487 seconds
[2024-07-09T02:32:43.503+0000] {processor.py:161} INFO - Started process (PID=1913) to work on /home/airflow/.local/lib/python3.12/site-packages/airflow/example_dags/example_sla_dag.py
[2024-07-09T02:32:43.504+0000] {processor.py:830} INFO - Processing file /home/airflow/.local/lib/python3.12/site-packages/airflow/example_dags/example_sla_dag.py for tasks to queue
[2024-07-09T02:32:43.507+0000] {logging_mixin.py:188} INFO - [2024-07-09T02:32:43.507+0000] {dagbag.py:545} INFO - Filling up the DagBag from /home/airflow/.local/lib/python3.12/site-packages/airflow/example_dags/example_sla_dag.py
[2024-07-09T02:32:43.521+0000] {processor.py:840} INFO - DAG(s) 'example_sla_dag' retrieved from /home/airflow/.local/lib/python3.12/site-packages/airflow/example_dags/example_sla_dag.py
[2024-07-09T02:32:43.552+0000] {logging_mixin.py:188} INFO - [2024-07-09T02:32:43.551+0000] {dag.py:3096} INFO - Sync 1 DAGs
[2024-07-09T02:32:43.601+0000] {logging_mixin.py:188} INFO - [2024-07-09T02:32:43.600+0000] {dag.py:3954} INFO - Setting next_dagrun for example_sla_dag to 2024-07-09 02:30:00+00:00, run_after=2024-07-09 02:32:00+00:00
[2024-07-09T02:32:43.834+0000] {processor.py:183} INFO - Processing /home/airflow/.local/lib/python3.12/site-packages/airflow/example_dags/example_sla_dag.py took 0.341 seconds
[2024-07-09T02:33:13.965+0000] {processor.py:161} INFO - Started process (PID=1969) to work on /home/airflow/.local/lib/python3.12/site-packages/airflow/example_dags/example_sla_dag.py
[2024-07-09T02:33:13.966+0000] {processor.py:830} INFO - Processing file /home/airflow/.local/lib/python3.12/site-packages/airflow/example_dags/example_sla_dag.py for tasks to queue
[2024-07-09T02:33:13.969+0000] {logging_mixin.py:188} INFO - [2024-07-09T02:33:13.969+0000] {dagbag.py:545} INFO - Filling up the DagBag from /home/airflow/.local/lib/python3.12/site-packages/airflow/example_dags/example_sla_dag.py
[2024-07-09T02:33:13.978+0000] {processor.py:840} INFO - DAG(s) 'example_sla_dag' retrieved from /home/airflow/.local/lib/python3.12/site-packages/airflow/example_dags/example_sla_dag.py
[2024-07-09T02:33:14.001+0000] {logging_mixin.py:188} INFO - [2024-07-09T02:33:14.000+0000] {dag.py:3096} INFO - Sync 1 DAGs
[2024-07-09T02:33:14.029+0000] {logging_mixin.py:188} INFO - [2024-07-09T02:33:14.029+0000] {dag.py:3954} INFO - Setting next_dagrun for example_sla_dag to 2024-07-09 02:30:00+00:00, run_after=2024-07-09 02:32:00+00:00
[2024-07-09T02:33:14.070+0000] {processor.py:183} INFO - Processing /home/airflow/.local/lib/python3.12/site-packages/airflow/example_dags/example_sla_dag.py took 0.112 seconds
[2024-07-09T02:33:44.329+0000] {processor.py:161} INFO - Started process (PID=2030) to work on /home/airflow/.local/lib/python3.12/site-packages/airflow/example_dags/example_sla_dag.py
[2024-07-09T02:33:44.330+0000] {processor.py:830} INFO - Processing file /home/airflow/.local/lib/python3.12/site-packages/airflow/example_dags/example_sla_dag.py for tasks to queue
[2024-07-09T02:33:44.333+0000] {logging_mixin.py:188} INFO - [2024-07-09T02:33:44.332+0000] {dagbag.py:545} INFO - Filling up the DagBag from /home/airflow/.local/lib/python3.12/site-packages/airflow/example_dags/example_sla_dag.py
[2024-07-09T02:33:44.345+0000] {processor.py:840} INFO - DAG(s) 'example_sla_dag' retrieved from /home/airflow/.local/lib/python3.12/site-packages/airflow/example_dags/example_sla_dag.py
[2024-07-09T02:33:44.368+0000] {logging_mixin.py:188} INFO - [2024-07-09T02:33:44.368+0000] {dag.py:3096} INFO - Sync 1 DAGs
[2024-07-09T02:33:44.398+0000] {logging_mixin.py:188} INFO - [2024-07-09T02:33:44.398+0000] {dag.py:3954} INFO - Setting next_dagrun for example_sla_dag to 2024-07-09 02:30:00+00:00, run_after=2024-07-09 02:32:00+00:00
[2024-07-09T02:33:44.435+0000] {processor.py:183} INFO - Processing /home/airflow/.local/lib/python3.12/site-packages/airflow/example_dags/example_sla_dag.py took 0.116 seconds
