[2024-07-09T01:48:45.173+0000] {processor.py:161} INFO - Started process (PID=46) to work on /home/airflow/.local/lib/python3.12/site-packages/airflow/example_dags/example_latest_only.py
[2024-07-09T01:48:45.174+0000] {processor.py:830} INFO - Processing file /home/airflow/.local/lib/python3.12/site-packages/airflow/example_dags/example_latest_only.py for tasks to queue
[2024-07-09T01:48:45.179+0000] {logging_mixin.py:188} INFO - [2024-07-09T01:48:45.178+0000] {dagbag.py:545} INFO - Filling up the DagBag from /home/airflow/.local/lib/python3.12/site-packages/airflow/example_dags/example_latest_only.py
[2024-07-09T01:48:45.198+0000] {processor.py:840} INFO - DAG(s) 'latest_only' retrieved from /home/airflow/.local/lib/python3.12/site-packages/airflow/example_dags/example_latest_only.py
[2024-07-09T01:48:45.389+0000] {logging_mixin.py:188} INFO - [2024-07-09T01:48:45.387+0000] {override.py:1829} INFO - Created Permission View: can edit on DAG:latest_only
[2024-07-09T01:48:45.404+0000] {logging_mixin.py:188} INFO - [2024-07-09T01:48:45.404+0000] {override.py:1829} INFO - Created Permission View: can read on DAG:latest_only
[2024-07-09T01:48:45.415+0000] {logging_mixin.py:188} INFO - [2024-07-09T01:48:45.414+0000] {override.py:1829} INFO - Created Permission View: can delete on DAG:latest_only
[2024-07-09T01:48:45.416+0000] {logging_mixin.py:188} INFO - [2024-07-09T01:48:45.415+0000] {dag.py:3096} INFO - Sync 1 DAGs
[2024-07-09T01:48:45.438+0000] {logging_mixin.py:188} INFO - [2024-07-09T01:48:45.438+0000] {dag.py:3118} INFO - Creating ORM DAG for latest_only
[2024-07-09T01:48:45.457+0000] {logging_mixin.py:188} INFO - [2024-07-09T01:48:45.457+0000] {dag.py:3954} INFO - Setting next_dagrun for latest_only to 2024-07-08 20:00:00+00:00, run_after=2024-07-09 00:00:00+00:00
[2024-07-09T01:48:45.488+0000] {processor.py:183} INFO - Processing /home/airflow/.local/lib/python3.12/site-packages/airflow/example_dags/example_latest_only.py took 0.326 seconds
[2024-07-09T01:49:16.147+0000] {processor.py:161} INFO - Started process (PID=106) to work on /home/airflow/.local/lib/python3.12/site-packages/airflow/example_dags/example_latest_only.py
[2024-07-09T01:49:16.149+0000] {processor.py:830} INFO - Processing file /home/airflow/.local/lib/python3.12/site-packages/airflow/example_dags/example_latest_only.py for tasks to queue
[2024-07-09T01:49:16.152+0000] {logging_mixin.py:188} INFO - [2024-07-09T01:49:16.152+0000] {dagbag.py:545} INFO - Filling up the DagBag from /home/airflow/.local/lib/python3.12/site-packages/airflow/example_dags/example_latest_only.py
[2024-07-09T01:49:16.159+0000] {processor.py:840} INFO - DAG(s) 'latest_only' retrieved from /home/airflow/.local/lib/python3.12/site-packages/airflow/example_dags/example_latest_only.py
[2024-07-09T01:49:16.185+0000] {logging_mixin.py:188} INFO - [2024-07-09T01:49:16.185+0000] {dag.py:3096} INFO - Sync 1 DAGs
[2024-07-09T01:49:16.214+0000] {logging_mixin.py:188} INFO - [2024-07-09T01:49:16.214+0000] {dag.py:3954} INFO - Setting next_dagrun for latest_only to 2024-07-08 20:00:00+00:00, run_after=2024-07-09 00:00:00+00:00
[2024-07-09T01:49:16.240+0000] {processor.py:183} INFO - Processing /home/airflow/.local/lib/python3.12/site-packages/airflow/example_dags/example_latest_only.py took 0.101 seconds
[2024-07-09T01:49:46.347+0000] {processor.py:161} INFO - Started process (PID=164) to work on /home/airflow/.local/lib/python3.12/site-packages/airflow/example_dags/example_latest_only.py
[2024-07-09T01:49:46.348+0000] {processor.py:830} INFO - Processing file /home/airflow/.local/lib/python3.12/site-packages/airflow/example_dags/example_latest_only.py for tasks to queue
[2024-07-09T01:49:46.350+0000] {logging_mixin.py:188} INFO - [2024-07-09T01:49:46.350+0000] {dagbag.py:545} INFO - Filling up the DagBag from /home/airflow/.local/lib/python3.12/site-packages/airflow/example_dags/example_latest_only.py
[2024-07-09T01:49:46.356+0000] {processor.py:840} INFO - DAG(s) 'latest_only' retrieved from /home/airflow/.local/lib/python3.12/site-packages/airflow/example_dags/example_latest_only.py
[2024-07-09T01:49:46.379+0000] {logging_mixin.py:188} INFO - [2024-07-09T01:49:46.379+0000] {dag.py:3096} INFO - Sync 1 DAGs
[2024-07-09T01:49:46.405+0000] {logging_mixin.py:188} INFO - [2024-07-09T01:49:46.404+0000] {dag.py:3954} INFO - Setting next_dagrun for latest_only to 2024-07-08 20:00:00+00:00, run_after=2024-07-09 00:00:00+00:00
[2024-07-09T01:49:46.431+0000] {processor.py:183} INFO - Processing /home/airflow/.local/lib/python3.12/site-packages/airflow/example_dags/example_latest_only.py took 0.091 seconds
[2024-07-09T01:50:16.806+0000] {processor.py:161} INFO - Started process (PID=224) to work on /home/airflow/.local/lib/python3.12/site-packages/airflow/example_dags/example_latest_only.py
[2024-07-09T01:50:16.807+0000] {processor.py:830} INFO - Processing file /home/airflow/.local/lib/python3.12/site-packages/airflow/example_dags/example_latest_only.py for tasks to queue
[2024-07-09T01:50:16.810+0000] {logging_mixin.py:188} INFO - [2024-07-09T01:50:16.809+0000] {dagbag.py:545} INFO - Filling up the DagBag from /home/airflow/.local/lib/python3.12/site-packages/airflow/example_dags/example_latest_only.py
[2024-07-09T01:50:16.816+0000] {processor.py:840} INFO - DAG(s) 'latest_only' retrieved from /home/airflow/.local/lib/python3.12/site-packages/airflow/example_dags/example_latest_only.py
[2024-07-09T01:50:16.843+0000] {logging_mixin.py:188} INFO - [2024-07-09T01:50:16.843+0000] {dag.py:3096} INFO - Sync 1 DAGs
[2024-07-09T01:50:16.876+0000] {logging_mixin.py:188} INFO - [2024-07-09T01:50:16.875+0000] {dag.py:3954} INFO - Setting next_dagrun for latest_only to 2024-07-08 20:00:00+00:00, run_after=2024-07-09 00:00:00+00:00
[2024-07-09T01:50:16.922+0000] {processor.py:183} INFO - Processing /home/airflow/.local/lib/python3.12/site-packages/airflow/example_dags/example_latest_only.py took 0.124 seconds
[2024-07-09T01:50:47.108+0000] {processor.py:161} INFO - Started process (PID=284) to work on /home/airflow/.local/lib/python3.12/site-packages/airflow/example_dags/example_latest_only.py
[2024-07-09T01:50:47.109+0000] {processor.py:830} INFO - Processing file /home/airflow/.local/lib/python3.12/site-packages/airflow/example_dags/example_latest_only.py for tasks to queue
[2024-07-09T01:50:47.112+0000] {logging_mixin.py:188} INFO - [2024-07-09T01:50:47.111+0000] {dagbag.py:545} INFO - Filling up the DagBag from /home/airflow/.local/lib/python3.12/site-packages/airflow/example_dags/example_latest_only.py
[2024-07-09T01:50:47.120+0000] {processor.py:840} INFO - DAG(s) 'latest_only' retrieved from /home/airflow/.local/lib/python3.12/site-packages/airflow/example_dags/example_latest_only.py
[2024-07-09T01:50:47.154+0000] {logging_mixin.py:188} INFO - [2024-07-09T01:50:47.154+0000] {dag.py:3096} INFO - Sync 1 DAGs
[2024-07-09T01:50:47.196+0000] {logging_mixin.py:188} INFO - [2024-07-09T01:50:47.195+0000] {dag.py:3954} INFO - Setting next_dagrun for latest_only to 2024-07-08 20:00:00+00:00, run_after=2024-07-09 00:00:00+00:00
[2024-07-09T01:50:47.242+0000] {processor.py:183} INFO - Processing /home/airflow/.local/lib/python3.12/site-packages/airflow/example_dags/example_latest_only.py took 0.143 seconds
[2024-07-09T01:51:17.925+0000] {processor.py:161} INFO - Started process (PID=344) to work on /home/airflow/.local/lib/python3.12/site-packages/airflow/example_dags/example_latest_only.py
[2024-07-09T01:51:17.927+0000] {processor.py:830} INFO - Processing file /home/airflow/.local/lib/python3.12/site-packages/airflow/example_dags/example_latest_only.py for tasks to queue
[2024-07-09T01:51:17.929+0000] {logging_mixin.py:188} INFO - [2024-07-09T01:51:17.929+0000] {dagbag.py:545} INFO - Filling up the DagBag from /home/airflow/.local/lib/python3.12/site-packages/airflow/example_dags/example_latest_only.py
[2024-07-09T01:51:17.934+0000] {processor.py:840} INFO - DAG(s) 'latest_only' retrieved from /home/airflow/.local/lib/python3.12/site-packages/airflow/example_dags/example_latest_only.py
[2024-07-09T01:51:17.957+0000] {logging_mixin.py:188} INFO - [2024-07-09T01:51:17.957+0000] {dag.py:3096} INFO - Sync 1 DAGs
[2024-07-09T01:51:17.982+0000] {logging_mixin.py:188} INFO - [2024-07-09T01:51:17.982+0000] {dag.py:3954} INFO - Setting next_dagrun for latest_only to 2024-07-08 20:00:00+00:00, run_after=2024-07-09 00:00:00+00:00
[2024-07-09T01:51:18.005+0000] {processor.py:183} INFO - Processing /home/airflow/.local/lib/python3.12/site-packages/airflow/example_dags/example_latest_only.py took 0.089 seconds
[2024-07-09T01:51:48.382+0000] {processor.py:161} INFO - Started process (PID=404) to work on /home/airflow/.local/lib/python3.12/site-packages/airflow/example_dags/example_latest_only.py
[2024-07-09T01:51:48.384+0000] {processor.py:830} INFO - Processing file /home/airflow/.local/lib/python3.12/site-packages/airflow/example_dags/example_latest_only.py for tasks to queue
[2024-07-09T01:51:48.386+0000] {logging_mixin.py:188} INFO - [2024-07-09T01:51:48.386+0000] {dagbag.py:545} INFO - Filling up the DagBag from /home/airflow/.local/lib/python3.12/site-packages/airflow/example_dags/example_latest_only.py
[2024-07-09T01:51:48.391+0000] {processor.py:840} INFO - DAG(s) 'latest_only' retrieved from /home/airflow/.local/lib/python3.12/site-packages/airflow/example_dags/example_latest_only.py
[2024-07-09T01:51:48.416+0000] {logging_mixin.py:188} INFO - [2024-07-09T01:51:48.415+0000] {dag.py:3096} INFO - Sync 1 DAGs
[2024-07-09T01:51:48.441+0000] {logging_mixin.py:188} INFO - [2024-07-09T01:51:48.441+0000] {dag.py:3954} INFO - Setting next_dagrun for latest_only to 2024-07-08 20:00:00+00:00, run_after=2024-07-09 00:00:00+00:00
[2024-07-09T01:51:48.484+0000] {processor.py:183} INFO - Processing /home/airflow/.local/lib/python3.12/site-packages/airflow/example_dags/example_latest_only.py took 0.108 seconds
[2024-07-09T01:52:19.176+0000] {processor.py:161} INFO - Started process (PID=464) to work on /home/airflow/.local/lib/python3.12/site-packages/airflow/example_dags/example_latest_only.py
[2024-07-09T01:52:19.177+0000] {processor.py:830} INFO - Processing file /home/airflow/.local/lib/python3.12/site-packages/airflow/example_dags/example_latest_only.py for tasks to queue
[2024-07-09T01:52:19.179+0000] {logging_mixin.py:188} INFO - [2024-07-09T01:52:19.179+0000] {dagbag.py:545} INFO - Filling up the DagBag from /home/airflow/.local/lib/python3.12/site-packages/airflow/example_dags/example_latest_only.py
[2024-07-09T01:52:19.184+0000] {processor.py:840} INFO - DAG(s) 'latest_only' retrieved from /home/airflow/.local/lib/python3.12/site-packages/airflow/example_dags/example_latest_only.py
[2024-07-09T01:52:19.206+0000] {logging_mixin.py:188} INFO - [2024-07-09T01:52:19.206+0000] {dag.py:3096} INFO - Sync 1 DAGs
[2024-07-09T01:52:19.230+0000] {logging_mixin.py:188} INFO - [2024-07-09T01:52:19.230+0000] {dag.py:3954} INFO - Setting next_dagrun for latest_only to 2024-07-08 20:00:00+00:00, run_after=2024-07-09 00:00:00+00:00
[2024-07-09T01:52:19.253+0000] {processor.py:183} INFO - Processing /home/airflow/.local/lib/python3.12/site-packages/airflow/example_dags/example_latest_only.py took 0.085 seconds
[2024-07-09T01:52:49.895+0000] {processor.py:161} INFO - Started process (PID=524) to work on /home/airflow/.local/lib/python3.12/site-packages/airflow/example_dags/example_latest_only.py
[2024-07-09T01:52:49.897+0000] {processor.py:830} INFO - Processing file /home/airflow/.local/lib/python3.12/site-packages/airflow/example_dags/example_latest_only.py for tasks to queue
[2024-07-09T01:52:49.899+0000] {logging_mixin.py:188} INFO - [2024-07-09T01:52:49.899+0000] {dagbag.py:545} INFO - Filling up the DagBag from /home/airflow/.local/lib/python3.12/site-packages/airflow/example_dags/example_latest_only.py
[2024-07-09T01:52:49.906+0000] {processor.py:840} INFO - DAG(s) 'latest_only' retrieved from /home/airflow/.local/lib/python3.12/site-packages/airflow/example_dags/example_latest_only.py
[2024-07-09T01:52:49.928+0000] {logging_mixin.py:188} INFO - [2024-07-09T01:52:49.928+0000] {dag.py:3096} INFO - Sync 1 DAGs
[2024-07-09T01:52:49.956+0000] {logging_mixin.py:188} INFO - [2024-07-09T01:52:49.956+0000] {dag.py:3954} INFO - Setting next_dagrun for latest_only to 2024-07-08 20:00:00+00:00, run_after=2024-07-09 00:00:00+00:00
[2024-07-09T01:52:49.981+0000] {processor.py:183} INFO - Processing /home/airflow/.local/lib/python3.12/site-packages/airflow/example_dags/example_latest_only.py took 0.092 seconds
[2024-07-09T01:53:20.102+0000] {processor.py:161} INFO - Started process (PID=583) to work on /home/airflow/.local/lib/python3.12/site-packages/airflow/example_dags/example_latest_only.py
[2024-07-09T01:53:20.104+0000] {processor.py:830} INFO - Processing file /home/airflow/.local/lib/python3.12/site-packages/airflow/example_dags/example_latest_only.py for tasks to queue
[2024-07-09T01:53:20.106+0000] {logging_mixin.py:188} INFO - [2024-07-09T01:53:20.105+0000] {dagbag.py:545} INFO - Filling up the DagBag from /home/airflow/.local/lib/python3.12/site-packages/airflow/example_dags/example_latest_only.py
[2024-07-09T01:53:20.111+0000] {processor.py:840} INFO - DAG(s) 'latest_only' retrieved from /home/airflow/.local/lib/python3.12/site-packages/airflow/example_dags/example_latest_only.py
[2024-07-09T01:53:20.132+0000] {logging_mixin.py:188} INFO - [2024-07-09T01:53:20.132+0000] {dag.py:3096} INFO - Sync 1 DAGs
[2024-07-09T01:53:20.157+0000] {logging_mixin.py:188} INFO - [2024-07-09T01:53:20.156+0000] {dag.py:3954} INFO - Setting next_dagrun for latest_only to 2024-07-08 20:00:00+00:00, run_after=2024-07-09 00:00:00+00:00
[2024-07-09T01:53:20.180+0000] {processor.py:183} INFO - Processing /home/airflow/.local/lib/python3.12/site-packages/airflow/example_dags/example_latest_only.py took 0.084 seconds
[2024-07-09T01:53:50.558+0000] {processor.py:161} INFO - Started process (PID=643) to work on /home/airflow/.local/lib/python3.12/site-packages/airflow/example_dags/example_latest_only.py
[2024-07-09T01:53:50.560+0000] {processor.py:830} INFO - Processing file /home/airflow/.local/lib/python3.12/site-packages/airflow/example_dags/example_latest_only.py for tasks to queue
[2024-07-09T01:53:50.562+0000] {logging_mixin.py:188} INFO - [2024-07-09T01:53:50.562+0000] {dagbag.py:545} INFO - Filling up the DagBag from /home/airflow/.local/lib/python3.12/site-packages/airflow/example_dags/example_latest_only.py
[2024-07-09T01:53:50.569+0000] {processor.py:840} INFO - DAG(s) 'latest_only' retrieved from /home/airflow/.local/lib/python3.12/site-packages/airflow/example_dags/example_latest_only.py
[2024-07-09T01:53:50.592+0000] {logging_mixin.py:188} INFO - [2024-07-09T01:53:50.592+0000] {dag.py:3096} INFO - Sync 1 DAGs
[2024-07-09T01:53:50.618+0000] {logging_mixin.py:188} INFO - [2024-07-09T01:53:50.618+0000] {dag.py:3954} INFO - Setting next_dagrun for latest_only to 2024-07-08 20:00:00+00:00, run_after=2024-07-09 00:00:00+00:00
[2024-07-09T01:53:50.658+0000] {processor.py:183} INFO - Processing /home/airflow/.local/lib/python3.12/site-packages/airflow/example_dags/example_latest_only.py took 0.107 seconds
[2024-07-09T01:54:21.183+0000] {processor.py:161} INFO - Started process (PID=703) to work on /home/airflow/.local/lib/python3.12/site-packages/airflow/example_dags/example_latest_only.py
[2024-07-09T01:54:21.184+0000] {processor.py:830} INFO - Processing file /home/airflow/.local/lib/python3.12/site-packages/airflow/example_dags/example_latest_only.py for tasks to queue
[2024-07-09T01:54:21.187+0000] {logging_mixin.py:188} INFO - [2024-07-09T01:54:21.186+0000] {dagbag.py:545} INFO - Filling up the DagBag from /home/airflow/.local/lib/python3.12/site-packages/airflow/example_dags/example_latest_only.py
[2024-07-09T01:54:21.192+0000] {processor.py:840} INFO - DAG(s) 'latest_only' retrieved from /home/airflow/.local/lib/python3.12/site-packages/airflow/example_dags/example_latest_only.py
[2024-07-09T01:54:21.215+0000] {logging_mixin.py:188} INFO - [2024-07-09T01:54:21.214+0000] {dag.py:3096} INFO - Sync 1 DAGs
[2024-07-09T01:54:21.243+0000] {logging_mixin.py:188} INFO - [2024-07-09T01:54:21.243+0000] {dag.py:3954} INFO - Setting next_dagrun for latest_only to 2024-07-08 20:00:00+00:00, run_after=2024-07-09 00:00:00+00:00
[2024-07-09T01:54:21.284+0000] {processor.py:183} INFO - Processing /home/airflow/.local/lib/python3.12/site-packages/airflow/example_dags/example_latest_only.py took 0.108 seconds
[2024-07-09T01:54:52.200+0000] {processor.py:161} INFO - Started process (PID=763) to work on /home/airflow/.local/lib/python3.12/site-packages/airflow/example_dags/example_latest_only.py
[2024-07-09T01:54:52.203+0000] {processor.py:830} INFO - Processing file /home/airflow/.local/lib/python3.12/site-packages/airflow/example_dags/example_latest_only.py for tasks to queue
[2024-07-09T01:54:52.207+0000] {logging_mixin.py:188} INFO - [2024-07-09T01:54:52.207+0000] {dagbag.py:545} INFO - Filling up the DagBag from /home/airflow/.local/lib/python3.12/site-packages/airflow/example_dags/example_latest_only.py
[2024-07-09T01:54:52.217+0000] {processor.py:840} INFO - DAG(s) 'latest_only' retrieved from /home/airflow/.local/lib/python3.12/site-packages/airflow/example_dags/example_latest_only.py
[2024-07-09T01:54:52.250+0000] {logging_mixin.py:188} INFO - [2024-07-09T01:54:52.249+0000] {dag.py:3096} INFO - Sync 1 DAGs
[2024-07-09T01:54:52.301+0000] {logging_mixin.py:188} INFO - [2024-07-09T01:54:52.300+0000] {dag.py:3954} INFO - Setting next_dagrun for latest_only to 2024-07-08 20:00:00+00:00, run_after=2024-07-09 00:00:00+00:00
[2024-07-09T01:54:52.343+0000] {processor.py:183} INFO - Processing /home/airflow/.local/lib/python3.12/site-packages/airflow/example_dags/example_latest_only.py took 0.154 seconds
[2024-07-09T01:55:22.823+0000] {processor.py:161} INFO - Started process (PID=822) to work on /home/airflow/.local/lib/python3.12/site-packages/airflow/example_dags/example_latest_only.py
[2024-07-09T01:55:22.824+0000] {processor.py:830} INFO - Processing file /home/airflow/.local/lib/python3.12/site-packages/airflow/example_dags/example_latest_only.py for tasks to queue
[2024-07-09T01:55:22.826+0000] {logging_mixin.py:188} INFO - [2024-07-09T01:55:22.826+0000] {dagbag.py:545} INFO - Filling up the DagBag from /home/airflow/.local/lib/python3.12/site-packages/airflow/example_dags/example_latest_only.py
[2024-07-09T01:55:22.831+0000] {processor.py:840} INFO - DAG(s) 'latest_only' retrieved from /home/airflow/.local/lib/python3.12/site-packages/airflow/example_dags/example_latest_only.py
[2024-07-09T01:55:22.854+0000] {logging_mixin.py:188} INFO - [2024-07-09T01:55:22.854+0000] {dag.py:3096} INFO - Sync 1 DAGs
[2024-07-09T01:55:22.881+0000] {logging_mixin.py:188} INFO - [2024-07-09T01:55:22.881+0000] {dag.py:3954} INFO - Setting next_dagrun for latest_only to 2024-07-08 20:00:00+00:00, run_after=2024-07-09 00:00:00+00:00
[2024-07-09T01:55:22.918+0000] {processor.py:183} INFO - Processing /home/airflow/.local/lib/python3.12/site-packages/airflow/example_dags/example_latest_only.py took 0.102 seconds
[2024-07-09T01:55:53.934+0000] {processor.py:161} INFO - Started process (PID=882) to work on /home/airflow/.local/lib/python3.12/site-packages/airflow/example_dags/example_latest_only.py
[2024-07-09T01:55:53.936+0000] {processor.py:830} INFO - Processing file /home/airflow/.local/lib/python3.12/site-packages/airflow/example_dags/example_latest_only.py for tasks to queue
[2024-07-09T01:55:53.938+0000] {logging_mixin.py:188} INFO - [2024-07-09T01:55:53.938+0000] {dagbag.py:545} INFO - Filling up the DagBag from /home/airflow/.local/lib/python3.12/site-packages/airflow/example_dags/example_latest_only.py
[2024-07-09T01:55:53.945+0000] {processor.py:840} INFO - DAG(s) 'latest_only' retrieved from /home/airflow/.local/lib/python3.12/site-packages/airflow/example_dags/example_latest_only.py
[2024-07-09T01:55:53.974+0000] {logging_mixin.py:188} INFO - [2024-07-09T01:55:53.973+0000] {dag.py:3096} INFO - Sync 1 DAGs
[2024-07-09T01:55:54.007+0000] {logging_mixin.py:188} INFO - [2024-07-09T01:55:54.007+0000] {dag.py:3954} INFO - Setting next_dagrun for latest_only to 2024-07-08 20:00:00+00:00, run_after=2024-07-09 00:00:00+00:00
[2024-07-09T01:55:54.072+0000] {processor.py:183} INFO - Processing /home/airflow/.local/lib/python3.12/site-packages/airflow/example_dags/example_latest_only.py took 0.147 seconds
[2024-07-09T01:56:24.212+0000] {processor.py:161} INFO - Started process (PID=940) to work on /home/airflow/.local/lib/python3.12/site-packages/airflow/example_dags/example_latest_only.py
[2024-07-09T01:56:24.214+0000] {processor.py:830} INFO - Processing file /home/airflow/.local/lib/python3.12/site-packages/airflow/example_dags/example_latest_only.py for tasks to queue
[2024-07-09T01:56:24.217+0000] {logging_mixin.py:188} INFO - [2024-07-09T01:56:24.216+0000] {dagbag.py:545} INFO - Filling up the DagBag from /home/airflow/.local/lib/python3.12/site-packages/airflow/example_dags/example_latest_only.py
[2024-07-09T01:56:24.223+0000] {processor.py:840} INFO - DAG(s) 'latest_only' retrieved from /home/airflow/.local/lib/python3.12/site-packages/airflow/example_dags/example_latest_only.py
[2024-07-09T01:56:24.261+0000] {logging_mixin.py:188} INFO - [2024-07-09T01:56:24.261+0000] {dag.py:3096} INFO - Sync 1 DAGs
[2024-07-09T01:56:24.301+0000] {logging_mixin.py:188} INFO - [2024-07-09T01:56:24.301+0000] {dag.py:3954} INFO - Setting next_dagrun for latest_only to 2024-07-08 20:00:00+00:00, run_after=2024-07-09 00:00:00+00:00
[2024-07-09T01:56:24.332+0000] {processor.py:183} INFO - Processing /home/airflow/.local/lib/python3.12/site-packages/airflow/example_dags/example_latest_only.py took 0.129 seconds
[2024-07-09T01:56:54.967+0000] {processor.py:161} INFO - Started process (PID=1001) to work on /home/airflow/.local/lib/python3.12/site-packages/airflow/example_dags/example_latest_only.py
[2024-07-09T01:56:54.970+0000] {processor.py:830} INFO - Processing file /home/airflow/.local/lib/python3.12/site-packages/airflow/example_dags/example_latest_only.py for tasks to queue
[2024-07-09T01:56:54.974+0000] {logging_mixin.py:188} INFO - [2024-07-09T01:56:54.974+0000] {dagbag.py:545} INFO - Filling up the DagBag from /home/airflow/.local/lib/python3.12/site-packages/airflow/example_dags/example_latest_only.py
[2024-07-09T01:56:54.984+0000] {processor.py:840} INFO - DAG(s) 'latest_only' retrieved from /home/airflow/.local/lib/python3.12/site-packages/airflow/example_dags/example_latest_only.py
[2024-07-09T01:56:55.030+0000] {logging_mixin.py:188} INFO - [2024-07-09T01:56:55.029+0000] {dag.py:3096} INFO - Sync 1 DAGs
[2024-07-09T01:56:55.143+0000] {logging_mixin.py:188} INFO - [2024-07-09T01:56:55.142+0000] {dag.py:3954} INFO - Setting next_dagrun for latest_only to 2024-07-08 20:00:00+00:00, run_after=2024-07-09 00:00:00+00:00
[2024-07-09T01:56:55.208+0000] {processor.py:183} INFO - Processing /home/airflow/.local/lib/python3.12/site-packages/airflow/example_dags/example_latest_only.py took 0.255 seconds
[2024-07-09T02:00:15.051+0000] {processor.py:161} INFO - Started process (PID=45) to work on /home/airflow/.local/lib/python3.12/site-packages/airflow/example_dags/example_latest_only.py
[2024-07-09T02:00:15.053+0000] {processor.py:830} INFO - Processing file /home/airflow/.local/lib/python3.12/site-packages/airflow/example_dags/example_latest_only.py for tasks to queue
[2024-07-09T02:00:15.066+0000] {logging_mixin.py:188} INFO - [2024-07-09T02:00:15.063+0000] {dagbag.py:545} INFO - Filling up the DagBag from /home/airflow/.local/lib/python3.12/site-packages/airflow/example_dags/example_latest_only.py
[2024-07-09T02:00:15.109+0000] {processor.py:840} INFO - DAG(s) 'latest_only' retrieved from /home/airflow/.local/lib/python3.12/site-packages/airflow/example_dags/example_latest_only.py
[2024-07-09T02:00:15.559+0000] {logging_mixin.py:188} INFO - [2024-07-09T02:00:15.557+0000] {override.py:1829} INFO - Created Permission View: can edit on DAG:latest_only
[2024-07-09T02:00:15.597+0000] {logging_mixin.py:188} INFO - [2024-07-09T02:00:15.596+0000] {override.py:1829} INFO - Created Permission View: can read on DAG:latest_only
[2024-07-09T02:00:15.624+0000] {logging_mixin.py:188} INFO - [2024-07-09T02:00:15.623+0000] {override.py:1829} INFO - Created Permission View: can delete on DAG:latest_only
[2024-07-09T02:00:15.626+0000] {logging_mixin.py:188} INFO - [2024-07-09T02:00:15.625+0000] {dag.py:3096} INFO - Sync 1 DAGs
[2024-07-09T02:00:15.670+0000] {logging_mixin.py:188} INFO - [2024-07-09T02:00:15.669+0000] {dag.py:3118} INFO - Creating ORM DAG for latest_only
[2024-07-09T02:00:15.713+0000] {logging_mixin.py:188} INFO - [2024-07-09T02:00:15.712+0000] {dag.py:3954} INFO - Setting next_dagrun for latest_only to 2024-07-08 20:00:00+00:00, run_after=2024-07-09 00:00:00+00:00
[2024-07-09T02:00:15.803+0000] {processor.py:183} INFO - Processing /home/airflow/.local/lib/python3.12/site-packages/airflow/example_dags/example_latest_only.py took 0.768 seconds
[2024-07-09T02:00:46.477+0000] {processor.py:161} INFO - Started process (PID=105) to work on /home/airflow/.local/lib/python3.12/site-packages/airflow/example_dags/example_latest_only.py
[2024-07-09T02:00:46.479+0000] {processor.py:830} INFO - Processing file /home/airflow/.local/lib/python3.12/site-packages/airflow/example_dags/example_latest_only.py for tasks to queue
[2024-07-09T02:00:46.483+0000] {logging_mixin.py:188} INFO - [2024-07-09T02:00:46.483+0000] {dagbag.py:545} INFO - Filling up the DagBag from /home/airflow/.local/lib/python3.12/site-packages/airflow/example_dags/example_latest_only.py
[2024-07-09T02:00:46.500+0000] {processor.py:840} INFO - DAG(s) 'latest_only' retrieved from /home/airflow/.local/lib/python3.12/site-packages/airflow/example_dags/example_latest_only.py
[2024-07-09T02:00:46.562+0000] {logging_mixin.py:188} INFO - [2024-07-09T02:00:46.561+0000] {dag.py:3096} INFO - Sync 1 DAGs
[2024-07-09T02:00:46.676+0000] {logging_mixin.py:188} INFO - [2024-07-09T02:00:46.675+0000] {dag.py:3954} INFO - Setting next_dagrun for latest_only to 2024-07-08 20:00:00+00:00, run_after=2024-07-09 00:00:00+00:00
[2024-07-09T02:00:46.792+0000] {processor.py:183} INFO - Processing /home/airflow/.local/lib/python3.12/site-packages/airflow/example_dags/example_latest_only.py took 0.333 seconds
[2024-07-09T02:01:17.326+0000] {processor.py:161} INFO - Started process (PID=164) to work on /home/airflow/.local/lib/python3.12/site-packages/airflow/example_dags/example_latest_only.py
[2024-07-09T02:01:17.328+0000] {processor.py:830} INFO - Processing file /home/airflow/.local/lib/python3.12/site-packages/airflow/example_dags/example_latest_only.py for tasks to queue
[2024-07-09T02:01:17.334+0000] {logging_mixin.py:188} INFO - [2024-07-09T02:01:17.332+0000] {dagbag.py:545} INFO - Filling up the DagBag from /home/airflow/.local/lib/python3.12/site-packages/airflow/example_dags/example_latest_only.py
[2024-07-09T02:01:17.345+0000] {processor.py:840} INFO - DAG(s) 'latest_only' retrieved from /home/airflow/.local/lib/python3.12/site-packages/airflow/example_dags/example_latest_only.py
[2024-07-09T02:01:17.390+0000] {logging_mixin.py:188} INFO - [2024-07-09T02:01:17.389+0000] {dag.py:3096} INFO - Sync 1 DAGs
[2024-07-09T02:01:17.461+0000] {logging_mixin.py:188} INFO - [2024-07-09T02:01:17.452+0000] {dag.py:3954} INFO - Setting next_dagrun for latest_only to 2024-07-08 20:00:00+00:00, run_after=2024-07-09 00:00:00+00:00
[2024-07-09T02:01:17.538+0000] {processor.py:183} INFO - Processing /home/airflow/.local/lib/python3.12/site-packages/airflow/example_dags/example_latest_only.py took 0.232 seconds
[2024-07-09T02:01:47.655+0000] {processor.py:161} INFO - Started process (PID=222) to work on /home/airflow/.local/lib/python3.12/site-packages/airflow/example_dags/example_latest_only.py
[2024-07-09T02:01:47.658+0000] {processor.py:830} INFO - Processing file /home/airflow/.local/lib/python3.12/site-packages/airflow/example_dags/example_latest_only.py for tasks to queue
[2024-07-09T02:01:47.667+0000] {logging_mixin.py:188} INFO - [2024-07-09T02:01:47.666+0000] {dagbag.py:545} INFO - Filling up the DagBag from /home/airflow/.local/lib/python3.12/site-packages/airflow/example_dags/example_latest_only.py
[2024-07-09T02:01:47.687+0000] {processor.py:840} INFO - DAG(s) 'latest_only' retrieved from /home/airflow/.local/lib/python3.12/site-packages/airflow/example_dags/example_latest_only.py
[2024-07-09T02:01:47.790+0000] {logging_mixin.py:188} INFO - [2024-07-09T02:01:47.787+0000] {dag.py:3096} INFO - Sync 1 DAGs
[2024-07-09T02:01:47.874+0000] {logging_mixin.py:188} INFO - [2024-07-09T02:01:47.873+0000] {dag.py:3954} INFO - Setting next_dagrun for latest_only to 2024-07-08 20:00:00+00:00, run_after=2024-07-09 00:00:00+00:00
[2024-07-09T02:01:47.937+0000] {processor.py:183} INFO - Processing /home/airflow/.local/lib/python3.12/site-packages/airflow/example_dags/example_latest_only.py took 0.299 seconds
[2024-07-09T02:03:37.502+0000] {processor.py:161} INFO - Started process (PID=47) to work on /home/airflow/.local/lib/python3.12/site-packages/airflow/example_dags/example_latest_only.py
[2024-07-09T02:03:37.508+0000] {processor.py:830} INFO - Processing file /home/airflow/.local/lib/python3.12/site-packages/airflow/example_dags/example_latest_only.py for tasks to queue
[2024-07-09T02:03:37.512+0000] {logging_mixin.py:188} INFO - [2024-07-09T02:03:37.512+0000] {dagbag.py:545} INFO - Filling up the DagBag from /home/airflow/.local/lib/python3.12/site-packages/airflow/example_dags/example_latest_only.py
[2024-07-09T02:03:37.544+0000] {processor.py:840} INFO - DAG(s) 'latest_only' retrieved from /home/airflow/.local/lib/python3.12/site-packages/airflow/example_dags/example_latest_only.py
[2024-07-09T02:03:37.976+0000] {logging_mixin.py:188} INFO - [2024-07-09T02:03:37.975+0000] {dag.py:3096} INFO - Sync 1 DAGs
[2024-07-09T02:03:38.050+0000] {logging_mixin.py:188} INFO - [2024-07-09T02:03:38.049+0000] {dag.py:3954} INFO - Setting next_dagrun for latest_only to 2024-07-08 20:00:00+00:00, run_after=2024-07-09 00:00:00+00:00
[2024-07-09T02:03:38.176+0000] {processor.py:183} INFO - Processing /home/airflow/.local/lib/python3.12/site-packages/airflow/example_dags/example_latest_only.py took 0.695 seconds
[2024-07-09T02:04:08.388+0000] {processor.py:161} INFO - Started process (PID=107) to work on /home/airflow/.local/lib/python3.12/site-packages/airflow/example_dags/example_latest_only.py
[2024-07-09T02:04:08.390+0000] {processor.py:830} INFO - Processing file /home/airflow/.local/lib/python3.12/site-packages/airflow/example_dags/example_latest_only.py for tasks to queue
[2024-07-09T02:04:08.396+0000] {logging_mixin.py:188} INFO - [2024-07-09T02:04:08.395+0000] {dagbag.py:545} INFO - Filling up the DagBag from /home/airflow/.local/lib/python3.12/site-packages/airflow/example_dags/example_latest_only.py
[2024-07-09T02:04:08.408+0000] {processor.py:840} INFO - DAG(s) 'latest_only' retrieved from /home/airflow/.local/lib/python3.12/site-packages/airflow/example_dags/example_latest_only.py
[2024-07-09T02:04:08.464+0000] {logging_mixin.py:188} INFO - [2024-07-09T02:04:08.464+0000] {dag.py:3096} INFO - Sync 1 DAGs
[2024-07-09T02:04:08.525+0000] {logging_mixin.py:188} INFO - [2024-07-09T02:04:08.524+0000] {dag.py:3954} INFO - Setting next_dagrun for latest_only to 2024-07-08 20:00:00+00:00, run_after=2024-07-09 00:00:00+00:00
[2024-07-09T02:04:08.580+0000] {processor.py:183} INFO - Processing /home/airflow/.local/lib/python3.12/site-packages/airflow/example_dags/example_latest_only.py took 0.207 seconds
[2024-07-09T02:04:39.416+0000] {processor.py:161} INFO - Started process (PID=167) to work on /home/airflow/.local/lib/python3.12/site-packages/airflow/example_dags/example_latest_only.py
[2024-07-09T02:04:39.417+0000] {processor.py:830} INFO - Processing file /home/airflow/.local/lib/python3.12/site-packages/airflow/example_dags/example_latest_only.py for tasks to queue
[2024-07-09T02:04:39.420+0000] {logging_mixin.py:188} INFO - [2024-07-09T02:04:39.420+0000] {dagbag.py:545} INFO - Filling up the DagBag from /home/airflow/.local/lib/python3.12/site-packages/airflow/example_dags/example_latest_only.py
[2024-07-09T02:04:39.427+0000] {processor.py:840} INFO - DAG(s) 'latest_only' retrieved from /home/airflow/.local/lib/python3.12/site-packages/airflow/example_dags/example_latest_only.py
[2024-07-09T02:04:39.459+0000] {logging_mixin.py:188} INFO - [2024-07-09T02:04:39.459+0000] {dag.py:3096} INFO - Sync 1 DAGs
[2024-07-09T02:04:39.493+0000] {logging_mixin.py:188} INFO - [2024-07-09T02:04:39.493+0000] {dag.py:3954} INFO - Setting next_dagrun for latest_only to 2024-07-08 20:00:00+00:00, run_after=2024-07-09 00:00:00+00:00
[2024-07-09T02:04:39.524+0000] {processor.py:183} INFO - Processing /home/airflow/.local/lib/python3.12/site-packages/airflow/example_dags/example_latest_only.py took 0.118 seconds
[2024-07-09T02:05:09.838+0000] {processor.py:161} INFO - Started process (PID=228) to work on /home/airflow/.local/lib/python3.12/site-packages/airflow/example_dags/example_latest_only.py
[2024-07-09T02:05:09.839+0000] {processor.py:830} INFO - Processing file /home/airflow/.local/lib/python3.12/site-packages/airflow/example_dags/example_latest_only.py for tasks to queue
[2024-07-09T02:05:09.841+0000] {logging_mixin.py:188} INFO - [2024-07-09T02:05:09.840+0000] {dagbag.py:545} INFO - Filling up the DagBag from /home/airflow/.local/lib/python3.12/site-packages/airflow/example_dags/example_latest_only.py
[2024-07-09T02:05:09.845+0000] {processor.py:840} INFO - DAG(s) 'latest_only' retrieved from /home/airflow/.local/lib/python3.12/site-packages/airflow/example_dags/example_latest_only.py
[2024-07-09T02:05:09.868+0000] {logging_mixin.py:188} INFO - [2024-07-09T02:05:09.867+0000] {dag.py:3096} INFO - Sync 1 DAGs
[2024-07-09T02:05:09.896+0000] {logging_mixin.py:188} INFO - [2024-07-09T02:05:09.896+0000] {dag.py:3954} INFO - Setting next_dagrun for latest_only to 2024-07-08 20:00:00+00:00, run_after=2024-07-09 00:00:00+00:00
[2024-07-09T02:05:09.922+0000] {processor.py:183} INFO - Processing /home/airflow/.local/lib/python3.12/site-packages/airflow/example_dags/example_latest_only.py took 0.090 seconds
[2024-07-09T02:05:40.286+0000] {processor.py:161} INFO - Started process (PID=288) to work on /home/airflow/.local/lib/python3.12/site-packages/airflow/example_dags/example_latest_only.py
[2024-07-09T02:05:40.288+0000] {processor.py:830} INFO - Processing file /home/airflow/.local/lib/python3.12/site-packages/airflow/example_dags/example_latest_only.py for tasks to queue
[2024-07-09T02:05:40.291+0000] {logging_mixin.py:188} INFO - [2024-07-09T02:05:40.291+0000] {dagbag.py:545} INFO - Filling up the DagBag from /home/airflow/.local/lib/python3.12/site-packages/airflow/example_dags/example_latest_only.py
[2024-07-09T02:05:40.297+0000] {processor.py:840} INFO - DAG(s) 'latest_only' retrieved from /home/airflow/.local/lib/python3.12/site-packages/airflow/example_dags/example_latest_only.py
[2024-07-09T02:05:40.320+0000] {logging_mixin.py:188} INFO - [2024-07-09T02:05:40.319+0000] {dag.py:3096} INFO - Sync 1 DAGs
[2024-07-09T02:05:40.343+0000] {logging_mixin.py:188} INFO - [2024-07-09T02:05:40.343+0000] {dag.py:3954} INFO - Setting next_dagrun for latest_only to 2024-07-08 20:00:00+00:00, run_after=2024-07-09 00:00:00+00:00
[2024-07-09T02:05:40.367+0000] {processor.py:183} INFO - Processing /home/airflow/.local/lib/python3.12/site-packages/airflow/example_dags/example_latest_only.py took 0.089 seconds
[2024-07-09T02:06:10.614+0000] {processor.py:161} INFO - Started process (PID=347) to work on /home/airflow/.local/lib/python3.12/site-packages/airflow/example_dags/example_latest_only.py
[2024-07-09T02:06:10.615+0000] {processor.py:830} INFO - Processing file /home/airflow/.local/lib/python3.12/site-packages/airflow/example_dags/example_latest_only.py for tasks to queue
[2024-07-09T02:06:10.617+0000] {logging_mixin.py:188} INFO - [2024-07-09T02:06:10.617+0000] {dagbag.py:545} INFO - Filling up the DagBag from /home/airflow/.local/lib/python3.12/site-packages/airflow/example_dags/example_latest_only.py
[2024-07-09T02:06:10.622+0000] {processor.py:840} INFO - DAG(s) 'latest_only' retrieved from /home/airflow/.local/lib/python3.12/site-packages/airflow/example_dags/example_latest_only.py
[2024-07-09T02:06:10.644+0000] {logging_mixin.py:188} INFO - [2024-07-09T02:06:10.644+0000] {dag.py:3096} INFO - Sync 1 DAGs
[2024-07-09T02:06:10.668+0000] {logging_mixin.py:188} INFO - [2024-07-09T02:06:10.667+0000] {dag.py:3954} INFO - Setting next_dagrun for latest_only to 2024-07-08 20:00:00+00:00, run_after=2024-07-09 00:00:00+00:00
[2024-07-09T02:06:10.691+0000] {processor.py:183} INFO - Processing /home/airflow/.local/lib/python3.12/site-packages/airflow/example_dags/example_latest_only.py took 0.083 seconds
[2024-07-09T02:06:41.448+0000] {processor.py:161} INFO - Started process (PID=409) to work on /home/airflow/.local/lib/python3.12/site-packages/airflow/example_dags/example_latest_only.py
[2024-07-09T02:06:41.449+0000] {processor.py:830} INFO - Processing file /home/airflow/.local/lib/python3.12/site-packages/airflow/example_dags/example_latest_only.py for tasks to queue
[2024-07-09T02:06:41.452+0000] {logging_mixin.py:188} INFO - [2024-07-09T02:06:41.451+0000] {dagbag.py:545} INFO - Filling up the DagBag from /home/airflow/.local/lib/python3.12/site-packages/airflow/example_dags/example_latest_only.py
[2024-07-09T02:06:41.457+0000] {processor.py:840} INFO - DAG(s) 'latest_only' retrieved from /home/airflow/.local/lib/python3.12/site-packages/airflow/example_dags/example_latest_only.py
[2024-07-09T02:06:41.479+0000] {logging_mixin.py:188} INFO - [2024-07-09T02:06:41.479+0000] {dag.py:3096} INFO - Sync 1 DAGs
[2024-07-09T02:06:41.504+0000] {logging_mixin.py:188} INFO - [2024-07-09T02:06:41.503+0000] {dag.py:3954} INFO - Setting next_dagrun for latest_only to 2024-07-08 20:00:00+00:00, run_after=2024-07-09 00:00:00+00:00
[2024-07-09T02:06:41.545+0000] {processor.py:183} INFO - Processing /home/airflow/.local/lib/python3.12/site-packages/airflow/example_dags/example_latest_only.py took 0.102 seconds
[2024-07-09T02:07:11.721+0000] {processor.py:161} INFO - Started process (PID=469) to work on /home/airflow/.local/lib/python3.12/site-packages/airflow/example_dags/example_latest_only.py
[2024-07-09T02:07:11.722+0000] {processor.py:830} INFO - Processing file /home/airflow/.local/lib/python3.12/site-packages/airflow/example_dags/example_latest_only.py for tasks to queue
[2024-07-09T02:07:11.724+0000] {logging_mixin.py:188} INFO - [2024-07-09T02:07:11.724+0000] {dagbag.py:545} INFO - Filling up the DagBag from /home/airflow/.local/lib/python3.12/site-packages/airflow/example_dags/example_latest_only.py
[2024-07-09T02:07:11.731+0000] {processor.py:840} INFO - DAG(s) 'latest_only' retrieved from /home/airflow/.local/lib/python3.12/site-packages/airflow/example_dags/example_latest_only.py
[2024-07-09T02:07:11.755+0000] {logging_mixin.py:188} INFO - [2024-07-09T02:07:11.754+0000] {dag.py:3096} INFO - Sync 1 DAGs
[2024-07-09T02:07:11.780+0000] {logging_mixin.py:188} INFO - [2024-07-09T02:07:11.780+0000] {dag.py:3954} INFO - Setting next_dagrun for latest_only to 2024-07-08 20:00:00+00:00, run_after=2024-07-09 00:00:00+00:00
[2024-07-09T02:07:11.822+0000] {processor.py:183} INFO - Processing /home/airflow/.local/lib/python3.12/site-packages/airflow/example_dags/example_latest_only.py took 0.109 seconds
[2024-07-09T02:07:42.088+0000] {processor.py:161} INFO - Started process (PID=529) to work on /home/airflow/.local/lib/python3.12/site-packages/airflow/example_dags/example_latest_only.py
[2024-07-09T02:07:42.090+0000] {processor.py:830} INFO - Processing file /home/airflow/.local/lib/python3.12/site-packages/airflow/example_dags/example_latest_only.py for tasks to queue
[2024-07-09T02:07:42.092+0000] {logging_mixin.py:188} INFO - [2024-07-09T02:07:42.091+0000] {dagbag.py:545} INFO - Filling up the DagBag from /home/airflow/.local/lib/python3.12/site-packages/airflow/example_dags/example_latest_only.py
[2024-07-09T02:07:42.097+0000] {processor.py:840} INFO - DAG(s) 'latest_only' retrieved from /home/airflow/.local/lib/python3.12/site-packages/airflow/example_dags/example_latest_only.py
[2024-07-09T02:07:42.119+0000] {logging_mixin.py:188} INFO - [2024-07-09T02:07:42.119+0000] {dag.py:3096} INFO - Sync 1 DAGs
[2024-07-09T02:07:42.145+0000] {logging_mixin.py:188} INFO - [2024-07-09T02:07:42.145+0000] {dag.py:3954} INFO - Setting next_dagrun for latest_only to 2024-07-08 20:00:00+00:00, run_after=2024-07-09 00:00:00+00:00
[2024-07-09T02:07:42.172+0000] {processor.py:183} INFO - Processing /home/airflow/.local/lib/python3.12/site-packages/airflow/example_dags/example_latest_only.py took 0.089 seconds
[2024-07-09T02:08:12.608+0000] {processor.py:161} INFO - Started process (PID=590) to work on /home/airflow/.local/lib/python3.12/site-packages/airflow/example_dags/example_latest_only.py
[2024-07-09T02:08:12.609+0000] {processor.py:830} INFO - Processing file /home/airflow/.local/lib/python3.12/site-packages/airflow/example_dags/example_latest_only.py for tasks to queue
[2024-07-09T02:08:12.612+0000] {logging_mixin.py:188} INFO - [2024-07-09T02:08:12.612+0000] {dagbag.py:545} INFO - Filling up the DagBag from /home/airflow/.local/lib/python3.12/site-packages/airflow/example_dags/example_latest_only.py
[2024-07-09T02:08:12.619+0000] {processor.py:840} INFO - DAG(s) 'latest_only' retrieved from /home/airflow/.local/lib/python3.12/site-packages/airflow/example_dags/example_latest_only.py
[2024-07-09T02:08:12.648+0000] {logging_mixin.py:188} INFO - [2024-07-09T02:08:12.647+0000] {dag.py:3096} INFO - Sync 1 DAGs
[2024-07-09T02:08:12.686+0000] {logging_mixin.py:188} INFO - [2024-07-09T02:08:12.686+0000] {dag.py:3954} INFO - Setting next_dagrun for latest_only to 2024-07-08 20:00:00+00:00, run_after=2024-07-09 00:00:00+00:00
[2024-07-09T02:08:12.718+0000] {processor.py:183} INFO - Processing /home/airflow/.local/lib/python3.12/site-packages/airflow/example_dags/example_latest_only.py took 0.118 seconds
[2024-07-09T02:08:43.017+0000] {processor.py:161} INFO - Started process (PID=649) to work on /home/airflow/.local/lib/python3.12/site-packages/airflow/example_dags/example_latest_only.py
[2024-07-09T02:08:43.019+0000] {processor.py:830} INFO - Processing file /home/airflow/.local/lib/python3.12/site-packages/airflow/example_dags/example_latest_only.py for tasks to queue
[2024-07-09T02:08:43.026+0000] {logging_mixin.py:188} INFO - [2024-07-09T02:08:43.026+0000] {dagbag.py:545} INFO - Filling up the DagBag from /home/airflow/.local/lib/python3.12/site-packages/airflow/example_dags/example_latest_only.py
[2024-07-09T02:08:43.035+0000] {processor.py:840} INFO - DAG(s) 'latest_only' retrieved from /home/airflow/.local/lib/python3.12/site-packages/airflow/example_dags/example_latest_only.py
[2024-07-09T02:08:43.074+0000] {logging_mixin.py:188} INFO - [2024-07-09T02:08:43.073+0000] {dag.py:3096} INFO - Sync 1 DAGs
[2024-07-09T02:08:43.113+0000] {logging_mixin.py:188} INFO - [2024-07-09T02:08:43.113+0000] {dag.py:3954} INFO - Setting next_dagrun for latest_only to 2024-07-08 20:00:00+00:00, run_after=2024-07-09 00:00:00+00:00
[2024-07-09T02:08:43.145+0000] {processor.py:183} INFO - Processing /home/airflow/.local/lib/python3.12/site-packages/airflow/example_dags/example_latest_only.py took 0.142 seconds
[2024-07-09T02:12:16.598+0000] {processor.py:161} INFO - Started process (PID=46) to work on /home/airflow/.local/lib/python3.12/site-packages/airflow/example_dags/example_latest_only.py
[2024-07-09T02:12:16.600+0000] {processor.py:830} INFO - Processing file /home/airflow/.local/lib/python3.12/site-packages/airflow/example_dags/example_latest_only.py for tasks to queue
[2024-07-09T02:12:16.603+0000] {logging_mixin.py:188} INFO - [2024-07-09T02:12:16.602+0000] {dagbag.py:545} INFO - Filling up the DagBag from /home/airflow/.local/lib/python3.12/site-packages/airflow/example_dags/example_latest_only.py
[2024-07-09T02:12:16.620+0000] {processor.py:840} INFO - DAG(s) 'latest_only' retrieved from /home/airflow/.local/lib/python3.12/site-packages/airflow/example_dags/example_latest_only.py
[2024-07-09T02:12:16.811+0000] {logging_mixin.py:188} INFO - [2024-07-09T02:12:16.810+0000] {override.py:1829} INFO - Created Permission View: can edit on DAG:latest_only
[2024-07-09T02:12:16.827+0000] {logging_mixin.py:188} INFO - [2024-07-09T02:12:16.827+0000] {override.py:1829} INFO - Created Permission View: can delete on DAG:latest_only
[2024-07-09T02:12:16.842+0000] {logging_mixin.py:188} INFO - [2024-07-09T02:12:16.841+0000] {override.py:1829} INFO - Created Permission View: can read on DAG:latest_only
[2024-07-09T02:12:16.843+0000] {logging_mixin.py:188} INFO - [2024-07-09T02:12:16.842+0000] {dag.py:3096} INFO - Sync 1 DAGs
[2024-07-09T02:12:16.865+0000] {logging_mixin.py:188} INFO - [2024-07-09T02:12:16.865+0000] {dag.py:3118} INFO - Creating ORM DAG for latest_only
[2024-07-09T02:12:16.886+0000] {logging_mixin.py:188} INFO - [2024-07-09T02:12:16.886+0000] {dag.py:3954} INFO - Setting next_dagrun for latest_only to 2024-07-08 20:00:00+00:00, run_after=2024-07-09 00:00:00+00:00
[2024-07-09T02:12:16.925+0000] {processor.py:183} INFO - Processing /home/airflow/.local/lib/python3.12/site-packages/airflow/example_dags/example_latest_only.py took 0.338 seconds
[2024-07-09T02:12:47.145+0000] {processor.py:161} INFO - Started process (PID=106) to work on /home/airflow/.local/lib/python3.12/site-packages/airflow/example_dags/example_latest_only.py
[2024-07-09T02:12:47.147+0000] {processor.py:830} INFO - Processing file /home/airflow/.local/lib/python3.12/site-packages/airflow/example_dags/example_latest_only.py for tasks to queue
[2024-07-09T02:12:47.151+0000] {logging_mixin.py:188} INFO - [2024-07-09T02:12:47.150+0000] {dagbag.py:545} INFO - Filling up the DagBag from /home/airflow/.local/lib/python3.12/site-packages/airflow/example_dags/example_latest_only.py
[2024-07-09T02:12:47.158+0000] {processor.py:840} INFO - DAG(s) 'latest_only' retrieved from /home/airflow/.local/lib/python3.12/site-packages/airflow/example_dags/example_latest_only.py
[2024-07-09T02:12:47.194+0000] {logging_mixin.py:188} INFO - [2024-07-09T02:12:47.194+0000] {dag.py:3096} INFO - Sync 1 DAGs
[2024-07-09T02:12:47.230+0000] {logging_mixin.py:188} INFO - [2024-07-09T02:12:47.230+0000] {dag.py:3954} INFO - Setting next_dagrun for latest_only to 2024-07-08 20:00:00+00:00, run_after=2024-07-09 00:00:00+00:00
[2024-07-09T02:12:47.259+0000] {processor.py:183} INFO - Processing /home/airflow/.local/lib/python3.12/site-packages/airflow/example_dags/example_latest_only.py took 0.126 seconds
[2024-07-09T02:13:17.568+0000] {processor.py:161} INFO - Started process (PID=164) to work on /home/airflow/.local/lib/python3.12/site-packages/airflow/example_dags/example_latest_only.py
[2024-07-09T02:13:17.570+0000] {processor.py:830} INFO - Processing file /home/airflow/.local/lib/python3.12/site-packages/airflow/example_dags/example_latest_only.py for tasks to queue
[2024-07-09T02:13:17.574+0000] {logging_mixin.py:188} INFO - [2024-07-09T02:13:17.574+0000] {dagbag.py:545} INFO - Filling up the DagBag from /home/airflow/.local/lib/python3.12/site-packages/airflow/example_dags/example_latest_only.py
[2024-07-09T02:13:17.586+0000] {processor.py:840} INFO - DAG(s) 'latest_only' retrieved from /home/airflow/.local/lib/python3.12/site-packages/airflow/example_dags/example_latest_only.py
[2024-07-09T02:13:17.642+0000] {logging_mixin.py:188} INFO - [2024-07-09T02:13:17.642+0000] {dag.py:3096} INFO - Sync 1 DAGs
[2024-07-09T02:13:17.720+0000] {logging_mixin.py:188} INFO - [2024-07-09T02:13:17.719+0000] {dag.py:3954} INFO - Setting next_dagrun for latest_only to 2024-07-08 20:00:00+00:00, run_after=2024-07-09 00:00:00+00:00
[2024-07-09T02:13:17.810+0000] {processor.py:183} INFO - Processing /home/airflow/.local/lib/python3.12/site-packages/airflow/example_dags/example_latest_only.py took 0.258 seconds
[2024-07-09T02:13:48.384+0000] {processor.py:161} INFO - Started process (PID=224) to work on /home/airflow/.local/lib/python3.12/site-packages/airflow/example_dags/example_latest_only.py
[2024-07-09T02:13:48.385+0000] {processor.py:830} INFO - Processing file /home/airflow/.local/lib/python3.12/site-packages/airflow/example_dags/example_latest_only.py for tasks to queue
[2024-07-09T02:13:48.388+0000] {logging_mixin.py:188} INFO - [2024-07-09T02:13:48.388+0000] {dagbag.py:545} INFO - Filling up the DagBag from /home/airflow/.local/lib/python3.12/site-packages/airflow/example_dags/example_latest_only.py
[2024-07-09T02:13:48.394+0000] {processor.py:840} INFO - DAG(s) 'latest_only' retrieved from /home/airflow/.local/lib/python3.12/site-packages/airflow/example_dags/example_latest_only.py
[2024-07-09T02:13:48.424+0000] {logging_mixin.py:188} INFO - [2024-07-09T02:13:48.424+0000] {dag.py:3096} INFO - Sync 1 DAGs
[2024-07-09T02:13:48.461+0000] {logging_mixin.py:188} INFO - [2024-07-09T02:13:48.461+0000] {dag.py:3954} INFO - Setting next_dagrun for latest_only to 2024-07-08 20:00:00+00:00, run_after=2024-07-09 00:00:00+00:00
[2024-07-09T02:13:48.494+0000] {processor.py:183} INFO - Processing /home/airflow/.local/lib/python3.12/site-packages/airflow/example_dags/example_latest_only.py took 0.117 seconds
[2024-07-09T02:14:19.450+0000] {processor.py:161} INFO - Started process (PID=284) to work on /home/airflow/.local/lib/python3.12/site-packages/airflow/example_dags/example_latest_only.py
[2024-07-09T02:14:19.455+0000] {processor.py:830} INFO - Processing file /home/airflow/.local/lib/python3.12/site-packages/airflow/example_dags/example_latest_only.py for tasks to queue
[2024-07-09T02:14:19.461+0000] {logging_mixin.py:188} INFO - [2024-07-09T02:14:19.460+0000] {dagbag.py:545} INFO - Filling up the DagBag from /home/airflow/.local/lib/python3.12/site-packages/airflow/example_dags/example_latest_only.py
[2024-07-09T02:14:19.476+0000] {processor.py:840} INFO - DAG(s) 'latest_only' retrieved from /home/airflow/.local/lib/python3.12/site-packages/airflow/example_dags/example_latest_only.py
[2024-07-09T02:14:19.528+0000] {logging_mixin.py:188} INFO - [2024-07-09T02:14:19.528+0000] {dag.py:3096} INFO - Sync 1 DAGs
[2024-07-09T02:14:19.586+0000] {logging_mixin.py:188} INFO - [2024-07-09T02:14:19.586+0000] {dag.py:3954} INFO - Setting next_dagrun for latest_only to 2024-07-08 20:00:00+00:00, run_after=2024-07-09 00:00:00+00:00
[2024-07-09T02:14:19.641+0000] {processor.py:183} INFO - Processing /home/airflow/.local/lib/python3.12/site-packages/airflow/example_dags/example_latest_only.py took 0.208 seconds
[2024-07-09T02:14:49.942+0000] {processor.py:161} INFO - Started process (PID=344) to work on /home/airflow/.local/lib/python3.12/site-packages/airflow/example_dags/example_latest_only.py
[2024-07-09T02:14:49.948+0000] {processor.py:830} INFO - Processing file /home/airflow/.local/lib/python3.12/site-packages/airflow/example_dags/example_latest_only.py for tasks to queue
[2024-07-09T02:14:49.957+0000] {logging_mixin.py:188} INFO - [2024-07-09T02:14:49.955+0000] {dagbag.py:545} INFO - Filling up the DagBag from /home/airflow/.local/lib/python3.12/site-packages/airflow/example_dags/example_latest_only.py
[2024-07-09T02:14:49.976+0000] {processor.py:840} INFO - DAG(s) 'latest_only' retrieved from /home/airflow/.local/lib/python3.12/site-packages/airflow/example_dags/example_latest_only.py
[2024-07-09T02:14:50.064+0000] {logging_mixin.py:188} INFO - [2024-07-09T02:14:50.063+0000] {dag.py:3096} INFO - Sync 1 DAGs
[2024-07-09T02:14:50.127+0000] {logging_mixin.py:188} INFO - [2024-07-09T02:14:50.126+0000] {dag.py:3954} INFO - Setting next_dagrun for latest_only to 2024-07-08 20:00:00+00:00, run_after=2024-07-09 00:00:00+00:00
[2024-07-09T02:14:50.188+0000] {processor.py:183} INFO - Processing /home/airflow/.local/lib/python3.12/site-packages/airflow/example_dags/example_latest_only.py took 0.275 seconds
[2024-07-09T02:16:59.073+0000] {processor.py:161} INFO - Started process (PID=46) to work on /home/airflow/.local/lib/python3.12/site-packages/airflow/example_dags/example_latest_only.py
[2024-07-09T02:16:59.098+0000] {processor.py:830} INFO - Processing file /home/airflow/.local/lib/python3.12/site-packages/airflow/example_dags/example_latest_only.py for tasks to queue
[2024-07-09T02:16:59.127+0000] {logging_mixin.py:188} INFO - [2024-07-09T02:16:59.126+0000] {dagbag.py:545} INFO - Filling up the DagBag from /home/airflow/.local/lib/python3.12/site-packages/airflow/example_dags/example_latest_only.py
[2024-07-09T02:16:59.188+0000] {processor.py:840} INFO - DAG(s) 'latest_only' retrieved from /home/airflow/.local/lib/python3.12/site-packages/airflow/example_dags/example_latest_only.py
[2024-07-09T02:16:59.834+0000] {logging_mixin.py:188} INFO - [2024-07-09T02:16:59.825+0000] {dag.py:3096} INFO - Sync 1 DAGs
[2024-07-09T02:16:59.922+0000] {logging_mixin.py:188} INFO - [2024-07-09T02:16:59.921+0000] {dag.py:3954} INFO - Setting next_dagrun for latest_only to 2024-07-08 20:00:00+00:00, run_after=2024-07-09 00:00:00+00:00
[2024-07-09T02:16:59.983+0000] {processor.py:183} INFO - Processing /home/airflow/.local/lib/python3.12/site-packages/airflow/example_dags/example_latest_only.py took 0.946 seconds
[2024-07-09T02:17:30.510+0000] {processor.py:161} INFO - Started process (PID=106) to work on /home/airflow/.local/lib/python3.12/site-packages/airflow/example_dags/example_latest_only.py
[2024-07-09T02:17:30.512+0000] {processor.py:830} INFO - Processing file /home/airflow/.local/lib/python3.12/site-packages/airflow/example_dags/example_latest_only.py for tasks to queue
[2024-07-09T02:17:30.515+0000] {logging_mixin.py:188} INFO - [2024-07-09T02:17:30.514+0000] {dagbag.py:545} INFO - Filling up the DagBag from /home/airflow/.local/lib/python3.12/site-packages/airflow/example_dags/example_latest_only.py
[2024-07-09T02:17:30.522+0000] {processor.py:840} INFO - DAG(s) 'latest_only' retrieved from /home/airflow/.local/lib/python3.12/site-packages/airflow/example_dags/example_latest_only.py
[2024-07-09T02:17:30.552+0000] {logging_mixin.py:188} INFO - [2024-07-09T02:17:30.552+0000] {dag.py:3096} INFO - Sync 1 DAGs
[2024-07-09T02:17:30.596+0000] {logging_mixin.py:188} INFO - [2024-07-09T02:17:30.596+0000] {dag.py:3954} INFO - Setting next_dagrun for latest_only to 2024-07-08 20:00:00+00:00, run_after=2024-07-09 00:00:00+00:00
[2024-07-09T02:17:30.627+0000] {processor.py:183} INFO - Processing /home/airflow/.local/lib/python3.12/site-packages/airflow/example_dags/example_latest_only.py took 0.125 seconds
[2024-07-09T02:18:00.968+0000] {processor.py:161} INFO - Started process (PID=167) to work on /home/airflow/.local/lib/python3.12/site-packages/airflow/example_dags/example_latest_only.py
[2024-07-09T02:18:00.970+0000] {processor.py:830} INFO - Processing file /home/airflow/.local/lib/python3.12/site-packages/airflow/example_dags/example_latest_only.py for tasks to queue
[2024-07-09T02:18:00.974+0000] {logging_mixin.py:188} INFO - [2024-07-09T02:18:00.973+0000] {dagbag.py:545} INFO - Filling up the DagBag from /home/airflow/.local/lib/python3.12/site-packages/airflow/example_dags/example_latest_only.py
[2024-07-09T02:18:00.982+0000] {processor.py:840} INFO - DAG(s) 'latest_only' retrieved from /home/airflow/.local/lib/python3.12/site-packages/airflow/example_dags/example_latest_only.py
[2024-07-09T02:18:01.019+0000] {logging_mixin.py:188} INFO - [2024-07-09T02:18:01.018+0000] {dag.py:3096} INFO - Sync 1 DAGs
[2024-07-09T02:18:01.062+0000] {logging_mixin.py:188} INFO - [2024-07-09T02:18:01.062+0000] {dag.py:3954} INFO - Setting next_dagrun for latest_only to 2024-07-08 20:00:00+00:00, run_after=2024-07-09 00:00:00+00:00
[2024-07-09T02:18:01.096+0000] {processor.py:183} INFO - Processing /home/airflow/.local/lib/python3.12/site-packages/airflow/example_dags/example_latest_only.py took 0.140 seconds
[2024-07-09T02:18:31.246+0000] {processor.py:161} INFO - Started process (PID=225) to work on /home/airflow/.local/lib/python3.12/site-packages/airflow/example_dags/example_latest_only.py
[2024-07-09T02:18:31.247+0000] {processor.py:830} INFO - Processing file /home/airflow/.local/lib/python3.12/site-packages/airflow/example_dags/example_latest_only.py for tasks to queue
[2024-07-09T02:18:31.250+0000] {logging_mixin.py:188} INFO - [2024-07-09T02:18:31.250+0000] {dagbag.py:545} INFO - Filling up the DagBag from /home/airflow/.local/lib/python3.12/site-packages/airflow/example_dags/example_latest_only.py
[2024-07-09T02:18:31.257+0000] {processor.py:840} INFO - DAG(s) 'latest_only' retrieved from /home/airflow/.local/lib/python3.12/site-packages/airflow/example_dags/example_latest_only.py
[2024-07-09T02:18:31.289+0000] {logging_mixin.py:188} INFO - [2024-07-09T02:18:31.289+0000] {dag.py:3096} INFO - Sync 1 DAGs
[2024-07-09T02:18:31.327+0000] {logging_mixin.py:188} INFO - [2024-07-09T02:18:31.327+0000] {dag.py:3954} INFO - Setting next_dagrun for latest_only to 2024-07-08 20:00:00+00:00, run_after=2024-07-09 00:00:00+00:00
[2024-07-09T02:18:31.371+0000] {processor.py:183} INFO - Processing /home/airflow/.local/lib/python3.12/site-packages/airflow/example_dags/example_latest_only.py took 0.134 seconds
[2024-07-09T02:19:01.732+0000] {processor.py:161} INFO - Started process (PID=285) to work on /home/airflow/.local/lib/python3.12/site-packages/airflow/example_dags/example_latest_only.py
[2024-07-09T02:19:01.733+0000] {processor.py:830} INFO - Processing file /home/airflow/.local/lib/python3.12/site-packages/airflow/example_dags/example_latest_only.py for tasks to queue
[2024-07-09T02:19:01.735+0000] {logging_mixin.py:188} INFO - [2024-07-09T02:19:01.735+0000] {dagbag.py:545} INFO - Filling up the DagBag from /home/airflow/.local/lib/python3.12/site-packages/airflow/example_dags/example_latest_only.py
[2024-07-09T02:19:01.741+0000] {processor.py:840} INFO - DAG(s) 'latest_only' retrieved from /home/airflow/.local/lib/python3.12/site-packages/airflow/example_dags/example_latest_only.py
[2024-07-09T02:19:01.766+0000] {logging_mixin.py:188} INFO - [2024-07-09T02:19:01.765+0000] {dag.py:3096} INFO - Sync 1 DAGs
[2024-07-09T02:19:01.791+0000] {logging_mixin.py:188} INFO - [2024-07-09T02:19:01.791+0000] {dag.py:3954} INFO - Setting next_dagrun for latest_only to 2024-07-08 20:00:00+00:00, run_after=2024-07-09 00:00:00+00:00
[2024-07-09T02:19:01.814+0000] {processor.py:183} INFO - Processing /home/airflow/.local/lib/python3.12/site-packages/airflow/example_dags/example_latest_only.py took 0.088 seconds
[2024-07-09T02:19:32.152+0000] {processor.py:161} INFO - Started process (PID=345) to work on /home/airflow/.local/lib/python3.12/site-packages/airflow/example_dags/example_latest_only.py
[2024-07-09T02:19:32.155+0000] {processor.py:830} INFO - Processing file /home/airflow/.local/lib/python3.12/site-packages/airflow/example_dags/example_latest_only.py for tasks to queue
[2024-07-09T02:19:32.168+0000] {logging_mixin.py:188} INFO - [2024-07-09T02:19:32.167+0000] {dagbag.py:545} INFO - Filling up the DagBag from /home/airflow/.local/lib/python3.12/site-packages/airflow/example_dags/example_latest_only.py
[2024-07-09T02:19:32.201+0000] {processor.py:840} INFO - DAG(s) 'latest_only' retrieved from /home/airflow/.local/lib/python3.12/site-packages/airflow/example_dags/example_latest_only.py
[2024-07-09T02:19:32.287+0000] {logging_mixin.py:188} INFO - [2024-07-09T02:19:32.287+0000] {dag.py:3096} INFO - Sync 1 DAGs
[2024-07-09T02:19:32.421+0000] {logging_mixin.py:188} INFO - [2024-07-09T02:19:32.420+0000] {dag.py:3954} INFO - Setting next_dagrun for latest_only to 2024-07-08 20:00:00+00:00, run_after=2024-07-09 00:00:00+00:00
[2024-07-09T02:19:32.541+0000] {processor.py:183} INFO - Processing /home/airflow/.local/lib/python3.12/site-packages/airflow/example_dags/example_latest_only.py took 0.409 seconds
[2024-07-09T02:20:02.883+0000] {processor.py:161} INFO - Started process (PID=406) to work on /home/airflow/.local/lib/python3.12/site-packages/airflow/example_dags/example_latest_only.py
[2024-07-09T02:20:02.885+0000] {processor.py:830} INFO - Processing file /home/airflow/.local/lib/python3.12/site-packages/airflow/example_dags/example_latest_only.py for tasks to queue
[2024-07-09T02:20:02.890+0000] {logging_mixin.py:188} INFO - [2024-07-09T02:20:02.889+0000] {dagbag.py:545} INFO - Filling up the DagBag from /home/airflow/.local/lib/python3.12/site-packages/airflow/example_dags/example_latest_only.py
[2024-07-09T02:20:02.904+0000] {processor.py:840} INFO - DAG(s) 'latest_only' retrieved from /home/airflow/.local/lib/python3.12/site-packages/airflow/example_dags/example_latest_only.py
[2024-07-09T02:20:02.960+0000] {logging_mixin.py:188} INFO - [2024-07-09T02:20:02.959+0000] {dag.py:3096} INFO - Sync 1 DAGs
[2024-07-09T02:20:03.060+0000] {logging_mixin.py:188} INFO - [2024-07-09T02:20:03.060+0000] {dag.py:3954} INFO - Setting next_dagrun for latest_only to 2024-07-08 20:00:00+00:00, run_after=2024-07-09 00:00:00+00:00
[2024-07-09T02:20:03.131+0000] {processor.py:183} INFO - Processing /home/airflow/.local/lib/python3.12/site-packages/airflow/example_dags/example_latest_only.py took 0.270 seconds
[2024-07-09T02:20:33.625+0000] {processor.py:161} INFO - Started process (PID=466) to work on /home/airflow/.local/lib/python3.12/site-packages/airflow/example_dags/example_latest_only.py
[2024-07-09T02:20:33.627+0000] {processor.py:830} INFO - Processing file /home/airflow/.local/lib/python3.12/site-packages/airflow/example_dags/example_latest_only.py for tasks to queue
[2024-07-09T02:20:33.631+0000] {logging_mixin.py:188} INFO - [2024-07-09T02:20:33.631+0000] {dagbag.py:545} INFO - Filling up the DagBag from /home/airflow/.local/lib/python3.12/site-packages/airflow/example_dags/example_latest_only.py
[2024-07-09T02:20:33.641+0000] {processor.py:840} INFO - DAG(s) 'latest_only' retrieved from /home/airflow/.local/lib/python3.12/site-packages/airflow/example_dags/example_latest_only.py
[2024-07-09T02:20:33.680+0000] {logging_mixin.py:188} INFO - [2024-07-09T02:20:33.679+0000] {dag.py:3096} INFO - Sync 1 DAGs
[2024-07-09T02:20:33.731+0000] {logging_mixin.py:188} INFO - [2024-07-09T02:20:33.731+0000] {dag.py:3954} INFO - Setting next_dagrun for latest_only to 2024-07-08 20:00:00+00:00, run_after=2024-07-09 00:00:00+00:00
[2024-07-09T02:20:33.778+0000] {processor.py:183} INFO - Processing /home/airflow/.local/lib/python3.12/site-packages/airflow/example_dags/example_latest_only.py took 0.167 seconds
[2024-07-09T02:21:04.017+0000] {processor.py:161} INFO - Started process (PID=525) to work on /home/airflow/.local/lib/python3.12/site-packages/airflow/example_dags/example_latest_only.py
[2024-07-09T02:21:04.019+0000] {processor.py:830} INFO - Processing file /home/airflow/.local/lib/python3.12/site-packages/airflow/example_dags/example_latest_only.py for tasks to queue
[2024-07-09T02:21:04.023+0000] {logging_mixin.py:188} INFO - [2024-07-09T02:21:04.022+0000] {dagbag.py:545} INFO - Filling up the DagBag from /home/airflow/.local/lib/python3.12/site-packages/airflow/example_dags/example_latest_only.py
[2024-07-09T02:21:04.030+0000] {processor.py:840} INFO - DAG(s) 'latest_only' retrieved from /home/airflow/.local/lib/python3.12/site-packages/airflow/example_dags/example_latest_only.py
[2024-07-09T02:21:04.070+0000] {logging_mixin.py:188} INFO - [2024-07-09T02:21:04.069+0000] {dag.py:3096} INFO - Sync 1 DAGs
[2024-07-09T02:21:04.117+0000] {logging_mixin.py:188} INFO - [2024-07-09T02:21:04.117+0000] {dag.py:3954} INFO - Setting next_dagrun for latest_only to 2024-07-08 20:00:00+00:00, run_after=2024-07-09 00:00:00+00:00
[2024-07-09T02:21:04.159+0000] {processor.py:183} INFO - Processing /home/airflow/.local/lib/python3.12/site-packages/airflow/example_dags/example_latest_only.py took 0.155 seconds
[2024-07-09T02:21:34.486+0000] {processor.py:161} INFO - Started process (PID=585) to work on /home/airflow/.local/lib/python3.12/site-packages/airflow/example_dags/example_latest_only.py
[2024-07-09T02:21:34.487+0000] {processor.py:830} INFO - Processing file /home/airflow/.local/lib/python3.12/site-packages/airflow/example_dags/example_latest_only.py for tasks to queue
[2024-07-09T02:21:34.491+0000] {logging_mixin.py:188} INFO - [2024-07-09T02:21:34.490+0000] {dagbag.py:545} INFO - Filling up the DagBag from /home/airflow/.local/lib/python3.12/site-packages/airflow/example_dags/example_latest_only.py
[2024-07-09T02:21:34.500+0000] {processor.py:840} INFO - DAG(s) 'latest_only' retrieved from /home/airflow/.local/lib/python3.12/site-packages/airflow/example_dags/example_latest_only.py
[2024-07-09T02:21:34.529+0000] {logging_mixin.py:188} INFO - [2024-07-09T02:21:34.529+0000] {dag.py:3096} INFO - Sync 1 DAGs
[2024-07-09T02:21:34.574+0000] {logging_mixin.py:188} INFO - [2024-07-09T02:21:34.573+0000] {dag.py:3954} INFO - Setting next_dagrun for latest_only to 2024-07-08 20:00:00+00:00, run_after=2024-07-09 00:00:00+00:00
[2024-07-09T02:21:34.613+0000] {processor.py:183} INFO - Processing /home/airflow/.local/lib/python3.12/site-packages/airflow/example_dags/example_latest_only.py took 0.140 seconds
[2024-07-09T02:22:04.805+0000] {processor.py:161} INFO - Started process (PID=645) to work on /home/airflow/.local/lib/python3.12/site-packages/airflow/example_dags/example_latest_only.py
[2024-07-09T02:22:04.807+0000] {processor.py:830} INFO - Processing file /home/airflow/.local/lib/python3.12/site-packages/airflow/example_dags/example_latest_only.py for tasks to queue
[2024-07-09T02:22:04.813+0000] {logging_mixin.py:188} INFO - [2024-07-09T02:22:04.812+0000] {dagbag.py:545} INFO - Filling up the DagBag from /home/airflow/.local/lib/python3.12/site-packages/airflow/example_dags/example_latest_only.py
[2024-07-09T02:22:04.823+0000] {processor.py:840} INFO - DAG(s) 'latest_only' retrieved from /home/airflow/.local/lib/python3.12/site-packages/airflow/example_dags/example_latest_only.py
[2024-07-09T02:22:04.872+0000] {logging_mixin.py:188} INFO - [2024-07-09T02:22:04.872+0000] {dag.py:3096} INFO - Sync 1 DAGs
[2024-07-09T02:22:04.931+0000] {logging_mixin.py:188} INFO - [2024-07-09T02:22:04.930+0000] {dag.py:3954} INFO - Setting next_dagrun for latest_only to 2024-07-08 20:00:00+00:00, run_after=2024-07-09 00:00:00+00:00
[2024-07-09T02:22:05.012+0000] {processor.py:183} INFO - Processing /home/airflow/.local/lib/python3.12/site-packages/airflow/example_dags/example_latest_only.py took 0.220 seconds
[2024-07-09T02:22:35.821+0000] {processor.py:161} INFO - Started process (PID=705) to work on /home/airflow/.local/lib/python3.12/site-packages/airflow/example_dags/example_latest_only.py
[2024-07-09T02:22:35.822+0000] {processor.py:830} INFO - Processing file /home/airflow/.local/lib/python3.12/site-packages/airflow/example_dags/example_latest_only.py for tasks to queue
[2024-07-09T02:22:35.825+0000] {logging_mixin.py:188} INFO - [2024-07-09T02:22:35.824+0000] {dagbag.py:545} INFO - Filling up the DagBag from /home/airflow/.local/lib/python3.12/site-packages/airflow/example_dags/example_latest_only.py
[2024-07-09T02:22:35.830+0000] {processor.py:840} INFO - DAG(s) 'latest_only' retrieved from /home/airflow/.local/lib/python3.12/site-packages/airflow/example_dags/example_latest_only.py
[2024-07-09T02:22:35.858+0000] {logging_mixin.py:188} INFO - [2024-07-09T02:22:35.858+0000] {dag.py:3096} INFO - Sync 1 DAGs
[2024-07-09T02:22:35.888+0000] {logging_mixin.py:188} INFO - [2024-07-09T02:22:35.888+0000] {dag.py:3954} INFO - Setting next_dagrun for latest_only to 2024-07-08 20:00:00+00:00, run_after=2024-07-09 00:00:00+00:00
[2024-07-09T02:22:35.913+0000] {processor.py:183} INFO - Processing /home/airflow/.local/lib/python3.12/site-packages/airflow/example_dags/example_latest_only.py took 0.098 seconds
[2024-07-09T02:23:06.246+0000] {processor.py:161} INFO - Started process (PID=764) to work on /home/airflow/.local/lib/python3.12/site-packages/airflow/example_dags/example_latest_only.py
[2024-07-09T02:23:06.247+0000] {processor.py:830} INFO - Processing file /home/airflow/.local/lib/python3.12/site-packages/airflow/example_dags/example_latest_only.py for tasks to queue
[2024-07-09T02:23:06.250+0000] {logging_mixin.py:188} INFO - [2024-07-09T02:23:06.249+0000] {dagbag.py:545} INFO - Filling up the DagBag from /home/airflow/.local/lib/python3.12/site-packages/airflow/example_dags/example_latest_only.py
[2024-07-09T02:23:06.255+0000] {processor.py:840} INFO - DAG(s) 'latest_only' retrieved from /home/airflow/.local/lib/python3.12/site-packages/airflow/example_dags/example_latest_only.py
[2024-07-09T02:23:06.284+0000] {logging_mixin.py:188} INFO - [2024-07-09T02:23:06.283+0000] {dag.py:3096} INFO - Sync 1 DAGs
[2024-07-09T02:23:06.327+0000] {logging_mixin.py:188} INFO - [2024-07-09T02:23:06.327+0000] {dag.py:3954} INFO - Setting next_dagrun for latest_only to 2024-07-08 20:00:00+00:00, run_after=2024-07-09 00:00:00+00:00
[2024-07-09T02:23:06.359+0000] {processor.py:183} INFO - Processing /home/airflow/.local/lib/python3.12/site-packages/airflow/example_dags/example_latest_only.py took 0.124 seconds
[2024-07-09T02:23:37.102+0000] {processor.py:161} INFO - Started process (PID=824) to work on /home/airflow/.local/lib/python3.12/site-packages/airflow/example_dags/example_latest_only.py
[2024-07-09T02:23:37.104+0000] {processor.py:830} INFO - Processing file /home/airflow/.local/lib/python3.12/site-packages/airflow/example_dags/example_latest_only.py for tasks to queue
[2024-07-09T02:23:37.107+0000] {logging_mixin.py:188} INFO - [2024-07-09T02:23:37.106+0000] {dagbag.py:545} INFO - Filling up the DagBag from /home/airflow/.local/lib/python3.12/site-packages/airflow/example_dags/example_latest_only.py
[2024-07-09T02:23:37.114+0000] {processor.py:840} INFO - DAG(s) 'latest_only' retrieved from /home/airflow/.local/lib/python3.12/site-packages/airflow/example_dags/example_latest_only.py
[2024-07-09T02:23:37.149+0000] {logging_mixin.py:188} INFO - [2024-07-09T02:23:37.149+0000] {dag.py:3096} INFO - Sync 1 DAGs
[2024-07-09T02:23:37.185+0000] {logging_mixin.py:188} INFO - [2024-07-09T02:23:37.185+0000] {dag.py:3954} INFO - Setting next_dagrun for latest_only to 2024-07-08 20:00:00+00:00, run_after=2024-07-09 00:00:00+00:00
[2024-07-09T02:23:37.227+0000] {processor.py:183} INFO - Processing /home/airflow/.local/lib/python3.12/site-packages/airflow/example_dags/example_latest_only.py took 0.134 seconds
[2024-07-09T02:24:07.876+0000] {processor.py:161} INFO - Started process (PID=884) to work on /home/airflow/.local/lib/python3.12/site-packages/airflow/example_dags/example_latest_only.py
[2024-07-09T02:24:07.878+0000] {processor.py:830} INFO - Processing file /home/airflow/.local/lib/python3.12/site-packages/airflow/example_dags/example_latest_only.py for tasks to queue
[2024-07-09T02:24:07.881+0000] {logging_mixin.py:188} INFO - [2024-07-09T02:24:07.880+0000] {dagbag.py:545} INFO - Filling up the DagBag from /home/airflow/.local/lib/python3.12/site-packages/airflow/example_dags/example_latest_only.py
[2024-07-09T02:24:07.890+0000] {processor.py:840} INFO - DAG(s) 'latest_only' retrieved from /home/airflow/.local/lib/python3.12/site-packages/airflow/example_dags/example_latest_only.py
[2024-07-09T02:24:07.943+0000] {logging_mixin.py:188} INFO - [2024-07-09T02:24:07.943+0000] {dag.py:3096} INFO - Sync 1 DAGs
[2024-07-09T02:24:07.997+0000] {logging_mixin.py:188} INFO - [2024-07-09T02:24:07.997+0000] {dag.py:3954} INFO - Setting next_dagrun for latest_only to 2024-07-08 20:00:00+00:00, run_after=2024-07-09 00:00:00+00:00
[2024-07-09T02:24:08.060+0000] {processor.py:183} INFO - Processing /home/airflow/.local/lib/python3.12/site-packages/airflow/example_dags/example_latest_only.py took 0.196 seconds
[2024-07-09T02:24:38.186+0000] {processor.py:161} INFO - Started process (PID=945) to work on /home/airflow/.local/lib/python3.12/site-packages/airflow/example_dags/example_latest_only.py
[2024-07-09T02:24:38.188+0000] {processor.py:830} INFO - Processing file /home/airflow/.local/lib/python3.12/site-packages/airflow/example_dags/example_latest_only.py for tasks to queue
[2024-07-09T02:24:38.194+0000] {logging_mixin.py:188} INFO - [2024-07-09T02:24:38.193+0000] {dagbag.py:545} INFO - Filling up the DagBag from /home/airflow/.local/lib/python3.12/site-packages/airflow/example_dags/example_latest_only.py
[2024-07-09T02:24:38.205+0000] {processor.py:840} INFO - DAG(s) 'latest_only' retrieved from /home/airflow/.local/lib/python3.12/site-packages/airflow/example_dags/example_latest_only.py
[2024-07-09T02:24:38.269+0000] {logging_mixin.py:188} INFO - [2024-07-09T02:24:38.268+0000] {dag.py:3096} INFO - Sync 1 DAGs
[2024-07-09T02:24:38.337+0000] {logging_mixin.py:188} INFO - [2024-07-09T02:24:38.336+0000] {dag.py:3954} INFO - Setting next_dagrun for latest_only to 2024-07-08 20:00:00+00:00, run_after=2024-07-09 00:00:00+00:00
[2024-07-09T02:24:38.423+0000] {processor.py:183} INFO - Processing /home/airflow/.local/lib/python3.12/site-packages/airflow/example_dags/example_latest_only.py took 0.258 seconds
[2024-07-09T02:25:08.622+0000] {processor.py:161} INFO - Started process (PID=1004) to work on /home/airflow/.local/lib/python3.12/site-packages/airflow/example_dags/example_latest_only.py
[2024-07-09T02:25:08.624+0000] {processor.py:830} INFO - Processing file /home/airflow/.local/lib/python3.12/site-packages/airflow/example_dags/example_latest_only.py for tasks to queue
[2024-07-09T02:25:08.629+0000] {logging_mixin.py:188} INFO - [2024-07-09T02:25:08.628+0000] {dagbag.py:545} INFO - Filling up the DagBag from /home/airflow/.local/lib/python3.12/site-packages/airflow/example_dags/example_latest_only.py
[2024-07-09T02:25:08.643+0000] {processor.py:840} INFO - DAG(s) 'latest_only' retrieved from /home/airflow/.local/lib/python3.12/site-packages/airflow/example_dags/example_latest_only.py
[2024-07-09T02:25:08.690+0000] {logging_mixin.py:188} INFO - [2024-07-09T02:25:08.690+0000] {dag.py:3096} INFO - Sync 1 DAGs
[2024-07-09T02:25:08.769+0000] {logging_mixin.py:188} INFO - [2024-07-09T02:25:08.768+0000] {dag.py:3954} INFO - Setting next_dagrun for latest_only to 2024-07-08 20:00:00+00:00, run_after=2024-07-09 00:00:00+00:00
[2024-07-09T02:25:08.861+0000] {processor.py:183} INFO - Processing /home/airflow/.local/lib/python3.12/site-packages/airflow/example_dags/example_latest_only.py took 0.261 seconds
[2024-07-09T02:25:39.184+0000] {processor.py:161} INFO - Started process (PID=1080) to work on /home/airflow/.local/lib/python3.12/site-packages/airflow/example_dags/example_latest_only.py
[2024-07-09T02:25:39.187+0000] {processor.py:830} INFO - Processing file /home/airflow/.local/lib/python3.12/site-packages/airflow/example_dags/example_latest_only.py for tasks to queue
[2024-07-09T02:25:39.190+0000] {logging_mixin.py:188} INFO - [2024-07-09T02:25:39.190+0000] {dagbag.py:545} INFO - Filling up the DagBag from /home/airflow/.local/lib/python3.12/site-packages/airflow/example_dags/example_latest_only.py
[2024-07-09T02:25:39.206+0000] {processor.py:840} INFO - DAG(s) 'latest_only' retrieved from /home/airflow/.local/lib/python3.12/site-packages/airflow/example_dags/example_latest_only.py
[2024-07-09T02:25:39.253+0000] {logging_mixin.py:188} INFO - [2024-07-09T02:25:39.253+0000] {dag.py:3096} INFO - Sync 1 DAGs
[2024-07-09T02:25:39.346+0000] {logging_mixin.py:188} INFO - [2024-07-09T02:25:39.345+0000] {dag.py:3954} INFO - Setting next_dagrun for latest_only to 2024-07-08 20:00:00+00:00, run_after=2024-07-09 00:00:00+00:00
[2024-07-09T02:25:39.419+0000] {processor.py:183} INFO - Processing /home/airflow/.local/lib/python3.12/site-packages/airflow/example_dags/example_latest_only.py took 0.250 seconds
[2024-07-09T02:26:09.963+0000] {processor.py:161} INFO - Started process (PID=1144) to work on /home/airflow/.local/lib/python3.12/site-packages/airflow/example_dags/example_latest_only.py
[2024-07-09T02:26:09.965+0000] {processor.py:830} INFO - Processing file /home/airflow/.local/lib/python3.12/site-packages/airflow/example_dags/example_latest_only.py for tasks to queue
[2024-07-09T02:26:09.969+0000] {logging_mixin.py:188} INFO - [2024-07-09T02:26:09.968+0000] {dagbag.py:545} INFO - Filling up the DagBag from /home/airflow/.local/lib/python3.12/site-packages/airflow/example_dags/example_latest_only.py
[2024-07-09T02:26:09.979+0000] {processor.py:840} INFO - DAG(s) 'latest_only' retrieved from /home/airflow/.local/lib/python3.12/site-packages/airflow/example_dags/example_latest_only.py
[2024-07-09T02:26:10.017+0000] {logging_mixin.py:188} INFO - [2024-07-09T02:26:10.017+0000] {dag.py:3096} INFO - Sync 1 DAGs
[2024-07-09T02:26:10.094+0000] {logging_mixin.py:188} INFO - [2024-07-09T02:26:10.094+0000] {dag.py:3954} INFO - Setting next_dagrun for latest_only to 2024-07-08 20:00:00+00:00, run_after=2024-07-09 00:00:00+00:00
[2024-07-09T02:26:10.168+0000] {processor.py:183} INFO - Processing /home/airflow/.local/lib/python3.12/site-packages/airflow/example_dags/example_latest_only.py took 0.219 seconds
[2024-07-09T02:26:40.694+0000] {processor.py:161} INFO - Started process (PID=1204) to work on /home/airflow/.local/lib/python3.12/site-packages/airflow/example_dags/example_latest_only.py
[2024-07-09T02:26:40.706+0000] {processor.py:830} INFO - Processing file /home/airflow/.local/lib/python3.12/site-packages/airflow/example_dags/example_latest_only.py for tasks to queue
[2024-07-09T02:26:40.713+0000] {logging_mixin.py:188} INFO - [2024-07-09T02:26:40.712+0000] {dagbag.py:545} INFO - Filling up the DagBag from /home/airflow/.local/lib/python3.12/site-packages/airflow/example_dags/example_latest_only.py
[2024-07-09T02:26:40.734+0000] {processor.py:840} INFO - DAG(s) 'latest_only' retrieved from /home/airflow/.local/lib/python3.12/site-packages/airflow/example_dags/example_latest_only.py
[2024-07-09T02:26:40.815+0000] {logging_mixin.py:188} INFO - [2024-07-09T02:26:40.814+0000] {dag.py:3096} INFO - Sync 1 DAGs
[2024-07-09T02:26:40.953+0000] {logging_mixin.py:188} INFO - [2024-07-09T02:26:40.952+0000] {dag.py:3954} INFO - Setting next_dagrun for latest_only to 2024-07-08 20:00:00+00:00, run_after=2024-07-09 00:00:00+00:00
[2024-07-09T02:26:41.055+0000] {processor.py:183} INFO - Processing /home/airflow/.local/lib/python3.12/site-packages/airflow/example_dags/example_latest_only.py took 0.384 seconds
[2024-07-09T02:27:11.917+0000] {processor.py:161} INFO - Started process (PID=1268) to work on /home/airflow/.local/lib/python3.12/site-packages/airflow/example_dags/example_latest_only.py
[2024-07-09T02:27:11.919+0000] {processor.py:830} INFO - Processing file /home/airflow/.local/lib/python3.12/site-packages/airflow/example_dags/example_latest_only.py for tasks to queue
[2024-07-09T02:27:11.923+0000] {logging_mixin.py:188} INFO - [2024-07-09T02:27:11.922+0000] {dagbag.py:545} INFO - Filling up the DagBag from /home/airflow/.local/lib/python3.12/site-packages/airflow/example_dags/example_latest_only.py
[2024-07-09T02:27:11.941+0000] {processor.py:840} INFO - DAG(s) 'latest_only' retrieved from /home/airflow/.local/lib/python3.12/site-packages/airflow/example_dags/example_latest_only.py
[2024-07-09T02:27:12.012+0000] {logging_mixin.py:188} INFO - [2024-07-09T02:27:12.012+0000] {dag.py:3096} INFO - Sync 1 DAGs
[2024-07-09T02:27:12.077+0000] {logging_mixin.py:188} INFO - [2024-07-09T02:27:12.075+0000] {dag.py:3954} INFO - Setting next_dagrun for latest_only to 2024-07-08 20:00:00+00:00, run_after=2024-07-09 00:00:00+00:00
[2024-07-09T02:27:12.140+0000] {processor.py:183} INFO - Processing /home/airflow/.local/lib/python3.12/site-packages/airflow/example_dags/example_latest_only.py took 0.242 seconds
[2024-07-09T02:27:42.307+0000] {processor.py:161} INFO - Started process (PID=1326) to work on /home/airflow/.local/lib/python3.12/site-packages/airflow/example_dags/example_latest_only.py
[2024-07-09T02:27:42.310+0000] {processor.py:830} INFO - Processing file /home/airflow/.local/lib/python3.12/site-packages/airflow/example_dags/example_latest_only.py for tasks to queue
[2024-07-09T02:27:42.314+0000] {logging_mixin.py:188} INFO - [2024-07-09T02:27:42.313+0000] {dagbag.py:545} INFO - Filling up the DagBag from /home/airflow/.local/lib/python3.12/site-packages/airflow/example_dags/example_latest_only.py
[2024-07-09T02:27:42.323+0000] {processor.py:840} INFO - DAG(s) 'latest_only' retrieved from /home/airflow/.local/lib/python3.12/site-packages/airflow/example_dags/example_latest_only.py
[2024-07-09T02:27:42.358+0000] {logging_mixin.py:188} INFO - [2024-07-09T02:27:42.358+0000] {dag.py:3096} INFO - Sync 1 DAGs
[2024-07-09T02:27:42.399+0000] {logging_mixin.py:188} INFO - [2024-07-09T02:27:42.398+0000] {dag.py:3954} INFO - Setting next_dagrun for latest_only to 2024-07-08 20:00:00+00:00, run_after=2024-07-09 00:00:00+00:00
[2024-07-09T02:27:42.451+0000] {processor.py:183} INFO - Processing /home/airflow/.local/lib/python3.12/site-packages/airflow/example_dags/example_latest_only.py took 0.158 seconds
[2024-07-09T02:28:13.015+0000] {processor.py:161} INFO - Started process (PID=1384) to work on /home/airflow/.local/lib/python3.12/site-packages/airflow/example_dags/example_latest_only.py
[2024-07-09T02:28:13.017+0000] {processor.py:830} INFO - Processing file /home/airflow/.local/lib/python3.12/site-packages/airflow/example_dags/example_latest_only.py for tasks to queue
[2024-07-09T02:28:13.021+0000] {logging_mixin.py:188} INFO - [2024-07-09T02:28:13.020+0000] {dagbag.py:545} INFO - Filling up the DagBag from /home/airflow/.local/lib/python3.12/site-packages/airflow/example_dags/example_latest_only.py
[2024-07-09T02:28:13.030+0000] {processor.py:840} INFO - DAG(s) 'latest_only' retrieved from /home/airflow/.local/lib/python3.12/site-packages/airflow/example_dags/example_latest_only.py
[2024-07-09T02:28:13.063+0000] {logging_mixin.py:188} INFO - [2024-07-09T02:28:13.062+0000] {dag.py:3096} INFO - Sync 1 DAGs
[2024-07-09T02:28:13.112+0000] {logging_mixin.py:188} INFO - [2024-07-09T02:28:13.112+0000] {dag.py:3954} INFO - Setting next_dagrun for latest_only to 2024-07-08 20:00:00+00:00, run_after=2024-07-09 00:00:00+00:00
[2024-07-09T02:28:13.149+0000] {processor.py:183} INFO - Processing /home/airflow/.local/lib/python3.12/site-packages/airflow/example_dags/example_latest_only.py took 0.146 seconds
[2024-07-09T02:28:43.286+0000] {processor.py:161} INFO - Started process (PID=1444) to work on /home/airflow/.local/lib/python3.12/site-packages/airflow/example_dags/example_latest_only.py
[2024-07-09T02:28:43.287+0000] {processor.py:830} INFO - Processing file /home/airflow/.local/lib/python3.12/site-packages/airflow/example_dags/example_latest_only.py for tasks to queue
[2024-07-09T02:28:43.291+0000] {logging_mixin.py:188} INFO - [2024-07-09T02:28:43.291+0000] {dagbag.py:545} INFO - Filling up the DagBag from /home/airflow/.local/lib/python3.12/site-packages/airflow/example_dags/example_latest_only.py
[2024-07-09T02:28:43.302+0000] {processor.py:840} INFO - DAG(s) 'latest_only' retrieved from /home/airflow/.local/lib/python3.12/site-packages/airflow/example_dags/example_latest_only.py
[2024-07-09T02:28:43.350+0000] {logging_mixin.py:188} INFO - [2024-07-09T02:28:43.350+0000] {dag.py:3096} INFO - Sync 1 DAGs
[2024-07-09T02:28:43.409+0000] {logging_mixin.py:188} INFO - [2024-07-09T02:28:43.408+0000] {dag.py:3954} INFO - Setting next_dagrun for latest_only to 2024-07-08 20:00:00+00:00, run_after=2024-07-09 00:00:00+00:00
[2024-07-09T02:28:43.469+0000] {processor.py:183} INFO - Processing /home/airflow/.local/lib/python3.12/site-packages/airflow/example_dags/example_latest_only.py took 0.194 seconds
[2024-07-09T02:29:14.179+0000] {processor.py:161} INFO - Started process (PID=1503) to work on /home/airflow/.local/lib/python3.12/site-packages/airflow/example_dags/example_latest_only.py
[2024-07-09T02:29:14.182+0000] {processor.py:830} INFO - Processing file /home/airflow/.local/lib/python3.12/site-packages/airflow/example_dags/example_latest_only.py for tasks to queue
[2024-07-09T02:29:14.197+0000] {logging_mixin.py:188} INFO - [2024-07-09T02:29:14.196+0000] {dagbag.py:545} INFO - Filling up the DagBag from /home/airflow/.local/lib/python3.12/site-packages/airflow/example_dags/example_latest_only.py
[2024-07-09T02:29:14.231+0000] {processor.py:840} INFO - DAG(s) 'latest_only' retrieved from /home/airflow/.local/lib/python3.12/site-packages/airflow/example_dags/example_latest_only.py
[2024-07-09T02:29:14.441+0000] {logging_mixin.py:188} INFO - [2024-07-09T02:29:14.441+0000] {dag.py:3096} INFO - Sync 1 DAGs
[2024-07-09T02:29:14.672+0000] {logging_mixin.py:188} INFO - [2024-07-09T02:29:14.672+0000] {dag.py:3954} INFO - Setting next_dagrun for latest_only to 2024-07-08 20:00:00+00:00, run_after=2024-07-09 00:00:00+00:00
[2024-07-09T02:29:14.944+0000] {processor.py:183} INFO - Processing /home/airflow/.local/lib/python3.12/site-packages/airflow/example_dags/example_latest_only.py took 0.791 seconds
[2024-07-09T02:29:45.900+0000] {processor.py:161} INFO - Started process (PID=1562) to work on /home/airflow/.local/lib/python3.12/site-packages/airflow/example_dags/example_latest_only.py
[2024-07-09T02:29:45.905+0000] {processor.py:830} INFO - Processing file /home/airflow/.local/lib/python3.12/site-packages/airflow/example_dags/example_latest_only.py for tasks to queue
[2024-07-09T02:29:45.915+0000] {logging_mixin.py:188} INFO - [2024-07-09T02:29:45.914+0000] {dagbag.py:545} INFO - Filling up the DagBag from /home/airflow/.local/lib/python3.12/site-packages/airflow/example_dags/example_latest_only.py
[2024-07-09T02:29:45.938+0000] {processor.py:840} INFO - DAG(s) 'latest_only' retrieved from /home/airflow/.local/lib/python3.12/site-packages/airflow/example_dags/example_latest_only.py
[2024-07-09T02:29:46.016+0000] {logging_mixin.py:188} INFO - [2024-07-09T02:29:46.015+0000] {dag.py:3096} INFO - Sync 1 DAGs
[2024-07-09T02:29:46.084+0000] {logging_mixin.py:188} INFO - [2024-07-09T02:29:46.083+0000] {dag.py:3954} INFO - Setting next_dagrun for latest_only to 2024-07-08 20:00:00+00:00, run_after=2024-07-09 00:00:00+00:00
[2024-07-09T02:29:46.161+0000] {processor.py:183} INFO - Processing /home/airflow/.local/lib/python3.12/site-packages/airflow/example_dags/example_latest_only.py took 0.285 seconds
[2024-07-09T02:30:16.997+0000] {processor.py:161} INFO - Started process (PID=1628) to work on /home/airflow/.local/lib/python3.12/site-packages/airflow/example_dags/example_latest_only.py
[2024-07-09T02:30:17.000+0000] {processor.py:830} INFO - Processing file /home/airflow/.local/lib/python3.12/site-packages/airflow/example_dags/example_latest_only.py for tasks to queue
[2024-07-09T02:30:17.004+0000] {logging_mixin.py:188} INFO - [2024-07-09T02:30:17.003+0000] {dagbag.py:545} INFO - Filling up the DagBag from /home/airflow/.local/lib/python3.12/site-packages/airflow/example_dags/example_latest_only.py
[2024-07-09T02:30:17.014+0000] {processor.py:840} INFO - DAG(s) 'latest_only' retrieved from /home/airflow/.local/lib/python3.12/site-packages/airflow/example_dags/example_latest_only.py
[2024-07-09T02:30:17.054+0000] {logging_mixin.py:188} INFO - [2024-07-09T02:30:17.053+0000] {dag.py:3096} INFO - Sync 1 DAGs
[2024-07-09T02:30:17.106+0000] {logging_mixin.py:188} INFO - [2024-07-09T02:30:17.106+0000] {dag.py:3954} INFO - Setting next_dagrun for latest_only to 2024-07-08 20:00:00+00:00, run_after=2024-07-09 00:00:00+00:00
[2024-07-09T02:30:17.162+0000] {processor.py:183} INFO - Processing /home/airflow/.local/lib/python3.12/site-packages/airflow/example_dags/example_latest_only.py took 0.177 seconds
[2024-07-09T02:30:47.685+0000] {processor.py:161} INFO - Started process (PID=1688) to work on /home/airflow/.local/lib/python3.12/site-packages/airflow/example_dags/example_latest_only.py
[2024-07-09T02:30:47.687+0000] {processor.py:830} INFO - Processing file /home/airflow/.local/lib/python3.12/site-packages/airflow/example_dags/example_latest_only.py for tasks to queue
[2024-07-09T02:30:47.710+0000] {logging_mixin.py:188} INFO - [2024-07-09T02:30:47.709+0000] {dagbag.py:545} INFO - Filling up the DagBag from /home/airflow/.local/lib/python3.12/site-packages/airflow/example_dags/example_latest_only.py
[2024-07-09T02:30:47.720+0000] {processor.py:840} INFO - DAG(s) 'latest_only' retrieved from /home/airflow/.local/lib/python3.12/site-packages/airflow/example_dags/example_latest_only.py
[2024-07-09T02:30:47.759+0000] {logging_mixin.py:188} INFO - [2024-07-09T02:30:47.758+0000] {dag.py:3096} INFO - Sync 1 DAGs
[2024-07-09T02:30:47.808+0000] {logging_mixin.py:188} INFO - [2024-07-09T02:30:47.807+0000] {dag.py:3954} INFO - Setting next_dagrun for latest_only to 2024-07-08 20:00:00+00:00, run_after=2024-07-09 00:00:00+00:00
[2024-07-09T02:30:47.857+0000] {processor.py:183} INFO - Processing /home/airflow/.local/lib/python3.12/site-packages/airflow/example_dags/example_latest_only.py took 0.180 seconds
[2024-07-09T02:31:18.527+0000] {processor.py:161} INFO - Started process (PID=1748) to work on /home/airflow/.local/lib/python3.12/site-packages/airflow/example_dags/example_latest_only.py
[2024-07-09T02:31:18.549+0000] {processor.py:830} INFO - Processing file /home/airflow/.local/lib/python3.12/site-packages/airflow/example_dags/example_latest_only.py for tasks to queue
[2024-07-09T02:31:18.554+0000] {logging_mixin.py:188} INFO - [2024-07-09T02:31:18.553+0000] {dagbag.py:545} INFO - Filling up the DagBag from /home/airflow/.local/lib/python3.12/site-packages/airflow/example_dags/example_latest_only.py
[2024-07-09T02:31:18.572+0000] {processor.py:840} INFO - DAG(s) 'latest_only' retrieved from /home/airflow/.local/lib/python3.12/site-packages/airflow/example_dags/example_latest_only.py
[2024-07-09T02:31:18.681+0000] {logging_mixin.py:188} INFO - [2024-07-09T02:31:18.680+0000] {dag.py:3096} INFO - Sync 1 DAGs
[2024-07-09T02:31:18.829+0000] {logging_mixin.py:188} INFO - [2024-07-09T02:31:18.828+0000] {dag.py:3954} INFO - Setting next_dagrun for latest_only to 2024-07-08 20:00:00+00:00, run_after=2024-07-09 00:00:00+00:00
[2024-07-09T02:31:18.921+0000] {processor.py:183} INFO - Processing /home/airflow/.local/lib/python3.12/site-packages/airflow/example_dags/example_latest_only.py took 0.413 seconds
[2024-07-09T02:31:49.037+0000] {processor.py:161} INFO - Started process (PID=1807) to work on /home/airflow/.local/lib/python3.12/site-packages/airflow/example_dags/example_latest_only.py
[2024-07-09T02:31:49.038+0000] {processor.py:830} INFO - Processing file /home/airflow/.local/lib/python3.12/site-packages/airflow/example_dags/example_latest_only.py for tasks to queue
[2024-07-09T02:31:49.042+0000] {logging_mixin.py:188} INFO - [2024-07-09T02:31:49.041+0000] {dagbag.py:545} INFO - Filling up the DagBag from /home/airflow/.local/lib/python3.12/site-packages/airflow/example_dags/example_latest_only.py
[2024-07-09T02:31:49.055+0000] {processor.py:840} INFO - DAG(s) 'latest_only' retrieved from /home/airflow/.local/lib/python3.12/site-packages/airflow/example_dags/example_latest_only.py
[2024-07-09T02:31:49.099+0000] {logging_mixin.py:188} INFO - [2024-07-09T02:31:49.099+0000] {dag.py:3096} INFO - Sync 1 DAGs
[2024-07-09T02:31:49.143+0000] {logging_mixin.py:188} INFO - [2024-07-09T02:31:49.143+0000] {dag.py:3954} INFO - Setting next_dagrun for latest_only to 2024-07-08 20:00:00+00:00, run_after=2024-07-09 00:00:00+00:00
[2024-07-09T02:31:49.181+0000] {processor.py:183} INFO - Processing /home/airflow/.local/lib/python3.12/site-packages/airflow/example_dags/example_latest_only.py took 0.157 seconds
[2024-07-09T02:32:19.627+0000] {processor.py:161} INFO - Started process (PID=1868) to work on /home/airflow/.local/lib/python3.12/site-packages/airflow/example_dags/example_latest_only.py
[2024-07-09T02:32:19.628+0000] {processor.py:830} INFO - Processing file /home/airflow/.local/lib/python3.12/site-packages/airflow/example_dags/example_latest_only.py for tasks to queue
[2024-07-09T02:32:19.630+0000] {logging_mixin.py:188} INFO - [2024-07-09T02:32:19.630+0000] {dagbag.py:545} INFO - Filling up the DagBag from /home/airflow/.local/lib/python3.12/site-packages/airflow/example_dags/example_latest_only.py
[2024-07-09T02:32:19.636+0000] {processor.py:840} INFO - DAG(s) 'latest_only' retrieved from /home/airflow/.local/lib/python3.12/site-packages/airflow/example_dags/example_latest_only.py
[2024-07-09T02:32:19.662+0000] {logging_mixin.py:188} INFO - [2024-07-09T02:32:19.661+0000] {dag.py:3096} INFO - Sync 1 DAGs
[2024-07-09T02:32:19.691+0000] {logging_mixin.py:188} INFO - [2024-07-09T02:32:19.691+0000] {dag.py:3954} INFO - Setting next_dagrun for latest_only to 2024-07-08 20:00:00+00:00, run_after=2024-07-09 00:00:00+00:00
[2024-07-09T02:32:19.735+0000] {processor.py:183} INFO - Processing /home/airflow/.local/lib/python3.12/site-packages/airflow/example_dags/example_latest_only.py took 0.115 seconds
[2024-07-09T02:32:50.287+0000] {processor.py:161} INFO - Started process (PID=1928) to work on /home/airflow/.local/lib/python3.12/site-packages/airflow/example_dags/example_latest_only.py
[2024-07-09T02:32:50.288+0000] {processor.py:830} INFO - Processing file /home/airflow/.local/lib/python3.12/site-packages/airflow/example_dags/example_latest_only.py for tasks to queue
[2024-07-09T02:32:50.291+0000] {logging_mixin.py:188} INFO - [2024-07-09T02:32:50.291+0000] {dagbag.py:545} INFO - Filling up the DagBag from /home/airflow/.local/lib/python3.12/site-packages/airflow/example_dags/example_latest_only.py
[2024-07-09T02:32:50.300+0000] {processor.py:840} INFO - DAG(s) 'latest_only' retrieved from /home/airflow/.local/lib/python3.12/site-packages/airflow/example_dags/example_latest_only.py
[2024-07-09T02:32:50.331+0000] {logging_mixin.py:188} INFO - [2024-07-09T02:32:50.330+0000] {dag.py:3096} INFO - Sync 1 DAGs
[2024-07-09T02:32:50.583+0000] {logging_mixin.py:188} INFO - [2024-07-09T02:32:50.583+0000] {dag.py:3954} INFO - Setting next_dagrun for latest_only to 2024-07-08 20:00:00+00:00, run_after=2024-07-09 00:00:00+00:00
[2024-07-09T02:32:50.631+0000] {processor.py:183} INFO - Processing /home/airflow/.local/lib/python3.12/site-packages/airflow/example_dags/example_latest_only.py took 0.353 seconds
[2024-07-09T02:33:20.961+0000] {processor.py:161} INFO - Started process (PID=1989) to work on /home/airflow/.local/lib/python3.12/site-packages/airflow/example_dags/example_latest_only.py
[2024-07-09T02:33:20.962+0000] {processor.py:830} INFO - Processing file /home/airflow/.local/lib/python3.12/site-packages/airflow/example_dags/example_latest_only.py for tasks to queue
[2024-07-09T02:33:20.964+0000] {logging_mixin.py:188} INFO - [2024-07-09T02:33:20.964+0000] {dagbag.py:545} INFO - Filling up the DagBag from /home/airflow/.local/lib/python3.12/site-packages/airflow/example_dags/example_latest_only.py
[2024-07-09T02:33:20.970+0000] {processor.py:840} INFO - DAG(s) 'latest_only' retrieved from /home/airflow/.local/lib/python3.12/site-packages/airflow/example_dags/example_latest_only.py
[2024-07-09T02:33:20.993+0000] {logging_mixin.py:188} INFO - [2024-07-09T02:33:20.993+0000] {dag.py:3096} INFO - Sync 1 DAGs
[2024-07-09T02:33:21.018+0000] {logging_mixin.py:188} INFO - [2024-07-09T02:33:21.018+0000] {dag.py:3954} INFO - Setting next_dagrun for latest_only to 2024-07-08 20:00:00+00:00, run_after=2024-07-09 00:00:00+00:00
[2024-07-09T02:33:21.058+0000] {processor.py:183} INFO - Processing /home/airflow/.local/lib/python3.12/site-packages/airflow/example_dags/example_latest_only.py took 0.104 seconds
[2024-07-09T02:33:51.322+0000] {processor.py:161} INFO - Started process (PID=2049) to work on /home/airflow/.local/lib/python3.12/site-packages/airflow/example_dags/example_latest_only.py
[2024-07-09T02:33:51.329+0000] {processor.py:830} INFO - Processing file /home/airflow/.local/lib/python3.12/site-packages/airflow/example_dags/example_latest_only.py for tasks to queue
[2024-07-09T02:33:51.335+0000] {logging_mixin.py:188} INFO - [2024-07-09T02:33:51.334+0000] {dagbag.py:545} INFO - Filling up the DagBag from /home/airflow/.local/lib/python3.12/site-packages/airflow/example_dags/example_latest_only.py
[2024-07-09T02:33:51.355+0000] {processor.py:840} INFO - DAG(s) 'latest_only' retrieved from /home/airflow/.local/lib/python3.12/site-packages/airflow/example_dags/example_latest_only.py
[2024-07-09T02:33:51.417+0000] {logging_mixin.py:188} INFO - [2024-07-09T02:33:51.416+0000] {dag.py:3096} INFO - Sync 1 DAGs
[2024-07-09T02:33:51.487+0000] {logging_mixin.py:188} INFO - [2024-07-09T02:33:51.486+0000] {dag.py:3954} INFO - Setting next_dagrun for latest_only to 2024-07-08 20:00:00+00:00, run_after=2024-07-09 00:00:00+00:00
[2024-07-09T02:33:51.576+0000] {processor.py:183} INFO - Processing /home/airflow/.local/lib/python3.12/site-packages/airflow/example_dags/example_latest_only.py took 0.284 seconds
