[2024-07-09T01:48:51.287+0000] {processor.py:161} INFO - Started process (PID=73) to work on /home/airflow/.local/lib/python3.12/site-packages/airflow/example_dags/example_complex.py
[2024-07-09T01:48:51.288+0000] {processor.py:830} INFO - Processing file /home/airflow/.local/lib/python3.12/site-packages/airflow/example_dags/example_complex.py for tasks to queue
[2024-07-09T01:48:51.292+0000] {logging_mixin.py:188} INFO - [2024-07-09T01:48:51.291+0000] {dagbag.py:545} INFO - Filling up the DagBag from /home/airflow/.local/lib/python3.12/site-packages/airflow/example_dags/example_complex.py
[2024-07-09T01:48:51.317+0000] {processor.py:840} INFO - DAG(s) 'example_complex' retrieved from /home/airflow/.local/lib/python3.12/site-packages/airflow/example_dags/example_complex.py
[2024-07-09T01:48:51.555+0000] {logging_mixin.py:188} INFO - [2024-07-09T01:48:51.554+0000] {override.py:1829} INFO - Created Permission View: can edit on DAG:example_complex
[2024-07-09T01:48:51.571+0000] {logging_mixin.py:188} INFO - [2024-07-09T01:48:51.571+0000] {override.py:1829} INFO - Created Permission View: can read on DAG:example_complex
[2024-07-09T01:48:51.585+0000] {logging_mixin.py:188} INFO - [2024-07-09T01:48:51.585+0000] {override.py:1829} INFO - Created Permission View: can delete on DAG:example_complex
[2024-07-09T01:48:51.586+0000] {logging_mixin.py:188} INFO - [2024-07-09T01:48:51.586+0000] {dag.py:3096} INFO - Sync 1 DAGs
[2024-07-09T01:48:51.608+0000] {logging_mixin.py:188} INFO - [2024-07-09T01:48:51.607+0000] {dag.py:3118} INFO - Creating ORM DAG for example_complex
[2024-07-09T01:48:51.609+0000] {logging_mixin.py:188} INFO - [2024-07-09T01:48:51.609+0000] {dag.py:3954} INFO - Setting next_dagrun for example_complex to None, run_after=None
[2024-07-09T01:48:51.642+0000] {processor.py:183} INFO - Processing /home/airflow/.local/lib/python3.12/site-packages/airflow/example_dags/example_complex.py took 0.367 seconds
[2024-07-09T01:49:22.067+0000] {processor.py:161} INFO - Started process (PID=133) to work on /home/airflow/.local/lib/python3.12/site-packages/airflow/example_dags/example_complex.py
[2024-07-09T01:49:22.069+0000] {processor.py:830} INFO - Processing file /home/airflow/.local/lib/python3.12/site-packages/airflow/example_dags/example_complex.py for tasks to queue
[2024-07-09T01:49:22.072+0000] {logging_mixin.py:188} INFO - [2024-07-09T01:49:22.071+0000] {dagbag.py:545} INFO - Filling up the DagBag from /home/airflow/.local/lib/python3.12/site-packages/airflow/example_dags/example_complex.py
[2024-07-09T01:49:22.085+0000] {processor.py:840} INFO - DAG(s) 'example_complex' retrieved from /home/airflow/.local/lib/python3.12/site-packages/airflow/example_dags/example_complex.py
[2024-07-09T01:49:22.131+0000] {logging_mixin.py:188} INFO - [2024-07-09T01:49:22.130+0000] {dag.py:3096} INFO - Sync 1 DAGs
[2024-07-09T01:49:22.147+0000] {logging_mixin.py:188} INFO - [2024-07-09T01:49:22.147+0000] {dag.py:3954} INFO - Setting next_dagrun for example_complex to None, run_after=None
[2024-07-09T01:49:22.174+0000] {processor.py:183} INFO - Processing /home/airflow/.local/lib/python3.12/site-packages/airflow/example_dags/example_complex.py took 0.114 seconds
[2024-07-09T01:49:52.260+0000] {processor.py:161} INFO - Started process (PID=193) to work on /home/airflow/.local/lib/python3.12/site-packages/airflow/example_dags/example_complex.py
[2024-07-09T01:49:52.262+0000] {processor.py:830} INFO - Processing file /home/airflow/.local/lib/python3.12/site-packages/airflow/example_dags/example_complex.py for tasks to queue
[2024-07-09T01:49:52.265+0000] {logging_mixin.py:188} INFO - [2024-07-09T01:49:52.265+0000] {dagbag.py:545} INFO - Filling up the DagBag from /home/airflow/.local/lib/python3.12/site-packages/airflow/example_dags/example_complex.py
[2024-07-09T01:49:52.282+0000] {processor.py:840} INFO - DAG(s) 'example_complex' retrieved from /home/airflow/.local/lib/python3.12/site-packages/airflow/example_dags/example_complex.py
[2024-07-09T01:49:52.339+0000] {logging_mixin.py:188} INFO - [2024-07-09T01:49:52.339+0000] {dag.py:3096} INFO - Sync 1 DAGs
[2024-07-09T01:49:52.360+0000] {logging_mixin.py:188} INFO - [2024-07-09T01:49:52.360+0000] {dag.py:3954} INFO - Setting next_dagrun for example_complex to None, run_after=None
[2024-07-09T01:49:52.391+0000] {processor.py:183} INFO - Processing /home/airflow/.local/lib/python3.12/site-packages/airflow/example_dags/example_complex.py took 0.141 seconds
[2024-07-09T01:50:23.101+0000] {processor.py:161} INFO - Started process (PID=253) to work on /home/airflow/.local/lib/python3.12/site-packages/airflow/example_dags/example_complex.py
[2024-07-09T01:50:23.103+0000] {processor.py:830} INFO - Processing file /home/airflow/.local/lib/python3.12/site-packages/airflow/example_dags/example_complex.py for tasks to queue
[2024-07-09T01:50:23.105+0000] {logging_mixin.py:188} INFO - [2024-07-09T01:50:23.105+0000] {dagbag.py:545} INFO - Filling up the DagBag from /home/airflow/.local/lib/python3.12/site-packages/airflow/example_dags/example_complex.py
[2024-07-09T01:50:23.120+0000] {processor.py:840} INFO - DAG(s) 'example_complex' retrieved from /home/airflow/.local/lib/python3.12/site-packages/airflow/example_dags/example_complex.py
[2024-07-09T01:50:23.177+0000] {logging_mixin.py:188} INFO - [2024-07-09T01:50:23.177+0000] {dag.py:3096} INFO - Sync 1 DAGs
[2024-07-09T01:50:23.201+0000] {logging_mixin.py:188} INFO - [2024-07-09T01:50:23.201+0000] {dag.py:3954} INFO - Setting next_dagrun for example_complex to None, run_after=None
[2024-07-09T01:50:23.234+0000] {processor.py:183} INFO - Processing /home/airflow/.local/lib/python3.12/site-packages/airflow/example_dags/example_complex.py took 0.141 seconds
[2024-07-09T01:50:53.486+0000] {processor.py:161} INFO - Started process (PID=313) to work on /home/airflow/.local/lib/python3.12/site-packages/airflow/example_dags/example_complex.py
[2024-07-09T01:50:53.488+0000] {processor.py:830} INFO - Processing file /home/airflow/.local/lib/python3.12/site-packages/airflow/example_dags/example_complex.py for tasks to queue
[2024-07-09T01:50:53.491+0000] {logging_mixin.py:188} INFO - [2024-07-09T01:50:53.491+0000] {dagbag.py:545} INFO - Filling up the DagBag from /home/airflow/.local/lib/python3.12/site-packages/airflow/example_dags/example_complex.py
[2024-07-09T01:50:53.510+0000] {processor.py:840} INFO - DAG(s) 'example_complex' retrieved from /home/airflow/.local/lib/python3.12/site-packages/airflow/example_dags/example_complex.py
[2024-07-09T01:50:53.573+0000] {logging_mixin.py:188} INFO - [2024-07-09T01:50:53.572+0000] {dag.py:3096} INFO - Sync 1 DAGs
[2024-07-09T01:50:53.599+0000] {logging_mixin.py:188} INFO - [2024-07-09T01:50:53.599+0000] {dag.py:3954} INFO - Setting next_dagrun for example_complex to None, run_after=None
[2024-07-09T01:50:53.629+0000] {processor.py:183} INFO - Processing /home/airflow/.local/lib/python3.12/site-packages/airflow/example_dags/example_complex.py took 0.155 seconds
[2024-07-09T01:51:24.196+0000] {processor.py:161} INFO - Started process (PID=373) to work on /home/airflow/.local/lib/python3.12/site-packages/airflow/example_dags/example_complex.py
[2024-07-09T01:51:24.197+0000] {processor.py:830} INFO - Processing file /home/airflow/.local/lib/python3.12/site-packages/airflow/example_dags/example_complex.py for tasks to queue
[2024-07-09T01:51:24.200+0000] {logging_mixin.py:188} INFO - [2024-07-09T01:51:24.199+0000] {dagbag.py:545} INFO - Filling up the DagBag from /home/airflow/.local/lib/python3.12/site-packages/airflow/example_dags/example_complex.py
[2024-07-09T01:51:24.217+0000] {processor.py:840} INFO - DAG(s) 'example_complex' retrieved from /home/airflow/.local/lib/python3.12/site-packages/airflow/example_dags/example_complex.py
[2024-07-09T01:51:24.274+0000] {logging_mixin.py:188} INFO - [2024-07-09T01:51:24.273+0000] {dag.py:3096} INFO - Sync 1 DAGs
[2024-07-09T01:51:24.293+0000] {logging_mixin.py:188} INFO - [2024-07-09T01:51:24.293+0000] {dag.py:3954} INFO - Setting next_dagrun for example_complex to None, run_after=None
[2024-07-09T01:51:24.338+0000] {processor.py:183} INFO - Processing /home/airflow/.local/lib/python3.12/site-packages/airflow/example_dags/example_complex.py took 0.152 seconds
[2024-07-09T01:51:55.517+0000] {processor.py:161} INFO - Started process (PID=433) to work on /home/airflow/.local/lib/python3.12/site-packages/airflow/example_dags/example_complex.py
[2024-07-09T01:51:55.519+0000] {processor.py:830} INFO - Processing file /home/airflow/.local/lib/python3.12/site-packages/airflow/example_dags/example_complex.py for tasks to queue
[2024-07-09T01:51:55.521+0000] {logging_mixin.py:188} INFO - [2024-07-09T01:51:55.521+0000] {dagbag.py:545} INFO - Filling up the DagBag from /home/airflow/.local/lib/python3.12/site-packages/airflow/example_dags/example_complex.py
[2024-07-09T01:51:55.543+0000] {processor.py:840} INFO - DAG(s) 'example_complex' retrieved from /home/airflow/.local/lib/python3.12/site-packages/airflow/example_dags/example_complex.py
[2024-07-09T01:51:55.601+0000] {logging_mixin.py:188} INFO - [2024-07-09T01:51:55.601+0000] {dag.py:3096} INFO - Sync 1 DAGs
[2024-07-09T01:51:55.623+0000] {logging_mixin.py:188} INFO - [2024-07-09T01:51:55.622+0000] {dag.py:3954} INFO - Setting next_dagrun for example_complex to None, run_after=None
[2024-07-09T01:51:55.652+0000] {processor.py:183} INFO - Processing /home/airflow/.local/lib/python3.12/site-packages/airflow/example_dags/example_complex.py took 0.143 seconds
[2024-07-09T01:52:27.273+0000] {processor.py:161} INFO - Started process (PID=493) to work on /home/airflow/.local/lib/python3.12/site-packages/airflow/example_dags/example_complex.py
[2024-07-09T01:52:27.275+0000] {processor.py:830} INFO - Processing file /home/airflow/.local/lib/python3.12/site-packages/airflow/example_dags/example_complex.py for tasks to queue
[2024-07-09T01:52:27.278+0000] {logging_mixin.py:188} INFO - [2024-07-09T01:52:27.277+0000] {dagbag.py:545} INFO - Filling up the DagBag from /home/airflow/.local/lib/python3.12/site-packages/airflow/example_dags/example_complex.py
[2024-07-09T01:52:27.293+0000] {processor.py:840} INFO - DAG(s) 'example_complex' retrieved from /home/airflow/.local/lib/python3.12/site-packages/airflow/example_dags/example_complex.py
[2024-07-09T01:52:27.343+0000] {logging_mixin.py:188} INFO - [2024-07-09T01:52:27.342+0000] {dag.py:3096} INFO - Sync 1 DAGs
[2024-07-09T01:52:27.362+0000] {logging_mixin.py:188} INFO - [2024-07-09T01:52:27.362+0000] {dag.py:3954} INFO - Setting next_dagrun for example_complex to None, run_after=None
[2024-07-09T01:52:27.391+0000] {processor.py:183} INFO - Processing /home/airflow/.local/lib/python3.12/site-packages/airflow/example_dags/example_complex.py took 0.128 seconds
[2024-07-09T01:52:58.851+0000] {processor.py:161} INFO - Started process (PID=559) to work on /home/airflow/.local/lib/python3.12/site-packages/airflow/example_dags/example_complex.py
[2024-07-09T01:52:58.853+0000] {processor.py:830} INFO - Processing file /home/airflow/.local/lib/python3.12/site-packages/airflow/example_dags/example_complex.py for tasks to queue
[2024-07-09T01:52:58.857+0000] {logging_mixin.py:188} INFO - [2024-07-09T01:52:58.856+0000] {dagbag.py:545} INFO - Filling up the DagBag from /home/airflow/.local/lib/python3.12/site-packages/airflow/example_dags/example_complex.py
[2024-07-09T01:52:58.875+0000] {processor.py:840} INFO - DAG(s) 'example_complex' retrieved from /home/airflow/.local/lib/python3.12/site-packages/airflow/example_dags/example_complex.py
[2024-07-09T01:52:58.934+0000] {logging_mixin.py:188} INFO - [2024-07-09T01:52:58.933+0000] {dag.py:3096} INFO - Sync 1 DAGs
[2024-07-09T01:52:58.953+0000] {logging_mixin.py:188} INFO - [2024-07-09T01:52:58.952+0000] {dag.py:3954} INFO - Setting next_dagrun for example_complex to None, run_after=None
[2024-07-09T01:52:58.996+0000] {processor.py:183} INFO - Processing /home/airflow/.local/lib/python3.12/site-packages/airflow/example_dags/example_complex.py took 0.156 seconds
[2024-07-09T01:53:29.572+0000] {processor.py:161} INFO - Started process (PID=617) to work on /home/airflow/.local/lib/python3.12/site-packages/airflow/example_dags/example_complex.py
[2024-07-09T01:53:29.574+0000] {processor.py:830} INFO - Processing file /home/airflow/.local/lib/python3.12/site-packages/airflow/example_dags/example_complex.py for tasks to queue
[2024-07-09T01:53:29.577+0000] {logging_mixin.py:188} INFO - [2024-07-09T01:53:29.576+0000] {dagbag.py:545} INFO - Filling up the DagBag from /home/airflow/.local/lib/python3.12/site-packages/airflow/example_dags/example_complex.py
[2024-07-09T01:53:29.600+0000] {processor.py:840} INFO - DAG(s) 'example_complex' retrieved from /home/airflow/.local/lib/python3.12/site-packages/airflow/example_dags/example_complex.py
[2024-07-09T01:53:29.661+0000] {logging_mixin.py:188} INFO - [2024-07-09T01:53:29.661+0000] {dag.py:3096} INFO - Sync 1 DAGs
[2024-07-09T01:53:29.686+0000] {logging_mixin.py:188} INFO - [2024-07-09T01:53:29.686+0000] {dag.py:3954} INFO - Setting next_dagrun for example_complex to None, run_after=None
[2024-07-09T01:53:29.724+0000] {processor.py:183} INFO - Processing /home/airflow/.local/lib/python3.12/site-packages/airflow/example_dags/example_complex.py took 0.161 seconds
[2024-07-09T01:53:59.919+0000] {processor.py:161} INFO - Started process (PID=676) to work on /home/airflow/.local/lib/python3.12/site-packages/airflow/example_dags/example_complex.py
[2024-07-09T01:53:59.920+0000] {processor.py:830} INFO - Processing file /home/airflow/.local/lib/python3.12/site-packages/airflow/example_dags/example_complex.py for tasks to queue
[2024-07-09T01:53:59.923+0000] {logging_mixin.py:188} INFO - [2024-07-09T01:53:59.922+0000] {dagbag.py:545} INFO - Filling up the DagBag from /home/airflow/.local/lib/python3.12/site-packages/airflow/example_dags/example_complex.py
[2024-07-09T01:53:59.940+0000] {processor.py:840} INFO - DAG(s) 'example_complex' retrieved from /home/airflow/.local/lib/python3.12/site-packages/airflow/example_dags/example_complex.py
[2024-07-09T01:53:59.992+0000] {logging_mixin.py:188} INFO - [2024-07-09T01:53:59.992+0000] {dag.py:3096} INFO - Sync 1 DAGs
[2024-07-09T01:54:00.019+0000] {logging_mixin.py:188} INFO - [2024-07-09T01:54:00.019+0000] {dag.py:3954} INFO - Setting next_dagrun for example_complex to None, run_after=None
[2024-07-09T01:54:00.062+0000] {processor.py:183} INFO - Processing /home/airflow/.local/lib/python3.12/site-packages/airflow/example_dags/example_complex.py took 0.152 seconds
[2024-07-09T01:54:30.232+0000] {processor.py:161} INFO - Started process (PID=736) to work on /home/airflow/.local/lib/python3.12/site-packages/airflow/example_dags/example_complex.py
[2024-07-09T01:54:30.233+0000] {processor.py:830} INFO - Processing file /home/airflow/.local/lib/python3.12/site-packages/airflow/example_dags/example_complex.py for tasks to queue
[2024-07-09T01:54:30.235+0000] {logging_mixin.py:188} INFO - [2024-07-09T01:54:30.235+0000] {dagbag.py:545} INFO - Filling up the DagBag from /home/airflow/.local/lib/python3.12/site-packages/airflow/example_dags/example_complex.py
[2024-07-09T01:54:30.249+0000] {processor.py:840} INFO - DAG(s) 'example_complex' retrieved from /home/airflow/.local/lib/python3.12/site-packages/airflow/example_dags/example_complex.py
[2024-07-09T01:54:30.296+0000] {logging_mixin.py:188} INFO - [2024-07-09T01:54:30.296+0000] {dag.py:3096} INFO - Sync 1 DAGs
[2024-07-09T01:54:30.314+0000] {logging_mixin.py:188} INFO - [2024-07-09T01:54:30.314+0000] {dag.py:3954} INFO - Setting next_dagrun for example_complex to None, run_after=None
[2024-07-09T01:54:30.355+0000] {processor.py:183} INFO - Processing /home/airflow/.local/lib/python3.12/site-packages/airflow/example_dags/example_complex.py took 0.132 seconds
[2024-07-09T01:55:01.160+0000] {processor.py:161} INFO - Started process (PID=795) to work on /home/airflow/.local/lib/python3.12/site-packages/airflow/example_dags/example_complex.py
[2024-07-09T01:55:01.161+0000] {processor.py:830} INFO - Processing file /home/airflow/.local/lib/python3.12/site-packages/airflow/example_dags/example_complex.py for tasks to queue
[2024-07-09T01:55:01.164+0000] {logging_mixin.py:188} INFO - [2024-07-09T01:55:01.163+0000] {dagbag.py:545} INFO - Filling up the DagBag from /home/airflow/.local/lib/python3.12/site-packages/airflow/example_dags/example_complex.py
[2024-07-09T01:55:01.177+0000] {processor.py:840} INFO - DAG(s) 'example_complex' retrieved from /home/airflow/.local/lib/python3.12/site-packages/airflow/example_dags/example_complex.py
[2024-07-09T01:55:01.223+0000] {logging_mixin.py:188} INFO - [2024-07-09T01:55:01.222+0000] {dag.py:3096} INFO - Sync 1 DAGs
[2024-07-09T01:55:01.239+0000] {logging_mixin.py:188} INFO - [2024-07-09T01:55:01.239+0000] {dag.py:3954} INFO - Setting next_dagrun for example_complex to None, run_after=None
[2024-07-09T01:55:01.282+0000] {processor.py:183} INFO - Processing /home/airflow/.local/lib/python3.12/site-packages/airflow/example_dags/example_complex.py took 0.128 seconds
[2024-07-09T01:55:31.668+0000] {processor.py:161} INFO - Started process (PID=855) to work on /home/airflow/.local/lib/python3.12/site-packages/airflow/example_dags/example_complex.py
[2024-07-09T01:55:31.670+0000] {processor.py:830} INFO - Processing file /home/airflow/.local/lib/python3.12/site-packages/airflow/example_dags/example_complex.py for tasks to queue
[2024-07-09T01:55:31.673+0000] {logging_mixin.py:188} INFO - [2024-07-09T01:55:31.672+0000] {dagbag.py:545} INFO - Filling up the DagBag from /home/airflow/.local/lib/python3.12/site-packages/airflow/example_dags/example_complex.py
[2024-07-09T01:55:31.696+0000] {processor.py:840} INFO - DAG(s) 'example_complex' retrieved from /home/airflow/.local/lib/python3.12/site-packages/airflow/example_dags/example_complex.py
[2024-07-09T01:55:31.758+0000] {logging_mixin.py:188} INFO - [2024-07-09T01:55:31.757+0000] {dag.py:3096} INFO - Sync 1 DAGs
[2024-07-09T01:55:31.784+0000] {logging_mixin.py:188} INFO - [2024-07-09T01:55:31.783+0000] {dag.py:3954} INFO - Setting next_dagrun for example_complex to None, run_after=None
[2024-07-09T01:55:31.816+0000] {processor.py:183} INFO - Processing /home/airflow/.local/lib/python3.12/site-packages/airflow/example_dags/example_complex.py took 0.159 seconds
[2024-07-09T01:56:02.405+0000] {processor.py:161} INFO - Started process (PID=914) to work on /home/airflow/.local/lib/python3.12/site-packages/airflow/example_dags/example_complex.py
[2024-07-09T01:56:02.408+0000] {processor.py:830} INFO - Processing file /home/airflow/.local/lib/python3.12/site-packages/airflow/example_dags/example_complex.py for tasks to queue
[2024-07-09T01:56:02.421+0000] {logging_mixin.py:188} INFO - [2024-07-09T01:56:02.420+0000] {dagbag.py:545} INFO - Filling up the DagBag from /home/airflow/.local/lib/python3.12/site-packages/airflow/example_dags/example_complex.py
[2024-07-09T01:56:02.498+0000] {processor.py:840} INFO - DAG(s) 'example_complex' retrieved from /home/airflow/.local/lib/python3.12/site-packages/airflow/example_dags/example_complex.py
[2024-07-09T01:56:02.658+0000] {logging_mixin.py:188} INFO - [2024-07-09T01:56:02.657+0000] {dag.py:3096} INFO - Sync 1 DAGs
[2024-07-09T01:56:02.733+0000] {logging_mixin.py:188} INFO - [2024-07-09T01:56:02.733+0000] {dag.py:3954} INFO - Setting next_dagrun for example_complex to None, run_after=None
[2024-07-09T01:56:02.836+0000] {processor.py:183} INFO - Processing /home/airflow/.local/lib/python3.12/site-packages/airflow/example_dags/example_complex.py took 0.453 seconds
[2024-07-09T01:56:33.057+0000] {processor.py:161} INFO - Started process (PID=974) to work on /home/airflow/.local/lib/python3.12/site-packages/airflow/example_dags/example_complex.py
[2024-07-09T01:56:33.059+0000] {processor.py:830} INFO - Processing file /home/airflow/.local/lib/python3.12/site-packages/airflow/example_dags/example_complex.py for tasks to queue
[2024-07-09T01:56:33.063+0000] {logging_mixin.py:188} INFO - [2024-07-09T01:56:33.062+0000] {dagbag.py:545} INFO - Filling up the DagBag from /home/airflow/.local/lib/python3.12/site-packages/airflow/example_dags/example_complex.py
[2024-07-09T01:56:33.085+0000] {processor.py:840} INFO - DAG(s) 'example_complex' retrieved from /home/airflow/.local/lib/python3.12/site-packages/airflow/example_dags/example_complex.py
[2024-07-09T01:56:33.152+0000] {logging_mixin.py:188} INFO - [2024-07-09T01:56:33.151+0000] {dag.py:3096} INFO - Sync 1 DAGs
[2024-07-09T01:56:33.171+0000] {logging_mixin.py:188} INFO - [2024-07-09T01:56:33.170+0000] {dag.py:3954} INFO - Setting next_dagrun for example_complex to None, run_after=None
[2024-07-09T01:56:33.250+0000] {processor.py:183} INFO - Processing /home/airflow/.local/lib/python3.12/site-packages/airflow/example_dags/example_complex.py took 0.205 seconds
[2024-07-09T01:57:03.441+0000] {processor.py:161} INFO - Started process (PID=1035) to work on /home/airflow/.local/lib/python3.12/site-packages/airflow/example_dags/example_complex.py
[2024-07-09T01:57:03.442+0000] {processor.py:830} INFO - Processing file /home/airflow/.local/lib/python3.12/site-packages/airflow/example_dags/example_complex.py for tasks to queue
[2024-07-09T01:57:03.445+0000] {logging_mixin.py:188} INFO - [2024-07-09T01:57:03.444+0000] {dagbag.py:545} INFO - Filling up the DagBag from /home/airflow/.local/lib/python3.12/site-packages/airflow/example_dags/example_complex.py
[2024-07-09T01:57:03.460+0000] {processor.py:840} INFO - DAG(s) 'example_complex' retrieved from /home/airflow/.local/lib/python3.12/site-packages/airflow/example_dags/example_complex.py
[2024-07-09T01:57:03.506+0000] {logging_mixin.py:188} INFO - [2024-07-09T01:57:03.506+0000] {dag.py:3096} INFO - Sync 1 DAGs
[2024-07-09T01:57:03.524+0000] {logging_mixin.py:188} INFO - [2024-07-09T01:57:03.524+0000] {dag.py:3954} INFO - Setting next_dagrun for example_complex to None, run_after=None
[2024-07-09T01:57:03.557+0000] {processor.py:183} INFO - Processing /home/airflow/.local/lib/python3.12/site-packages/airflow/example_dags/example_complex.py took 0.124 seconds
[2024-07-09T02:00:22.054+0000] {processor.py:161} INFO - Started process (PID=72) to work on /home/airflow/.local/lib/python3.12/site-packages/airflow/example_dags/example_complex.py
[2024-07-09T02:00:22.055+0000] {processor.py:830} INFO - Processing file /home/airflow/.local/lib/python3.12/site-packages/airflow/example_dags/example_complex.py for tasks to queue
[2024-07-09T02:00:22.058+0000] {logging_mixin.py:188} INFO - [2024-07-09T02:00:22.057+0000] {dagbag.py:545} INFO - Filling up the DagBag from /home/airflow/.local/lib/python3.12/site-packages/airflow/example_dags/example_complex.py
[2024-07-09T02:00:22.079+0000] {processor.py:840} INFO - DAG(s) 'example_complex' retrieved from /home/airflow/.local/lib/python3.12/site-packages/airflow/example_dags/example_complex.py
[2024-07-09T02:00:22.308+0000] {logging_mixin.py:188} INFO - [2024-07-09T02:00:22.307+0000] {override.py:1829} INFO - Created Permission View: can edit on DAG:example_complex
[2024-07-09T02:00:22.328+0000] {logging_mixin.py:188} INFO - [2024-07-09T02:00:22.327+0000] {override.py:1829} INFO - Created Permission View: can read on DAG:example_complex
[2024-07-09T02:00:22.342+0000] {logging_mixin.py:188} INFO - [2024-07-09T02:00:22.341+0000] {override.py:1829} INFO - Created Permission View: can delete on DAG:example_complex
[2024-07-09T02:00:22.343+0000] {logging_mixin.py:188} INFO - [2024-07-09T02:00:22.343+0000] {dag.py:3096} INFO - Sync 1 DAGs
[2024-07-09T02:00:22.369+0000] {logging_mixin.py:188} INFO - [2024-07-09T02:00:22.368+0000] {dag.py:3118} INFO - Creating ORM DAG for example_complex
[2024-07-09T02:00:22.371+0000] {logging_mixin.py:188} INFO - [2024-07-09T02:00:22.370+0000] {dag.py:3954} INFO - Setting next_dagrun for example_complex to None, run_after=None
[2024-07-09T02:00:22.405+0000] {processor.py:183} INFO - Processing /home/airflow/.local/lib/python3.12/site-packages/airflow/example_dags/example_complex.py took 0.360 seconds
[2024-07-09T02:00:52.787+0000] {processor.py:161} INFO - Started process (PID=132) to work on /home/airflow/.local/lib/python3.12/site-packages/airflow/example_dags/example_complex.py
[2024-07-09T02:00:52.788+0000] {processor.py:830} INFO - Processing file /home/airflow/.local/lib/python3.12/site-packages/airflow/example_dags/example_complex.py for tasks to queue
[2024-07-09T02:00:52.791+0000] {logging_mixin.py:188} INFO - [2024-07-09T02:00:52.791+0000] {dagbag.py:545} INFO - Filling up the DagBag from /home/airflow/.local/lib/python3.12/site-packages/airflow/example_dags/example_complex.py
[2024-07-09T02:00:52.811+0000] {processor.py:840} INFO - DAG(s) 'example_complex' retrieved from /home/airflow/.local/lib/python3.12/site-packages/airflow/example_dags/example_complex.py
[2024-07-09T02:00:52.881+0000] {logging_mixin.py:188} INFO - [2024-07-09T02:00:52.880+0000] {dag.py:3096} INFO - Sync 1 DAGs
[2024-07-09T02:00:52.905+0000] {logging_mixin.py:188} INFO - [2024-07-09T02:00:52.905+0000] {dag.py:3954} INFO - Setting next_dagrun for example_complex to None, run_after=None
[2024-07-09T02:00:52.957+0000] {processor.py:183} INFO - Processing /home/airflow/.local/lib/python3.12/site-packages/airflow/example_dags/example_complex.py took 0.180 seconds
[2024-07-09T02:01:24.145+0000] {processor.py:161} INFO - Started process (PID=192) to work on /home/airflow/.local/lib/python3.12/site-packages/airflow/example_dags/example_complex.py
[2024-07-09T02:01:24.147+0000] {processor.py:830} INFO - Processing file /home/airflow/.local/lib/python3.12/site-packages/airflow/example_dags/example_complex.py for tasks to queue
[2024-07-09T02:01:24.153+0000] {logging_mixin.py:188} INFO - [2024-07-09T02:01:24.151+0000] {dagbag.py:545} INFO - Filling up the DagBag from /home/airflow/.local/lib/python3.12/site-packages/airflow/example_dags/example_complex.py
[2024-07-09T02:01:24.191+0000] {processor.py:840} INFO - DAG(s) 'example_complex' retrieved from /home/airflow/.local/lib/python3.12/site-packages/airflow/example_dags/example_complex.py
[2024-07-09T02:01:24.294+0000] {logging_mixin.py:188} INFO - [2024-07-09T02:01:24.294+0000] {dag.py:3096} INFO - Sync 1 DAGs
[2024-07-09T02:01:24.349+0000] {logging_mixin.py:188} INFO - [2024-07-09T02:01:24.348+0000] {dag.py:3954} INFO - Setting next_dagrun for example_complex to None, run_after=None
[2024-07-09T02:01:24.438+0000] {processor.py:183} INFO - Processing /home/airflow/.local/lib/python3.12/site-packages/airflow/example_dags/example_complex.py took 0.311 seconds
[2024-07-09T02:01:56.383+0000] {processor.py:161} INFO - Started process (PID=251) to work on /home/airflow/.local/lib/python3.12/site-packages/airflow/example_dags/example_complex.py
[2024-07-09T02:01:56.386+0000] {processor.py:830} INFO - Processing file /home/airflow/.local/lib/python3.12/site-packages/airflow/example_dags/example_complex.py for tasks to queue
[2024-07-09T02:01:56.392+0000] {logging_mixin.py:188} INFO - [2024-07-09T02:01:56.391+0000] {dagbag.py:545} INFO - Filling up the DagBag from /home/airflow/.local/lib/python3.12/site-packages/airflow/example_dags/example_complex.py
[2024-07-09T02:01:56.435+0000] {processor.py:840} INFO - DAG(s) 'example_complex' retrieved from /home/airflow/.local/lib/python3.12/site-packages/airflow/example_dags/example_complex.py
[2024-07-09T02:01:56.583+0000] {logging_mixin.py:188} INFO - [2024-07-09T02:01:56.583+0000] {dag.py:3096} INFO - Sync 1 DAGs
[2024-07-09T02:01:56.615+0000] {logging_mixin.py:188} INFO - [2024-07-09T02:01:56.614+0000] {dag.py:3954} INFO - Setting next_dagrun for example_complex to None, run_after=None
[2024-07-09T02:01:56.731+0000] {processor.py:183} INFO - Processing /home/airflow/.local/lib/python3.12/site-packages/airflow/example_dags/example_complex.py took 0.364 seconds
[2024-07-09T02:03:45.903+0000] {processor.py:161} INFO - Started process (PID=74) to work on /home/airflow/.local/lib/python3.12/site-packages/airflow/example_dags/example_complex.py
[2024-07-09T02:03:45.905+0000] {processor.py:830} INFO - Processing file /home/airflow/.local/lib/python3.12/site-packages/airflow/example_dags/example_complex.py for tasks to queue
[2024-07-09T02:03:45.909+0000] {logging_mixin.py:188} INFO - [2024-07-09T02:03:45.908+0000] {dagbag.py:545} INFO - Filling up the DagBag from /home/airflow/.local/lib/python3.12/site-packages/airflow/example_dags/example_complex.py
[2024-07-09T02:03:45.930+0000] {processor.py:840} INFO - DAG(s) 'example_complex' retrieved from /home/airflow/.local/lib/python3.12/site-packages/airflow/example_dags/example_complex.py
[2024-07-09T02:03:46.171+0000] {logging_mixin.py:188} INFO - [2024-07-09T02:03:46.170+0000] {dag.py:3096} INFO - Sync 1 DAGs
[2024-07-09T02:03:46.200+0000] {logging_mixin.py:188} INFO - [2024-07-09T02:03:46.199+0000] {dag.py:3954} INFO - Setting next_dagrun for example_complex to None, run_after=None
[2024-07-09T02:03:46.252+0000] {processor.py:183} INFO - Processing /home/airflow/.local/lib/python3.12/site-packages/airflow/example_dags/example_complex.py took 0.360 seconds
[2024-07-09T02:04:16.656+0000] {processor.py:161} INFO - Started process (PID=134) to work on /home/airflow/.local/lib/python3.12/site-packages/airflow/example_dags/example_complex.py
[2024-07-09T02:04:16.657+0000] {processor.py:830} INFO - Processing file /home/airflow/.local/lib/python3.12/site-packages/airflow/example_dags/example_complex.py for tasks to queue
[2024-07-09T02:04:16.661+0000] {logging_mixin.py:188} INFO - [2024-07-09T02:04:16.660+0000] {dagbag.py:545} INFO - Filling up the DagBag from /home/airflow/.local/lib/python3.12/site-packages/airflow/example_dags/example_complex.py
[2024-07-09T02:04:16.682+0000] {processor.py:840} INFO - DAG(s) 'example_complex' retrieved from /home/airflow/.local/lib/python3.12/site-packages/airflow/example_dags/example_complex.py
[2024-07-09T02:04:16.744+0000] {logging_mixin.py:188} INFO - [2024-07-09T02:04:16.744+0000] {dag.py:3096} INFO - Sync 1 DAGs
[2024-07-09T02:04:16.765+0000] {logging_mixin.py:188} INFO - [2024-07-09T02:04:16.765+0000] {dag.py:3954} INFO - Setting next_dagrun for example_complex to None, run_after=None
[2024-07-09T02:04:16.802+0000] {processor.py:183} INFO - Processing /home/airflow/.local/lib/python3.12/site-packages/airflow/example_dags/example_complex.py took 0.159 seconds
[2024-07-09T02:04:47.184+0000] {processor.py:161} INFO - Started process (PID=194) to work on /home/airflow/.local/lib/python3.12/site-packages/airflow/example_dags/example_complex.py
[2024-07-09T02:04:47.186+0000] {processor.py:830} INFO - Processing file /home/airflow/.local/lib/python3.12/site-packages/airflow/example_dags/example_complex.py for tasks to queue
[2024-07-09T02:04:47.191+0000] {logging_mixin.py:188} INFO - [2024-07-09T02:04:47.190+0000] {dagbag.py:545} INFO - Filling up the DagBag from /home/airflow/.local/lib/python3.12/site-packages/airflow/example_dags/example_complex.py
[2024-07-09T02:04:47.232+0000] {processor.py:840} INFO - DAG(s) 'example_complex' retrieved from /home/airflow/.local/lib/python3.12/site-packages/airflow/example_dags/example_complex.py
[2024-07-09T02:04:47.382+0000] {logging_mixin.py:188} INFO - [2024-07-09T02:04:47.381+0000] {dag.py:3096} INFO - Sync 1 DAGs
[2024-07-09T02:04:47.438+0000] {logging_mixin.py:188} INFO - [2024-07-09T02:04:47.437+0000] {dag.py:3954} INFO - Setting next_dagrun for example_complex to None, run_after=None
[2024-07-09T02:04:47.561+0000] {processor.py:183} INFO - Processing /home/airflow/.local/lib/python3.12/site-packages/airflow/example_dags/example_complex.py took 0.391 seconds
[2024-07-09T02:05:18.459+0000] {processor.py:161} INFO - Started process (PID=255) to work on /home/airflow/.local/lib/python3.12/site-packages/airflow/example_dags/example_complex.py
[2024-07-09T02:05:18.461+0000] {processor.py:830} INFO - Processing file /home/airflow/.local/lib/python3.12/site-packages/airflow/example_dags/example_complex.py for tasks to queue
[2024-07-09T02:05:18.464+0000] {logging_mixin.py:188} INFO - [2024-07-09T02:05:18.464+0000] {dagbag.py:545} INFO - Filling up the DagBag from /home/airflow/.local/lib/python3.12/site-packages/airflow/example_dags/example_complex.py
[2024-07-09T02:05:18.485+0000] {processor.py:840} INFO - DAG(s) 'example_complex' retrieved from /home/airflow/.local/lib/python3.12/site-packages/airflow/example_dags/example_complex.py
[2024-07-09T02:05:18.542+0000] {logging_mixin.py:188} INFO - [2024-07-09T02:05:18.542+0000] {dag.py:3096} INFO - Sync 1 DAGs
[2024-07-09T02:05:18.561+0000] {logging_mixin.py:188} INFO - [2024-07-09T02:05:18.561+0000] {dag.py:3954} INFO - Setting next_dagrun for example_complex to None, run_after=None
[2024-07-09T02:05:18.595+0000] {processor.py:183} INFO - Processing /home/airflow/.local/lib/python3.12/site-packages/airflow/example_dags/example_complex.py took 0.158 seconds
[2024-07-09T02:05:48.691+0000] {processor.py:161} INFO - Started process (PID=315) to work on /home/airflow/.local/lib/python3.12/site-packages/airflow/example_dags/example_complex.py
[2024-07-09T02:05:48.693+0000] {processor.py:830} INFO - Processing file /home/airflow/.local/lib/python3.12/site-packages/airflow/example_dags/example_complex.py for tasks to queue
[2024-07-09T02:05:48.696+0000] {logging_mixin.py:188} INFO - [2024-07-09T02:05:48.695+0000] {dagbag.py:545} INFO - Filling up the DagBag from /home/airflow/.local/lib/python3.12/site-packages/airflow/example_dags/example_complex.py
[2024-07-09T02:05:48.711+0000] {processor.py:840} INFO - DAG(s) 'example_complex' retrieved from /home/airflow/.local/lib/python3.12/site-packages/airflow/example_dags/example_complex.py
[2024-07-09T02:05:48.765+0000] {logging_mixin.py:188} INFO - [2024-07-09T02:05:48.765+0000] {dag.py:3096} INFO - Sync 1 DAGs
[2024-07-09T02:05:48.782+0000] {logging_mixin.py:188} INFO - [2024-07-09T02:05:48.781+0000] {dag.py:3954} INFO - Setting next_dagrun for example_complex to None, run_after=None
[2024-07-09T02:05:48.816+0000] {processor.py:183} INFO - Processing /home/airflow/.local/lib/python3.12/site-packages/airflow/example_dags/example_complex.py took 0.133 seconds
[2024-07-09T02:06:18.982+0000] {processor.py:161} INFO - Started process (PID=376) to work on /home/airflow/.local/lib/python3.12/site-packages/airflow/example_dags/example_complex.py
[2024-07-09T02:06:18.983+0000] {processor.py:830} INFO - Processing file /home/airflow/.local/lib/python3.12/site-packages/airflow/example_dags/example_complex.py for tasks to queue
[2024-07-09T02:06:18.985+0000] {logging_mixin.py:188} INFO - [2024-07-09T02:06:18.985+0000] {dagbag.py:545} INFO - Filling up the DagBag from /home/airflow/.local/lib/python3.12/site-packages/airflow/example_dags/example_complex.py
[2024-07-09T02:06:18.999+0000] {processor.py:840} INFO - DAG(s) 'example_complex' retrieved from /home/airflow/.local/lib/python3.12/site-packages/airflow/example_dags/example_complex.py
[2024-07-09T02:06:19.056+0000] {logging_mixin.py:188} INFO - [2024-07-09T02:06:19.056+0000] {dag.py:3096} INFO - Sync 1 DAGs
[2024-07-09T02:06:19.097+0000] {logging_mixin.py:188} INFO - [2024-07-09T02:06:19.097+0000] {dag.py:3954} INFO - Setting next_dagrun for example_complex to None, run_after=None
[2024-07-09T02:06:19.149+0000] {processor.py:183} INFO - Processing /home/airflow/.local/lib/python3.12/site-packages/airflow/example_dags/example_complex.py took 0.173 seconds
[2024-07-09T02:06:49.218+0000] {processor.py:161} INFO - Started process (PID=438) to work on /home/airflow/.local/lib/python3.12/site-packages/airflow/example_dags/example_complex.py
[2024-07-09T02:06:49.219+0000] {processor.py:830} INFO - Processing file /home/airflow/.local/lib/python3.12/site-packages/airflow/example_dags/example_complex.py for tasks to queue
[2024-07-09T02:06:49.222+0000] {logging_mixin.py:188} INFO - [2024-07-09T02:06:49.221+0000] {dagbag.py:545} INFO - Filling up the DagBag from /home/airflow/.local/lib/python3.12/site-packages/airflow/example_dags/example_complex.py
[2024-07-09T02:06:49.238+0000] {processor.py:840} INFO - DAG(s) 'example_complex' retrieved from /home/airflow/.local/lib/python3.12/site-packages/airflow/example_dags/example_complex.py
[2024-07-09T02:06:49.282+0000] {logging_mixin.py:188} INFO - [2024-07-09T02:06:49.281+0000] {dag.py:3096} INFO - Sync 1 DAGs
[2024-07-09T02:06:49.332+0000] {logging_mixin.py:188} INFO - [2024-07-09T02:06:49.331+0000] {dag.py:3954} INFO - Setting next_dagrun for example_complex to None, run_after=None
[2024-07-09T02:06:49.366+0000] {processor.py:183} INFO - Processing /home/airflow/.local/lib/python3.12/site-packages/airflow/example_dags/example_complex.py took 0.155 seconds
[2024-07-09T02:07:19.735+0000] {processor.py:161} INFO - Started process (PID=498) to work on /home/airflow/.local/lib/python3.12/site-packages/airflow/example_dags/example_complex.py
[2024-07-09T02:07:19.736+0000] {processor.py:830} INFO - Processing file /home/airflow/.local/lib/python3.12/site-packages/airflow/example_dags/example_complex.py for tasks to queue
[2024-07-09T02:07:19.738+0000] {logging_mixin.py:188} INFO - [2024-07-09T02:07:19.738+0000] {dagbag.py:545} INFO - Filling up the DagBag from /home/airflow/.local/lib/python3.12/site-packages/airflow/example_dags/example_complex.py
[2024-07-09T02:07:19.751+0000] {processor.py:840} INFO - DAG(s) 'example_complex' retrieved from /home/airflow/.local/lib/python3.12/site-packages/airflow/example_dags/example_complex.py
[2024-07-09T02:07:19.810+0000] {logging_mixin.py:188} INFO - [2024-07-09T02:07:19.810+0000] {dag.py:3096} INFO - Sync 1 DAGs
[2024-07-09T02:07:19.828+0000] {logging_mixin.py:188} INFO - [2024-07-09T02:07:19.828+0000] {dag.py:3954} INFO - Setting next_dagrun for example_complex to None, run_after=None
[2024-07-09T02:07:19.858+0000] {processor.py:183} INFO - Processing /home/airflow/.local/lib/python3.12/site-packages/airflow/example_dags/example_complex.py took 0.129 seconds
[2024-07-09T02:07:50.142+0000] {processor.py:161} INFO - Started process (PID=558) to work on /home/airflow/.local/lib/python3.12/site-packages/airflow/example_dags/example_complex.py
[2024-07-09T02:07:50.143+0000] {processor.py:830} INFO - Processing file /home/airflow/.local/lib/python3.12/site-packages/airflow/example_dags/example_complex.py for tasks to queue
[2024-07-09T02:07:50.146+0000] {logging_mixin.py:188} INFO - [2024-07-09T02:07:50.145+0000] {dagbag.py:545} INFO - Filling up the DagBag from /home/airflow/.local/lib/python3.12/site-packages/airflow/example_dags/example_complex.py
[2024-07-09T02:07:50.162+0000] {processor.py:840} INFO - DAG(s) 'example_complex' retrieved from /home/airflow/.local/lib/python3.12/site-packages/airflow/example_dags/example_complex.py
[2024-07-09T02:07:50.209+0000] {logging_mixin.py:188} INFO - [2024-07-09T02:07:50.209+0000] {dag.py:3096} INFO - Sync 1 DAGs
[2024-07-09T02:07:50.226+0000] {logging_mixin.py:188} INFO - [2024-07-09T02:07:50.225+0000] {dag.py:3954} INFO - Setting next_dagrun for example_complex to None, run_after=None
[2024-07-09T02:07:50.253+0000] {processor.py:183} INFO - Processing /home/airflow/.local/lib/python3.12/site-packages/airflow/example_dags/example_complex.py took 0.119 seconds
[2024-07-09T02:08:20.795+0000] {processor.py:161} INFO - Started process (PID=619) to work on /home/airflow/.local/lib/python3.12/site-packages/airflow/example_dags/example_complex.py
[2024-07-09T02:08:20.797+0000] {processor.py:830} INFO - Processing file /home/airflow/.local/lib/python3.12/site-packages/airflow/example_dags/example_complex.py for tasks to queue
[2024-07-09T02:08:20.800+0000] {logging_mixin.py:188} INFO - [2024-07-09T02:08:20.799+0000] {dagbag.py:545} INFO - Filling up the DagBag from /home/airflow/.local/lib/python3.12/site-packages/airflow/example_dags/example_complex.py
[2024-07-09T02:08:20.818+0000] {processor.py:840} INFO - DAG(s) 'example_complex' retrieved from /home/airflow/.local/lib/python3.12/site-packages/airflow/example_dags/example_complex.py
[2024-07-09T02:08:20.867+0000] {logging_mixin.py:188} INFO - [2024-07-09T02:08:20.867+0000] {dag.py:3096} INFO - Sync 1 DAGs
[2024-07-09T02:08:20.883+0000] {logging_mixin.py:188} INFO - [2024-07-09T02:08:20.883+0000] {dag.py:3954} INFO - Setting next_dagrun for example_complex to None, run_after=None
[2024-07-09T02:08:20.925+0000] {processor.py:183} INFO - Processing /home/airflow/.local/lib/python3.12/site-packages/airflow/example_dags/example_complex.py took 0.145 seconds
[2024-07-09T02:08:51.532+0000] {processor.py:161} INFO - Started process (PID=678) to work on /home/airflow/.local/lib/python3.12/site-packages/airflow/example_dags/example_complex.py
[2024-07-09T02:08:51.533+0000] {processor.py:830} INFO - Processing file /home/airflow/.local/lib/python3.12/site-packages/airflow/example_dags/example_complex.py for tasks to queue
[2024-07-09T02:08:51.535+0000] {logging_mixin.py:188} INFO - [2024-07-09T02:08:51.535+0000] {dagbag.py:545} INFO - Filling up the DagBag from /home/airflow/.local/lib/python3.12/site-packages/airflow/example_dags/example_complex.py
[2024-07-09T02:08:51.547+0000] {processor.py:840} INFO - DAG(s) 'example_complex' retrieved from /home/airflow/.local/lib/python3.12/site-packages/airflow/example_dags/example_complex.py
[2024-07-09T02:08:51.587+0000] {logging_mixin.py:188} INFO - [2024-07-09T02:08:51.586+0000] {dag.py:3096} INFO - Sync 1 DAGs
[2024-07-09T02:08:51.616+0000] {logging_mixin.py:188} INFO - [2024-07-09T02:08:51.616+0000] {dag.py:3954} INFO - Setting next_dagrun for example_complex to None, run_after=None
[2024-07-09T02:08:51.643+0000] {processor.py:183} INFO - Processing /home/airflow/.local/lib/python3.12/site-packages/airflow/example_dags/example_complex.py took 0.117 seconds
[2024-07-09T02:12:22.499+0000] {processor.py:161} INFO - Started process (PID=73) to work on /home/airflow/.local/lib/python3.12/site-packages/airflow/example_dags/example_complex.py
[2024-07-09T02:12:22.500+0000] {processor.py:830} INFO - Processing file /home/airflow/.local/lib/python3.12/site-packages/airflow/example_dags/example_complex.py for tasks to queue
[2024-07-09T02:12:22.503+0000] {logging_mixin.py:188} INFO - [2024-07-09T02:12:22.503+0000] {dagbag.py:545} INFO - Filling up the DagBag from /home/airflow/.local/lib/python3.12/site-packages/airflow/example_dags/example_complex.py
[2024-07-09T02:12:22.532+0000] {processor.py:840} INFO - DAG(s) 'example_complex' retrieved from /home/airflow/.local/lib/python3.12/site-packages/airflow/example_dags/example_complex.py
[2024-07-09T02:12:22.786+0000] {logging_mixin.py:188} INFO - [2024-07-09T02:12:22.786+0000] {override.py:1829} INFO - Created Permission View: can edit on DAG:example_complex
[2024-07-09T02:12:22.803+0000] {logging_mixin.py:188} INFO - [2024-07-09T02:12:22.802+0000] {override.py:1829} INFO - Created Permission View: can delete on DAG:example_complex
[2024-07-09T02:12:22.816+0000] {logging_mixin.py:188} INFO - [2024-07-09T02:12:22.815+0000] {override.py:1829} INFO - Created Permission View: can read on DAG:example_complex
[2024-07-09T02:12:22.817+0000] {logging_mixin.py:188} INFO - [2024-07-09T02:12:22.816+0000] {dag.py:3096} INFO - Sync 1 DAGs
[2024-07-09T02:12:22.847+0000] {logging_mixin.py:188} INFO - [2024-07-09T02:12:22.846+0000] {dag.py:3118} INFO - Creating ORM DAG for example_complex
[2024-07-09T02:12:22.849+0000] {logging_mixin.py:188} INFO - [2024-07-09T02:12:22.848+0000] {dag.py:3954} INFO - Setting next_dagrun for example_complex to None, run_after=None
[2024-07-09T02:12:22.877+0000] {processor.py:183} INFO - Processing /home/airflow/.local/lib/python3.12/site-packages/airflow/example_dags/example_complex.py took 0.387 seconds
[2024-07-09T02:12:53.812+0000] {processor.py:161} INFO - Started process (PID=133) to work on /home/airflow/.local/lib/python3.12/site-packages/airflow/example_dags/example_complex.py
[2024-07-09T02:12:53.813+0000] {processor.py:830} INFO - Processing file /home/airflow/.local/lib/python3.12/site-packages/airflow/example_dags/example_complex.py for tasks to queue
[2024-07-09T02:12:53.816+0000] {logging_mixin.py:188} INFO - [2024-07-09T02:12:53.815+0000] {dagbag.py:545} INFO - Filling up the DagBag from /home/airflow/.local/lib/python3.12/site-packages/airflow/example_dags/example_complex.py
[2024-07-09T02:12:53.830+0000] {processor.py:840} INFO - DAG(s) 'example_complex' retrieved from /home/airflow/.local/lib/python3.12/site-packages/airflow/example_dags/example_complex.py
[2024-07-09T02:12:53.875+0000] {logging_mixin.py:188} INFO - [2024-07-09T02:12:53.874+0000] {dag.py:3096} INFO - Sync 1 DAGs
[2024-07-09T02:12:53.914+0000] {logging_mixin.py:188} INFO - [2024-07-09T02:12:53.914+0000] {dag.py:3954} INFO - Setting next_dagrun for example_complex to None, run_after=None
[2024-07-09T02:12:53.943+0000] {processor.py:183} INFO - Processing /home/airflow/.local/lib/python3.12/site-packages/airflow/example_dags/example_complex.py took 0.137 seconds
[2024-07-09T02:13:24.693+0000] {processor.py:161} INFO - Started process (PID=193) to work on /home/airflow/.local/lib/python3.12/site-packages/airflow/example_dags/example_complex.py
[2024-07-09T02:13:24.694+0000] {processor.py:830} INFO - Processing file /home/airflow/.local/lib/python3.12/site-packages/airflow/example_dags/example_complex.py for tasks to queue
[2024-07-09T02:13:24.696+0000] {logging_mixin.py:188} INFO - [2024-07-09T02:13:24.696+0000] {dagbag.py:545} INFO - Filling up the DagBag from /home/airflow/.local/lib/python3.12/site-packages/airflow/example_dags/example_complex.py
[2024-07-09T02:13:24.708+0000] {processor.py:840} INFO - DAG(s) 'example_complex' retrieved from /home/airflow/.local/lib/python3.12/site-packages/airflow/example_dags/example_complex.py
[2024-07-09T02:13:24.754+0000] {logging_mixin.py:188} INFO - [2024-07-09T02:13:24.753+0000] {dag.py:3096} INFO - Sync 1 DAGs
[2024-07-09T02:13:24.775+0000] {logging_mixin.py:188} INFO - [2024-07-09T02:13:24.775+0000] {dag.py:3954} INFO - Setting next_dagrun for example_complex to None, run_after=None
[2024-07-09T02:13:24.809+0000] {processor.py:183} INFO - Processing /home/airflow/.local/lib/python3.12/site-packages/airflow/example_dags/example_complex.py took 0.122 seconds
[2024-07-09T02:13:55.079+0000] {processor.py:161} INFO - Started process (PID=253) to work on /home/airflow/.local/lib/python3.12/site-packages/airflow/example_dags/example_complex.py
[2024-07-09T02:13:55.081+0000] {processor.py:830} INFO - Processing file /home/airflow/.local/lib/python3.12/site-packages/airflow/example_dags/example_complex.py for tasks to queue
[2024-07-09T02:13:55.086+0000] {logging_mixin.py:188} INFO - [2024-07-09T02:13:55.085+0000] {dagbag.py:545} INFO - Filling up the DagBag from /home/airflow/.local/lib/python3.12/site-packages/airflow/example_dags/example_complex.py
[2024-07-09T02:13:55.117+0000] {processor.py:840} INFO - DAG(s) 'example_complex' retrieved from /home/airflow/.local/lib/python3.12/site-packages/airflow/example_dags/example_complex.py
[2024-07-09T02:13:55.216+0000] {logging_mixin.py:188} INFO - [2024-07-09T02:13:55.216+0000] {dag.py:3096} INFO - Sync 1 DAGs
[2024-07-09T02:13:55.281+0000] {logging_mixin.py:188} INFO - [2024-07-09T02:13:55.280+0000] {dag.py:3954} INFO - Setting next_dagrun for example_complex to None, run_after=None
[2024-07-09T02:13:55.332+0000] {processor.py:183} INFO - Processing /home/airflow/.local/lib/python3.12/site-packages/airflow/example_dags/example_complex.py took 0.267 seconds
[2024-07-09T02:14:25.814+0000] {processor.py:161} INFO - Started process (PID=313) to work on /home/airflow/.local/lib/python3.12/site-packages/airflow/example_dags/example_complex.py
[2024-07-09T02:14:25.817+0000] {processor.py:830} INFO - Processing file /home/airflow/.local/lib/python3.12/site-packages/airflow/example_dags/example_complex.py for tasks to queue
[2024-07-09T02:14:25.823+0000] {logging_mixin.py:188} INFO - [2024-07-09T02:14:25.822+0000] {dagbag.py:545} INFO - Filling up the DagBag from /home/airflow/.local/lib/python3.12/site-packages/airflow/example_dags/example_complex.py
[2024-07-09T02:14:25.866+0000] {processor.py:840} INFO - DAG(s) 'example_complex' retrieved from /home/airflow/.local/lib/python3.12/site-packages/airflow/example_dags/example_complex.py
[2024-07-09T02:14:25.995+0000] {logging_mixin.py:188} INFO - [2024-07-09T02:14:25.994+0000] {dag.py:3096} INFO - Sync 1 DAGs
[2024-07-09T02:14:26.033+0000] {logging_mixin.py:188} INFO - [2024-07-09T02:14:26.033+0000] {dag.py:3954} INFO - Setting next_dagrun for example_complex to None, run_after=None
[2024-07-09T02:14:26.087+0000] {processor.py:183} INFO - Processing /home/airflow/.local/lib/python3.12/site-packages/airflow/example_dags/example_complex.py took 0.290 seconds
[2024-07-09T02:17:06.733+0000] {processor.py:161} INFO - Started process (PID=73) to work on /home/airflow/.local/lib/python3.12/site-packages/airflow/example_dags/example_complex.py
[2024-07-09T02:17:06.735+0000] {processor.py:830} INFO - Processing file /home/airflow/.local/lib/python3.12/site-packages/airflow/example_dags/example_complex.py for tasks to queue
[2024-07-09T02:17:06.739+0000] {logging_mixin.py:188} INFO - [2024-07-09T02:17:06.738+0000] {dagbag.py:545} INFO - Filling up the DagBag from /home/airflow/.local/lib/python3.12/site-packages/airflow/example_dags/example_complex.py
[2024-07-09T02:17:06.770+0000] {processor.py:840} INFO - DAG(s) 'example_complex' retrieved from /home/airflow/.local/lib/python3.12/site-packages/airflow/example_dags/example_complex.py
[2024-07-09T02:17:07.077+0000] {logging_mixin.py:188} INFO - [2024-07-09T02:17:07.077+0000] {dag.py:3096} INFO - Sync 1 DAGs
[2024-07-09T02:17:07.105+0000] {logging_mixin.py:188} INFO - [2024-07-09T02:17:07.104+0000] {dag.py:3954} INFO - Setting next_dagrun for example_complex to None, run_after=None
[2024-07-09T02:17:07.148+0000] {processor.py:183} INFO - Processing /home/airflow/.local/lib/python3.12/site-packages/airflow/example_dags/example_complex.py took 0.429 seconds
[2024-07-09T02:17:38.041+0000] {processor.py:161} INFO - Started process (PID=133) to work on /home/airflow/.local/lib/python3.12/site-packages/airflow/example_dags/example_complex.py
[2024-07-09T02:17:38.042+0000] {processor.py:830} INFO - Processing file /home/airflow/.local/lib/python3.12/site-packages/airflow/example_dags/example_complex.py for tasks to queue
[2024-07-09T02:17:38.045+0000] {logging_mixin.py:188} INFO - [2024-07-09T02:17:38.044+0000] {dagbag.py:545} INFO - Filling up the DagBag from /home/airflow/.local/lib/python3.12/site-packages/airflow/example_dags/example_complex.py
[2024-07-09T02:17:38.058+0000] {processor.py:840} INFO - DAG(s) 'example_complex' retrieved from /home/airflow/.local/lib/python3.12/site-packages/airflow/example_dags/example_complex.py
[2024-07-09T02:17:38.104+0000] {logging_mixin.py:188} INFO - [2024-07-09T02:17:38.104+0000] {dag.py:3096} INFO - Sync 1 DAGs
[2024-07-09T02:17:38.122+0000] {logging_mixin.py:188} INFO - [2024-07-09T02:17:38.122+0000] {dag.py:3954} INFO - Setting next_dagrun for example_complex to None, run_after=None
[2024-07-09T02:17:38.150+0000] {processor.py:183} INFO - Processing /home/airflow/.local/lib/python3.12/site-packages/airflow/example_dags/example_complex.py took 0.117 seconds
[2024-07-09T02:18:08.851+0000] {processor.py:161} INFO - Started process (PID=194) to work on /home/airflow/.local/lib/python3.12/site-packages/airflow/example_dags/example_complex.py
[2024-07-09T02:18:08.853+0000] {processor.py:830} INFO - Processing file /home/airflow/.local/lib/python3.12/site-packages/airflow/example_dags/example_complex.py for tasks to queue
[2024-07-09T02:18:08.855+0000] {logging_mixin.py:188} INFO - [2024-07-09T02:18:08.855+0000] {dagbag.py:545} INFO - Filling up the DagBag from /home/airflow/.local/lib/python3.12/site-packages/airflow/example_dags/example_complex.py
[2024-07-09T02:18:08.868+0000] {processor.py:840} INFO - DAG(s) 'example_complex' retrieved from /home/airflow/.local/lib/python3.12/site-packages/airflow/example_dags/example_complex.py
[2024-07-09T02:18:08.914+0000] {logging_mixin.py:188} INFO - [2024-07-09T02:18:08.914+0000] {dag.py:3096} INFO - Sync 1 DAGs
[2024-07-09T02:18:08.929+0000] {logging_mixin.py:188} INFO - [2024-07-09T02:18:08.929+0000] {dag.py:3954} INFO - Setting next_dagrun for example_complex to None, run_after=None
[2024-07-09T02:18:08.959+0000] {processor.py:183} INFO - Processing /home/airflow/.local/lib/python3.12/site-packages/airflow/example_dags/example_complex.py took 0.113 seconds
[2024-07-09T02:18:39.418+0000] {processor.py:161} INFO - Started process (PID=254) to work on /home/airflow/.local/lib/python3.12/site-packages/airflow/example_dags/example_complex.py
[2024-07-09T02:18:39.420+0000] {processor.py:830} INFO - Processing file /home/airflow/.local/lib/python3.12/site-packages/airflow/example_dags/example_complex.py for tasks to queue
[2024-07-09T02:18:39.422+0000] {logging_mixin.py:188} INFO - [2024-07-09T02:18:39.421+0000] {dagbag.py:545} INFO - Filling up the DagBag from /home/airflow/.local/lib/python3.12/site-packages/airflow/example_dags/example_complex.py
[2024-07-09T02:18:39.433+0000] {processor.py:840} INFO - DAG(s) 'example_complex' retrieved from /home/airflow/.local/lib/python3.12/site-packages/airflow/example_dags/example_complex.py
[2024-07-09T02:18:39.478+0000] {logging_mixin.py:188} INFO - [2024-07-09T02:18:39.478+0000] {dag.py:3096} INFO - Sync 1 DAGs
[2024-07-09T02:18:39.493+0000] {logging_mixin.py:188} INFO - [2024-07-09T02:18:39.493+0000] {dag.py:3954} INFO - Setting next_dagrun for example_complex to None, run_after=None
[2024-07-09T02:18:39.519+0000] {processor.py:183} INFO - Processing /home/airflow/.local/lib/python3.12/site-packages/airflow/example_dags/example_complex.py took 0.107 seconds
[2024-07-09T02:19:10.227+0000] {processor.py:161} INFO - Started process (PID=314) to work on /home/airflow/.local/lib/python3.12/site-packages/airflow/example_dags/example_complex.py
[2024-07-09T02:19:10.229+0000] {processor.py:830} INFO - Processing file /home/airflow/.local/lib/python3.12/site-packages/airflow/example_dags/example_complex.py for tasks to queue
[2024-07-09T02:19:10.233+0000] {logging_mixin.py:188} INFO - [2024-07-09T02:19:10.232+0000] {dagbag.py:545} INFO - Filling up the DagBag from /home/airflow/.local/lib/python3.12/site-packages/airflow/example_dags/example_complex.py
[2024-07-09T02:19:10.255+0000] {processor.py:840} INFO - DAG(s) 'example_complex' retrieved from /home/airflow/.local/lib/python3.12/site-packages/airflow/example_dags/example_complex.py
[2024-07-09T02:19:10.325+0000] {logging_mixin.py:188} INFO - [2024-07-09T02:19:10.325+0000] {dag.py:3096} INFO - Sync 1 DAGs
[2024-07-09T02:19:10.350+0000] {logging_mixin.py:188} INFO - [2024-07-09T02:19:10.350+0000] {dag.py:3954} INFO - Setting next_dagrun for example_complex to None, run_after=None
[2024-07-09T02:19:10.393+0000] {processor.py:183} INFO - Processing /home/airflow/.local/lib/python3.12/site-packages/airflow/example_dags/example_complex.py took 0.183 seconds
[2024-07-09T02:19:41.206+0000] {processor.py:161} INFO - Started process (PID=374) to work on /home/airflow/.local/lib/python3.12/site-packages/airflow/example_dags/example_complex.py
[2024-07-09T02:19:41.208+0000] {processor.py:830} INFO - Processing file /home/airflow/.local/lib/python3.12/site-packages/airflow/example_dags/example_complex.py for tasks to queue
[2024-07-09T02:19:41.211+0000] {logging_mixin.py:188} INFO - [2024-07-09T02:19:41.210+0000] {dagbag.py:545} INFO - Filling up the DagBag from /home/airflow/.local/lib/python3.12/site-packages/airflow/example_dags/example_complex.py
[2024-07-09T02:19:41.239+0000] {processor.py:840} INFO - DAG(s) 'example_complex' retrieved from /home/airflow/.local/lib/python3.12/site-packages/airflow/example_dags/example_complex.py
[2024-07-09T02:19:41.349+0000] {logging_mixin.py:188} INFO - [2024-07-09T02:19:41.349+0000] {dag.py:3096} INFO - Sync 1 DAGs
[2024-07-09T02:19:41.380+0000] {logging_mixin.py:188} INFO - [2024-07-09T02:19:41.380+0000] {dag.py:3954} INFO - Setting next_dagrun for example_complex to None, run_after=None
[2024-07-09T02:19:41.470+0000] {processor.py:183} INFO - Processing /home/airflow/.local/lib/python3.12/site-packages/airflow/example_dags/example_complex.py took 0.275 seconds
[2024-07-09T02:20:13.014+0000] {processor.py:161} INFO - Started process (PID=435) to work on /home/airflow/.local/lib/python3.12/site-packages/airflow/example_dags/example_complex.py
[2024-07-09T02:20:13.016+0000] {processor.py:830} INFO - Processing file /home/airflow/.local/lib/python3.12/site-packages/airflow/example_dags/example_complex.py for tasks to queue
[2024-07-09T02:20:13.022+0000] {logging_mixin.py:188} INFO - [2024-07-09T02:20:13.022+0000] {dagbag.py:545} INFO - Filling up the DagBag from /home/airflow/.local/lib/python3.12/site-packages/airflow/example_dags/example_complex.py
[2024-07-09T02:20:13.065+0000] {processor.py:840} INFO - DAG(s) 'example_complex' retrieved from /home/airflow/.local/lib/python3.12/site-packages/airflow/example_dags/example_complex.py
[2024-07-09T02:20:13.230+0000] {logging_mixin.py:188} INFO - [2024-07-09T02:20:13.229+0000] {dag.py:3096} INFO - Sync 1 DAGs
[2024-07-09T02:20:13.294+0000] {logging_mixin.py:188} INFO - [2024-07-09T02:20:13.293+0000] {dag.py:3954} INFO - Setting next_dagrun for example_complex to None, run_after=None
[2024-07-09T02:20:13.343+0000] {processor.py:183} INFO - Processing /home/airflow/.local/lib/python3.12/site-packages/airflow/example_dags/example_complex.py took 0.347 seconds
[2024-07-09T02:20:44.568+0000] {processor.py:161} INFO - Started process (PID=495) to work on /home/airflow/.local/lib/python3.12/site-packages/airflow/example_dags/example_complex.py
[2024-07-09T02:20:44.570+0000] {processor.py:830} INFO - Processing file /home/airflow/.local/lib/python3.12/site-packages/airflow/example_dags/example_complex.py for tasks to queue
[2024-07-09T02:20:44.575+0000] {logging_mixin.py:188} INFO - [2024-07-09T02:20:44.574+0000] {dagbag.py:545} INFO - Filling up the DagBag from /home/airflow/.local/lib/python3.12/site-packages/airflow/example_dags/example_complex.py
[2024-07-09T02:20:44.623+0000] {processor.py:840} INFO - DAG(s) 'example_complex' retrieved from /home/airflow/.local/lib/python3.12/site-packages/airflow/example_dags/example_complex.py
[2024-07-09T02:20:44.748+0000] {logging_mixin.py:188} INFO - [2024-07-09T02:20:44.747+0000] {dag.py:3096} INFO - Sync 1 DAGs
[2024-07-09T02:20:44.784+0000] {logging_mixin.py:188} INFO - [2024-07-09T02:20:44.784+0000] {dag.py:3954} INFO - Setting next_dagrun for example_complex to None, run_after=None
[2024-07-09T02:20:44.866+0000] {processor.py:183} INFO - Processing /home/airflow/.local/lib/python3.12/site-packages/airflow/example_dags/example_complex.py took 0.314 seconds
[2024-07-09T02:21:15.489+0000] {processor.py:161} INFO - Started process (PID=560) to work on /home/airflow/.local/lib/python3.12/site-packages/airflow/example_dags/example_complex.py
[2024-07-09T02:21:15.491+0000] {processor.py:830} INFO - Processing file /home/airflow/.local/lib/python3.12/site-packages/airflow/example_dags/example_complex.py for tasks to queue
[2024-07-09T02:21:15.502+0000] {logging_mixin.py:188} INFO - [2024-07-09T02:21:15.499+0000] {dagbag.py:545} INFO - Filling up the DagBag from /home/airflow/.local/lib/python3.12/site-packages/airflow/example_dags/example_complex.py
[2024-07-09T02:21:15.540+0000] {processor.py:840} INFO - DAG(s) 'example_complex' retrieved from /home/airflow/.local/lib/python3.12/site-packages/airflow/example_dags/example_complex.py
[2024-07-09T02:21:15.670+0000] {logging_mixin.py:188} INFO - [2024-07-09T02:21:15.669+0000] {dag.py:3096} INFO - Sync 1 DAGs
[2024-07-09T02:21:15.695+0000] {logging_mixin.py:188} INFO - [2024-07-09T02:21:15.695+0000] {dag.py:3954} INFO - Setting next_dagrun for example_complex to None, run_after=None
[2024-07-09T02:21:15.732+0000] {processor.py:183} INFO - Processing /home/airflow/.local/lib/python3.12/site-packages/airflow/example_dags/example_complex.py took 0.267 seconds
[2024-07-09T02:21:46.161+0000] {processor.py:161} INFO - Started process (PID=620) to work on /home/airflow/.local/lib/python3.12/site-packages/airflow/example_dags/example_complex.py
[2024-07-09T02:21:46.163+0000] {processor.py:830} INFO - Processing file /home/airflow/.local/lib/python3.12/site-packages/airflow/example_dags/example_complex.py for tasks to queue
[2024-07-09T02:21:46.168+0000] {logging_mixin.py:188} INFO - [2024-07-09T02:21:46.167+0000] {dagbag.py:545} INFO - Filling up the DagBag from /home/airflow/.local/lib/python3.12/site-packages/airflow/example_dags/example_complex.py
[2024-07-09T02:21:46.199+0000] {processor.py:840} INFO - DAG(s) 'example_complex' retrieved from /home/airflow/.local/lib/python3.12/site-packages/airflow/example_dags/example_complex.py
[2024-07-09T02:21:46.287+0000] {logging_mixin.py:188} INFO - [2024-07-09T02:21:46.287+0000] {dag.py:3096} INFO - Sync 1 DAGs
[2024-07-09T02:21:46.323+0000] {logging_mixin.py:188} INFO - [2024-07-09T02:21:46.323+0000] {dag.py:3954} INFO - Setting next_dagrun for example_complex to None, run_after=None
[2024-07-09T02:21:46.371+0000] {processor.py:183} INFO - Processing /home/airflow/.local/lib/python3.12/site-packages/airflow/example_dags/example_complex.py took 0.225 seconds
[2024-07-09T02:22:16.523+0000] {processor.py:161} INFO - Started process (PID=678) to work on /home/airflow/.local/lib/python3.12/site-packages/airflow/example_dags/example_complex.py
[2024-07-09T02:22:16.524+0000] {processor.py:830} INFO - Processing file /home/airflow/.local/lib/python3.12/site-packages/airflow/example_dags/example_complex.py for tasks to queue
[2024-07-09T02:22:16.528+0000] {logging_mixin.py:188} INFO - [2024-07-09T02:22:16.527+0000] {dagbag.py:545} INFO - Filling up the DagBag from /home/airflow/.local/lib/python3.12/site-packages/airflow/example_dags/example_complex.py
[2024-07-09T02:22:16.548+0000] {processor.py:840} INFO - DAG(s) 'example_complex' retrieved from /home/airflow/.local/lib/python3.12/site-packages/airflow/example_dags/example_complex.py
[2024-07-09T02:22:16.604+0000] {logging_mixin.py:188} INFO - [2024-07-09T02:22:16.603+0000] {dag.py:3096} INFO - Sync 1 DAGs
[2024-07-09T02:22:16.627+0000] {logging_mixin.py:188} INFO - [2024-07-09T02:22:16.627+0000] {dag.py:3954} INFO - Setting next_dagrun for example_complex to None, run_after=None
[2024-07-09T02:22:16.666+0000] {processor.py:183} INFO - Processing /home/airflow/.local/lib/python3.12/site-packages/airflow/example_dags/example_complex.py took 0.153 seconds
[2024-07-09T02:22:46.758+0000] {processor.py:161} INFO - Started process (PID=737) to work on /home/airflow/.local/lib/python3.12/site-packages/airflow/example_dags/example_complex.py
[2024-07-09T02:22:46.762+0000] {processor.py:830} INFO - Processing file /home/airflow/.local/lib/python3.12/site-packages/airflow/example_dags/example_complex.py for tasks to queue
[2024-07-09T02:22:46.766+0000] {logging_mixin.py:188} INFO - [2024-07-09T02:22:46.765+0000] {dagbag.py:545} INFO - Filling up the DagBag from /home/airflow/.local/lib/python3.12/site-packages/airflow/example_dags/example_complex.py
[2024-07-09T02:22:46.788+0000] {processor.py:840} INFO - DAG(s) 'example_complex' retrieved from /home/airflow/.local/lib/python3.12/site-packages/airflow/example_dags/example_complex.py
[2024-07-09T02:22:46.865+0000] {logging_mixin.py:188} INFO - [2024-07-09T02:22:46.865+0000] {dag.py:3096} INFO - Sync 1 DAGs
[2024-07-09T02:22:46.893+0000] {logging_mixin.py:188} INFO - [2024-07-09T02:22:46.893+0000] {dag.py:3954} INFO - Setting next_dagrun for example_complex to None, run_after=None
[2024-07-09T02:22:46.928+0000] {processor.py:183} INFO - Processing /home/airflow/.local/lib/python3.12/site-packages/airflow/example_dags/example_complex.py took 0.183 seconds
[2024-07-09T02:23:17.647+0000] {processor.py:161} INFO - Started process (PID=797) to work on /home/airflow/.local/lib/python3.12/site-packages/airflow/example_dags/example_complex.py
[2024-07-09T02:23:17.649+0000] {processor.py:830} INFO - Processing file /home/airflow/.local/lib/python3.12/site-packages/airflow/example_dags/example_complex.py for tasks to queue
[2024-07-09T02:23:17.654+0000] {logging_mixin.py:188} INFO - [2024-07-09T02:23:17.653+0000] {dagbag.py:545} INFO - Filling up the DagBag from /home/airflow/.local/lib/python3.12/site-packages/airflow/example_dags/example_complex.py
[2024-07-09T02:23:17.682+0000] {processor.py:840} INFO - DAG(s) 'example_complex' retrieved from /home/airflow/.local/lib/python3.12/site-packages/airflow/example_dags/example_complex.py
[2024-07-09T02:23:17.802+0000] {logging_mixin.py:188} INFO - [2024-07-09T02:23:17.801+0000] {dag.py:3096} INFO - Sync 1 DAGs
[2024-07-09T02:23:17.864+0000] {logging_mixin.py:188} INFO - [2024-07-09T02:23:17.864+0000] {dag.py:3954} INFO - Setting next_dagrun for example_complex to None, run_after=None
[2024-07-09T02:23:17.964+0000] {processor.py:183} INFO - Processing /home/airflow/.local/lib/python3.12/site-packages/airflow/example_dags/example_complex.py took 0.332 seconds
[2024-07-09T02:23:48.165+0000] {processor.py:161} INFO - Started process (PID=857) to work on /home/airflow/.local/lib/python3.12/site-packages/airflow/example_dags/example_complex.py
[2024-07-09T02:23:48.167+0000] {processor.py:830} INFO - Processing file /home/airflow/.local/lib/python3.12/site-packages/airflow/example_dags/example_complex.py for tasks to queue
[2024-07-09T02:23:48.170+0000] {logging_mixin.py:188} INFO - [2024-07-09T02:23:48.169+0000] {dagbag.py:545} INFO - Filling up the DagBag from /home/airflow/.local/lib/python3.12/site-packages/airflow/example_dags/example_complex.py
[2024-07-09T02:23:48.206+0000] {processor.py:840} INFO - DAG(s) 'example_complex' retrieved from /home/airflow/.local/lib/python3.12/site-packages/airflow/example_dags/example_complex.py
[2024-07-09T02:23:48.293+0000] {logging_mixin.py:188} INFO - [2024-07-09T02:23:48.292+0000] {dag.py:3096} INFO - Sync 1 DAGs
[2024-07-09T02:23:48.320+0000] {logging_mixin.py:188} INFO - [2024-07-09T02:23:48.319+0000] {dag.py:3954} INFO - Setting next_dagrun for example_complex to None, run_after=None
[2024-07-09T02:23:48.378+0000] {processor.py:183} INFO - Processing /home/airflow/.local/lib/python3.12/site-packages/airflow/example_dags/example_complex.py took 0.225 seconds
[2024-07-09T02:24:19.744+0000] {processor.py:161} INFO - Started process (PID=918) to work on /home/airflow/.local/lib/python3.12/site-packages/airflow/example_dags/example_complex.py
[2024-07-09T02:24:19.747+0000] {processor.py:830} INFO - Processing file /home/airflow/.local/lib/python3.12/site-packages/airflow/example_dags/example_complex.py for tasks to queue
[2024-07-09T02:24:19.752+0000] {logging_mixin.py:188} INFO - [2024-07-09T02:24:19.751+0000] {dagbag.py:545} INFO - Filling up the DagBag from /home/airflow/.local/lib/python3.12/site-packages/airflow/example_dags/example_complex.py
[2024-07-09T02:24:19.809+0000] {processor.py:840} INFO - DAG(s) 'example_complex' retrieved from /home/airflow/.local/lib/python3.12/site-packages/airflow/example_dags/example_complex.py
[2024-07-09T02:24:19.952+0000] {logging_mixin.py:188} INFO - [2024-07-09T02:24:19.952+0000] {dag.py:3096} INFO - Sync 1 DAGs
[2024-07-09T02:24:20.022+0000] {logging_mixin.py:188} INFO - [2024-07-09T02:24:20.021+0000] {dag.py:3954} INFO - Setting next_dagrun for example_complex to None, run_after=None
[2024-07-09T02:24:20.105+0000] {processor.py:183} INFO - Processing /home/airflow/.local/lib/python3.12/site-packages/airflow/example_dags/example_complex.py took 0.396 seconds
[2024-07-09T02:24:51.234+0000] {processor.py:161} INFO - Started process (PID=978) to work on /home/airflow/.local/lib/python3.12/site-packages/airflow/example_dags/example_complex.py
[2024-07-09T02:24:51.238+0000] {processor.py:830} INFO - Processing file /home/airflow/.local/lib/python3.12/site-packages/airflow/example_dags/example_complex.py for tasks to queue
[2024-07-09T02:24:51.245+0000] {logging_mixin.py:188} INFO - [2024-07-09T02:24:51.244+0000] {dagbag.py:545} INFO - Filling up the DagBag from /home/airflow/.local/lib/python3.12/site-packages/airflow/example_dags/example_complex.py
[2024-07-09T02:24:51.315+0000] {processor.py:840} INFO - DAG(s) 'example_complex' retrieved from /home/airflow/.local/lib/python3.12/site-packages/airflow/example_dags/example_complex.py
[2024-07-09T02:24:51.522+0000] {logging_mixin.py:188} INFO - [2024-07-09T02:24:51.519+0000] {dag.py:3096} INFO - Sync 1 DAGs
[2024-07-09T02:24:51.602+0000] {logging_mixin.py:188} INFO - [2024-07-09T02:24:51.602+0000] {dag.py:3954} INFO - Setting next_dagrun for example_complex to None, run_after=None
[2024-07-09T02:24:51.697+0000] {processor.py:183} INFO - Processing /home/airflow/.local/lib/python3.12/site-packages/airflow/example_dags/example_complex.py took 0.509 seconds
[2024-07-09T02:25:22.266+0000] {processor.py:161} INFO - Started process (PID=1046) to work on /home/airflow/.local/lib/python3.12/site-packages/airflow/example_dags/example_complex.py
[2024-07-09T02:25:22.268+0000] {processor.py:830} INFO - Processing file /home/airflow/.local/lib/python3.12/site-packages/airflow/example_dags/example_complex.py for tasks to queue
[2024-07-09T02:25:22.272+0000] {logging_mixin.py:188} INFO - [2024-07-09T02:25:22.271+0000] {dagbag.py:545} INFO - Filling up the DagBag from /home/airflow/.local/lib/python3.12/site-packages/airflow/example_dags/example_complex.py
[2024-07-09T02:25:22.306+0000] {processor.py:840} INFO - DAG(s) 'example_complex' retrieved from /home/airflow/.local/lib/python3.12/site-packages/airflow/example_dags/example_complex.py
[2024-07-09T02:25:22.410+0000] {logging_mixin.py:188} INFO - [2024-07-09T02:25:22.409+0000] {dag.py:3096} INFO - Sync 1 DAGs
[2024-07-09T02:25:22.438+0000] {logging_mixin.py:188} INFO - [2024-07-09T02:25:22.438+0000] {dag.py:3954} INFO - Setting next_dagrun for example_complex to None, run_after=None
[2024-07-09T02:25:22.483+0000] {processor.py:183} INFO - Processing /home/airflow/.local/lib/python3.12/site-packages/airflow/example_dags/example_complex.py took 0.234 seconds
[2024-07-09T02:25:53.514+0000] {processor.py:161} INFO - Started process (PID=1118) to work on /home/airflow/.local/lib/python3.12/site-packages/airflow/example_dags/example_complex.py
[2024-07-09T02:25:53.516+0000] {processor.py:830} INFO - Processing file /home/airflow/.local/lib/python3.12/site-packages/airflow/example_dags/example_complex.py for tasks to queue
[2024-07-09T02:25:53.521+0000] {logging_mixin.py:188} INFO - [2024-07-09T02:25:53.520+0000] {dagbag.py:545} INFO - Filling up the DagBag from /home/airflow/.local/lib/python3.12/site-packages/airflow/example_dags/example_complex.py
[2024-07-09T02:25:53.566+0000] {processor.py:840} INFO - DAG(s) 'example_complex' retrieved from /home/airflow/.local/lib/python3.12/site-packages/airflow/example_dags/example_complex.py
[2024-07-09T02:25:53.706+0000] {logging_mixin.py:188} INFO - [2024-07-09T02:25:53.705+0000] {dag.py:3096} INFO - Sync 1 DAGs
[2024-07-09T02:25:53.748+0000] {logging_mixin.py:188} INFO - [2024-07-09T02:25:53.747+0000] {dag.py:3954} INFO - Setting next_dagrun for example_complex to None, run_after=None
[2024-07-09T02:25:53.811+0000] {processor.py:183} INFO - Processing /home/airflow/.local/lib/python3.12/site-packages/airflow/example_dags/example_complex.py took 0.315 seconds
[2024-07-09T02:26:24.027+0000] {processor.py:161} INFO - Started process (PID=1178) to work on /home/airflow/.local/lib/python3.12/site-packages/airflow/example_dags/example_complex.py
[2024-07-09T02:26:24.029+0000] {processor.py:830} INFO - Processing file /home/airflow/.local/lib/python3.12/site-packages/airflow/example_dags/example_complex.py for tasks to queue
[2024-07-09T02:26:24.033+0000] {logging_mixin.py:188} INFO - [2024-07-09T02:26:24.032+0000] {dagbag.py:545} INFO - Filling up the DagBag from /home/airflow/.local/lib/python3.12/site-packages/airflow/example_dags/example_complex.py
[2024-07-09T02:26:24.063+0000] {processor.py:840} INFO - DAG(s) 'example_complex' retrieved from /home/airflow/.local/lib/python3.12/site-packages/airflow/example_dags/example_complex.py
[2024-07-09T02:26:24.155+0000] {logging_mixin.py:188} INFO - [2024-07-09T02:26:24.155+0000] {dag.py:3096} INFO - Sync 1 DAGs
[2024-07-09T02:26:24.185+0000] {logging_mixin.py:188} INFO - [2024-07-09T02:26:24.184+0000] {dag.py:3954} INFO - Setting next_dagrun for example_complex to None, run_after=None
[2024-07-09T02:26:24.250+0000] {processor.py:183} INFO - Processing /home/airflow/.local/lib/python3.12/site-packages/airflow/example_dags/example_complex.py took 0.238 seconds
[2024-07-09T02:26:54.397+0000] {processor.py:161} INFO - Started process (PID=1238) to work on /home/airflow/.local/lib/python3.12/site-packages/airflow/example_dags/example_complex.py
[2024-07-09T02:26:54.398+0000] {processor.py:830} INFO - Processing file /home/airflow/.local/lib/python3.12/site-packages/airflow/example_dags/example_complex.py for tasks to queue
[2024-07-09T02:26:54.402+0000] {logging_mixin.py:188} INFO - [2024-07-09T02:26:54.401+0000] {dagbag.py:545} INFO - Filling up the DagBag from /home/airflow/.local/lib/python3.12/site-packages/airflow/example_dags/example_complex.py
[2024-07-09T02:26:54.452+0000] {processor.py:840} INFO - DAG(s) 'example_complex' retrieved from /home/airflow/.local/lib/python3.12/site-packages/airflow/example_dags/example_complex.py
[2024-07-09T02:26:54.619+0000] {logging_mixin.py:188} INFO - [2024-07-09T02:26:54.618+0000] {dag.py:3096} INFO - Sync 1 DAGs
[2024-07-09T02:26:54.662+0000] {logging_mixin.py:188} INFO - [2024-07-09T02:26:54.662+0000] {dag.py:3954} INFO - Setting next_dagrun for example_complex to None, run_after=None
[2024-07-09T02:26:54.744+0000] {processor.py:183} INFO - Processing /home/airflow/.local/lib/python3.12/site-packages/airflow/example_dags/example_complex.py took 0.366 seconds
[2024-07-09T02:27:25.479+0000] {processor.py:161} INFO - Started process (PID=1301) to work on /home/airflow/.local/lib/python3.12/site-packages/airflow/example_dags/example_complex.py
[2024-07-09T02:27:25.481+0000] {processor.py:830} INFO - Processing file /home/airflow/.local/lib/python3.12/site-packages/airflow/example_dags/example_complex.py for tasks to queue
[2024-07-09T02:27:25.484+0000] {logging_mixin.py:188} INFO - [2024-07-09T02:27:25.483+0000] {dagbag.py:545} INFO - Filling up the DagBag from /home/airflow/.local/lib/python3.12/site-packages/airflow/example_dags/example_complex.py
[2024-07-09T02:27:25.507+0000] {processor.py:840} INFO - DAG(s) 'example_complex' retrieved from /home/airflow/.local/lib/python3.12/site-packages/airflow/example_dags/example_complex.py
[2024-07-09T02:27:25.576+0000] {logging_mixin.py:188} INFO - [2024-07-09T02:27:25.576+0000] {dag.py:3096} INFO - Sync 1 DAGs
[2024-07-09T02:27:25.603+0000] {logging_mixin.py:188} INFO - [2024-07-09T02:27:25.602+0000] {dag.py:3954} INFO - Setting next_dagrun for example_complex to None, run_after=None
[2024-07-09T02:27:25.640+0000] {processor.py:183} INFO - Processing /home/airflow/.local/lib/python3.12/site-packages/airflow/example_dags/example_complex.py took 0.172 seconds
[2024-07-09T02:27:56.104+0000] {processor.py:161} INFO - Started process (PID=1361) to work on /home/airflow/.local/lib/python3.12/site-packages/airflow/example_dags/example_complex.py
[2024-07-09T02:27:56.106+0000] {processor.py:830} INFO - Processing file /home/airflow/.local/lib/python3.12/site-packages/airflow/example_dags/example_complex.py for tasks to queue
[2024-07-09T02:27:56.109+0000] {logging_mixin.py:188} INFO - [2024-07-09T02:27:56.109+0000] {dagbag.py:545} INFO - Filling up the DagBag from /home/airflow/.local/lib/python3.12/site-packages/airflow/example_dags/example_complex.py
[2024-07-09T02:27:56.127+0000] {processor.py:840} INFO - DAG(s) 'example_complex' retrieved from /home/airflow/.local/lib/python3.12/site-packages/airflow/example_dags/example_complex.py
[2024-07-09T02:27:56.196+0000] {logging_mixin.py:188} INFO - [2024-07-09T02:27:56.195+0000] {dag.py:3096} INFO - Sync 1 DAGs
[2024-07-09T02:27:56.227+0000] {logging_mixin.py:188} INFO - [2024-07-09T02:27:56.226+0000] {dag.py:3954} INFO - Setting next_dagrun for example_complex to None, run_after=None
[2024-07-09T02:27:56.266+0000] {processor.py:183} INFO - Processing /home/airflow/.local/lib/python3.12/site-packages/airflow/example_dags/example_complex.py took 0.171 seconds
[2024-07-09T02:28:27.202+0000] {processor.py:161} INFO - Started process (PID=1421) to work on /home/airflow/.local/lib/python3.12/site-packages/airflow/example_dags/example_complex.py
[2024-07-09T02:28:27.204+0000] {processor.py:830} INFO - Processing file /home/airflow/.local/lib/python3.12/site-packages/airflow/example_dags/example_complex.py for tasks to queue
[2024-07-09T02:28:27.209+0000] {logging_mixin.py:188} INFO - [2024-07-09T02:28:27.208+0000] {dagbag.py:545} INFO - Filling up the DagBag from /home/airflow/.local/lib/python3.12/site-packages/airflow/example_dags/example_complex.py
[2024-07-09T02:28:27.247+0000] {processor.py:840} INFO - DAG(s) 'example_complex' retrieved from /home/airflow/.local/lib/python3.12/site-packages/airflow/example_dags/example_complex.py
[2024-07-09T02:28:27.366+0000] {logging_mixin.py:188} INFO - [2024-07-09T02:28:27.365+0000] {dag.py:3096} INFO - Sync 1 DAGs
[2024-07-09T02:28:27.418+0000] {logging_mixin.py:188} INFO - [2024-07-09T02:28:27.417+0000] {dag.py:3954} INFO - Setting next_dagrun for example_complex to None, run_after=None
[2024-07-09T02:28:27.524+0000] {processor.py:183} INFO - Processing /home/airflow/.local/lib/python3.12/site-packages/airflow/example_dags/example_complex.py took 0.339 seconds
[2024-07-09T02:28:58.597+0000] {processor.py:161} INFO - Started process (PID=1480) to work on /home/airflow/.local/lib/python3.12/site-packages/airflow/example_dags/example_complex.py
[2024-07-09T02:28:58.637+0000] {processor.py:830} INFO - Processing file /home/airflow/.local/lib/python3.12/site-packages/airflow/example_dags/example_complex.py for tasks to queue
[2024-07-09T02:28:58.681+0000] {logging_mixin.py:188} INFO - [2024-07-09T02:28:58.680+0000] {dagbag.py:545} INFO - Filling up the DagBag from /home/airflow/.local/lib/python3.12/site-packages/airflow/example_dags/example_complex.py
[2024-07-09T02:28:58.818+0000] {processor.py:840} INFO - DAG(s) 'example_complex' retrieved from /home/airflow/.local/lib/python3.12/site-packages/airflow/example_dags/example_complex.py
[2024-07-09T02:28:59.105+0000] {logging_mixin.py:188} INFO - [2024-07-09T02:28:59.104+0000] {dag.py:3096} INFO - Sync 1 DAGs
[2024-07-09T02:28:59.253+0000] {logging_mixin.py:188} INFO - [2024-07-09T02:28:59.253+0000] {dag.py:3954} INFO - Setting next_dagrun for example_complex to None, run_after=None
[2024-07-09T02:28:59.371+0000] {processor.py:183} INFO - Processing /home/airflow/.local/lib/python3.12/site-packages/airflow/example_dags/example_complex.py took 0.797 seconds
[2024-07-09T02:29:31.380+0000] {processor.py:161} INFO - Started process (PID=1539) to work on /home/airflow/.local/lib/python3.12/site-packages/airflow/example_dags/example_complex.py
[2024-07-09T02:29:31.383+0000] {processor.py:830} INFO - Processing file /home/airflow/.local/lib/python3.12/site-packages/airflow/example_dags/example_complex.py for tasks to queue
[2024-07-09T02:29:31.390+0000] {logging_mixin.py:188} INFO - [2024-07-09T02:29:31.389+0000] {dagbag.py:545} INFO - Filling up the DagBag from /home/airflow/.local/lib/python3.12/site-packages/airflow/example_dags/example_complex.py
[2024-07-09T02:29:31.447+0000] {processor.py:840} INFO - DAG(s) 'example_complex' retrieved from /home/airflow/.local/lib/python3.12/site-packages/airflow/example_dags/example_complex.py
[2024-07-09T02:29:31.643+0000] {logging_mixin.py:188} INFO - [2024-07-09T02:29:31.642+0000] {dag.py:3096} INFO - Sync 1 DAGs
[2024-07-09T02:29:31.718+0000] {logging_mixin.py:188} INFO - [2024-07-09T02:29:31.718+0000] {dag.py:3954} INFO - Setting next_dagrun for example_complex to None, run_after=None
[2024-07-09T02:29:31.859+0000] {processor.py:183} INFO - Processing /home/airflow/.local/lib/python3.12/site-packages/airflow/example_dags/example_complex.py took 0.494 seconds
[2024-07-09T02:30:02.158+0000] {processor.py:161} INFO - Started process (PID=1599) to work on /home/airflow/.local/lib/python3.12/site-packages/airflow/example_dags/example_complex.py
[2024-07-09T02:30:02.160+0000] {processor.py:830} INFO - Processing file /home/airflow/.local/lib/python3.12/site-packages/airflow/example_dags/example_complex.py for tasks to queue
[2024-07-09T02:30:02.163+0000] {logging_mixin.py:188} INFO - [2024-07-09T02:30:02.162+0000] {dagbag.py:545} INFO - Filling up the DagBag from /home/airflow/.local/lib/python3.12/site-packages/airflow/example_dags/example_complex.py
[2024-07-09T02:30:02.186+0000] {processor.py:840} INFO - DAG(s) 'example_complex' retrieved from /home/airflow/.local/lib/python3.12/site-packages/airflow/example_dags/example_complex.py
[2024-07-09T02:30:02.256+0000] {logging_mixin.py:188} INFO - [2024-07-09T02:30:02.256+0000] {dag.py:3096} INFO - Sync 1 DAGs
[2024-07-09T02:30:02.290+0000] {logging_mixin.py:188} INFO - [2024-07-09T02:30:02.289+0000] {dag.py:3954} INFO - Setting next_dagrun for example_complex to None, run_after=None
[2024-07-09T02:30:02.344+0000] {processor.py:183} INFO - Processing /home/airflow/.local/lib/python3.12/site-packages/airflow/example_dags/example_complex.py took 0.196 seconds
[2024-07-09T02:30:32.523+0000] {processor.py:161} INFO - Started process (PID=1659) to work on /home/airflow/.local/lib/python3.12/site-packages/airflow/example_dags/example_complex.py
[2024-07-09T02:30:32.525+0000] {processor.py:830} INFO - Processing file /home/airflow/.local/lib/python3.12/site-packages/airflow/example_dags/example_complex.py for tasks to queue
[2024-07-09T02:30:32.528+0000] {logging_mixin.py:188} INFO - [2024-07-09T02:30:32.527+0000] {dagbag.py:545} INFO - Filling up the DagBag from /home/airflow/.local/lib/python3.12/site-packages/airflow/example_dags/example_complex.py
[2024-07-09T02:30:32.549+0000] {processor.py:840} INFO - DAG(s) 'example_complex' retrieved from /home/airflow/.local/lib/python3.12/site-packages/airflow/example_dags/example_complex.py
[2024-07-09T02:30:32.623+0000] {logging_mixin.py:188} INFO - [2024-07-09T02:30:32.623+0000] {dag.py:3096} INFO - Sync 1 DAGs
[2024-07-09T02:30:32.651+0000] {logging_mixin.py:188} INFO - [2024-07-09T02:30:32.651+0000] {dag.py:3954} INFO - Setting next_dagrun for example_complex to None, run_after=None
[2024-07-09T02:30:32.686+0000] {processor.py:183} INFO - Processing /home/airflow/.local/lib/python3.12/site-packages/airflow/example_dags/example_complex.py took 0.172 seconds
[2024-07-09T02:31:03.782+0000] {processor.py:161} INFO - Started process (PID=1719) to work on /home/airflow/.local/lib/python3.12/site-packages/airflow/example_dags/example_complex.py
[2024-07-09T02:31:03.783+0000] {processor.py:830} INFO - Processing file /home/airflow/.local/lib/python3.12/site-packages/airflow/example_dags/example_complex.py for tasks to queue
[2024-07-09T02:31:03.787+0000] {logging_mixin.py:188} INFO - [2024-07-09T02:31:03.786+0000] {dagbag.py:545} INFO - Filling up the DagBag from /home/airflow/.local/lib/python3.12/site-packages/airflow/example_dags/example_complex.py
[2024-07-09T02:31:03.812+0000] {processor.py:840} INFO - DAG(s) 'example_complex' retrieved from /home/airflow/.local/lib/python3.12/site-packages/airflow/example_dags/example_complex.py
[2024-07-09T02:31:03.875+0000] {logging_mixin.py:188} INFO - [2024-07-09T02:31:03.875+0000] {dag.py:3096} INFO - Sync 1 DAGs
[2024-07-09T02:31:03.906+0000] {logging_mixin.py:188} INFO - [2024-07-09T02:31:03.905+0000] {dag.py:3954} INFO - Setting next_dagrun for example_complex to None, run_after=None
[2024-07-09T02:31:03.988+0000] {processor.py:183} INFO - Processing /home/airflow/.local/lib/python3.12/site-packages/airflow/example_dags/example_complex.py took 0.217 seconds
[2024-07-09T02:31:35.455+0000] {processor.py:161} INFO - Started process (PID=1779) to work on /home/airflow/.local/lib/python3.12/site-packages/airflow/example_dags/example_complex.py
[2024-07-09T02:31:35.456+0000] {processor.py:830} INFO - Processing file /home/airflow/.local/lib/python3.12/site-packages/airflow/example_dags/example_complex.py for tasks to queue
[2024-07-09T02:31:35.459+0000] {logging_mixin.py:188} INFO - [2024-07-09T02:31:35.459+0000] {dagbag.py:545} INFO - Filling up the DagBag from /home/airflow/.local/lib/python3.12/site-packages/airflow/example_dags/example_complex.py
[2024-07-09T02:31:35.480+0000] {processor.py:840} INFO - DAG(s) 'example_complex' retrieved from /home/airflow/.local/lib/python3.12/site-packages/airflow/example_dags/example_complex.py
[2024-07-09T02:31:35.558+0000] {logging_mixin.py:188} INFO - [2024-07-09T02:31:35.557+0000] {dag.py:3096} INFO - Sync 1 DAGs
[2024-07-09T02:31:35.587+0000] {logging_mixin.py:188} INFO - [2024-07-09T02:31:35.586+0000] {dag.py:3954} INFO - Setting next_dagrun for example_complex to None, run_after=None
[2024-07-09T02:31:35.624+0000] {processor.py:183} INFO - Processing /home/airflow/.local/lib/python3.12/site-packages/airflow/example_dags/example_complex.py took 0.181 seconds
[2024-07-09T02:32:05.984+0000] {processor.py:161} INFO - Started process (PID=1838) to work on /home/airflow/.local/lib/python3.12/site-packages/airflow/example_dags/example_complex.py
[2024-07-09T02:32:05.986+0000] {processor.py:830} INFO - Processing file /home/airflow/.local/lib/python3.12/site-packages/airflow/example_dags/example_complex.py for tasks to queue
[2024-07-09T02:32:05.989+0000] {logging_mixin.py:188} INFO - [2024-07-09T02:32:05.989+0000] {dagbag.py:545} INFO - Filling up the DagBag from /home/airflow/.local/lib/python3.12/site-packages/airflow/example_dags/example_complex.py
[2024-07-09T02:32:06.015+0000] {processor.py:840} INFO - DAG(s) 'example_complex' retrieved from /home/airflow/.local/lib/python3.12/site-packages/airflow/example_dags/example_complex.py
[2024-07-09T02:32:06.084+0000] {logging_mixin.py:188} INFO - [2024-07-09T02:32:06.084+0000] {dag.py:3096} INFO - Sync 1 DAGs
[2024-07-09T02:32:06.417+0000] {logging_mixin.py:188} INFO - [2024-07-09T02:32:06.412+0000] {dag.py:3954} INFO - Setting next_dagrun for example_complex to None, run_after=None
[2024-07-09T02:32:06.532+0000] {processor.py:183} INFO - Processing /home/airflow/.local/lib/python3.12/site-packages/airflow/example_dags/example_complex.py took 0.560 seconds
[2024-07-09T02:32:37.171+0000] {processor.py:161} INFO - Started process (PID=1897) to work on /home/airflow/.local/lib/python3.12/site-packages/airflow/example_dags/example_complex.py
[2024-07-09T02:32:37.174+0000] {processor.py:830} INFO - Processing file /home/airflow/.local/lib/python3.12/site-packages/airflow/example_dags/example_complex.py for tasks to queue
[2024-07-09T02:32:37.178+0000] {logging_mixin.py:188} INFO - [2024-07-09T02:32:37.177+0000] {dagbag.py:545} INFO - Filling up the DagBag from /home/airflow/.local/lib/python3.12/site-packages/airflow/example_dags/example_complex.py
[2024-07-09T02:32:37.233+0000] {processor.py:840} INFO - DAG(s) 'example_complex' retrieved from /home/airflow/.local/lib/python3.12/site-packages/airflow/example_dags/example_complex.py
[2024-07-09T02:32:37.344+0000] {logging_mixin.py:188} INFO - [2024-07-09T02:32:37.344+0000] {dag.py:3096} INFO - Sync 1 DAGs
[2024-07-09T02:32:37.380+0000] {logging_mixin.py:188} INFO - [2024-07-09T02:32:37.379+0000] {dag.py:3954} INFO - Setting next_dagrun for example_complex to None, run_after=None
[2024-07-09T02:32:37.436+0000] {processor.py:183} INFO - Processing /home/airflow/.local/lib/python3.12/site-packages/airflow/example_dags/example_complex.py took 0.285 seconds
[2024-07-09T02:33:07.793+0000] {processor.py:161} INFO - Started process (PID=1957) to work on /home/airflow/.local/lib/python3.12/site-packages/airflow/example_dags/example_complex.py
[2024-07-09T02:33:07.795+0000] {processor.py:830} INFO - Processing file /home/airflow/.local/lib/python3.12/site-packages/airflow/example_dags/example_complex.py for tasks to queue
[2024-07-09T02:33:07.798+0000] {logging_mixin.py:188} INFO - [2024-07-09T02:33:07.798+0000] {dagbag.py:545} INFO - Filling up the DagBag from /home/airflow/.local/lib/python3.12/site-packages/airflow/example_dags/example_complex.py
[2024-07-09T02:33:07.820+0000] {processor.py:840} INFO - DAG(s) 'example_complex' retrieved from /home/airflow/.local/lib/python3.12/site-packages/airflow/example_dags/example_complex.py
[2024-07-09T02:33:07.873+0000] {logging_mixin.py:188} INFO - [2024-07-09T02:33:07.873+0000] {dag.py:3096} INFO - Sync 1 DAGs
[2024-07-09T02:33:07.894+0000] {logging_mixin.py:188} INFO - [2024-07-09T02:33:07.894+0000] {dag.py:3954} INFO - Setting next_dagrun for example_complex to None, run_after=None
[2024-07-09T02:33:07.922+0000] {processor.py:183} INFO - Processing /home/airflow/.local/lib/python3.12/site-packages/airflow/example_dags/example_complex.py took 0.141 seconds
[2024-07-09T02:33:37.987+0000] {processor.py:161} INFO - Started process (PID=2018) to work on /home/airflow/.local/lib/python3.12/site-packages/airflow/example_dags/example_complex.py
[2024-07-09T02:33:37.988+0000] {processor.py:830} INFO - Processing file /home/airflow/.local/lib/python3.12/site-packages/airflow/example_dags/example_complex.py for tasks to queue
[2024-07-09T02:33:37.990+0000] {logging_mixin.py:188} INFO - [2024-07-09T02:33:37.990+0000] {dagbag.py:545} INFO - Filling up the DagBag from /home/airflow/.local/lib/python3.12/site-packages/airflow/example_dags/example_complex.py
[2024-07-09T02:33:38.005+0000] {processor.py:840} INFO - DAG(s) 'example_complex' retrieved from /home/airflow/.local/lib/python3.12/site-packages/airflow/example_dags/example_complex.py
[2024-07-09T02:33:38.057+0000] {logging_mixin.py:188} INFO - [2024-07-09T02:33:38.057+0000] {dag.py:3096} INFO - Sync 1 DAGs
[2024-07-09T02:33:38.075+0000] {logging_mixin.py:188} INFO - [2024-07-09T02:33:38.074+0000] {dag.py:3954} INFO - Setting next_dagrun for example_complex to None, run_after=None
[2024-07-09T02:33:38.131+0000] {processor.py:183} INFO - Processing /home/airflow/.local/lib/python3.12/site-packages/airflow/example_dags/example_complex.py took 0.151 seconds
