[2024-07-09T01:48:53.210+0000] {processor.py:161} INFO - Started process (PID=82) to work on /home/airflow/.local/lib/python3.12/site-packages/airflow/example_dags/example_branch_labels.py
[2024-07-09T01:48:53.212+0000] {processor.py:830} INFO - Processing file /home/airflow/.local/lib/python3.12/site-packages/airflow/example_dags/example_branch_labels.py for tasks to queue
[2024-07-09T01:48:53.215+0000] {logging_mixin.py:188} INFO - [2024-07-09T01:48:53.215+0000] {dagbag.py:545} INFO - Filling up the DagBag from /home/airflow/.local/lib/python3.12/site-packages/airflow/example_dags/example_branch_labels.py
[2024-07-09T01:48:53.235+0000] {processor.py:840} INFO - DAG(s) 'example_branch_labels' retrieved from /home/airflow/.local/lib/python3.12/site-packages/airflow/example_dags/example_branch_labels.py
[2024-07-09T01:48:53.426+0000] {logging_mixin.py:188} INFO - [2024-07-09T01:48:53.424+0000] {override.py:1829} INFO - Created Permission View: can edit on DAG:example_branch_labels
[2024-07-09T01:48:53.442+0000] {logging_mixin.py:188} INFO - [2024-07-09T01:48:53.441+0000] {override.py:1829} INFO - Created Permission View: can read on DAG:example_branch_labels
[2024-07-09T01:48:53.454+0000] {logging_mixin.py:188} INFO - [2024-07-09T01:48:53.454+0000] {override.py:1829} INFO - Created Permission View: can delete on DAG:example_branch_labels
[2024-07-09T01:48:53.456+0000] {logging_mixin.py:188} INFO - [2024-07-09T01:48:53.455+0000] {dag.py:3096} INFO - Sync 1 DAGs
[2024-07-09T01:48:53.473+0000] {logging_mixin.py:188} INFO - [2024-07-09T01:48:53.473+0000] {dag.py:3118} INFO - Creating ORM DAG for example_branch_labels
[2024-07-09T01:48:53.490+0000] {logging_mixin.py:188} INFO - [2024-07-09T01:48:53.490+0000] {dag.py:3954} INFO - Setting next_dagrun for example_branch_labels to 2024-07-08 00:00:00+00:00, run_after=2024-07-09 00:00:00+00:00
[2024-07-09T01:48:53.514+0000] {processor.py:183} INFO - Processing /home/airflow/.local/lib/python3.12/site-packages/airflow/example_dags/example_branch_labels.py took 0.316 seconds
[2024-07-09T01:49:23.609+0000] {processor.py:161} INFO - Started process (PID=141) to work on /home/airflow/.local/lib/python3.12/site-packages/airflow/example_dags/example_branch_labels.py
[2024-07-09T01:49:23.610+0000] {processor.py:830} INFO - Processing file /home/airflow/.local/lib/python3.12/site-packages/airflow/example_dags/example_branch_labels.py for tasks to queue
[2024-07-09T01:49:23.612+0000] {logging_mixin.py:188} INFO - [2024-07-09T01:49:23.612+0000] {dagbag.py:545} INFO - Filling up the DagBag from /home/airflow/.local/lib/python3.12/site-packages/airflow/example_dags/example_branch_labels.py
[2024-07-09T01:49:23.622+0000] {processor.py:840} INFO - DAG(s) 'example_branch_labels' retrieved from /home/airflow/.local/lib/python3.12/site-packages/airflow/example_dags/example_branch_labels.py
[2024-07-09T01:49:23.648+0000] {logging_mixin.py:188} INFO - [2024-07-09T01:49:23.648+0000] {dag.py:3096} INFO - Sync 1 DAGs
[2024-07-09T01:49:23.677+0000] {logging_mixin.py:188} INFO - [2024-07-09T01:49:23.676+0000] {dag.py:3954} INFO - Setting next_dagrun for example_branch_labels to 2024-07-08 00:00:00+00:00, run_after=2024-07-09 00:00:00+00:00
[2024-07-09T01:49:23.701+0000] {processor.py:183} INFO - Processing /home/airflow/.local/lib/python3.12/site-packages/airflow/example_dags/example_branch_labels.py took 0.099 seconds
[2024-07-09T01:49:53.856+0000] {processor.py:161} INFO - Started process (PID=201) to work on /home/airflow/.local/lib/python3.12/site-packages/airflow/example_dags/example_branch_labels.py
[2024-07-09T01:49:53.857+0000] {processor.py:830} INFO - Processing file /home/airflow/.local/lib/python3.12/site-packages/airflow/example_dags/example_branch_labels.py for tasks to queue
[2024-07-09T01:49:53.859+0000] {logging_mixin.py:188} INFO - [2024-07-09T01:49:53.859+0000] {dagbag.py:545} INFO - Filling up the DagBag from /home/airflow/.local/lib/python3.12/site-packages/airflow/example_dags/example_branch_labels.py
[2024-07-09T01:49:53.868+0000] {processor.py:840} INFO - DAG(s) 'example_branch_labels' retrieved from /home/airflow/.local/lib/python3.12/site-packages/airflow/example_dags/example_branch_labels.py
[2024-07-09T01:49:53.893+0000] {logging_mixin.py:188} INFO - [2024-07-09T01:49:53.893+0000] {dag.py:3096} INFO - Sync 1 DAGs
[2024-07-09T01:49:53.923+0000] {logging_mixin.py:188} INFO - [2024-07-09T01:49:53.922+0000] {dag.py:3954} INFO - Setting next_dagrun for example_branch_labels to 2024-07-08 00:00:00+00:00, run_after=2024-07-09 00:00:00+00:00
[2024-07-09T01:49:53.946+0000] {processor.py:183} INFO - Processing /home/airflow/.local/lib/python3.12/site-packages/airflow/example_dags/example_branch_labels.py took 0.097 seconds
[2024-07-09T01:50:24.916+0000] {processor.py:161} INFO - Started process (PID=262) to work on /home/airflow/.local/lib/python3.12/site-packages/airflow/example_dags/example_branch_labels.py
[2024-07-09T01:50:24.918+0000] {processor.py:830} INFO - Processing file /home/airflow/.local/lib/python3.12/site-packages/airflow/example_dags/example_branch_labels.py for tasks to queue
[2024-07-09T01:50:24.921+0000] {logging_mixin.py:188} INFO - [2024-07-09T01:50:24.920+0000] {dagbag.py:545} INFO - Filling up the DagBag from /home/airflow/.local/lib/python3.12/site-packages/airflow/example_dags/example_branch_labels.py
[2024-07-09T01:50:24.933+0000] {processor.py:840} INFO - DAG(s) 'example_branch_labels' retrieved from /home/airflow/.local/lib/python3.12/site-packages/airflow/example_dags/example_branch_labels.py
[2024-07-09T01:50:24.968+0000] {logging_mixin.py:188} INFO - [2024-07-09T01:50:24.968+0000] {dag.py:3096} INFO - Sync 1 DAGs
[2024-07-09T01:50:25.005+0000] {logging_mixin.py:188} INFO - [2024-07-09T01:50:25.005+0000] {dag.py:3954} INFO - Setting next_dagrun for example_branch_labels to 2024-07-08 00:00:00+00:00, run_after=2024-07-09 00:00:00+00:00
[2024-07-09T01:50:25.036+0000] {processor.py:183} INFO - Processing /home/airflow/.local/lib/python3.12/site-packages/airflow/example_dags/example_branch_labels.py took 0.128 seconds
[2024-07-09T01:50:55.415+0000] {processor.py:161} INFO - Started process (PID=322) to work on /home/airflow/.local/lib/python3.12/site-packages/airflow/example_dags/example_branch_labels.py
[2024-07-09T01:50:55.417+0000] {processor.py:830} INFO - Processing file /home/airflow/.local/lib/python3.12/site-packages/airflow/example_dags/example_branch_labels.py for tasks to queue
[2024-07-09T01:50:55.419+0000] {logging_mixin.py:188} INFO - [2024-07-09T01:50:55.419+0000] {dagbag.py:545} INFO - Filling up the DagBag from /home/airflow/.local/lib/python3.12/site-packages/airflow/example_dags/example_branch_labels.py
[2024-07-09T01:50:55.431+0000] {processor.py:840} INFO - DAG(s) 'example_branch_labels' retrieved from /home/airflow/.local/lib/python3.12/site-packages/airflow/example_dags/example_branch_labels.py
[2024-07-09T01:50:55.460+0000] {logging_mixin.py:188} INFO - [2024-07-09T01:50:55.460+0000] {dag.py:3096} INFO - Sync 1 DAGs
[2024-07-09T01:50:55.492+0000] {logging_mixin.py:188} INFO - [2024-07-09T01:50:55.492+0000] {dag.py:3954} INFO - Setting next_dagrun for example_branch_labels to 2024-07-08 00:00:00+00:00, run_after=2024-07-09 00:00:00+00:00
[2024-07-09T01:50:55.533+0000] {processor.py:183} INFO - Processing /home/airflow/.local/lib/python3.12/site-packages/airflow/example_dags/example_branch_labels.py took 0.126 seconds
[2024-07-09T01:51:26.233+0000] {processor.py:161} INFO - Started process (PID=383) to work on /home/airflow/.local/lib/python3.12/site-packages/airflow/example_dags/example_branch_labels.py
[2024-07-09T01:51:26.235+0000] {processor.py:830} INFO - Processing file /home/airflow/.local/lib/python3.12/site-packages/airflow/example_dags/example_branch_labels.py for tasks to queue
[2024-07-09T01:51:26.239+0000] {logging_mixin.py:188} INFO - [2024-07-09T01:51:26.238+0000] {dagbag.py:545} INFO - Filling up the DagBag from /home/airflow/.local/lib/python3.12/site-packages/airflow/example_dags/example_branch_labels.py
[2024-07-09T01:51:26.255+0000] {processor.py:840} INFO - DAG(s) 'example_branch_labels' retrieved from /home/airflow/.local/lib/python3.12/site-packages/airflow/example_dags/example_branch_labels.py
[2024-07-09T01:51:26.295+0000] {logging_mixin.py:188} INFO - [2024-07-09T01:51:26.295+0000] {dag.py:3096} INFO - Sync 1 DAGs
[2024-07-09T01:51:26.341+0000] {logging_mixin.py:188} INFO - [2024-07-09T01:51:26.341+0000] {dag.py:3954} INFO - Setting next_dagrun for example_branch_labels to 2024-07-08 00:00:00+00:00, run_after=2024-07-09 00:00:00+00:00
[2024-07-09T01:51:26.398+0000] {processor.py:183} INFO - Processing /home/airflow/.local/lib/python3.12/site-packages/airflow/example_dags/example_branch_labels.py took 0.178 seconds
[2024-07-09T01:51:56.487+0000] {processor.py:161} INFO - Started process (PID=443) to work on /home/airflow/.local/lib/python3.12/site-packages/airflow/example_dags/example_branch_labels.py
[2024-07-09T01:51:56.489+0000] {processor.py:830} INFO - Processing file /home/airflow/.local/lib/python3.12/site-packages/airflow/example_dags/example_branch_labels.py for tasks to queue
[2024-07-09T01:51:56.491+0000] {logging_mixin.py:188} INFO - [2024-07-09T01:51:56.491+0000] {dagbag.py:545} INFO - Filling up the DagBag from /home/airflow/.local/lib/python3.12/site-packages/airflow/example_dags/example_branch_labels.py
[2024-07-09T01:51:56.516+0000] {processor.py:840} INFO - DAG(s) 'example_branch_labels' retrieved from /home/airflow/.local/lib/python3.12/site-packages/airflow/example_dags/example_branch_labels.py
[2024-07-09T01:51:56.567+0000] {logging_mixin.py:188} INFO - [2024-07-09T01:51:56.567+0000] {dag.py:3096} INFO - Sync 1 DAGs
[2024-07-09T01:51:56.615+0000] {logging_mixin.py:188} INFO - [2024-07-09T01:51:56.615+0000] {dag.py:3954} INFO - Setting next_dagrun for example_branch_labels to 2024-07-08 00:00:00+00:00, run_after=2024-07-09 00:00:00+00:00
[2024-07-09T01:51:56.646+0000] {processor.py:183} INFO - Processing /home/airflow/.local/lib/python3.12/site-packages/airflow/example_dags/example_branch_labels.py took 0.178 seconds
[2024-07-09T01:52:28.333+0000] {processor.py:161} INFO - Started process (PID=508) to work on /home/airflow/.local/lib/python3.12/site-packages/airflow/example_dags/example_branch_labels.py
[2024-07-09T01:52:28.334+0000] {processor.py:830} INFO - Processing file /home/airflow/.local/lib/python3.12/site-packages/airflow/example_dags/example_branch_labels.py for tasks to queue
[2024-07-09T01:52:28.338+0000] {logging_mixin.py:188} INFO - [2024-07-09T01:52:28.337+0000] {dagbag.py:545} INFO - Filling up the DagBag from /home/airflow/.local/lib/python3.12/site-packages/airflow/example_dags/example_branch_labels.py
[2024-07-09T01:52:28.349+0000] {processor.py:840} INFO - DAG(s) 'example_branch_labels' retrieved from /home/airflow/.local/lib/python3.12/site-packages/airflow/example_dags/example_branch_labels.py
[2024-07-09T01:52:28.384+0000] {logging_mixin.py:188} INFO - [2024-07-09T01:52:28.383+0000] {dag.py:3096} INFO - Sync 1 DAGs
[2024-07-09T01:52:28.422+0000] {logging_mixin.py:188} INFO - [2024-07-09T01:52:28.421+0000] {dag.py:3954} INFO - Setting next_dagrun for example_branch_labels to 2024-07-08 00:00:00+00:00, run_after=2024-07-09 00:00:00+00:00
[2024-07-09T01:52:28.461+0000] {processor.py:183} INFO - Processing /home/airflow/.local/lib/python3.12/site-packages/airflow/example_dags/example_branch_labels.py took 0.138 seconds
[2024-07-09T01:52:59.695+0000] {processor.py:161} INFO - Started process (PID=568) to work on /home/airflow/.local/lib/python3.12/site-packages/airflow/example_dags/example_branch_labels.py
[2024-07-09T01:52:59.697+0000] {processor.py:830} INFO - Processing file /home/airflow/.local/lib/python3.12/site-packages/airflow/example_dags/example_branch_labels.py for tasks to queue
[2024-07-09T01:52:59.700+0000] {logging_mixin.py:188} INFO - [2024-07-09T01:52:59.699+0000] {dagbag.py:545} INFO - Filling up the DagBag from /home/airflow/.local/lib/python3.12/site-packages/airflow/example_dags/example_branch_labels.py
[2024-07-09T01:52:59.715+0000] {processor.py:840} INFO - DAG(s) 'example_branch_labels' retrieved from /home/airflow/.local/lib/python3.12/site-packages/airflow/example_dags/example_branch_labels.py
[2024-07-09T01:52:59.744+0000] {logging_mixin.py:188} INFO - [2024-07-09T01:52:59.744+0000] {dag.py:3096} INFO - Sync 1 DAGs
[2024-07-09T01:52:59.778+0000] {logging_mixin.py:188} INFO - [2024-07-09T01:52:59.778+0000] {dag.py:3954} INFO - Setting next_dagrun for example_branch_labels to 2024-07-08 00:00:00+00:00, run_after=2024-07-09 00:00:00+00:00
[2024-07-09T01:52:59.806+0000] {processor.py:183} INFO - Processing /home/airflow/.local/lib/python3.12/site-packages/airflow/example_dags/example_branch_labels.py took 0.121 seconds
[2024-07-09T01:53:31.078+0000] {processor.py:161} INFO - Started process (PID=627) to work on /home/airflow/.local/lib/python3.12/site-packages/airflow/example_dags/example_branch_labels.py
[2024-07-09T01:53:31.080+0000] {processor.py:830} INFO - Processing file /home/airflow/.local/lib/python3.12/site-packages/airflow/example_dags/example_branch_labels.py for tasks to queue
[2024-07-09T01:53:31.083+0000] {logging_mixin.py:188} INFO - [2024-07-09T01:53:31.083+0000] {dagbag.py:545} INFO - Filling up the DagBag from /home/airflow/.local/lib/python3.12/site-packages/airflow/example_dags/example_branch_labels.py
[2024-07-09T01:53:31.102+0000] {processor.py:840} INFO - DAG(s) 'example_branch_labels' retrieved from /home/airflow/.local/lib/python3.12/site-packages/airflow/example_dags/example_branch_labels.py
[2024-07-09T01:53:31.171+0000] {logging_mixin.py:188} INFO - [2024-07-09T01:53:31.171+0000] {dag.py:3096} INFO - Sync 1 DAGs
[2024-07-09T01:53:31.222+0000] {logging_mixin.py:188} INFO - [2024-07-09T01:53:31.222+0000] {dag.py:3954} INFO - Setting next_dagrun for example_branch_labels to 2024-07-08 00:00:00+00:00, run_after=2024-07-09 00:00:00+00:00
[2024-07-09T01:53:31.272+0000] {processor.py:183} INFO - Processing /home/airflow/.local/lib/python3.12/site-packages/airflow/example_dags/example_branch_labels.py took 0.205 seconds
[2024-07-09T01:54:01.569+0000] {processor.py:161} INFO - Started process (PID=687) to work on /home/airflow/.local/lib/python3.12/site-packages/airflow/example_dags/example_branch_labels.py
[2024-07-09T01:54:01.570+0000] {processor.py:830} INFO - Processing file /home/airflow/.local/lib/python3.12/site-packages/airflow/example_dags/example_branch_labels.py for tasks to queue
[2024-07-09T01:54:01.573+0000] {logging_mixin.py:188} INFO - [2024-07-09T01:54:01.573+0000] {dagbag.py:545} INFO - Filling up the DagBag from /home/airflow/.local/lib/python3.12/site-packages/airflow/example_dags/example_branch_labels.py
[2024-07-09T01:54:01.586+0000] {processor.py:840} INFO - DAG(s) 'example_branch_labels' retrieved from /home/airflow/.local/lib/python3.12/site-packages/airflow/example_dags/example_branch_labels.py
[2024-07-09T01:54:01.619+0000] {logging_mixin.py:188} INFO - [2024-07-09T01:54:01.618+0000] {dag.py:3096} INFO - Sync 1 DAGs
[2024-07-09T01:54:01.658+0000] {logging_mixin.py:188} INFO - [2024-07-09T01:54:01.658+0000] {dag.py:3954} INFO - Setting next_dagrun for example_branch_labels to 2024-07-08 00:00:00+00:00, run_after=2024-07-09 00:00:00+00:00
[2024-07-09T01:54:01.705+0000] {processor.py:183} INFO - Processing /home/airflow/.local/lib/python3.12/site-packages/airflow/example_dags/example_branch_labels.py took 0.146 seconds
[2024-07-09T01:54:32.552+0000] {processor.py:161} INFO - Started process (PID=747) to work on /home/airflow/.local/lib/python3.12/site-packages/airflow/example_dags/example_branch_labels.py
[2024-07-09T01:54:32.553+0000] {processor.py:830} INFO - Processing file /home/airflow/.local/lib/python3.12/site-packages/airflow/example_dags/example_branch_labels.py for tasks to queue
[2024-07-09T01:54:32.556+0000] {logging_mixin.py:188} INFO - [2024-07-09T01:54:32.555+0000] {dagbag.py:545} INFO - Filling up the DagBag from /home/airflow/.local/lib/python3.12/site-packages/airflow/example_dags/example_branch_labels.py
[2024-07-09T01:54:32.568+0000] {processor.py:840} INFO - DAG(s) 'example_branch_labels' retrieved from /home/airflow/.local/lib/python3.12/site-packages/airflow/example_dags/example_branch_labels.py
[2024-07-09T01:54:32.601+0000] {logging_mixin.py:188} INFO - [2024-07-09T01:54:32.601+0000] {dag.py:3096} INFO - Sync 1 DAGs
[2024-07-09T01:54:32.641+0000] {logging_mixin.py:188} INFO - [2024-07-09T01:54:32.641+0000] {dag.py:3954} INFO - Setting next_dagrun for example_branch_labels to 2024-07-08 00:00:00+00:00, run_after=2024-07-09 00:00:00+00:00
[2024-07-09T01:54:32.672+0000] {processor.py:183} INFO - Processing /home/airflow/.local/lib/python3.12/site-packages/airflow/example_dags/example_branch_labels.py took 0.130 seconds
[2024-07-09T01:55:02.938+0000] {processor.py:161} INFO - Started process (PID=804) to work on /home/airflow/.local/lib/python3.12/site-packages/airflow/example_dags/example_branch_labels.py
[2024-07-09T01:55:02.940+0000] {processor.py:830} INFO - Processing file /home/airflow/.local/lib/python3.12/site-packages/airflow/example_dags/example_branch_labels.py for tasks to queue
[2024-07-09T01:55:02.943+0000] {logging_mixin.py:188} INFO - [2024-07-09T01:55:02.943+0000] {dagbag.py:545} INFO - Filling up the DagBag from /home/airflow/.local/lib/python3.12/site-packages/airflow/example_dags/example_branch_labels.py
[2024-07-09T01:55:02.954+0000] {processor.py:840} INFO - DAG(s) 'example_branch_labels' retrieved from /home/airflow/.local/lib/python3.12/site-packages/airflow/example_dags/example_branch_labels.py
[2024-07-09T01:55:02.991+0000] {logging_mixin.py:188} INFO - [2024-07-09T01:55:02.991+0000] {dag.py:3096} INFO - Sync 1 DAGs
[2024-07-09T01:55:03.037+0000] {logging_mixin.py:188} INFO - [2024-07-09T01:55:03.037+0000] {dag.py:3954} INFO - Setting next_dagrun for example_branch_labels to 2024-07-08 00:00:00+00:00, run_after=2024-07-09 00:00:00+00:00
[2024-07-09T01:55:03.060+0000] {processor.py:183} INFO - Processing /home/airflow/.local/lib/python3.12/site-packages/airflow/example_dags/example_branch_labels.py took 0.130 seconds
[2024-07-09T01:55:33.695+0000] {processor.py:161} INFO - Started process (PID=864) to work on /home/airflow/.local/lib/python3.12/site-packages/airflow/example_dags/example_branch_labels.py
[2024-07-09T01:55:33.697+0000] {processor.py:830} INFO - Processing file /home/airflow/.local/lib/python3.12/site-packages/airflow/example_dags/example_branch_labels.py for tasks to queue
[2024-07-09T01:55:33.700+0000] {logging_mixin.py:188} INFO - [2024-07-09T01:55:33.699+0000] {dagbag.py:545} INFO - Filling up the DagBag from /home/airflow/.local/lib/python3.12/site-packages/airflow/example_dags/example_branch_labels.py
[2024-07-09T01:55:33.712+0000] {processor.py:840} INFO - DAG(s) 'example_branch_labels' retrieved from /home/airflow/.local/lib/python3.12/site-packages/airflow/example_dags/example_branch_labels.py
[2024-07-09T01:55:33.749+0000] {logging_mixin.py:188} INFO - [2024-07-09T01:55:33.748+0000] {dag.py:3096} INFO - Sync 1 DAGs
[2024-07-09T01:55:33.803+0000] {logging_mixin.py:188} INFO - [2024-07-09T01:55:33.803+0000] {dag.py:3954} INFO - Setting next_dagrun for example_branch_labels to 2024-07-08 00:00:00+00:00, run_after=2024-07-09 00:00:00+00:00
[2024-07-09T01:55:33.841+0000] {processor.py:183} INFO - Processing /home/airflow/.local/lib/python3.12/site-packages/airflow/example_dags/example_branch_labels.py took 0.155 seconds
[2024-07-09T01:56:05.410+0000] {processor.py:161} INFO - Started process (PID=923) to work on /home/airflow/.local/lib/python3.12/site-packages/airflow/example_dags/example_branch_labels.py
[2024-07-09T01:56:05.419+0000] {processor.py:830} INFO - Processing file /home/airflow/.local/lib/python3.12/site-packages/airflow/example_dags/example_branch_labels.py for tasks to queue
[2024-07-09T01:56:05.426+0000] {logging_mixin.py:188} INFO - [2024-07-09T01:56:05.425+0000] {dagbag.py:545} INFO - Filling up the DagBag from /home/airflow/.local/lib/python3.12/site-packages/airflow/example_dags/example_branch_labels.py
[2024-07-09T01:56:05.460+0000] {processor.py:840} INFO - DAG(s) 'example_branch_labels' retrieved from /home/airflow/.local/lib/python3.12/site-packages/airflow/example_dags/example_branch_labels.py
[2024-07-09T01:56:05.570+0000] {logging_mixin.py:188} INFO - [2024-07-09T01:56:05.569+0000] {dag.py:3096} INFO - Sync 1 DAGs
[2024-07-09T01:56:05.682+0000] {logging_mixin.py:188} INFO - [2024-07-09T01:56:05.682+0000] {dag.py:3954} INFO - Setting next_dagrun for example_branch_labels to 2024-07-08 00:00:00+00:00, run_after=2024-07-09 00:00:00+00:00
[2024-07-09T01:56:05.771+0000] {processor.py:183} INFO - Processing /home/airflow/.local/lib/python3.12/site-packages/airflow/example_dags/example_branch_labels.py took 0.387 seconds
[2024-07-09T01:56:36.469+0000] {processor.py:161} INFO - Started process (PID=983) to work on /home/airflow/.local/lib/python3.12/site-packages/airflow/example_dags/example_branch_labels.py
[2024-07-09T01:56:36.470+0000] {processor.py:830} INFO - Processing file /home/airflow/.local/lib/python3.12/site-packages/airflow/example_dags/example_branch_labels.py for tasks to queue
[2024-07-09T01:56:36.473+0000] {logging_mixin.py:188} INFO - [2024-07-09T01:56:36.473+0000] {dagbag.py:545} INFO - Filling up the DagBag from /home/airflow/.local/lib/python3.12/site-packages/airflow/example_dags/example_branch_labels.py
[2024-07-09T01:56:36.486+0000] {processor.py:840} INFO - DAG(s) 'example_branch_labels' retrieved from /home/airflow/.local/lib/python3.12/site-packages/airflow/example_dags/example_branch_labels.py
[2024-07-09T01:56:36.522+0000] {logging_mixin.py:188} INFO - [2024-07-09T01:56:36.522+0000] {dag.py:3096} INFO - Sync 1 DAGs
[2024-07-09T01:56:36.570+0000] {logging_mixin.py:188} INFO - [2024-07-09T01:56:36.570+0000] {dag.py:3954} INFO - Setting next_dagrun for example_branch_labels to 2024-07-08 00:00:00+00:00, run_after=2024-07-09 00:00:00+00:00
[2024-07-09T01:56:36.629+0000] {processor.py:183} INFO - Processing /home/airflow/.local/lib/python3.12/site-packages/airflow/example_dags/example_branch_labels.py took 0.171 seconds
[2024-07-09T01:57:06.969+0000] {processor.py:161} INFO - Started process (PID=1044) to work on /home/airflow/.local/lib/python3.12/site-packages/airflow/example_dags/example_branch_labels.py
[2024-07-09T01:57:06.970+0000] {processor.py:830} INFO - Processing file /home/airflow/.local/lib/python3.12/site-packages/airflow/example_dags/example_branch_labels.py for tasks to queue
[2024-07-09T01:57:06.973+0000] {logging_mixin.py:188} INFO - [2024-07-09T01:57:06.972+0000] {dagbag.py:545} INFO - Filling up the DagBag from /home/airflow/.local/lib/python3.12/site-packages/airflow/example_dags/example_branch_labels.py
[2024-07-09T01:57:06.987+0000] {processor.py:840} INFO - DAG(s) 'example_branch_labels' retrieved from /home/airflow/.local/lib/python3.12/site-packages/airflow/example_dags/example_branch_labels.py
[2024-07-09T01:57:07.020+0000] {logging_mixin.py:188} INFO - [2024-07-09T01:57:07.020+0000] {dag.py:3096} INFO - Sync 1 DAGs
[2024-07-09T01:57:07.059+0000] {logging_mixin.py:188} INFO - [2024-07-09T01:57:07.059+0000] {dag.py:3954} INFO - Setting next_dagrun for example_branch_labels to 2024-07-08 00:00:00+00:00, run_after=2024-07-09 00:00:00+00:00
[2024-07-09T01:57:07.091+0000] {processor.py:183} INFO - Processing /home/airflow/.local/lib/python3.12/site-packages/airflow/example_dags/example_branch_labels.py took 0.133 seconds
[2024-07-09T02:00:24.391+0000] {processor.py:161} INFO - Started process (PID=81) to work on /home/airflow/.local/lib/python3.12/site-packages/airflow/example_dags/example_branch_labels.py
[2024-07-09T02:00:24.393+0000] {processor.py:830} INFO - Processing file /home/airflow/.local/lib/python3.12/site-packages/airflow/example_dags/example_branch_labels.py for tasks to queue
[2024-07-09T02:00:24.396+0000] {logging_mixin.py:188} INFO - [2024-07-09T02:00:24.396+0000] {dagbag.py:545} INFO - Filling up the DagBag from /home/airflow/.local/lib/python3.12/site-packages/airflow/example_dags/example_branch_labels.py
[2024-07-09T02:00:24.411+0000] {processor.py:840} INFO - DAG(s) 'example_branch_labels' retrieved from /home/airflow/.local/lib/python3.12/site-packages/airflow/example_dags/example_branch_labels.py
[2024-07-09T02:00:24.663+0000] {logging_mixin.py:188} INFO - [2024-07-09T02:00:24.661+0000] {override.py:1829} INFO - Created Permission View: can edit on DAG:example_branch_labels
[2024-07-09T02:00:24.687+0000] {logging_mixin.py:188} INFO - [2024-07-09T02:00:24.687+0000] {override.py:1829} INFO - Created Permission View: can read on DAG:example_branch_labels
[2024-07-09T02:00:24.701+0000] {logging_mixin.py:188} INFO - [2024-07-09T02:00:24.700+0000] {override.py:1829} INFO - Created Permission View: can delete on DAG:example_branch_labels
[2024-07-09T02:00:24.702+0000] {logging_mixin.py:188} INFO - [2024-07-09T02:00:24.702+0000] {dag.py:3096} INFO - Sync 1 DAGs
[2024-07-09T02:00:24.729+0000] {logging_mixin.py:188} INFO - [2024-07-09T02:00:24.728+0000] {dag.py:3118} INFO - Creating ORM DAG for example_branch_labels
[2024-07-09T02:00:24.759+0000] {logging_mixin.py:188} INFO - [2024-07-09T02:00:24.759+0000] {dag.py:3954} INFO - Setting next_dagrun for example_branch_labels to 2024-07-08 00:00:00+00:00, run_after=2024-07-09 00:00:00+00:00
[2024-07-09T02:00:24.790+0000] {processor.py:183} INFO - Processing /home/airflow/.local/lib/python3.12/site-packages/airflow/example_dags/example_branch_labels.py took 0.410 seconds
[2024-07-09T02:00:55.707+0000] {processor.py:161} INFO - Started process (PID=141) to work on /home/airflow/.local/lib/python3.12/site-packages/airflow/example_dags/example_branch_labels.py
[2024-07-09T02:00:55.710+0000] {processor.py:830} INFO - Processing file /home/airflow/.local/lib/python3.12/site-packages/airflow/example_dags/example_branch_labels.py for tasks to queue
[2024-07-09T02:00:55.718+0000] {logging_mixin.py:188} INFO - [2024-07-09T02:00:55.714+0000] {dagbag.py:545} INFO - Filling up the DagBag from /home/airflow/.local/lib/python3.12/site-packages/airflow/example_dags/example_branch_labels.py
[2024-07-09T02:00:55.740+0000] {processor.py:840} INFO - DAG(s) 'example_branch_labels' retrieved from /home/airflow/.local/lib/python3.12/site-packages/airflow/example_dags/example_branch_labels.py
[2024-07-09T02:00:55.811+0000] {logging_mixin.py:188} INFO - [2024-07-09T02:00:55.810+0000] {dag.py:3096} INFO - Sync 1 DAGs
[2024-07-09T02:00:55.873+0000] {logging_mixin.py:188} INFO - [2024-07-09T02:00:55.873+0000] {dag.py:3954} INFO - Setting next_dagrun for example_branch_labels to 2024-07-08 00:00:00+00:00, run_after=2024-07-09 00:00:00+00:00
[2024-07-09T02:00:55.912+0000] {processor.py:183} INFO - Processing /home/airflow/.local/lib/python3.12/site-packages/airflow/example_dags/example_branch_labels.py took 0.219 seconds
[2024-07-09T02:01:26.396+0000] {processor.py:161} INFO - Started process (PID=201) to work on /home/airflow/.local/lib/python3.12/site-packages/airflow/example_dags/example_branch_labels.py
[2024-07-09T02:01:26.399+0000] {processor.py:830} INFO - Processing file /home/airflow/.local/lib/python3.12/site-packages/airflow/example_dags/example_branch_labels.py for tasks to queue
[2024-07-09T02:01:26.403+0000] {logging_mixin.py:188} INFO - [2024-07-09T02:01:26.402+0000] {dagbag.py:545} INFO - Filling up the DagBag from /home/airflow/.local/lib/python3.12/site-packages/airflow/example_dags/example_branch_labels.py
[2024-07-09T02:01:26.421+0000] {processor.py:840} INFO - DAG(s) 'example_branch_labels' retrieved from /home/airflow/.local/lib/python3.12/site-packages/airflow/example_dags/example_branch_labels.py
[2024-07-09T02:01:26.464+0000] {logging_mixin.py:188} INFO - [2024-07-09T02:01:26.463+0000] {dag.py:3096} INFO - Sync 1 DAGs
[2024-07-09T02:01:26.512+0000] {logging_mixin.py:188} INFO - [2024-07-09T02:01:26.512+0000] {dag.py:3954} INFO - Setting next_dagrun for example_branch_labels to 2024-07-08 00:00:00+00:00, run_after=2024-07-09 00:00:00+00:00
[2024-07-09T02:01:26.553+0000] {processor.py:183} INFO - Processing /home/airflow/.local/lib/python3.12/site-packages/airflow/example_dags/example_branch_labels.py took 0.170 seconds
[2024-07-09T02:03:47.944+0000] {processor.py:161} INFO - Started process (PID=83) to work on /home/airflow/.local/lib/python3.12/site-packages/airflow/example_dags/example_branch_labels.py
[2024-07-09T02:03:47.947+0000] {processor.py:830} INFO - Processing file /home/airflow/.local/lib/python3.12/site-packages/airflow/example_dags/example_branch_labels.py for tasks to queue
[2024-07-09T02:03:47.952+0000] {logging_mixin.py:188} INFO - [2024-07-09T02:03:47.951+0000] {dagbag.py:545} INFO - Filling up the DagBag from /home/airflow/.local/lib/python3.12/site-packages/airflow/example_dags/example_branch_labels.py
[2024-07-09T02:03:47.978+0000] {processor.py:840} INFO - DAG(s) 'example_branch_labels' retrieved from /home/airflow/.local/lib/python3.12/site-packages/airflow/example_dags/example_branch_labels.py
[2024-07-09T02:03:48.276+0000] {logging_mixin.py:188} INFO - [2024-07-09T02:03:48.276+0000] {dag.py:3096} INFO - Sync 1 DAGs
[2024-07-09T02:03:48.329+0000] {logging_mixin.py:188} INFO - [2024-07-09T02:03:48.329+0000] {dag.py:3954} INFO - Setting next_dagrun for example_branch_labels to 2024-07-08 00:00:00+00:00, run_after=2024-07-09 00:00:00+00:00
[2024-07-09T02:03:48.369+0000] {processor.py:183} INFO - Processing /home/airflow/.local/lib/python3.12/site-packages/airflow/example_dags/example_branch_labels.py took 0.441 seconds
[2024-07-09T02:04:18.474+0000] {processor.py:161} INFO - Started process (PID=143) to work on /home/airflow/.local/lib/python3.12/site-packages/airflow/example_dags/example_branch_labels.py
[2024-07-09T02:04:18.476+0000] {processor.py:830} INFO - Processing file /home/airflow/.local/lib/python3.12/site-packages/airflow/example_dags/example_branch_labels.py for tasks to queue
[2024-07-09T02:04:18.479+0000] {logging_mixin.py:188} INFO - [2024-07-09T02:04:18.478+0000] {dagbag.py:545} INFO - Filling up the DagBag from /home/airflow/.local/lib/python3.12/site-packages/airflow/example_dags/example_branch_labels.py
[2024-07-09T02:04:18.493+0000] {processor.py:840} INFO - DAG(s) 'example_branch_labels' retrieved from /home/airflow/.local/lib/python3.12/site-packages/airflow/example_dags/example_branch_labels.py
[2024-07-09T02:04:18.535+0000] {logging_mixin.py:188} INFO - [2024-07-09T02:04:18.535+0000] {dag.py:3096} INFO - Sync 1 DAGs
[2024-07-09T02:04:18.598+0000] {logging_mixin.py:188} INFO - [2024-07-09T02:04:18.598+0000] {dag.py:3954} INFO - Setting next_dagrun for example_branch_labels to 2024-07-08 00:00:00+00:00, run_after=2024-07-09 00:00:00+00:00
[2024-07-09T02:04:18.637+0000] {processor.py:183} INFO - Processing /home/airflow/.local/lib/python3.12/site-packages/airflow/example_dags/example_branch_labels.py took 0.174 seconds
[2024-07-09T02:04:49.299+0000] {processor.py:161} INFO - Started process (PID=203) to work on /home/airflow/.local/lib/python3.12/site-packages/airflow/example_dags/example_branch_labels.py
[2024-07-09T02:04:49.301+0000] {processor.py:830} INFO - Processing file /home/airflow/.local/lib/python3.12/site-packages/airflow/example_dags/example_branch_labels.py for tasks to queue
[2024-07-09T02:04:49.304+0000] {logging_mixin.py:188} INFO - [2024-07-09T02:04:49.303+0000] {dagbag.py:545} INFO - Filling up the DagBag from /home/airflow/.local/lib/python3.12/site-packages/airflow/example_dags/example_branch_labels.py
[2024-07-09T02:04:49.316+0000] {processor.py:840} INFO - DAG(s) 'example_branch_labels' retrieved from /home/airflow/.local/lib/python3.12/site-packages/airflow/example_dags/example_branch_labels.py
[2024-07-09T02:04:49.352+0000] {logging_mixin.py:188} INFO - [2024-07-09T02:04:49.351+0000] {dag.py:3096} INFO - Sync 1 DAGs
[2024-07-09T02:04:49.389+0000] {logging_mixin.py:188} INFO - [2024-07-09T02:04:49.389+0000] {dag.py:3954} INFO - Setting next_dagrun for example_branch_labels to 2024-07-08 00:00:00+00:00, run_after=2024-07-09 00:00:00+00:00
[2024-07-09T02:04:49.423+0000] {processor.py:183} INFO - Processing /home/airflow/.local/lib/python3.12/site-packages/airflow/example_dags/example_branch_labels.py took 0.132 seconds
[2024-07-09T02:05:20.203+0000] {processor.py:161} INFO - Started process (PID=264) to work on /home/airflow/.local/lib/python3.12/site-packages/airflow/example_dags/example_branch_labels.py
[2024-07-09T02:05:20.208+0000] {processor.py:830} INFO - Processing file /home/airflow/.local/lib/python3.12/site-packages/airflow/example_dags/example_branch_labels.py for tasks to queue
[2024-07-09T02:05:20.220+0000] {logging_mixin.py:188} INFO - [2024-07-09T02:05:20.219+0000] {dagbag.py:545} INFO - Filling up the DagBag from /home/airflow/.local/lib/python3.12/site-packages/airflow/example_dags/example_branch_labels.py
[2024-07-09T02:05:20.262+0000] {processor.py:840} INFO - DAG(s) 'example_branch_labels' retrieved from /home/airflow/.local/lib/python3.12/site-packages/airflow/example_dags/example_branch_labels.py
[2024-07-09T02:05:20.331+0000] {logging_mixin.py:188} INFO - [2024-07-09T02:05:20.330+0000] {dag.py:3096} INFO - Sync 1 DAGs
[2024-07-09T02:05:20.398+0000] {logging_mixin.py:188} INFO - [2024-07-09T02:05:20.398+0000] {dag.py:3954} INFO - Setting next_dagrun for example_branch_labels to 2024-07-08 00:00:00+00:00, run_after=2024-07-09 00:00:00+00:00
[2024-07-09T02:05:20.452+0000] {processor.py:183} INFO - Processing /home/airflow/.local/lib/python3.12/site-packages/airflow/example_dags/example_branch_labels.py took 0.268 seconds
[2024-07-09T02:05:51.225+0000] {processor.py:161} INFO - Started process (PID=324) to work on /home/airflow/.local/lib/python3.12/site-packages/airflow/example_dags/example_branch_labels.py
[2024-07-09T02:05:51.226+0000] {processor.py:830} INFO - Processing file /home/airflow/.local/lib/python3.12/site-packages/airflow/example_dags/example_branch_labels.py for tasks to queue
[2024-07-09T02:05:51.230+0000] {logging_mixin.py:188} INFO - [2024-07-09T02:05:51.229+0000] {dagbag.py:545} INFO - Filling up the DagBag from /home/airflow/.local/lib/python3.12/site-packages/airflow/example_dags/example_branch_labels.py
[2024-07-09T02:05:51.244+0000] {processor.py:840} INFO - DAG(s) 'example_branch_labels' retrieved from /home/airflow/.local/lib/python3.12/site-packages/airflow/example_dags/example_branch_labels.py
[2024-07-09T02:05:51.285+0000] {logging_mixin.py:188} INFO - [2024-07-09T02:05:51.285+0000] {dag.py:3096} INFO - Sync 1 DAGs
[2024-07-09T02:05:51.326+0000] {logging_mixin.py:188} INFO - [2024-07-09T02:05:51.326+0000] {dag.py:3954} INFO - Setting next_dagrun for example_branch_labels to 2024-07-08 00:00:00+00:00, run_after=2024-07-09 00:00:00+00:00
[2024-07-09T02:05:51.371+0000] {processor.py:183} INFO - Processing /home/airflow/.local/lib/python3.12/site-packages/airflow/example_dags/example_branch_labels.py took 0.157 seconds
[2024-07-09T02:06:21.588+0000] {processor.py:161} INFO - Started process (PID=385) to work on /home/airflow/.local/lib/python3.12/site-packages/airflow/example_dags/example_branch_labels.py
[2024-07-09T02:06:21.589+0000] {processor.py:830} INFO - Processing file /home/airflow/.local/lib/python3.12/site-packages/airflow/example_dags/example_branch_labels.py for tasks to queue
[2024-07-09T02:06:21.591+0000] {logging_mixin.py:188} INFO - [2024-07-09T02:06:21.590+0000] {dagbag.py:545} INFO - Filling up the DagBag from /home/airflow/.local/lib/python3.12/site-packages/airflow/example_dags/example_branch_labels.py
[2024-07-09T02:06:21.603+0000] {processor.py:840} INFO - DAG(s) 'example_branch_labels' retrieved from /home/airflow/.local/lib/python3.12/site-packages/airflow/example_dags/example_branch_labels.py
[2024-07-09T02:06:21.627+0000] {logging_mixin.py:188} INFO - [2024-07-09T02:06:21.626+0000] {dag.py:3096} INFO - Sync 1 DAGs
[2024-07-09T02:06:21.652+0000] {logging_mixin.py:188} INFO - [2024-07-09T02:06:21.651+0000] {dag.py:3954} INFO - Setting next_dagrun for example_branch_labels to 2024-07-08 00:00:00+00:00, run_after=2024-07-09 00:00:00+00:00
[2024-07-09T02:06:21.692+0000] {processor.py:183} INFO - Processing /home/airflow/.local/lib/python3.12/site-packages/airflow/example_dags/example_branch_labels.py took 0.111 seconds
[2024-07-09T02:06:51.827+0000] {processor.py:161} INFO - Started process (PID=447) to work on /home/airflow/.local/lib/python3.12/site-packages/airflow/example_dags/example_branch_labels.py
[2024-07-09T02:06:51.828+0000] {processor.py:830} INFO - Processing file /home/airflow/.local/lib/python3.12/site-packages/airflow/example_dags/example_branch_labels.py for tasks to queue
[2024-07-09T02:06:51.830+0000] {logging_mixin.py:188} INFO - [2024-07-09T02:06:51.830+0000] {dagbag.py:545} INFO - Filling up the DagBag from /home/airflow/.local/lib/python3.12/site-packages/airflow/example_dags/example_branch_labels.py
[2024-07-09T02:06:51.840+0000] {processor.py:840} INFO - DAG(s) 'example_branch_labels' retrieved from /home/airflow/.local/lib/python3.12/site-packages/airflow/example_dags/example_branch_labels.py
[2024-07-09T02:06:51.865+0000] {logging_mixin.py:188} INFO - [2024-07-09T02:06:51.865+0000] {dag.py:3096} INFO - Sync 1 DAGs
[2024-07-09T02:06:51.894+0000] {logging_mixin.py:188} INFO - [2024-07-09T02:06:51.894+0000] {dag.py:3954} INFO - Setting next_dagrun for example_branch_labels to 2024-07-08 00:00:00+00:00, run_after=2024-07-09 00:00:00+00:00
[2024-07-09T02:06:51.922+0000] {processor.py:183} INFO - Processing /home/airflow/.local/lib/python3.12/site-packages/airflow/example_dags/example_branch_labels.py took 0.104 seconds
[2024-07-09T02:07:22.318+0000] {processor.py:161} INFO - Started process (PID=507) to work on /home/airflow/.local/lib/python3.12/site-packages/airflow/example_dags/example_branch_labels.py
[2024-07-09T02:07:22.319+0000] {processor.py:830} INFO - Processing file /home/airflow/.local/lib/python3.12/site-packages/airflow/example_dags/example_branch_labels.py for tasks to queue
[2024-07-09T02:07:22.322+0000] {logging_mixin.py:188} INFO - [2024-07-09T02:07:22.321+0000] {dagbag.py:545} INFO - Filling up the DagBag from /home/airflow/.local/lib/python3.12/site-packages/airflow/example_dags/example_branch_labels.py
[2024-07-09T02:07:22.330+0000] {processor.py:840} INFO - DAG(s) 'example_branch_labels' retrieved from /home/airflow/.local/lib/python3.12/site-packages/airflow/example_dags/example_branch_labels.py
[2024-07-09T02:07:22.357+0000] {logging_mixin.py:188} INFO - [2024-07-09T02:07:22.356+0000] {dag.py:3096} INFO - Sync 1 DAGs
[2024-07-09T02:07:22.391+0000] {logging_mixin.py:188} INFO - [2024-07-09T02:07:22.391+0000] {dag.py:3954} INFO - Setting next_dagrun for example_branch_labels to 2024-07-08 00:00:00+00:00, run_after=2024-07-09 00:00:00+00:00
[2024-07-09T02:07:22.416+0000] {processor.py:183} INFO - Processing /home/airflow/.local/lib/python3.12/site-packages/airflow/example_dags/example_branch_labels.py took 0.103 seconds
[2024-07-09T02:07:52.599+0000] {processor.py:161} INFO - Started process (PID=567) to work on /home/airflow/.local/lib/python3.12/site-packages/airflow/example_dags/example_branch_labels.py
[2024-07-09T02:07:52.600+0000] {processor.py:830} INFO - Processing file /home/airflow/.local/lib/python3.12/site-packages/airflow/example_dags/example_branch_labels.py for tasks to queue
[2024-07-09T02:07:52.602+0000] {logging_mixin.py:188} INFO - [2024-07-09T02:07:52.601+0000] {dagbag.py:545} INFO - Filling up the DagBag from /home/airflow/.local/lib/python3.12/site-packages/airflow/example_dags/example_branch_labels.py
[2024-07-09T02:07:52.612+0000] {processor.py:840} INFO - DAG(s) 'example_branch_labels' retrieved from /home/airflow/.local/lib/python3.12/site-packages/airflow/example_dags/example_branch_labels.py
[2024-07-09T02:07:52.639+0000] {logging_mixin.py:188} INFO - [2024-07-09T02:07:52.639+0000] {dag.py:3096} INFO - Sync 1 DAGs
[2024-07-09T02:07:52.663+0000] {logging_mixin.py:188} INFO - [2024-07-09T02:07:52.663+0000] {dag.py:3954} INFO - Setting next_dagrun for example_branch_labels to 2024-07-08 00:00:00+00:00, run_after=2024-07-09 00:00:00+00:00
[2024-07-09T02:07:52.687+0000] {processor.py:183} INFO - Processing /home/airflow/.local/lib/python3.12/site-packages/airflow/example_dags/example_branch_labels.py took 0.094 seconds
[2024-07-09T02:08:23.245+0000] {processor.py:161} INFO - Started process (PID=628) to work on /home/airflow/.local/lib/python3.12/site-packages/airflow/example_dags/example_branch_labels.py
[2024-07-09T02:08:23.246+0000] {processor.py:830} INFO - Processing file /home/airflow/.local/lib/python3.12/site-packages/airflow/example_dags/example_branch_labels.py for tasks to queue
[2024-07-09T02:08:23.249+0000] {logging_mixin.py:188} INFO - [2024-07-09T02:08:23.249+0000] {dagbag.py:545} INFO - Filling up the DagBag from /home/airflow/.local/lib/python3.12/site-packages/airflow/example_dags/example_branch_labels.py
[2024-07-09T02:08:23.259+0000] {processor.py:840} INFO - DAG(s) 'example_branch_labels' retrieved from /home/airflow/.local/lib/python3.12/site-packages/airflow/example_dags/example_branch_labels.py
[2024-07-09T02:08:23.288+0000] {logging_mixin.py:188} INFO - [2024-07-09T02:08:23.287+0000] {dag.py:3096} INFO - Sync 1 DAGs
[2024-07-09T02:08:23.317+0000] {logging_mixin.py:188} INFO - [2024-07-09T02:08:23.317+0000] {dag.py:3954} INFO - Setting next_dagrun for example_branch_labels to 2024-07-08 00:00:00+00:00, run_after=2024-07-09 00:00:00+00:00
[2024-07-09T02:08:23.341+0000] {processor.py:183} INFO - Processing /home/airflow/.local/lib/python3.12/site-packages/airflow/example_dags/example_branch_labels.py took 0.104 seconds
[2024-07-09T02:08:53.978+0000] {processor.py:161} INFO - Started process (PID=687) to work on /home/airflow/.local/lib/python3.12/site-packages/airflow/example_dags/example_branch_labels.py
[2024-07-09T02:08:53.979+0000] {processor.py:830} INFO - Processing file /home/airflow/.local/lib/python3.12/site-packages/airflow/example_dags/example_branch_labels.py for tasks to queue
[2024-07-09T02:08:53.981+0000] {logging_mixin.py:188} INFO - [2024-07-09T02:08:53.981+0000] {dagbag.py:545} INFO - Filling up the DagBag from /home/airflow/.local/lib/python3.12/site-packages/airflow/example_dags/example_branch_labels.py
[2024-07-09T02:08:53.992+0000] {processor.py:840} INFO - DAG(s) 'example_branch_labels' retrieved from /home/airflow/.local/lib/python3.12/site-packages/airflow/example_dags/example_branch_labels.py
[2024-07-09T02:08:54.022+0000] {logging_mixin.py:188} INFO - [2024-07-09T02:08:54.021+0000] {dag.py:3096} INFO - Sync 1 DAGs
[2024-07-09T02:08:54.059+0000] {logging_mixin.py:188} INFO - [2024-07-09T02:08:54.059+0000] {dag.py:3954} INFO - Setting next_dagrun for example_branch_labels to 2024-07-08 00:00:00+00:00, run_after=2024-07-09 00:00:00+00:00
[2024-07-09T02:08:54.085+0000] {processor.py:183} INFO - Processing /home/airflow/.local/lib/python3.12/site-packages/airflow/example_dags/example_branch_labels.py took 0.117 seconds
[2024-07-09T02:12:24.432+0000] {processor.py:161} INFO - Started process (PID=82) to work on /home/airflow/.local/lib/python3.12/site-packages/airflow/example_dags/example_branch_labels.py
[2024-07-09T02:12:24.434+0000] {processor.py:830} INFO - Processing file /home/airflow/.local/lib/python3.12/site-packages/airflow/example_dags/example_branch_labels.py for tasks to queue
[2024-07-09T02:12:24.437+0000] {logging_mixin.py:188} INFO - [2024-07-09T02:12:24.437+0000] {dagbag.py:545} INFO - Filling up the DagBag from /home/airflow/.local/lib/python3.12/site-packages/airflow/example_dags/example_branch_labels.py
[2024-07-09T02:12:24.453+0000] {processor.py:840} INFO - DAG(s) 'example_branch_labels' retrieved from /home/airflow/.local/lib/python3.12/site-packages/airflow/example_dags/example_branch_labels.py
[2024-07-09T02:12:24.654+0000] {logging_mixin.py:188} INFO - [2024-07-09T02:12:24.653+0000] {override.py:1829} INFO - Created Permission View: can edit on DAG:example_branch_labels
[2024-07-09T02:12:24.670+0000] {logging_mixin.py:188} INFO - [2024-07-09T02:12:24.670+0000] {override.py:1829} INFO - Created Permission View: can delete on DAG:example_branch_labels
[2024-07-09T02:12:24.680+0000] {logging_mixin.py:188} INFO - [2024-07-09T02:12:24.680+0000] {override.py:1829} INFO - Created Permission View: can read on DAG:example_branch_labels
[2024-07-09T02:12:24.682+0000] {logging_mixin.py:188} INFO - [2024-07-09T02:12:24.682+0000] {dag.py:3096} INFO - Sync 1 DAGs
[2024-07-09T02:12:24.701+0000] {logging_mixin.py:188} INFO - [2024-07-09T02:12:24.700+0000] {dag.py:3118} INFO - Creating ORM DAG for example_branch_labels
[2024-07-09T02:12:24.716+0000] {logging_mixin.py:188} INFO - [2024-07-09T02:12:24.716+0000] {dag.py:3954} INFO - Setting next_dagrun for example_branch_labels to 2024-07-08 00:00:00+00:00, run_after=2024-07-09 00:00:00+00:00
[2024-07-09T02:12:24.743+0000] {processor.py:183} INFO - Processing /home/airflow/.local/lib/python3.12/site-packages/airflow/example_dags/example_branch_labels.py took 0.323 seconds
[2024-07-09T02:12:54.913+0000] {processor.py:161} INFO - Started process (PID=142) to work on /home/airflow/.local/lib/python3.12/site-packages/airflow/example_dags/example_branch_labels.py
[2024-07-09T02:12:54.914+0000] {processor.py:830} INFO - Processing file /home/airflow/.local/lib/python3.12/site-packages/airflow/example_dags/example_branch_labels.py for tasks to queue
[2024-07-09T02:12:54.917+0000] {logging_mixin.py:188} INFO - [2024-07-09T02:12:54.917+0000] {dagbag.py:545} INFO - Filling up the DagBag from /home/airflow/.local/lib/python3.12/site-packages/airflow/example_dags/example_branch_labels.py
[2024-07-09T02:12:54.928+0000] {processor.py:840} INFO - DAG(s) 'example_branch_labels' retrieved from /home/airflow/.local/lib/python3.12/site-packages/airflow/example_dags/example_branch_labels.py
[2024-07-09T02:12:54.973+0000] {logging_mixin.py:188} INFO - [2024-07-09T02:12:54.972+0000] {dag.py:3096} INFO - Sync 1 DAGs
[2024-07-09T02:12:55.022+0000] {logging_mixin.py:188} INFO - [2024-07-09T02:12:55.022+0000] {dag.py:3954} INFO - Setting next_dagrun for example_branch_labels to 2024-07-08 00:00:00+00:00, run_after=2024-07-09 00:00:00+00:00
[2024-07-09T02:12:55.060+0000] {processor.py:183} INFO - Processing /home/airflow/.local/lib/python3.12/site-packages/airflow/example_dags/example_branch_labels.py took 0.157 seconds
[2024-07-09T02:13:25.518+0000] {processor.py:161} INFO - Started process (PID=202) to work on /home/airflow/.local/lib/python3.12/site-packages/airflow/example_dags/example_branch_labels.py
[2024-07-09T02:13:25.520+0000] {processor.py:830} INFO - Processing file /home/airflow/.local/lib/python3.12/site-packages/airflow/example_dags/example_branch_labels.py for tasks to queue
[2024-07-09T02:13:25.523+0000] {logging_mixin.py:188} INFO - [2024-07-09T02:13:25.522+0000] {dagbag.py:545} INFO - Filling up the DagBag from /home/airflow/.local/lib/python3.12/site-packages/airflow/example_dags/example_branch_labels.py
[2024-07-09T02:13:25.536+0000] {processor.py:840} INFO - DAG(s) 'example_branch_labels' retrieved from /home/airflow/.local/lib/python3.12/site-packages/airflow/example_dags/example_branch_labels.py
[2024-07-09T02:13:25.579+0000] {logging_mixin.py:188} INFO - [2024-07-09T02:13:25.578+0000] {dag.py:3096} INFO - Sync 1 DAGs
[2024-07-09T02:13:25.626+0000] {logging_mixin.py:188} INFO - [2024-07-09T02:13:25.625+0000] {dag.py:3954} INFO - Setting next_dagrun for example_branch_labels to 2024-07-08 00:00:00+00:00, run_after=2024-07-09 00:00:00+00:00
[2024-07-09T02:13:25.662+0000] {processor.py:183} INFO - Processing /home/airflow/.local/lib/python3.12/site-packages/airflow/example_dags/example_branch_labels.py took 0.155 seconds
[2024-07-09T02:13:56.381+0000] {processor.py:161} INFO - Started process (PID=262) to work on /home/airflow/.local/lib/python3.12/site-packages/airflow/example_dags/example_branch_labels.py
[2024-07-09T02:13:56.383+0000] {processor.py:830} INFO - Processing file /home/airflow/.local/lib/python3.12/site-packages/airflow/example_dags/example_branch_labels.py for tasks to queue
[2024-07-09T02:13:56.387+0000] {logging_mixin.py:188} INFO - [2024-07-09T02:13:56.386+0000] {dagbag.py:545} INFO - Filling up the DagBag from /home/airflow/.local/lib/python3.12/site-packages/airflow/example_dags/example_branch_labels.py
[2024-07-09T02:13:56.406+0000] {processor.py:840} INFO - DAG(s) 'example_branch_labels' retrieved from /home/airflow/.local/lib/python3.12/site-packages/airflow/example_dags/example_branch_labels.py
[2024-07-09T02:13:56.455+0000] {logging_mixin.py:188} INFO - [2024-07-09T02:13:56.454+0000] {dag.py:3096} INFO - Sync 1 DAGs
[2024-07-09T02:13:56.512+0000] {logging_mixin.py:188} INFO - [2024-07-09T02:13:56.511+0000] {dag.py:3954} INFO - Setting next_dagrun for example_branch_labels to 2024-07-08 00:00:00+00:00, run_after=2024-07-09 00:00:00+00:00
[2024-07-09T02:13:56.564+0000] {processor.py:183} INFO - Processing /home/airflow/.local/lib/python3.12/site-packages/airflow/example_dags/example_branch_labels.py took 0.193 seconds
[2024-07-09T02:14:27.078+0000] {processor.py:161} INFO - Started process (PID=322) to work on /home/airflow/.local/lib/python3.12/site-packages/airflow/example_dags/example_branch_labels.py
[2024-07-09T02:14:27.080+0000] {processor.py:830} INFO - Processing file /home/airflow/.local/lib/python3.12/site-packages/airflow/example_dags/example_branch_labels.py for tasks to queue
[2024-07-09T02:14:27.085+0000] {logging_mixin.py:188} INFO - [2024-07-09T02:14:27.084+0000] {dagbag.py:545} INFO - Filling up the DagBag from /home/airflow/.local/lib/python3.12/site-packages/airflow/example_dags/example_branch_labels.py
[2024-07-09T02:14:27.105+0000] {processor.py:840} INFO - DAG(s) 'example_branch_labels' retrieved from /home/airflow/.local/lib/python3.12/site-packages/airflow/example_dags/example_branch_labels.py
[2024-07-09T02:14:27.158+0000] {logging_mixin.py:188} INFO - [2024-07-09T02:14:27.158+0000] {dag.py:3096} INFO - Sync 1 DAGs
[2024-07-09T02:14:27.233+0000] {logging_mixin.py:188} INFO - [2024-07-09T02:14:27.229+0000] {dag.py:3954} INFO - Setting next_dagrun for example_branch_labels to 2024-07-08 00:00:00+00:00, run_after=2024-07-09 00:00:00+00:00
[2024-07-09T02:14:27.293+0000] {processor.py:183} INFO - Processing /home/airflow/.local/lib/python3.12/site-packages/airflow/example_dags/example_branch_labels.py took 0.229 seconds
[2024-07-09T02:17:09.277+0000] {processor.py:161} INFO - Started process (PID=82) to work on /home/airflow/.local/lib/python3.12/site-packages/airflow/example_dags/example_branch_labels.py
[2024-07-09T02:17:09.278+0000] {processor.py:830} INFO - Processing file /home/airflow/.local/lib/python3.12/site-packages/airflow/example_dags/example_branch_labels.py for tasks to queue
[2024-07-09T02:17:09.282+0000] {logging_mixin.py:188} INFO - [2024-07-09T02:17:09.281+0000] {dagbag.py:545} INFO - Filling up the DagBag from /home/airflow/.local/lib/python3.12/site-packages/airflow/example_dags/example_branch_labels.py
[2024-07-09T02:17:09.298+0000] {processor.py:840} INFO - DAG(s) 'example_branch_labels' retrieved from /home/airflow/.local/lib/python3.12/site-packages/airflow/example_dags/example_branch_labels.py
[2024-07-09T02:17:09.549+0000] {logging_mixin.py:188} INFO - [2024-07-09T02:17:09.548+0000] {dag.py:3096} INFO - Sync 1 DAGs
[2024-07-09T02:17:09.599+0000] {logging_mixin.py:188} INFO - [2024-07-09T02:17:09.598+0000] {dag.py:3954} INFO - Setting next_dagrun for example_branch_labels to 2024-07-08 00:00:00+00:00, run_after=2024-07-09 00:00:00+00:00
[2024-07-09T02:17:09.666+0000] {processor.py:183} INFO - Processing /home/airflow/.local/lib/python3.12/site-packages/airflow/example_dags/example_branch_labels.py took 0.399 seconds
[2024-07-09T02:17:39.793+0000] {processor.py:161} INFO - Started process (PID=142) to work on /home/airflow/.local/lib/python3.12/site-packages/airflow/example_dags/example_branch_labels.py
[2024-07-09T02:17:39.794+0000] {processor.py:830} INFO - Processing file /home/airflow/.local/lib/python3.12/site-packages/airflow/example_dags/example_branch_labels.py for tasks to queue
[2024-07-09T02:17:39.798+0000] {logging_mixin.py:188} INFO - [2024-07-09T02:17:39.798+0000] {dagbag.py:545} INFO - Filling up the DagBag from /home/airflow/.local/lib/python3.12/site-packages/airflow/example_dags/example_branch_labels.py
[2024-07-09T02:17:39.816+0000] {processor.py:840} INFO - DAG(s) 'example_branch_labels' retrieved from /home/airflow/.local/lib/python3.12/site-packages/airflow/example_dags/example_branch_labels.py
[2024-07-09T02:17:39.858+0000] {logging_mixin.py:188} INFO - [2024-07-09T02:17:39.858+0000] {dag.py:3096} INFO - Sync 1 DAGs
[2024-07-09T02:17:39.900+0000] {logging_mixin.py:188} INFO - [2024-07-09T02:17:39.899+0000] {dag.py:3954} INFO - Setting next_dagrun for example_branch_labels to 2024-07-08 00:00:00+00:00, run_after=2024-07-09 00:00:00+00:00
[2024-07-09T02:17:39.930+0000] {processor.py:183} INFO - Processing /home/airflow/.local/lib/python3.12/site-packages/airflow/example_dags/example_branch_labels.py took 0.149 seconds
[2024-07-09T02:18:10.606+0000] {processor.py:161} INFO - Started process (PID=203) to work on /home/airflow/.local/lib/python3.12/site-packages/airflow/example_dags/example_branch_labels.py
[2024-07-09T02:18:10.608+0000] {processor.py:830} INFO - Processing file /home/airflow/.local/lib/python3.12/site-packages/airflow/example_dags/example_branch_labels.py for tasks to queue
[2024-07-09T02:18:10.611+0000] {logging_mixin.py:188} INFO - [2024-07-09T02:18:10.610+0000] {dagbag.py:545} INFO - Filling up the DagBag from /home/airflow/.local/lib/python3.12/site-packages/airflow/example_dags/example_branch_labels.py
[2024-07-09T02:18:10.624+0000] {processor.py:840} INFO - DAG(s) 'example_branch_labels' retrieved from /home/airflow/.local/lib/python3.12/site-packages/airflow/example_dags/example_branch_labels.py
[2024-07-09T02:18:10.658+0000] {logging_mixin.py:188} INFO - [2024-07-09T02:18:10.657+0000] {dag.py:3096} INFO - Sync 1 DAGs
[2024-07-09T02:18:10.692+0000] {logging_mixin.py:188} INFO - [2024-07-09T02:18:10.691+0000] {dag.py:3954} INFO - Setting next_dagrun for example_branch_labels to 2024-07-08 00:00:00+00:00, run_after=2024-07-09 00:00:00+00:00
[2024-07-09T02:18:10.719+0000] {processor.py:183} INFO - Processing /home/airflow/.local/lib/python3.12/site-packages/airflow/example_dags/example_branch_labels.py took 0.125 seconds
[2024-07-09T02:18:41.039+0000] {processor.py:161} INFO - Started process (PID=263) to work on /home/airflow/.local/lib/python3.12/site-packages/airflow/example_dags/example_branch_labels.py
[2024-07-09T02:18:41.041+0000] {processor.py:830} INFO - Processing file /home/airflow/.local/lib/python3.12/site-packages/airflow/example_dags/example_branch_labels.py for tasks to queue
[2024-07-09T02:18:41.043+0000] {logging_mixin.py:188} INFO - [2024-07-09T02:18:41.043+0000] {dagbag.py:545} INFO - Filling up the DagBag from /home/airflow/.local/lib/python3.12/site-packages/airflow/example_dags/example_branch_labels.py
[2024-07-09T02:18:41.056+0000] {processor.py:840} INFO - DAG(s) 'example_branch_labels' retrieved from /home/airflow/.local/lib/python3.12/site-packages/airflow/example_dags/example_branch_labels.py
[2024-07-09T02:18:41.088+0000] {logging_mixin.py:188} INFO - [2024-07-09T02:18:41.088+0000] {dag.py:3096} INFO - Sync 1 DAGs
[2024-07-09T02:18:41.151+0000] {logging_mixin.py:188} INFO - [2024-07-09T02:18:41.151+0000] {dag.py:3954} INFO - Setting next_dagrun for example_branch_labels to 2024-07-08 00:00:00+00:00, run_after=2024-07-09 00:00:00+00:00
[2024-07-09T02:18:41.203+0000] {processor.py:183} INFO - Processing /home/airflow/.local/lib/python3.12/site-packages/airflow/example_dags/example_branch_labels.py took 0.173 seconds
[2024-07-09T02:19:12.557+0000] {processor.py:161} INFO - Started process (PID=323) to work on /home/airflow/.local/lib/python3.12/site-packages/airflow/example_dags/example_branch_labels.py
[2024-07-09T02:19:12.561+0000] {processor.py:830} INFO - Processing file /home/airflow/.local/lib/python3.12/site-packages/airflow/example_dags/example_branch_labels.py for tasks to queue
[2024-07-09T02:19:12.569+0000] {logging_mixin.py:188} INFO - [2024-07-09T02:19:12.568+0000] {dagbag.py:545} INFO - Filling up the DagBag from /home/airflow/.local/lib/python3.12/site-packages/airflow/example_dags/example_branch_labels.py
[2024-07-09T02:19:12.600+0000] {processor.py:840} INFO - DAG(s) 'example_branch_labels' retrieved from /home/airflow/.local/lib/python3.12/site-packages/airflow/example_dags/example_branch_labels.py
[2024-07-09T02:19:12.700+0000] {logging_mixin.py:188} INFO - [2024-07-09T02:19:12.700+0000] {dag.py:3096} INFO - Sync 1 DAGs
[2024-07-09T02:19:12.799+0000] {logging_mixin.py:188} INFO - [2024-07-09T02:19:12.799+0000] {dag.py:3954} INFO - Setting next_dagrun for example_branch_labels to 2024-07-08 00:00:00+00:00, run_after=2024-07-09 00:00:00+00:00
[2024-07-09T02:19:12.849+0000] {processor.py:183} INFO - Processing /home/airflow/.local/lib/python3.12/site-packages/airflow/example_dags/example_branch_labels.py took 0.316 seconds
[2024-07-09T02:19:43.599+0000] {processor.py:161} INFO - Started process (PID=383) to work on /home/airflow/.local/lib/python3.12/site-packages/airflow/example_dags/example_branch_labels.py
[2024-07-09T02:19:43.609+0000] {processor.py:830} INFO - Processing file /home/airflow/.local/lib/python3.12/site-packages/airflow/example_dags/example_branch_labels.py for tasks to queue
[2024-07-09T02:19:43.615+0000] {logging_mixin.py:188} INFO - [2024-07-09T02:19:43.614+0000] {dagbag.py:545} INFO - Filling up the DagBag from /home/airflow/.local/lib/python3.12/site-packages/airflow/example_dags/example_branch_labels.py
[2024-07-09T02:19:43.651+0000] {processor.py:840} INFO - DAG(s) 'example_branch_labels' retrieved from /home/airflow/.local/lib/python3.12/site-packages/airflow/example_dags/example_branch_labels.py
[2024-07-09T02:19:43.731+0000] {logging_mixin.py:188} INFO - [2024-07-09T02:19:43.731+0000] {dag.py:3096} INFO - Sync 1 DAGs
[2024-07-09T02:19:43.798+0000] {logging_mixin.py:188} INFO - [2024-07-09T02:19:43.798+0000] {dag.py:3954} INFO - Setting next_dagrun for example_branch_labels to 2024-07-08 00:00:00+00:00, run_after=2024-07-09 00:00:00+00:00
[2024-07-09T02:19:43.837+0000] {processor.py:183} INFO - Processing /home/airflow/.local/lib/python3.12/site-packages/airflow/example_dags/example_branch_labels.py took 0.260 seconds
[2024-07-09T02:20:14.801+0000] {processor.py:161} INFO - Started process (PID=444) to work on /home/airflow/.local/lib/python3.12/site-packages/airflow/example_dags/example_branch_labels.py
[2024-07-09T02:20:14.804+0000] {processor.py:830} INFO - Processing file /home/airflow/.local/lib/python3.12/site-packages/airflow/example_dags/example_branch_labels.py for tasks to queue
[2024-07-09T02:20:14.819+0000] {logging_mixin.py:188} INFO - [2024-07-09T02:20:14.810+0000] {dagbag.py:545} INFO - Filling up the DagBag from /home/airflow/.local/lib/python3.12/site-packages/airflow/example_dags/example_branch_labels.py
[2024-07-09T02:20:14.879+0000] {processor.py:840} INFO - DAG(s) 'example_branch_labels' retrieved from /home/airflow/.local/lib/python3.12/site-packages/airflow/example_dags/example_branch_labels.py
[2024-07-09T02:20:14.966+0000] {logging_mixin.py:188} INFO - [2024-07-09T02:20:14.965+0000] {dag.py:3096} INFO - Sync 1 DAGs
[2024-07-09T02:20:15.046+0000] {logging_mixin.py:188} INFO - [2024-07-09T02:20:15.046+0000] {dag.py:3954} INFO - Setting next_dagrun for example_branch_labels to 2024-07-08 00:00:00+00:00, run_after=2024-07-09 00:00:00+00:00
[2024-07-09T02:20:15.103+0000] {processor.py:183} INFO - Processing /home/airflow/.local/lib/python3.12/site-packages/airflow/example_dags/example_branch_labels.py took 0.353 seconds
[2024-07-09T02:20:46.230+0000] {processor.py:161} INFO - Started process (PID=509) to work on /home/airflow/.local/lib/python3.12/site-packages/airflow/example_dags/example_branch_labels.py
[2024-07-09T02:20:46.233+0000] {processor.py:830} INFO - Processing file /home/airflow/.local/lib/python3.12/site-packages/airflow/example_dags/example_branch_labels.py for tasks to queue
[2024-07-09T02:20:46.238+0000] {logging_mixin.py:188} INFO - [2024-07-09T02:20:46.237+0000] {dagbag.py:545} INFO - Filling up the DagBag from /home/airflow/.local/lib/python3.12/site-packages/airflow/example_dags/example_branch_labels.py
[2024-07-09T02:20:46.261+0000] {processor.py:840} INFO - DAG(s) 'example_branch_labels' retrieved from /home/airflow/.local/lib/python3.12/site-packages/airflow/example_dags/example_branch_labels.py
[2024-07-09T02:20:46.323+0000] {logging_mixin.py:188} INFO - [2024-07-09T02:20:46.321+0000] {dag.py:3096} INFO - Sync 1 DAGs
[2024-07-09T02:20:46.414+0000] {logging_mixin.py:188} INFO - [2024-07-09T02:20:46.413+0000] {dag.py:3954} INFO - Setting next_dagrun for example_branch_labels to 2024-07-08 00:00:00+00:00, run_after=2024-07-09 00:00:00+00:00
[2024-07-09T02:20:46.481+0000] {processor.py:183} INFO - Processing /home/airflow/.local/lib/python3.12/site-packages/airflow/example_dags/example_branch_labels.py took 0.269 seconds
[2024-07-09T02:21:17.421+0000] {processor.py:161} INFO - Started process (PID=569) to work on /home/airflow/.local/lib/python3.12/site-packages/airflow/example_dags/example_branch_labels.py
[2024-07-09T02:21:17.422+0000] {processor.py:830} INFO - Processing file /home/airflow/.local/lib/python3.12/site-packages/airflow/example_dags/example_branch_labels.py for tasks to queue
[2024-07-09T02:21:17.425+0000] {logging_mixin.py:188} INFO - [2024-07-09T02:21:17.425+0000] {dagbag.py:545} INFO - Filling up the DagBag from /home/airflow/.local/lib/python3.12/site-packages/airflow/example_dags/example_branch_labels.py
[2024-07-09T02:21:17.435+0000] {processor.py:840} INFO - DAG(s) 'example_branch_labels' retrieved from /home/airflow/.local/lib/python3.12/site-packages/airflow/example_dags/example_branch_labels.py
[2024-07-09T02:21:17.461+0000] {logging_mixin.py:188} INFO - [2024-07-09T02:21:17.461+0000] {dag.py:3096} INFO - Sync 1 DAGs
[2024-07-09T02:21:17.497+0000] {logging_mixin.py:188} INFO - [2024-07-09T02:21:17.497+0000] {dag.py:3954} INFO - Setting next_dagrun for example_branch_labels to 2024-07-08 00:00:00+00:00, run_after=2024-07-09 00:00:00+00:00
[2024-07-09T02:21:17.527+0000] {processor.py:183} INFO - Processing /home/airflow/.local/lib/python3.12/site-packages/airflow/example_dags/example_branch_labels.py took 0.114 seconds
[2024-07-09T02:21:48.010+0000] {processor.py:161} INFO - Started process (PID=629) to work on /home/airflow/.local/lib/python3.12/site-packages/airflow/example_dags/example_branch_labels.py
[2024-07-09T02:21:48.012+0000] {processor.py:830} INFO - Processing file /home/airflow/.local/lib/python3.12/site-packages/airflow/example_dags/example_branch_labels.py for tasks to queue
[2024-07-09T02:21:48.015+0000] {logging_mixin.py:188} INFO - [2024-07-09T02:21:48.014+0000] {dagbag.py:545} INFO - Filling up the DagBag from /home/airflow/.local/lib/python3.12/site-packages/airflow/example_dags/example_branch_labels.py
[2024-07-09T02:21:48.026+0000] {processor.py:840} INFO - DAG(s) 'example_branch_labels' retrieved from /home/airflow/.local/lib/python3.12/site-packages/airflow/example_dags/example_branch_labels.py
[2024-07-09T02:21:48.076+0000] {logging_mixin.py:188} INFO - [2024-07-09T02:21:48.076+0000] {dag.py:3096} INFO - Sync 1 DAGs
[2024-07-09T02:21:48.143+0000] {logging_mixin.py:188} INFO - [2024-07-09T02:21:48.142+0000] {dag.py:3954} INFO - Setting next_dagrun for example_branch_labels to 2024-07-08 00:00:00+00:00, run_after=2024-07-09 00:00:00+00:00
[2024-07-09T02:21:48.213+0000] {processor.py:183} INFO - Processing /home/airflow/.local/lib/python3.12/site-packages/airflow/example_dags/example_branch_labels.py took 0.214 seconds
[2024-07-09T02:22:19.107+0000] {processor.py:161} INFO - Started process (PID=689) to work on /home/airflow/.local/lib/python3.12/site-packages/airflow/example_dags/example_branch_labels.py
[2024-07-09T02:22:19.109+0000] {processor.py:830} INFO - Processing file /home/airflow/.local/lib/python3.12/site-packages/airflow/example_dags/example_branch_labels.py for tasks to queue
[2024-07-09T02:22:19.113+0000] {logging_mixin.py:188} INFO - [2024-07-09T02:22:19.112+0000] {dagbag.py:545} INFO - Filling up the DagBag from /home/airflow/.local/lib/python3.12/site-packages/airflow/example_dags/example_branch_labels.py
[2024-07-09T02:22:19.126+0000] {processor.py:840} INFO - DAG(s) 'example_branch_labels' retrieved from /home/airflow/.local/lib/python3.12/site-packages/airflow/example_dags/example_branch_labels.py
[2024-07-09T02:22:19.159+0000] {logging_mixin.py:188} INFO - [2024-07-09T02:22:19.159+0000] {dag.py:3096} INFO - Sync 1 DAGs
[2024-07-09T02:22:19.205+0000] {logging_mixin.py:188} INFO - [2024-07-09T02:22:19.204+0000] {dag.py:3954} INFO - Setting next_dagrun for example_branch_labels to 2024-07-08 00:00:00+00:00, run_after=2024-07-09 00:00:00+00:00
[2024-07-09T02:22:19.234+0000] {processor.py:183} INFO - Processing /home/airflow/.local/lib/python3.12/site-packages/airflow/example_dags/example_branch_labels.py took 0.138 seconds
[2024-07-09T02:22:49.525+0000] {processor.py:161} INFO - Started process (PID=748) to work on /home/airflow/.local/lib/python3.12/site-packages/airflow/example_dags/example_branch_labels.py
[2024-07-09T02:22:49.527+0000] {processor.py:830} INFO - Processing file /home/airflow/.local/lib/python3.12/site-packages/airflow/example_dags/example_branch_labels.py for tasks to queue
[2024-07-09T02:22:49.530+0000] {logging_mixin.py:188} INFO - [2024-07-09T02:22:49.530+0000] {dagbag.py:545} INFO - Filling up the DagBag from /home/airflow/.local/lib/python3.12/site-packages/airflow/example_dags/example_branch_labels.py
[2024-07-09T02:22:49.543+0000] {processor.py:840} INFO - DAG(s) 'example_branch_labels' retrieved from /home/airflow/.local/lib/python3.12/site-packages/airflow/example_dags/example_branch_labels.py
[2024-07-09T02:22:49.583+0000] {logging_mixin.py:188} INFO - [2024-07-09T02:22:49.582+0000] {dag.py:3096} INFO - Sync 1 DAGs
[2024-07-09T02:22:49.629+0000] {logging_mixin.py:188} INFO - [2024-07-09T02:22:49.628+0000] {dag.py:3954} INFO - Setting next_dagrun for example_branch_labels to 2024-07-08 00:00:00+00:00, run_after=2024-07-09 00:00:00+00:00
[2024-07-09T02:22:49.664+0000] {processor.py:183} INFO - Processing /home/airflow/.local/lib/python3.12/site-packages/airflow/example_dags/example_branch_labels.py took 0.151 seconds
[2024-07-09T02:23:19.874+0000] {processor.py:161} INFO - Started process (PID=806) to work on /home/airflow/.local/lib/python3.12/site-packages/airflow/example_dags/example_branch_labels.py
[2024-07-09T02:23:19.875+0000] {processor.py:830} INFO - Processing file /home/airflow/.local/lib/python3.12/site-packages/airflow/example_dags/example_branch_labels.py for tasks to queue
[2024-07-09T02:23:19.879+0000] {logging_mixin.py:188} INFO - [2024-07-09T02:23:19.878+0000] {dagbag.py:545} INFO - Filling up the DagBag from /home/airflow/.local/lib/python3.12/site-packages/airflow/example_dags/example_branch_labels.py
[2024-07-09T02:23:19.895+0000] {processor.py:840} INFO - DAG(s) 'example_branch_labels' retrieved from /home/airflow/.local/lib/python3.12/site-packages/airflow/example_dags/example_branch_labels.py
[2024-07-09T02:23:19.936+0000] {logging_mixin.py:188} INFO - [2024-07-09T02:23:19.935+0000] {dag.py:3096} INFO - Sync 1 DAGs
[2024-07-09T02:23:19.987+0000] {logging_mixin.py:188} INFO - [2024-07-09T02:23:19.986+0000] {dag.py:3954} INFO - Setting next_dagrun for example_branch_labels to 2024-07-08 00:00:00+00:00, run_after=2024-07-09 00:00:00+00:00
[2024-07-09T02:23:20.028+0000] {processor.py:183} INFO - Processing /home/airflow/.local/lib/python3.12/site-packages/airflow/example_dags/example_branch_labels.py took 0.165 seconds
[2024-07-09T02:23:50.789+0000] {processor.py:161} INFO - Started process (PID=866) to work on /home/airflow/.local/lib/python3.12/site-packages/airflow/example_dags/example_branch_labels.py
[2024-07-09T02:23:50.791+0000] {processor.py:830} INFO - Processing file /home/airflow/.local/lib/python3.12/site-packages/airflow/example_dags/example_branch_labels.py for tasks to queue
[2024-07-09T02:23:50.795+0000] {logging_mixin.py:188} INFO - [2024-07-09T02:23:50.795+0000] {dagbag.py:545} INFO - Filling up the DagBag from /home/airflow/.local/lib/python3.12/site-packages/airflow/example_dags/example_branch_labels.py
[2024-07-09T02:23:50.819+0000] {processor.py:840} INFO - DAG(s) 'example_branch_labels' retrieved from /home/airflow/.local/lib/python3.12/site-packages/airflow/example_dags/example_branch_labels.py
[2024-07-09T02:23:50.870+0000] {logging_mixin.py:188} INFO - [2024-07-09T02:23:50.870+0000] {dag.py:3096} INFO - Sync 1 DAGs
[2024-07-09T02:23:50.925+0000] {logging_mixin.py:188} INFO - [2024-07-09T02:23:50.924+0000] {dag.py:3954} INFO - Setting next_dagrun for example_branch_labels to 2024-07-08 00:00:00+00:00, run_after=2024-07-09 00:00:00+00:00
[2024-07-09T02:23:50.970+0000] {processor.py:183} INFO - Processing /home/airflow/.local/lib/python3.12/site-packages/airflow/example_dags/example_branch_labels.py took 0.193 seconds
[2024-07-09T02:24:21.802+0000] {processor.py:161} INFO - Started process (PID=927) to work on /home/airflow/.local/lib/python3.12/site-packages/airflow/example_dags/example_branch_labels.py
[2024-07-09T02:24:21.805+0000] {processor.py:830} INFO - Processing file /home/airflow/.local/lib/python3.12/site-packages/airflow/example_dags/example_branch_labels.py for tasks to queue
[2024-07-09T02:24:21.809+0000] {logging_mixin.py:188} INFO - [2024-07-09T02:24:21.808+0000] {dagbag.py:545} INFO - Filling up the DagBag from /home/airflow/.local/lib/python3.12/site-packages/airflow/example_dags/example_branch_labels.py
[2024-07-09T02:24:21.832+0000] {processor.py:840} INFO - DAG(s) 'example_branch_labels' retrieved from /home/airflow/.local/lib/python3.12/site-packages/airflow/example_dags/example_branch_labels.py
[2024-07-09T02:24:21.903+0000] {logging_mixin.py:188} INFO - [2024-07-09T02:24:21.902+0000] {dag.py:3096} INFO - Sync 1 DAGs
[2024-07-09T02:24:21.991+0000] {logging_mixin.py:188} INFO - [2024-07-09T02:24:21.991+0000] {dag.py:3954} INFO - Setting next_dagrun for example_branch_labels to 2024-07-08 00:00:00+00:00, run_after=2024-07-09 00:00:00+00:00
[2024-07-09T02:24:22.040+0000] {processor.py:183} INFO - Processing /home/airflow/.local/lib/python3.12/site-packages/airflow/example_dags/example_branch_labels.py took 0.258 seconds
[2024-07-09T02:24:54.123+0000] {processor.py:161} INFO - Started process (PID=987) to work on /home/airflow/.local/lib/python3.12/site-packages/airflow/example_dags/example_branch_labels.py
[2024-07-09T02:24:54.141+0000] {processor.py:830} INFO - Processing file /home/airflow/.local/lib/python3.12/site-packages/airflow/example_dags/example_branch_labels.py for tasks to queue
[2024-07-09T02:24:54.154+0000] {logging_mixin.py:188} INFO - [2024-07-09T02:24:54.153+0000] {dagbag.py:545} INFO - Filling up the DagBag from /home/airflow/.local/lib/python3.12/site-packages/airflow/example_dags/example_branch_labels.py
[2024-07-09T02:24:54.217+0000] {processor.py:840} INFO - DAG(s) 'example_branch_labels' retrieved from /home/airflow/.local/lib/python3.12/site-packages/airflow/example_dags/example_branch_labels.py
[2024-07-09T02:24:54.388+0000] {logging_mixin.py:188} INFO - [2024-07-09T02:24:54.387+0000] {dag.py:3096} INFO - Sync 1 DAGs
[2024-07-09T02:24:54.599+0000] {logging_mixin.py:188} INFO - [2024-07-09T02:24:54.598+0000] {dag.py:3954} INFO - Setting next_dagrun for example_branch_labels to 2024-07-08 00:00:00+00:00, run_after=2024-07-09 00:00:00+00:00
[2024-07-09T02:24:54.762+0000] {processor.py:183} INFO - Processing /home/airflow/.local/lib/python3.12/site-packages/airflow/example_dags/example_branch_labels.py took 0.673 seconds
[2024-07-09T02:25:25.554+0000] {processor.py:161} INFO - Started process (PID=1055) to work on /home/airflow/.local/lib/python3.12/site-packages/airflow/example_dags/example_branch_labels.py
[2024-07-09T02:25:25.557+0000] {processor.py:830} INFO - Processing file /home/airflow/.local/lib/python3.12/site-packages/airflow/example_dags/example_branch_labels.py for tasks to queue
[2024-07-09T02:25:25.562+0000] {logging_mixin.py:188} INFO - [2024-07-09T02:25:25.561+0000] {dagbag.py:545} INFO - Filling up the DagBag from /home/airflow/.local/lib/python3.12/site-packages/airflow/example_dags/example_branch_labels.py
[2024-07-09T02:25:25.594+0000] {processor.py:840} INFO - DAG(s) 'example_branch_labels' retrieved from /home/airflow/.local/lib/python3.12/site-packages/airflow/example_dags/example_branch_labels.py
[2024-07-09T02:25:25.682+0000] {logging_mixin.py:188} INFO - [2024-07-09T02:25:25.681+0000] {dag.py:3096} INFO - Sync 1 DAGs
[2024-07-09T02:25:25.783+0000] {logging_mixin.py:188} INFO - [2024-07-09T02:25:25.783+0000] {dag.py:3954} INFO - Setting next_dagrun for example_branch_labels to 2024-07-08 00:00:00+00:00, run_after=2024-07-09 00:00:00+00:00
[2024-07-09T02:25:25.853+0000] {processor.py:183} INFO - Processing /home/airflow/.local/lib/python3.12/site-packages/airflow/example_dags/example_branch_labels.py took 0.320 seconds
[2024-07-09T02:25:56.323+0000] {processor.py:161} INFO - Started process (PID=1127) to work on /home/airflow/.local/lib/python3.12/site-packages/airflow/example_dags/example_branch_labels.py
[2024-07-09T02:25:56.325+0000] {processor.py:830} INFO - Processing file /home/airflow/.local/lib/python3.12/site-packages/airflow/example_dags/example_branch_labels.py for tasks to queue
[2024-07-09T02:25:56.329+0000] {logging_mixin.py:188} INFO - [2024-07-09T02:25:56.329+0000] {dagbag.py:545} INFO - Filling up the DagBag from /home/airflow/.local/lib/python3.12/site-packages/airflow/example_dags/example_branch_labels.py
[2024-07-09T02:25:56.355+0000] {processor.py:840} INFO - DAG(s) 'example_branch_labels' retrieved from /home/airflow/.local/lib/python3.12/site-packages/airflow/example_dags/example_branch_labels.py
[2024-07-09T02:25:56.426+0000] {logging_mixin.py:188} INFO - [2024-07-09T02:25:56.426+0000] {dag.py:3096} INFO - Sync 1 DAGs
[2024-07-09T02:25:56.487+0000] {logging_mixin.py:188} INFO - [2024-07-09T02:25:56.487+0000] {dag.py:3954} INFO - Setting next_dagrun for example_branch_labels to 2024-07-08 00:00:00+00:00, run_after=2024-07-09 00:00:00+00:00
[2024-07-09T02:25:56.529+0000] {processor.py:183} INFO - Processing /home/airflow/.local/lib/python3.12/site-packages/airflow/example_dags/example_branch_labels.py took 0.227 seconds
[2024-07-09T02:26:26.985+0000] {processor.py:161} INFO - Started process (PID=1187) to work on /home/airflow/.local/lib/python3.12/site-packages/airflow/example_dags/example_branch_labels.py
[2024-07-09T02:26:26.989+0000] {processor.py:830} INFO - Processing file /home/airflow/.local/lib/python3.12/site-packages/airflow/example_dags/example_branch_labels.py for tasks to queue
[2024-07-09T02:26:26.994+0000] {logging_mixin.py:188} INFO - [2024-07-09T02:26:26.993+0000] {dagbag.py:545} INFO - Filling up the DagBag from /home/airflow/.local/lib/python3.12/site-packages/airflow/example_dags/example_branch_labels.py
[2024-07-09T02:26:27.026+0000] {processor.py:840} INFO - DAG(s) 'example_branch_labels' retrieved from /home/airflow/.local/lib/python3.12/site-packages/airflow/example_dags/example_branch_labels.py
[2024-07-09T02:26:27.086+0000] {logging_mixin.py:188} INFO - [2024-07-09T02:26:27.085+0000] {dag.py:3096} INFO - Sync 1 DAGs
[2024-07-09T02:26:27.186+0000] {logging_mixin.py:188} INFO - [2024-07-09T02:26:27.184+0000] {dag.py:3954} INFO - Setting next_dagrun for example_branch_labels to 2024-07-08 00:00:00+00:00, run_after=2024-07-09 00:00:00+00:00
[2024-07-09T02:26:27.256+0000] {processor.py:183} INFO - Processing /home/airflow/.local/lib/python3.12/site-packages/airflow/example_dags/example_branch_labels.py took 0.286 seconds
[2024-07-09T02:26:57.744+0000] {processor.py:161} INFO - Started process (PID=1247) to work on /home/airflow/.local/lib/python3.12/site-packages/airflow/example_dags/example_branch_labels.py
[2024-07-09T02:26:57.746+0000] {processor.py:830} INFO - Processing file /home/airflow/.local/lib/python3.12/site-packages/airflow/example_dags/example_branch_labels.py for tasks to queue
[2024-07-09T02:26:57.750+0000] {logging_mixin.py:188} INFO - [2024-07-09T02:26:57.750+0000] {dagbag.py:545} INFO - Filling up the DagBag from /home/airflow/.local/lib/python3.12/site-packages/airflow/example_dags/example_branch_labels.py
[2024-07-09T02:26:57.770+0000] {processor.py:840} INFO - DAG(s) 'example_branch_labels' retrieved from /home/airflow/.local/lib/python3.12/site-packages/airflow/example_dags/example_branch_labels.py
[2024-07-09T02:26:57.818+0000] {logging_mixin.py:188} INFO - [2024-07-09T02:26:57.817+0000] {dag.py:3096} INFO - Sync 1 DAGs
[2024-07-09T02:26:57.890+0000] {logging_mixin.py:188} INFO - [2024-07-09T02:26:57.889+0000] {dag.py:3954} INFO - Setting next_dagrun for example_branch_labels to 2024-07-08 00:00:00+00:00, run_after=2024-07-09 00:00:00+00:00
[2024-07-09T02:26:57.930+0000] {processor.py:183} INFO - Processing /home/airflow/.local/lib/python3.12/site-packages/airflow/example_dags/example_branch_labels.py took 0.199 seconds
[2024-07-09T02:27:28.698+0000] {processor.py:161} INFO - Started process (PID=1311) to work on /home/airflow/.local/lib/python3.12/site-packages/airflow/example_dags/example_branch_labels.py
[2024-07-09T02:27:28.699+0000] {processor.py:830} INFO - Processing file /home/airflow/.local/lib/python3.12/site-packages/airflow/example_dags/example_branch_labels.py for tasks to queue
[2024-07-09T02:27:28.703+0000] {logging_mixin.py:188} INFO - [2024-07-09T02:27:28.702+0000] {dagbag.py:545} INFO - Filling up the DagBag from /home/airflow/.local/lib/python3.12/site-packages/airflow/example_dags/example_branch_labels.py
[2024-07-09T02:27:28.716+0000] {processor.py:840} INFO - DAG(s) 'example_branch_labels' retrieved from /home/airflow/.local/lib/python3.12/site-packages/airflow/example_dags/example_branch_labels.py
[2024-07-09T02:27:28.755+0000] {logging_mixin.py:188} INFO - [2024-07-09T02:27:28.755+0000] {dag.py:3096} INFO - Sync 1 DAGs
[2024-07-09T02:27:28.798+0000] {logging_mixin.py:188} INFO - [2024-07-09T02:27:28.798+0000] {dag.py:3954} INFO - Setting next_dagrun for example_branch_labels to 2024-07-08 00:00:00+00:00, run_after=2024-07-09 00:00:00+00:00
[2024-07-09T02:27:28.834+0000] {processor.py:183} INFO - Processing /home/airflow/.local/lib/python3.12/site-packages/airflow/example_dags/example_branch_labels.py took 0.146 seconds
[2024-07-09T02:27:59.677+0000] {processor.py:161} INFO - Started process (PID=1371) to work on /home/airflow/.local/lib/python3.12/site-packages/airflow/example_dags/example_branch_labels.py
[2024-07-09T02:27:59.678+0000] {processor.py:830} INFO - Processing file /home/airflow/.local/lib/python3.12/site-packages/airflow/example_dags/example_branch_labels.py for tasks to queue
[2024-07-09T02:27:59.681+0000] {logging_mixin.py:188} INFO - [2024-07-09T02:27:59.681+0000] {dagbag.py:545} INFO - Filling up the DagBag from /home/airflow/.local/lib/python3.12/site-packages/airflow/example_dags/example_branch_labels.py
[2024-07-09T02:27:59.717+0000] {processor.py:840} INFO - DAG(s) 'example_branch_labels' retrieved from /home/airflow/.local/lib/python3.12/site-packages/airflow/example_dags/example_branch_labels.py
[2024-07-09T02:27:59.761+0000] {logging_mixin.py:188} INFO - [2024-07-09T02:27:59.761+0000] {dag.py:3096} INFO - Sync 1 DAGs
[2024-07-09T02:27:59.810+0000] {logging_mixin.py:188} INFO - [2024-07-09T02:27:59.810+0000] {dag.py:3954} INFO - Setting next_dagrun for example_branch_labels to 2024-07-08 00:00:00+00:00, run_after=2024-07-09 00:00:00+00:00
[2024-07-09T02:27:59.850+0000] {processor.py:183} INFO - Processing /home/airflow/.local/lib/python3.12/site-packages/airflow/example_dags/example_branch_labels.py took 0.183 seconds
[2024-07-09T02:28:30.929+0000] {processor.py:161} INFO - Started process (PID=1431) to work on /home/airflow/.local/lib/python3.12/site-packages/airflow/example_dags/example_branch_labels.py
[2024-07-09T02:28:30.931+0000] {processor.py:830} INFO - Processing file /home/airflow/.local/lib/python3.12/site-packages/airflow/example_dags/example_branch_labels.py for tasks to queue
[2024-07-09T02:28:30.936+0000] {logging_mixin.py:188} INFO - [2024-07-09T02:28:30.935+0000] {dagbag.py:545} INFO - Filling up the DagBag from /home/airflow/.local/lib/python3.12/site-packages/airflow/example_dags/example_branch_labels.py
[2024-07-09T02:28:30.958+0000] {processor.py:840} INFO - DAG(s) 'example_branch_labels' retrieved from /home/airflow/.local/lib/python3.12/site-packages/airflow/example_dags/example_branch_labels.py
[2024-07-09T02:28:31.013+0000] {logging_mixin.py:188} INFO - [2024-07-09T02:28:31.012+0000] {dag.py:3096} INFO - Sync 1 DAGs
[2024-07-09T02:28:31.078+0000] {logging_mixin.py:188} INFO - [2024-07-09T02:28:31.078+0000] {dag.py:3954} INFO - Setting next_dagrun for example_branch_labels to 2024-07-08 00:00:00+00:00, run_after=2024-07-09 00:00:00+00:00
[2024-07-09T02:28:31.122+0000] {processor.py:183} INFO - Processing /home/airflow/.local/lib/python3.12/site-packages/airflow/example_dags/example_branch_labels.py took 0.210 seconds
[2024-07-09T02:29:06.912+0000] {processor.py:161} INFO - Started process (PID=1490) to work on /home/airflow/.local/lib/python3.12/site-packages/airflow/example_dags/example_branch_labels.py
[2024-07-09T02:29:06.964+0000] {processor.py:830} INFO - Processing file /home/airflow/.local/lib/python3.12/site-packages/airflow/example_dags/example_branch_labels.py for tasks to queue
[2024-07-09T02:29:07.116+0000] {logging_mixin.py:188} INFO - [2024-07-09T02:29:07.115+0000] {dagbag.py:545} INFO - Filling up the DagBag from /home/airflow/.local/lib/python3.12/site-packages/airflow/example_dags/example_branch_labels.py
[2024-07-09T02:29:07.196+0000] {processor.py:840} INFO - DAG(s) 'example_branch_labels' retrieved from /home/airflow/.local/lib/python3.12/site-packages/airflow/example_dags/example_branch_labels.py
[2024-07-09T02:29:07.327+0000] {logging_mixin.py:188} INFO - [2024-07-09T02:29:07.327+0000] {dag.py:3096} INFO - Sync 1 DAGs
[2024-07-09T02:29:07.497+0000] {logging_mixin.py:188} INFO - [2024-07-09T02:29:07.497+0000] {dag.py:3954} INFO - Setting next_dagrun for example_branch_labels to 2024-07-08 00:00:00+00:00, run_after=2024-07-09 00:00:00+00:00
[2024-07-09T02:29:07.699+0000] {processor.py:183} INFO - Processing /home/airflow/.local/lib/python3.12/site-packages/airflow/example_dags/example_branch_labels.py took 0.825 seconds
[2024-07-09T02:29:38.006+0000] {processor.py:161} INFO - Started process (PID=1549) to work on /home/airflow/.local/lib/python3.12/site-packages/airflow/example_dags/example_branch_labels.py
[2024-07-09T02:29:38.009+0000] {processor.py:830} INFO - Processing file /home/airflow/.local/lib/python3.12/site-packages/airflow/example_dags/example_branch_labels.py for tasks to queue
[2024-07-09T02:29:38.017+0000] {logging_mixin.py:188} INFO - [2024-07-09T02:29:38.016+0000] {dagbag.py:545} INFO - Filling up the DagBag from /home/airflow/.local/lib/python3.12/site-packages/airflow/example_dags/example_branch_labels.py
[2024-07-09T02:29:38.048+0000] {processor.py:840} INFO - DAG(s) 'example_branch_labels' retrieved from /home/airflow/.local/lib/python3.12/site-packages/airflow/example_dags/example_branch_labels.py
[2024-07-09T02:29:38.135+0000] {logging_mixin.py:188} INFO - [2024-07-09T02:29:38.135+0000] {dag.py:3096} INFO - Sync 1 DAGs
[2024-07-09T02:29:38.321+0000] {logging_mixin.py:188} INFO - [2024-07-09T02:29:38.320+0000] {dag.py:3954} INFO - Setting next_dagrun for example_branch_labels to 2024-07-08 00:00:00+00:00, run_after=2024-07-09 00:00:00+00:00
[2024-07-09T02:29:38.458+0000] {processor.py:183} INFO - Processing /home/airflow/.local/lib/python3.12/site-packages/airflow/example_dags/example_branch_labels.py took 0.467 seconds
[2024-07-09T02:30:08.967+0000] {processor.py:161} INFO - Started process (PID=1609) to work on /home/airflow/.local/lib/python3.12/site-packages/airflow/example_dags/example_branch_labels.py
[2024-07-09T02:30:08.973+0000] {processor.py:830} INFO - Processing file /home/airflow/.local/lib/python3.12/site-packages/airflow/example_dags/example_branch_labels.py for tasks to queue
[2024-07-09T02:30:08.987+0000] {logging_mixin.py:188} INFO - [2024-07-09T02:30:08.986+0000] {dagbag.py:545} INFO - Filling up the DagBag from /home/airflow/.local/lib/python3.12/site-packages/airflow/example_dags/example_branch_labels.py
[2024-07-09T02:30:09.022+0000] {processor.py:840} INFO - DAG(s) 'example_branch_labels' retrieved from /home/airflow/.local/lib/python3.12/site-packages/airflow/example_dags/example_branch_labels.py
[2024-07-09T02:30:09.120+0000] {logging_mixin.py:188} INFO - [2024-07-09T02:30:09.120+0000] {dag.py:3096} INFO - Sync 1 DAGs
[2024-07-09T02:30:09.252+0000] {logging_mixin.py:188} INFO - [2024-07-09T02:30:09.252+0000] {dag.py:3954} INFO - Setting next_dagrun for example_branch_labels to 2024-07-08 00:00:00+00:00, run_after=2024-07-09 00:00:00+00:00
[2024-07-09T02:30:09.340+0000] {processor.py:183} INFO - Processing /home/airflow/.local/lib/python3.12/site-packages/airflow/example_dags/example_branch_labels.py took 0.410 seconds
[2024-07-09T02:30:39.463+0000] {processor.py:161} INFO - Started process (PID=1668) to work on /home/airflow/.local/lib/python3.12/site-packages/airflow/example_dags/example_branch_labels.py
[2024-07-09T02:30:39.465+0000] {processor.py:830} INFO - Processing file /home/airflow/.local/lib/python3.12/site-packages/airflow/example_dags/example_branch_labels.py for tasks to queue
[2024-07-09T02:30:39.468+0000] {logging_mixin.py:188} INFO - [2024-07-09T02:30:39.468+0000] {dagbag.py:545} INFO - Filling up the DagBag from /home/airflow/.local/lib/python3.12/site-packages/airflow/example_dags/example_branch_labels.py
[2024-07-09T02:30:39.484+0000] {processor.py:840} INFO - DAG(s) 'example_branch_labels' retrieved from /home/airflow/.local/lib/python3.12/site-packages/airflow/example_dags/example_branch_labels.py
[2024-07-09T02:30:39.525+0000] {logging_mixin.py:188} INFO - [2024-07-09T02:30:39.524+0000] {dag.py:3096} INFO - Sync 1 DAGs
[2024-07-09T02:30:39.571+0000] {logging_mixin.py:188} INFO - [2024-07-09T02:30:39.571+0000] {dag.py:3954} INFO - Setting next_dagrun for example_branch_labels to 2024-07-08 00:00:00+00:00, run_after=2024-07-09 00:00:00+00:00
[2024-07-09T02:30:39.621+0000] {processor.py:183} INFO - Processing /home/airflow/.local/lib/python3.12/site-packages/airflow/example_dags/example_branch_labels.py took 0.167 seconds
[2024-07-09T02:31:09.766+0000] {processor.py:161} INFO - Started process (PID=1728) to work on /home/airflow/.local/lib/python3.12/site-packages/airflow/example_dags/example_branch_labels.py
[2024-07-09T02:31:09.769+0000] {processor.py:830} INFO - Processing file /home/airflow/.local/lib/python3.12/site-packages/airflow/example_dags/example_branch_labels.py for tasks to queue
[2024-07-09T02:31:09.775+0000] {logging_mixin.py:188} INFO - [2024-07-09T02:31:09.774+0000] {dagbag.py:545} INFO - Filling up the DagBag from /home/airflow/.local/lib/python3.12/site-packages/airflow/example_dags/example_branch_labels.py
[2024-07-09T02:31:09.803+0000] {processor.py:840} INFO - DAG(s) 'example_branch_labels' retrieved from /home/airflow/.local/lib/python3.12/site-packages/airflow/example_dags/example_branch_labels.py
[2024-07-09T02:31:09.860+0000] {logging_mixin.py:188} INFO - [2024-07-09T02:31:09.859+0000] {dag.py:3096} INFO - Sync 1 DAGs
[2024-07-09T02:31:09.939+0000] {logging_mixin.py:188} INFO - [2024-07-09T02:31:09.939+0000] {dag.py:3954} INFO - Setting next_dagrun for example_branch_labels to 2024-07-08 00:00:00+00:00, run_after=2024-07-09 00:00:00+00:00
[2024-07-09T02:31:09.988+0000] {processor.py:183} INFO - Processing /home/airflow/.local/lib/python3.12/site-packages/airflow/example_dags/example_branch_labels.py took 0.241 seconds
[2024-07-09T02:31:40.511+0000] {processor.py:161} INFO - Started process (PID=1788) to work on /home/airflow/.local/lib/python3.12/site-packages/airflow/example_dags/example_branch_labels.py
[2024-07-09T02:31:40.513+0000] {processor.py:830} INFO - Processing file /home/airflow/.local/lib/python3.12/site-packages/airflow/example_dags/example_branch_labels.py for tasks to queue
[2024-07-09T02:31:40.518+0000] {logging_mixin.py:188} INFO - [2024-07-09T02:31:40.517+0000] {dagbag.py:545} INFO - Filling up the DagBag from /home/airflow/.local/lib/python3.12/site-packages/airflow/example_dags/example_branch_labels.py
[2024-07-09T02:31:40.534+0000] {processor.py:840} INFO - DAG(s) 'example_branch_labels' retrieved from /home/airflow/.local/lib/python3.12/site-packages/airflow/example_dags/example_branch_labels.py
[2024-07-09T02:31:40.585+0000] {logging_mixin.py:188} INFO - [2024-07-09T02:31:40.584+0000] {dag.py:3096} INFO - Sync 1 DAGs
[2024-07-09T02:31:40.636+0000] {logging_mixin.py:188} INFO - [2024-07-09T02:31:40.635+0000] {dag.py:3954} INFO - Setting next_dagrun for example_branch_labels to 2024-07-08 00:00:00+00:00, run_after=2024-07-09 00:00:00+00:00
[2024-07-09T02:31:40.672+0000] {processor.py:183} INFO - Processing /home/airflow/.local/lib/python3.12/site-packages/airflow/example_dags/example_branch_labels.py took 0.173 seconds
[2024-07-09T02:32:11.117+0000] {processor.py:161} INFO - Started process (PID=1848) to work on /home/airflow/.local/lib/python3.12/site-packages/airflow/example_dags/example_branch_labels.py
[2024-07-09T02:32:11.119+0000] {processor.py:830} INFO - Processing file /home/airflow/.local/lib/python3.12/site-packages/airflow/example_dags/example_branch_labels.py for tasks to queue
[2024-07-09T02:32:11.123+0000] {logging_mixin.py:188} INFO - [2024-07-09T02:32:11.122+0000] {dagbag.py:545} INFO - Filling up the DagBag from /home/airflow/.local/lib/python3.12/site-packages/airflow/example_dags/example_branch_labels.py
[2024-07-09T02:32:11.147+0000] {processor.py:840} INFO - DAG(s) 'example_branch_labels' retrieved from /home/airflow/.local/lib/python3.12/site-packages/airflow/example_dags/example_branch_labels.py
[2024-07-09T02:32:11.187+0000] {logging_mixin.py:188} INFO - [2024-07-09T02:32:11.187+0000] {dag.py:3096} INFO - Sync 1 DAGs
[2024-07-09T02:32:11.530+0000] {logging_mixin.py:188} INFO - [2024-07-09T02:32:11.529+0000] {dag.py:3954} INFO - Setting next_dagrun for example_branch_labels to 2024-07-08 00:00:00+00:00, run_after=2024-07-09 00:00:00+00:00
[2024-07-09T02:32:11.589+0000] {processor.py:183} INFO - Processing /home/airflow/.local/lib/python3.12/site-packages/airflow/example_dags/example_branch_labels.py took 0.491 seconds
[2024-07-09T02:32:41.794+0000] {processor.py:161} INFO - Started process (PID=1908) to work on /home/airflow/.local/lib/python3.12/site-packages/airflow/example_dags/example_branch_labels.py
[2024-07-09T02:32:41.796+0000] {processor.py:830} INFO - Processing file /home/airflow/.local/lib/python3.12/site-packages/airflow/example_dags/example_branch_labels.py for tasks to queue
[2024-07-09T02:32:41.799+0000] {logging_mixin.py:188} INFO - [2024-07-09T02:32:41.799+0000] {dagbag.py:545} INFO - Filling up the DagBag from /home/airflow/.local/lib/python3.12/site-packages/airflow/example_dags/example_branch_labels.py
[2024-07-09T02:32:41.811+0000] {processor.py:840} INFO - DAG(s) 'example_branch_labels' retrieved from /home/airflow/.local/lib/python3.12/site-packages/airflow/example_dags/example_branch_labels.py
[2024-07-09T02:32:41.839+0000] {logging_mixin.py:188} INFO - [2024-07-09T02:32:41.839+0000] {dag.py:3096} INFO - Sync 1 DAGs
[2024-07-09T02:32:41.871+0000] {logging_mixin.py:188} INFO - [2024-07-09T02:32:41.870+0000] {dag.py:3954} INFO - Setting next_dagrun for example_branch_labels to 2024-07-08 00:00:00+00:00, run_after=2024-07-09 00:00:00+00:00
[2024-07-09T02:32:42.078+0000] {processor.py:183} INFO - Processing /home/airflow/.local/lib/python3.12/site-packages/airflow/example_dags/example_branch_labels.py took 0.293 seconds
[2024-07-09T02:33:12.822+0000] {processor.py:161} INFO - Started process (PID=1968) to work on /home/airflow/.local/lib/python3.12/site-packages/airflow/example_dags/example_branch_labels.py
[2024-07-09T02:33:12.823+0000] {processor.py:830} INFO - Processing file /home/airflow/.local/lib/python3.12/site-packages/airflow/example_dags/example_branch_labels.py for tasks to queue
[2024-07-09T02:33:12.826+0000] {logging_mixin.py:188} INFO - [2024-07-09T02:33:12.826+0000] {dagbag.py:545} INFO - Filling up the DagBag from /home/airflow/.local/lib/python3.12/site-packages/airflow/example_dags/example_branch_labels.py
[2024-07-09T02:33:12.834+0000] {processor.py:840} INFO - DAG(s) 'example_branch_labels' retrieved from /home/airflow/.local/lib/python3.12/site-packages/airflow/example_dags/example_branch_labels.py
[2024-07-09T02:33:12.857+0000] {logging_mixin.py:188} INFO - [2024-07-09T02:33:12.857+0000] {dag.py:3096} INFO - Sync 1 DAGs
[2024-07-09T02:33:12.882+0000] {logging_mixin.py:188} INFO - [2024-07-09T02:33:12.881+0000] {dag.py:3954} INFO - Setting next_dagrun for example_branch_labels to 2024-07-08 00:00:00+00:00, run_after=2024-07-09 00:00:00+00:00
[2024-07-09T02:33:12.920+0000] {processor.py:183} INFO - Processing /home/airflow/.local/lib/python3.12/site-packages/airflow/example_dags/example_branch_labels.py took 0.104 seconds
[2024-07-09T02:33:43.190+0000] {processor.py:161} INFO - Started process (PID=2029) to work on /home/airflow/.local/lib/python3.12/site-packages/airflow/example_dags/example_branch_labels.py
[2024-07-09T02:33:43.191+0000] {processor.py:830} INFO - Processing file /home/airflow/.local/lib/python3.12/site-packages/airflow/example_dags/example_branch_labels.py for tasks to queue
[2024-07-09T02:33:43.193+0000] {logging_mixin.py:188} INFO - [2024-07-09T02:33:43.193+0000] {dagbag.py:545} INFO - Filling up the DagBag from /home/airflow/.local/lib/python3.12/site-packages/airflow/example_dags/example_branch_labels.py
[2024-07-09T02:33:43.202+0000] {processor.py:840} INFO - DAG(s) 'example_branch_labels' retrieved from /home/airflow/.local/lib/python3.12/site-packages/airflow/example_dags/example_branch_labels.py
[2024-07-09T02:33:43.226+0000] {logging_mixin.py:188} INFO - [2024-07-09T02:33:43.226+0000] {dag.py:3096} INFO - Sync 1 DAGs
[2024-07-09T02:33:43.255+0000] {logging_mixin.py:188} INFO - [2024-07-09T02:33:43.255+0000] {dag.py:3954} INFO - Setting next_dagrun for example_branch_labels to 2024-07-08 00:00:00+00:00, run_after=2024-07-09 00:00:00+00:00
[2024-07-09T02:33:43.278+0000] {processor.py:183} INFO - Processing /home/airflow/.local/lib/python3.12/site-packages/airflow/example_dags/example_branch_labels.py took 0.096 seconds
