[2024-07-09T01:48:42.475+0000] {processor.py:161} INFO - Started process (PID=41) to work on /home/airflow/.local/lib/python3.12/site-packages/airflow/example_dags/example_display_name.py
[2024-07-09T01:48:42.477+0000] {processor.py:830} INFO - Processing file /home/airflow/.local/lib/python3.12/site-packages/airflow/example_dags/example_display_name.py for tasks to queue
[2024-07-09T01:48:42.481+0000] {logging_mixin.py:188} INFO - [2024-07-09T01:48:42.480+0000] {dagbag.py:545} INFO - Filling up the DagBag from /home/airflow/.local/lib/python3.12/site-packages/airflow/example_dags/example_display_name.py
[2024-07-09T01:48:42.496+0000] {processor.py:840} INFO - DAG(s) 'example_display_name' retrieved from /home/airflow/.local/lib/python3.12/site-packages/airflow/example_dags/example_display_name.py
[2024-07-09T01:48:42.775+0000] {logging_mixin.py:188} INFO - [2024-07-09T01:48:42.774+0000] {override.py:1829} INFO - Created Permission View: can edit on DAG:example_display_name
[2024-07-09T01:48:42.805+0000] {logging_mixin.py:188} INFO - [2024-07-09T01:48:42.804+0000] {override.py:1829} INFO - Created Permission View: can read on DAG:example_display_name
[2024-07-09T01:48:42.823+0000] {logging_mixin.py:188} INFO - [2024-07-09T01:48:42.822+0000] {override.py:1829} INFO - Created Permission View: can delete on DAG:example_display_name
[2024-07-09T01:48:42.825+0000] {logging_mixin.py:188} INFO - [2024-07-09T01:48:42.824+0000] {dag.py:3096} INFO - Sync 1 DAGs
[2024-07-09T01:48:42.854+0000] {logging_mixin.py:188} INFO - [2024-07-09T01:48:42.854+0000] {dag.py:3118} INFO - Creating ORM DAG for example_display_name
[2024-07-09T01:48:42.857+0000] {logging_mixin.py:188} INFO - [2024-07-09T01:48:42.856+0000] {dag.py:3954} INFO - Setting next_dagrun for example_display_name to None, run_after=None
[2024-07-09T01:48:42.910+0000] {processor.py:183} INFO - Processing /home/airflow/.local/lib/python3.12/site-packages/airflow/example_dags/example_display_name.py took 0.448 seconds
[2024-07-09T01:49:13.583+0000] {processor.py:161} INFO - Started process (PID=99) to work on /home/airflow/.local/lib/python3.12/site-packages/airflow/example_dags/example_display_name.py
[2024-07-09T01:49:13.584+0000] {processor.py:830} INFO - Processing file /home/airflow/.local/lib/python3.12/site-packages/airflow/example_dags/example_display_name.py for tasks to queue
[2024-07-09T01:49:13.586+0000] {logging_mixin.py:188} INFO - [2024-07-09T01:49:13.586+0000] {dagbag.py:545} INFO - Filling up the DagBag from /home/airflow/.local/lib/python3.12/site-packages/airflow/example_dags/example_display_name.py
[2024-07-09T01:49:13.592+0000] {processor.py:840} INFO - DAG(s) 'example_display_name' retrieved from /home/airflow/.local/lib/python3.12/site-packages/airflow/example_dags/example_display_name.py
[2024-07-09T01:49:13.614+0000] {logging_mixin.py:188} INFO - [2024-07-09T01:49:13.613+0000] {dag.py:3096} INFO - Sync 1 DAGs
[2024-07-09T01:49:13.628+0000] {logging_mixin.py:188} INFO - [2024-07-09T01:49:13.628+0000] {dag.py:3954} INFO - Setting next_dagrun for example_display_name to None, run_after=None
[2024-07-09T01:49:13.656+0000] {processor.py:183} INFO - Processing /home/airflow/.local/lib/python3.12/site-packages/airflow/example_dags/example_display_name.py took 0.080 seconds
[2024-07-09T01:49:44.021+0000] {processor.py:161} INFO - Started process (PID=159) to work on /home/airflow/.local/lib/python3.12/site-packages/airflow/example_dags/example_display_name.py
[2024-07-09T01:49:44.022+0000] {processor.py:830} INFO - Processing file /home/airflow/.local/lib/python3.12/site-packages/airflow/example_dags/example_display_name.py for tasks to queue
[2024-07-09T01:49:44.026+0000] {logging_mixin.py:188} INFO - [2024-07-09T01:49:44.025+0000] {dagbag.py:545} INFO - Filling up the DagBag from /home/airflow/.local/lib/python3.12/site-packages/airflow/example_dags/example_display_name.py
[2024-07-09T01:49:44.035+0000] {processor.py:840} INFO - DAG(s) 'example_display_name' retrieved from /home/airflow/.local/lib/python3.12/site-packages/airflow/example_dags/example_display_name.py
[2024-07-09T01:49:44.067+0000] {logging_mixin.py:188} INFO - [2024-07-09T01:49:44.066+0000] {dag.py:3096} INFO - Sync 1 DAGs
[2024-07-09T01:49:44.098+0000] {logging_mixin.py:188} INFO - [2024-07-09T01:49:44.098+0000] {dag.py:3954} INFO - Setting next_dagrun for example_display_name to None, run_after=None
[2024-07-09T01:49:44.132+0000] {processor.py:183} INFO - Processing /home/airflow/.local/lib/python3.12/site-packages/airflow/example_dags/example_display_name.py took 0.121 seconds
[2024-07-09T01:50:14.220+0000] {processor.py:161} INFO - Started process (PID=219) to work on /home/airflow/.local/lib/python3.12/site-packages/airflow/example_dags/example_display_name.py
[2024-07-09T01:50:14.221+0000] {processor.py:830} INFO - Processing file /home/airflow/.local/lib/python3.12/site-packages/airflow/example_dags/example_display_name.py for tasks to queue
[2024-07-09T01:50:14.224+0000] {logging_mixin.py:188} INFO - [2024-07-09T01:50:14.224+0000] {dagbag.py:545} INFO - Filling up the DagBag from /home/airflow/.local/lib/python3.12/site-packages/airflow/example_dags/example_display_name.py
[2024-07-09T01:50:14.230+0000] {processor.py:840} INFO - DAG(s) 'example_display_name' retrieved from /home/airflow/.local/lib/python3.12/site-packages/airflow/example_dags/example_display_name.py
[2024-07-09T01:50:14.256+0000] {logging_mixin.py:188} INFO - [2024-07-09T01:50:14.256+0000] {dag.py:3096} INFO - Sync 1 DAGs
[2024-07-09T01:50:14.271+0000] {logging_mixin.py:188} INFO - [2024-07-09T01:50:14.271+0000] {dag.py:3954} INFO - Setting next_dagrun for example_display_name to None, run_after=None
[2024-07-09T01:50:14.314+0000] {processor.py:183} INFO - Processing /home/airflow/.local/lib/python3.12/site-packages/airflow/example_dags/example_display_name.py took 0.101 seconds
[2024-07-09T01:50:44.524+0000] {processor.py:161} INFO - Started process (PID=279) to work on /home/airflow/.local/lib/python3.12/site-packages/airflow/example_dags/example_display_name.py
[2024-07-09T01:50:44.525+0000] {processor.py:830} INFO - Processing file /home/airflow/.local/lib/python3.12/site-packages/airflow/example_dags/example_display_name.py for tasks to queue
[2024-07-09T01:50:44.528+0000] {logging_mixin.py:188} INFO - [2024-07-09T01:50:44.527+0000] {dagbag.py:545} INFO - Filling up the DagBag from /home/airflow/.local/lib/python3.12/site-packages/airflow/example_dags/example_display_name.py
[2024-07-09T01:50:44.533+0000] {processor.py:840} INFO - DAG(s) 'example_display_name' retrieved from /home/airflow/.local/lib/python3.12/site-packages/airflow/example_dags/example_display_name.py
[2024-07-09T01:50:44.557+0000] {logging_mixin.py:188} INFO - [2024-07-09T01:50:44.557+0000] {dag.py:3096} INFO - Sync 1 DAGs
[2024-07-09T01:50:44.585+0000] {logging_mixin.py:188} INFO - [2024-07-09T01:50:44.585+0000] {dag.py:3954} INFO - Setting next_dagrun for example_display_name to None, run_after=None
[2024-07-09T01:50:44.607+0000] {processor.py:183} INFO - Processing /home/airflow/.local/lib/python3.12/site-packages/airflow/example_dags/example_display_name.py took 0.090 seconds
[2024-07-09T01:51:14.744+0000] {processor.py:161} INFO - Started process (PID=339) to work on /home/airflow/.local/lib/python3.12/site-packages/airflow/example_dags/example_display_name.py
[2024-07-09T01:51:14.746+0000] {processor.py:830} INFO - Processing file /home/airflow/.local/lib/python3.12/site-packages/airflow/example_dags/example_display_name.py for tasks to queue
[2024-07-09T01:51:14.748+0000] {logging_mixin.py:188} INFO - [2024-07-09T01:51:14.748+0000] {dagbag.py:545} INFO - Filling up the DagBag from /home/airflow/.local/lib/python3.12/site-packages/airflow/example_dags/example_display_name.py
[2024-07-09T01:51:14.754+0000] {processor.py:840} INFO - DAG(s) 'example_display_name' retrieved from /home/airflow/.local/lib/python3.12/site-packages/airflow/example_dags/example_display_name.py
[2024-07-09T01:51:14.776+0000] {logging_mixin.py:188} INFO - [2024-07-09T01:51:14.776+0000] {dag.py:3096} INFO - Sync 1 DAGs
[2024-07-09T01:51:14.797+0000] {logging_mixin.py:188} INFO - [2024-07-09T01:51:14.797+0000] {dag.py:3954} INFO - Setting next_dagrun for example_display_name to None, run_after=None
[2024-07-09T01:51:14.838+0000] {processor.py:183} INFO - Processing /home/airflow/.local/lib/python3.12/site-packages/airflow/example_dags/example_display_name.py took 0.101 seconds
[2024-07-09T01:51:45.220+0000] {processor.py:161} INFO - Started process (PID=399) to work on /home/airflow/.local/lib/python3.12/site-packages/airflow/example_dags/example_display_name.py
[2024-07-09T01:51:45.221+0000] {processor.py:830} INFO - Processing file /home/airflow/.local/lib/python3.12/site-packages/airflow/example_dags/example_display_name.py for tasks to queue
[2024-07-09T01:51:45.223+0000] {logging_mixin.py:188} INFO - [2024-07-09T01:51:45.223+0000] {dagbag.py:545} INFO - Filling up the DagBag from /home/airflow/.local/lib/python3.12/site-packages/airflow/example_dags/example_display_name.py
[2024-07-09T01:51:45.229+0000] {processor.py:840} INFO - DAG(s) 'example_display_name' retrieved from /home/airflow/.local/lib/python3.12/site-packages/airflow/example_dags/example_display_name.py
[2024-07-09T01:51:45.257+0000] {logging_mixin.py:188} INFO - [2024-07-09T01:51:45.257+0000] {dag.py:3096} INFO - Sync 1 DAGs
[2024-07-09T01:51:45.276+0000] {logging_mixin.py:188} INFO - [2024-07-09T01:51:45.276+0000] {dag.py:3954} INFO - Setting next_dagrun for example_display_name to None, run_after=None
[2024-07-09T01:51:45.307+0000] {processor.py:183} INFO - Processing /home/airflow/.local/lib/python3.12/site-packages/airflow/example_dags/example_display_name.py took 0.098 seconds
[2024-07-09T01:52:16.018+0000] {processor.py:161} INFO - Started process (PID=459) to work on /home/airflow/.local/lib/python3.12/site-packages/airflow/example_dags/example_display_name.py
[2024-07-09T01:52:16.020+0000] {processor.py:830} INFO - Processing file /home/airflow/.local/lib/python3.12/site-packages/airflow/example_dags/example_display_name.py for tasks to queue
[2024-07-09T01:52:16.022+0000] {logging_mixin.py:188} INFO - [2024-07-09T01:52:16.022+0000] {dagbag.py:545} INFO - Filling up the DagBag from /home/airflow/.local/lib/python3.12/site-packages/airflow/example_dags/example_display_name.py
[2024-07-09T01:52:16.028+0000] {processor.py:840} INFO - DAG(s) 'example_display_name' retrieved from /home/airflow/.local/lib/python3.12/site-packages/airflow/example_dags/example_display_name.py
[2024-07-09T01:52:16.054+0000] {logging_mixin.py:188} INFO - [2024-07-09T01:52:16.053+0000] {dag.py:3096} INFO - Sync 1 DAGs
[2024-07-09T01:52:16.070+0000] {logging_mixin.py:188} INFO - [2024-07-09T01:52:16.069+0000] {dag.py:3954} INFO - Setting next_dagrun for example_display_name to None, run_after=None
[2024-07-09T01:52:16.095+0000] {processor.py:183} INFO - Processing /home/airflow/.local/lib/python3.12/site-packages/airflow/example_dags/example_display_name.py took 0.083 seconds
[2024-07-09T01:52:46.745+0000] {processor.py:161} INFO - Started process (PID=519) to work on /home/airflow/.local/lib/python3.12/site-packages/airflow/example_dags/example_display_name.py
[2024-07-09T01:52:46.746+0000] {processor.py:830} INFO - Processing file /home/airflow/.local/lib/python3.12/site-packages/airflow/example_dags/example_display_name.py for tasks to queue
[2024-07-09T01:52:46.748+0000] {logging_mixin.py:188} INFO - [2024-07-09T01:52:46.748+0000] {dagbag.py:545} INFO - Filling up the DagBag from /home/airflow/.local/lib/python3.12/site-packages/airflow/example_dags/example_display_name.py
[2024-07-09T01:52:46.755+0000] {processor.py:840} INFO - DAG(s) 'example_display_name' retrieved from /home/airflow/.local/lib/python3.12/site-packages/airflow/example_dags/example_display_name.py
[2024-07-09T01:52:46.779+0000] {logging_mixin.py:188} INFO - [2024-07-09T01:52:46.779+0000] {dag.py:3096} INFO - Sync 1 DAGs
[2024-07-09T01:52:46.795+0000] {logging_mixin.py:188} INFO - [2024-07-09T01:52:46.795+0000] {dag.py:3954} INFO - Setting next_dagrun for example_display_name to None, run_after=None
[2024-07-09T01:52:46.820+0000] {processor.py:183} INFO - Processing /home/airflow/.local/lib/python3.12/site-packages/airflow/example_dags/example_display_name.py took 0.081 seconds
[2024-07-09T01:53:16.933+0000] {processor.py:161} INFO - Started process (PID=579) to work on /home/airflow/.local/lib/python3.12/site-packages/airflow/example_dags/example_display_name.py
[2024-07-09T01:53:16.934+0000] {processor.py:830} INFO - Processing file /home/airflow/.local/lib/python3.12/site-packages/airflow/example_dags/example_display_name.py for tasks to queue
[2024-07-09T01:53:16.936+0000] {logging_mixin.py:188} INFO - [2024-07-09T01:53:16.936+0000] {dagbag.py:545} INFO - Filling up the DagBag from /home/airflow/.local/lib/python3.12/site-packages/airflow/example_dags/example_display_name.py
[2024-07-09T01:53:16.943+0000] {processor.py:840} INFO - DAG(s) 'example_display_name' retrieved from /home/airflow/.local/lib/python3.12/site-packages/airflow/example_dags/example_display_name.py
[2024-07-09T01:53:16.967+0000] {logging_mixin.py:188} INFO - [2024-07-09T01:53:16.966+0000] {dag.py:3096} INFO - Sync 1 DAGs
[2024-07-09T01:53:16.982+0000] {logging_mixin.py:188} INFO - [2024-07-09T01:53:16.982+0000] {dag.py:3954} INFO - Setting next_dagrun for example_display_name to None, run_after=None
[2024-07-09T01:53:17.022+0000] {processor.py:183} INFO - Processing /home/airflow/.local/lib/python3.12/site-packages/airflow/example_dags/example_display_name.py took 0.096 seconds
[2024-07-09T01:53:47.416+0000] {processor.py:161} INFO - Started process (PID=638) to work on /home/airflow/.local/lib/python3.12/site-packages/airflow/example_dags/example_display_name.py
[2024-07-09T01:53:47.417+0000] {processor.py:830} INFO - Processing file /home/airflow/.local/lib/python3.12/site-packages/airflow/example_dags/example_display_name.py for tasks to queue
[2024-07-09T01:53:47.420+0000] {logging_mixin.py:188} INFO - [2024-07-09T01:53:47.419+0000] {dagbag.py:545} INFO - Filling up the DagBag from /home/airflow/.local/lib/python3.12/site-packages/airflow/example_dags/example_display_name.py
[2024-07-09T01:53:47.425+0000] {processor.py:840} INFO - DAG(s) 'example_display_name' retrieved from /home/airflow/.local/lib/python3.12/site-packages/airflow/example_dags/example_display_name.py
[2024-07-09T01:53:47.449+0000] {logging_mixin.py:188} INFO - [2024-07-09T01:53:47.448+0000] {dag.py:3096} INFO - Sync 1 DAGs
[2024-07-09T01:53:47.464+0000] {logging_mixin.py:188} INFO - [2024-07-09T01:53:47.463+0000] {dag.py:3954} INFO - Setting next_dagrun for example_display_name to None, run_after=None
[2024-07-09T01:53:47.501+0000] {processor.py:183} INFO - Processing /home/airflow/.local/lib/python3.12/site-packages/airflow/example_dags/example_display_name.py took 0.092 seconds
[2024-07-09T01:54:17.999+0000] {processor.py:161} INFO - Started process (PID=698) to work on /home/airflow/.local/lib/python3.12/site-packages/airflow/example_dags/example_display_name.py
[2024-07-09T01:54:18.001+0000] {processor.py:830} INFO - Processing file /home/airflow/.local/lib/python3.12/site-packages/airflow/example_dags/example_display_name.py for tasks to queue
[2024-07-09T01:54:18.005+0000] {logging_mixin.py:188} INFO - [2024-07-09T01:54:18.004+0000] {dagbag.py:545} INFO - Filling up the DagBag from /home/airflow/.local/lib/python3.12/site-packages/airflow/example_dags/example_display_name.py
[2024-07-09T01:54:18.015+0000] {processor.py:840} INFO - DAG(s) 'example_display_name' retrieved from /home/airflow/.local/lib/python3.12/site-packages/airflow/example_dags/example_display_name.py
[2024-07-09T01:54:18.043+0000] {logging_mixin.py:188} INFO - [2024-07-09T01:54:18.043+0000] {dag.py:3096} INFO - Sync 1 DAGs
[2024-07-09T01:54:18.066+0000] {logging_mixin.py:188} INFO - [2024-07-09T01:54:18.065+0000] {dag.py:3954} INFO - Setting next_dagrun for example_display_name to None, run_after=None
[2024-07-09T01:54:18.094+0000] {processor.py:183} INFO - Processing /home/airflow/.local/lib/python3.12/site-packages/airflow/example_dags/example_display_name.py took 0.107 seconds
[2024-07-09T01:54:48.886+0000] {processor.py:161} INFO - Started process (PID=758) to work on /home/airflow/.local/lib/python3.12/site-packages/airflow/example_dags/example_display_name.py
[2024-07-09T01:54:48.900+0000] {processor.py:830} INFO - Processing file /home/airflow/.local/lib/python3.12/site-packages/airflow/example_dags/example_display_name.py for tasks to queue
[2024-07-09T01:54:48.903+0000] {logging_mixin.py:188} INFO - [2024-07-09T01:54:48.903+0000] {dagbag.py:545} INFO - Filling up the DagBag from /home/airflow/.local/lib/python3.12/site-packages/airflow/example_dags/example_display_name.py
[2024-07-09T01:54:48.909+0000] {processor.py:840} INFO - DAG(s) 'example_display_name' retrieved from /home/airflow/.local/lib/python3.12/site-packages/airflow/example_dags/example_display_name.py
[2024-07-09T01:54:48.933+0000] {logging_mixin.py:188} INFO - [2024-07-09T01:54:48.933+0000] {dag.py:3096} INFO - Sync 1 DAGs
[2024-07-09T01:54:48.948+0000] {logging_mixin.py:188} INFO - [2024-07-09T01:54:48.948+0000] {dag.py:3954} INFO - Setting next_dagrun for example_display_name to None, run_after=None
[2024-07-09T01:54:48.973+0000] {processor.py:183} INFO - Processing /home/airflow/.local/lib/python3.12/site-packages/airflow/example_dags/example_display_name.py took 0.093 seconds
[2024-07-09T01:55:19.642+0000] {processor.py:161} INFO - Started process (PID=817) to work on /home/airflow/.local/lib/python3.12/site-packages/airflow/example_dags/example_display_name.py
[2024-07-09T01:55:19.644+0000] {processor.py:830} INFO - Processing file /home/airflow/.local/lib/python3.12/site-packages/airflow/example_dags/example_display_name.py for tasks to queue
[2024-07-09T01:55:19.646+0000] {logging_mixin.py:188} INFO - [2024-07-09T01:55:19.645+0000] {dagbag.py:545} INFO - Filling up the DagBag from /home/airflow/.local/lib/python3.12/site-packages/airflow/example_dags/example_display_name.py
[2024-07-09T01:55:19.652+0000] {processor.py:840} INFO - DAG(s) 'example_display_name' retrieved from /home/airflow/.local/lib/python3.12/site-packages/airflow/example_dags/example_display_name.py
[2024-07-09T01:55:19.675+0000] {logging_mixin.py:188} INFO - [2024-07-09T01:55:19.674+0000] {dag.py:3096} INFO - Sync 1 DAGs
[2024-07-09T01:55:19.689+0000] {logging_mixin.py:188} INFO - [2024-07-09T01:55:19.689+0000] {dag.py:3954} INFO - Setting next_dagrun for example_display_name to None, run_after=None
[2024-07-09T01:55:19.713+0000] {processor.py:183} INFO - Processing /home/airflow/.local/lib/python3.12/site-packages/airflow/example_dags/example_display_name.py took 0.077 seconds
[2024-07-09T01:55:50.606+0000] {processor.py:161} INFO - Started process (PID=877) to work on /home/airflow/.local/lib/python3.12/site-packages/airflow/example_dags/example_display_name.py
[2024-07-09T01:55:50.607+0000] {processor.py:830} INFO - Processing file /home/airflow/.local/lib/python3.12/site-packages/airflow/example_dags/example_display_name.py for tasks to queue
[2024-07-09T01:55:50.610+0000] {logging_mixin.py:188} INFO - [2024-07-09T01:55:50.609+0000] {dagbag.py:545} INFO - Filling up the DagBag from /home/airflow/.local/lib/python3.12/site-packages/airflow/example_dags/example_display_name.py
[2024-07-09T01:55:50.618+0000] {processor.py:840} INFO - DAG(s) 'example_display_name' retrieved from /home/airflow/.local/lib/python3.12/site-packages/airflow/example_dags/example_display_name.py
[2024-07-09T01:55:50.650+0000] {logging_mixin.py:188} INFO - [2024-07-09T01:55:50.649+0000] {dag.py:3096} INFO - Sync 1 DAGs
[2024-07-09T01:55:50.671+0000] {logging_mixin.py:188} INFO - [2024-07-09T01:55:50.670+0000] {dag.py:3954} INFO - Setting next_dagrun for example_display_name to None, run_after=None
[2024-07-09T01:55:50.701+0000] {processor.py:183} INFO - Processing /home/airflow/.local/lib/python3.12/site-packages/airflow/example_dags/example_display_name.py took 0.105 seconds
[2024-07-09T01:56:20.879+0000] {processor.py:161} INFO - Started process (PID=936) to work on /home/airflow/.local/lib/python3.12/site-packages/airflow/example_dags/example_display_name.py
[2024-07-09T01:56:20.881+0000] {processor.py:830} INFO - Processing file /home/airflow/.local/lib/python3.12/site-packages/airflow/example_dags/example_display_name.py for tasks to queue
[2024-07-09T01:56:20.886+0000] {logging_mixin.py:188} INFO - [2024-07-09T01:56:20.886+0000] {dagbag.py:545} INFO - Filling up the DagBag from /home/airflow/.local/lib/python3.12/site-packages/airflow/example_dags/example_display_name.py
[2024-07-09T01:56:20.900+0000] {processor.py:840} INFO - DAG(s) 'example_display_name' retrieved from /home/airflow/.local/lib/python3.12/site-packages/airflow/example_dags/example_display_name.py
[2024-07-09T01:56:20.991+0000] {logging_mixin.py:188} INFO - [2024-07-09T01:56:20.990+0000] {dag.py:3096} INFO - Sync 1 DAGs
[2024-07-09T01:56:21.018+0000] {logging_mixin.py:188} INFO - [2024-07-09T01:56:21.018+0000] {dag.py:3954} INFO - Setting next_dagrun for example_display_name to None, run_after=None
[2024-07-09T01:56:21.051+0000] {processor.py:183} INFO - Processing /home/airflow/.local/lib/python3.12/site-packages/airflow/example_dags/example_display_name.py took 0.185 seconds
[2024-07-09T01:56:51.360+0000] {processor.py:161} INFO - Started process (PID=996) to work on /home/airflow/.local/lib/python3.12/site-packages/airflow/example_dags/example_display_name.py
[2024-07-09T01:56:51.361+0000] {processor.py:830} INFO - Processing file /home/airflow/.local/lib/python3.12/site-packages/airflow/example_dags/example_display_name.py for tasks to queue
[2024-07-09T01:56:51.366+0000] {logging_mixin.py:188} INFO - [2024-07-09T01:56:51.365+0000] {dagbag.py:545} INFO - Filling up the DagBag from /home/airflow/.local/lib/python3.12/site-packages/airflow/example_dags/example_display_name.py
[2024-07-09T01:56:51.376+0000] {processor.py:840} INFO - DAG(s) 'example_display_name' retrieved from /home/airflow/.local/lib/python3.12/site-packages/airflow/example_dags/example_display_name.py
[2024-07-09T01:56:51.411+0000] {logging_mixin.py:188} INFO - [2024-07-09T01:56:51.411+0000] {dag.py:3096} INFO - Sync 1 DAGs
[2024-07-09T01:56:51.437+0000] {logging_mixin.py:188} INFO - [2024-07-09T01:56:51.437+0000] {dag.py:3954} INFO - Setting next_dagrun for example_display_name to None, run_after=None
[2024-07-09T01:56:51.473+0000] {processor.py:183} INFO - Processing /home/airflow/.local/lib/python3.12/site-packages/airflow/example_dags/example_display_name.py took 0.126 seconds
[2024-07-09T02:00:11.451+0000] {processor.py:161} INFO - Started process (PID=40) to work on /home/airflow/.local/lib/python3.12/site-packages/airflow/example_dags/example_display_name.py
[2024-07-09T02:00:11.453+0000] {processor.py:830} INFO - Processing file /home/airflow/.local/lib/python3.12/site-packages/airflow/example_dags/example_display_name.py for tasks to queue
[2024-07-09T02:00:11.458+0000] {logging_mixin.py:188} INFO - [2024-07-09T02:00:11.457+0000] {dagbag.py:545} INFO - Filling up the DagBag from /home/airflow/.local/lib/python3.12/site-packages/airflow/example_dags/example_display_name.py
[2024-07-09T02:00:11.480+0000] {processor.py:840} INFO - DAG(s) 'example_display_name' retrieved from /home/airflow/.local/lib/python3.12/site-packages/airflow/example_dags/example_display_name.py
[2024-07-09T02:00:12.019+0000] {logging_mixin.py:188} INFO - [2024-07-09T02:00:12.017+0000] {override.py:1829} INFO - Created Permission View: can edit on DAG:example_display_name
[2024-07-09T02:00:12.045+0000] {logging_mixin.py:188} INFO - [2024-07-09T02:00:12.045+0000] {override.py:1829} INFO - Created Permission View: can read on DAG:example_display_name
[2024-07-09T02:00:12.058+0000] {logging_mixin.py:188} INFO - [2024-07-09T02:00:12.058+0000] {override.py:1829} INFO - Created Permission View: can delete on DAG:example_display_name
[2024-07-09T02:00:12.059+0000] {logging_mixin.py:188} INFO - [2024-07-09T02:00:12.059+0000] {dag.py:3096} INFO - Sync 1 DAGs
[2024-07-09T02:00:12.089+0000] {logging_mixin.py:188} INFO - [2024-07-09T02:00:12.089+0000] {dag.py:3118} INFO - Creating ORM DAG for example_display_name
[2024-07-09T02:00:12.091+0000] {logging_mixin.py:188} INFO - [2024-07-09T02:00:12.091+0000] {dag.py:3954} INFO - Setting next_dagrun for example_display_name to None, run_after=None
[2024-07-09T02:00:12.137+0000] {processor.py:183} INFO - Processing /home/airflow/.local/lib/python3.12/site-packages/airflow/example_dags/example_display_name.py took 0.700 seconds
[2024-07-09T02:00:42.909+0000] {processor.py:161} INFO - Started process (PID=98) to work on /home/airflow/.local/lib/python3.12/site-packages/airflow/example_dags/example_display_name.py
[2024-07-09T02:00:42.911+0000] {processor.py:830} INFO - Processing file /home/airflow/.local/lib/python3.12/site-packages/airflow/example_dags/example_display_name.py for tasks to queue
[2024-07-09T02:00:42.915+0000] {logging_mixin.py:188} INFO - [2024-07-09T02:00:42.914+0000] {dagbag.py:545} INFO - Filling up the DagBag from /home/airflow/.local/lib/python3.12/site-packages/airflow/example_dags/example_display_name.py
[2024-07-09T02:00:42.929+0000] {processor.py:840} INFO - DAG(s) 'example_display_name' retrieved from /home/airflow/.local/lib/python3.12/site-packages/airflow/example_dags/example_display_name.py
[2024-07-09T02:00:42.975+0000] {logging_mixin.py:188} INFO - [2024-07-09T02:00:42.974+0000] {dag.py:3096} INFO - Sync 1 DAGs
[2024-07-09T02:00:43.014+0000] {logging_mixin.py:188} INFO - [2024-07-09T02:00:43.014+0000] {dag.py:3954} INFO - Setting next_dagrun for example_display_name to None, run_after=None
[2024-07-09T02:00:43.061+0000] {processor.py:183} INFO - Processing /home/airflow/.local/lib/python3.12/site-packages/airflow/example_dags/example_display_name.py took 0.165 seconds
[2024-07-09T02:01:13.589+0000] {processor.py:161} INFO - Started process (PID=158) to work on /home/airflow/.local/lib/python3.12/site-packages/airflow/example_dags/example_display_name.py
[2024-07-09T02:01:13.591+0000] {processor.py:830} INFO - Processing file /home/airflow/.local/lib/python3.12/site-packages/airflow/example_dags/example_display_name.py for tasks to queue
[2024-07-09T02:01:13.596+0000] {logging_mixin.py:188} INFO - [2024-07-09T02:01:13.595+0000] {dagbag.py:545} INFO - Filling up the DagBag from /home/airflow/.local/lib/python3.12/site-packages/airflow/example_dags/example_display_name.py
[2024-07-09T02:01:13.610+0000] {processor.py:840} INFO - DAG(s) 'example_display_name' retrieved from /home/airflow/.local/lib/python3.12/site-packages/airflow/example_dags/example_display_name.py
[2024-07-09T02:01:13.655+0000] {logging_mixin.py:188} INFO - [2024-07-09T02:01:13.655+0000] {dag.py:3096} INFO - Sync 1 DAGs
[2024-07-09T02:01:13.687+0000] {logging_mixin.py:188} INFO - [2024-07-09T02:01:13.687+0000] {dag.py:3954} INFO - Setting next_dagrun for example_display_name to None, run_after=None
[2024-07-09T02:01:13.741+0000] {processor.py:183} INFO - Processing /home/airflow/.local/lib/python3.12/site-packages/airflow/example_dags/example_display_name.py took 0.171 seconds
[2024-07-09T02:01:43.986+0000] {processor.py:161} INFO - Started process (PID=217) to work on /home/airflow/.local/lib/python3.12/site-packages/airflow/example_dags/example_display_name.py
[2024-07-09T02:01:43.993+0000] {processor.py:830} INFO - Processing file /home/airflow/.local/lib/python3.12/site-packages/airflow/example_dags/example_display_name.py for tasks to queue
[2024-07-09T02:01:44.001+0000] {logging_mixin.py:188} INFO - [2024-07-09T02:01:44.000+0000] {dagbag.py:545} INFO - Filling up the DagBag from /home/airflow/.local/lib/python3.12/site-packages/airflow/example_dags/example_display_name.py
[2024-07-09T02:01:44.025+0000] {processor.py:840} INFO - DAG(s) 'example_display_name' retrieved from /home/airflow/.local/lib/python3.12/site-packages/airflow/example_dags/example_display_name.py
[2024-07-09T02:01:44.086+0000] {logging_mixin.py:188} INFO - [2024-07-09T02:01:44.086+0000] {dag.py:3096} INFO - Sync 1 DAGs
[2024-07-09T02:01:44.142+0000] {logging_mixin.py:188} INFO - [2024-07-09T02:01:44.141+0000] {dag.py:3954} INFO - Setting next_dagrun for example_display_name to None, run_after=None
[2024-07-09T02:01:44.194+0000] {processor.py:183} INFO - Processing /home/airflow/.local/lib/python3.12/site-packages/airflow/example_dags/example_display_name.py took 0.229 seconds
[2024-07-09T02:03:34.592+0000] {processor.py:161} INFO - Started process (PID=42) to work on /home/airflow/.local/lib/python3.12/site-packages/airflow/example_dags/example_display_name.py
[2024-07-09T02:03:34.595+0000] {processor.py:830} INFO - Processing file /home/airflow/.local/lib/python3.12/site-packages/airflow/example_dags/example_display_name.py for tasks to queue
[2024-07-09T02:03:34.607+0000] {logging_mixin.py:188} INFO - [2024-07-09T02:03:34.606+0000] {dagbag.py:545} INFO - Filling up the DagBag from /home/airflow/.local/lib/python3.12/site-packages/airflow/example_dags/example_display_name.py
[2024-07-09T02:03:34.637+0000] {processor.py:840} INFO - DAG(s) 'example_display_name' retrieved from /home/airflow/.local/lib/python3.12/site-packages/airflow/example_dags/example_display_name.py
[2024-07-09T02:03:35.226+0000] {logging_mixin.py:188} INFO - [2024-07-09T02:03:35.226+0000] {dag.py:3096} INFO - Sync 1 DAGs
[2024-07-09T02:03:35.292+0000] {logging_mixin.py:188} INFO - [2024-07-09T02:03:35.291+0000] {dag.py:3954} INFO - Setting next_dagrun for example_display_name to None, run_after=None
[2024-07-09T02:03:35.369+0000] {processor.py:183} INFO - Processing /home/airflow/.local/lib/python3.12/site-packages/airflow/example_dags/example_display_name.py took 0.797 seconds
[2024-07-09T02:04:05.978+0000] {processor.py:161} INFO - Started process (PID=102) to work on /home/airflow/.local/lib/python3.12/site-packages/airflow/example_dags/example_display_name.py
[2024-07-09T02:04:05.980+0000] {processor.py:830} INFO - Processing file /home/airflow/.local/lib/python3.12/site-packages/airflow/example_dags/example_display_name.py for tasks to queue
[2024-07-09T02:04:05.985+0000] {logging_mixin.py:188} INFO - [2024-07-09T02:04:05.984+0000] {dagbag.py:545} INFO - Filling up the DagBag from /home/airflow/.local/lib/python3.12/site-packages/airflow/example_dags/example_display_name.py
[2024-07-09T02:04:05.998+0000] {processor.py:840} INFO - DAG(s) 'example_display_name' retrieved from /home/airflow/.local/lib/python3.12/site-packages/airflow/example_dags/example_display_name.py
[2024-07-09T02:04:06.049+0000] {logging_mixin.py:188} INFO - [2024-07-09T02:04:06.048+0000] {dag.py:3096} INFO - Sync 1 DAGs
[2024-07-09T02:04:06.085+0000] {logging_mixin.py:188} INFO - [2024-07-09T02:04:06.085+0000] {dag.py:3954} INFO - Setting next_dagrun for example_display_name to None, run_after=None
[2024-07-09T02:04:06.134+0000] {processor.py:183} INFO - Processing /home/airflow/.local/lib/python3.12/site-packages/airflow/example_dags/example_display_name.py took 0.170 seconds
[2024-07-09T02:04:36.286+0000] {processor.py:161} INFO - Started process (PID=160) to work on /home/airflow/.local/lib/python3.12/site-packages/airflow/example_dags/example_display_name.py
[2024-07-09T02:04:36.287+0000] {processor.py:830} INFO - Processing file /home/airflow/.local/lib/python3.12/site-packages/airflow/example_dags/example_display_name.py for tasks to queue
[2024-07-09T02:04:36.289+0000] {logging_mixin.py:188} INFO - [2024-07-09T02:04:36.288+0000] {dagbag.py:545} INFO - Filling up the DagBag from /home/airflow/.local/lib/python3.12/site-packages/airflow/example_dags/example_display_name.py
[2024-07-09T02:04:36.295+0000] {processor.py:840} INFO - DAG(s) 'example_display_name' retrieved from /home/airflow/.local/lib/python3.12/site-packages/airflow/example_dags/example_display_name.py
[2024-07-09T02:04:36.318+0000] {logging_mixin.py:188} INFO - [2024-07-09T02:04:36.317+0000] {dag.py:3096} INFO - Sync 1 DAGs
[2024-07-09T02:04:36.333+0000] {logging_mixin.py:188} INFO - [2024-07-09T02:04:36.333+0000] {dag.py:3954} INFO - Setting next_dagrun for example_display_name to None, run_after=None
[2024-07-09T02:04:36.357+0000] {processor.py:183} INFO - Processing /home/airflow/.local/lib/python3.12/site-packages/airflow/example_dags/example_display_name.py took 0.078 seconds
[2024-07-09T02:05:06.935+0000] {processor.py:161} INFO - Started process (PID=221) to work on /home/airflow/.local/lib/python3.12/site-packages/airflow/example_dags/example_display_name.py
[2024-07-09T02:05:06.936+0000] {processor.py:830} INFO - Processing file /home/airflow/.local/lib/python3.12/site-packages/airflow/example_dags/example_display_name.py for tasks to queue
[2024-07-09T02:05:06.939+0000] {logging_mixin.py:188} INFO - [2024-07-09T02:05:06.938+0000] {dagbag.py:545} INFO - Filling up the DagBag from /home/airflow/.local/lib/python3.12/site-packages/airflow/example_dags/example_display_name.py
[2024-07-09T02:05:06.945+0000] {processor.py:840} INFO - DAG(s) 'example_display_name' retrieved from /home/airflow/.local/lib/python3.12/site-packages/airflow/example_dags/example_display_name.py
[2024-07-09T02:05:06.967+0000] {logging_mixin.py:188} INFO - [2024-07-09T02:05:06.967+0000] {dag.py:3096} INFO - Sync 1 DAGs
[2024-07-09T02:05:06.983+0000] {logging_mixin.py:188} INFO - [2024-07-09T02:05:06.983+0000] {dag.py:3954} INFO - Setting next_dagrun for example_display_name to None, run_after=None
[2024-07-09T02:05:07.005+0000] {processor.py:183} INFO - Processing /home/airflow/.local/lib/python3.12/site-packages/airflow/example_dags/example_display_name.py took 0.077 seconds
[2024-07-09T02:05:37.808+0000] {processor.py:161} INFO - Started process (PID=281) to work on /home/airflow/.local/lib/python3.12/site-packages/airflow/example_dags/example_display_name.py
[2024-07-09T02:05:37.809+0000] {processor.py:830} INFO - Processing file /home/airflow/.local/lib/python3.12/site-packages/airflow/example_dags/example_display_name.py for tasks to queue
[2024-07-09T02:05:37.811+0000] {logging_mixin.py:188} INFO - [2024-07-09T02:05:37.811+0000] {dagbag.py:545} INFO - Filling up the DagBag from /home/airflow/.local/lib/python3.12/site-packages/airflow/example_dags/example_display_name.py
[2024-07-09T02:05:37.818+0000] {processor.py:840} INFO - DAG(s) 'example_display_name' retrieved from /home/airflow/.local/lib/python3.12/site-packages/airflow/example_dags/example_display_name.py
[2024-07-09T02:05:37.839+0000] {logging_mixin.py:188} INFO - [2024-07-09T02:05:37.839+0000] {dag.py:3096} INFO - Sync 1 DAGs
[2024-07-09T02:05:37.853+0000] {logging_mixin.py:188} INFO - [2024-07-09T02:05:37.853+0000] {dag.py:3954} INFO - Setting next_dagrun for example_display_name to None, run_after=None
[2024-07-09T02:05:37.874+0000] {processor.py:183} INFO - Processing /home/airflow/.local/lib/python3.12/site-packages/airflow/example_dags/example_display_name.py took 0.072 seconds
[2024-07-09T02:06:08.037+0000] {processor.py:161} INFO - Started process (PID=342) to work on /home/airflow/.local/lib/python3.12/site-packages/airflow/example_dags/example_display_name.py
[2024-07-09T02:06:08.038+0000] {processor.py:830} INFO - Processing file /home/airflow/.local/lib/python3.12/site-packages/airflow/example_dags/example_display_name.py for tasks to queue
[2024-07-09T02:06:08.040+0000] {logging_mixin.py:188} INFO - [2024-07-09T02:06:08.040+0000] {dagbag.py:545} INFO - Filling up the DagBag from /home/airflow/.local/lib/python3.12/site-packages/airflow/example_dags/example_display_name.py
[2024-07-09T02:06:08.047+0000] {processor.py:840} INFO - DAG(s) 'example_display_name' retrieved from /home/airflow/.local/lib/python3.12/site-packages/airflow/example_dags/example_display_name.py
[2024-07-09T02:06:08.071+0000] {logging_mixin.py:188} INFO - [2024-07-09T02:06:08.071+0000] {dag.py:3096} INFO - Sync 1 DAGs
[2024-07-09T02:06:08.086+0000] {logging_mixin.py:188} INFO - [2024-07-09T02:06:08.085+0000] {dag.py:3954} INFO - Setting next_dagrun for example_display_name to None, run_after=None
[2024-07-09T02:06:08.110+0000] {processor.py:183} INFO - Processing /home/airflow/.local/lib/python3.12/site-packages/airflow/example_dags/example_display_name.py took 0.081 seconds
[2024-07-09T02:06:38.289+0000] {processor.py:161} INFO - Started process (PID=404) to work on /home/airflow/.local/lib/python3.12/site-packages/airflow/example_dags/example_display_name.py
[2024-07-09T02:06:38.290+0000] {processor.py:830} INFO - Processing file /home/airflow/.local/lib/python3.12/site-packages/airflow/example_dags/example_display_name.py for tasks to queue
[2024-07-09T02:06:38.292+0000] {logging_mixin.py:188} INFO - [2024-07-09T02:06:38.292+0000] {dagbag.py:545} INFO - Filling up the DagBag from /home/airflow/.local/lib/python3.12/site-packages/airflow/example_dags/example_display_name.py
[2024-07-09T02:06:38.300+0000] {processor.py:840} INFO - DAG(s) 'example_display_name' retrieved from /home/airflow/.local/lib/python3.12/site-packages/airflow/example_dags/example_display_name.py
[2024-07-09T02:06:38.321+0000] {logging_mixin.py:188} INFO - [2024-07-09T02:06:38.321+0000] {dag.py:3096} INFO - Sync 1 DAGs
[2024-07-09T02:06:38.334+0000] {logging_mixin.py:188} INFO - [2024-07-09T02:06:38.334+0000] {dag.py:3954} INFO - Setting next_dagrun for example_display_name to None, run_after=None
[2024-07-09T02:06:38.356+0000] {processor.py:183} INFO - Processing /home/airflow/.local/lib/python3.12/site-packages/airflow/example_dags/example_display_name.py took 0.072 seconds
[2024-07-09T02:07:08.556+0000] {processor.py:161} INFO - Started process (PID=464) to work on /home/airflow/.local/lib/python3.12/site-packages/airflow/example_dags/example_display_name.py
[2024-07-09T02:07:08.558+0000] {processor.py:830} INFO - Processing file /home/airflow/.local/lib/python3.12/site-packages/airflow/example_dags/example_display_name.py for tasks to queue
[2024-07-09T02:07:08.561+0000] {logging_mixin.py:188} INFO - [2024-07-09T02:07:08.560+0000] {dagbag.py:545} INFO - Filling up the DagBag from /home/airflow/.local/lib/python3.12/site-packages/airflow/example_dags/example_display_name.py
[2024-07-09T02:07:08.575+0000] {processor.py:840} INFO - DAG(s) 'example_display_name' retrieved from /home/airflow/.local/lib/python3.12/site-packages/airflow/example_dags/example_display_name.py
[2024-07-09T02:07:08.606+0000] {logging_mixin.py:188} INFO - [2024-07-09T02:07:08.605+0000] {dag.py:3096} INFO - Sync 1 DAGs
[2024-07-09T02:07:08.625+0000] {logging_mixin.py:188} INFO - [2024-07-09T02:07:08.624+0000] {dag.py:3954} INFO - Setting next_dagrun for example_display_name to None, run_after=None
[2024-07-09T02:07:08.651+0000] {processor.py:183} INFO - Processing /home/airflow/.local/lib/python3.12/site-packages/airflow/example_dags/example_display_name.py took 0.103 seconds
[2024-07-09T02:07:38.881+0000] {processor.py:161} INFO - Started process (PID=524) to work on /home/airflow/.local/lib/python3.12/site-packages/airflow/example_dags/example_display_name.py
[2024-07-09T02:07:38.883+0000] {processor.py:830} INFO - Processing file /home/airflow/.local/lib/python3.12/site-packages/airflow/example_dags/example_display_name.py for tasks to queue
[2024-07-09T02:07:38.885+0000] {logging_mixin.py:188} INFO - [2024-07-09T02:07:38.885+0000] {dagbag.py:545} INFO - Filling up the DagBag from /home/airflow/.local/lib/python3.12/site-packages/airflow/example_dags/example_display_name.py
[2024-07-09T02:07:38.894+0000] {processor.py:840} INFO - DAG(s) 'example_display_name' retrieved from /home/airflow/.local/lib/python3.12/site-packages/airflow/example_dags/example_display_name.py
[2024-07-09T02:07:38.920+0000] {logging_mixin.py:188} INFO - [2024-07-09T02:07:38.919+0000] {dag.py:3096} INFO - Sync 1 DAGs
[2024-07-09T02:07:38.938+0000] {logging_mixin.py:188} INFO - [2024-07-09T02:07:38.938+0000] {dag.py:3954} INFO - Setting next_dagrun for example_display_name to None, run_after=None
[2024-07-09T02:07:38.966+0000] {processor.py:183} INFO - Processing /home/airflow/.local/lib/python3.12/site-packages/airflow/example_dags/example_display_name.py took 0.092 seconds
[2024-07-09T02:08:09.337+0000] {processor.py:161} INFO - Started process (PID=585) to work on /home/airflow/.local/lib/python3.12/site-packages/airflow/example_dags/example_display_name.py
[2024-07-09T02:08:09.338+0000] {processor.py:830} INFO - Processing file /home/airflow/.local/lib/python3.12/site-packages/airflow/example_dags/example_display_name.py for tasks to queue
[2024-07-09T02:08:09.341+0000] {logging_mixin.py:188} INFO - [2024-07-09T02:08:09.340+0000] {dagbag.py:545} INFO - Filling up the DagBag from /home/airflow/.local/lib/python3.12/site-packages/airflow/example_dags/example_display_name.py
[2024-07-09T02:08:09.348+0000] {processor.py:840} INFO - DAG(s) 'example_display_name' retrieved from /home/airflow/.local/lib/python3.12/site-packages/airflow/example_dags/example_display_name.py
[2024-07-09T02:08:09.372+0000] {logging_mixin.py:188} INFO - [2024-07-09T02:08:09.371+0000] {dag.py:3096} INFO - Sync 1 DAGs
[2024-07-09T02:08:09.393+0000] {logging_mixin.py:188} INFO - [2024-07-09T02:08:09.392+0000] {dag.py:3954} INFO - Setting next_dagrun for example_display_name to None, run_after=None
[2024-07-09T02:08:09.426+0000] {processor.py:183} INFO - Processing /home/airflow/.local/lib/python3.12/site-packages/airflow/example_dags/example_display_name.py took 0.096 seconds
[2024-07-09T02:08:39.851+0000] {processor.py:161} INFO - Started process (PID=644) to work on /home/airflow/.local/lib/python3.12/site-packages/airflow/example_dags/example_display_name.py
[2024-07-09T02:08:39.853+0000] {processor.py:830} INFO - Processing file /home/airflow/.local/lib/python3.12/site-packages/airflow/example_dags/example_display_name.py for tasks to queue
[2024-07-09T02:08:39.855+0000] {logging_mixin.py:188} INFO - [2024-07-09T02:08:39.854+0000] {dagbag.py:545} INFO - Filling up the DagBag from /home/airflow/.local/lib/python3.12/site-packages/airflow/example_dags/example_display_name.py
[2024-07-09T02:08:39.861+0000] {processor.py:840} INFO - DAG(s) 'example_display_name' retrieved from /home/airflow/.local/lib/python3.12/site-packages/airflow/example_dags/example_display_name.py
[2024-07-09T02:08:39.881+0000] {logging_mixin.py:188} INFO - [2024-07-09T02:08:39.880+0000] {dag.py:3096} INFO - Sync 1 DAGs
[2024-07-09T02:08:39.895+0000] {logging_mixin.py:188} INFO - [2024-07-09T02:08:39.895+0000] {dag.py:3954} INFO - Setting next_dagrun for example_display_name to None, run_after=None
[2024-07-09T02:08:39.917+0000] {processor.py:183} INFO - Processing /home/airflow/.local/lib/python3.12/site-packages/airflow/example_dags/example_display_name.py took 0.072 seconds
[2024-07-09T02:09:10.310+0000] {processor.py:161} INFO - Started process (PID=704) to work on /home/airflow/.local/lib/python3.12/site-packages/airflow/example_dags/example_display_name.py
[2024-07-09T02:09:10.313+0000] {processor.py:830} INFO - Processing file /home/airflow/.local/lib/python3.12/site-packages/airflow/example_dags/example_display_name.py for tasks to queue
[2024-07-09T02:09:10.317+0000] {logging_mixin.py:188} INFO - [2024-07-09T02:09:10.317+0000] {dagbag.py:545} INFO - Filling up the DagBag from /home/airflow/.local/lib/python3.12/site-packages/airflow/example_dags/example_display_name.py
[2024-07-09T02:12:13.681+0000] {processor.py:161} INFO - Started process (PID=41) to work on /home/airflow/.local/lib/python3.12/site-packages/airflow/example_dags/example_display_name.py
[2024-07-09T02:12:13.684+0000] {processor.py:830} INFO - Processing file /home/airflow/.local/lib/python3.12/site-packages/airflow/example_dags/example_display_name.py for tasks to queue
[2024-07-09T02:12:13.689+0000] {logging_mixin.py:188} INFO - [2024-07-09T02:12:13.688+0000] {dagbag.py:545} INFO - Filling up the DagBag from /home/airflow/.local/lib/python3.12/site-packages/airflow/example_dags/example_display_name.py
[2024-07-09T02:12:13.713+0000] {processor.py:840} INFO - DAG(s) 'example_display_name' retrieved from /home/airflow/.local/lib/python3.12/site-packages/airflow/example_dags/example_display_name.py
[2024-07-09T02:12:14.081+0000] {logging_mixin.py:188} INFO - [2024-07-09T02:12:14.079+0000] {override.py:1829} INFO - Created Permission View: can edit on DAG:example_display_name
[2024-07-09T02:12:14.157+0000] {logging_mixin.py:188} INFO - [2024-07-09T02:12:14.156+0000] {override.py:1829} INFO - Created Permission View: can delete on DAG:example_display_name
[2024-07-09T02:12:14.214+0000] {logging_mixin.py:188} INFO - [2024-07-09T02:12:14.214+0000] {override.py:1829} INFO - Created Permission View: can read on DAG:example_display_name
[2024-07-09T02:12:14.216+0000] {logging_mixin.py:188} INFO - [2024-07-09T02:12:14.215+0000] {dag.py:3096} INFO - Sync 1 DAGs
[2024-07-09T02:12:14.247+0000] {logging_mixin.py:188} INFO - [2024-07-09T02:12:14.247+0000] {dag.py:3118} INFO - Creating ORM DAG for example_display_name
[2024-07-09T02:12:14.250+0000] {logging_mixin.py:188} INFO - [2024-07-09T02:12:14.249+0000] {dag.py:3954} INFO - Setting next_dagrun for example_display_name to None, run_after=None
[2024-07-09T02:12:14.331+0000] {processor.py:183} INFO - Processing /home/airflow/.local/lib/python3.12/site-packages/airflow/example_dags/example_display_name.py took 0.666 seconds
[2024-07-09T02:12:44.496+0000] {processor.py:161} INFO - Started process (PID=99) to work on /home/airflow/.local/lib/python3.12/site-packages/airflow/example_dags/example_display_name.py
[2024-07-09T02:12:44.497+0000] {processor.py:830} INFO - Processing file /home/airflow/.local/lib/python3.12/site-packages/airflow/example_dags/example_display_name.py for tasks to queue
[2024-07-09T02:12:44.499+0000] {logging_mixin.py:188} INFO - [2024-07-09T02:12:44.499+0000] {dagbag.py:545} INFO - Filling up the DagBag from /home/airflow/.local/lib/python3.12/site-packages/airflow/example_dags/example_display_name.py
[2024-07-09T02:12:44.508+0000] {processor.py:840} INFO - DAG(s) 'example_display_name' retrieved from /home/airflow/.local/lib/python3.12/site-packages/airflow/example_dags/example_display_name.py
[2024-07-09T02:12:44.535+0000] {logging_mixin.py:188} INFO - [2024-07-09T02:12:44.535+0000] {dag.py:3096} INFO - Sync 1 DAGs
[2024-07-09T02:12:44.555+0000] {logging_mixin.py:188} INFO - [2024-07-09T02:12:44.554+0000] {dag.py:3954} INFO - Setting next_dagrun for example_display_name to None, run_after=None
[2024-07-09T02:12:44.581+0000] {processor.py:183} INFO - Processing /home/airflow/.local/lib/python3.12/site-packages/airflow/example_dags/example_display_name.py took 0.097 seconds
[2024-07-09T02:13:14.804+0000] {processor.py:161} INFO - Started process (PID=159) to work on /home/airflow/.local/lib/python3.12/site-packages/airflow/example_dags/example_display_name.py
[2024-07-09T02:13:14.806+0000] {processor.py:830} INFO - Processing file /home/airflow/.local/lib/python3.12/site-packages/airflow/example_dags/example_display_name.py for tasks to queue
[2024-07-09T02:13:14.811+0000] {logging_mixin.py:188} INFO - [2024-07-09T02:13:14.810+0000] {dagbag.py:545} INFO - Filling up the DagBag from /home/airflow/.local/lib/python3.12/site-packages/airflow/example_dags/example_display_name.py
[2024-07-09T02:13:14.825+0000] {processor.py:840} INFO - DAG(s) 'example_display_name' retrieved from /home/airflow/.local/lib/python3.12/site-packages/airflow/example_dags/example_display_name.py
[2024-07-09T02:13:14.866+0000] {logging_mixin.py:188} INFO - [2024-07-09T02:13:14.866+0000] {dag.py:3096} INFO - Sync 1 DAGs
[2024-07-09T02:13:14.895+0000] {logging_mixin.py:188} INFO - [2024-07-09T02:13:14.894+0000] {dag.py:3954} INFO - Setting next_dagrun for example_display_name to None, run_after=None
[2024-07-09T02:13:14.939+0000] {processor.py:183} INFO - Processing /home/airflow/.local/lib/python3.12/site-packages/airflow/example_dags/example_display_name.py took 0.150 seconds
[2024-07-09T02:13:45.023+0000] {processor.py:161} INFO - Started process (PID=219) to work on /home/airflow/.local/lib/python3.12/site-packages/airflow/example_dags/example_display_name.py
[2024-07-09T02:13:45.024+0000] {processor.py:830} INFO - Processing file /home/airflow/.local/lib/python3.12/site-packages/airflow/example_dags/example_display_name.py for tasks to queue
[2024-07-09T02:13:45.027+0000] {logging_mixin.py:188} INFO - [2024-07-09T02:13:45.027+0000] {dagbag.py:545} INFO - Filling up the DagBag from /home/airflow/.local/lib/python3.12/site-packages/airflow/example_dags/example_display_name.py
[2024-07-09T02:13:45.039+0000] {processor.py:840} INFO - DAG(s) 'example_display_name' retrieved from /home/airflow/.local/lib/python3.12/site-packages/airflow/example_dags/example_display_name.py
[2024-07-09T02:13:45.068+0000] {logging_mixin.py:188} INFO - [2024-07-09T02:13:45.068+0000] {dag.py:3096} INFO - Sync 1 DAGs
[2024-07-09T02:13:45.089+0000] {logging_mixin.py:188} INFO - [2024-07-09T02:13:45.089+0000] {dag.py:3954} INFO - Setting next_dagrun for example_display_name to None, run_after=None
[2024-07-09T02:13:45.116+0000] {processor.py:183} INFO - Processing /home/airflow/.local/lib/python3.12/site-packages/airflow/example_dags/example_display_name.py took 0.101 seconds
[2024-07-09T02:14:15.323+0000] {processor.py:161} INFO - Started process (PID=279) to work on /home/airflow/.local/lib/python3.12/site-packages/airflow/example_dags/example_display_name.py
[2024-07-09T02:14:15.330+0000] {processor.py:830} INFO - Processing file /home/airflow/.local/lib/python3.12/site-packages/airflow/example_dags/example_display_name.py for tasks to queue
[2024-07-09T02:14:15.336+0000] {logging_mixin.py:188} INFO - [2024-07-09T02:14:15.336+0000] {dagbag.py:545} INFO - Filling up the DagBag from /home/airflow/.local/lib/python3.12/site-packages/airflow/example_dags/example_display_name.py
[2024-07-09T02:14:15.353+0000] {processor.py:840} INFO - DAG(s) 'example_display_name' retrieved from /home/airflow/.local/lib/python3.12/site-packages/airflow/example_dags/example_display_name.py
[2024-07-09T02:14:15.409+0000] {logging_mixin.py:188} INFO - [2024-07-09T02:14:15.409+0000] {dag.py:3096} INFO - Sync 1 DAGs
[2024-07-09T02:14:15.449+0000] {logging_mixin.py:188} INFO - [2024-07-09T02:14:15.447+0000] {dag.py:3954} INFO - Setting next_dagrun for example_display_name to None, run_after=None
[2024-07-09T02:14:15.517+0000] {processor.py:183} INFO - Processing /home/airflow/.local/lib/python3.12/site-packages/airflow/example_dags/example_display_name.py took 0.220 seconds
[2024-07-09T02:14:45.893+0000] {processor.py:161} INFO - Started process (PID=339) to work on /home/airflow/.local/lib/python3.12/site-packages/airflow/example_dags/example_display_name.py
[2024-07-09T02:14:45.895+0000] {processor.py:830} INFO - Processing file /home/airflow/.local/lib/python3.12/site-packages/airflow/example_dags/example_display_name.py for tasks to queue
[2024-07-09T02:14:45.898+0000] {logging_mixin.py:188} INFO - [2024-07-09T02:14:45.898+0000] {dagbag.py:545} INFO - Filling up the DagBag from /home/airflow/.local/lib/python3.12/site-packages/airflow/example_dags/example_display_name.py
[2024-07-09T02:14:45.909+0000] {processor.py:840} INFO - DAG(s) 'example_display_name' retrieved from /home/airflow/.local/lib/python3.12/site-packages/airflow/example_dags/example_display_name.py
[2024-07-09T02:14:45.946+0000] {logging_mixin.py:188} INFO - [2024-07-09T02:14:45.946+0000] {dag.py:3096} INFO - Sync 1 DAGs
[2024-07-09T02:14:45.973+0000] {logging_mixin.py:188} INFO - [2024-07-09T02:14:45.972+0000] {dag.py:3954} INFO - Setting next_dagrun for example_display_name to None, run_after=None
[2024-07-09T02:14:46.007+0000] {processor.py:183} INFO - Processing /home/airflow/.local/lib/python3.12/site-packages/airflow/example_dags/example_display_name.py took 0.127 seconds
[2024-07-09T02:16:56.553+0000] {processor.py:161} INFO - Started process (PID=41) to work on /home/airflow/.local/lib/python3.12/site-packages/airflow/example_dags/example_display_name.py
[2024-07-09T02:16:56.556+0000] {processor.py:830} INFO - Processing file /home/airflow/.local/lib/python3.12/site-packages/airflow/example_dags/example_display_name.py for tasks to queue
[2024-07-09T02:16:56.559+0000] {logging_mixin.py:188} INFO - [2024-07-09T02:16:56.559+0000] {dagbag.py:545} INFO - Filling up the DagBag from /home/airflow/.local/lib/python3.12/site-packages/airflow/example_dags/example_display_name.py
[2024-07-09T02:16:56.580+0000] {processor.py:840} INFO - DAG(s) 'example_display_name' retrieved from /home/airflow/.local/lib/python3.12/site-packages/airflow/example_dags/example_display_name.py
[2024-07-09T02:16:56.866+0000] {logging_mixin.py:188} INFO - [2024-07-09T02:16:56.866+0000] {dag.py:3096} INFO - Sync 1 DAGs
[2024-07-09T02:16:56.895+0000] {logging_mixin.py:188} INFO - [2024-07-09T02:16:56.894+0000] {dag.py:3954} INFO - Setting next_dagrun for example_display_name to None, run_after=None
[2024-07-09T02:16:56.940+0000] {processor.py:183} INFO - Processing /home/airflow/.local/lib/python3.12/site-packages/airflow/example_dags/example_display_name.py took 0.405 seconds
[2024-07-09T02:17:27.021+0000] {processor.py:161} INFO - Started process (PID=99) to work on /home/airflow/.local/lib/python3.12/site-packages/airflow/example_dags/example_display_name.py
[2024-07-09T02:17:27.023+0000] {processor.py:830} INFO - Processing file /home/airflow/.local/lib/python3.12/site-packages/airflow/example_dags/example_display_name.py for tasks to queue
[2024-07-09T02:17:27.026+0000] {logging_mixin.py:188} INFO - [2024-07-09T02:17:27.025+0000] {dagbag.py:545} INFO - Filling up the DagBag from /home/airflow/.local/lib/python3.12/site-packages/airflow/example_dags/example_display_name.py
[2024-07-09T02:17:27.034+0000] {processor.py:840} INFO - DAG(s) 'example_display_name' retrieved from /home/airflow/.local/lib/python3.12/site-packages/airflow/example_dags/example_display_name.py
[2024-07-09T02:17:27.062+0000] {logging_mixin.py:188} INFO - [2024-07-09T02:17:27.061+0000] {dag.py:3096} INFO - Sync 1 DAGs
[2024-07-09T02:17:27.080+0000] {logging_mixin.py:188} INFO - [2024-07-09T02:17:27.080+0000] {dag.py:3954} INFO - Setting next_dagrun for example_display_name to None, run_after=None
[2024-07-09T02:17:27.110+0000] {processor.py:183} INFO - Processing /home/airflow/.local/lib/python3.12/site-packages/airflow/example_dags/example_display_name.py took 0.098 seconds
[2024-07-09T02:17:57.489+0000] {processor.py:161} INFO - Started process (PID=160) to work on /home/airflow/.local/lib/python3.12/site-packages/airflow/example_dags/example_display_name.py
[2024-07-09T02:17:57.491+0000] {processor.py:830} INFO - Processing file /home/airflow/.local/lib/python3.12/site-packages/airflow/example_dags/example_display_name.py for tasks to queue
[2024-07-09T02:17:57.494+0000] {logging_mixin.py:188} INFO - [2024-07-09T02:17:57.493+0000] {dagbag.py:545} INFO - Filling up the DagBag from /home/airflow/.local/lib/python3.12/site-packages/airflow/example_dags/example_display_name.py
[2024-07-09T02:17:57.502+0000] {processor.py:840} INFO - DAG(s) 'example_display_name' retrieved from /home/airflow/.local/lib/python3.12/site-packages/airflow/example_dags/example_display_name.py
[2024-07-09T02:17:57.531+0000] {logging_mixin.py:188} INFO - [2024-07-09T02:17:57.530+0000] {dag.py:3096} INFO - Sync 1 DAGs
[2024-07-09T02:17:57.550+0000] {logging_mixin.py:188} INFO - [2024-07-09T02:17:57.550+0000] {dag.py:3954} INFO - Setting next_dagrun for example_display_name to None, run_after=None
[2024-07-09T02:17:57.596+0000] {processor.py:183} INFO - Processing /home/airflow/.local/lib/python3.12/site-packages/airflow/example_dags/example_display_name.py took 0.116 seconds
[2024-07-09T02:18:27.932+0000] {processor.py:161} INFO - Started process (PID=220) to work on /home/airflow/.local/lib/python3.12/site-packages/airflow/example_dags/example_display_name.py
[2024-07-09T02:18:27.933+0000] {processor.py:830} INFO - Processing file /home/airflow/.local/lib/python3.12/site-packages/airflow/example_dags/example_display_name.py for tasks to queue
[2024-07-09T02:18:27.935+0000] {logging_mixin.py:188} INFO - [2024-07-09T02:18:27.935+0000] {dagbag.py:545} INFO - Filling up the DagBag from /home/airflow/.local/lib/python3.12/site-packages/airflow/example_dags/example_display_name.py
[2024-07-09T02:18:27.961+0000] {processor.py:840} INFO - DAG(s) 'example_display_name' retrieved from /home/airflow/.local/lib/python3.12/site-packages/airflow/example_dags/example_display_name.py
[2024-07-09T02:18:27.983+0000] {logging_mixin.py:188} INFO - [2024-07-09T02:18:27.982+0000] {dag.py:3096} INFO - Sync 1 DAGs
[2024-07-09T02:18:27.998+0000] {logging_mixin.py:188} INFO - [2024-07-09T02:18:27.998+0000] {dag.py:3954} INFO - Setting next_dagrun for example_display_name to None, run_after=None
[2024-07-09T02:18:28.020+0000] {processor.py:183} INFO - Processing /home/airflow/.local/lib/python3.12/site-packages/airflow/example_dags/example_display_name.py took 0.094 seconds
[2024-07-09T02:18:58.453+0000] {processor.py:161} INFO - Started process (PID=280) to work on /home/airflow/.local/lib/python3.12/site-packages/airflow/example_dags/example_display_name.py
[2024-07-09T02:18:58.455+0000] {processor.py:830} INFO - Processing file /home/airflow/.local/lib/python3.12/site-packages/airflow/example_dags/example_display_name.py for tasks to queue
[2024-07-09T02:18:58.457+0000] {logging_mixin.py:188} INFO - [2024-07-09T02:18:58.457+0000] {dagbag.py:545} INFO - Filling up the DagBag from /home/airflow/.local/lib/python3.12/site-packages/airflow/example_dags/example_display_name.py
[2024-07-09T02:18:58.463+0000] {processor.py:840} INFO - DAG(s) 'example_display_name' retrieved from /home/airflow/.local/lib/python3.12/site-packages/airflow/example_dags/example_display_name.py
[2024-07-09T02:18:58.484+0000] {logging_mixin.py:188} INFO - [2024-07-09T02:18:58.484+0000] {dag.py:3096} INFO - Sync 1 DAGs
[2024-07-09T02:18:58.498+0000] {logging_mixin.py:188} INFO - [2024-07-09T02:18:58.498+0000] {dag.py:3954} INFO - Setting next_dagrun for example_display_name to None, run_after=None
[2024-07-09T02:18:58.538+0000] {processor.py:183} INFO - Processing /home/airflow/.local/lib/python3.12/site-packages/airflow/example_dags/example_display_name.py took 0.091 seconds
[2024-07-09T02:19:29.508+0000] {processor.py:161} INFO - Started process (PID=340) to work on /home/airflow/.local/lib/python3.12/site-packages/airflow/example_dags/example_display_name.py
[2024-07-09T02:19:29.509+0000] {processor.py:830} INFO - Processing file /home/airflow/.local/lib/python3.12/site-packages/airflow/example_dags/example_display_name.py for tasks to queue
[2024-07-09T02:19:29.512+0000] {logging_mixin.py:188} INFO - [2024-07-09T02:19:29.512+0000] {dagbag.py:545} INFO - Filling up the DagBag from /home/airflow/.local/lib/python3.12/site-packages/airflow/example_dags/example_display_name.py
[2024-07-09T02:19:29.521+0000] {processor.py:840} INFO - DAG(s) 'example_display_name' retrieved from /home/airflow/.local/lib/python3.12/site-packages/airflow/example_dags/example_display_name.py
[2024-07-09T02:19:29.552+0000] {logging_mixin.py:188} INFO - [2024-07-09T02:19:29.552+0000] {dag.py:3096} INFO - Sync 1 DAGs
[2024-07-09T02:19:29.593+0000] {logging_mixin.py:188} INFO - [2024-07-09T02:19:29.593+0000] {dag.py:3954} INFO - Setting next_dagrun for example_display_name to None, run_after=None
[2024-07-09T02:19:29.633+0000] {processor.py:183} INFO - Processing /home/airflow/.local/lib/python3.12/site-packages/airflow/example_dags/example_display_name.py took 0.135 seconds
[2024-07-09T02:19:59.761+0000] {processor.py:161} INFO - Started process (PID=401) to work on /home/airflow/.local/lib/python3.12/site-packages/airflow/example_dags/example_display_name.py
[2024-07-09T02:19:59.762+0000] {processor.py:830} INFO - Processing file /home/airflow/.local/lib/python3.12/site-packages/airflow/example_dags/example_display_name.py for tasks to queue
[2024-07-09T02:19:59.765+0000] {logging_mixin.py:188} INFO - [2024-07-09T02:19:59.765+0000] {dagbag.py:545} INFO - Filling up the DagBag from /home/airflow/.local/lib/python3.12/site-packages/airflow/example_dags/example_display_name.py
[2024-07-09T02:19:59.776+0000] {processor.py:840} INFO - DAG(s) 'example_display_name' retrieved from /home/airflow/.local/lib/python3.12/site-packages/airflow/example_dags/example_display_name.py
[2024-07-09T02:19:59.811+0000] {logging_mixin.py:188} INFO - [2024-07-09T02:19:59.810+0000] {dag.py:3096} INFO - Sync 1 DAGs
[2024-07-09T02:19:59.833+0000] {logging_mixin.py:188} INFO - [2024-07-09T02:19:59.832+0000] {dag.py:3954} INFO - Setting next_dagrun for example_display_name to None, run_after=None
[2024-07-09T02:19:59.867+0000] {processor.py:183} INFO - Processing /home/airflow/.local/lib/python3.12/site-packages/airflow/example_dags/example_display_name.py took 0.117 seconds
[2024-07-09T02:20:30.133+0000] {processor.py:161} INFO - Started process (PID=461) to work on /home/airflow/.local/lib/python3.12/site-packages/airflow/example_dags/example_display_name.py
[2024-07-09T02:20:30.136+0000] {processor.py:830} INFO - Processing file /home/airflow/.local/lib/python3.12/site-packages/airflow/example_dags/example_display_name.py for tasks to queue
[2024-07-09T02:20:30.139+0000] {logging_mixin.py:188} INFO - [2024-07-09T02:20:30.139+0000] {dagbag.py:545} INFO - Filling up the DagBag from /home/airflow/.local/lib/python3.12/site-packages/airflow/example_dags/example_display_name.py
[2024-07-09T02:20:30.153+0000] {processor.py:840} INFO - DAG(s) 'example_display_name' retrieved from /home/airflow/.local/lib/python3.12/site-packages/airflow/example_dags/example_display_name.py
[2024-07-09T02:20:30.196+0000] {logging_mixin.py:188} INFO - [2024-07-09T02:20:30.196+0000] {dag.py:3096} INFO - Sync 1 DAGs
[2024-07-09T02:20:30.225+0000] {logging_mixin.py:188} INFO - [2024-07-09T02:20:30.225+0000] {dag.py:3954} INFO - Setting next_dagrun for example_display_name to None, run_after=None
[2024-07-09T02:20:30.268+0000] {processor.py:183} INFO - Processing /home/airflow/.local/lib/python3.12/site-packages/airflow/example_dags/example_display_name.py took 0.148 seconds
[2024-07-09T02:21:00.625+0000] {processor.py:161} INFO - Started process (PID=520) to work on /home/airflow/.local/lib/python3.12/site-packages/airflow/example_dags/example_display_name.py
[2024-07-09T02:21:00.626+0000] {processor.py:830} INFO - Processing file /home/airflow/.local/lib/python3.12/site-packages/airflow/example_dags/example_display_name.py for tasks to queue
[2024-07-09T02:21:00.629+0000] {logging_mixin.py:188} INFO - [2024-07-09T02:21:00.628+0000] {dagbag.py:545} INFO - Filling up the DagBag from /home/airflow/.local/lib/python3.12/site-packages/airflow/example_dags/example_display_name.py
[2024-07-09T02:21:00.637+0000] {processor.py:840} INFO - DAG(s) 'example_display_name' retrieved from /home/airflow/.local/lib/python3.12/site-packages/airflow/example_dags/example_display_name.py
[2024-07-09T02:21:00.668+0000] {logging_mixin.py:188} INFO - [2024-07-09T02:21:00.667+0000] {dag.py:3096} INFO - Sync 1 DAGs
[2024-07-09T02:21:00.687+0000] {logging_mixin.py:188} INFO - [2024-07-09T02:21:00.687+0000] {dag.py:3954} INFO - Setting next_dagrun for example_display_name to None, run_after=None
[2024-07-09T02:21:00.717+0000] {processor.py:183} INFO - Processing /home/airflow/.local/lib/python3.12/site-packages/airflow/example_dags/example_display_name.py took 0.099 seconds
[2024-07-09T02:21:30.863+0000] {processor.py:161} INFO - Started process (PID=580) to work on /home/airflow/.local/lib/python3.12/site-packages/airflow/example_dags/example_display_name.py
[2024-07-09T02:21:30.866+0000] {processor.py:830} INFO - Processing file /home/airflow/.local/lib/python3.12/site-packages/airflow/example_dags/example_display_name.py for tasks to queue
[2024-07-09T02:21:30.870+0000] {logging_mixin.py:188} INFO - [2024-07-09T02:21:30.869+0000] {dagbag.py:545} INFO - Filling up the DagBag from /home/airflow/.local/lib/python3.12/site-packages/airflow/example_dags/example_display_name.py
[2024-07-09T02:21:30.880+0000] {processor.py:840} INFO - DAG(s) 'example_display_name' retrieved from /home/airflow/.local/lib/python3.12/site-packages/airflow/example_dags/example_display_name.py
[2024-07-09T02:21:30.911+0000] {logging_mixin.py:188} INFO - [2024-07-09T02:21:30.910+0000] {dag.py:3096} INFO - Sync 1 DAGs
[2024-07-09T02:21:30.937+0000] {logging_mixin.py:188} INFO - [2024-07-09T02:21:30.936+0000] {dag.py:3954} INFO - Setting next_dagrun for example_display_name to None, run_after=None
[2024-07-09T02:21:30.990+0000] {processor.py:183} INFO - Processing /home/airflow/.local/lib/python3.12/site-packages/airflow/example_dags/example_display_name.py took 0.138 seconds
[2024-07-09T02:22:01.166+0000] {processor.py:161} INFO - Started process (PID=640) to work on /home/airflow/.local/lib/python3.12/site-packages/airflow/example_dags/example_display_name.py
[2024-07-09T02:22:01.167+0000] {processor.py:830} INFO - Processing file /home/airflow/.local/lib/python3.12/site-packages/airflow/example_dags/example_display_name.py for tasks to queue
[2024-07-09T02:22:01.169+0000] {logging_mixin.py:188} INFO - [2024-07-09T02:22:01.169+0000] {dagbag.py:545} INFO - Filling up the DagBag from /home/airflow/.local/lib/python3.12/site-packages/airflow/example_dags/example_display_name.py
[2024-07-09T02:22:01.178+0000] {processor.py:840} INFO - DAG(s) 'example_display_name' retrieved from /home/airflow/.local/lib/python3.12/site-packages/airflow/example_dags/example_display_name.py
[2024-07-09T02:22:01.204+0000] {logging_mixin.py:188} INFO - [2024-07-09T02:22:01.204+0000] {dag.py:3096} INFO - Sync 1 DAGs
[2024-07-09T02:22:01.225+0000] {logging_mixin.py:188} INFO - [2024-07-09T02:22:01.225+0000] {dag.py:3954} INFO - Setting next_dagrun for example_display_name to None, run_after=None
[2024-07-09T02:22:01.260+0000] {processor.py:183} INFO - Processing /home/airflow/.local/lib/python3.12/site-packages/airflow/example_dags/example_display_name.py took 0.103 seconds
[2024-07-09T02:22:31.412+0000] {processor.py:161} INFO - Started process (PID=700) to work on /home/airflow/.local/lib/python3.12/site-packages/airflow/example_dags/example_display_name.py
[2024-07-09T02:22:31.414+0000] {processor.py:830} INFO - Processing file /home/airflow/.local/lib/python3.12/site-packages/airflow/example_dags/example_display_name.py for tasks to queue
[2024-07-09T02:22:31.417+0000] {logging_mixin.py:188} INFO - [2024-07-09T02:22:31.416+0000] {dagbag.py:545} INFO - Filling up the DagBag from /home/airflow/.local/lib/python3.12/site-packages/airflow/example_dags/example_display_name.py
[2024-07-09T02:22:31.425+0000] {processor.py:840} INFO - DAG(s) 'example_display_name' retrieved from /home/airflow/.local/lib/python3.12/site-packages/airflow/example_dags/example_display_name.py
[2024-07-09T02:22:31.455+0000] {logging_mixin.py:188} INFO - [2024-07-09T02:22:31.455+0000] {dag.py:3096} INFO - Sync 1 DAGs
[2024-07-09T02:22:31.479+0000] {logging_mixin.py:188} INFO - [2024-07-09T02:22:31.478+0000] {dag.py:3954} INFO - Setting next_dagrun for example_display_name to None, run_after=None
[2024-07-09T02:22:31.506+0000] {processor.py:183} INFO - Processing /home/airflow/.local/lib/python3.12/site-packages/airflow/example_dags/example_display_name.py took 0.103 seconds
[2024-07-09T02:23:01.931+0000] {processor.py:161} INFO - Started process (PID=759) to work on /home/airflow/.local/lib/python3.12/site-packages/airflow/example_dags/example_display_name.py
[2024-07-09T02:23:01.932+0000] {processor.py:830} INFO - Processing file /home/airflow/.local/lib/python3.12/site-packages/airflow/example_dags/example_display_name.py for tasks to queue
[2024-07-09T02:23:01.935+0000] {logging_mixin.py:188} INFO - [2024-07-09T02:23:01.935+0000] {dagbag.py:545} INFO - Filling up the DagBag from /home/airflow/.local/lib/python3.12/site-packages/airflow/example_dags/example_display_name.py
[2024-07-09T02:23:01.942+0000] {processor.py:840} INFO - DAG(s) 'example_display_name' retrieved from /home/airflow/.local/lib/python3.12/site-packages/airflow/example_dags/example_display_name.py
[2024-07-09T02:23:01.972+0000] {logging_mixin.py:188} INFO - [2024-07-09T02:23:01.971+0000] {dag.py:3096} INFO - Sync 1 DAGs
[2024-07-09T02:23:01.993+0000] {logging_mixin.py:188} INFO - [2024-07-09T02:23:01.993+0000] {dag.py:3954} INFO - Setting next_dagrun for example_display_name to None, run_after=None
[2024-07-09T02:23:02.020+0000] {processor.py:183} INFO - Processing /home/airflow/.local/lib/python3.12/site-packages/airflow/example_dags/example_display_name.py took 0.099 seconds
[2024-07-09T02:23:32.758+0000] {processor.py:161} INFO - Started process (PID=819) to work on /home/airflow/.local/lib/python3.12/site-packages/airflow/example_dags/example_display_name.py
[2024-07-09T02:23:32.759+0000] {processor.py:830} INFO - Processing file /home/airflow/.local/lib/python3.12/site-packages/airflow/example_dags/example_display_name.py for tasks to queue
[2024-07-09T02:23:32.762+0000] {logging_mixin.py:188} INFO - [2024-07-09T02:23:32.761+0000] {dagbag.py:545} INFO - Filling up the DagBag from /home/airflow/.local/lib/python3.12/site-packages/airflow/example_dags/example_display_name.py
[2024-07-09T02:23:32.768+0000] {processor.py:840} INFO - DAG(s) 'example_display_name' retrieved from /home/airflow/.local/lib/python3.12/site-packages/airflow/example_dags/example_display_name.py
[2024-07-09T02:23:32.791+0000] {logging_mixin.py:188} INFO - [2024-07-09T02:23:32.790+0000] {dag.py:3096} INFO - Sync 1 DAGs
[2024-07-09T02:23:32.805+0000] {logging_mixin.py:188} INFO - [2024-07-09T02:23:32.805+0000] {dag.py:3954} INFO - Setting next_dagrun for example_display_name to None, run_after=None
[2024-07-09T02:23:32.843+0000] {processor.py:183} INFO - Processing /home/airflow/.local/lib/python3.12/site-packages/airflow/example_dags/example_display_name.py took 0.094 seconds
[2024-07-09T02:24:03.325+0000] {processor.py:161} INFO - Started process (PID=879) to work on /home/airflow/.local/lib/python3.12/site-packages/airflow/example_dags/example_display_name.py
[2024-07-09T02:24:03.328+0000] {processor.py:830} INFO - Processing file /home/airflow/.local/lib/python3.12/site-packages/airflow/example_dags/example_display_name.py for tasks to queue
[2024-07-09T02:24:03.337+0000] {logging_mixin.py:188} INFO - [2024-07-09T02:24:03.335+0000] {dagbag.py:545} INFO - Filling up the DagBag from /home/airflow/.local/lib/python3.12/site-packages/airflow/example_dags/example_display_name.py
[2024-07-09T02:24:03.353+0000] {processor.py:840} INFO - DAG(s) 'example_display_name' retrieved from /home/airflow/.local/lib/python3.12/site-packages/airflow/example_dags/example_display_name.py
[2024-07-09T02:24:03.394+0000] {logging_mixin.py:188} INFO - [2024-07-09T02:24:03.393+0000] {dag.py:3096} INFO - Sync 1 DAGs
[2024-07-09T02:24:03.437+0000] {logging_mixin.py:188} INFO - [2024-07-09T02:24:03.437+0000] {dag.py:3954} INFO - Setting next_dagrun for example_display_name to None, run_after=None
[2024-07-09T02:24:03.496+0000] {processor.py:183} INFO - Processing /home/airflow/.local/lib/python3.12/site-packages/airflow/example_dags/example_display_name.py took 0.191 seconds
[2024-07-09T02:24:34.352+0000] {processor.py:161} INFO - Started process (PID=940) to work on /home/airflow/.local/lib/python3.12/site-packages/airflow/example_dags/example_display_name.py
[2024-07-09T02:24:34.354+0000] {processor.py:830} INFO - Processing file /home/airflow/.local/lib/python3.12/site-packages/airflow/example_dags/example_display_name.py for tasks to queue
[2024-07-09T02:24:34.358+0000] {logging_mixin.py:188} INFO - [2024-07-09T02:24:34.357+0000] {dagbag.py:545} INFO - Filling up the DagBag from /home/airflow/.local/lib/python3.12/site-packages/airflow/example_dags/example_display_name.py
[2024-07-09T02:24:34.371+0000] {processor.py:840} INFO - DAG(s) 'example_display_name' retrieved from /home/airflow/.local/lib/python3.12/site-packages/airflow/example_dags/example_display_name.py
[2024-07-09T02:24:34.419+0000] {logging_mixin.py:188} INFO - [2024-07-09T02:24:34.419+0000] {dag.py:3096} INFO - Sync 1 DAGs
[2024-07-09T02:24:34.460+0000] {logging_mixin.py:188} INFO - [2024-07-09T02:24:34.460+0000] {dag.py:3954} INFO - Setting next_dagrun for example_display_name to None, run_after=None
[2024-07-09T02:24:34.507+0000] {processor.py:183} INFO - Processing /home/airflow/.local/lib/python3.12/site-packages/airflow/example_dags/example_display_name.py took 0.168 seconds
[2024-07-09T02:25:05.556+0000] {processor.py:161} INFO - Started process (PID=1000) to work on /home/airflow/.local/lib/python3.12/site-packages/airflow/example_dags/example_display_name.py
[2024-07-09T02:25:05.599+0000] {processor.py:830} INFO - Processing file /home/airflow/.local/lib/python3.12/site-packages/airflow/example_dags/example_display_name.py for tasks to queue
[2024-07-09T02:25:05.629+0000] {logging_mixin.py:188} INFO - [2024-07-09T02:25:05.628+0000] {dagbag.py:545} INFO - Filling up the DagBag from /home/airflow/.local/lib/python3.12/site-packages/airflow/example_dags/example_display_name.py
[2024-07-09T02:25:05.669+0000] {processor.py:840} INFO - DAG(s) 'example_display_name' retrieved from /home/airflow/.local/lib/python3.12/site-packages/airflow/example_dags/example_display_name.py
[2024-07-09T02:25:05.787+0000] {logging_mixin.py:188} INFO - [2024-07-09T02:25:05.787+0000] {dag.py:3096} INFO - Sync 1 DAGs
[2024-07-09T02:25:05.856+0000] {logging_mixin.py:188} INFO - [2024-07-09T02:25:05.855+0000] {dag.py:3954} INFO - Setting next_dagrun for example_display_name to None, run_after=None
[2024-07-09T02:25:05.933+0000] {processor.py:183} INFO - Processing /home/airflow/.local/lib/python3.12/site-packages/airflow/example_dags/example_display_name.py took 0.411 seconds
[2024-07-09T02:25:36.926+0000] {processor.py:161} INFO - Started process (PID=1076) to work on /home/airflow/.local/lib/python3.12/site-packages/airflow/example_dags/example_display_name.py
[2024-07-09T02:25:36.929+0000] {processor.py:830} INFO - Processing file /home/airflow/.local/lib/python3.12/site-packages/airflow/example_dags/example_display_name.py for tasks to queue
[2024-07-09T02:25:36.937+0000] {logging_mixin.py:188} INFO - [2024-07-09T02:25:36.937+0000] {dagbag.py:545} INFO - Filling up the DagBag from /home/airflow/.local/lib/python3.12/site-packages/airflow/example_dags/example_display_name.py
[2024-07-09T02:25:36.948+0000] {processor.py:840} INFO - DAG(s) 'example_display_name' retrieved from /home/airflow/.local/lib/python3.12/site-packages/airflow/example_dags/example_display_name.py
[2024-07-09T02:25:36.998+0000] {logging_mixin.py:188} INFO - [2024-07-09T02:25:36.997+0000] {dag.py:3096} INFO - Sync 1 DAGs
[2024-07-09T02:25:37.024+0000] {logging_mixin.py:188} INFO - [2024-07-09T02:25:37.023+0000] {dag.py:3954} INFO - Setting next_dagrun for example_display_name to None, run_after=None
[2024-07-09T02:25:37.067+0000] {processor.py:183} INFO - Processing /home/airflow/.local/lib/python3.12/site-packages/airflow/example_dags/example_display_name.py took 0.161 seconds
[2024-07-09T02:26:07.449+0000] {processor.py:161} INFO - Started process (PID=1140) to work on /home/airflow/.local/lib/python3.12/site-packages/airflow/example_dags/example_display_name.py
[2024-07-09T02:26:07.451+0000] {processor.py:830} INFO - Processing file /home/airflow/.local/lib/python3.12/site-packages/airflow/example_dags/example_display_name.py for tasks to queue
[2024-07-09T02:26:07.455+0000] {logging_mixin.py:188} INFO - [2024-07-09T02:26:07.454+0000] {dagbag.py:545} INFO - Filling up the DagBag from /home/airflow/.local/lib/python3.12/site-packages/airflow/example_dags/example_display_name.py
[2024-07-09T02:26:07.467+0000] {processor.py:840} INFO - DAG(s) 'example_display_name' retrieved from /home/airflow/.local/lib/python3.12/site-packages/airflow/example_dags/example_display_name.py
[2024-07-09T02:26:07.518+0000] {logging_mixin.py:188} INFO - [2024-07-09T02:26:07.517+0000] {dag.py:3096} INFO - Sync 1 DAGs
[2024-07-09T02:26:07.558+0000] {logging_mixin.py:188} INFO - [2024-07-09T02:26:07.558+0000] {dag.py:3954} INFO - Setting next_dagrun for example_display_name to None, run_after=None
[2024-07-09T02:26:07.612+0000] {processor.py:183} INFO - Processing /home/airflow/.local/lib/python3.12/site-packages/airflow/example_dags/example_display_name.py took 0.177 seconds
[2024-07-09T02:26:38.730+0000] {processor.py:161} INFO - Started process (PID=1200) to work on /home/airflow/.local/lib/python3.12/site-packages/airflow/example_dags/example_display_name.py
[2024-07-09T02:26:38.731+0000] {processor.py:830} INFO - Processing file /home/airflow/.local/lib/python3.12/site-packages/airflow/example_dags/example_display_name.py for tasks to queue
[2024-07-09T02:26:38.735+0000] {logging_mixin.py:188} INFO - [2024-07-09T02:26:38.734+0000] {dagbag.py:545} INFO - Filling up the DagBag from /home/airflow/.local/lib/python3.12/site-packages/airflow/example_dags/example_display_name.py
[2024-07-09T02:26:38.747+0000] {processor.py:840} INFO - DAG(s) 'example_display_name' retrieved from /home/airflow/.local/lib/python3.12/site-packages/airflow/example_dags/example_display_name.py
[2024-07-09T02:26:38.792+0000] {logging_mixin.py:188} INFO - [2024-07-09T02:26:38.791+0000] {dag.py:3096} INFO - Sync 1 DAGs
[2024-07-09T02:26:38.848+0000] {logging_mixin.py:188} INFO - [2024-07-09T02:26:38.848+0000] {dag.py:3954} INFO - Setting next_dagrun for example_display_name to None, run_after=None
[2024-07-09T02:26:38.900+0000] {processor.py:183} INFO - Processing /home/airflow/.local/lib/python3.12/site-packages/airflow/example_dags/example_display_name.py took 0.185 seconds
[2024-07-09T02:27:09.236+0000] {processor.py:161} INFO - Started process (PID=1261) to work on /home/airflow/.local/lib/python3.12/site-packages/airflow/example_dags/example_display_name.py
[2024-07-09T02:27:09.238+0000] {processor.py:830} INFO - Processing file /home/airflow/.local/lib/python3.12/site-packages/airflow/example_dags/example_display_name.py for tasks to queue
[2024-07-09T02:27:09.242+0000] {logging_mixin.py:188} INFO - [2024-07-09T02:27:09.241+0000] {dagbag.py:545} INFO - Filling up the DagBag from /home/airflow/.local/lib/python3.12/site-packages/airflow/example_dags/example_display_name.py
[2024-07-09T02:27:09.259+0000] {processor.py:840} INFO - DAG(s) 'example_display_name' retrieved from /home/airflow/.local/lib/python3.12/site-packages/airflow/example_dags/example_display_name.py
[2024-07-09T02:27:09.300+0000] {logging_mixin.py:188} INFO - [2024-07-09T02:27:09.300+0000] {dag.py:3096} INFO - Sync 1 DAGs
[2024-07-09T02:27:09.338+0000] {logging_mixin.py:188} INFO - [2024-07-09T02:27:09.337+0000] {dag.py:3954} INFO - Setting next_dagrun for example_display_name to None, run_after=None
[2024-07-09T02:27:09.401+0000] {processor.py:183} INFO - Processing /home/airflow/.local/lib/python3.12/site-packages/airflow/example_dags/example_display_name.py took 0.179 seconds
[2024-07-09T02:27:39.580+0000] {processor.py:161} INFO - Started process (PID=1320) to work on /home/airflow/.local/lib/python3.12/site-packages/airflow/example_dags/example_display_name.py
[2024-07-09T02:27:39.582+0000] {processor.py:830} INFO - Processing file /home/airflow/.local/lib/python3.12/site-packages/airflow/example_dags/example_display_name.py for tasks to queue
[2024-07-09T02:27:39.586+0000] {logging_mixin.py:188} INFO - [2024-07-09T02:27:39.585+0000] {dagbag.py:545} INFO - Filling up the DagBag from /home/airflow/.local/lib/python3.12/site-packages/airflow/example_dags/example_display_name.py
[2024-07-09T02:27:39.598+0000] {processor.py:840} INFO - DAG(s) 'example_display_name' retrieved from /home/airflow/.local/lib/python3.12/site-packages/airflow/example_dags/example_display_name.py
[2024-07-09T02:27:39.634+0000] {logging_mixin.py:188} INFO - [2024-07-09T02:27:39.633+0000] {dag.py:3096} INFO - Sync 1 DAGs
[2024-07-09T02:27:39.658+0000] {logging_mixin.py:188} INFO - [2024-07-09T02:27:39.658+0000] {dag.py:3954} INFO - Setting next_dagrun for example_display_name to None, run_after=None
[2024-07-09T02:27:39.692+0000] {processor.py:183} INFO - Processing /home/airflow/.local/lib/python3.12/site-packages/airflow/example_dags/example_display_name.py took 0.125 seconds
[2024-07-09T02:28:10.568+0000] {processor.py:161} INFO - Started process (PID=1380) to work on /home/airflow/.local/lib/python3.12/site-packages/airflow/example_dags/example_display_name.py
[2024-07-09T02:28:10.570+0000] {processor.py:830} INFO - Processing file /home/airflow/.local/lib/python3.12/site-packages/airflow/example_dags/example_display_name.py for tasks to queue
[2024-07-09T02:28:10.574+0000] {logging_mixin.py:188} INFO - [2024-07-09T02:28:10.573+0000] {dagbag.py:545} INFO - Filling up the DagBag from /home/airflow/.local/lib/python3.12/site-packages/airflow/example_dags/example_display_name.py
[2024-07-09T02:28:10.595+0000] {processor.py:840} INFO - DAG(s) 'example_display_name' retrieved from /home/airflow/.local/lib/python3.12/site-packages/airflow/example_dags/example_display_name.py
[2024-07-09T02:28:10.632+0000] {logging_mixin.py:188} INFO - [2024-07-09T02:28:10.632+0000] {dag.py:3096} INFO - Sync 1 DAGs
[2024-07-09T02:28:10.654+0000] {logging_mixin.py:188} INFO - [2024-07-09T02:28:10.654+0000] {dag.py:3954} INFO - Setting next_dagrun for example_display_name to None, run_after=None
[2024-07-09T02:28:10.687+0000] {processor.py:183} INFO - Processing /home/airflow/.local/lib/python3.12/site-packages/airflow/example_dags/example_display_name.py took 0.133 seconds
[2024-07-09T02:28:41.032+0000] {processor.py:161} INFO - Started process (PID=1440) to work on /home/airflow/.local/lib/python3.12/site-packages/airflow/example_dags/example_display_name.py
[2024-07-09T02:28:41.034+0000] {processor.py:830} INFO - Processing file /home/airflow/.local/lib/python3.12/site-packages/airflow/example_dags/example_display_name.py for tasks to queue
[2024-07-09T02:28:41.038+0000] {logging_mixin.py:188} INFO - [2024-07-09T02:28:41.037+0000] {dagbag.py:545} INFO - Filling up the DagBag from /home/airflow/.local/lib/python3.12/site-packages/airflow/example_dags/example_display_name.py
[2024-07-09T02:28:41.054+0000] {processor.py:840} INFO - DAG(s) 'example_display_name' retrieved from /home/airflow/.local/lib/python3.12/site-packages/airflow/example_dags/example_display_name.py
[2024-07-09T02:28:41.097+0000] {logging_mixin.py:188} INFO - [2024-07-09T02:28:41.096+0000] {dag.py:3096} INFO - Sync 1 DAGs
[2024-07-09T02:28:41.128+0000] {logging_mixin.py:188} INFO - [2024-07-09T02:28:41.127+0000] {dag.py:3954} INFO - Setting next_dagrun for example_display_name to None, run_after=None
[2024-07-09T02:28:41.189+0000] {processor.py:183} INFO - Processing /home/airflow/.local/lib/python3.12/site-packages/airflow/example_dags/example_display_name.py took 0.169 seconds
[2024-07-09T02:29:12.674+0000] {processor.py:161} INFO - Started process (PID=1499) to work on /home/airflow/.local/lib/python3.12/site-packages/airflow/example_dags/example_display_name.py
[2024-07-09T02:29:12.687+0000] {processor.py:830} INFO - Processing file /home/airflow/.local/lib/python3.12/site-packages/airflow/example_dags/example_display_name.py for tasks to queue
[2024-07-09T02:29:12.735+0000] {logging_mixin.py:188} INFO - [2024-07-09T02:29:12.735+0000] {dagbag.py:545} INFO - Filling up the DagBag from /home/airflow/.local/lib/python3.12/site-packages/airflow/example_dags/example_display_name.py
[2024-07-09T02:29:12.830+0000] {processor.py:840} INFO - DAG(s) 'example_display_name' retrieved from /home/airflow/.local/lib/python3.12/site-packages/airflow/example_dags/example_display_name.py
[2024-07-09T02:29:12.920+0000] {logging_mixin.py:188} INFO - [2024-07-09T02:29:12.920+0000] {dag.py:3096} INFO - Sync 1 DAGs
[2024-07-09T02:29:13.027+0000] {logging_mixin.py:188} INFO - [2024-07-09T02:29:13.027+0000] {dag.py:3954} INFO - Setting next_dagrun for example_display_name to None, run_after=None
[2024-07-09T02:29:13.179+0000] {processor.py:183} INFO - Processing /home/airflow/.local/lib/python3.12/site-packages/airflow/example_dags/example_display_name.py took 0.549 seconds
[2024-07-09T02:29:43.406+0000] {processor.py:161} INFO - Started process (PID=1558) to work on /home/airflow/.local/lib/python3.12/site-packages/airflow/example_dags/example_display_name.py
[2024-07-09T02:29:43.408+0000] {processor.py:830} INFO - Processing file /home/airflow/.local/lib/python3.12/site-packages/airflow/example_dags/example_display_name.py for tasks to queue
[2024-07-09T02:29:43.412+0000] {logging_mixin.py:188} INFO - [2024-07-09T02:29:43.411+0000] {dagbag.py:545} INFO - Filling up the DagBag from /home/airflow/.local/lib/python3.12/site-packages/airflow/example_dags/example_display_name.py
[2024-07-09T02:29:43.424+0000] {processor.py:840} INFO - DAG(s) 'example_display_name' retrieved from /home/airflow/.local/lib/python3.12/site-packages/airflow/example_dags/example_display_name.py
[2024-07-09T02:29:43.468+0000] {logging_mixin.py:188} INFO - [2024-07-09T02:29:43.468+0000] {dag.py:3096} INFO - Sync 1 DAGs
[2024-07-09T02:29:43.499+0000] {logging_mixin.py:188} INFO - [2024-07-09T02:29:43.498+0000] {dag.py:3954} INFO - Setting next_dagrun for example_display_name to None, run_after=None
[2024-07-09T02:29:43.545+0000] {processor.py:183} INFO - Processing /home/airflow/.local/lib/python3.12/site-packages/airflow/example_dags/example_display_name.py took 0.153 seconds
[2024-07-09T02:30:14.156+0000] {processor.py:161} INFO - Started process (PID=1618) to work on /home/airflow/.local/lib/python3.12/site-packages/airflow/example_dags/example_display_name.py
[2024-07-09T02:30:14.157+0000] {processor.py:830} INFO - Processing file /home/airflow/.local/lib/python3.12/site-packages/airflow/example_dags/example_display_name.py for tasks to queue
[2024-07-09T02:30:14.161+0000] {logging_mixin.py:188} INFO - [2024-07-09T02:30:14.160+0000] {dagbag.py:545} INFO - Filling up the DagBag from /home/airflow/.local/lib/python3.12/site-packages/airflow/example_dags/example_display_name.py
[2024-07-09T02:30:14.169+0000] {processor.py:840} INFO - DAG(s) 'example_display_name' retrieved from /home/airflow/.local/lib/python3.12/site-packages/airflow/example_dags/example_display_name.py
[2024-07-09T02:30:14.200+0000] {logging_mixin.py:188} INFO - [2024-07-09T02:30:14.200+0000] {dag.py:3096} INFO - Sync 1 DAGs
[2024-07-09T02:30:14.223+0000] {logging_mixin.py:188} INFO - [2024-07-09T02:30:14.223+0000] {dag.py:3954} INFO - Setting next_dagrun for example_display_name to None, run_after=None
[2024-07-09T02:30:14.255+0000] {processor.py:183} INFO - Processing /home/airflow/.local/lib/python3.12/site-packages/airflow/example_dags/example_display_name.py took 0.108 seconds
[2024-07-09T02:30:44.321+0000] {processor.py:161} INFO - Started process (PID=1677) to work on /home/airflow/.local/lib/python3.12/site-packages/airflow/example_dags/example_display_name.py
[2024-07-09T02:30:44.323+0000] {processor.py:830} INFO - Processing file /home/airflow/.local/lib/python3.12/site-packages/airflow/example_dags/example_display_name.py for tasks to queue
[2024-07-09T02:30:44.325+0000] {logging_mixin.py:188} INFO - [2024-07-09T02:30:44.324+0000] {dagbag.py:545} INFO - Filling up the DagBag from /home/airflow/.local/lib/python3.12/site-packages/airflow/example_dags/example_display_name.py
[2024-07-09T02:30:44.332+0000] {processor.py:840} INFO - DAG(s) 'example_display_name' retrieved from /home/airflow/.local/lib/python3.12/site-packages/airflow/example_dags/example_display_name.py
[2024-07-09T02:30:44.356+0000] {logging_mixin.py:188} INFO - [2024-07-09T02:30:44.356+0000] {dag.py:3096} INFO - Sync 1 DAGs
[2024-07-09T02:30:44.377+0000] {logging_mixin.py:188} INFO - [2024-07-09T02:30:44.376+0000] {dag.py:3954} INFO - Setting next_dagrun for example_display_name to None, run_after=None
[2024-07-09T02:30:44.400+0000] {processor.py:183} INFO - Processing /home/airflow/.local/lib/python3.12/site-packages/airflow/example_dags/example_display_name.py took 0.086 seconds
[2024-07-09T02:31:15.587+0000] {processor.py:161} INFO - Started process (PID=1737) to work on /home/airflow/.local/lib/python3.12/site-packages/airflow/example_dags/example_display_name.py
[2024-07-09T02:31:15.714+0000] {processor.py:830} INFO - Processing file /home/airflow/.local/lib/python3.12/site-packages/airflow/example_dags/example_display_name.py for tasks to queue
[2024-07-09T02:31:15.788+0000] {logging_mixin.py:188} INFO - [2024-07-09T02:31:15.787+0000] {dagbag.py:545} INFO - Filling up the DagBag from /home/airflow/.local/lib/python3.12/site-packages/airflow/example_dags/example_display_name.py
[2024-07-09T02:31:15.839+0000] {processor.py:840} INFO - DAG(s) 'example_display_name' retrieved from /home/airflow/.local/lib/python3.12/site-packages/airflow/example_dags/example_display_name.py
[2024-07-09T02:31:15.909+0000] {logging_mixin.py:188} INFO - [2024-07-09T02:31:15.909+0000] {dag.py:3096} INFO - Sync 1 DAGs
[2024-07-09T02:31:15.977+0000] {logging_mixin.py:188} INFO - [2024-07-09T02:31:15.976+0000] {dag.py:3954} INFO - Setting next_dagrun for example_display_name to None, run_after=None
[2024-07-09T02:31:16.048+0000] {processor.py:183} INFO - Processing /home/airflow/.local/lib/python3.12/site-packages/airflow/example_dags/example_display_name.py took 0.495 seconds
[2024-07-09T02:31:46.652+0000] {processor.py:161} INFO - Started process (PID=1798) to work on /home/airflow/.local/lib/python3.12/site-packages/airflow/example_dags/example_display_name.py
[2024-07-09T02:31:46.654+0000] {processor.py:830} INFO - Processing file /home/airflow/.local/lib/python3.12/site-packages/airflow/example_dags/example_display_name.py for tasks to queue
[2024-07-09T02:31:46.658+0000] {logging_mixin.py:188} INFO - [2024-07-09T02:31:46.657+0000] {dagbag.py:545} INFO - Filling up the DagBag from /home/airflow/.local/lib/python3.12/site-packages/airflow/example_dags/example_display_name.py
[2024-07-09T02:31:46.665+0000] {processor.py:840} INFO - DAG(s) 'example_display_name' retrieved from /home/airflow/.local/lib/python3.12/site-packages/airflow/example_dags/example_display_name.py
[2024-07-09T02:31:46.691+0000] {logging_mixin.py:188} INFO - [2024-07-09T02:31:46.690+0000] {dag.py:3096} INFO - Sync 1 DAGs
[2024-07-09T02:31:46.713+0000] {logging_mixin.py:188} INFO - [2024-07-09T02:31:46.712+0000] {dag.py:3954} INFO - Setting next_dagrun for example_display_name to None, run_after=None
[2024-07-09T02:31:46.758+0000] {processor.py:183} INFO - Processing /home/airflow/.local/lib/python3.12/site-packages/airflow/example_dags/example_display_name.py took 0.115 seconds
[2024-07-09T02:32:17.372+0000] {processor.py:161} INFO - Started process (PID=1864) to work on /home/airflow/.local/lib/python3.12/site-packages/airflow/example_dags/example_display_name.py
[2024-07-09T02:32:17.373+0000] {processor.py:830} INFO - Processing file /home/airflow/.local/lib/python3.12/site-packages/airflow/example_dags/example_display_name.py for tasks to queue
[2024-07-09T02:32:17.377+0000] {logging_mixin.py:188} INFO - [2024-07-09T02:32:17.377+0000] {dagbag.py:545} INFO - Filling up the DagBag from /home/airflow/.local/lib/python3.12/site-packages/airflow/example_dags/example_display_name.py
[2024-07-09T02:32:17.395+0000] {processor.py:840} INFO - DAG(s) 'example_display_name' retrieved from /home/airflow/.local/lib/python3.12/site-packages/airflow/example_dags/example_display_name.py
[2024-07-09T02:32:17.443+0000] {logging_mixin.py:188} INFO - [2024-07-09T02:32:17.442+0000] {dag.py:3096} INFO - Sync 1 DAGs
[2024-07-09T02:32:17.472+0000] {logging_mixin.py:188} INFO - [2024-07-09T02:32:17.471+0000] {dag.py:3954} INFO - Setting next_dagrun for example_display_name to None, run_after=None
[2024-07-09T02:32:17.505+0000] {processor.py:183} INFO - Processing /home/airflow/.local/lib/python3.12/site-packages/airflow/example_dags/example_display_name.py took 0.154 seconds
[2024-07-09T02:32:47.939+0000] {processor.py:161} INFO - Started process (PID=1924) to work on /home/airflow/.local/lib/python3.12/site-packages/airflow/example_dags/example_display_name.py
[2024-07-09T02:32:47.942+0000] {processor.py:830} INFO - Processing file /home/airflow/.local/lib/python3.12/site-packages/airflow/example_dags/example_display_name.py for tasks to queue
[2024-07-09T02:32:47.947+0000] {logging_mixin.py:188} INFO - [2024-07-09T02:32:47.946+0000] {dagbag.py:545} INFO - Filling up the DagBag from /home/airflow/.local/lib/python3.12/site-packages/airflow/example_dags/example_display_name.py
[2024-07-09T02:32:47.964+0000] {processor.py:840} INFO - DAG(s) 'example_display_name' retrieved from /home/airflow/.local/lib/python3.12/site-packages/airflow/example_dags/example_display_name.py
[2024-07-09T02:32:48.006+0000] {logging_mixin.py:188} INFO - [2024-07-09T02:32:48.006+0000] {dag.py:3096} INFO - Sync 1 DAGs
[2024-07-09T02:32:48.088+0000] {logging_mixin.py:188} INFO - [2024-07-09T02:32:48.088+0000] {dag.py:3954} INFO - Setting next_dagrun for example_display_name to None, run_after=None
[2024-07-09T02:32:48.358+0000] {processor.py:183} INFO - Processing /home/airflow/.local/lib/python3.12/site-packages/airflow/example_dags/example_display_name.py took 0.436 seconds
[2024-07-09T02:33:18.462+0000] {processor.py:161} INFO - Started process (PID=1984) to work on /home/airflow/.local/lib/python3.12/site-packages/airflow/example_dags/example_display_name.py
[2024-07-09T02:33:18.464+0000] {processor.py:830} INFO - Processing file /home/airflow/.local/lib/python3.12/site-packages/airflow/example_dags/example_display_name.py for tasks to queue
[2024-07-09T02:33:18.468+0000] {logging_mixin.py:188} INFO - [2024-07-09T02:33:18.468+0000] {dagbag.py:545} INFO - Filling up the DagBag from /home/airflow/.local/lib/python3.12/site-packages/airflow/example_dags/example_display_name.py
[2024-07-09T02:33:18.478+0000] {processor.py:840} INFO - DAG(s) 'example_display_name' retrieved from /home/airflow/.local/lib/python3.12/site-packages/airflow/example_dags/example_display_name.py
[2024-07-09T02:33:18.527+0000] {logging_mixin.py:188} INFO - [2024-07-09T02:33:18.526+0000] {dag.py:3096} INFO - Sync 1 DAGs
[2024-07-09T02:33:18.551+0000] {logging_mixin.py:188} INFO - [2024-07-09T02:33:18.550+0000] {dag.py:3954} INFO - Setting next_dagrun for example_display_name to None, run_after=None
[2024-07-09T02:33:18.604+0000] {processor.py:183} INFO - Processing /home/airflow/.local/lib/python3.12/site-packages/airflow/example_dags/example_display_name.py took 0.152 seconds
[2024-07-09T02:33:48.702+0000] {processor.py:161} INFO - Started process (PID=2044) to work on /home/airflow/.local/lib/python3.12/site-packages/airflow/example_dags/example_display_name.py
[2024-07-09T02:33:48.703+0000] {processor.py:830} INFO - Processing file /home/airflow/.local/lib/python3.12/site-packages/airflow/example_dags/example_display_name.py for tasks to queue
[2024-07-09T02:33:48.707+0000] {logging_mixin.py:188} INFO - [2024-07-09T02:33:48.706+0000] {dagbag.py:545} INFO - Filling up the DagBag from /home/airflow/.local/lib/python3.12/site-packages/airflow/example_dags/example_display_name.py
[2024-07-09T02:33:48.713+0000] {processor.py:840} INFO - DAG(s) 'example_display_name' retrieved from /home/airflow/.local/lib/python3.12/site-packages/airflow/example_dags/example_display_name.py
[2024-07-09T02:33:48.738+0000] {logging_mixin.py:188} INFO - [2024-07-09T02:33:48.738+0000] {dag.py:3096} INFO - Sync 1 DAGs
[2024-07-09T02:33:48.768+0000] {logging_mixin.py:188} INFO - [2024-07-09T02:33:48.767+0000] {dag.py:3954} INFO - Setting next_dagrun for example_display_name to None, run_after=None
[2024-07-09T02:33:48.820+0000] {processor.py:183} INFO - Processing /home/airflow/.local/lib/python3.12/site-packages/airflow/example_dags/example_display_name.py took 0.125 seconds
