[2024-07-09T01:48:49.025+0000] {processor.py:161} INFO - Started process (PID=62) to work on /home/airflow/.local/lib/python3.12/site-packages/airflow/example_dags/tutorial.py
[2024-07-09T01:48:49.026+0000] {processor.py:830} INFO - Processing file /home/airflow/.local/lib/python3.12/site-packages/airflow/example_dags/tutorial.py for tasks to queue
[2024-07-09T01:48:49.030+0000] {logging_mixin.py:188} INFO - [2024-07-09T01:48:49.029+0000] {dagbag.py:545} INFO - Filling up the DagBag from /home/airflow/.local/lib/python3.12/site-packages/airflow/example_dags/tutorial.py
[2024-07-09T01:48:49.041+0000] {processor.py:840} INFO - DAG(s) 'tutorial' retrieved from /home/airflow/.local/lib/python3.12/site-packages/airflow/example_dags/tutorial.py
[2024-07-09T01:48:49.283+0000] {logging_mixin.py:188} INFO - [2024-07-09T01:48:49.282+0000] {override.py:1829} INFO - Created Permission View: can edit on DAG:tutorial
[2024-07-09T01:48:49.309+0000] {logging_mixin.py:188} INFO - [2024-07-09T01:48:49.309+0000] {override.py:1829} INFO - Created Permission View: can read on DAG:tutorial
[2024-07-09T01:48:49.326+0000] {logging_mixin.py:188} INFO - [2024-07-09T01:48:49.325+0000] {override.py:1829} INFO - Created Permission View: can delete on DAG:tutorial
[2024-07-09T01:48:49.328+0000] {logging_mixin.py:188} INFO - [2024-07-09T01:48:49.327+0000] {dag.py:3096} INFO - Sync 1 DAGs
[2024-07-09T01:48:49.354+0000] {logging_mixin.py:188} INFO - [2024-07-09T01:48:49.353+0000] {dag.py:3118} INFO - Creating ORM DAG for tutorial
[2024-07-09T01:48:49.376+0000] {logging_mixin.py:188} INFO - [2024-07-09T01:48:49.375+0000] {dag.py:3954} INFO - Setting next_dagrun for tutorial to 2024-07-08 00:00:00+00:00, run_after=2024-07-09 00:00:00+00:00
[2024-07-09T01:48:49.409+0000] {processor.py:183} INFO - Processing /home/airflow/.local/lib/python3.12/site-packages/airflow/example_dags/tutorial.py took 0.394 seconds
[2024-07-09T01:49:19.937+0000] {processor.py:161} INFO - Started process (PID=122) to work on /home/airflow/.local/lib/python3.12/site-packages/airflow/example_dags/tutorial.py
[2024-07-09T01:49:19.938+0000] {processor.py:830} INFO - Processing file /home/airflow/.local/lib/python3.12/site-packages/airflow/example_dags/tutorial.py for tasks to queue
[2024-07-09T01:49:19.941+0000] {logging_mixin.py:188} INFO - [2024-07-09T01:49:19.941+0000] {dagbag.py:545} INFO - Filling up the DagBag from /home/airflow/.local/lib/python3.12/site-packages/airflow/example_dags/tutorial.py
[2024-07-09T01:49:19.949+0000] {processor.py:840} INFO - DAG(s) 'tutorial' retrieved from /home/airflow/.local/lib/python3.12/site-packages/airflow/example_dags/tutorial.py
[2024-07-09T01:49:19.975+0000] {logging_mixin.py:188} INFO - [2024-07-09T01:49:19.975+0000] {dag.py:3096} INFO - Sync 1 DAGs
[2024-07-09T01:49:20.004+0000] {logging_mixin.py:188} INFO - [2024-07-09T01:49:20.004+0000] {dag.py:3954} INFO - Setting next_dagrun for tutorial to 2024-07-08 00:00:00+00:00, run_after=2024-07-09 00:00:00+00:00
[2024-07-09T01:49:20.030+0000] {processor.py:183} INFO - Processing /home/airflow/.local/lib/python3.12/site-packages/airflow/example_dags/tutorial.py took 0.101 seconds
[2024-07-09T01:49:50.379+0000] {processor.py:161} INFO - Started process (PID=182) to work on /home/airflow/.local/lib/python3.12/site-packages/airflow/example_dags/tutorial.py
[2024-07-09T01:49:50.381+0000] {processor.py:830} INFO - Processing file /home/airflow/.local/lib/python3.12/site-packages/airflow/example_dags/tutorial.py for tasks to queue
[2024-07-09T01:49:50.383+0000] {logging_mixin.py:188} INFO - [2024-07-09T01:49:50.383+0000] {dagbag.py:545} INFO - Filling up the DagBag from /home/airflow/.local/lib/python3.12/site-packages/airflow/example_dags/tutorial.py
[2024-07-09T01:49:50.391+0000] {processor.py:840} INFO - DAG(s) 'tutorial' retrieved from /home/airflow/.local/lib/python3.12/site-packages/airflow/example_dags/tutorial.py
[2024-07-09T01:49:50.418+0000] {logging_mixin.py:188} INFO - [2024-07-09T01:49:50.418+0000] {dag.py:3096} INFO - Sync 1 DAGs
[2024-07-09T01:49:50.450+0000] {logging_mixin.py:188} INFO - [2024-07-09T01:49:50.450+0000] {dag.py:3954} INFO - Setting next_dagrun for tutorial to 2024-07-08 00:00:00+00:00, run_after=2024-07-09 00:00:00+00:00
[2024-07-09T01:49:50.476+0000] {processor.py:183} INFO - Processing /home/airflow/.local/lib/python3.12/site-packages/airflow/example_dags/tutorial.py took 0.103 seconds
[2024-07-09T01:50:21.288+0000] {processor.py:161} INFO - Started process (PID=242) to work on /home/airflow/.local/lib/python3.12/site-packages/airflow/example_dags/tutorial.py
[2024-07-09T01:50:21.290+0000] {processor.py:830} INFO - Processing file /home/airflow/.local/lib/python3.12/site-packages/airflow/example_dags/tutorial.py for tasks to queue
[2024-07-09T01:50:21.292+0000] {logging_mixin.py:188} INFO - [2024-07-09T01:50:21.292+0000] {dagbag.py:545} INFO - Filling up the DagBag from /home/airflow/.local/lib/python3.12/site-packages/airflow/example_dags/tutorial.py
[2024-07-09T01:50:21.300+0000] {processor.py:840} INFO - DAG(s) 'tutorial' retrieved from /home/airflow/.local/lib/python3.12/site-packages/airflow/example_dags/tutorial.py
[2024-07-09T01:50:21.325+0000] {logging_mixin.py:188} INFO - [2024-07-09T01:50:21.325+0000] {dag.py:3096} INFO - Sync 1 DAGs
[2024-07-09T01:50:21.357+0000] {logging_mixin.py:188} INFO - [2024-07-09T01:50:21.357+0000] {dag.py:3954} INFO - Setting next_dagrun for tutorial to 2024-07-08 00:00:00+00:00, run_after=2024-07-09 00:00:00+00:00
[2024-07-09T01:50:21.381+0000] {processor.py:183} INFO - Processing /home/airflow/.local/lib/python3.12/site-packages/airflow/example_dags/tutorial.py took 0.098 seconds
[2024-07-09T01:50:52.144+0000] {processor.py:161} INFO - Started process (PID=302) to work on /home/airflow/.local/lib/python3.12/site-packages/airflow/example_dags/tutorial.py
[2024-07-09T01:50:52.146+0000] {processor.py:830} INFO - Processing file /home/airflow/.local/lib/python3.12/site-packages/airflow/example_dags/tutorial.py for tasks to queue
[2024-07-09T01:50:52.149+0000] {logging_mixin.py:188} INFO - [2024-07-09T01:50:52.149+0000] {dagbag.py:545} INFO - Filling up the DagBag from /home/airflow/.local/lib/python3.12/site-packages/airflow/example_dags/tutorial.py
[2024-07-09T01:50:52.160+0000] {processor.py:840} INFO - DAG(s) 'tutorial' retrieved from /home/airflow/.local/lib/python3.12/site-packages/airflow/example_dags/tutorial.py
[2024-07-09T01:50:52.193+0000] {logging_mixin.py:188} INFO - [2024-07-09T01:50:52.192+0000] {dag.py:3096} INFO - Sync 1 DAGs
[2024-07-09T01:50:52.237+0000] {logging_mixin.py:188} INFO - [2024-07-09T01:50:52.236+0000] {dag.py:3954} INFO - Setting next_dagrun for tutorial to 2024-07-08 00:00:00+00:00, run_after=2024-07-09 00:00:00+00:00
[2024-07-09T01:50:52.272+0000] {processor.py:183} INFO - Processing /home/airflow/.local/lib/python3.12/site-packages/airflow/example_dags/tutorial.py took 0.139 seconds
[2024-07-09T01:51:23.036+0000] {processor.py:161} INFO - Started process (PID=362) to work on /home/airflow/.local/lib/python3.12/site-packages/airflow/example_dags/tutorial.py
[2024-07-09T01:51:23.038+0000] {processor.py:830} INFO - Processing file /home/airflow/.local/lib/python3.12/site-packages/airflow/example_dags/tutorial.py for tasks to queue
[2024-07-09T01:51:23.043+0000] {logging_mixin.py:188} INFO - [2024-07-09T01:51:23.042+0000] {dagbag.py:545} INFO - Filling up the DagBag from /home/airflow/.local/lib/python3.12/site-packages/airflow/example_dags/tutorial.py
[2024-07-09T01:51:23.055+0000] {processor.py:840} INFO - DAG(s) 'tutorial' retrieved from /home/airflow/.local/lib/python3.12/site-packages/airflow/example_dags/tutorial.py
[2024-07-09T01:51:23.090+0000] {logging_mixin.py:188} INFO - [2024-07-09T01:51:23.090+0000] {dag.py:3096} INFO - Sync 1 DAGs
[2024-07-09T01:51:23.127+0000] {logging_mixin.py:188} INFO - [2024-07-09T01:51:23.127+0000] {dag.py:3954} INFO - Setting next_dagrun for tutorial to 2024-07-08 00:00:00+00:00, run_after=2024-07-09 00:00:00+00:00
[2024-07-09T01:51:23.156+0000] {processor.py:183} INFO - Processing /home/airflow/.local/lib/python3.12/site-packages/airflow/example_dags/tutorial.py took 0.129 seconds
[2024-07-09T01:51:54.250+0000] {processor.py:161} INFO - Started process (PID=422) to work on /home/airflow/.local/lib/python3.12/site-packages/airflow/example_dags/tutorial.py
[2024-07-09T01:51:54.252+0000] {processor.py:830} INFO - Processing file /home/airflow/.local/lib/python3.12/site-packages/airflow/example_dags/tutorial.py for tasks to queue
[2024-07-09T01:51:54.255+0000] {logging_mixin.py:188} INFO - [2024-07-09T01:51:54.255+0000] {dagbag.py:545} INFO - Filling up the DagBag from /home/airflow/.local/lib/python3.12/site-packages/airflow/example_dags/tutorial.py
[2024-07-09T01:51:54.266+0000] {processor.py:840} INFO - DAG(s) 'tutorial' retrieved from /home/airflow/.local/lib/python3.12/site-packages/airflow/example_dags/tutorial.py
[2024-07-09T01:51:54.300+0000] {logging_mixin.py:188} INFO - [2024-07-09T01:51:54.299+0000] {dag.py:3096} INFO - Sync 1 DAGs
[2024-07-09T01:51:54.344+0000] {logging_mixin.py:188} INFO - [2024-07-09T01:51:54.344+0000] {dag.py:3954} INFO - Setting next_dagrun for tutorial to 2024-07-08 00:00:00+00:00, run_after=2024-07-09 00:00:00+00:00
[2024-07-09T01:51:54.378+0000] {processor.py:183} INFO - Processing /home/airflow/.local/lib/python3.12/site-packages/airflow/example_dags/tutorial.py took 0.137 seconds
[2024-07-09T01:52:24.505+0000] {processor.py:161} INFO - Started process (PID=480) to work on /home/airflow/.local/lib/python3.12/site-packages/airflow/example_dags/tutorial.py
[2024-07-09T01:52:24.506+0000] {processor.py:830} INFO - Processing file /home/airflow/.local/lib/python3.12/site-packages/airflow/example_dags/tutorial.py for tasks to queue
[2024-07-09T01:52:24.508+0000] {logging_mixin.py:188} INFO - [2024-07-09T01:52:24.508+0000] {dagbag.py:545} INFO - Filling up the DagBag from /home/airflow/.local/lib/python3.12/site-packages/airflow/example_dags/tutorial.py
[2024-07-09T01:52:24.517+0000] {processor.py:840} INFO - DAG(s) 'tutorial' retrieved from /home/airflow/.local/lib/python3.12/site-packages/airflow/example_dags/tutorial.py
[2024-07-09T01:52:24.540+0000] {logging_mixin.py:188} INFO - [2024-07-09T01:52:24.540+0000] {dag.py:3096} INFO - Sync 1 DAGs
[2024-07-09T01:52:24.565+0000] {logging_mixin.py:188} INFO - [2024-07-09T01:52:24.564+0000] {dag.py:3954} INFO - Setting next_dagrun for tutorial to 2024-07-08 00:00:00+00:00, run_after=2024-07-09 00:00:00+00:00
[2024-07-09T01:52:24.593+0000] {processor.py:183} INFO - Processing /home/airflow/.local/lib/python3.12/site-packages/airflow/example_dags/tutorial.py took 0.094 seconds
[2024-07-09T01:52:55.013+0000] {processor.py:161} INFO - Started process (PID=540) to work on /home/airflow/.local/lib/python3.12/site-packages/airflow/example_dags/tutorial.py
[2024-07-09T01:52:55.015+0000] {processor.py:830} INFO - Processing file /home/airflow/.local/lib/python3.12/site-packages/airflow/example_dags/tutorial.py for tasks to queue
[2024-07-09T01:52:55.018+0000] {logging_mixin.py:188} INFO - [2024-07-09T01:52:55.017+0000] {dagbag.py:545} INFO - Filling up the DagBag from /home/airflow/.local/lib/python3.12/site-packages/airflow/example_dags/tutorial.py
[2024-07-09T01:52:55.030+0000] {processor.py:840} INFO - DAG(s) 'tutorial' retrieved from /home/airflow/.local/lib/python3.12/site-packages/airflow/example_dags/tutorial.py
[2024-07-09T01:52:55.061+0000] {logging_mixin.py:188} INFO - [2024-07-09T01:52:55.061+0000] {dag.py:3096} INFO - Sync 1 DAGs
[2024-07-09T01:52:55.090+0000] {logging_mixin.py:188} INFO - [2024-07-09T01:52:55.090+0000] {dag.py:3954} INFO - Setting next_dagrun for tutorial to 2024-07-08 00:00:00+00:00, run_after=2024-07-09 00:00:00+00:00
[2024-07-09T01:52:55.117+0000] {processor.py:183} INFO - Processing /home/airflow/.local/lib/python3.12/site-packages/airflow/example_dags/tutorial.py took 0.115 seconds
[2024-07-09T01:53:25.458+0000] {processor.py:161} INFO - Started process (PID=599) to work on /home/airflow/.local/lib/python3.12/site-packages/airflow/example_dags/tutorial.py
[2024-07-09T01:53:25.460+0000] {processor.py:830} INFO - Processing file /home/airflow/.local/lib/python3.12/site-packages/airflow/example_dags/tutorial.py for tasks to queue
[2024-07-09T01:53:25.463+0000] {logging_mixin.py:188} INFO - [2024-07-09T01:53:25.462+0000] {dagbag.py:545} INFO - Filling up the DagBag from /home/airflow/.local/lib/python3.12/site-packages/airflow/example_dags/tutorial.py
[2024-07-09T01:53:25.472+0000] {processor.py:840} INFO - DAG(s) 'tutorial' retrieved from /home/airflow/.local/lib/python3.12/site-packages/airflow/example_dags/tutorial.py
[2024-07-09T01:53:25.524+0000] {logging_mixin.py:188} INFO - [2024-07-09T01:53:25.523+0000] {dag.py:3096} INFO - Sync 1 DAGs
[2024-07-09T01:53:25.560+0000] {logging_mixin.py:188} INFO - [2024-07-09T01:53:25.560+0000] {dag.py:3954} INFO - Setting next_dagrun for tutorial to 2024-07-08 00:00:00+00:00, run_after=2024-07-09 00:00:00+00:00
[2024-07-09T01:53:25.583+0000] {processor.py:183} INFO - Processing /home/airflow/.local/lib/python3.12/site-packages/airflow/example_dags/tutorial.py took 0.134 seconds
[2024-07-09T01:53:55.677+0000] {processor.py:161} INFO - Started process (PID=658) to work on /home/airflow/.local/lib/python3.12/site-packages/airflow/example_dags/tutorial.py
[2024-07-09T01:53:55.679+0000] {processor.py:830} INFO - Processing file /home/airflow/.local/lib/python3.12/site-packages/airflow/example_dags/tutorial.py for tasks to queue
[2024-07-09T01:53:55.681+0000] {logging_mixin.py:188} INFO - [2024-07-09T01:53:55.680+0000] {dagbag.py:545} INFO - Filling up the DagBag from /home/airflow/.local/lib/python3.12/site-packages/airflow/example_dags/tutorial.py
[2024-07-09T01:53:55.687+0000] {processor.py:840} INFO - DAG(s) 'tutorial' retrieved from /home/airflow/.local/lib/python3.12/site-packages/airflow/example_dags/tutorial.py
[2024-07-09T01:53:55.714+0000] {logging_mixin.py:188} INFO - [2024-07-09T01:53:55.713+0000] {dag.py:3096} INFO - Sync 1 DAGs
[2024-07-09T01:53:55.746+0000] {logging_mixin.py:188} INFO - [2024-07-09T01:53:55.746+0000] {dag.py:3954} INFO - Setting next_dagrun for tutorial to 2024-07-08 00:00:00+00:00, run_after=2024-07-09 00:00:00+00:00
[2024-07-09T01:53:55.792+0000] {processor.py:183} INFO - Processing /home/airflow/.local/lib/python3.12/site-packages/airflow/example_dags/tutorial.py took 0.121 seconds
[2024-07-09T01:54:26.405+0000] {processor.py:161} INFO - Started process (PID=718) to work on /home/airflow/.local/lib/python3.12/site-packages/airflow/example_dags/tutorial.py
[2024-07-09T01:54:26.407+0000] {processor.py:830} INFO - Processing file /home/airflow/.local/lib/python3.12/site-packages/airflow/example_dags/tutorial.py for tasks to queue
[2024-07-09T01:54:26.410+0000] {logging_mixin.py:188} INFO - [2024-07-09T01:54:26.409+0000] {dagbag.py:545} INFO - Filling up the DagBag from /home/airflow/.local/lib/python3.12/site-packages/airflow/example_dags/tutorial.py
[2024-07-09T01:54:26.422+0000] {processor.py:840} INFO - DAG(s) 'tutorial' retrieved from /home/airflow/.local/lib/python3.12/site-packages/airflow/example_dags/tutorial.py
[2024-07-09T01:54:26.466+0000] {logging_mixin.py:188} INFO - [2024-07-09T01:54:26.465+0000] {dag.py:3096} INFO - Sync 1 DAGs
[2024-07-09T01:54:26.505+0000] {logging_mixin.py:188} INFO - [2024-07-09T01:54:26.505+0000] {dag.py:3954} INFO - Setting next_dagrun for tutorial to 2024-07-08 00:00:00+00:00, run_after=2024-07-09 00:00:00+00:00
[2024-07-09T01:54:26.532+0000] {processor.py:183} INFO - Processing /home/airflow/.local/lib/python3.12/site-packages/airflow/example_dags/tutorial.py took 0.138 seconds
[2024-07-09T01:54:57.056+0000] {processor.py:161} INFO - Started process (PID=778) to work on /home/airflow/.local/lib/python3.12/site-packages/airflow/example_dags/tutorial.py
[2024-07-09T01:54:57.058+0000] {processor.py:830} INFO - Processing file /home/airflow/.local/lib/python3.12/site-packages/airflow/example_dags/tutorial.py for tasks to queue
[2024-07-09T01:54:57.061+0000] {logging_mixin.py:188} INFO - [2024-07-09T01:54:57.060+0000] {dagbag.py:545} INFO - Filling up the DagBag from /home/airflow/.local/lib/python3.12/site-packages/airflow/example_dags/tutorial.py
[2024-07-09T01:54:57.070+0000] {processor.py:840} INFO - DAG(s) 'tutorial' retrieved from /home/airflow/.local/lib/python3.12/site-packages/airflow/example_dags/tutorial.py
[2024-07-09T01:54:57.096+0000] {logging_mixin.py:188} INFO - [2024-07-09T01:54:57.095+0000] {dag.py:3096} INFO - Sync 1 DAGs
[2024-07-09T01:54:57.124+0000] {logging_mixin.py:188} INFO - [2024-07-09T01:54:57.124+0000] {dag.py:3954} INFO - Setting next_dagrun for tutorial to 2024-07-08 00:00:00+00:00, run_after=2024-07-09 00:00:00+00:00
[2024-07-09T01:54:57.149+0000] {processor.py:183} INFO - Processing /home/airflow/.local/lib/python3.12/site-packages/airflow/example_dags/tutorial.py took 0.100 seconds
[2024-07-09T01:55:27.209+0000] {processor.py:161} INFO - Started process (PID=837) to work on /home/airflow/.local/lib/python3.12/site-packages/airflow/example_dags/tutorial.py
[2024-07-09T01:55:27.210+0000] {processor.py:830} INFO - Processing file /home/airflow/.local/lib/python3.12/site-packages/airflow/example_dags/tutorial.py for tasks to queue
[2024-07-09T01:55:27.213+0000] {logging_mixin.py:188} INFO - [2024-07-09T01:55:27.213+0000] {dagbag.py:545} INFO - Filling up the DagBag from /home/airflow/.local/lib/python3.12/site-packages/airflow/example_dags/tutorial.py
[2024-07-09T01:55:27.219+0000] {processor.py:840} INFO - DAG(s) 'tutorial' retrieved from /home/airflow/.local/lib/python3.12/site-packages/airflow/example_dags/tutorial.py
[2024-07-09T01:55:27.244+0000] {logging_mixin.py:188} INFO - [2024-07-09T01:55:27.243+0000] {dag.py:3096} INFO - Sync 1 DAGs
[2024-07-09T01:55:27.273+0000] {logging_mixin.py:188} INFO - [2024-07-09T01:55:27.272+0000] {dag.py:3954} INFO - Setting next_dagrun for tutorial to 2024-07-08 00:00:00+00:00, run_after=2024-07-09 00:00:00+00:00
[2024-07-09T01:55:27.316+0000] {processor.py:183} INFO - Processing /home/airflow/.local/lib/python3.12/site-packages/airflow/example_dags/tutorial.py took 0.114 seconds
[2024-07-09T01:55:57.760+0000] {processor.py:161} INFO - Started process (PID=897) to work on /home/airflow/.local/lib/python3.12/site-packages/airflow/example_dags/tutorial.py
[2024-07-09T01:55:57.761+0000] {processor.py:830} INFO - Processing file /home/airflow/.local/lib/python3.12/site-packages/airflow/example_dags/tutorial.py for tasks to queue
[2024-07-09T01:55:57.765+0000] {logging_mixin.py:188} INFO - [2024-07-09T01:55:57.764+0000] {dagbag.py:545} INFO - Filling up the DagBag from /home/airflow/.local/lib/python3.12/site-packages/airflow/example_dags/tutorial.py
[2024-07-09T01:55:57.775+0000] {processor.py:840} INFO - DAG(s) 'tutorial' retrieved from /home/airflow/.local/lib/python3.12/site-packages/airflow/example_dags/tutorial.py
[2024-07-09T01:55:57.809+0000] {logging_mixin.py:188} INFO - [2024-07-09T01:55:57.809+0000] {dag.py:3096} INFO - Sync 1 DAGs
[2024-07-09T01:55:57.851+0000] {logging_mixin.py:188} INFO - [2024-07-09T01:55:57.851+0000] {dag.py:3954} INFO - Setting next_dagrun for tutorial to 2024-07-08 00:00:00+00:00, run_after=2024-07-09 00:00:00+00:00
[2024-07-09T01:55:57.890+0000] {processor.py:183} INFO - Processing /home/airflow/.local/lib/python3.12/site-packages/airflow/example_dags/tutorial.py took 0.141 seconds
[2024-07-09T01:56:28.051+0000] {processor.py:161} INFO - Started process (PID=956) to work on /home/airflow/.local/lib/python3.12/site-packages/airflow/example_dags/tutorial.py
[2024-07-09T01:56:28.052+0000] {processor.py:830} INFO - Processing file /home/airflow/.local/lib/python3.12/site-packages/airflow/example_dags/tutorial.py for tasks to queue
[2024-07-09T01:56:28.055+0000] {logging_mixin.py:188} INFO - [2024-07-09T01:56:28.055+0000] {dagbag.py:545} INFO - Filling up the DagBag from /home/airflow/.local/lib/python3.12/site-packages/airflow/example_dags/tutorial.py
[2024-07-09T01:56:28.065+0000] {processor.py:840} INFO - DAG(s) 'tutorial' retrieved from /home/airflow/.local/lib/python3.12/site-packages/airflow/example_dags/tutorial.py
[2024-07-09T01:56:28.103+0000] {logging_mixin.py:188} INFO - [2024-07-09T01:56:28.102+0000] {dag.py:3096} INFO - Sync 1 DAGs
[2024-07-09T01:56:28.139+0000] {logging_mixin.py:188} INFO - [2024-07-09T01:56:28.139+0000] {dag.py:3954} INFO - Setting next_dagrun for tutorial to 2024-07-08 00:00:00+00:00, run_after=2024-07-09 00:00:00+00:00
[2024-07-09T01:56:28.179+0000] {processor.py:183} INFO - Processing /home/airflow/.local/lib/python3.12/site-packages/airflow/example_dags/tutorial.py took 0.139 seconds
[2024-07-09T01:56:58.605+0000] {processor.py:161} INFO - Started process (PID=1016) to work on /home/airflow/.local/lib/python3.12/site-packages/airflow/example_dags/tutorial.py
[2024-07-09T01:56:58.607+0000] {processor.py:830} INFO - Processing file /home/airflow/.local/lib/python3.12/site-packages/airflow/example_dags/tutorial.py for tasks to queue
[2024-07-09T01:56:58.613+0000] {logging_mixin.py:188} INFO - [2024-07-09T01:56:58.612+0000] {dagbag.py:545} INFO - Filling up the DagBag from /home/airflow/.local/lib/python3.12/site-packages/airflow/example_dags/tutorial.py
[2024-07-09T01:56:58.646+0000] {processor.py:840} INFO - DAG(s) 'tutorial' retrieved from /home/airflow/.local/lib/python3.12/site-packages/airflow/example_dags/tutorial.py
[2024-07-09T01:56:58.722+0000] {logging_mixin.py:188} INFO - [2024-07-09T01:56:58.722+0000] {dag.py:3096} INFO - Sync 1 DAGs
[2024-07-09T01:56:58.813+0000] {logging_mixin.py:188} INFO - [2024-07-09T01:56:58.812+0000] {dag.py:3954} INFO - Setting next_dagrun for tutorial to 2024-07-08 00:00:00+00:00, run_after=2024-07-09 00:00:00+00:00
[2024-07-09T01:56:58.863+0000] {processor.py:183} INFO - Processing /home/airflow/.local/lib/python3.12/site-packages/airflow/example_dags/tutorial.py took 0.284 seconds
[2024-07-09T02:00:19.730+0000] {processor.py:161} INFO - Started process (PID=61) to work on /home/airflow/.local/lib/python3.12/site-packages/airflow/example_dags/tutorial.py
[2024-07-09T02:00:19.732+0000] {processor.py:830} INFO - Processing file /home/airflow/.local/lib/python3.12/site-packages/airflow/example_dags/tutorial.py for tasks to queue
[2024-07-09T02:00:19.736+0000] {logging_mixin.py:188} INFO - [2024-07-09T02:00:19.735+0000] {dagbag.py:545} INFO - Filling up the DagBag from /home/airflow/.local/lib/python3.12/site-packages/airflow/example_dags/tutorial.py
[2024-07-09T02:00:19.752+0000] {processor.py:840} INFO - DAG(s) 'tutorial' retrieved from /home/airflow/.local/lib/python3.12/site-packages/airflow/example_dags/tutorial.py
[2024-07-09T02:00:20.014+0000] {logging_mixin.py:188} INFO - [2024-07-09T02:00:20.013+0000] {override.py:1829} INFO - Created Permission View: can edit on DAG:tutorial
[2024-07-09T02:00:20.039+0000] {logging_mixin.py:188} INFO - [2024-07-09T02:00:20.038+0000] {override.py:1829} INFO - Created Permission View: can read on DAG:tutorial
[2024-07-09T02:00:20.054+0000] {logging_mixin.py:188} INFO - [2024-07-09T02:00:20.053+0000] {override.py:1829} INFO - Created Permission View: can delete on DAG:tutorial
[2024-07-09T02:00:20.055+0000] {logging_mixin.py:188} INFO - [2024-07-09T02:00:20.055+0000] {dag.py:3096} INFO - Sync 1 DAGs
[2024-07-09T02:00:20.101+0000] {logging_mixin.py:188} INFO - [2024-07-09T02:00:20.101+0000] {dag.py:3118} INFO - Creating ORM DAG for tutorial
[2024-07-09T02:00:20.129+0000] {logging_mixin.py:188} INFO - [2024-07-09T02:00:20.129+0000] {dag.py:3954} INFO - Setting next_dagrun for tutorial to 2024-07-08 00:00:00+00:00, run_after=2024-07-09 00:00:00+00:00
[2024-07-09T02:00:20.174+0000] {processor.py:183} INFO - Processing /home/airflow/.local/lib/python3.12/site-packages/airflow/example_dags/tutorial.py took 0.457 seconds
[2024-07-09T02:00:50.767+0000] {processor.py:161} INFO - Started process (PID=121) to work on /home/airflow/.local/lib/python3.12/site-packages/airflow/example_dags/tutorial.py
[2024-07-09T02:00:50.769+0000] {processor.py:830} INFO - Processing file /home/airflow/.local/lib/python3.12/site-packages/airflow/example_dags/tutorial.py for tasks to queue
[2024-07-09T02:00:50.771+0000] {logging_mixin.py:188} INFO - [2024-07-09T02:00:50.771+0000] {dagbag.py:545} INFO - Filling up the DagBag from /home/airflow/.local/lib/python3.12/site-packages/airflow/example_dags/tutorial.py
[2024-07-09T02:00:50.780+0000] {processor.py:840} INFO - DAG(s) 'tutorial' retrieved from /home/airflow/.local/lib/python3.12/site-packages/airflow/example_dags/tutorial.py
[2024-07-09T02:00:50.814+0000] {logging_mixin.py:188} INFO - [2024-07-09T02:00:50.813+0000] {dag.py:3096} INFO - Sync 1 DAGs
[2024-07-09T02:00:50.853+0000] {logging_mixin.py:188} INFO - [2024-07-09T02:00:50.853+0000] {dag.py:3954} INFO - Setting next_dagrun for tutorial to 2024-07-08 00:00:00+00:00, run_after=2024-07-09 00:00:00+00:00
[2024-07-09T02:00:50.900+0000] {processor.py:183} INFO - Processing /home/airflow/.local/lib/python3.12/site-packages/airflow/example_dags/tutorial.py took 0.145 seconds
[2024-07-09T02:01:21.430+0000] {processor.py:161} INFO - Started process (PID=181) to work on /home/airflow/.local/lib/python3.12/site-packages/airflow/example_dags/tutorial.py
[2024-07-09T02:01:21.433+0000] {processor.py:830} INFO - Processing file /home/airflow/.local/lib/python3.12/site-packages/airflow/example_dags/tutorial.py for tasks to queue
[2024-07-09T02:01:21.438+0000] {logging_mixin.py:188} INFO - [2024-07-09T02:01:21.437+0000] {dagbag.py:545} INFO - Filling up the DagBag from /home/airflow/.local/lib/python3.12/site-packages/airflow/example_dags/tutorial.py
[2024-07-09T02:01:21.455+0000] {processor.py:840} INFO - DAG(s) 'tutorial' retrieved from /home/airflow/.local/lib/python3.12/site-packages/airflow/example_dags/tutorial.py
[2024-07-09T02:01:21.501+0000] {logging_mixin.py:188} INFO - [2024-07-09T02:01:21.501+0000] {dag.py:3096} INFO - Sync 1 DAGs
[2024-07-09T02:01:21.545+0000] {logging_mixin.py:188} INFO - [2024-07-09T02:01:21.545+0000] {dag.py:3954} INFO - Setting next_dagrun for tutorial to 2024-07-08 00:00:00+00:00, run_after=2024-07-09 00:00:00+00:00
[2024-07-09T02:01:21.578+0000] {processor.py:183} INFO - Processing /home/airflow/.local/lib/python3.12/site-packages/airflow/example_dags/tutorial.py took 0.166 seconds
[2024-07-09T02:01:53.105+0000] {processor.py:161} INFO - Started process (PID=240) to work on /home/airflow/.local/lib/python3.12/site-packages/airflow/example_dags/tutorial.py
[2024-07-09T02:01:53.109+0000] {processor.py:830} INFO - Processing file /home/airflow/.local/lib/python3.12/site-packages/airflow/example_dags/tutorial.py for tasks to queue
[2024-07-09T02:01:53.119+0000] {logging_mixin.py:188} INFO - [2024-07-09T02:01:53.119+0000] {dagbag.py:545} INFO - Filling up the DagBag from /home/airflow/.local/lib/python3.12/site-packages/airflow/example_dags/tutorial.py
[2024-07-09T02:01:53.141+0000] {processor.py:840} INFO - DAG(s) 'tutorial' retrieved from /home/airflow/.local/lib/python3.12/site-packages/airflow/example_dags/tutorial.py
[2024-07-09T02:01:53.209+0000] {logging_mixin.py:188} INFO - [2024-07-09T02:01:53.208+0000] {dag.py:3096} INFO - Sync 1 DAGs
[2024-07-09T02:01:53.284+0000] {logging_mixin.py:188} INFO - [2024-07-09T02:01:53.283+0000] {dag.py:3954} INFO - Setting next_dagrun for tutorial to 2024-07-08 00:00:00+00:00, run_after=2024-07-09 00:00:00+00:00
[2024-07-09T02:01:53.376+0000] {processor.py:183} INFO - Processing /home/airflow/.local/lib/python3.12/site-packages/airflow/example_dags/tutorial.py took 0.291 seconds
[2024-07-09T02:03:43.392+0000] {processor.py:161} INFO - Started process (PID=63) to work on /home/airflow/.local/lib/python3.12/site-packages/airflow/example_dags/tutorial.py
[2024-07-09T02:03:43.427+0000] {processor.py:830} INFO - Processing file /home/airflow/.local/lib/python3.12/site-packages/airflow/example_dags/tutorial.py for tasks to queue
[2024-07-09T02:03:43.432+0000] {logging_mixin.py:188} INFO - [2024-07-09T02:03:43.431+0000] {dagbag.py:545} INFO - Filling up the DagBag from /home/airflow/.local/lib/python3.12/site-packages/airflow/example_dags/tutorial.py
[2024-07-09T02:03:43.457+0000] {processor.py:840} INFO - DAG(s) 'tutorial' retrieved from /home/airflow/.local/lib/python3.12/site-packages/airflow/example_dags/tutorial.py
[2024-07-09T02:03:43.837+0000] {logging_mixin.py:188} INFO - [2024-07-09T02:03:43.836+0000] {dag.py:3096} INFO - Sync 1 DAGs
[2024-07-09T02:03:43.881+0000] {logging_mixin.py:188} INFO - [2024-07-09T02:03:43.881+0000] {dag.py:3954} INFO - Setting next_dagrun for tutorial to 2024-07-08 00:00:00+00:00, run_after=2024-07-09 00:00:00+00:00
[2024-07-09T02:03:43.926+0000] {processor.py:183} INFO - Processing /home/airflow/.local/lib/python3.12/site-packages/airflow/example_dags/tutorial.py took 0.561 seconds
[2024-07-09T02:04:14.807+0000] {processor.py:161} INFO - Started process (PID=123) to work on /home/airflow/.local/lib/python3.12/site-packages/airflow/example_dags/tutorial.py
[2024-07-09T02:04:14.808+0000] {processor.py:830} INFO - Processing file /home/airflow/.local/lib/python3.12/site-packages/airflow/example_dags/tutorial.py for tasks to queue
[2024-07-09T02:04:14.810+0000] {logging_mixin.py:188} INFO - [2024-07-09T02:04:14.810+0000] {dagbag.py:545} INFO - Filling up the DagBag from /home/airflow/.local/lib/python3.12/site-packages/airflow/example_dags/tutorial.py
[2024-07-09T02:04:14.817+0000] {processor.py:840} INFO - DAG(s) 'tutorial' retrieved from /home/airflow/.local/lib/python3.12/site-packages/airflow/example_dags/tutorial.py
[2024-07-09T02:04:14.840+0000] {logging_mixin.py:188} INFO - [2024-07-09T02:04:14.839+0000] {dag.py:3096} INFO - Sync 1 DAGs
[2024-07-09T02:04:14.867+0000] {logging_mixin.py:188} INFO - [2024-07-09T02:04:14.866+0000] {dag.py:3954} INFO - Setting next_dagrun for tutorial to 2024-07-08 00:00:00+00:00, run_after=2024-07-09 00:00:00+00:00
[2024-07-09T02:04:14.889+0000] {processor.py:183} INFO - Processing /home/airflow/.local/lib/python3.12/site-packages/airflow/example_dags/tutorial.py took 0.088 seconds
[2024-07-09T02:04:45.174+0000] {processor.py:161} INFO - Started process (PID=183) to work on /home/airflow/.local/lib/python3.12/site-packages/airflow/example_dags/tutorial.py
[2024-07-09T02:04:45.179+0000] {processor.py:830} INFO - Processing file /home/airflow/.local/lib/python3.12/site-packages/airflow/example_dags/tutorial.py for tasks to queue
[2024-07-09T02:04:45.186+0000] {logging_mixin.py:188} INFO - [2024-07-09T02:04:45.186+0000] {dagbag.py:545} INFO - Filling up the DagBag from /home/airflow/.local/lib/python3.12/site-packages/airflow/example_dags/tutorial.py
[2024-07-09T02:04:45.218+0000] {processor.py:840} INFO - DAG(s) 'tutorial' retrieved from /home/airflow/.local/lib/python3.12/site-packages/airflow/example_dags/tutorial.py
[2024-07-09T02:04:45.284+0000] {logging_mixin.py:188} INFO - [2024-07-09T02:04:45.284+0000] {dag.py:3096} INFO - Sync 1 DAGs
[2024-07-09T02:04:45.352+0000] {logging_mixin.py:188} INFO - [2024-07-09T02:04:45.351+0000] {dag.py:3954} INFO - Setting next_dagrun for tutorial to 2024-07-08 00:00:00+00:00, run_after=2024-07-09 00:00:00+00:00
[2024-07-09T02:04:45.413+0000] {processor.py:183} INFO - Processing /home/airflow/.local/lib/python3.12/site-packages/airflow/example_dags/tutorial.py took 0.274 seconds
[2024-07-09T02:05:16.052+0000] {processor.py:161} INFO - Started process (PID=244) to work on /home/airflow/.local/lib/python3.12/site-packages/airflow/example_dags/tutorial.py
[2024-07-09T02:05:16.054+0000] {processor.py:830} INFO - Processing file /home/airflow/.local/lib/python3.12/site-packages/airflow/example_dags/tutorial.py for tasks to queue
[2024-07-09T02:05:16.058+0000] {logging_mixin.py:188} INFO - [2024-07-09T02:05:16.057+0000] {dagbag.py:545} INFO - Filling up the DagBag from /home/airflow/.local/lib/python3.12/site-packages/airflow/example_dags/tutorial.py
[2024-07-09T02:05:16.069+0000] {processor.py:840} INFO - DAG(s) 'tutorial' retrieved from /home/airflow/.local/lib/python3.12/site-packages/airflow/example_dags/tutorial.py
[2024-07-09T02:05:16.105+0000] {logging_mixin.py:188} INFO - [2024-07-09T02:05:16.104+0000] {dag.py:3096} INFO - Sync 1 DAGs
[2024-07-09T02:05:16.150+0000] {logging_mixin.py:188} INFO - [2024-07-09T02:05:16.149+0000] {dag.py:3954} INFO - Setting next_dagrun for tutorial to 2024-07-08 00:00:00+00:00, run_after=2024-07-09 00:00:00+00:00
[2024-07-09T02:05:16.190+0000] {processor.py:183} INFO - Processing /home/airflow/.local/lib/python3.12/site-packages/airflow/example_dags/tutorial.py took 0.147 seconds
[2024-07-09T02:05:46.607+0000] {processor.py:161} INFO - Started process (PID=304) to work on /home/airflow/.local/lib/python3.12/site-packages/airflow/example_dags/tutorial.py
[2024-07-09T02:05:46.609+0000] {processor.py:830} INFO - Processing file /home/airflow/.local/lib/python3.12/site-packages/airflow/example_dags/tutorial.py for tasks to queue
[2024-07-09T02:05:46.611+0000] {logging_mixin.py:188} INFO - [2024-07-09T02:05:46.611+0000] {dagbag.py:545} INFO - Filling up the DagBag from /home/airflow/.local/lib/python3.12/site-packages/airflow/example_dags/tutorial.py
[2024-07-09T02:05:46.619+0000] {processor.py:840} INFO - DAG(s) 'tutorial' retrieved from /home/airflow/.local/lib/python3.12/site-packages/airflow/example_dags/tutorial.py
[2024-07-09T02:05:46.649+0000] {logging_mixin.py:188} INFO - [2024-07-09T02:05:46.649+0000] {dag.py:3096} INFO - Sync 1 DAGs
[2024-07-09T02:05:46.676+0000] {logging_mixin.py:188} INFO - [2024-07-09T02:05:46.676+0000] {dag.py:3954} INFO - Setting next_dagrun for tutorial to 2024-07-08 00:00:00+00:00, run_after=2024-07-09 00:00:00+00:00
[2024-07-09T02:05:46.704+0000] {processor.py:183} INFO - Processing /home/airflow/.local/lib/python3.12/site-packages/airflow/example_dags/tutorial.py took 0.104 seconds
[2024-07-09T02:06:16.875+0000] {processor.py:161} INFO - Started process (PID=365) to work on /home/airflow/.local/lib/python3.12/site-packages/airflow/example_dags/tutorial.py
[2024-07-09T02:06:16.877+0000] {processor.py:830} INFO - Processing file /home/airflow/.local/lib/python3.12/site-packages/airflow/example_dags/tutorial.py for tasks to queue
[2024-07-09T02:06:16.879+0000] {logging_mixin.py:188} INFO - [2024-07-09T02:06:16.878+0000] {dagbag.py:545} INFO - Filling up the DagBag from /home/airflow/.local/lib/python3.12/site-packages/airflow/example_dags/tutorial.py
[2024-07-09T02:06:16.885+0000] {processor.py:840} INFO - DAG(s) 'tutorial' retrieved from /home/airflow/.local/lib/python3.12/site-packages/airflow/example_dags/tutorial.py
[2024-07-09T02:06:16.908+0000] {logging_mixin.py:188} INFO - [2024-07-09T02:06:16.908+0000] {dag.py:3096} INFO - Sync 1 DAGs
[2024-07-09T02:06:16.935+0000] {logging_mixin.py:188} INFO - [2024-07-09T02:06:16.935+0000] {dag.py:3954} INFO - Setting next_dagrun for tutorial to 2024-07-08 00:00:00+00:00, run_after=2024-07-09 00:00:00+00:00
[2024-07-09T02:06:16.959+0000] {processor.py:183} INFO - Processing /home/airflow/.local/lib/python3.12/site-packages/airflow/example_dags/tutorial.py took 0.090 seconds
[2024-07-09T02:06:47.262+0000] {processor.py:161} INFO - Started process (PID=426) to work on /home/airflow/.local/lib/python3.12/site-packages/airflow/example_dags/tutorial.py
[2024-07-09T02:06:47.263+0000] {processor.py:830} INFO - Processing file /home/airflow/.local/lib/python3.12/site-packages/airflow/example_dags/tutorial.py for tasks to queue
[2024-07-09T02:06:47.265+0000] {logging_mixin.py:188} INFO - [2024-07-09T02:06:47.265+0000] {dagbag.py:545} INFO - Filling up the DagBag from /home/airflow/.local/lib/python3.12/site-packages/airflow/example_dags/tutorial.py
[2024-07-09T02:06:47.272+0000] {processor.py:840} INFO - DAG(s) 'tutorial' retrieved from /home/airflow/.local/lib/python3.12/site-packages/airflow/example_dags/tutorial.py
[2024-07-09T02:06:47.294+0000] {logging_mixin.py:188} INFO - [2024-07-09T02:06:47.294+0000] {dag.py:3096} INFO - Sync 1 DAGs
[2024-07-09T02:06:47.323+0000] {logging_mixin.py:188} INFO - [2024-07-09T02:06:47.322+0000] {dag.py:3954} INFO - Setting next_dagrun for tutorial to 2024-07-08 00:00:00+00:00, run_after=2024-07-09 00:00:00+00:00
[2024-07-09T02:06:47.348+0000] {processor.py:183} INFO - Processing /home/airflow/.local/lib/python3.12/site-packages/airflow/example_dags/tutorial.py took 0.094 seconds
[2024-07-09T02:07:17.617+0000] {processor.py:161} INFO - Started process (PID=486) to work on /home/airflow/.local/lib/python3.12/site-packages/airflow/example_dags/tutorial.py
[2024-07-09T02:07:17.618+0000] {processor.py:830} INFO - Processing file /home/airflow/.local/lib/python3.12/site-packages/airflow/example_dags/tutorial.py for tasks to queue
[2024-07-09T02:07:17.621+0000] {logging_mixin.py:188} INFO - [2024-07-09T02:07:17.620+0000] {dagbag.py:545} INFO - Filling up the DagBag from /home/airflow/.local/lib/python3.12/site-packages/airflow/example_dags/tutorial.py
[2024-07-09T02:07:17.630+0000] {processor.py:840} INFO - DAG(s) 'tutorial' retrieved from /home/airflow/.local/lib/python3.12/site-packages/airflow/example_dags/tutorial.py
[2024-07-09T02:07:17.658+0000] {logging_mixin.py:188} INFO - [2024-07-09T02:07:17.658+0000] {dag.py:3096} INFO - Sync 1 DAGs
[2024-07-09T02:07:17.689+0000] {logging_mixin.py:188} INFO - [2024-07-09T02:07:17.689+0000] {dag.py:3954} INFO - Setting next_dagrun for tutorial to 2024-07-08 00:00:00+00:00, run_after=2024-07-09 00:00:00+00:00
[2024-07-09T02:07:17.712+0000] {processor.py:183} INFO - Processing /home/airflow/.local/lib/python3.12/site-packages/airflow/example_dags/tutorial.py took 0.103 seconds
[2024-07-09T02:07:47.971+0000] {processor.py:161} INFO - Started process (PID=546) to work on /home/airflow/.local/lib/python3.12/site-packages/airflow/example_dags/tutorial.py
[2024-07-09T02:07:47.973+0000] {processor.py:830} INFO - Processing file /home/airflow/.local/lib/python3.12/site-packages/airflow/example_dags/tutorial.py for tasks to queue
[2024-07-09T02:07:47.976+0000] {logging_mixin.py:188} INFO - [2024-07-09T02:07:47.975+0000] {dagbag.py:545} INFO - Filling up the DagBag from /home/airflow/.local/lib/python3.12/site-packages/airflow/example_dags/tutorial.py
[2024-07-09T02:07:47.985+0000] {processor.py:840} INFO - DAG(s) 'tutorial' retrieved from /home/airflow/.local/lib/python3.12/site-packages/airflow/example_dags/tutorial.py
[2024-07-09T02:07:48.018+0000] {logging_mixin.py:188} INFO - [2024-07-09T02:07:48.017+0000] {dag.py:3096} INFO - Sync 1 DAGs
[2024-07-09T02:07:48.048+0000] {logging_mixin.py:188} INFO - [2024-07-09T02:07:48.048+0000] {dag.py:3954} INFO - Setting next_dagrun for tutorial to 2024-07-08 00:00:00+00:00, run_after=2024-07-09 00:00:00+00:00
[2024-07-09T02:07:48.072+0000] {processor.py:183} INFO - Processing /home/airflow/.local/lib/python3.12/site-packages/airflow/example_dags/tutorial.py took 0.109 seconds
[2024-07-09T02:08:18.367+0000] {processor.py:161} INFO - Started process (PID=607) to work on /home/airflow/.local/lib/python3.12/site-packages/airflow/example_dags/tutorial.py
[2024-07-09T02:08:18.369+0000] {processor.py:830} INFO - Processing file /home/airflow/.local/lib/python3.12/site-packages/airflow/example_dags/tutorial.py for tasks to queue
[2024-07-09T02:08:18.371+0000] {logging_mixin.py:188} INFO - [2024-07-09T02:08:18.371+0000] {dagbag.py:545} INFO - Filling up the DagBag from /home/airflow/.local/lib/python3.12/site-packages/airflow/example_dags/tutorial.py
[2024-07-09T02:08:18.380+0000] {processor.py:840} INFO - DAG(s) 'tutorial' retrieved from /home/airflow/.local/lib/python3.12/site-packages/airflow/example_dags/tutorial.py
[2024-07-09T02:08:18.409+0000] {logging_mixin.py:188} INFO - [2024-07-09T02:08:18.409+0000] {dag.py:3096} INFO - Sync 1 DAGs
[2024-07-09T02:08:18.439+0000] {logging_mixin.py:188} INFO - [2024-07-09T02:08:18.439+0000] {dag.py:3954} INFO - Setting next_dagrun for tutorial to 2024-07-08 00:00:00+00:00, run_after=2024-07-09 00:00:00+00:00
[2024-07-09T02:08:18.462+0000] {processor.py:183} INFO - Processing /home/airflow/.local/lib/python3.12/site-packages/airflow/example_dags/tutorial.py took 0.104 seconds
[2024-07-09T02:08:48.691+0000] {processor.py:161} INFO - Started process (PID=664) to work on /home/airflow/.local/lib/python3.12/site-packages/airflow/example_dags/tutorial.py
[2024-07-09T02:08:48.692+0000] {processor.py:830} INFO - Processing file /home/airflow/.local/lib/python3.12/site-packages/airflow/example_dags/tutorial.py for tasks to queue
[2024-07-09T02:08:48.695+0000] {logging_mixin.py:188} INFO - [2024-07-09T02:08:48.694+0000] {dagbag.py:545} INFO - Filling up the DagBag from /home/airflow/.local/lib/python3.12/site-packages/airflow/example_dags/tutorial.py
[2024-07-09T02:08:48.703+0000] {processor.py:840} INFO - DAG(s) 'tutorial' retrieved from /home/airflow/.local/lib/python3.12/site-packages/airflow/example_dags/tutorial.py
[2024-07-09T02:08:48.741+0000] {logging_mixin.py:188} INFO - [2024-07-09T02:08:48.741+0000] {dag.py:3096} INFO - Sync 1 DAGs
[2024-07-09T02:08:48.780+0000] {logging_mixin.py:188} INFO - [2024-07-09T02:08:48.780+0000] {dag.py:3954} INFO - Setting next_dagrun for tutorial to 2024-07-08 00:00:00+00:00, run_after=2024-07-09 00:00:00+00:00
[2024-07-09T02:08:48.830+0000] {processor.py:183} INFO - Processing /home/airflow/.local/lib/python3.12/site-packages/airflow/example_dags/tutorial.py took 0.149 seconds
[2024-07-09T02:12:20.247+0000] {processor.py:161} INFO - Started process (PID=62) to work on /home/airflow/.local/lib/python3.12/site-packages/airflow/example_dags/tutorial.py
[2024-07-09T02:12:20.249+0000] {processor.py:830} INFO - Processing file /home/airflow/.local/lib/python3.12/site-packages/airflow/example_dags/tutorial.py for tasks to queue
[2024-07-09T02:12:20.251+0000] {logging_mixin.py:188} INFO - [2024-07-09T02:12:20.251+0000] {dagbag.py:545} INFO - Filling up the DagBag from /home/airflow/.local/lib/python3.12/site-packages/airflow/example_dags/tutorial.py
[2024-07-09T02:12:20.262+0000] {processor.py:840} INFO - DAG(s) 'tutorial' retrieved from /home/airflow/.local/lib/python3.12/site-packages/airflow/example_dags/tutorial.py
[2024-07-09T02:12:20.437+0000] {logging_mixin.py:188} INFO - [2024-07-09T02:12:20.436+0000] {override.py:1829} INFO - Created Permission View: can edit on DAG:tutorial
[2024-07-09T02:12:20.452+0000] {logging_mixin.py:188} INFO - [2024-07-09T02:12:20.451+0000] {override.py:1829} INFO - Created Permission View: can delete on DAG:tutorial
[2024-07-09T02:12:20.463+0000] {logging_mixin.py:188} INFO - [2024-07-09T02:12:20.463+0000] {override.py:1829} INFO - Created Permission View: can read on DAG:tutorial
[2024-07-09T02:12:20.464+0000] {logging_mixin.py:188} INFO - [2024-07-09T02:12:20.464+0000] {dag.py:3096} INFO - Sync 1 DAGs
[2024-07-09T02:12:20.480+0000] {logging_mixin.py:188} INFO - [2024-07-09T02:12:20.480+0000] {dag.py:3118} INFO - Creating ORM DAG for tutorial
[2024-07-09T02:12:20.495+0000] {logging_mixin.py:188} INFO - [2024-07-09T02:12:20.495+0000] {dag.py:3954} INFO - Setting next_dagrun for tutorial to 2024-07-08 00:00:00+00:00, run_after=2024-07-09 00:00:00+00:00
[2024-07-09T02:12:20.527+0000] {processor.py:183} INFO - Processing /home/airflow/.local/lib/python3.12/site-packages/airflow/example_dags/tutorial.py took 0.291 seconds
[2024-07-09T02:12:50.600+0000] {processor.py:161} INFO - Started process (PID=122) to work on /home/airflow/.local/lib/python3.12/site-packages/airflow/example_dags/tutorial.py
[2024-07-09T02:12:50.602+0000] {processor.py:830} INFO - Processing file /home/airflow/.local/lib/python3.12/site-packages/airflow/example_dags/tutorial.py for tasks to queue
[2024-07-09T02:12:50.606+0000] {logging_mixin.py:188} INFO - [2024-07-09T02:12:50.605+0000] {dagbag.py:545} INFO - Filling up the DagBag from /home/airflow/.local/lib/python3.12/site-packages/airflow/example_dags/tutorial.py
[2024-07-09T02:12:50.616+0000] {processor.py:840} INFO - DAG(s) 'tutorial' retrieved from /home/airflow/.local/lib/python3.12/site-packages/airflow/example_dags/tutorial.py
[2024-07-09T02:12:50.648+0000] {logging_mixin.py:188} INFO - [2024-07-09T02:12:50.648+0000] {dag.py:3096} INFO - Sync 1 DAGs
[2024-07-09T02:12:50.687+0000] {logging_mixin.py:188} INFO - [2024-07-09T02:12:50.687+0000] {dag.py:3954} INFO - Setting next_dagrun for tutorial to 2024-07-08 00:00:00+00:00, run_after=2024-07-09 00:00:00+00:00
[2024-07-09T02:12:50.714+0000] {processor.py:183} INFO - Processing /home/airflow/.local/lib/python3.12/site-packages/airflow/example_dags/tutorial.py took 0.125 seconds
[2024-07-09T02:13:21.526+0000] {processor.py:161} INFO - Started process (PID=182) to work on /home/airflow/.local/lib/python3.12/site-packages/airflow/example_dags/tutorial.py
[2024-07-09T02:13:21.528+0000] {processor.py:830} INFO - Processing file /home/airflow/.local/lib/python3.12/site-packages/airflow/example_dags/tutorial.py for tasks to queue
[2024-07-09T02:13:21.532+0000] {logging_mixin.py:188} INFO - [2024-07-09T02:13:21.532+0000] {dagbag.py:545} INFO - Filling up the DagBag from /home/airflow/.local/lib/python3.12/site-packages/airflow/example_dags/tutorial.py
[2024-07-09T02:13:21.545+0000] {processor.py:840} INFO - DAG(s) 'tutorial' retrieved from /home/airflow/.local/lib/python3.12/site-packages/airflow/example_dags/tutorial.py
[2024-07-09T02:13:21.593+0000] {logging_mixin.py:188} INFO - [2024-07-09T02:13:21.592+0000] {dag.py:3096} INFO - Sync 1 DAGs
[2024-07-09T02:13:21.637+0000] {logging_mixin.py:188} INFO - [2024-07-09T02:13:21.636+0000] {dag.py:3954} INFO - Setting next_dagrun for tutorial to 2024-07-08 00:00:00+00:00, run_after=2024-07-09 00:00:00+00:00
[2024-07-09T02:13:21.679+0000] {processor.py:183} INFO - Processing /home/airflow/.local/lib/python3.12/site-packages/airflow/example_dags/tutorial.py took 0.167 seconds
[2024-07-09T02:13:52.130+0000] {processor.py:161} INFO - Started process (PID=242) to work on /home/airflow/.local/lib/python3.12/site-packages/airflow/example_dags/tutorial.py
[2024-07-09T02:13:52.132+0000] {processor.py:830} INFO - Processing file /home/airflow/.local/lib/python3.12/site-packages/airflow/example_dags/tutorial.py for tasks to queue
[2024-07-09T02:13:52.136+0000] {logging_mixin.py:188} INFO - [2024-07-09T02:13:52.135+0000] {dagbag.py:545} INFO - Filling up the DagBag from /home/airflow/.local/lib/python3.12/site-packages/airflow/example_dags/tutorial.py
[2024-07-09T02:13:52.149+0000] {processor.py:840} INFO - DAG(s) 'tutorial' retrieved from /home/airflow/.local/lib/python3.12/site-packages/airflow/example_dags/tutorial.py
[2024-07-09T02:13:52.196+0000] {logging_mixin.py:188} INFO - [2024-07-09T02:13:52.196+0000] {dag.py:3096} INFO - Sync 1 DAGs
[2024-07-09T02:13:52.247+0000] {logging_mixin.py:188} INFO - [2024-07-09T02:13:52.247+0000] {dag.py:3954} INFO - Setting next_dagrun for tutorial to 2024-07-08 00:00:00+00:00, run_after=2024-07-09 00:00:00+00:00
[2024-07-09T02:13:52.293+0000] {processor.py:183} INFO - Processing /home/airflow/.local/lib/python3.12/site-packages/airflow/example_dags/tutorial.py took 0.180 seconds
[2024-07-09T02:14:23.269+0000] {processor.py:161} INFO - Started process (PID=302) to work on /home/airflow/.local/lib/python3.12/site-packages/airflow/example_dags/tutorial.py
[2024-07-09T02:14:23.275+0000] {processor.py:830} INFO - Processing file /home/airflow/.local/lib/python3.12/site-packages/airflow/example_dags/tutorial.py for tasks to queue
[2024-07-09T02:14:23.282+0000] {logging_mixin.py:188} INFO - [2024-07-09T02:14:23.282+0000] {dagbag.py:545} INFO - Filling up the DagBag from /home/airflow/.local/lib/python3.12/site-packages/airflow/example_dags/tutorial.py
[2024-07-09T02:14:23.299+0000] {processor.py:840} INFO - DAG(s) 'tutorial' retrieved from /home/airflow/.local/lib/python3.12/site-packages/airflow/example_dags/tutorial.py
[2024-07-09T02:14:23.397+0000] {logging_mixin.py:188} INFO - [2024-07-09T02:14:23.396+0000] {dag.py:3096} INFO - Sync 1 DAGs
[2024-07-09T02:14:23.491+0000] {logging_mixin.py:188} INFO - [2024-07-09T02:14:23.491+0000] {dag.py:3954} INFO - Setting next_dagrun for tutorial to 2024-07-08 00:00:00+00:00, run_after=2024-07-09 00:00:00+00:00
[2024-07-09T02:14:23.560+0000] {processor.py:183} INFO - Processing /home/airflow/.local/lib/python3.12/site-packages/airflow/example_dags/tutorial.py took 0.311 seconds
[2024-07-09T02:14:53.648+0000] {processor.py:161} INFO - Started process (PID=360) to work on /home/airflow/.local/lib/python3.12/site-packages/airflow/example_dags/tutorial.py
[2024-07-09T02:14:53.649+0000] {processor.py:830} INFO - Processing file /home/airflow/.local/lib/python3.12/site-packages/airflow/example_dags/tutorial.py for tasks to queue
[2024-07-09T02:14:53.652+0000] {logging_mixin.py:188} INFO - [2024-07-09T02:14:53.652+0000] {dagbag.py:545} INFO - Filling up the DagBag from /home/airflow/.local/lib/python3.12/site-packages/airflow/example_dags/tutorial.py
[2024-07-09T02:14:53.661+0000] {processor.py:840} INFO - DAG(s) 'tutorial' retrieved from /home/airflow/.local/lib/python3.12/site-packages/airflow/example_dags/tutorial.py
[2024-07-09T02:14:53.696+0000] {logging_mixin.py:188} INFO - [2024-07-09T02:14:53.696+0000] {dag.py:3096} INFO - Sync 1 DAGs
[2024-07-09T02:14:53.738+0000] {logging_mixin.py:188} INFO - [2024-07-09T02:14:53.738+0000] {dag.py:3954} INFO - Setting next_dagrun for tutorial to 2024-07-08 00:00:00+00:00, run_after=2024-07-09 00:00:00+00:00
[2024-07-09T02:14:53.775+0000] {processor.py:183} INFO - Processing /home/airflow/.local/lib/python3.12/site-packages/airflow/example_dags/tutorial.py took 0.137 seconds
[2024-07-09T02:17:04.013+0000] {processor.py:161} INFO - Started process (PID=62) to work on /home/airflow/.local/lib/python3.12/site-packages/airflow/example_dags/tutorial.py
[2024-07-09T02:17:04.014+0000] {processor.py:830} INFO - Processing file /home/airflow/.local/lib/python3.12/site-packages/airflow/example_dags/tutorial.py for tasks to queue
[2024-07-09T02:17:04.017+0000] {logging_mixin.py:188} INFO - [2024-07-09T02:17:04.017+0000] {dagbag.py:545} INFO - Filling up the DagBag from /home/airflow/.local/lib/python3.12/site-packages/airflow/example_dags/tutorial.py
[2024-07-09T02:17:04.027+0000] {processor.py:840} INFO - DAG(s) 'tutorial' retrieved from /home/airflow/.local/lib/python3.12/site-packages/airflow/example_dags/tutorial.py
[2024-07-09T02:17:04.238+0000] {logging_mixin.py:188} INFO - [2024-07-09T02:17:04.238+0000] {dag.py:3096} INFO - Sync 1 DAGs
[2024-07-09T02:17:04.286+0000] {logging_mixin.py:188} INFO - [2024-07-09T02:17:04.285+0000] {dag.py:3954} INFO - Setting next_dagrun for tutorial to 2024-07-08 00:00:00+00:00, run_after=2024-07-09 00:00:00+00:00
[2024-07-09T02:17:04.343+0000] {processor.py:183} INFO - Processing /home/airflow/.local/lib/python3.12/site-packages/airflow/example_dags/tutorial.py took 0.344 seconds
[2024-07-09T02:17:35.086+0000] {processor.py:161} INFO - Started process (PID=122) to work on /home/airflow/.local/lib/python3.12/site-packages/airflow/example_dags/tutorial.py
[2024-07-09T02:17:35.088+0000] {processor.py:830} INFO - Processing file /home/airflow/.local/lib/python3.12/site-packages/airflow/example_dags/tutorial.py for tasks to queue
[2024-07-09T02:17:35.091+0000] {logging_mixin.py:188} INFO - [2024-07-09T02:17:35.090+0000] {dagbag.py:545} INFO - Filling up the DagBag from /home/airflow/.local/lib/python3.12/site-packages/airflow/example_dags/tutorial.py
[2024-07-09T02:17:35.101+0000] {processor.py:840} INFO - DAG(s) 'tutorial' retrieved from /home/airflow/.local/lib/python3.12/site-packages/airflow/example_dags/tutorial.py
[2024-07-09T02:17:35.138+0000] {logging_mixin.py:188} INFO - [2024-07-09T02:17:35.138+0000] {dag.py:3096} INFO - Sync 1 DAGs
[2024-07-09T02:17:35.181+0000] {logging_mixin.py:188} INFO - [2024-07-09T02:17:35.181+0000] {dag.py:3954} INFO - Setting next_dagrun for tutorial to 2024-07-08 00:00:00+00:00, run_after=2024-07-09 00:00:00+00:00
[2024-07-09T02:17:35.213+0000] {processor.py:183} INFO - Processing /home/airflow/.local/lib/python3.12/site-packages/airflow/example_dags/tutorial.py took 0.136 seconds
[2024-07-09T02:18:05.331+0000] {processor.py:161} INFO - Started process (PID=183) to work on /home/airflow/.local/lib/python3.12/site-packages/airflow/example_dags/tutorial.py
[2024-07-09T02:18:05.334+0000] {processor.py:830} INFO - Processing file /home/airflow/.local/lib/python3.12/site-packages/airflow/example_dags/tutorial.py for tasks to queue
[2024-07-09T02:18:05.338+0000] {logging_mixin.py:188} INFO - [2024-07-09T02:18:05.338+0000] {dagbag.py:545} INFO - Filling up the DagBag from /home/airflow/.local/lib/python3.12/site-packages/airflow/example_dags/tutorial.py
[2024-07-09T02:18:05.356+0000] {processor.py:840} INFO - DAG(s) 'tutorial' retrieved from /home/airflow/.local/lib/python3.12/site-packages/airflow/example_dags/tutorial.py
[2024-07-09T02:18:05.388+0000] {logging_mixin.py:188} INFO - [2024-07-09T02:18:05.388+0000] {dag.py:3096} INFO - Sync 1 DAGs
[2024-07-09T02:18:05.423+0000] {logging_mixin.py:188} INFO - [2024-07-09T02:18:05.422+0000] {dag.py:3954} INFO - Setting next_dagrun for tutorial to 2024-07-08 00:00:00+00:00, run_after=2024-07-09 00:00:00+00:00
[2024-07-09T02:18:05.470+0000] {processor.py:183} INFO - Processing /home/airflow/.local/lib/python3.12/site-packages/airflow/example_dags/tutorial.py took 0.153 seconds
[2024-07-09T02:18:36.247+0000] {processor.py:161} INFO - Started process (PID=243) to work on /home/airflow/.local/lib/python3.12/site-packages/airflow/example_dags/tutorial.py
[2024-07-09T02:18:36.248+0000] {processor.py:830} INFO - Processing file /home/airflow/.local/lib/python3.12/site-packages/airflow/example_dags/tutorial.py for tasks to queue
[2024-07-09T02:18:36.253+0000] {logging_mixin.py:188} INFO - [2024-07-09T02:18:36.253+0000] {dagbag.py:545} INFO - Filling up the DagBag from /home/airflow/.local/lib/python3.12/site-packages/airflow/example_dags/tutorial.py
[2024-07-09T02:18:36.264+0000] {processor.py:840} INFO - DAG(s) 'tutorial' retrieved from /home/airflow/.local/lib/python3.12/site-packages/airflow/example_dags/tutorial.py
[2024-07-09T02:18:36.303+0000] {logging_mixin.py:188} INFO - [2024-07-09T02:18:36.302+0000] {dag.py:3096} INFO - Sync 1 DAGs
[2024-07-09T02:18:36.358+0000] {logging_mixin.py:188} INFO - [2024-07-09T02:18:36.358+0000] {dag.py:3954} INFO - Setting next_dagrun for tutorial to 2024-07-08 00:00:00+00:00, run_after=2024-07-09 00:00:00+00:00
[2024-07-09T02:18:36.390+0000] {processor.py:183} INFO - Processing /home/airflow/.local/lib/python3.12/site-packages/airflow/example_dags/tutorial.py took 0.158 seconds
[2024-07-09T02:19:06.618+0000] {processor.py:161} INFO - Started process (PID=303) to work on /home/airflow/.local/lib/python3.12/site-packages/airflow/example_dags/tutorial.py
[2024-07-09T02:19:06.619+0000] {processor.py:830} INFO - Processing file /home/airflow/.local/lib/python3.12/site-packages/airflow/example_dags/tutorial.py for tasks to queue
[2024-07-09T02:19:06.623+0000] {logging_mixin.py:188} INFO - [2024-07-09T02:19:06.622+0000] {dagbag.py:545} INFO - Filling up the DagBag from /home/airflow/.local/lib/python3.12/site-packages/airflow/example_dags/tutorial.py
[2024-07-09T02:19:06.631+0000] {processor.py:840} INFO - DAG(s) 'tutorial' retrieved from /home/airflow/.local/lib/python3.12/site-packages/airflow/example_dags/tutorial.py
[2024-07-09T02:19:06.663+0000] {logging_mixin.py:188} INFO - [2024-07-09T02:19:06.662+0000] {dag.py:3096} INFO - Sync 1 DAGs
[2024-07-09T02:19:06.700+0000] {logging_mixin.py:188} INFO - [2024-07-09T02:19:06.699+0000] {dag.py:3954} INFO - Setting next_dagrun for tutorial to 2024-07-08 00:00:00+00:00, run_after=2024-07-09 00:00:00+00:00
[2024-07-09T02:19:06.748+0000] {processor.py:183} INFO - Processing /home/airflow/.local/lib/python3.12/site-packages/airflow/example_dags/tutorial.py took 0.138 seconds
[2024-07-09T02:19:38.349+0000] {processor.py:161} INFO - Started process (PID=363) to work on /home/airflow/.local/lib/python3.12/site-packages/airflow/example_dags/tutorial.py
[2024-07-09T02:19:38.351+0000] {processor.py:830} INFO - Processing file /home/airflow/.local/lib/python3.12/site-packages/airflow/example_dags/tutorial.py for tasks to queue
[2024-07-09T02:19:38.354+0000] {logging_mixin.py:188} INFO - [2024-07-09T02:19:38.353+0000] {dagbag.py:545} INFO - Filling up the DagBag from /home/airflow/.local/lib/python3.12/site-packages/airflow/example_dags/tutorial.py
[2024-07-09T02:19:38.370+0000] {processor.py:840} INFO - DAG(s) 'tutorial' retrieved from /home/airflow/.local/lib/python3.12/site-packages/airflow/example_dags/tutorial.py
[2024-07-09T02:19:38.447+0000] {logging_mixin.py:188} INFO - [2024-07-09T02:19:38.447+0000] {dag.py:3096} INFO - Sync 1 DAGs
[2024-07-09T02:19:38.520+0000] {logging_mixin.py:188} INFO - [2024-07-09T02:19:38.519+0000] {dag.py:3954} INFO - Setting next_dagrun for tutorial to 2024-07-08 00:00:00+00:00, run_after=2024-07-09 00:00:00+00:00
[2024-07-09T02:19:38.572+0000] {processor.py:183} INFO - Processing /home/airflow/.local/lib/python3.12/site-packages/airflow/example_dags/tutorial.py took 0.234 seconds
[2024-07-09T02:20:10.504+0000] {processor.py:161} INFO - Started process (PID=424) to work on /home/airflow/.local/lib/python3.12/site-packages/airflow/example_dags/tutorial.py
[2024-07-09T02:20:10.511+0000] {processor.py:830} INFO - Processing file /home/airflow/.local/lib/python3.12/site-packages/airflow/example_dags/tutorial.py for tasks to queue
[2024-07-09T02:20:10.518+0000] {logging_mixin.py:188} INFO - [2024-07-09T02:20:10.517+0000] {dagbag.py:545} INFO - Filling up the DagBag from /home/airflow/.local/lib/python3.12/site-packages/airflow/example_dags/tutorial.py
[2024-07-09T02:20:10.536+0000] {processor.py:840} INFO - DAG(s) 'tutorial' retrieved from /home/airflow/.local/lib/python3.12/site-packages/airflow/example_dags/tutorial.py
[2024-07-09T02:20:10.614+0000] {logging_mixin.py:188} INFO - [2024-07-09T02:20:10.613+0000] {dag.py:3096} INFO - Sync 1 DAGs
[2024-07-09T02:20:10.712+0000] {logging_mixin.py:188} INFO - [2024-07-09T02:20:10.711+0000] {dag.py:3954} INFO - Setting next_dagrun for tutorial to 2024-07-08 00:00:00+00:00, run_after=2024-07-09 00:00:00+00:00
[2024-07-09T02:20:10.782+0000] {processor.py:183} INFO - Processing /home/airflow/.local/lib/python3.12/site-packages/airflow/example_dags/tutorial.py took 0.306 seconds
[2024-07-09T02:20:40.976+0000] {processor.py:161} INFO - Started process (PID=482) to work on /home/airflow/.local/lib/python3.12/site-packages/airflow/example_dags/tutorial.py
[2024-07-09T02:20:40.978+0000] {processor.py:830} INFO - Processing file /home/airflow/.local/lib/python3.12/site-packages/airflow/example_dags/tutorial.py for tasks to queue
[2024-07-09T02:20:40.983+0000] {logging_mixin.py:188} INFO - [2024-07-09T02:20:40.982+0000] {dagbag.py:545} INFO - Filling up the DagBag from /home/airflow/.local/lib/python3.12/site-packages/airflow/example_dags/tutorial.py
[2024-07-09T02:20:40.998+0000] {processor.py:840} INFO - DAG(s) 'tutorial' retrieved from /home/airflow/.local/lib/python3.12/site-packages/airflow/example_dags/tutorial.py
[2024-07-09T02:20:41.040+0000] {logging_mixin.py:188} INFO - [2024-07-09T02:20:41.039+0000] {dag.py:3096} INFO - Sync 1 DAGs
[2024-07-09T02:20:41.082+0000] {logging_mixin.py:188} INFO - [2024-07-09T02:20:41.082+0000] {dag.py:3954} INFO - Setting next_dagrun for tutorial to 2024-07-08 00:00:00+00:00, run_after=2024-07-09 00:00:00+00:00
[2024-07-09T02:20:41.118+0000] {processor.py:183} INFO - Processing /home/airflow/.local/lib/python3.12/site-packages/airflow/example_dags/tutorial.py took 0.155 seconds
[2024-07-09T02:21:11.651+0000] {processor.py:161} INFO - Started process (PID=541) to work on /home/airflow/.local/lib/python3.12/site-packages/airflow/example_dags/tutorial.py
[2024-07-09T02:21:11.653+0000] {processor.py:830} INFO - Processing file /home/airflow/.local/lib/python3.12/site-packages/airflow/example_dags/tutorial.py for tasks to queue
[2024-07-09T02:21:11.655+0000] {logging_mixin.py:188} INFO - [2024-07-09T02:21:11.655+0000] {dagbag.py:545} INFO - Filling up the DagBag from /home/airflow/.local/lib/python3.12/site-packages/airflow/example_dags/tutorial.py
[2024-07-09T02:21:11.663+0000] {processor.py:840} INFO - DAG(s) 'tutorial' retrieved from /home/airflow/.local/lib/python3.12/site-packages/airflow/example_dags/tutorial.py
[2024-07-09T02:21:11.690+0000] {logging_mixin.py:188} INFO - [2024-07-09T02:21:11.690+0000] {dag.py:3096} INFO - Sync 1 DAGs
[2024-07-09T02:21:11.719+0000] {logging_mixin.py:188} INFO - [2024-07-09T02:21:11.718+0000] {dag.py:3954} INFO - Setting next_dagrun for tutorial to 2024-07-08 00:00:00+00:00, run_after=2024-07-09 00:00:00+00:00
[2024-07-09T02:21:11.746+0000] {processor.py:183} INFO - Processing /home/airflow/.local/lib/python3.12/site-packages/airflow/example_dags/tutorial.py took 0.104 seconds
[2024-07-09T02:21:42.381+0000] {processor.py:161} INFO - Started process (PID=601) to work on /home/airflow/.local/lib/python3.12/site-packages/airflow/example_dags/tutorial.py
[2024-07-09T02:21:42.383+0000] {processor.py:830} INFO - Processing file /home/airflow/.local/lib/python3.12/site-packages/airflow/example_dags/tutorial.py for tasks to queue
[2024-07-09T02:21:42.385+0000] {logging_mixin.py:188} INFO - [2024-07-09T02:21:42.385+0000] {dagbag.py:545} INFO - Filling up the DagBag from /home/airflow/.local/lib/python3.12/site-packages/airflow/example_dags/tutorial.py
[2024-07-09T02:21:42.394+0000] {processor.py:840} INFO - DAG(s) 'tutorial' retrieved from /home/airflow/.local/lib/python3.12/site-packages/airflow/example_dags/tutorial.py
[2024-07-09T02:21:42.421+0000] {logging_mixin.py:188} INFO - [2024-07-09T02:21:42.421+0000] {dag.py:3096} INFO - Sync 1 DAGs
[2024-07-09T02:21:42.456+0000] {logging_mixin.py:188} INFO - [2024-07-09T02:21:42.455+0000] {dag.py:3954} INFO - Setting next_dagrun for tutorial to 2024-07-08 00:00:00+00:00, run_after=2024-07-09 00:00:00+00:00
[2024-07-09T02:21:42.493+0000] {processor.py:183} INFO - Processing /home/airflow/.local/lib/python3.12/site-packages/airflow/example_dags/tutorial.py took 0.119 seconds
[2024-07-09T02:22:12.738+0000] {processor.py:161} INFO - Started process (PID=660) to work on /home/airflow/.local/lib/python3.12/site-packages/airflow/example_dags/tutorial.py
[2024-07-09T02:22:12.739+0000] {processor.py:830} INFO - Processing file /home/airflow/.local/lib/python3.12/site-packages/airflow/example_dags/tutorial.py for tasks to queue
[2024-07-09T02:22:12.743+0000] {logging_mixin.py:188} INFO - [2024-07-09T02:22:12.743+0000] {dagbag.py:545} INFO - Filling up the DagBag from /home/airflow/.local/lib/python3.12/site-packages/airflow/example_dags/tutorial.py
[2024-07-09T02:22:12.754+0000] {processor.py:840} INFO - DAG(s) 'tutorial' retrieved from /home/airflow/.local/lib/python3.12/site-packages/airflow/example_dags/tutorial.py
[2024-07-09T02:22:12.787+0000] {logging_mixin.py:188} INFO - [2024-07-09T02:22:12.786+0000] {dag.py:3096} INFO - Sync 1 DAGs
[2024-07-09T02:22:12.830+0000] {logging_mixin.py:188} INFO - [2024-07-09T02:22:12.830+0000] {dag.py:3954} INFO - Setting next_dagrun for tutorial to 2024-07-08 00:00:00+00:00, run_after=2024-07-09 00:00:00+00:00
[2024-07-09T02:22:12.866+0000] {processor.py:183} INFO - Processing /home/airflow/.local/lib/python3.12/site-packages/airflow/example_dags/tutorial.py took 0.138 seconds
[2024-07-09T02:22:43.475+0000] {processor.py:161} INFO - Started process (PID=720) to work on /home/airflow/.local/lib/python3.12/site-packages/airflow/example_dags/tutorial.py
[2024-07-09T02:22:43.477+0000] {processor.py:830} INFO - Processing file /home/airflow/.local/lib/python3.12/site-packages/airflow/example_dags/tutorial.py for tasks to queue
[2024-07-09T02:22:43.480+0000] {logging_mixin.py:188} INFO - [2024-07-09T02:22:43.480+0000] {dagbag.py:545} INFO - Filling up the DagBag from /home/airflow/.local/lib/python3.12/site-packages/airflow/example_dags/tutorial.py
[2024-07-09T02:22:43.490+0000] {processor.py:840} INFO - DAG(s) 'tutorial' retrieved from /home/airflow/.local/lib/python3.12/site-packages/airflow/example_dags/tutorial.py
[2024-07-09T02:22:43.526+0000] {logging_mixin.py:188} INFO - [2024-07-09T02:22:43.525+0000] {dag.py:3096} INFO - Sync 1 DAGs
[2024-07-09T02:22:43.574+0000] {logging_mixin.py:188} INFO - [2024-07-09T02:22:43.573+0000] {dag.py:3954} INFO - Setting next_dagrun for tutorial to 2024-07-08 00:00:00+00:00, run_after=2024-07-09 00:00:00+00:00
[2024-07-09T02:22:43.630+0000] {processor.py:183} INFO - Processing /home/airflow/.local/lib/python3.12/site-packages/airflow/example_dags/tutorial.py took 0.165 seconds
[2024-07-09T02:23:13.771+0000] {processor.py:161} INFO - Started process (PID=779) to work on /home/airflow/.local/lib/python3.12/site-packages/airflow/example_dags/tutorial.py
[2024-07-09T02:23:13.773+0000] {processor.py:830} INFO - Processing file /home/airflow/.local/lib/python3.12/site-packages/airflow/example_dags/tutorial.py for tasks to queue
[2024-07-09T02:23:13.776+0000] {logging_mixin.py:188} INFO - [2024-07-09T02:23:13.775+0000] {dagbag.py:545} INFO - Filling up the DagBag from /home/airflow/.local/lib/python3.12/site-packages/airflow/example_dags/tutorial.py
[2024-07-09T02:23:13.784+0000] {processor.py:840} INFO - DAG(s) 'tutorial' retrieved from /home/airflow/.local/lib/python3.12/site-packages/airflow/example_dags/tutorial.py
[2024-07-09T02:23:13.817+0000] {logging_mixin.py:188} INFO - [2024-07-09T02:23:13.816+0000] {dag.py:3096} INFO - Sync 1 DAGs
[2024-07-09T02:23:13.880+0000] {logging_mixin.py:188} INFO - [2024-07-09T02:23:13.879+0000] {dag.py:3954} INFO - Setting next_dagrun for tutorial to 2024-07-08 00:00:00+00:00, run_after=2024-07-09 00:00:00+00:00
[2024-07-09T02:23:13.944+0000] {processor.py:183} INFO - Processing /home/airflow/.local/lib/python3.12/site-packages/airflow/example_dags/tutorial.py took 0.180 seconds
[2024-07-09T02:23:45.020+0000] {processor.py:161} INFO - Started process (PID=839) to work on /home/airflow/.local/lib/python3.12/site-packages/airflow/example_dags/tutorial.py
[2024-07-09T02:23:45.022+0000] {processor.py:830} INFO - Processing file /home/airflow/.local/lib/python3.12/site-packages/airflow/example_dags/tutorial.py for tasks to queue
[2024-07-09T02:23:45.030+0000] {logging_mixin.py:188} INFO - [2024-07-09T02:23:45.030+0000] {dagbag.py:545} INFO - Filling up the DagBag from /home/airflow/.local/lib/python3.12/site-packages/airflow/example_dags/tutorial.py
[2024-07-09T02:23:45.051+0000] {processor.py:840} INFO - DAG(s) 'tutorial' retrieved from /home/airflow/.local/lib/python3.12/site-packages/airflow/example_dags/tutorial.py
[2024-07-09T02:23:45.125+0000] {logging_mixin.py:188} INFO - [2024-07-09T02:23:45.124+0000] {dag.py:3096} INFO - Sync 1 DAGs
[2024-07-09T02:23:45.221+0000] {logging_mixin.py:188} INFO - [2024-07-09T02:23:45.221+0000] {dag.py:3954} INFO - Setting next_dagrun for tutorial to 2024-07-08 00:00:00+00:00, run_after=2024-07-09 00:00:00+00:00
[2024-07-09T02:23:45.272+0000] {processor.py:183} INFO - Processing /home/airflow/.local/lib/python3.12/site-packages/airflow/example_dags/tutorial.py took 0.268 seconds
[2024-07-09T02:24:16.211+0000] {processor.py:161} INFO - Started process (PID=906) to work on /home/airflow/.local/lib/python3.12/site-packages/airflow/example_dags/tutorial.py
[2024-07-09T02:24:16.212+0000] {processor.py:830} INFO - Processing file /home/airflow/.local/lib/python3.12/site-packages/airflow/example_dags/tutorial.py for tasks to queue
[2024-07-09T02:24:16.215+0000] {logging_mixin.py:188} INFO - [2024-07-09T02:24:16.215+0000] {dagbag.py:545} INFO - Filling up the DagBag from /home/airflow/.local/lib/python3.12/site-packages/airflow/example_dags/tutorial.py
[2024-07-09T02:24:16.225+0000] {processor.py:840} INFO - DAG(s) 'tutorial' retrieved from /home/airflow/.local/lib/python3.12/site-packages/airflow/example_dags/tutorial.py
[2024-07-09T02:24:16.266+0000] {logging_mixin.py:188} INFO - [2024-07-09T02:24:16.265+0000] {dag.py:3096} INFO - Sync 1 DAGs
[2024-07-09T02:24:16.314+0000] {logging_mixin.py:188} INFO - [2024-07-09T02:24:16.314+0000] {dag.py:3954} INFO - Setting next_dagrun for tutorial to 2024-07-08 00:00:00+00:00, run_after=2024-07-09 00:00:00+00:00
[2024-07-09T02:24:16.352+0000] {processor.py:183} INFO - Processing /home/airflow/.local/lib/python3.12/site-packages/airflow/example_dags/tutorial.py took 0.155 seconds
[2024-07-09T02:24:46.636+0000] {processor.py:161} INFO - Started process (PID=966) to work on /home/airflow/.local/lib/python3.12/site-packages/airflow/example_dags/tutorial.py
[2024-07-09T02:24:46.638+0000] {processor.py:830} INFO - Processing file /home/airflow/.local/lib/python3.12/site-packages/airflow/example_dags/tutorial.py for tasks to queue
[2024-07-09T02:24:46.644+0000] {logging_mixin.py:188} INFO - [2024-07-09T02:24:46.643+0000] {dagbag.py:545} INFO - Filling up the DagBag from /home/airflow/.local/lib/python3.12/site-packages/airflow/example_dags/tutorial.py
[2024-07-09T02:24:46.658+0000] {processor.py:840} INFO - DAG(s) 'tutorial' retrieved from /home/airflow/.local/lib/python3.12/site-packages/airflow/example_dags/tutorial.py
[2024-07-09T02:24:46.707+0000] {logging_mixin.py:188} INFO - [2024-07-09T02:24:46.707+0000] {dag.py:3096} INFO - Sync 1 DAGs
[2024-07-09T02:24:46.758+0000] {logging_mixin.py:188} INFO - [2024-07-09T02:24:46.757+0000] {dag.py:3954} INFO - Setting next_dagrun for tutorial to 2024-07-08 00:00:00+00:00, run_after=2024-07-09 00:00:00+00:00
[2024-07-09T02:24:46.807+0000] {processor.py:183} INFO - Processing /home/airflow/.local/lib/python3.12/site-packages/airflow/example_dags/tutorial.py took 0.187 seconds
[2024-07-09T02:25:17.641+0000] {processor.py:161} INFO - Started process (PID=1034) to work on /home/airflow/.local/lib/python3.12/site-packages/airflow/example_dags/tutorial.py
[2024-07-09T02:25:17.643+0000] {processor.py:830} INFO - Processing file /home/airflow/.local/lib/python3.12/site-packages/airflow/example_dags/tutorial.py for tasks to queue
[2024-07-09T02:25:17.648+0000] {logging_mixin.py:188} INFO - [2024-07-09T02:25:17.648+0000] {dagbag.py:545} INFO - Filling up the DagBag from /home/airflow/.local/lib/python3.12/site-packages/airflow/example_dags/tutorial.py
[2024-07-09T02:25:17.661+0000] {processor.py:840} INFO - DAG(s) 'tutorial' retrieved from /home/airflow/.local/lib/python3.12/site-packages/airflow/example_dags/tutorial.py
[2024-07-09T02:25:17.720+0000] {logging_mixin.py:188} INFO - [2024-07-09T02:25:17.719+0000] {dag.py:3096} INFO - Sync 1 DAGs
[2024-07-09T02:25:17.791+0000] {logging_mixin.py:188} INFO - [2024-07-09T02:25:17.790+0000] {dag.py:3954} INFO - Setting next_dagrun for tutorial to 2024-07-08 00:00:00+00:00, run_after=2024-07-09 00:00:00+00:00
[2024-07-09T02:25:17.853+0000] {processor.py:183} INFO - Processing /home/airflow/.local/lib/python3.12/site-packages/airflow/example_dags/tutorial.py took 0.229 seconds
[2024-07-09T02:25:48.203+0000] {processor.py:161} INFO - Started process (PID=1102) to work on /home/airflow/.local/lib/python3.12/site-packages/airflow/example_dags/tutorial.py
[2024-07-09T02:25:48.205+0000] {processor.py:830} INFO - Processing file /home/airflow/.local/lib/python3.12/site-packages/airflow/example_dags/tutorial.py for tasks to queue
[2024-07-09T02:25:48.212+0000] {logging_mixin.py:188} INFO - [2024-07-09T02:25:48.211+0000] {dagbag.py:545} INFO - Filling up the DagBag from /home/airflow/.local/lib/python3.12/site-packages/airflow/example_dags/tutorial.py
[2024-07-09T02:25:48.229+0000] {processor.py:840} INFO - DAG(s) 'tutorial' retrieved from /home/airflow/.local/lib/python3.12/site-packages/airflow/example_dags/tutorial.py
[2024-07-09T02:25:48.282+0000] {logging_mixin.py:188} INFO - [2024-07-09T02:25:48.281+0000] {dag.py:3096} INFO - Sync 1 DAGs
[2024-07-09T02:25:48.353+0000] {logging_mixin.py:188} INFO - [2024-07-09T02:25:48.352+0000] {dag.py:3954} INFO - Setting next_dagrun for tutorial to 2024-07-08 00:00:00+00:00, run_after=2024-07-09 00:00:00+00:00
[2024-07-09T02:25:48.428+0000] {processor.py:183} INFO - Processing /home/airflow/.local/lib/python3.12/site-packages/airflow/example_dags/tutorial.py took 0.243 seconds
[2024-07-09T02:26:18.802+0000] {processor.py:161} INFO - Started process (PID=1166) to work on /home/airflow/.local/lib/python3.12/site-packages/airflow/example_dags/tutorial.py
[2024-07-09T02:26:18.804+0000] {processor.py:830} INFO - Processing file /home/airflow/.local/lib/python3.12/site-packages/airflow/example_dags/tutorial.py for tasks to queue
[2024-07-09T02:26:18.808+0000] {logging_mixin.py:188} INFO - [2024-07-09T02:26:18.808+0000] {dagbag.py:545} INFO - Filling up the DagBag from /home/airflow/.local/lib/python3.12/site-packages/airflow/example_dags/tutorial.py
[2024-07-09T02:26:18.822+0000] {processor.py:840} INFO - DAG(s) 'tutorial' retrieved from /home/airflow/.local/lib/python3.12/site-packages/airflow/example_dags/tutorial.py
[2024-07-09T02:26:18.874+0000] {logging_mixin.py:188} INFO - [2024-07-09T02:26:18.874+0000] {dag.py:3096} INFO - Sync 1 DAGs
[2024-07-09T02:26:18.932+0000] {logging_mixin.py:188} INFO - [2024-07-09T02:26:18.931+0000] {dag.py:3954} INFO - Setting next_dagrun for tutorial to 2024-07-08 00:00:00+00:00, run_after=2024-07-09 00:00:00+00:00
[2024-07-09T02:26:18.992+0000] {processor.py:183} INFO - Processing /home/airflow/.local/lib/python3.12/site-packages/airflow/example_dags/tutorial.py took 0.205 seconds
[2024-07-09T02:26:49.584+0000] {processor.py:161} INFO - Started process (PID=1226) to work on /home/airflow/.local/lib/python3.12/site-packages/airflow/example_dags/tutorial.py
[2024-07-09T02:26:49.586+0000] {processor.py:830} INFO - Processing file /home/airflow/.local/lib/python3.12/site-packages/airflow/example_dags/tutorial.py for tasks to queue
[2024-07-09T02:26:49.589+0000] {logging_mixin.py:188} INFO - [2024-07-09T02:26:49.589+0000] {dagbag.py:545} INFO - Filling up the DagBag from /home/airflow/.local/lib/python3.12/site-packages/airflow/example_dags/tutorial.py
[2024-07-09T02:26:49.599+0000] {processor.py:840} INFO - DAG(s) 'tutorial' retrieved from /home/airflow/.local/lib/python3.12/site-packages/airflow/example_dags/tutorial.py
[2024-07-09T02:26:49.636+0000] {logging_mixin.py:188} INFO - [2024-07-09T02:26:49.636+0000] {dag.py:3096} INFO - Sync 1 DAGs
[2024-07-09T02:26:49.681+0000] {logging_mixin.py:188} INFO - [2024-07-09T02:26:49.680+0000] {dag.py:3954} INFO - Setting next_dagrun for tutorial to 2024-07-08 00:00:00+00:00, run_after=2024-07-09 00:00:00+00:00
[2024-07-09T02:26:49.719+0000] {processor.py:183} INFO - Processing /home/airflow/.local/lib/python3.12/site-packages/airflow/example_dags/tutorial.py took 0.149 seconds
[2024-07-09T02:27:20.373+0000] {processor.py:161} INFO - Started process (PID=1290) to work on /home/airflow/.local/lib/python3.12/site-packages/airflow/example_dags/tutorial.py
[2024-07-09T02:27:20.375+0000] {processor.py:830} INFO - Processing file /home/airflow/.local/lib/python3.12/site-packages/airflow/example_dags/tutorial.py for tasks to queue
[2024-07-09T02:27:20.381+0000] {logging_mixin.py:188} INFO - [2024-07-09T02:27:20.380+0000] {dagbag.py:545} INFO - Filling up the DagBag from /home/airflow/.local/lib/python3.12/site-packages/airflow/example_dags/tutorial.py
[2024-07-09T02:27:20.392+0000] {processor.py:840} INFO - DAG(s) 'tutorial' retrieved from /home/airflow/.local/lib/python3.12/site-packages/airflow/example_dags/tutorial.py
[2024-07-09T02:27:20.431+0000] {logging_mixin.py:188} INFO - [2024-07-09T02:27:20.431+0000] {dag.py:3096} INFO - Sync 1 DAGs
[2024-07-09T02:27:20.479+0000] {logging_mixin.py:188} INFO - [2024-07-09T02:27:20.478+0000] {dag.py:3954} INFO - Setting next_dagrun for tutorial to 2024-07-08 00:00:00+00:00, run_after=2024-07-09 00:00:00+00:00
[2024-07-09T02:27:20.516+0000] {processor.py:183} INFO - Processing /home/airflow/.local/lib/python3.12/site-packages/airflow/example_dags/tutorial.py took 0.153 seconds
[2024-07-09T02:27:51.324+0000] {processor.py:161} INFO - Started process (PID=1350) to work on /home/airflow/.local/lib/python3.12/site-packages/airflow/example_dags/tutorial.py
[2024-07-09T02:27:51.326+0000] {processor.py:830} INFO - Processing file /home/airflow/.local/lib/python3.12/site-packages/airflow/example_dags/tutorial.py for tasks to queue
[2024-07-09T02:27:51.331+0000] {logging_mixin.py:188} INFO - [2024-07-09T02:27:51.330+0000] {dagbag.py:545} INFO - Filling up the DagBag from /home/airflow/.local/lib/python3.12/site-packages/airflow/example_dags/tutorial.py
[2024-07-09T02:27:51.351+0000] {processor.py:840} INFO - DAG(s) 'tutorial' retrieved from /home/airflow/.local/lib/python3.12/site-packages/airflow/example_dags/tutorial.py
[2024-07-09T02:27:51.429+0000] {logging_mixin.py:188} INFO - [2024-07-09T02:27:51.428+0000] {dag.py:3096} INFO - Sync 1 DAGs
[2024-07-09T02:27:51.495+0000] {logging_mixin.py:188} INFO - [2024-07-09T02:27:51.495+0000] {dag.py:3954} INFO - Setting next_dagrun for tutorial to 2024-07-08 00:00:00+00:00, run_after=2024-07-09 00:00:00+00:00
[2024-07-09T02:27:51.555+0000] {processor.py:183} INFO - Processing /home/airflow/.local/lib/python3.12/site-packages/airflow/example_dags/tutorial.py took 0.247 seconds
[2024-07-09T02:28:21.967+0000] {processor.py:161} INFO - Started process (PID=1410) to work on /home/airflow/.local/lib/python3.12/site-packages/airflow/example_dags/tutorial.py
[2024-07-09T02:28:21.969+0000] {processor.py:830} INFO - Processing file /home/airflow/.local/lib/python3.12/site-packages/airflow/example_dags/tutorial.py for tasks to queue
[2024-07-09T02:28:21.973+0000] {logging_mixin.py:188} INFO - [2024-07-09T02:28:21.973+0000] {dagbag.py:545} INFO - Filling up the DagBag from /home/airflow/.local/lib/python3.12/site-packages/airflow/example_dags/tutorial.py
[2024-07-09T02:28:21.987+0000] {processor.py:840} INFO - DAG(s) 'tutorial' retrieved from /home/airflow/.local/lib/python3.12/site-packages/airflow/example_dags/tutorial.py
[2024-07-09T02:28:22.052+0000] {logging_mixin.py:188} INFO - [2024-07-09T02:28:22.052+0000] {dag.py:3096} INFO - Sync 1 DAGs
[2024-07-09T02:28:22.143+0000] {logging_mixin.py:188} INFO - [2024-07-09T02:28:22.143+0000] {dag.py:3954} INFO - Setting next_dagrun for tutorial to 2024-07-08 00:00:00+00:00, run_after=2024-07-09 00:00:00+00:00
[2024-07-09T02:28:22.317+0000] {processor.py:183} INFO - Processing /home/airflow/.local/lib/python3.12/site-packages/airflow/example_dags/tutorial.py took 0.362 seconds
[2024-07-09T02:28:52.445+0000] {processor.py:161} INFO - Started process (PID=1469) to work on /home/airflow/.local/lib/python3.12/site-packages/airflow/example_dags/tutorial.py
[2024-07-09T02:28:52.447+0000] {processor.py:830} INFO - Processing file /home/airflow/.local/lib/python3.12/site-packages/airflow/example_dags/tutorial.py for tasks to queue
[2024-07-09T02:28:52.450+0000] {logging_mixin.py:188} INFO - [2024-07-09T02:28:52.450+0000] {dagbag.py:545} INFO - Filling up the DagBag from /home/airflow/.local/lib/python3.12/site-packages/airflow/example_dags/tutorial.py
[2024-07-09T02:28:52.462+0000] {processor.py:840} INFO - DAG(s) 'tutorial' retrieved from /home/airflow/.local/lib/python3.12/site-packages/airflow/example_dags/tutorial.py
[2024-07-09T02:28:52.499+0000] {logging_mixin.py:188} INFO - [2024-07-09T02:28:52.499+0000] {dag.py:3096} INFO - Sync 1 DAGs
[2024-07-09T02:28:52.554+0000] {logging_mixin.py:188} INFO - [2024-07-09T02:28:52.553+0000] {dag.py:3954} INFO - Setting next_dagrun for tutorial to 2024-07-08 00:00:00+00:00, run_after=2024-07-09 00:00:00+00:00
[2024-07-09T02:28:52.598+0000] {processor.py:183} INFO - Processing /home/airflow/.local/lib/python3.12/site-packages/airflow/example_dags/tutorial.py took 0.165 seconds
[2024-07-09T02:29:27.830+0000] {processor.py:161} INFO - Started process (PID=1528) to work on /home/airflow/.local/lib/python3.12/site-packages/airflow/example_dags/tutorial.py
[2024-07-09T02:29:27.833+0000] {processor.py:830} INFO - Processing file /home/airflow/.local/lib/python3.12/site-packages/airflow/example_dags/tutorial.py for tasks to queue
[2024-07-09T02:29:27.847+0000] {logging_mixin.py:188} INFO - [2024-07-09T02:29:27.846+0000] {dagbag.py:545} INFO - Filling up the DagBag from /home/airflow/.local/lib/python3.12/site-packages/airflow/example_dags/tutorial.py
[2024-07-09T02:29:27.892+0000] {processor.py:840} INFO - DAG(s) 'tutorial' retrieved from /home/airflow/.local/lib/python3.12/site-packages/airflow/example_dags/tutorial.py
[2024-07-09T02:29:28.006+0000] {logging_mixin.py:188} INFO - [2024-07-09T02:29:28.006+0000] {dag.py:3096} INFO - Sync 1 DAGs
[2024-07-09T02:29:28.170+0000] {logging_mixin.py:188} INFO - [2024-07-09T02:29:28.169+0000] {dag.py:3954} INFO - Setting next_dagrun for tutorial to 2024-07-08 00:00:00+00:00, run_after=2024-07-09 00:00:00+00:00
[2024-07-09T02:29:28.299+0000] {processor.py:183} INFO - Processing /home/airflow/.local/lib/python3.12/site-packages/airflow/example_dags/tutorial.py took 0.504 seconds
[2024-07-09T02:29:58.686+0000] {processor.py:161} INFO - Started process (PID=1588) to work on /home/airflow/.local/lib/python3.12/site-packages/airflow/example_dags/tutorial.py
[2024-07-09T02:29:58.688+0000] {processor.py:830} INFO - Processing file /home/airflow/.local/lib/python3.12/site-packages/airflow/example_dags/tutorial.py for tasks to queue
[2024-07-09T02:29:58.693+0000] {logging_mixin.py:188} INFO - [2024-07-09T02:29:58.692+0000] {dagbag.py:545} INFO - Filling up the DagBag from /home/airflow/.local/lib/python3.12/site-packages/airflow/example_dags/tutorial.py
[2024-07-09T02:29:58.707+0000] {processor.py:840} INFO - DAG(s) 'tutorial' retrieved from /home/airflow/.local/lib/python3.12/site-packages/airflow/example_dags/tutorial.py
[2024-07-09T02:29:58.757+0000] {logging_mixin.py:188} INFO - [2024-07-09T02:29:58.756+0000] {dag.py:3096} INFO - Sync 1 DAGs
[2024-07-09T02:29:58.818+0000] {logging_mixin.py:188} INFO - [2024-07-09T02:29:58.818+0000] {dag.py:3954} INFO - Setting next_dagrun for tutorial to 2024-07-08 00:00:00+00:00, run_after=2024-07-09 00:00:00+00:00
[2024-07-09T02:29:58.887+0000] {processor.py:183} INFO - Processing /home/airflow/.local/lib/python3.12/site-packages/airflow/example_dags/tutorial.py took 0.216 seconds
[2024-07-09T02:30:29.913+0000] {processor.py:161} INFO - Started process (PID=1647) to work on /home/airflow/.local/lib/python3.12/site-packages/airflow/example_dags/tutorial.py
[2024-07-09T02:30:29.914+0000] {processor.py:830} INFO - Processing file /home/airflow/.local/lib/python3.12/site-packages/airflow/example_dags/tutorial.py for tasks to queue
[2024-07-09T02:30:29.918+0000] {logging_mixin.py:188} INFO - [2024-07-09T02:30:29.917+0000] {dagbag.py:545} INFO - Filling up the DagBag from /home/airflow/.local/lib/python3.12/site-packages/airflow/example_dags/tutorial.py
[2024-07-09T02:30:29.927+0000] {processor.py:840} INFO - DAG(s) 'tutorial' retrieved from /home/airflow/.local/lib/python3.12/site-packages/airflow/example_dags/tutorial.py
[2024-07-09T02:30:29.963+0000] {logging_mixin.py:188} INFO - [2024-07-09T02:30:29.963+0000] {dag.py:3096} INFO - Sync 1 DAGs
[2024-07-09T02:30:29.999+0000] {logging_mixin.py:188} INFO - [2024-07-09T02:30:29.998+0000] {dag.py:3954} INFO - Setting next_dagrun for tutorial to 2024-07-08 00:00:00+00:00, run_after=2024-07-09 00:00:00+00:00
[2024-07-09T02:30:30.054+0000] {processor.py:183} INFO - Processing /home/airflow/.local/lib/python3.12/site-packages/airflow/example_dags/tutorial.py took 0.153 seconds
[2024-07-09T02:31:00.122+0000] {processor.py:161} INFO - Started process (PID=1706) to work on /home/airflow/.local/lib/python3.12/site-packages/airflow/example_dags/tutorial.py
[2024-07-09T02:31:00.123+0000] {processor.py:830} INFO - Processing file /home/airflow/.local/lib/python3.12/site-packages/airflow/example_dags/tutorial.py for tasks to queue
[2024-07-09T02:31:00.127+0000] {logging_mixin.py:188} INFO - [2024-07-09T02:31:00.127+0000] {dagbag.py:545} INFO - Filling up the DagBag from /home/airflow/.local/lib/python3.12/site-packages/airflow/example_dags/tutorial.py
[2024-07-09T02:31:00.139+0000] {processor.py:840} INFO - DAG(s) 'tutorial' retrieved from /home/airflow/.local/lib/python3.12/site-packages/airflow/example_dags/tutorial.py
[2024-07-09T02:31:00.174+0000] {logging_mixin.py:188} INFO - [2024-07-09T02:31:00.174+0000] {dag.py:3096} INFO - Sync 1 DAGs
[2024-07-09T02:31:00.227+0000] {logging_mixin.py:188} INFO - [2024-07-09T02:31:00.227+0000] {dag.py:3954} INFO - Setting next_dagrun for tutorial to 2024-07-08 00:00:00+00:00, run_after=2024-07-09 00:00:00+00:00
[2024-07-09T02:31:00.472+0000] {processor.py:183} INFO - Processing /home/airflow/.local/lib/python3.12/site-packages/airflow/example_dags/tutorial.py took 0.362 seconds
[2024-07-09T02:31:31.115+0000] {processor.py:161} INFO - Started process (PID=1766) to work on /home/airflow/.local/lib/python3.12/site-packages/airflow/example_dags/tutorial.py
[2024-07-09T02:31:31.117+0000] {processor.py:830} INFO - Processing file /home/airflow/.local/lib/python3.12/site-packages/airflow/example_dags/tutorial.py for tasks to queue
[2024-07-09T02:31:31.120+0000] {logging_mixin.py:188} INFO - [2024-07-09T02:31:31.119+0000] {dagbag.py:545} INFO - Filling up the DagBag from /home/airflow/.local/lib/python3.12/site-packages/airflow/example_dags/tutorial.py
[2024-07-09T02:31:31.130+0000] {processor.py:840} INFO - DAG(s) 'tutorial' retrieved from /home/airflow/.local/lib/python3.12/site-packages/airflow/example_dags/tutorial.py
[2024-07-09T02:31:31.159+0000] {logging_mixin.py:188} INFO - [2024-07-09T02:31:31.159+0000] {dag.py:3096} INFO - Sync 1 DAGs
[2024-07-09T02:31:31.203+0000] {logging_mixin.py:188} INFO - [2024-07-09T02:31:31.202+0000] {dag.py:3954} INFO - Setting next_dagrun for tutorial to 2024-07-08 00:00:00+00:00, run_after=2024-07-09 00:00:00+00:00
[2024-07-09T02:31:31.233+0000] {processor.py:183} INFO - Processing /home/airflow/.local/lib/python3.12/site-packages/airflow/example_dags/tutorial.py took 0.127 seconds
[2024-07-09T02:32:01.451+0000] {processor.py:161} INFO - Started process (PID=1826) to work on /home/airflow/.local/lib/python3.12/site-packages/airflow/example_dags/tutorial.py
[2024-07-09T02:32:01.452+0000] {processor.py:830} INFO - Processing file /home/airflow/.local/lib/python3.12/site-packages/airflow/example_dags/tutorial.py for tasks to queue
[2024-07-09T02:32:01.454+0000] {logging_mixin.py:188} INFO - [2024-07-09T02:32:01.454+0000] {dagbag.py:545} INFO - Filling up the DagBag from /home/airflow/.local/lib/python3.12/site-packages/airflow/example_dags/tutorial.py
[2024-07-09T02:32:01.461+0000] {processor.py:840} INFO - DAG(s) 'tutorial' retrieved from /home/airflow/.local/lib/python3.12/site-packages/airflow/example_dags/tutorial.py
[2024-07-09T02:32:01.493+0000] {logging_mixin.py:188} INFO - [2024-07-09T02:32:01.492+0000] {dag.py:3096} INFO - Sync 1 DAGs
[2024-07-09T02:32:01.526+0000] {logging_mixin.py:188} INFO - [2024-07-09T02:32:01.526+0000] {dag.py:3954} INFO - Setting next_dagrun for tutorial to 2024-07-08 00:00:00+00:00, run_after=2024-07-09 00:00:00+00:00
[2024-07-09T02:32:01.571+0000] {processor.py:183} INFO - Processing /home/airflow/.local/lib/python3.12/site-packages/airflow/example_dags/tutorial.py took 0.129 seconds
[2024-07-09T02:32:31.695+0000] {processor.py:161} INFO - Started process (PID=1886) to work on /home/airflow/.local/lib/python3.12/site-packages/airflow/example_dags/tutorial.py
[2024-07-09T02:32:31.696+0000] {processor.py:830} INFO - Processing file /home/airflow/.local/lib/python3.12/site-packages/airflow/example_dags/tutorial.py for tasks to queue
[2024-07-09T02:32:31.698+0000] {logging_mixin.py:188} INFO - [2024-07-09T02:32:31.698+0000] {dagbag.py:545} INFO - Filling up the DagBag from /home/airflow/.local/lib/python3.12/site-packages/airflow/example_dags/tutorial.py
[2024-07-09T02:32:31.705+0000] {processor.py:840} INFO - DAG(s) 'tutorial' retrieved from /home/airflow/.local/lib/python3.12/site-packages/airflow/example_dags/tutorial.py
[2024-07-09T02:32:31.733+0000] {logging_mixin.py:188} INFO - [2024-07-09T02:32:31.733+0000] {dag.py:3096} INFO - Sync 1 DAGs
[2024-07-09T02:32:31.767+0000] {logging_mixin.py:188} INFO - [2024-07-09T02:32:31.767+0000] {dag.py:3954} INFO - Setting next_dagrun for tutorial to 2024-07-08 00:00:00+00:00, run_after=2024-07-09 00:00:00+00:00
[2024-07-09T02:32:31.791+0000] {processor.py:183} INFO - Processing /home/airflow/.local/lib/python3.12/site-packages/airflow/example_dags/tutorial.py took 0.103 seconds
[2024-07-09T02:33:02.538+0000] {processor.py:161} INFO - Started process (PID=1946) to work on /home/airflow/.local/lib/python3.12/site-packages/airflow/example_dags/tutorial.py
[2024-07-09T02:33:02.540+0000] {processor.py:830} INFO - Processing file /home/airflow/.local/lib/python3.12/site-packages/airflow/example_dags/tutorial.py for tasks to queue
[2024-07-09T02:33:02.543+0000] {logging_mixin.py:188} INFO - [2024-07-09T02:33:02.542+0000] {dagbag.py:545} INFO - Filling up the DagBag from /home/airflow/.local/lib/python3.12/site-packages/airflow/example_dags/tutorial.py
[2024-07-09T02:33:02.552+0000] {processor.py:840} INFO - DAG(s) 'tutorial' retrieved from /home/airflow/.local/lib/python3.12/site-packages/airflow/example_dags/tutorial.py
[2024-07-09T02:33:02.762+0000] {logging_mixin.py:188} INFO - [2024-07-09T02:33:02.761+0000] {dag.py:3096} INFO - Sync 1 DAGs
[2024-07-09T02:33:02.792+0000] {logging_mixin.py:188} INFO - [2024-07-09T02:33:02.792+0000] {dag.py:3954} INFO - Setting next_dagrun for tutorial to 2024-07-08 00:00:00+00:00, run_after=2024-07-09 00:00:00+00:00
[2024-07-09T02:33:02.820+0000] {processor.py:183} INFO - Processing /home/airflow/.local/lib/python3.12/site-packages/airflow/example_dags/tutorial.py took 0.294 seconds
[2024-07-09T02:33:32.912+0000] {processor.py:161} INFO - Started process (PID=2007) to work on /home/airflow/.local/lib/python3.12/site-packages/airflow/example_dags/tutorial.py
[2024-07-09T02:33:32.913+0000] {processor.py:830} INFO - Processing file /home/airflow/.local/lib/python3.12/site-packages/airflow/example_dags/tutorial.py for tasks to queue
[2024-07-09T02:33:32.916+0000] {logging_mixin.py:188} INFO - [2024-07-09T02:33:32.915+0000] {dagbag.py:545} INFO - Filling up the DagBag from /home/airflow/.local/lib/python3.12/site-packages/airflow/example_dags/tutorial.py
[2024-07-09T02:33:32.923+0000] {processor.py:840} INFO - DAG(s) 'tutorial' retrieved from /home/airflow/.local/lib/python3.12/site-packages/airflow/example_dags/tutorial.py
[2024-07-09T02:33:32.947+0000] {logging_mixin.py:188} INFO - [2024-07-09T02:33:32.947+0000] {dag.py:3096} INFO - Sync 1 DAGs
[2024-07-09T02:33:32.973+0000] {logging_mixin.py:188} INFO - [2024-07-09T02:33:32.973+0000] {dag.py:3954} INFO - Setting next_dagrun for tutorial to 2024-07-08 00:00:00+00:00, run_after=2024-07-09 00:00:00+00:00
[2024-07-09T02:33:33.016+0000] {processor.py:183} INFO - Processing /home/airflow/.local/lib/python3.12/site-packages/airflow/example_dags/tutorial.py took 0.112 seconds
[2024-07-09T02:34:03.173+0000] {processor.py:161} INFO - Started process (PID=2067) to work on /home/airflow/.local/lib/python3.12/site-packages/airflow/example_dags/tutorial.py
[2024-07-09T02:34:03.174+0000] {processor.py:830} INFO - Processing file /home/airflow/.local/lib/python3.12/site-packages/airflow/example_dags/tutorial.py for tasks to queue
[2024-07-09T02:34:03.177+0000] {logging_mixin.py:188} INFO - [2024-07-09T02:34:03.177+0000] {dagbag.py:545} INFO - Filling up the DagBag from /home/airflow/.local/lib/python3.12/site-packages/airflow/example_dags/tutorial.py
[2024-07-09T02:34:03.184+0000] {processor.py:840} INFO - DAG(s) 'tutorial' retrieved from /home/airflow/.local/lib/python3.12/site-packages/airflow/example_dags/tutorial.py
[2024-07-09T02:34:03.212+0000] {logging_mixin.py:188} INFO - [2024-07-09T02:34:03.211+0000] {dag.py:3096} INFO - Sync 1 DAGs
[2024-07-09T02:34:03.240+0000] {logging_mixin.py:188} INFO - [2024-07-09T02:34:03.240+0000] {dag.py:3954} INFO - Setting next_dagrun for tutorial to 2024-07-08 00:00:00+00:00, run_after=2024-07-09 00:00:00+00:00
[2024-07-09T02:34:03.263+0000] {processor.py:183} INFO - Processing /home/airflow/.local/lib/python3.12/site-packages/airflow/example_dags/tutorial.py took 0.097 seconds
