[2024-07-09T01:48:52.054+0000] {processor.py:161} INFO - Started process (PID=76) to work on /home/airflow/.local/lib/python3.12/site-packages/airflow/example_dags/tutorial_objectstorage.py
[2024-07-09T01:48:52.055+0000] {processor.py:830} INFO - Processing file /home/airflow/.local/lib/python3.12/site-packages/airflow/example_dags/tutorial_objectstorage.py for tasks to queue
[2024-07-09T01:48:52.058+0000] {logging_mixin.py:188} INFO - [2024-07-09T01:48:52.058+0000] {dagbag.py:545} INFO - Filling up the DagBag from /home/airflow/.local/lib/python3.12/site-packages/airflow/example_dags/tutorial_objectstorage.py
[2024-07-09T01:48:52.076+0000] {processor.py:840} INFO - DAG(s) 'tutorial_objectstorage' retrieved from /home/airflow/.local/lib/python3.12/site-packages/airflow/example_dags/tutorial_objectstorage.py
[2024-07-09T01:48:52.260+0000] {logging_mixin.py:188} INFO - [2024-07-09T01:48:52.259+0000] {override.py:1829} INFO - Created Permission View: can edit on DAG:tutorial_objectstorage
[2024-07-09T01:48:52.275+0000] {logging_mixin.py:188} INFO - [2024-07-09T01:48:52.274+0000] {override.py:1829} INFO - Created Permission View: can read on DAG:tutorial_objectstorage
[2024-07-09T01:48:52.285+0000] {logging_mixin.py:188} INFO - [2024-07-09T01:48:52.284+0000] {override.py:1829} INFO - Created Permission View: can delete on DAG:tutorial_objectstorage
[2024-07-09T01:48:52.286+0000] {logging_mixin.py:188} INFO - [2024-07-09T01:48:52.286+0000] {dag.py:3096} INFO - Sync 1 DAGs
[2024-07-09T01:48:52.303+0000] {logging_mixin.py:188} INFO - [2024-07-09T01:48:52.303+0000] {dag.py:3118} INFO - Creating ORM DAG for tutorial_objectstorage
[2024-07-09T01:48:52.305+0000] {logging_mixin.py:188} INFO - [2024-07-09T01:48:52.304+0000] {dag.py:3954} INFO - Setting next_dagrun for tutorial_objectstorage to None, run_after=None
[2024-07-09T01:48:52.330+0000] {processor.py:183} INFO - Processing /home/airflow/.local/lib/python3.12/site-packages/airflow/example_dags/tutorial_objectstorage.py took 0.284 seconds
[2024-07-09T01:49:23.220+0000] {processor.py:161} INFO - Started process (PID=136) to work on /home/airflow/.local/lib/python3.12/site-packages/airflow/example_dags/tutorial_objectstorage.py
[2024-07-09T01:49:23.221+0000] {processor.py:830} INFO - Processing file /home/airflow/.local/lib/python3.12/site-packages/airflow/example_dags/tutorial_objectstorage.py for tasks to queue
[2024-07-09T01:49:23.223+0000] {logging_mixin.py:188} INFO - [2024-07-09T01:49:23.223+0000] {dagbag.py:545} INFO - Filling up the DagBag from /home/airflow/.local/lib/python3.12/site-packages/airflow/example_dags/tutorial_objectstorage.py
[2024-07-09T01:49:23.233+0000] {processor.py:840} INFO - DAG(s) 'tutorial_objectstorage' retrieved from /home/airflow/.local/lib/python3.12/site-packages/airflow/example_dags/tutorial_objectstorage.py
[2024-07-09T01:49:23.257+0000] {logging_mixin.py:188} INFO - [2024-07-09T01:49:23.256+0000] {dag.py:3096} INFO - Sync 1 DAGs
[2024-07-09T01:49:23.295+0000] {logging_mixin.py:188} INFO - [2024-07-09T01:49:23.295+0000] {dag.py:3954} INFO - Setting next_dagrun for tutorial_objectstorage to None, run_after=None
[2024-07-09T01:49:23.321+0000] {processor.py:183} INFO - Processing /home/airflow/.local/lib/python3.12/site-packages/airflow/example_dags/tutorial_objectstorage.py took 0.107 seconds
[2024-07-09T01:49:53.585+0000] {processor.py:161} INFO - Started process (PID=196) to work on /home/airflow/.local/lib/python3.12/site-packages/airflow/example_dags/tutorial_objectstorage.py
[2024-07-09T01:49:53.586+0000] {processor.py:830} INFO - Processing file /home/airflow/.local/lib/python3.12/site-packages/airflow/example_dags/tutorial_objectstorage.py for tasks to queue
[2024-07-09T01:49:53.589+0000] {logging_mixin.py:188} INFO - [2024-07-09T01:49:53.588+0000] {dagbag.py:545} INFO - Filling up the DagBag from /home/airflow/.local/lib/python3.12/site-packages/airflow/example_dags/tutorial_objectstorage.py
[2024-07-09T01:49:53.597+0000] {processor.py:840} INFO - DAG(s) 'tutorial_objectstorage' retrieved from /home/airflow/.local/lib/python3.12/site-packages/airflow/example_dags/tutorial_objectstorage.py
[2024-07-09T01:49:53.618+0000] {logging_mixin.py:188} INFO - [2024-07-09T01:49:53.618+0000] {dag.py:3096} INFO - Sync 1 DAGs
[2024-07-09T01:49:53.635+0000] {logging_mixin.py:188} INFO - [2024-07-09T01:49:53.634+0000] {dag.py:3954} INFO - Setting next_dagrun for tutorial_objectstorage to None, run_after=None
[2024-07-09T01:49:53.673+0000] {processor.py:183} INFO - Processing /home/airflow/.local/lib/python3.12/site-packages/airflow/example_dags/tutorial_objectstorage.py took 0.095 seconds
[2024-07-09T01:50:24.514+0000] {processor.py:161} INFO - Started process (PID=256) to work on /home/airflow/.local/lib/python3.12/site-packages/airflow/example_dags/tutorial_objectstorage.py
[2024-07-09T01:50:24.516+0000] {processor.py:830} INFO - Processing file /home/airflow/.local/lib/python3.12/site-packages/airflow/example_dags/tutorial_objectstorage.py for tasks to queue
[2024-07-09T01:50:24.518+0000] {logging_mixin.py:188} INFO - [2024-07-09T01:50:24.517+0000] {dagbag.py:545} INFO - Filling up the DagBag from /home/airflow/.local/lib/python3.12/site-packages/airflow/example_dags/tutorial_objectstorage.py
[2024-07-09T01:50:24.525+0000] {processor.py:840} INFO - DAG(s) 'tutorial_objectstorage' retrieved from /home/airflow/.local/lib/python3.12/site-packages/airflow/example_dags/tutorial_objectstorage.py
[2024-07-09T01:50:24.549+0000] {logging_mixin.py:188} INFO - [2024-07-09T01:50:24.549+0000] {dag.py:3096} INFO - Sync 1 DAGs
[2024-07-09T01:50:24.567+0000] {logging_mixin.py:188} INFO - [2024-07-09T01:50:24.567+0000] {dag.py:3954} INFO - Setting next_dagrun for tutorial_objectstorage to None, run_after=None
[2024-07-09T01:50:24.592+0000] {processor.py:183} INFO - Processing /home/airflow/.local/lib/python3.12/site-packages/airflow/example_dags/tutorial_objectstorage.py took 0.085 seconds
[2024-07-09T01:50:54.854+0000] {processor.py:161} INFO - Started process (PID=316) to work on /home/airflow/.local/lib/python3.12/site-packages/airflow/example_dags/tutorial_objectstorage.py
[2024-07-09T01:50:54.855+0000] {processor.py:830} INFO - Processing file /home/airflow/.local/lib/python3.12/site-packages/airflow/example_dags/tutorial_objectstorage.py for tasks to queue
[2024-07-09T01:50:54.857+0000] {logging_mixin.py:188} INFO - [2024-07-09T01:50:54.857+0000] {dagbag.py:545} INFO - Filling up the DagBag from /home/airflow/.local/lib/python3.12/site-packages/airflow/example_dags/tutorial_objectstorage.py
[2024-07-09T01:50:54.865+0000] {processor.py:840} INFO - DAG(s) 'tutorial_objectstorage' retrieved from /home/airflow/.local/lib/python3.12/site-packages/airflow/example_dags/tutorial_objectstorage.py
[2024-07-09T01:50:54.891+0000] {logging_mixin.py:188} INFO - [2024-07-09T01:50:54.891+0000] {dag.py:3096} INFO - Sync 1 DAGs
[2024-07-09T01:50:54.907+0000] {logging_mixin.py:188} INFO - [2024-07-09T01:50:54.906+0000] {dag.py:3954} INFO - Setting next_dagrun for tutorial_objectstorage to None, run_after=None
[2024-07-09T01:50:54.948+0000] {processor.py:183} INFO - Processing /home/airflow/.local/lib/python3.12/site-packages/airflow/example_dags/tutorial_objectstorage.py took 0.100 seconds
[2024-07-09T01:51:25.573+0000] {processor.py:161} INFO - Started process (PID=376) to work on /home/airflow/.local/lib/python3.12/site-packages/airflow/example_dags/tutorial_objectstorage.py
[2024-07-09T01:51:25.575+0000] {processor.py:830} INFO - Processing file /home/airflow/.local/lib/python3.12/site-packages/airflow/example_dags/tutorial_objectstorage.py for tasks to queue
[2024-07-09T01:51:25.578+0000] {logging_mixin.py:188} INFO - [2024-07-09T01:51:25.577+0000] {dagbag.py:545} INFO - Filling up the DagBag from /home/airflow/.local/lib/python3.12/site-packages/airflow/example_dags/tutorial_objectstorage.py
[2024-07-09T01:51:25.588+0000] {processor.py:840} INFO - DAG(s) 'tutorial_objectstorage' retrieved from /home/airflow/.local/lib/python3.12/site-packages/airflow/example_dags/tutorial_objectstorage.py
[2024-07-09T01:51:25.622+0000] {logging_mixin.py:188} INFO - [2024-07-09T01:51:25.622+0000] {dag.py:3096} INFO - Sync 1 DAGs
[2024-07-09T01:51:25.643+0000] {logging_mixin.py:188} INFO - [2024-07-09T01:51:25.643+0000] {dag.py:3954} INFO - Setting next_dagrun for tutorial_objectstorage to None, run_after=None
[2024-07-09T01:51:25.698+0000] {processor.py:183} INFO - Processing /home/airflow/.local/lib/python3.12/site-packages/airflow/example_dags/tutorial_objectstorage.py took 0.135 seconds
[2024-07-09T01:51:55.808+0000] {processor.py:161} INFO - Started process (PID=436) to work on /home/airflow/.local/lib/python3.12/site-packages/airflow/example_dags/tutorial_objectstorage.py
[2024-07-09T01:51:55.810+0000] {processor.py:830} INFO - Processing file /home/airflow/.local/lib/python3.12/site-packages/airflow/example_dags/tutorial_objectstorage.py for tasks to queue
[2024-07-09T01:51:55.814+0000] {logging_mixin.py:188} INFO - [2024-07-09T01:51:55.813+0000] {dagbag.py:545} INFO - Filling up the DagBag from /home/airflow/.local/lib/python3.12/site-packages/airflow/example_dags/tutorial_objectstorage.py
[2024-07-09T01:51:55.824+0000] {processor.py:840} INFO - DAG(s) 'tutorial_objectstorage' retrieved from /home/airflow/.local/lib/python3.12/site-packages/airflow/example_dags/tutorial_objectstorage.py
[2024-07-09T01:51:55.857+0000] {logging_mixin.py:188} INFO - [2024-07-09T01:51:55.857+0000] {dag.py:3096} INFO - Sync 1 DAGs
[2024-07-09T01:51:55.881+0000] {logging_mixin.py:188} INFO - [2024-07-09T01:51:55.880+0000] {dag.py:3954} INFO - Setting next_dagrun for tutorial_objectstorage to None, run_after=None
[2024-07-09T01:51:55.911+0000] {processor.py:183} INFO - Processing /home/airflow/.local/lib/python3.12/site-packages/airflow/example_dags/tutorial_objectstorage.py took 0.112 seconds
[2024-07-09T01:52:27.588+0000] {processor.py:161} INFO - Started process (PID=496) to work on /home/airflow/.local/lib/python3.12/site-packages/airflow/example_dags/tutorial_objectstorage.py
[2024-07-09T01:52:27.589+0000] {processor.py:830} INFO - Processing file /home/airflow/.local/lib/python3.12/site-packages/airflow/example_dags/tutorial_objectstorage.py for tasks to queue
[2024-07-09T01:52:27.592+0000] {logging_mixin.py:188} INFO - [2024-07-09T01:52:27.591+0000] {dagbag.py:545} INFO - Filling up the DagBag from /home/airflow/.local/lib/python3.12/site-packages/airflow/example_dags/tutorial_objectstorage.py
[2024-07-09T01:52:27.601+0000] {processor.py:840} INFO - DAG(s) 'tutorial_objectstorage' retrieved from /home/airflow/.local/lib/python3.12/site-packages/airflow/example_dags/tutorial_objectstorage.py
[2024-07-09T01:52:27.627+0000] {logging_mixin.py:188} INFO - [2024-07-09T01:52:27.626+0000] {dag.py:3096} INFO - Sync 1 DAGs
[2024-07-09T01:52:27.645+0000] {logging_mixin.py:188} INFO - [2024-07-09T01:52:27.644+0000] {dag.py:3954} INFO - Setting next_dagrun for tutorial_objectstorage to None, run_after=None
[2024-07-09T01:52:27.670+0000] {processor.py:183} INFO - Processing /home/airflow/.local/lib/python3.12/site-packages/airflow/example_dags/tutorial_objectstorage.py took 0.091 seconds
[2024-07-09T01:52:59.262+0000] {processor.py:161} INFO - Started process (PID=562) to work on /home/airflow/.local/lib/python3.12/site-packages/airflow/example_dags/tutorial_objectstorage.py
[2024-07-09T01:52:59.263+0000] {processor.py:830} INFO - Processing file /home/airflow/.local/lib/python3.12/site-packages/airflow/example_dags/tutorial_objectstorage.py for tasks to queue
[2024-07-09T01:52:59.266+0000] {logging_mixin.py:188} INFO - [2024-07-09T01:52:59.266+0000] {dagbag.py:545} INFO - Filling up the DagBag from /home/airflow/.local/lib/python3.12/site-packages/airflow/example_dags/tutorial_objectstorage.py
[2024-07-09T01:52:59.276+0000] {processor.py:840} INFO - DAG(s) 'tutorial_objectstorage' retrieved from /home/airflow/.local/lib/python3.12/site-packages/airflow/example_dags/tutorial_objectstorage.py
[2024-07-09T01:52:59.303+0000] {logging_mixin.py:188} INFO - [2024-07-09T01:52:59.302+0000] {dag.py:3096} INFO - Sync 1 DAGs
[2024-07-09T01:52:59.325+0000] {logging_mixin.py:188} INFO - [2024-07-09T01:52:59.324+0000] {dag.py:3954} INFO - Setting next_dagrun for tutorial_objectstorage to None, run_after=None
[2024-07-09T01:52:59.352+0000] {processor.py:183} INFO - Processing /home/airflow/.local/lib/python3.12/site-packages/airflow/example_dags/tutorial_objectstorage.py took 0.099 seconds
[2024-07-09T01:53:30.167+0000] {processor.py:161} INFO - Started process (PID=621) to work on /home/airflow/.local/lib/python3.12/site-packages/airflow/example_dags/tutorial_objectstorage.py
[2024-07-09T01:53:30.168+0000] {processor.py:830} INFO - Processing file /home/airflow/.local/lib/python3.12/site-packages/airflow/example_dags/tutorial_objectstorage.py for tasks to queue
[2024-07-09T01:53:30.171+0000] {logging_mixin.py:188} INFO - [2024-07-09T01:53:30.171+0000] {dagbag.py:545} INFO - Filling up the DagBag from /home/airflow/.local/lib/python3.12/site-packages/airflow/example_dags/tutorial_objectstorage.py
[2024-07-09T01:53:30.183+0000] {processor.py:840} INFO - DAG(s) 'tutorial_objectstorage' retrieved from /home/airflow/.local/lib/python3.12/site-packages/airflow/example_dags/tutorial_objectstorage.py
[2024-07-09T01:53:30.215+0000] {logging_mixin.py:188} INFO - [2024-07-09T01:53:30.214+0000] {dag.py:3096} INFO - Sync 1 DAGs
[2024-07-09T01:53:30.236+0000] {logging_mixin.py:188} INFO - [2024-07-09T01:53:30.236+0000] {dag.py:3954} INFO - Setting next_dagrun for tutorial_objectstorage to None, run_after=None
[2024-07-09T01:53:30.281+0000] {processor.py:183} INFO - Processing /home/airflow/.local/lib/python3.12/site-packages/airflow/example_dags/tutorial_objectstorage.py took 0.123 seconds
[2024-07-09T01:54:00.481+0000] {processor.py:161} INFO - Started process (PID=679) to work on /home/airflow/.local/lib/python3.12/site-packages/airflow/example_dags/tutorial_objectstorage.py
[2024-07-09T01:54:00.482+0000] {processor.py:830} INFO - Processing file /home/airflow/.local/lib/python3.12/site-packages/airflow/example_dags/tutorial_objectstorage.py for tasks to queue
[2024-07-09T01:54:00.485+0000] {logging_mixin.py:188} INFO - [2024-07-09T01:54:00.485+0000] {dagbag.py:545} INFO - Filling up the DagBag from /home/airflow/.local/lib/python3.12/site-packages/airflow/example_dags/tutorial_objectstorage.py
[2024-07-09T01:54:00.496+0000] {processor.py:840} INFO - DAG(s) 'tutorial_objectstorage' retrieved from /home/airflow/.local/lib/python3.12/site-packages/airflow/example_dags/tutorial_objectstorage.py
[2024-07-09T01:54:00.522+0000] {logging_mixin.py:188} INFO - [2024-07-09T01:54:00.522+0000] {dag.py:3096} INFO - Sync 1 DAGs
[2024-07-09T01:54:00.541+0000] {logging_mixin.py:188} INFO - [2024-07-09T01:54:00.540+0000] {dag.py:3954} INFO - Setting next_dagrun for tutorial_objectstorage to None, run_after=None
[2024-07-09T01:54:00.586+0000] {processor.py:183} INFO - Processing /home/airflow/.local/lib/python3.12/site-packages/airflow/example_dags/tutorial_objectstorage.py took 0.113 seconds
[2024-07-09T01:54:30.727+0000] {processor.py:161} INFO - Started process (PID=739) to work on /home/airflow/.local/lib/python3.12/site-packages/airflow/example_dags/tutorial_objectstorage.py
[2024-07-09T01:54:30.728+0000] {processor.py:830} INFO - Processing file /home/airflow/.local/lib/python3.12/site-packages/airflow/example_dags/tutorial_objectstorage.py for tasks to queue
[2024-07-09T01:54:30.731+0000] {logging_mixin.py:188} INFO - [2024-07-09T01:54:30.730+0000] {dagbag.py:545} INFO - Filling up the DagBag from /home/airflow/.local/lib/python3.12/site-packages/airflow/example_dags/tutorial_objectstorage.py
[2024-07-09T01:54:30.740+0000] {processor.py:840} INFO - DAG(s) 'tutorial_objectstorage' retrieved from /home/airflow/.local/lib/python3.12/site-packages/airflow/example_dags/tutorial_objectstorage.py
[2024-07-09T01:54:30.765+0000] {logging_mixin.py:188} INFO - [2024-07-09T01:54:30.765+0000] {dag.py:3096} INFO - Sync 1 DAGs
[2024-07-09T01:54:30.782+0000] {logging_mixin.py:188} INFO - [2024-07-09T01:54:30.781+0000] {dag.py:3954} INFO - Setting next_dagrun for tutorial_objectstorage to None, run_after=None
[2024-07-09T01:54:30.806+0000] {processor.py:183} INFO - Processing /home/airflow/.local/lib/python3.12/site-packages/airflow/example_dags/tutorial_objectstorage.py took 0.087 seconds
[2024-07-09T01:55:01.470+0000] {processor.py:161} INFO - Started process (PID=798) to work on /home/airflow/.local/lib/python3.12/site-packages/airflow/example_dags/tutorial_objectstorage.py
[2024-07-09T01:55:01.472+0000] {processor.py:830} INFO - Processing file /home/airflow/.local/lib/python3.12/site-packages/airflow/example_dags/tutorial_objectstorage.py for tasks to queue
[2024-07-09T01:55:01.475+0000] {logging_mixin.py:188} INFO - [2024-07-09T01:55:01.474+0000] {dagbag.py:545} INFO - Filling up the DagBag from /home/airflow/.local/lib/python3.12/site-packages/airflow/example_dags/tutorial_objectstorage.py
[2024-07-09T01:55:01.484+0000] {processor.py:840} INFO - DAG(s) 'tutorial_objectstorage' retrieved from /home/airflow/.local/lib/python3.12/site-packages/airflow/example_dags/tutorial_objectstorage.py
[2024-07-09T01:55:01.511+0000] {logging_mixin.py:188} INFO - [2024-07-09T01:55:01.510+0000] {dag.py:3096} INFO - Sync 1 DAGs
[2024-07-09T01:55:01.528+0000] {logging_mixin.py:188} INFO - [2024-07-09T01:55:01.527+0000] {dag.py:3954} INFO - Setting next_dagrun for tutorial_objectstorage to None, run_after=None
[2024-07-09T01:55:01.556+0000] {processor.py:183} INFO - Processing /home/airflow/.local/lib/python3.12/site-packages/airflow/example_dags/tutorial_objectstorage.py took 0.095 seconds
[2024-07-09T01:55:32.036+0000] {processor.py:161} INFO - Started process (PID=858) to work on /home/airflow/.local/lib/python3.12/site-packages/airflow/example_dags/tutorial_objectstorage.py
[2024-07-09T01:55:32.038+0000] {processor.py:830} INFO - Processing file /home/airflow/.local/lib/python3.12/site-packages/airflow/example_dags/tutorial_objectstorage.py for tasks to queue
[2024-07-09T01:55:32.041+0000] {logging_mixin.py:188} INFO - [2024-07-09T01:55:32.040+0000] {dagbag.py:545} INFO - Filling up the DagBag from /home/airflow/.local/lib/python3.12/site-packages/airflow/example_dags/tutorial_objectstorage.py
[2024-07-09T01:55:32.052+0000] {processor.py:840} INFO - DAG(s) 'tutorial_objectstorage' retrieved from /home/airflow/.local/lib/python3.12/site-packages/airflow/example_dags/tutorial_objectstorage.py
[2024-07-09T01:55:32.088+0000] {logging_mixin.py:188} INFO - [2024-07-09T01:55:32.087+0000] {dag.py:3096} INFO - Sync 1 DAGs
[2024-07-09T01:55:32.114+0000] {logging_mixin.py:188} INFO - [2024-07-09T01:55:32.114+0000] {dag.py:3954} INFO - Setting next_dagrun for tutorial_objectstorage to None, run_after=None
[2024-07-09T01:55:32.148+0000] {processor.py:183} INFO - Processing /home/airflow/.local/lib/python3.12/site-packages/airflow/example_dags/tutorial_objectstorage.py took 0.124 seconds
[2024-07-09T01:56:03.534+0000] {processor.py:161} INFO - Started process (PID=917) to work on /home/airflow/.local/lib/python3.12/site-packages/airflow/example_dags/tutorial_objectstorage.py
[2024-07-09T01:56:03.537+0000] {processor.py:830} INFO - Processing file /home/airflow/.local/lib/python3.12/site-packages/airflow/example_dags/tutorial_objectstorage.py for tasks to queue
[2024-07-09T01:56:03.554+0000] {logging_mixin.py:188} INFO - [2024-07-09T01:56:03.553+0000] {dagbag.py:545} INFO - Filling up the DagBag from /home/airflow/.local/lib/python3.12/site-packages/airflow/example_dags/tutorial_objectstorage.py
[2024-07-09T01:56:03.613+0000] {processor.py:840} INFO - DAG(s) 'tutorial_objectstorage' retrieved from /home/airflow/.local/lib/python3.12/site-packages/airflow/example_dags/tutorial_objectstorage.py
[2024-07-09T01:56:03.727+0000] {logging_mixin.py:188} INFO - [2024-07-09T01:56:03.726+0000] {dag.py:3096} INFO - Sync 1 DAGs
[2024-07-09T01:56:03.815+0000] {logging_mixin.py:188} INFO - [2024-07-09T01:56:03.814+0000] {dag.py:3954} INFO - Setting next_dagrun for tutorial_objectstorage to None, run_after=None
[2024-07-09T01:56:03.962+0000] {processor.py:183} INFO - Processing /home/airflow/.local/lib/python3.12/site-packages/airflow/example_dags/tutorial_objectstorage.py took 0.467 seconds
[2024-07-09T01:56:34.220+0000] {processor.py:161} INFO - Started process (PID=977) to work on /home/airflow/.local/lib/python3.12/site-packages/airflow/example_dags/tutorial_objectstorage.py
[2024-07-09T01:56:34.221+0000] {processor.py:830} INFO - Processing file /home/airflow/.local/lib/python3.12/site-packages/airflow/example_dags/tutorial_objectstorage.py for tasks to queue
[2024-07-09T01:56:34.224+0000] {logging_mixin.py:188} INFO - [2024-07-09T01:56:34.223+0000] {dagbag.py:545} INFO - Filling up the DagBag from /home/airflow/.local/lib/python3.12/site-packages/airflow/example_dags/tutorial_objectstorage.py
[2024-07-09T01:56:34.234+0000] {processor.py:840} INFO - DAG(s) 'tutorial_objectstorage' retrieved from /home/airflow/.local/lib/python3.12/site-packages/airflow/example_dags/tutorial_objectstorage.py
[2024-07-09T01:56:34.258+0000] {logging_mixin.py:188} INFO - [2024-07-09T01:56:34.258+0000] {dag.py:3096} INFO - Sync 1 DAGs
[2024-07-09T01:56:34.275+0000] {logging_mixin.py:188} INFO - [2024-07-09T01:56:34.275+0000] {dag.py:3954} INFO - Setting next_dagrun for tutorial_objectstorage to None, run_after=None
[2024-07-09T01:56:34.300+0000] {processor.py:183} INFO - Processing /home/airflow/.local/lib/python3.12/site-packages/airflow/example_dags/tutorial_objectstorage.py took 0.089 seconds
[2024-07-09T01:57:04.628+0000] {processor.py:161} INFO - Started process (PID=1038) to work on /home/airflow/.local/lib/python3.12/site-packages/airflow/example_dags/tutorial_objectstorage.py
[2024-07-09T01:57:04.629+0000] {processor.py:830} INFO - Processing file /home/airflow/.local/lib/python3.12/site-packages/airflow/example_dags/tutorial_objectstorage.py for tasks to queue
[2024-07-09T01:57:04.632+0000] {logging_mixin.py:188} INFO - [2024-07-09T01:57:04.632+0000] {dagbag.py:545} INFO - Filling up the DagBag from /home/airflow/.local/lib/python3.12/site-packages/airflow/example_dags/tutorial_objectstorage.py
[2024-07-09T01:57:04.646+0000] {processor.py:840} INFO - DAG(s) 'tutorial_objectstorage' retrieved from /home/airflow/.local/lib/python3.12/site-packages/airflow/example_dags/tutorial_objectstorage.py
[2024-07-09T01:57:04.676+0000] {logging_mixin.py:188} INFO - [2024-07-09T01:57:04.676+0000] {dag.py:3096} INFO - Sync 1 DAGs
[2024-07-09T01:57:04.699+0000] {logging_mixin.py:188} INFO - [2024-07-09T01:57:04.698+0000] {dag.py:3954} INFO - Setting next_dagrun for tutorial_objectstorage to None, run_after=None
[2024-07-09T01:57:04.728+0000] {processor.py:183} INFO - Processing /home/airflow/.local/lib/python3.12/site-packages/airflow/example_dags/tutorial_objectstorage.py took 0.113 seconds
[2024-07-09T02:00:23.141+0000] {processor.py:161} INFO - Started process (PID=75) to work on /home/airflow/.local/lib/python3.12/site-packages/airflow/example_dags/tutorial_objectstorage.py
[2024-07-09T02:00:23.142+0000] {processor.py:830} INFO - Processing file /home/airflow/.local/lib/python3.12/site-packages/airflow/example_dags/tutorial_objectstorage.py for tasks to queue
[2024-07-09T02:00:23.145+0000] {logging_mixin.py:188} INFO - [2024-07-09T02:00:23.144+0000] {dagbag.py:545} INFO - Filling up the DagBag from /home/airflow/.local/lib/python3.12/site-packages/airflow/example_dags/tutorial_objectstorage.py
[2024-07-09T02:00:23.160+0000] {processor.py:840} INFO - DAG(s) 'tutorial_objectstorage' retrieved from /home/airflow/.local/lib/python3.12/site-packages/airflow/example_dags/tutorial_objectstorage.py
[2024-07-09T02:00:23.367+0000] {logging_mixin.py:188} INFO - [2024-07-09T02:00:23.366+0000] {override.py:1829} INFO - Created Permission View: can edit on DAG:tutorial_objectstorage
[2024-07-09T02:00:23.382+0000] {logging_mixin.py:188} INFO - [2024-07-09T02:00:23.382+0000] {override.py:1829} INFO - Created Permission View: can read on DAG:tutorial_objectstorage
[2024-07-09T02:00:23.393+0000] {logging_mixin.py:188} INFO - [2024-07-09T02:00:23.393+0000] {override.py:1829} INFO - Created Permission View: can delete on DAG:tutorial_objectstorage
[2024-07-09T02:00:23.395+0000] {logging_mixin.py:188} INFO - [2024-07-09T02:00:23.394+0000] {dag.py:3096} INFO - Sync 1 DAGs
[2024-07-09T02:00:23.415+0000] {logging_mixin.py:188} INFO - [2024-07-09T02:00:23.415+0000] {dag.py:3118} INFO - Creating ORM DAG for tutorial_objectstorage
[2024-07-09T02:00:23.416+0000] {logging_mixin.py:188} INFO - [2024-07-09T02:00:23.416+0000] {dag.py:3954} INFO - Setting next_dagrun for tutorial_objectstorage to None, run_after=None
[2024-07-09T02:00:23.447+0000] {processor.py:183} INFO - Processing /home/airflow/.local/lib/python3.12/site-packages/airflow/example_dags/tutorial_objectstorage.py took 0.318 seconds
[2024-07-09T02:00:53.867+0000] {processor.py:161} INFO - Started process (PID=135) to work on /home/airflow/.local/lib/python3.12/site-packages/airflow/example_dags/tutorial_objectstorage.py
[2024-07-09T02:00:53.869+0000] {processor.py:830} INFO - Processing file /home/airflow/.local/lib/python3.12/site-packages/airflow/example_dags/tutorial_objectstorage.py for tasks to queue
[2024-07-09T02:00:53.872+0000] {logging_mixin.py:188} INFO - [2024-07-09T02:00:53.871+0000] {dagbag.py:545} INFO - Filling up the DagBag from /home/airflow/.local/lib/python3.12/site-packages/airflow/example_dags/tutorial_objectstorage.py
[2024-07-09T02:00:53.884+0000] {processor.py:840} INFO - DAG(s) 'tutorial_objectstorage' retrieved from /home/airflow/.local/lib/python3.12/site-packages/airflow/example_dags/tutorial_objectstorage.py
[2024-07-09T02:00:53.928+0000] {logging_mixin.py:188} INFO - [2024-07-09T02:00:53.927+0000] {dag.py:3096} INFO - Sync 1 DAGs
[2024-07-09T02:00:53.951+0000] {logging_mixin.py:188} INFO - [2024-07-09T02:00:53.950+0000] {dag.py:3954} INFO - Setting next_dagrun for tutorial_objectstorage to None, run_after=None
[2024-07-09T02:00:53.984+0000] {processor.py:183} INFO - Processing /home/airflow/.local/lib/python3.12/site-packages/airflow/example_dags/tutorial_objectstorage.py took 0.129 seconds
[2024-07-09T02:01:24.618+0000] {processor.py:161} INFO - Started process (PID=195) to work on /home/airflow/.local/lib/python3.12/site-packages/airflow/example_dags/tutorial_objectstorage.py
[2024-07-09T02:01:24.621+0000] {processor.py:830} INFO - Processing file /home/airflow/.local/lib/python3.12/site-packages/airflow/example_dags/tutorial_objectstorage.py for tasks to queue
[2024-07-09T02:01:24.634+0000] {logging_mixin.py:188} INFO - [2024-07-09T02:01:24.633+0000] {dagbag.py:545} INFO - Filling up the DagBag from /home/airflow/.local/lib/python3.12/site-packages/airflow/example_dags/tutorial_objectstorage.py
[2024-07-09T02:01:24.657+0000] {processor.py:840} INFO - DAG(s) 'tutorial_objectstorage' retrieved from /home/airflow/.local/lib/python3.12/site-packages/airflow/example_dags/tutorial_objectstorage.py
[2024-07-09T02:01:24.731+0000] {logging_mixin.py:188} INFO - [2024-07-09T02:01:24.731+0000] {dag.py:3096} INFO - Sync 1 DAGs
[2024-07-09T02:01:24.783+0000] {logging_mixin.py:188} INFO - [2024-07-09T02:01:24.782+0000] {dag.py:3954} INFO - Setting next_dagrun for tutorial_objectstorage to None, run_after=None
[2024-07-09T02:01:24.841+0000] {processor.py:183} INFO - Processing /home/airflow/.local/lib/python3.12/site-packages/airflow/example_dags/tutorial_objectstorage.py took 0.245 seconds
[2024-07-09T02:01:57.363+0000] {processor.py:161} INFO - Started process (PID=254) to work on /home/airflow/.local/lib/python3.12/site-packages/airflow/example_dags/tutorial_objectstorage.py
[2024-07-09T02:01:57.369+0000] {processor.py:830} INFO - Processing file /home/airflow/.local/lib/python3.12/site-packages/airflow/example_dags/tutorial_objectstorage.py for tasks to queue
[2024-07-09T02:01:57.387+0000] {logging_mixin.py:188} INFO - [2024-07-09T02:01:57.383+0000] {dagbag.py:545} INFO - Filling up the DagBag from /home/airflow/.local/lib/python3.12/site-packages/airflow/example_dags/tutorial_objectstorage.py
[2024-07-09T02:01:57.429+0000] {processor.py:840} INFO - DAG(s) 'tutorial_objectstorage' retrieved from /home/airflow/.local/lib/python3.12/site-packages/airflow/example_dags/tutorial_objectstorage.py
[2024-07-09T02:01:57.565+0000] {logging_mixin.py:188} INFO - [2024-07-09T02:01:57.564+0000] {dag.py:3096} INFO - Sync 1 DAGs
[2024-07-09T02:01:57.663+0000] {logging_mixin.py:188} INFO - [2024-07-09T02:01:57.662+0000] {dag.py:3954} INFO - Setting next_dagrun for tutorial_objectstorage to None, run_after=None
[2024-07-09T02:01:57.840+0000] {processor.py:183} INFO - Processing /home/airflow/.local/lib/python3.12/site-packages/airflow/example_dags/tutorial_objectstorage.py took 0.499 seconds
[2024-07-09T02:03:46.671+0000] {processor.py:161} INFO - Started process (PID=77) to work on /home/airflow/.local/lib/python3.12/site-packages/airflow/example_dags/tutorial_objectstorage.py
[2024-07-09T02:03:46.673+0000] {processor.py:830} INFO - Processing file /home/airflow/.local/lib/python3.12/site-packages/airflow/example_dags/tutorial_objectstorage.py for tasks to queue
[2024-07-09T02:03:46.675+0000] {logging_mixin.py:188} INFO - [2024-07-09T02:03:46.675+0000] {dagbag.py:545} INFO - Filling up the DagBag from /home/airflow/.local/lib/python3.12/site-packages/airflow/example_dags/tutorial_objectstorage.py
[2024-07-09T02:03:46.688+0000] {processor.py:840} INFO - DAG(s) 'tutorial_objectstorage' retrieved from /home/airflow/.local/lib/python3.12/site-packages/airflow/example_dags/tutorial_objectstorage.py
[2024-07-09T02:03:46.920+0000] {logging_mixin.py:188} INFO - [2024-07-09T02:03:46.919+0000] {dag.py:3096} INFO - Sync 1 DAGs
[2024-07-09T02:03:46.940+0000] {logging_mixin.py:188} INFO - [2024-07-09T02:03:46.940+0000] {dag.py:3954} INFO - Setting next_dagrun for tutorial_objectstorage to None, run_after=None
[2024-07-09T02:03:46.977+0000] {processor.py:183} INFO - Processing /home/airflow/.local/lib/python3.12/site-packages/airflow/example_dags/tutorial_objectstorage.py took 0.315 seconds
[2024-07-09T02:04:17.969+0000] {processor.py:161} INFO - Started process (PID=137) to work on /home/airflow/.local/lib/python3.12/site-packages/airflow/example_dags/tutorial_objectstorage.py
[2024-07-09T02:04:17.970+0000] {processor.py:830} INFO - Processing file /home/airflow/.local/lib/python3.12/site-packages/airflow/example_dags/tutorial_objectstorage.py for tasks to queue
[2024-07-09T02:04:17.972+0000] {logging_mixin.py:188} INFO - [2024-07-09T02:04:17.972+0000] {dagbag.py:545} INFO - Filling up the DagBag from /home/airflow/.local/lib/python3.12/site-packages/airflow/example_dags/tutorial_objectstorage.py
[2024-07-09T02:04:17.980+0000] {processor.py:840} INFO - DAG(s) 'tutorial_objectstorage' retrieved from /home/airflow/.local/lib/python3.12/site-packages/airflow/example_dags/tutorial_objectstorage.py
[2024-07-09T02:04:18.003+0000] {logging_mixin.py:188} INFO - [2024-07-09T02:04:18.003+0000] {dag.py:3096} INFO - Sync 1 DAGs
[2024-07-09T02:04:18.019+0000] {logging_mixin.py:188} INFO - [2024-07-09T02:04:18.018+0000] {dag.py:3954} INFO - Setting next_dagrun for tutorial_objectstorage to None, run_after=None
[2024-07-09T02:04:18.042+0000] {processor.py:183} INFO - Processing /home/airflow/.local/lib/python3.12/site-packages/airflow/example_dags/tutorial_objectstorage.py took 0.080 seconds
[2024-07-09T02:04:48.809+0000] {processor.py:161} INFO - Started process (PID=197) to work on /home/airflow/.local/lib/python3.12/site-packages/airflow/example_dags/tutorial_objectstorage.py
[2024-07-09T02:04:48.811+0000] {processor.py:830} INFO - Processing file /home/airflow/.local/lib/python3.12/site-packages/airflow/example_dags/tutorial_objectstorage.py for tasks to queue
[2024-07-09T02:04:48.813+0000] {logging_mixin.py:188} INFO - [2024-07-09T02:04:48.813+0000] {dagbag.py:545} INFO - Filling up the DagBag from /home/airflow/.local/lib/python3.12/site-packages/airflow/example_dags/tutorial_objectstorage.py
[2024-07-09T02:04:48.825+0000] {processor.py:840} INFO - DAG(s) 'tutorial_objectstorage' retrieved from /home/airflow/.local/lib/python3.12/site-packages/airflow/example_dags/tutorial_objectstorage.py
[2024-07-09T02:04:48.851+0000] {logging_mixin.py:188} INFO - [2024-07-09T02:04:48.851+0000] {dag.py:3096} INFO - Sync 1 DAGs
[2024-07-09T02:04:48.871+0000] {logging_mixin.py:188} INFO - [2024-07-09T02:04:48.870+0000] {dag.py:3954} INFO - Setting next_dagrun for tutorial_objectstorage to None, run_after=None
[2024-07-09T02:04:48.901+0000] {processor.py:183} INFO - Processing /home/airflow/.local/lib/python3.12/site-packages/airflow/example_dags/tutorial_objectstorage.py took 0.101 seconds
[2024-07-09T02:05:19.653+0000] {processor.py:161} INFO - Started process (PID=258) to work on /home/airflow/.local/lib/python3.12/site-packages/airflow/example_dags/tutorial_objectstorage.py
[2024-07-09T02:05:19.654+0000] {processor.py:830} INFO - Processing file /home/airflow/.local/lib/python3.12/site-packages/airflow/example_dags/tutorial_objectstorage.py for tasks to queue
[2024-07-09T02:05:19.657+0000] {logging_mixin.py:188} INFO - [2024-07-09T02:05:19.656+0000] {dagbag.py:545} INFO - Filling up the DagBag from /home/airflow/.local/lib/python3.12/site-packages/airflow/example_dags/tutorial_objectstorage.py
[2024-07-09T02:05:19.668+0000] {processor.py:840} INFO - DAG(s) 'tutorial_objectstorage' retrieved from /home/airflow/.local/lib/python3.12/site-packages/airflow/example_dags/tutorial_objectstorage.py
[2024-07-09T02:05:19.697+0000] {logging_mixin.py:188} INFO - [2024-07-09T02:05:19.697+0000] {dag.py:3096} INFO - Sync 1 DAGs
[2024-07-09T02:05:19.720+0000] {logging_mixin.py:188} INFO - [2024-07-09T02:05:19.720+0000] {dag.py:3954} INFO - Setting next_dagrun for tutorial_objectstorage to None, run_after=None
[2024-07-09T02:05:19.753+0000] {processor.py:183} INFO - Processing /home/airflow/.local/lib/python3.12/site-packages/airflow/example_dags/tutorial_objectstorage.py took 0.108 seconds
[2024-07-09T02:05:49.868+0000] {processor.py:161} INFO - Started process (PID=318) to work on /home/airflow/.local/lib/python3.12/site-packages/airflow/example_dags/tutorial_objectstorage.py
[2024-07-09T02:05:49.870+0000] {processor.py:830} INFO - Processing file /home/airflow/.local/lib/python3.12/site-packages/airflow/example_dags/tutorial_objectstorage.py for tasks to queue
[2024-07-09T02:05:49.872+0000] {logging_mixin.py:188} INFO - [2024-07-09T02:05:49.872+0000] {dagbag.py:545} INFO - Filling up the DagBag from /home/airflow/.local/lib/python3.12/site-packages/airflow/example_dags/tutorial_objectstorage.py
[2024-07-09T02:05:49.881+0000] {processor.py:840} INFO - DAG(s) 'tutorial_objectstorage' retrieved from /home/airflow/.local/lib/python3.12/site-packages/airflow/example_dags/tutorial_objectstorage.py
[2024-07-09T02:05:49.909+0000] {logging_mixin.py:188} INFO - [2024-07-09T02:05:49.909+0000] {dag.py:3096} INFO - Sync 1 DAGs
[2024-07-09T02:05:49.927+0000] {logging_mixin.py:188} INFO - [2024-07-09T02:05:49.927+0000] {dag.py:3954} INFO - Setting next_dagrun for tutorial_objectstorage to None, run_after=None
[2024-07-09T02:05:49.959+0000] {processor.py:183} INFO - Processing /home/airflow/.local/lib/python3.12/site-packages/airflow/example_dags/tutorial_objectstorage.py took 0.098 seconds
[2024-07-09T02:06:20.206+0000] {processor.py:161} INFO - Started process (PID=379) to work on /home/airflow/.local/lib/python3.12/site-packages/airflow/example_dags/tutorial_objectstorage.py
[2024-07-09T02:06:20.208+0000] {processor.py:830} INFO - Processing file /home/airflow/.local/lib/python3.12/site-packages/airflow/example_dags/tutorial_objectstorage.py for tasks to queue
[2024-07-09T02:06:20.210+0000] {logging_mixin.py:188} INFO - [2024-07-09T02:06:20.209+0000] {dagbag.py:545} INFO - Filling up the DagBag from /home/airflow/.local/lib/python3.12/site-packages/airflow/example_dags/tutorial_objectstorage.py
[2024-07-09T02:06:20.218+0000] {processor.py:840} INFO - DAG(s) 'tutorial_objectstorage' retrieved from /home/airflow/.local/lib/python3.12/site-packages/airflow/example_dags/tutorial_objectstorage.py
[2024-07-09T02:06:20.242+0000] {logging_mixin.py:188} INFO - [2024-07-09T02:06:20.242+0000] {dag.py:3096} INFO - Sync 1 DAGs
[2024-07-09T02:06:20.258+0000] {logging_mixin.py:188} INFO - [2024-07-09T02:06:20.257+0000] {dag.py:3954} INFO - Setting next_dagrun for tutorial_objectstorage to None, run_after=None
[2024-07-09T02:06:20.281+0000] {processor.py:183} INFO - Processing /home/airflow/.local/lib/python3.12/site-packages/airflow/example_dags/tutorial_objectstorage.py took 0.082 seconds
[2024-07-09T02:06:50.419+0000] {processor.py:161} INFO - Started process (PID=441) to work on /home/airflow/.local/lib/python3.12/site-packages/airflow/example_dags/tutorial_objectstorage.py
[2024-07-09T02:06:50.420+0000] {processor.py:830} INFO - Processing file /home/airflow/.local/lib/python3.12/site-packages/airflow/example_dags/tutorial_objectstorage.py for tasks to queue
[2024-07-09T02:06:50.423+0000] {logging_mixin.py:188} INFO - [2024-07-09T02:06:50.422+0000] {dagbag.py:545} INFO - Filling up the DagBag from /home/airflow/.local/lib/python3.12/site-packages/airflow/example_dags/tutorial_objectstorage.py
[2024-07-09T02:06:50.431+0000] {processor.py:840} INFO - DAG(s) 'tutorial_objectstorage' retrieved from /home/airflow/.local/lib/python3.12/site-packages/airflow/example_dags/tutorial_objectstorage.py
[2024-07-09T02:06:50.451+0000] {logging_mixin.py:188} INFO - [2024-07-09T02:06:50.451+0000] {dag.py:3096} INFO - Sync 1 DAGs
[2024-07-09T02:06:50.465+0000] {logging_mixin.py:188} INFO - [2024-07-09T02:06:50.465+0000] {dag.py:3954} INFO - Setting next_dagrun for tutorial_objectstorage to None, run_after=None
[2024-07-09T02:06:50.506+0000] {processor.py:183} INFO - Processing /home/airflow/.local/lib/python3.12/site-packages/airflow/example_dags/tutorial_objectstorage.py took 0.096 seconds
[2024-07-09T02:07:20.909+0000] {processor.py:161} INFO - Started process (PID=501) to work on /home/airflow/.local/lib/python3.12/site-packages/airflow/example_dags/tutorial_objectstorage.py
[2024-07-09T02:07:20.910+0000] {processor.py:830} INFO - Processing file /home/airflow/.local/lib/python3.12/site-packages/airflow/example_dags/tutorial_objectstorage.py for tasks to queue
[2024-07-09T02:07:20.913+0000] {logging_mixin.py:188} INFO - [2024-07-09T02:07:20.912+0000] {dagbag.py:545} INFO - Filling up the DagBag from /home/airflow/.local/lib/python3.12/site-packages/airflow/example_dags/tutorial_objectstorage.py
[2024-07-09T02:07:20.920+0000] {processor.py:840} INFO - DAG(s) 'tutorial_objectstorage' retrieved from /home/airflow/.local/lib/python3.12/site-packages/airflow/example_dags/tutorial_objectstorage.py
[2024-07-09T02:07:20.941+0000] {logging_mixin.py:188} INFO - [2024-07-09T02:07:20.941+0000] {dag.py:3096} INFO - Sync 1 DAGs
[2024-07-09T02:07:20.958+0000] {logging_mixin.py:188} INFO - [2024-07-09T02:07:20.957+0000] {dag.py:3954} INFO - Setting next_dagrun for tutorial_objectstorage to None, run_after=None
[2024-07-09T02:07:20.985+0000] {processor.py:183} INFO - Processing /home/airflow/.local/lib/python3.12/site-packages/airflow/example_dags/tutorial_objectstorage.py took 0.081 seconds
[2024-07-09T02:07:51.297+0000] {processor.py:161} INFO - Started process (PID=561) to work on /home/airflow/.local/lib/python3.12/site-packages/airflow/example_dags/tutorial_objectstorage.py
[2024-07-09T02:07:51.298+0000] {processor.py:830} INFO - Processing file /home/airflow/.local/lib/python3.12/site-packages/airflow/example_dags/tutorial_objectstorage.py for tasks to queue
[2024-07-09T02:07:51.300+0000] {logging_mixin.py:188} INFO - [2024-07-09T02:07:51.300+0000] {dagbag.py:545} INFO - Filling up the DagBag from /home/airflow/.local/lib/python3.12/site-packages/airflow/example_dags/tutorial_objectstorage.py
[2024-07-09T02:07:51.307+0000] {processor.py:840} INFO - DAG(s) 'tutorial_objectstorage' retrieved from /home/airflow/.local/lib/python3.12/site-packages/airflow/example_dags/tutorial_objectstorage.py
[2024-07-09T02:07:51.327+0000] {logging_mixin.py:188} INFO - [2024-07-09T02:07:51.327+0000] {dag.py:3096} INFO - Sync 1 DAGs
[2024-07-09T02:07:51.341+0000] {logging_mixin.py:188} INFO - [2024-07-09T02:07:51.341+0000] {dag.py:3954} INFO - Setting next_dagrun for tutorial_objectstorage to None, run_after=None
[2024-07-09T02:07:51.385+0000] {processor.py:183} INFO - Processing /home/airflow/.local/lib/python3.12/site-packages/airflow/example_dags/tutorial_objectstorage.py took 0.094 seconds
[2024-07-09T02:08:21.970+0000] {processor.py:161} INFO - Started process (PID=622) to work on /home/airflow/.local/lib/python3.12/site-packages/airflow/example_dags/tutorial_objectstorage.py
[2024-07-09T02:08:21.972+0000] {processor.py:830} INFO - Processing file /home/airflow/.local/lib/python3.12/site-packages/airflow/example_dags/tutorial_objectstorage.py for tasks to queue
[2024-07-09T02:08:21.974+0000] {logging_mixin.py:188} INFO - [2024-07-09T02:08:21.973+0000] {dagbag.py:545} INFO - Filling up the DagBag from /home/airflow/.local/lib/python3.12/site-packages/airflow/example_dags/tutorial_objectstorage.py
[2024-07-09T02:08:21.981+0000] {processor.py:840} INFO - DAG(s) 'tutorial_objectstorage' retrieved from /home/airflow/.local/lib/python3.12/site-packages/airflow/example_dags/tutorial_objectstorage.py
[2024-07-09T02:08:22.003+0000] {logging_mixin.py:188} INFO - [2024-07-09T02:08:22.002+0000] {dag.py:3096} INFO - Sync 1 DAGs
[2024-07-09T02:08:22.021+0000] {logging_mixin.py:188} INFO - [2024-07-09T02:08:22.020+0000] {dag.py:3954} INFO - Setting next_dagrun for tutorial_objectstorage to None, run_after=None
[2024-07-09T02:08:22.044+0000] {processor.py:183} INFO - Processing /home/airflow/.local/lib/python3.12/site-packages/airflow/example_dags/tutorial_objectstorage.py took 0.079 seconds
[2024-07-09T02:08:52.688+0000] {processor.py:161} INFO - Started process (PID=681) to work on /home/airflow/.local/lib/python3.12/site-packages/airflow/example_dags/tutorial_objectstorage.py
[2024-07-09T02:08:52.690+0000] {processor.py:830} INFO - Processing file /home/airflow/.local/lib/python3.12/site-packages/airflow/example_dags/tutorial_objectstorage.py for tasks to queue
[2024-07-09T02:08:52.692+0000] {logging_mixin.py:188} INFO - [2024-07-09T02:08:52.691+0000] {dagbag.py:545} INFO - Filling up the DagBag from /home/airflow/.local/lib/python3.12/site-packages/airflow/example_dags/tutorial_objectstorage.py
[2024-07-09T02:08:52.702+0000] {processor.py:840} INFO - DAG(s) 'tutorial_objectstorage' retrieved from /home/airflow/.local/lib/python3.12/site-packages/airflow/example_dags/tutorial_objectstorage.py
[2024-07-09T02:08:52.723+0000] {logging_mixin.py:188} INFO - [2024-07-09T02:08:52.723+0000] {dag.py:3096} INFO - Sync 1 DAGs
[2024-07-09T02:08:52.737+0000] {logging_mixin.py:188} INFO - [2024-07-09T02:08:52.736+0000] {dag.py:3954} INFO - Setting next_dagrun for tutorial_objectstorage to None, run_after=None
[2024-07-09T02:08:52.759+0000] {processor.py:183} INFO - Processing /home/airflow/.local/lib/python3.12/site-packages/airflow/example_dags/tutorial_objectstorage.py took 0.077 seconds
[2024-07-09T02:12:23.285+0000] {processor.py:161} INFO - Started process (PID=76) to work on /home/airflow/.local/lib/python3.12/site-packages/airflow/example_dags/tutorial_objectstorage.py
[2024-07-09T02:12:23.287+0000] {processor.py:830} INFO - Processing file /home/airflow/.local/lib/python3.12/site-packages/airflow/example_dags/tutorial_objectstorage.py for tasks to queue
[2024-07-09T02:12:23.290+0000] {logging_mixin.py:188} INFO - [2024-07-09T02:12:23.290+0000] {dagbag.py:545} INFO - Filling up the DagBag from /home/airflow/.local/lib/python3.12/site-packages/airflow/example_dags/tutorial_objectstorage.py
[2024-07-09T02:12:23.305+0000] {processor.py:840} INFO - DAG(s) 'tutorial_objectstorage' retrieved from /home/airflow/.local/lib/python3.12/site-packages/airflow/example_dags/tutorial_objectstorage.py
[2024-07-09T02:12:23.499+0000] {logging_mixin.py:188} INFO - [2024-07-09T02:12:23.498+0000] {override.py:1829} INFO - Created Permission View: can edit on DAG:tutorial_objectstorage
[2024-07-09T02:12:23.518+0000] {logging_mixin.py:188} INFO - [2024-07-09T02:12:23.517+0000] {override.py:1829} INFO - Created Permission View: can delete on DAG:tutorial_objectstorage
[2024-07-09T02:12:23.530+0000] {logging_mixin.py:188} INFO - [2024-07-09T02:12:23.530+0000] {override.py:1829} INFO - Created Permission View: can read on DAG:tutorial_objectstorage
[2024-07-09T02:12:23.531+0000] {logging_mixin.py:188} INFO - [2024-07-09T02:12:23.531+0000] {dag.py:3096} INFO - Sync 1 DAGs
[2024-07-09T02:12:23.554+0000] {logging_mixin.py:188} INFO - [2024-07-09T02:12:23.553+0000] {dag.py:3118} INFO - Creating ORM DAG for tutorial_objectstorage
[2024-07-09T02:12:23.555+0000] {logging_mixin.py:188} INFO - [2024-07-09T02:12:23.555+0000] {dag.py:3954} INFO - Setting next_dagrun for tutorial_objectstorage to None, run_after=None
[2024-07-09T02:12:23.592+0000] {processor.py:183} INFO - Processing /home/airflow/.local/lib/python3.12/site-packages/airflow/example_dags/tutorial_objectstorage.py took 0.317 seconds
[2024-07-09T02:12:53.989+0000] {processor.py:161} INFO - Started process (PID=136) to work on /home/airflow/.local/lib/python3.12/site-packages/airflow/example_dags/tutorial_objectstorage.py
[2024-07-09T02:12:53.991+0000] {processor.py:830} INFO - Processing file /home/airflow/.local/lib/python3.12/site-packages/airflow/example_dags/tutorial_objectstorage.py for tasks to queue
[2024-07-09T02:12:53.994+0000] {logging_mixin.py:188} INFO - [2024-07-09T02:12:53.993+0000] {dagbag.py:545} INFO - Filling up the DagBag from /home/airflow/.local/lib/python3.12/site-packages/airflow/example_dags/tutorial_objectstorage.py
[2024-07-09T02:12:54.007+0000] {processor.py:840} INFO - DAG(s) 'tutorial_objectstorage' retrieved from /home/airflow/.local/lib/python3.12/site-packages/airflow/example_dags/tutorial_objectstorage.py
[2024-07-09T02:12:54.035+0000] {logging_mixin.py:188} INFO - [2024-07-09T02:12:54.035+0000] {dag.py:3096} INFO - Sync 1 DAGs
[2024-07-09T02:12:54.054+0000] {logging_mixin.py:188} INFO - [2024-07-09T02:12:54.053+0000] {dag.py:3954} INFO - Setting next_dagrun for tutorial_objectstorage to None, run_after=None
[2024-07-09T02:12:54.081+0000] {processor.py:183} INFO - Processing /home/airflow/.local/lib/python3.12/site-packages/airflow/example_dags/tutorial_objectstorage.py took 0.102 seconds
[2024-07-09T02:13:25.049+0000] {processor.py:161} INFO - Started process (PID=196) to work on /home/airflow/.local/lib/python3.12/site-packages/airflow/example_dags/tutorial_objectstorage.py
[2024-07-09T02:13:25.051+0000] {processor.py:830} INFO - Processing file /home/airflow/.local/lib/python3.12/site-packages/airflow/example_dags/tutorial_objectstorage.py for tasks to queue
[2024-07-09T02:13:25.055+0000] {logging_mixin.py:188} INFO - [2024-07-09T02:13:25.054+0000] {dagbag.py:545} INFO - Filling up the DagBag from /home/airflow/.local/lib/python3.12/site-packages/airflow/example_dags/tutorial_objectstorage.py
[2024-07-09T02:13:25.071+0000] {processor.py:840} INFO - DAG(s) 'tutorial_objectstorage' retrieved from /home/airflow/.local/lib/python3.12/site-packages/airflow/example_dags/tutorial_objectstorage.py
[2024-07-09T02:13:25.099+0000] {logging_mixin.py:188} INFO - [2024-07-09T02:13:25.099+0000] {dag.py:3096} INFO - Sync 1 DAGs
[2024-07-09T02:13:25.122+0000] {logging_mixin.py:188} INFO - [2024-07-09T02:13:25.121+0000] {dag.py:3954} INFO - Setting next_dagrun for tutorial_objectstorage to None, run_after=None
[2024-07-09T02:13:25.157+0000] {processor.py:183} INFO - Processing /home/airflow/.local/lib/python3.12/site-packages/airflow/example_dags/tutorial_objectstorage.py took 0.116 seconds
[2024-07-09T02:13:55.460+0000] {processor.py:161} INFO - Started process (PID=256) to work on /home/airflow/.local/lib/python3.12/site-packages/airflow/example_dags/tutorial_objectstorage.py
[2024-07-09T02:13:55.462+0000] {processor.py:830} INFO - Processing file /home/airflow/.local/lib/python3.12/site-packages/airflow/example_dags/tutorial_objectstorage.py for tasks to queue
[2024-07-09T02:13:55.466+0000] {logging_mixin.py:188} INFO - [2024-07-09T02:13:55.465+0000] {dagbag.py:545} INFO - Filling up the DagBag from /home/airflow/.local/lib/python3.12/site-packages/airflow/example_dags/tutorial_objectstorage.py
[2024-07-09T02:13:55.485+0000] {processor.py:840} INFO - DAG(s) 'tutorial_objectstorage' retrieved from /home/airflow/.local/lib/python3.12/site-packages/airflow/example_dags/tutorial_objectstorage.py
[2024-07-09T02:13:55.550+0000] {logging_mixin.py:188} INFO - [2024-07-09T02:13:55.549+0000] {dag.py:3096} INFO - Sync 1 DAGs
[2024-07-09T02:13:55.593+0000] {logging_mixin.py:188} INFO - [2024-07-09T02:13:55.593+0000] {dag.py:3954} INFO - Setting next_dagrun for tutorial_objectstorage to None, run_after=None
[2024-07-09T02:13:55.649+0000] {processor.py:183} INFO - Processing /home/airflow/.local/lib/python3.12/site-packages/airflow/example_dags/tutorial_objectstorage.py took 0.202 seconds
[2024-07-09T02:14:26.229+0000] {processor.py:161} INFO - Started process (PID=316) to work on /home/airflow/.local/lib/python3.12/site-packages/airflow/example_dags/tutorial_objectstorage.py
[2024-07-09T02:14:26.231+0000] {processor.py:830} INFO - Processing file /home/airflow/.local/lib/python3.12/site-packages/airflow/example_dags/tutorial_objectstorage.py for tasks to queue
[2024-07-09T02:14:26.235+0000] {logging_mixin.py:188} INFO - [2024-07-09T02:14:26.234+0000] {dagbag.py:545} INFO - Filling up the DagBag from /home/airflow/.local/lib/python3.12/site-packages/airflow/example_dags/tutorial_objectstorage.py
[2024-07-09T02:14:26.254+0000] {processor.py:840} INFO - DAG(s) 'tutorial_objectstorage' retrieved from /home/airflow/.local/lib/python3.12/site-packages/airflow/example_dags/tutorial_objectstorage.py
[2024-07-09T02:14:26.305+0000] {logging_mixin.py:188} INFO - [2024-07-09T02:14:26.304+0000] {dag.py:3096} INFO - Sync 1 DAGs
[2024-07-09T02:14:26.343+0000] {logging_mixin.py:188} INFO - [2024-07-09T02:14:26.342+0000] {dag.py:3954} INFO - Setting next_dagrun for tutorial_objectstorage to None, run_after=None
[2024-07-09T02:14:26.428+0000] {processor.py:183} INFO - Processing /home/airflow/.local/lib/python3.12/site-packages/airflow/example_dags/tutorial_objectstorage.py took 0.214 seconds
[2024-07-09T02:17:07.717+0000] {processor.py:161} INFO - Started process (PID=76) to work on /home/airflow/.local/lib/python3.12/site-packages/airflow/example_dags/tutorial_objectstorage.py
[2024-07-09T02:17:07.719+0000] {processor.py:830} INFO - Processing file /home/airflow/.local/lib/python3.12/site-packages/airflow/example_dags/tutorial_objectstorage.py for tasks to queue
[2024-07-09T02:17:07.724+0000] {logging_mixin.py:188} INFO - [2024-07-09T02:17:07.723+0000] {dagbag.py:545} INFO - Filling up the DagBag from /home/airflow/.local/lib/python3.12/site-packages/airflow/example_dags/tutorial_objectstorage.py
[2024-07-09T02:17:07.738+0000] {processor.py:840} INFO - DAG(s) 'tutorial_objectstorage' retrieved from /home/airflow/.local/lib/python3.12/site-packages/airflow/example_dags/tutorial_objectstorage.py
[2024-07-09T02:17:07.961+0000] {logging_mixin.py:188} INFO - [2024-07-09T02:17:07.960+0000] {dag.py:3096} INFO - Sync 1 DAGs
[2024-07-09T02:17:07.980+0000] {logging_mixin.py:188} INFO - [2024-07-09T02:17:07.980+0000] {dag.py:3954} INFO - Setting next_dagrun for tutorial_objectstorage to None, run_after=None
[2024-07-09T02:17:08.016+0000] {processor.py:183} INFO - Processing /home/airflow/.local/lib/python3.12/site-packages/airflow/example_dags/tutorial_objectstorage.py took 0.308 seconds
[2024-07-09T02:17:38.196+0000] {processor.py:161} INFO - Started process (PID=136) to work on /home/airflow/.local/lib/python3.12/site-packages/airflow/example_dags/tutorial_objectstorage.py
[2024-07-09T02:17:38.197+0000] {processor.py:830} INFO - Processing file /home/airflow/.local/lib/python3.12/site-packages/airflow/example_dags/tutorial_objectstorage.py for tasks to queue
[2024-07-09T02:17:38.200+0000] {logging_mixin.py:188} INFO - [2024-07-09T02:17:38.200+0000] {dagbag.py:545} INFO - Filling up the DagBag from /home/airflow/.local/lib/python3.12/site-packages/airflow/example_dags/tutorial_objectstorage.py
[2024-07-09T02:17:38.210+0000] {processor.py:840} INFO - DAG(s) 'tutorial_objectstorage' retrieved from /home/airflow/.local/lib/python3.12/site-packages/airflow/example_dags/tutorial_objectstorage.py
[2024-07-09T02:17:38.238+0000] {logging_mixin.py:188} INFO - [2024-07-09T02:17:38.238+0000] {dag.py:3096} INFO - Sync 1 DAGs
[2024-07-09T02:17:38.256+0000] {logging_mixin.py:188} INFO - [2024-07-09T02:17:38.255+0000] {dag.py:3954} INFO - Setting next_dagrun for tutorial_objectstorage to None, run_after=None
[2024-07-09T02:17:38.283+0000] {processor.py:183} INFO - Processing /home/airflow/.local/lib/python3.12/site-packages/airflow/example_dags/tutorial_objectstorage.py took 0.096 seconds
[2024-07-09T02:18:08.997+0000] {processor.py:161} INFO - Started process (PID=197) to work on /home/airflow/.local/lib/python3.12/site-packages/airflow/example_dags/tutorial_objectstorage.py
[2024-07-09T02:18:09.001+0000] {processor.py:830} INFO - Processing file /home/airflow/.local/lib/python3.12/site-packages/airflow/example_dags/tutorial_objectstorage.py for tasks to queue
[2024-07-09T02:18:09.004+0000] {logging_mixin.py:188} INFO - [2024-07-09T02:18:09.003+0000] {dagbag.py:545} INFO - Filling up the DagBag from /home/airflow/.local/lib/python3.12/site-packages/airflow/example_dags/tutorial_objectstorage.py
[2024-07-09T02:18:09.012+0000] {processor.py:840} INFO - DAG(s) 'tutorial_objectstorage' retrieved from /home/airflow/.local/lib/python3.12/site-packages/airflow/example_dags/tutorial_objectstorage.py
[2024-07-09T02:18:09.041+0000] {logging_mixin.py:188} INFO - [2024-07-09T02:18:09.041+0000] {dag.py:3096} INFO - Sync 1 DAGs
[2024-07-09T02:18:09.058+0000] {logging_mixin.py:188} INFO - [2024-07-09T02:18:09.057+0000] {dag.py:3954} INFO - Setting next_dagrun for tutorial_objectstorage to None, run_after=None
[2024-07-09T02:18:09.087+0000] {processor.py:183} INFO - Processing /home/airflow/.local/lib/python3.12/site-packages/airflow/example_dags/tutorial_objectstorage.py took 0.099 seconds
[2024-07-09T02:18:39.559+0000] {processor.py:161} INFO - Started process (PID=257) to work on /home/airflow/.local/lib/python3.12/site-packages/airflow/example_dags/tutorial_objectstorage.py
[2024-07-09T02:18:39.561+0000] {processor.py:830} INFO - Processing file /home/airflow/.local/lib/python3.12/site-packages/airflow/example_dags/tutorial_objectstorage.py for tasks to queue
[2024-07-09T02:18:39.564+0000] {logging_mixin.py:188} INFO - [2024-07-09T02:18:39.563+0000] {dagbag.py:545} INFO - Filling up the DagBag from /home/airflow/.local/lib/python3.12/site-packages/airflow/example_dags/tutorial_objectstorage.py
[2024-07-09T02:18:39.575+0000] {processor.py:840} INFO - DAG(s) 'tutorial_objectstorage' retrieved from /home/airflow/.local/lib/python3.12/site-packages/airflow/example_dags/tutorial_objectstorage.py
[2024-07-09T02:18:39.601+0000] {logging_mixin.py:188} INFO - [2024-07-09T02:18:39.601+0000] {dag.py:3096} INFO - Sync 1 DAGs
[2024-07-09T02:18:39.622+0000] {logging_mixin.py:188} INFO - [2024-07-09T02:18:39.622+0000] {dag.py:3954} INFO - Setting next_dagrun for tutorial_objectstorage to None, run_after=None
[2024-07-09T02:18:39.648+0000] {processor.py:183} INFO - Processing /home/airflow/.local/lib/python3.12/site-packages/airflow/example_dags/tutorial_objectstorage.py took 0.098 seconds
[2024-07-09T02:19:10.442+0000] {processor.py:161} INFO - Started process (PID=317) to work on /home/airflow/.local/lib/python3.12/site-packages/airflow/example_dags/tutorial_objectstorage.py
[2024-07-09T02:19:10.443+0000] {processor.py:830} INFO - Processing file /home/airflow/.local/lib/python3.12/site-packages/airflow/example_dags/tutorial_objectstorage.py for tasks to queue
[2024-07-09T02:19:10.446+0000] {logging_mixin.py:188} INFO - [2024-07-09T02:19:10.446+0000] {dagbag.py:545} INFO - Filling up the DagBag from /home/airflow/.local/lib/python3.12/site-packages/airflow/example_dags/tutorial_objectstorage.py
[2024-07-09T02:19:10.458+0000] {processor.py:840} INFO - DAG(s) 'tutorial_objectstorage' retrieved from /home/airflow/.local/lib/python3.12/site-packages/airflow/example_dags/tutorial_objectstorage.py
[2024-07-09T02:19:10.497+0000] {logging_mixin.py:188} INFO - [2024-07-09T02:19:10.496+0000] {dag.py:3096} INFO - Sync 1 DAGs
[2024-07-09T02:19:10.534+0000] {logging_mixin.py:188} INFO - [2024-07-09T02:19:10.533+0000] {dag.py:3954} INFO - Setting next_dagrun for tutorial_objectstorage to None, run_after=None
[2024-07-09T02:19:10.588+0000] {processor.py:183} INFO - Processing /home/airflow/.local/lib/python3.12/site-packages/airflow/example_dags/tutorial_objectstorage.py took 0.157 seconds
[2024-07-09T02:19:41.548+0000] {processor.py:161} INFO - Started process (PID=377) to work on /home/airflow/.local/lib/python3.12/site-packages/airflow/example_dags/tutorial_objectstorage.py
[2024-07-09T02:19:41.550+0000] {processor.py:830} INFO - Processing file /home/airflow/.local/lib/python3.12/site-packages/airflow/example_dags/tutorial_objectstorage.py for tasks to queue
[2024-07-09T02:19:41.554+0000] {logging_mixin.py:188} INFO - [2024-07-09T02:19:41.553+0000] {dagbag.py:545} INFO - Filling up the DagBag from /home/airflow/.local/lib/python3.12/site-packages/airflow/example_dags/tutorial_objectstorage.py
[2024-07-09T02:19:41.570+0000] {processor.py:840} INFO - DAG(s) 'tutorial_objectstorage' retrieved from /home/airflow/.local/lib/python3.12/site-packages/airflow/example_dags/tutorial_objectstorage.py
[2024-07-09T02:19:41.620+0000] {logging_mixin.py:188} INFO - [2024-07-09T02:19:41.619+0000] {dag.py:3096} INFO - Sync 1 DAGs
[2024-07-09T02:19:41.656+0000] {logging_mixin.py:188} INFO - [2024-07-09T02:19:41.655+0000] {dag.py:3954} INFO - Setting next_dagrun for tutorial_objectstorage to None, run_after=None
[2024-07-09T02:19:41.735+0000] {processor.py:183} INFO - Processing /home/airflow/.local/lib/python3.12/site-packages/airflow/example_dags/tutorial_objectstorage.py took 0.208 seconds
[2024-07-09T02:20:13.411+0000] {processor.py:161} INFO - Started process (PID=438) to work on /home/airflow/.local/lib/python3.12/site-packages/airflow/example_dags/tutorial_objectstorage.py
[2024-07-09T02:20:13.412+0000] {processor.py:830} INFO - Processing file /home/airflow/.local/lib/python3.12/site-packages/airflow/example_dags/tutorial_objectstorage.py for tasks to queue
[2024-07-09T02:20:13.416+0000] {logging_mixin.py:188} INFO - [2024-07-09T02:20:13.416+0000] {dagbag.py:545} INFO - Filling up the DagBag from /home/airflow/.local/lib/python3.12/site-packages/airflow/example_dags/tutorial_objectstorage.py
[2024-07-09T02:20:13.432+0000] {processor.py:840} INFO - DAG(s) 'tutorial_objectstorage' retrieved from /home/airflow/.local/lib/python3.12/site-packages/airflow/example_dags/tutorial_objectstorage.py
[2024-07-09T02:20:13.473+0000] {logging_mixin.py:188} INFO - [2024-07-09T02:20:13.472+0000] {dag.py:3096} INFO - Sync 1 DAGs
[2024-07-09T02:20:13.502+0000] {logging_mixin.py:188} INFO - [2024-07-09T02:20:13.502+0000] {dag.py:3954} INFO - Setting next_dagrun for tutorial_objectstorage to None, run_after=None
[2024-07-09T02:20:13.543+0000] {processor.py:183} INFO - Processing /home/airflow/.local/lib/python3.12/site-packages/airflow/example_dags/tutorial_objectstorage.py took 0.147 seconds
[2024-07-09T02:20:45.026+0000] {processor.py:161} INFO - Started process (PID=503) to work on /home/airflow/.local/lib/python3.12/site-packages/airflow/example_dags/tutorial_objectstorage.py
[2024-07-09T02:20:45.038+0000] {processor.py:830} INFO - Processing file /home/airflow/.local/lib/python3.12/site-packages/airflow/example_dags/tutorial_objectstorage.py for tasks to queue
[2024-07-09T02:20:45.045+0000] {logging_mixin.py:188} INFO - [2024-07-09T02:20:45.044+0000] {dagbag.py:545} INFO - Filling up the DagBag from /home/airflow/.local/lib/python3.12/site-packages/airflow/example_dags/tutorial_objectstorage.py
[2024-07-09T02:20:45.067+0000] {processor.py:840} INFO - DAG(s) 'tutorial_objectstorage' retrieved from /home/airflow/.local/lib/python3.12/site-packages/airflow/example_dags/tutorial_objectstorage.py
[2024-07-09T02:20:45.150+0000] {logging_mixin.py:188} INFO - [2024-07-09T02:20:45.150+0000] {dag.py:3096} INFO - Sync 1 DAGs
[2024-07-09T02:20:45.210+0000] {logging_mixin.py:188} INFO - [2024-07-09T02:20:45.209+0000] {dag.py:3954} INFO - Setting next_dagrun for tutorial_objectstorage to None, run_after=None
[2024-07-09T02:20:45.276+0000] {processor.py:183} INFO - Processing /home/airflow/.local/lib/python3.12/site-packages/airflow/example_dags/tutorial_objectstorage.py took 0.272 seconds
[2024-07-09T02:21:15.865+0000] {processor.py:161} INFO - Started process (PID=563) to work on /home/airflow/.local/lib/python3.12/site-packages/airflow/example_dags/tutorial_objectstorage.py
[2024-07-09T02:21:15.867+0000] {processor.py:830} INFO - Processing file /home/airflow/.local/lib/python3.12/site-packages/airflow/example_dags/tutorial_objectstorage.py for tasks to queue
[2024-07-09T02:21:15.871+0000] {logging_mixin.py:188} INFO - [2024-07-09T02:21:15.870+0000] {dagbag.py:545} INFO - Filling up the DagBag from /home/airflow/.local/lib/python3.12/site-packages/airflow/example_dags/tutorial_objectstorage.py
[2024-07-09T02:21:15.883+0000] {processor.py:840} INFO - DAG(s) 'tutorial_objectstorage' retrieved from /home/airflow/.local/lib/python3.12/site-packages/airflow/example_dags/tutorial_objectstorage.py
[2024-07-09T02:21:15.920+0000] {logging_mixin.py:188} INFO - [2024-07-09T02:21:15.919+0000] {dag.py:3096} INFO - Sync 1 DAGs
[2024-07-09T02:21:15.943+0000] {logging_mixin.py:188} INFO - [2024-07-09T02:21:15.942+0000] {dag.py:3954} INFO - Setting next_dagrun for tutorial_objectstorage to None, run_after=None
[2024-07-09T02:21:15.975+0000] {processor.py:183} INFO - Processing /home/airflow/.local/lib/python3.12/site-packages/airflow/example_dags/tutorial_objectstorage.py took 0.121 seconds
[2024-07-09T02:21:46.933+0000] {processor.py:161} INFO - Started process (PID=623) to work on /home/airflow/.local/lib/python3.12/site-packages/airflow/example_dags/tutorial_objectstorage.py
[2024-07-09T02:21:46.935+0000] {processor.py:830} INFO - Processing file /home/airflow/.local/lib/python3.12/site-packages/airflow/example_dags/tutorial_objectstorage.py for tasks to queue
[2024-07-09T02:21:46.938+0000] {logging_mixin.py:188} INFO - [2024-07-09T02:21:46.938+0000] {dagbag.py:545} INFO - Filling up the DagBag from /home/airflow/.local/lib/python3.12/site-packages/airflow/example_dags/tutorial_objectstorage.py
[2024-07-09T02:21:46.959+0000] {processor.py:840} INFO - DAG(s) 'tutorial_objectstorage' retrieved from /home/airflow/.local/lib/python3.12/site-packages/airflow/example_dags/tutorial_objectstorage.py
[2024-07-09T02:21:47.010+0000] {logging_mixin.py:188} INFO - [2024-07-09T02:21:47.009+0000] {dag.py:3096} INFO - Sync 1 DAGs
[2024-07-09T02:21:47.048+0000] {logging_mixin.py:188} INFO - [2024-07-09T02:21:47.048+0000] {dag.py:3954} INFO - Setting next_dagrun for tutorial_objectstorage to None, run_after=None
[2024-07-09T02:21:47.097+0000] {processor.py:183} INFO - Processing /home/airflow/.local/lib/python3.12/site-packages/airflow/example_dags/tutorial_objectstorage.py took 0.177 seconds
[2024-07-09T02:22:17.946+0000] {processor.py:161} INFO - Started process (PID=683) to work on /home/airflow/.local/lib/python3.12/site-packages/airflow/example_dags/tutorial_objectstorage.py
[2024-07-09T02:22:17.956+0000] {processor.py:830} INFO - Processing file /home/airflow/.local/lib/python3.12/site-packages/airflow/example_dags/tutorial_objectstorage.py for tasks to queue
[2024-07-09T02:22:17.962+0000] {logging_mixin.py:188} INFO - [2024-07-09T02:22:17.961+0000] {dagbag.py:545} INFO - Filling up the DagBag from /home/airflow/.local/lib/python3.12/site-packages/airflow/example_dags/tutorial_objectstorage.py
[2024-07-09T02:22:17.977+0000] {processor.py:840} INFO - DAG(s) 'tutorial_objectstorage' retrieved from /home/airflow/.local/lib/python3.12/site-packages/airflow/example_dags/tutorial_objectstorage.py
[2024-07-09T02:22:18.015+0000] {logging_mixin.py:188} INFO - [2024-07-09T02:22:18.015+0000] {dag.py:3096} INFO - Sync 1 DAGs
[2024-07-09T02:22:18.049+0000] {logging_mixin.py:188} INFO - [2024-07-09T02:22:18.049+0000] {dag.py:3954} INFO - Setting next_dagrun for tutorial_objectstorage to None, run_after=None
[2024-07-09T02:22:18.087+0000] {processor.py:183} INFO - Processing /home/airflow/.local/lib/python3.12/site-packages/airflow/example_dags/tutorial_objectstorage.py took 0.154 seconds
[2024-07-09T02:22:48.201+0000] {processor.py:161} INFO - Started process (PID=740) to work on /home/airflow/.local/lib/python3.12/site-packages/airflow/example_dags/tutorial_objectstorage.py
[2024-07-09T02:22:48.203+0000] {processor.py:830} INFO - Processing file /home/airflow/.local/lib/python3.12/site-packages/airflow/example_dags/tutorial_objectstorage.py for tasks to queue
[2024-07-09T02:22:48.206+0000] {logging_mixin.py:188} INFO - [2024-07-09T02:22:48.205+0000] {dagbag.py:545} INFO - Filling up the DagBag from /home/airflow/.local/lib/python3.12/site-packages/airflow/example_dags/tutorial_objectstorage.py
[2024-07-09T02:22:48.218+0000] {processor.py:840} INFO - DAG(s) 'tutorial_objectstorage' retrieved from /home/airflow/.local/lib/python3.12/site-packages/airflow/example_dags/tutorial_objectstorage.py
[2024-07-09T02:22:48.252+0000] {logging_mixin.py:188} INFO - [2024-07-09T02:22:48.252+0000] {dag.py:3096} INFO - Sync 1 DAGs
[2024-07-09T02:22:48.279+0000] {logging_mixin.py:188} INFO - [2024-07-09T02:22:48.279+0000] {dag.py:3954} INFO - Setting next_dagrun for tutorial_objectstorage to None, run_after=None
[2024-07-09T02:22:48.315+0000] {processor.py:183} INFO - Processing /home/airflow/.local/lib/python3.12/site-packages/airflow/example_dags/tutorial_objectstorage.py took 0.125 seconds
[2024-07-09T02:23:19.063+0000] {processor.py:161} INFO - Started process (PID=800) to work on /home/airflow/.local/lib/python3.12/site-packages/airflow/example_dags/tutorial_objectstorage.py
[2024-07-09T02:23:19.065+0000] {processor.py:830} INFO - Processing file /home/airflow/.local/lib/python3.12/site-packages/airflow/example_dags/tutorial_objectstorage.py for tasks to queue
[2024-07-09T02:23:19.069+0000] {logging_mixin.py:188} INFO - [2024-07-09T02:23:19.069+0000] {dagbag.py:545} INFO - Filling up the DagBag from /home/airflow/.local/lib/python3.12/site-packages/airflow/example_dags/tutorial_objectstorage.py
[2024-07-09T02:23:19.083+0000] {processor.py:840} INFO - DAG(s) 'tutorial_objectstorage' retrieved from /home/airflow/.local/lib/python3.12/site-packages/airflow/example_dags/tutorial_objectstorage.py
[2024-07-09T02:23:19.115+0000] {logging_mixin.py:188} INFO - [2024-07-09T02:23:19.115+0000] {dag.py:3096} INFO - Sync 1 DAGs
[2024-07-09T02:23:19.139+0000] {logging_mixin.py:188} INFO - [2024-07-09T02:23:19.138+0000] {dag.py:3954} INFO - Setting next_dagrun for tutorial_objectstorage to None, run_after=None
[2024-07-09T02:23:19.170+0000] {processor.py:183} INFO - Processing /home/airflow/.local/lib/python3.12/site-packages/airflow/example_dags/tutorial_objectstorage.py took 0.116 seconds
[2024-07-09T02:23:49.461+0000] {processor.py:161} INFO - Started process (PID=860) to work on /home/airflow/.local/lib/python3.12/site-packages/airflow/example_dags/tutorial_objectstorage.py
[2024-07-09T02:23:49.463+0000] {processor.py:830} INFO - Processing file /home/airflow/.local/lib/python3.12/site-packages/airflow/example_dags/tutorial_objectstorage.py for tasks to queue
[2024-07-09T02:23:49.468+0000] {logging_mixin.py:188} INFO - [2024-07-09T02:23:49.467+0000] {dagbag.py:545} INFO - Filling up the DagBag from /home/airflow/.local/lib/python3.12/site-packages/airflow/example_dags/tutorial_objectstorage.py
[2024-07-09T02:23:49.486+0000] {processor.py:840} INFO - DAG(s) 'tutorial_objectstorage' retrieved from /home/airflow/.local/lib/python3.12/site-packages/airflow/example_dags/tutorial_objectstorage.py
[2024-07-09T02:23:49.544+0000] {logging_mixin.py:188} INFO - [2024-07-09T02:23:49.543+0000] {dag.py:3096} INFO - Sync 1 DAGs
[2024-07-09T02:23:49.596+0000] {logging_mixin.py:188} INFO - [2024-07-09T02:23:49.596+0000] {dag.py:3954} INFO - Setting next_dagrun for tutorial_objectstorage to None, run_after=None
[2024-07-09T02:23:49.678+0000] {processor.py:183} INFO - Processing /home/airflow/.local/lib/python3.12/site-packages/airflow/example_dags/tutorial_objectstorage.py took 0.233 seconds
[2024-07-09T02:24:20.603+0000] {processor.py:161} INFO - Started process (PID=921) to work on /home/airflow/.local/lib/python3.12/site-packages/airflow/example_dags/tutorial_objectstorage.py
[2024-07-09T02:24:20.606+0000] {processor.py:830} INFO - Processing file /home/airflow/.local/lib/python3.12/site-packages/airflow/example_dags/tutorial_objectstorage.py for tasks to queue
[2024-07-09T02:24:20.612+0000] {logging_mixin.py:188} INFO - [2024-07-09T02:24:20.611+0000] {dagbag.py:545} INFO - Filling up the DagBag from /home/airflow/.local/lib/python3.12/site-packages/airflow/example_dags/tutorial_objectstorage.py
[2024-07-09T02:24:20.632+0000] {processor.py:840} INFO - DAG(s) 'tutorial_objectstorage' retrieved from /home/airflow/.local/lib/python3.12/site-packages/airflow/example_dags/tutorial_objectstorage.py
[2024-07-09T02:24:20.697+0000] {logging_mixin.py:188} INFO - [2024-07-09T02:24:20.696+0000] {dag.py:3096} INFO - Sync 1 DAGs
[2024-07-09T02:24:20.747+0000] {logging_mixin.py:188} INFO - [2024-07-09T02:24:20.746+0000] {dag.py:3954} INFO - Setting next_dagrun for tutorial_objectstorage to None, run_after=None
[2024-07-09T02:24:20.817+0000] {processor.py:183} INFO - Processing /home/airflow/.local/lib/python3.12/site-packages/airflow/example_dags/tutorial_objectstorage.py took 0.233 seconds
[2024-07-09T02:24:52.252+0000] {processor.py:161} INFO - Started process (PID=981) to work on /home/airflow/.local/lib/python3.12/site-packages/airflow/example_dags/tutorial_objectstorage.py
[2024-07-09T02:24:52.254+0000] {processor.py:830} INFO - Processing file /home/airflow/.local/lib/python3.12/site-packages/airflow/example_dags/tutorial_objectstorage.py for tasks to queue
[2024-07-09T02:24:52.261+0000] {logging_mixin.py:188} INFO - [2024-07-09T02:24:52.260+0000] {dagbag.py:545} INFO - Filling up the DagBag from /home/airflow/.local/lib/python3.12/site-packages/airflow/example_dags/tutorial_objectstorage.py
[2024-07-09T02:24:52.289+0000] {processor.py:840} INFO - DAG(s) 'tutorial_objectstorage' retrieved from /home/airflow/.local/lib/python3.12/site-packages/airflow/example_dags/tutorial_objectstorage.py
[2024-07-09T02:24:52.409+0000] {logging_mixin.py:188} INFO - [2024-07-09T02:24:52.409+0000] {dag.py:3096} INFO - Sync 1 DAGs
[2024-07-09T02:24:52.499+0000] {logging_mixin.py:188} INFO - [2024-07-09T02:24:52.499+0000] {dag.py:3954} INFO - Setting next_dagrun for tutorial_objectstorage to None, run_after=None
[2024-07-09T02:24:52.599+0000] {processor.py:183} INFO - Processing /home/airflow/.local/lib/python3.12/site-packages/airflow/example_dags/tutorial_objectstorage.py took 0.381 seconds
[2024-07-09T02:25:22.779+0000] {processor.py:161} INFO - Started process (PID=1049) to work on /home/airflow/.local/lib/python3.12/site-packages/airflow/example_dags/tutorial_objectstorage.py
[2024-07-09T02:25:22.781+0000] {processor.py:830} INFO - Processing file /home/airflow/.local/lib/python3.12/site-packages/airflow/example_dags/tutorial_objectstorage.py for tasks to queue
[2024-07-09T02:25:22.785+0000] {logging_mixin.py:188} INFO - [2024-07-09T02:25:22.785+0000] {dagbag.py:545} INFO - Filling up the DagBag from /home/airflow/.local/lib/python3.12/site-packages/airflow/example_dags/tutorial_objectstorage.py
[2024-07-09T02:25:22.800+0000] {processor.py:840} INFO - DAG(s) 'tutorial_objectstorage' retrieved from /home/airflow/.local/lib/python3.12/site-packages/airflow/example_dags/tutorial_objectstorage.py
[2024-07-09T02:25:22.838+0000] {logging_mixin.py:188} INFO - [2024-07-09T02:25:22.837+0000] {dag.py:3096} INFO - Sync 1 DAGs
[2024-07-09T02:25:22.867+0000] {logging_mixin.py:188} INFO - [2024-07-09T02:25:22.866+0000] {dag.py:3954} INFO - Setting next_dagrun for tutorial_objectstorage to None, run_after=None
[2024-07-09T02:25:22.906+0000] {processor.py:183} INFO - Processing /home/airflow/.local/lib/python3.12/site-packages/airflow/example_dags/tutorial_objectstorage.py took 0.142 seconds
[2024-07-09T02:25:53.925+0000] {processor.py:161} INFO - Started process (PID=1121) to work on /home/airflow/.local/lib/python3.12/site-packages/airflow/example_dags/tutorial_objectstorage.py
[2024-07-09T02:25:53.928+0000] {processor.py:830} INFO - Processing file /home/airflow/.local/lib/python3.12/site-packages/airflow/example_dags/tutorial_objectstorage.py for tasks to queue
[2024-07-09T02:25:53.933+0000] {logging_mixin.py:188} INFO - [2024-07-09T02:25:53.931+0000] {dagbag.py:545} INFO - Filling up the DagBag from /home/airflow/.local/lib/python3.12/site-packages/airflow/example_dags/tutorial_objectstorage.py
[2024-07-09T02:25:53.954+0000] {processor.py:840} INFO - DAG(s) 'tutorial_objectstorage' retrieved from /home/airflow/.local/lib/python3.12/site-packages/airflow/example_dags/tutorial_objectstorage.py
[2024-07-09T02:25:54.011+0000] {logging_mixin.py:188} INFO - [2024-07-09T02:25:54.011+0000] {dag.py:3096} INFO - Sync 1 DAGs
[2024-07-09T02:25:54.062+0000] {logging_mixin.py:188} INFO - [2024-07-09T02:25:54.061+0000] {dag.py:3954} INFO - Setting next_dagrun for tutorial_objectstorage to None, run_after=None
[2024-07-09T02:25:54.118+0000] {processor.py:183} INFO - Processing /home/airflow/.local/lib/python3.12/site-packages/airflow/example_dags/tutorial_objectstorage.py took 0.215 seconds
[2024-07-09T02:26:24.805+0000] {processor.py:161} INFO - Started process (PID=1181) to work on /home/airflow/.local/lib/python3.12/site-packages/airflow/example_dags/tutorial_objectstorage.py
[2024-07-09T02:26:24.807+0000] {processor.py:830} INFO - Processing file /home/airflow/.local/lib/python3.12/site-packages/airflow/example_dags/tutorial_objectstorage.py for tasks to queue
[2024-07-09T02:26:24.813+0000] {logging_mixin.py:188} INFO - [2024-07-09T02:26:24.812+0000] {dagbag.py:545} INFO - Filling up the DagBag from /home/airflow/.local/lib/python3.12/site-packages/airflow/example_dags/tutorial_objectstorage.py
[2024-07-09T02:26:24.828+0000] {processor.py:840} INFO - DAG(s) 'tutorial_objectstorage' retrieved from /home/airflow/.local/lib/python3.12/site-packages/airflow/example_dags/tutorial_objectstorage.py
[2024-07-09T02:26:24.873+0000] {logging_mixin.py:188} INFO - [2024-07-09T02:26:24.872+0000] {dag.py:3096} INFO - Sync 1 DAGs
[2024-07-09T02:26:24.906+0000] {logging_mixin.py:188} INFO - [2024-07-09T02:26:24.906+0000] {dag.py:3954} INFO - Setting next_dagrun for tutorial_objectstorage to None, run_after=None
[2024-07-09T02:26:24.951+0000] {processor.py:183} INFO - Processing /home/airflow/.local/lib/python3.12/site-packages/airflow/example_dags/tutorial_objectstorage.py took 0.162 seconds
[2024-07-09T02:26:55.828+0000] {processor.py:161} INFO - Started process (PID=1241) to work on /home/airflow/.local/lib/python3.12/site-packages/airflow/example_dags/tutorial_objectstorage.py
[2024-07-09T02:26:55.837+0000] {processor.py:830} INFO - Processing file /home/airflow/.local/lib/python3.12/site-packages/airflow/example_dags/tutorial_objectstorage.py for tasks to queue
[2024-07-09T02:26:55.845+0000] {logging_mixin.py:188} INFO - [2024-07-09T02:26:55.844+0000] {dagbag.py:545} INFO - Filling up the DagBag from /home/airflow/.local/lib/python3.12/site-packages/airflow/example_dags/tutorial_objectstorage.py
[2024-07-09T02:26:55.890+0000] {processor.py:840} INFO - DAG(s) 'tutorial_objectstorage' retrieved from /home/airflow/.local/lib/python3.12/site-packages/airflow/example_dags/tutorial_objectstorage.py
[2024-07-09T02:26:55.958+0000] {logging_mixin.py:188} INFO - [2024-07-09T02:26:55.958+0000] {dag.py:3096} INFO - Sync 1 DAGs
[2024-07-09T02:26:56.041+0000] {logging_mixin.py:188} INFO - [2024-07-09T02:26:56.040+0000] {dag.py:3954} INFO - Setting next_dagrun for tutorial_objectstorage to None, run_after=None
[2024-07-09T02:26:56.151+0000] {processor.py:183} INFO - Processing /home/airflow/.local/lib/python3.12/site-packages/airflow/example_dags/tutorial_objectstorage.py took 0.349 seconds
[2024-07-09T02:27:26.883+0000] {processor.py:161} INFO - Started process (PID=1305) to work on /home/airflow/.local/lib/python3.12/site-packages/airflow/example_dags/tutorial_objectstorage.py
[2024-07-09T02:27:26.884+0000] {processor.py:830} INFO - Processing file /home/airflow/.local/lib/python3.12/site-packages/airflow/example_dags/tutorial_objectstorage.py for tasks to queue
[2024-07-09T02:27:26.887+0000] {logging_mixin.py:188} INFO - [2024-07-09T02:27:26.887+0000] {dagbag.py:545} INFO - Filling up the DagBag from /home/airflow/.local/lib/python3.12/site-packages/airflow/example_dags/tutorial_objectstorage.py
[2024-07-09T02:27:26.900+0000] {processor.py:840} INFO - DAG(s) 'tutorial_objectstorage' retrieved from /home/airflow/.local/lib/python3.12/site-packages/airflow/example_dags/tutorial_objectstorage.py
[2024-07-09T02:27:26.936+0000] {logging_mixin.py:188} INFO - [2024-07-09T02:27:26.936+0000] {dag.py:3096} INFO - Sync 1 DAGs
[2024-07-09T02:27:26.964+0000] {logging_mixin.py:188} INFO - [2024-07-09T02:27:26.964+0000] {dag.py:3954} INFO - Setting next_dagrun for tutorial_objectstorage to None, run_after=None
[2024-07-09T02:27:27.002+0000] {processor.py:183} INFO - Processing /home/airflow/.local/lib/python3.12/site-packages/airflow/example_dags/tutorial_objectstorage.py took 0.131 seconds
[2024-07-09T02:27:57.336+0000] {processor.py:161} INFO - Started process (PID=1364) to work on /home/airflow/.local/lib/python3.12/site-packages/airflow/example_dags/tutorial_objectstorage.py
[2024-07-09T02:27:57.338+0000] {processor.py:830} INFO - Processing file /home/airflow/.local/lib/python3.12/site-packages/airflow/example_dags/tutorial_objectstorage.py for tasks to queue
[2024-07-09T02:27:57.343+0000] {logging_mixin.py:188} INFO - [2024-07-09T02:27:57.342+0000] {dagbag.py:545} INFO - Filling up the DagBag from /home/airflow/.local/lib/python3.12/site-packages/airflow/example_dags/tutorial_objectstorage.py
[2024-07-09T02:27:57.361+0000] {processor.py:840} INFO - DAG(s) 'tutorial_objectstorage' retrieved from /home/airflow/.local/lib/python3.12/site-packages/airflow/example_dags/tutorial_objectstorage.py
[2024-07-09T02:27:57.412+0000] {logging_mixin.py:188} INFO - [2024-07-09T02:27:57.412+0000] {dag.py:3096} INFO - Sync 1 DAGs
[2024-07-09T02:27:57.446+0000] {logging_mixin.py:188} INFO - [2024-07-09T02:27:57.446+0000] {dag.py:3954} INFO - Setting next_dagrun for tutorial_objectstorage to None, run_after=None
[2024-07-09T02:27:57.521+0000] {processor.py:183} INFO - Processing /home/airflow/.local/lib/python3.12/site-packages/airflow/example_dags/tutorial_objectstorage.py took 0.198 seconds
[2024-07-09T02:28:27.676+0000] {processor.py:161} INFO - Started process (PID=1423) to work on /home/airflow/.local/lib/python3.12/site-packages/airflow/example_dags/tutorial_objectstorage.py
[2024-07-09T02:28:27.680+0000] {processor.py:830} INFO - Processing file /home/airflow/.local/lib/python3.12/site-packages/airflow/example_dags/tutorial_objectstorage.py for tasks to queue
[2024-07-09T02:28:27.684+0000] {logging_mixin.py:188} INFO - [2024-07-09T02:28:27.683+0000] {dagbag.py:545} INFO - Filling up the DagBag from /home/airflow/.local/lib/python3.12/site-packages/airflow/example_dags/tutorial_objectstorage.py
[2024-07-09T02:28:27.705+0000] {processor.py:840} INFO - DAG(s) 'tutorial_objectstorage' retrieved from /home/airflow/.local/lib/python3.12/site-packages/airflow/example_dags/tutorial_objectstorage.py
[2024-07-09T02:28:27.767+0000] {logging_mixin.py:188} INFO - [2024-07-09T02:28:27.767+0000] {dag.py:3096} INFO - Sync 1 DAGs
[2024-07-09T02:28:27.812+0000] {logging_mixin.py:188} INFO - [2024-07-09T02:28:27.811+0000] {dag.py:3954} INFO - Setting next_dagrun for tutorial_objectstorage to None, run_after=None
[2024-07-09T02:28:27.889+0000] {processor.py:183} INFO - Processing /home/airflow/.local/lib/python3.12/site-packages/airflow/example_dags/tutorial_objectstorage.py took 0.243 seconds
[2024-07-09T02:29:00.790+0000] {processor.py:161} INFO - Started process (PID=1483) to work on /home/airflow/.local/lib/python3.12/site-packages/airflow/example_dags/tutorial_objectstorage.py
[2024-07-09T02:29:00.814+0000] {processor.py:830} INFO - Processing file /home/airflow/.local/lib/python3.12/site-packages/airflow/example_dags/tutorial_objectstorage.py for tasks to queue
[2024-07-09T02:29:00.833+0000] {logging_mixin.py:188} INFO - [2024-07-09T02:29:00.832+0000] {dagbag.py:545} INFO - Filling up the DagBag from /home/airflow/.local/lib/python3.12/site-packages/airflow/example_dags/tutorial_objectstorage.py
[2024-07-09T02:29:00.883+0000] {processor.py:840} INFO - DAG(s) 'tutorial_objectstorage' retrieved from /home/airflow/.local/lib/python3.12/site-packages/airflow/example_dags/tutorial_objectstorage.py
[2024-07-09T02:29:01.000+0000] {logging_mixin.py:188} INFO - [2024-07-09T02:29:00.988+0000] {dag.py:3096} INFO - Sync 1 DAGs
[2024-07-09T02:29:01.090+0000] {logging_mixin.py:188} INFO - [2024-07-09T02:29:01.090+0000] {dag.py:3954} INFO - Setting next_dagrun for tutorial_objectstorage to None, run_after=None
[2024-07-09T02:29:01.245+0000] {processor.py:183} INFO - Processing /home/airflow/.local/lib/python3.12/site-packages/airflow/example_dags/tutorial_objectstorage.py took 0.484 seconds
[2024-07-09T02:29:32.259+0000] {processor.py:161} INFO - Started process (PID=1542) to work on /home/airflow/.local/lib/python3.12/site-packages/airflow/example_dags/tutorial_objectstorage.py
[2024-07-09T02:29:32.264+0000] {processor.py:830} INFO - Processing file /home/airflow/.local/lib/python3.12/site-packages/airflow/example_dags/tutorial_objectstorage.py for tasks to queue
[2024-07-09T02:29:32.272+0000] {logging_mixin.py:188} INFO - [2024-07-09T02:29:32.271+0000] {dagbag.py:545} INFO - Filling up the DagBag from /home/airflow/.local/lib/python3.12/site-packages/airflow/example_dags/tutorial_objectstorage.py
[2024-07-09T02:29:32.309+0000] {processor.py:840} INFO - DAG(s) 'tutorial_objectstorage' retrieved from /home/airflow/.local/lib/python3.12/site-packages/airflow/example_dags/tutorial_objectstorage.py
[2024-07-09T02:29:32.393+0000] {logging_mixin.py:188} INFO - [2024-07-09T02:29:32.393+0000] {dag.py:3096} INFO - Sync 1 DAGs
[2024-07-09T02:29:32.494+0000] {logging_mixin.py:188} INFO - [2024-07-09T02:29:32.494+0000] {dag.py:3954} INFO - Setting next_dagrun for tutorial_objectstorage to None, run_after=None
[2024-07-09T02:29:32.607+0000] {processor.py:183} INFO - Processing /home/airflow/.local/lib/python3.12/site-packages/airflow/example_dags/tutorial_objectstorage.py took 0.372 seconds
[2024-07-09T02:30:02.824+0000] {processor.py:161} INFO - Started process (PID=1602) to work on /home/airflow/.local/lib/python3.12/site-packages/airflow/example_dags/tutorial_objectstorage.py
[2024-07-09T02:30:02.826+0000] {processor.py:830} INFO - Processing file /home/airflow/.local/lib/python3.12/site-packages/airflow/example_dags/tutorial_objectstorage.py for tasks to queue
[2024-07-09T02:30:02.830+0000] {logging_mixin.py:188} INFO - [2024-07-09T02:30:02.829+0000] {dagbag.py:545} INFO - Filling up the DagBag from /home/airflow/.local/lib/python3.12/site-packages/airflow/example_dags/tutorial_objectstorage.py
[2024-07-09T02:30:02.847+0000] {processor.py:840} INFO - DAG(s) 'tutorial_objectstorage' retrieved from /home/airflow/.local/lib/python3.12/site-packages/airflow/example_dags/tutorial_objectstorage.py
[2024-07-09T02:30:02.888+0000] {logging_mixin.py:188} INFO - [2024-07-09T02:30:02.887+0000] {dag.py:3096} INFO - Sync 1 DAGs
[2024-07-09T02:30:02.922+0000] {logging_mixin.py:188} INFO - [2024-07-09T02:30:02.921+0000] {dag.py:3954} INFO - Setting next_dagrun for tutorial_objectstorage to None, run_after=None
[2024-07-09T02:30:02.962+0000] {processor.py:183} INFO - Processing /home/airflow/.local/lib/python3.12/site-packages/airflow/example_dags/tutorial_objectstorage.py took 0.152 seconds
[2024-07-09T02:30:33.055+0000] {processor.py:161} INFO - Started process (PID=1662) to work on /home/airflow/.local/lib/python3.12/site-packages/airflow/example_dags/tutorial_objectstorage.py
[2024-07-09T02:30:33.057+0000] {processor.py:830} INFO - Processing file /home/airflow/.local/lib/python3.12/site-packages/airflow/example_dags/tutorial_objectstorage.py for tasks to queue
[2024-07-09T02:30:33.060+0000] {logging_mixin.py:188} INFO - [2024-07-09T02:30:33.059+0000] {dagbag.py:545} INFO - Filling up the DagBag from /home/airflow/.local/lib/python3.12/site-packages/airflow/example_dags/tutorial_objectstorage.py
[2024-07-09T02:30:33.074+0000] {processor.py:840} INFO - DAG(s) 'tutorial_objectstorage' retrieved from /home/airflow/.local/lib/python3.12/site-packages/airflow/example_dags/tutorial_objectstorage.py
[2024-07-09T02:30:33.116+0000] {logging_mixin.py:188} INFO - [2024-07-09T02:30:33.115+0000] {dag.py:3096} INFO - Sync 1 DAGs
[2024-07-09T02:30:33.164+0000] {logging_mixin.py:188} INFO - [2024-07-09T02:30:33.164+0000] {dag.py:3954} INFO - Setting next_dagrun for tutorial_objectstorage to None, run_after=None
[2024-07-09T02:30:33.226+0000] {processor.py:183} INFO - Processing /home/airflow/.local/lib/python3.12/site-packages/airflow/example_dags/tutorial_objectstorage.py took 0.186 seconds
[2024-07-09T02:31:04.247+0000] {processor.py:161} INFO - Started process (PID=1722) to work on /home/airflow/.local/lib/python3.12/site-packages/airflow/example_dags/tutorial_objectstorage.py
[2024-07-09T02:31:04.248+0000] {processor.py:830} INFO - Processing file /home/airflow/.local/lib/python3.12/site-packages/airflow/example_dags/tutorial_objectstorage.py for tasks to queue
[2024-07-09T02:31:04.252+0000] {logging_mixin.py:188} INFO - [2024-07-09T02:31:04.251+0000] {dagbag.py:545} INFO - Filling up the DagBag from /home/airflow/.local/lib/python3.12/site-packages/airflow/example_dags/tutorial_objectstorage.py
[2024-07-09T02:31:04.264+0000] {processor.py:840} INFO - DAG(s) 'tutorial_objectstorage' retrieved from /home/airflow/.local/lib/python3.12/site-packages/airflow/example_dags/tutorial_objectstorage.py
[2024-07-09T02:31:04.296+0000] {logging_mixin.py:188} INFO - [2024-07-09T02:31:04.296+0000] {dag.py:3096} INFO - Sync 1 DAGs
[2024-07-09T02:31:04.332+0000] {logging_mixin.py:188} INFO - [2024-07-09T02:31:04.332+0000] {dag.py:3954} INFO - Setting next_dagrun for tutorial_objectstorage to None, run_after=None
[2024-07-09T02:31:04.401+0000] {processor.py:183} INFO - Processing /home/airflow/.local/lib/python3.12/site-packages/airflow/example_dags/tutorial_objectstorage.py took 0.165 seconds
[2024-07-09T02:31:35.832+0000] {processor.py:161} INFO - Started process (PID=1782) to work on /home/airflow/.local/lib/python3.12/site-packages/airflow/example_dags/tutorial_objectstorage.py
[2024-07-09T02:31:35.834+0000] {processor.py:830} INFO - Processing file /home/airflow/.local/lib/python3.12/site-packages/airflow/example_dags/tutorial_objectstorage.py for tasks to queue
[2024-07-09T02:31:35.837+0000] {logging_mixin.py:188} INFO - [2024-07-09T02:31:35.837+0000] {dagbag.py:545} INFO - Filling up the DagBag from /home/airflow/.local/lib/python3.12/site-packages/airflow/example_dags/tutorial_objectstorage.py
[2024-07-09T02:31:35.852+0000] {processor.py:840} INFO - DAG(s) 'tutorial_objectstorage' retrieved from /home/airflow/.local/lib/python3.12/site-packages/airflow/example_dags/tutorial_objectstorage.py
[2024-07-09T02:31:35.891+0000] {logging_mixin.py:188} INFO - [2024-07-09T02:31:35.890+0000] {dag.py:3096} INFO - Sync 1 DAGs
[2024-07-09T02:31:35.927+0000] {logging_mixin.py:188} INFO - [2024-07-09T02:31:35.927+0000] {dag.py:3954} INFO - Setting next_dagrun for tutorial_objectstorage to None, run_after=None
[2024-07-09T02:31:35.974+0000] {processor.py:183} INFO - Processing /home/airflow/.local/lib/python3.12/site-packages/airflow/example_dags/tutorial_objectstorage.py took 0.154 seconds
[2024-07-09T02:32:07.792+0000] {processor.py:161} INFO - Started process (PID=1842) to work on /home/airflow/.local/lib/python3.12/site-packages/airflow/example_dags/tutorial_objectstorage.py
[2024-07-09T02:32:07.795+0000] {processor.py:830} INFO - Processing file /home/airflow/.local/lib/python3.12/site-packages/airflow/example_dags/tutorial_objectstorage.py for tasks to queue
[2024-07-09T02:32:07.800+0000] {logging_mixin.py:188} INFO - [2024-07-09T02:32:07.799+0000] {dagbag.py:545} INFO - Filling up the DagBag from /home/airflow/.local/lib/python3.12/site-packages/airflow/example_dags/tutorial_objectstorage.py
[2024-07-09T02:32:07.817+0000] {processor.py:840} INFO - DAG(s) 'tutorial_objectstorage' retrieved from /home/airflow/.local/lib/python3.12/site-packages/airflow/example_dags/tutorial_objectstorage.py
[2024-07-09T02:32:07.863+0000] {logging_mixin.py:188} INFO - [2024-07-09T02:32:07.862+0000] {dag.py:3096} INFO - Sync 1 DAGs
[2024-07-09T02:32:08.166+0000] {logging_mixin.py:188} INFO - [2024-07-09T02:32:08.166+0000] {dag.py:3954} INFO - Setting next_dagrun for tutorial_objectstorage to None, run_after=None
[2024-07-09T02:32:08.198+0000] {processor.py:183} INFO - Processing /home/airflow/.local/lib/python3.12/site-packages/airflow/example_dags/tutorial_objectstorage.py took 0.420 seconds
[2024-07-09T02:32:38.930+0000] {processor.py:161} INFO - Started process (PID=1902) to work on /home/airflow/.local/lib/python3.12/site-packages/airflow/example_dags/tutorial_objectstorage.py
[2024-07-09T02:32:38.931+0000] {processor.py:830} INFO - Processing file /home/airflow/.local/lib/python3.12/site-packages/airflow/example_dags/tutorial_objectstorage.py for tasks to queue
[2024-07-09T02:32:38.934+0000] {logging_mixin.py:188} INFO - [2024-07-09T02:32:38.934+0000] {dagbag.py:545} INFO - Filling up the DagBag from /home/airflow/.local/lib/python3.12/site-packages/airflow/example_dags/tutorial_objectstorage.py
[2024-07-09T02:32:38.945+0000] {processor.py:840} INFO - DAG(s) 'tutorial_objectstorage' retrieved from /home/airflow/.local/lib/python3.12/site-packages/airflow/example_dags/tutorial_objectstorage.py
[2024-07-09T02:32:38.973+0000] {logging_mixin.py:188} INFO - [2024-07-09T02:32:38.973+0000] {dag.py:3096} INFO - Sync 1 DAGs
[2024-07-09T02:32:38.993+0000] {logging_mixin.py:188} INFO - [2024-07-09T02:32:38.993+0000] {dag.py:3954} INFO - Setting next_dagrun for tutorial_objectstorage to None, run_after=None
[2024-07-09T02:32:39.028+0000] {processor.py:183} INFO - Processing /home/airflow/.local/lib/python3.12/site-packages/airflow/example_dags/tutorial_objectstorage.py took 0.110 seconds
[2024-07-09T02:33:09.125+0000] {processor.py:161} INFO - Started process (PID=1960) to work on /home/airflow/.local/lib/python3.12/site-packages/airflow/example_dags/tutorial_objectstorage.py
[2024-07-09T02:33:09.127+0000] {processor.py:830} INFO - Processing file /home/airflow/.local/lib/python3.12/site-packages/airflow/example_dags/tutorial_objectstorage.py for tasks to queue
[2024-07-09T02:33:09.129+0000] {logging_mixin.py:188} INFO - [2024-07-09T02:33:09.129+0000] {dagbag.py:545} INFO - Filling up the DagBag from /home/airflow/.local/lib/python3.12/site-packages/airflow/example_dags/tutorial_objectstorage.py
[2024-07-09T02:33:09.139+0000] {processor.py:840} INFO - DAG(s) 'tutorial_objectstorage' retrieved from /home/airflow/.local/lib/python3.12/site-packages/airflow/example_dags/tutorial_objectstorage.py
[2024-07-09T02:33:09.160+0000] {logging_mixin.py:188} INFO - [2024-07-09T02:33:09.159+0000] {dag.py:3096} INFO - Sync 1 DAGs
[2024-07-09T02:33:09.176+0000] {logging_mixin.py:188} INFO - [2024-07-09T02:33:09.175+0000] {dag.py:3954} INFO - Setting next_dagrun for tutorial_objectstorage to None, run_after=None
[2024-07-09T02:33:09.199+0000] {processor.py:183} INFO - Processing /home/airflow/.local/lib/python3.12/site-packages/airflow/example_dags/tutorial_objectstorage.py took 0.080 seconds
[2024-07-09T02:33:39.323+0000] {processor.py:161} INFO - Started process (PID=2021) to work on /home/airflow/.local/lib/python3.12/site-packages/airflow/example_dags/tutorial_objectstorage.py
[2024-07-09T02:33:39.324+0000] {processor.py:830} INFO - Processing file /home/airflow/.local/lib/python3.12/site-packages/airflow/example_dags/tutorial_objectstorage.py for tasks to queue
[2024-07-09T02:33:39.326+0000] {logging_mixin.py:188} INFO - [2024-07-09T02:33:39.326+0000] {dagbag.py:545} INFO - Filling up the DagBag from /home/airflow/.local/lib/python3.12/site-packages/airflow/example_dags/tutorial_objectstorage.py
[2024-07-09T02:33:39.334+0000] {processor.py:840} INFO - DAG(s) 'tutorial_objectstorage' retrieved from /home/airflow/.local/lib/python3.12/site-packages/airflow/example_dags/tutorial_objectstorage.py
[2024-07-09T02:33:39.356+0000] {logging_mixin.py:188} INFO - [2024-07-09T02:33:39.355+0000] {dag.py:3096} INFO - Sync 1 DAGs
[2024-07-09T02:33:39.370+0000] {logging_mixin.py:188} INFO - [2024-07-09T02:33:39.369+0000] {dag.py:3954} INFO - Setting next_dagrun for tutorial_objectstorage to None, run_after=None
[2024-07-09T02:33:39.393+0000] {processor.py:183} INFO - Processing /home/airflow/.local/lib/python3.12/site-packages/airflow/example_dags/tutorial_objectstorage.py took 0.076 seconds
