[2024-07-09T01:48:46.449+0000] {processor.py:161} INFO - Started process (PID=52) to work on /home/airflow/.local/lib/python3.12/site-packages/airflow/example_dags/tutorial_taskflow_api.py
[2024-07-09T01:48:46.450+0000] {processor.py:830} INFO - Processing file /home/airflow/.local/lib/python3.12/site-packages/airflow/example_dags/tutorial_taskflow_api.py for tasks to queue
[2024-07-09T01:48:46.453+0000] {logging_mixin.py:188} INFO - [2024-07-09T01:48:46.452+0000] {dagbag.py:545} INFO - Filling up the DagBag from /home/airflow/.local/lib/python3.12/site-packages/airflow/example_dags/tutorial_taskflow_api.py
[2024-07-09T01:48:46.467+0000] {processor.py:840} INFO - DAG(s) 'tutorial_taskflow_api' retrieved from /home/airflow/.local/lib/python3.12/site-packages/airflow/example_dags/tutorial_taskflow_api.py
[2024-07-09T01:48:46.658+0000] {logging_mixin.py:188} INFO - [2024-07-09T01:48:46.657+0000] {override.py:1829} INFO - Created Permission View: can edit on DAG:tutorial_taskflow_api
[2024-07-09T01:48:46.687+0000] {logging_mixin.py:188} INFO - [2024-07-09T01:48:46.686+0000] {override.py:1829} INFO - Created Permission View: can read on DAG:tutorial_taskflow_api
[2024-07-09T01:48:46.703+0000] {logging_mixin.py:188} INFO - [2024-07-09T01:48:46.702+0000] {override.py:1829} INFO - Created Permission View: can delete on DAG:tutorial_taskflow_api
[2024-07-09T01:48:46.705+0000] {logging_mixin.py:188} INFO - [2024-07-09T01:48:46.705+0000] {dag.py:3096} INFO - Sync 1 DAGs
[2024-07-09T01:48:46.738+0000] {logging_mixin.py:188} INFO - [2024-07-09T01:48:46.737+0000] {dag.py:3118} INFO - Creating ORM DAG for tutorial_taskflow_api
[2024-07-09T01:48:46.739+0000] {logging_mixin.py:188} INFO - [2024-07-09T01:48:46.739+0000] {dag.py:3954} INFO - Setting next_dagrun for tutorial_taskflow_api to None, run_after=None
[2024-07-09T01:48:46.770+0000] {processor.py:183} INFO - Processing /home/airflow/.local/lib/python3.12/site-packages/airflow/example_dags/tutorial_taskflow_api.py took 0.330 seconds
[2024-07-09T01:49:16.874+0000] {processor.py:161} INFO - Started process (PID=112) to work on /home/airflow/.local/lib/python3.12/site-packages/airflow/example_dags/tutorial_taskflow_api.py
[2024-07-09T01:49:16.875+0000] {processor.py:830} INFO - Processing file /home/airflow/.local/lib/python3.12/site-packages/airflow/example_dags/tutorial_taskflow_api.py for tasks to queue
[2024-07-09T01:49:16.878+0000] {logging_mixin.py:188} INFO - [2024-07-09T01:49:16.877+0000] {dagbag.py:545} INFO - Filling up the DagBag from /home/airflow/.local/lib/python3.12/site-packages/airflow/example_dags/tutorial_taskflow_api.py
[2024-07-09T01:49:16.886+0000] {processor.py:840} INFO - DAG(s) 'tutorial_taskflow_api' retrieved from /home/airflow/.local/lib/python3.12/site-packages/airflow/example_dags/tutorial_taskflow_api.py
[2024-07-09T01:49:16.912+0000] {logging_mixin.py:188} INFO - [2024-07-09T01:49:16.912+0000] {dag.py:3096} INFO - Sync 1 DAGs
[2024-07-09T01:49:16.931+0000] {logging_mixin.py:188} INFO - [2024-07-09T01:49:16.930+0000] {dag.py:3954} INFO - Setting next_dagrun for tutorial_taskflow_api to None, run_after=None
[2024-07-09T01:49:16.962+0000] {processor.py:183} INFO - Processing /home/airflow/.local/lib/python3.12/site-packages/airflow/example_dags/tutorial_taskflow_api.py took 0.096 seconds
[2024-07-09T01:49:47.966+0000] {processor.py:161} INFO - Started process (PID=172) to work on /home/airflow/.local/lib/python3.12/site-packages/airflow/example_dags/tutorial_taskflow_api.py
[2024-07-09T01:49:47.967+0000] {processor.py:830} INFO - Processing file /home/airflow/.local/lib/python3.12/site-packages/airflow/example_dags/tutorial_taskflow_api.py for tasks to queue
[2024-07-09T01:49:47.970+0000] {logging_mixin.py:188} INFO - [2024-07-09T01:49:47.969+0000] {dagbag.py:545} INFO - Filling up the DagBag from /home/airflow/.local/lib/python3.12/site-packages/airflow/example_dags/tutorial_taskflow_api.py
[2024-07-09T01:49:47.977+0000] {processor.py:840} INFO - DAG(s) 'tutorial_taskflow_api' retrieved from /home/airflow/.local/lib/python3.12/site-packages/airflow/example_dags/tutorial_taskflow_api.py
[2024-07-09T01:49:48.015+0000] {logging_mixin.py:188} INFO - [2024-07-09T01:49:48.015+0000] {dag.py:3096} INFO - Sync 1 DAGs
[2024-07-09T01:49:48.068+0000] {logging_mixin.py:188} INFO - [2024-07-09T01:49:48.067+0000] {dag.py:3954} INFO - Setting next_dagrun for tutorial_taskflow_api to None, run_after=None
[2024-07-09T01:49:48.139+0000] {processor.py:183} INFO - Processing /home/airflow/.local/lib/python3.12/site-packages/airflow/example_dags/tutorial_taskflow_api.py took 0.182 seconds
[2024-07-09T01:50:18.396+0000] {processor.py:161} INFO - Started process (PID=230) to work on /home/airflow/.local/lib/python3.12/site-packages/airflow/example_dags/tutorial_taskflow_api.py
[2024-07-09T01:50:18.398+0000] {processor.py:830} INFO - Processing file /home/airflow/.local/lib/python3.12/site-packages/airflow/example_dags/tutorial_taskflow_api.py for tasks to queue
[2024-07-09T01:50:18.400+0000] {logging_mixin.py:188} INFO - [2024-07-09T01:50:18.400+0000] {dagbag.py:545} INFO - Filling up the DagBag from /home/airflow/.local/lib/python3.12/site-packages/airflow/example_dags/tutorial_taskflow_api.py
[2024-07-09T01:50:18.409+0000] {processor.py:840} INFO - DAG(s) 'tutorial_taskflow_api' retrieved from /home/airflow/.local/lib/python3.12/site-packages/airflow/example_dags/tutorial_taskflow_api.py
[2024-07-09T01:50:18.442+0000] {logging_mixin.py:188} INFO - [2024-07-09T01:50:18.441+0000] {dag.py:3096} INFO - Sync 1 DAGs
[2024-07-09T01:50:18.465+0000] {logging_mixin.py:188} INFO - [2024-07-09T01:50:18.464+0000] {dag.py:3954} INFO - Setting next_dagrun for tutorial_taskflow_api to None, run_after=None
[2024-07-09T01:50:18.495+0000] {processor.py:183} INFO - Processing /home/airflow/.local/lib/python3.12/site-packages/airflow/example_dags/tutorial_taskflow_api.py took 0.111 seconds
[2024-07-09T01:50:48.714+0000] {processor.py:161} INFO - Started process (PID=290) to work on /home/airflow/.local/lib/python3.12/site-packages/airflow/example_dags/tutorial_taskflow_api.py
[2024-07-09T01:50:48.716+0000] {processor.py:830} INFO - Processing file /home/airflow/.local/lib/python3.12/site-packages/airflow/example_dags/tutorial_taskflow_api.py for tasks to queue
[2024-07-09T01:50:48.720+0000] {logging_mixin.py:188} INFO - [2024-07-09T01:50:48.720+0000] {dagbag.py:545} INFO - Filling up the DagBag from /home/airflow/.local/lib/python3.12/site-packages/airflow/example_dags/tutorial_taskflow_api.py
[2024-07-09T01:50:48.733+0000] {processor.py:840} INFO - DAG(s) 'tutorial_taskflow_api' retrieved from /home/airflow/.local/lib/python3.12/site-packages/airflow/example_dags/tutorial_taskflow_api.py
[2024-07-09T01:50:48.771+0000] {logging_mixin.py:188} INFO - [2024-07-09T01:50:48.770+0000] {dag.py:3096} INFO - Sync 1 DAGs
[2024-07-09T01:50:48.793+0000] {logging_mixin.py:188} INFO - [2024-07-09T01:50:48.793+0000] {dag.py:3954} INFO - Setting next_dagrun for tutorial_taskflow_api to None, run_after=None
[2024-07-09T01:50:48.831+0000] {processor.py:183} INFO - Processing /home/airflow/.local/lib/python3.12/site-packages/airflow/example_dags/tutorial_taskflow_api.py took 0.132 seconds
[2024-07-09T01:51:19.420+0000] {processor.py:161} INFO - Started process (PID=350) to work on /home/airflow/.local/lib/python3.12/site-packages/airflow/example_dags/tutorial_taskflow_api.py
[2024-07-09T01:51:19.421+0000] {processor.py:830} INFO - Processing file /home/airflow/.local/lib/python3.12/site-packages/airflow/example_dags/tutorial_taskflow_api.py for tasks to queue
[2024-07-09T01:51:19.424+0000] {logging_mixin.py:188} INFO - [2024-07-09T01:51:19.423+0000] {dagbag.py:545} INFO - Filling up the DagBag from /home/airflow/.local/lib/python3.12/site-packages/airflow/example_dags/tutorial_taskflow_api.py
[2024-07-09T01:51:19.431+0000] {processor.py:840} INFO - DAG(s) 'tutorial_taskflow_api' retrieved from /home/airflow/.local/lib/python3.12/site-packages/airflow/example_dags/tutorial_taskflow_api.py
[2024-07-09T01:51:19.456+0000] {logging_mixin.py:188} INFO - [2024-07-09T01:51:19.455+0000] {dag.py:3096} INFO - Sync 1 DAGs
[2024-07-09T01:51:19.469+0000] {logging_mixin.py:188} INFO - [2024-07-09T01:51:19.469+0000] {dag.py:3954} INFO - Setting next_dagrun for tutorial_taskflow_api to None, run_after=None
[2024-07-09T01:51:19.491+0000] {processor.py:183} INFO - Processing /home/airflow/.local/lib/python3.12/site-packages/airflow/example_dags/tutorial_taskflow_api.py took 0.078 seconds
[2024-07-09T01:51:49.838+0000] {processor.py:161} INFO - Started process (PID=410) to work on /home/airflow/.local/lib/python3.12/site-packages/airflow/example_dags/tutorial_taskflow_api.py
[2024-07-09T01:51:49.839+0000] {processor.py:830} INFO - Processing file /home/airflow/.local/lib/python3.12/site-packages/airflow/example_dags/tutorial_taskflow_api.py for tasks to queue
[2024-07-09T01:51:49.841+0000] {logging_mixin.py:188} INFO - [2024-07-09T01:51:49.841+0000] {dagbag.py:545} INFO - Filling up the DagBag from /home/airflow/.local/lib/python3.12/site-packages/airflow/example_dags/tutorial_taskflow_api.py
[2024-07-09T01:51:49.848+0000] {processor.py:840} INFO - DAG(s) 'tutorial_taskflow_api' retrieved from /home/airflow/.local/lib/python3.12/site-packages/airflow/example_dags/tutorial_taskflow_api.py
[2024-07-09T01:51:49.896+0000] {logging_mixin.py:188} INFO - [2024-07-09T01:51:49.895+0000] {dag.py:3096} INFO - Sync 1 DAGs
[2024-07-09T01:51:49.923+0000] {logging_mixin.py:188} INFO - [2024-07-09T01:51:49.923+0000] {dag.py:3954} INFO - Setting next_dagrun for tutorial_taskflow_api to None, run_after=None
[2024-07-09T01:51:49.971+0000] {processor.py:183} INFO - Processing /home/airflow/.local/lib/python3.12/site-packages/airflow/example_dags/tutorial_taskflow_api.py took 0.142 seconds
[2024-07-09T01:52:20.644+0000] {processor.py:161} INFO - Started process (PID=470) to work on /home/airflow/.local/lib/python3.12/site-packages/airflow/example_dags/tutorial_taskflow_api.py
[2024-07-09T01:52:20.645+0000] {processor.py:830} INFO - Processing file /home/airflow/.local/lib/python3.12/site-packages/airflow/example_dags/tutorial_taskflow_api.py for tasks to queue
[2024-07-09T01:52:20.648+0000] {logging_mixin.py:188} INFO - [2024-07-09T01:52:20.647+0000] {dagbag.py:545} INFO - Filling up the DagBag from /home/airflow/.local/lib/python3.12/site-packages/airflow/example_dags/tutorial_taskflow_api.py
[2024-07-09T01:52:20.656+0000] {processor.py:840} INFO - DAG(s) 'tutorial_taskflow_api' retrieved from /home/airflow/.local/lib/python3.12/site-packages/airflow/example_dags/tutorial_taskflow_api.py
[2024-07-09T01:52:20.683+0000] {logging_mixin.py:188} INFO - [2024-07-09T01:52:20.682+0000] {dag.py:3096} INFO - Sync 1 DAGs
[2024-07-09T01:52:20.704+0000] {logging_mixin.py:188} INFO - [2024-07-09T01:52:20.704+0000] {dag.py:3954} INFO - Setting next_dagrun for tutorial_taskflow_api to None, run_after=None
[2024-07-09T01:52:20.737+0000] {processor.py:183} INFO - Processing /home/airflow/.local/lib/python3.12/site-packages/airflow/example_dags/tutorial_taskflow_api.py took 0.101 seconds
[2024-07-09T01:52:51.329+0000] {processor.py:161} INFO - Started process (PID=530) to work on /home/airflow/.local/lib/python3.12/site-packages/airflow/example_dags/tutorial_taskflow_api.py
[2024-07-09T01:52:51.330+0000] {processor.py:830} INFO - Processing file /home/airflow/.local/lib/python3.12/site-packages/airflow/example_dags/tutorial_taskflow_api.py for tasks to queue
[2024-07-09T01:52:51.333+0000] {logging_mixin.py:188} INFO - [2024-07-09T01:52:51.333+0000] {dagbag.py:545} INFO - Filling up the DagBag from /home/airflow/.local/lib/python3.12/site-packages/airflow/example_dags/tutorial_taskflow_api.py
[2024-07-09T01:52:51.340+0000] {processor.py:840} INFO - DAG(s) 'tutorial_taskflow_api' retrieved from /home/airflow/.local/lib/python3.12/site-packages/airflow/example_dags/tutorial_taskflow_api.py
[2024-07-09T01:52:51.366+0000] {logging_mixin.py:188} INFO - [2024-07-09T01:52:51.366+0000] {dag.py:3096} INFO - Sync 1 DAGs
[2024-07-09T01:52:51.382+0000] {logging_mixin.py:188} INFO - [2024-07-09T01:52:51.382+0000] {dag.py:3954} INFO - Setting next_dagrun for tutorial_taskflow_api to None, run_after=None
[2024-07-09T01:52:51.410+0000] {processor.py:183} INFO - Processing /home/airflow/.local/lib/python3.12/site-packages/airflow/example_dags/tutorial_taskflow_api.py took 0.088 seconds
[2024-07-09T01:53:21.764+0000] {processor.py:161} INFO - Started process (PID=590) to work on /home/airflow/.local/lib/python3.12/site-packages/airflow/example_dags/tutorial_taskflow_api.py
[2024-07-09T01:53:21.765+0000] {processor.py:830} INFO - Processing file /home/airflow/.local/lib/python3.12/site-packages/airflow/example_dags/tutorial_taskflow_api.py for tasks to queue
[2024-07-09T01:53:21.768+0000] {logging_mixin.py:188} INFO - [2024-07-09T01:53:21.768+0000] {dagbag.py:545} INFO - Filling up the DagBag from /home/airflow/.local/lib/python3.12/site-packages/airflow/example_dags/tutorial_taskflow_api.py
[2024-07-09T01:53:21.776+0000] {processor.py:840} INFO - DAG(s) 'tutorial_taskflow_api' retrieved from /home/airflow/.local/lib/python3.12/site-packages/airflow/example_dags/tutorial_taskflow_api.py
[2024-07-09T01:53:21.807+0000] {logging_mixin.py:188} INFO - [2024-07-09T01:53:21.806+0000] {dag.py:3096} INFO - Sync 1 DAGs
[2024-07-09T01:53:21.826+0000] {logging_mixin.py:188} INFO - [2024-07-09T01:53:21.825+0000] {dag.py:3954} INFO - Setting next_dagrun for tutorial_taskflow_api to None, run_after=None
[2024-07-09T01:53:21.852+0000] {processor.py:183} INFO - Processing /home/airflow/.local/lib/python3.12/site-packages/airflow/example_dags/tutorial_taskflow_api.py took 0.098 seconds
[2024-07-09T01:53:51.982+0000] {processor.py:161} INFO - Started process (PID=649) to work on /home/airflow/.local/lib/python3.12/site-packages/airflow/example_dags/tutorial_taskflow_api.py
[2024-07-09T01:53:51.983+0000] {processor.py:830} INFO - Processing file /home/airflow/.local/lib/python3.12/site-packages/airflow/example_dags/tutorial_taskflow_api.py for tasks to queue
[2024-07-09T01:53:51.986+0000] {logging_mixin.py:188} INFO - [2024-07-09T01:53:51.985+0000] {dagbag.py:545} INFO - Filling up the DagBag from /home/airflow/.local/lib/python3.12/site-packages/airflow/example_dags/tutorial_taskflow_api.py
[2024-07-09T01:53:51.994+0000] {processor.py:840} INFO - DAG(s) 'tutorial_taskflow_api' retrieved from /home/airflow/.local/lib/python3.12/site-packages/airflow/example_dags/tutorial_taskflow_api.py
[2024-07-09T01:53:52.021+0000] {logging_mixin.py:188} INFO - [2024-07-09T01:53:52.021+0000] {dag.py:3096} INFO - Sync 1 DAGs
[2024-07-09T01:53:52.037+0000] {logging_mixin.py:188} INFO - [2024-07-09T01:53:52.036+0000] {dag.py:3954} INFO - Setting next_dagrun for tutorial_taskflow_api to None, run_after=None
[2024-07-09T01:53:52.065+0000] {processor.py:183} INFO - Processing /home/airflow/.local/lib/python3.12/site-packages/airflow/example_dags/tutorial_taskflow_api.py took 0.090 seconds
[2024-07-09T01:54:22.604+0000] {processor.py:161} INFO - Started process (PID=709) to work on /home/airflow/.local/lib/python3.12/site-packages/airflow/example_dags/tutorial_taskflow_api.py
[2024-07-09T01:54:22.605+0000] {processor.py:830} INFO - Processing file /home/airflow/.local/lib/python3.12/site-packages/airflow/example_dags/tutorial_taskflow_api.py for tasks to queue
[2024-07-09T01:54:22.607+0000] {logging_mixin.py:188} INFO - [2024-07-09T01:54:22.607+0000] {dagbag.py:545} INFO - Filling up the DagBag from /home/airflow/.local/lib/python3.12/site-packages/airflow/example_dags/tutorial_taskflow_api.py
[2024-07-09T01:54:22.614+0000] {processor.py:840} INFO - DAG(s) 'tutorial_taskflow_api' retrieved from /home/airflow/.local/lib/python3.12/site-packages/airflow/example_dags/tutorial_taskflow_api.py
[2024-07-09T01:54:22.642+0000] {logging_mixin.py:188} INFO - [2024-07-09T01:54:22.642+0000] {dag.py:3096} INFO - Sync 1 DAGs
[2024-07-09T01:54:22.664+0000] {logging_mixin.py:188} INFO - [2024-07-09T01:54:22.664+0000] {dag.py:3954} INFO - Setting next_dagrun for tutorial_taskflow_api to None, run_after=None
[2024-07-09T01:54:22.708+0000] {processor.py:183} INFO - Processing /home/airflow/.local/lib/python3.12/site-packages/airflow/example_dags/tutorial_taskflow_api.py took 0.112 seconds
[2024-07-09T01:54:53.041+0000] {processor.py:161} INFO - Started process (PID=769) to work on /home/airflow/.local/lib/python3.12/site-packages/airflow/example_dags/tutorial_taskflow_api.py
[2024-07-09T01:54:53.042+0000] {processor.py:830} INFO - Processing file /home/airflow/.local/lib/python3.12/site-packages/airflow/example_dags/tutorial_taskflow_api.py for tasks to queue
[2024-07-09T01:54:53.046+0000] {logging_mixin.py:188} INFO - [2024-07-09T01:54:53.046+0000] {dagbag.py:545} INFO - Filling up the DagBag from /home/airflow/.local/lib/python3.12/site-packages/airflow/example_dags/tutorial_taskflow_api.py
[2024-07-09T01:54:53.057+0000] {processor.py:840} INFO - DAG(s) 'tutorial_taskflow_api' retrieved from /home/airflow/.local/lib/python3.12/site-packages/airflow/example_dags/tutorial_taskflow_api.py
[2024-07-09T01:54:53.091+0000] {logging_mixin.py:188} INFO - [2024-07-09T01:54:53.091+0000] {dag.py:3096} INFO - Sync 1 DAGs
[2024-07-09T01:54:53.117+0000] {logging_mixin.py:188} INFO - [2024-07-09T01:54:53.117+0000] {dag.py:3954} INFO - Setting next_dagrun for tutorial_taskflow_api to None, run_after=None
[2024-07-09T01:54:53.149+0000] {processor.py:183} INFO - Processing /home/airflow/.local/lib/python3.12/site-packages/airflow/example_dags/tutorial_taskflow_api.py took 0.118 seconds
[2024-07-09T01:55:23.259+0000] {processor.py:161} INFO - Started process (PID=828) to work on /home/airflow/.local/lib/python3.12/site-packages/airflow/example_dags/tutorial_taskflow_api.py
[2024-07-09T01:55:23.260+0000] {processor.py:830} INFO - Processing file /home/airflow/.local/lib/python3.12/site-packages/airflow/example_dags/tutorial_taskflow_api.py for tasks to queue
[2024-07-09T01:55:23.263+0000] {logging_mixin.py:188} INFO - [2024-07-09T01:55:23.263+0000] {dagbag.py:545} INFO - Filling up the DagBag from /home/airflow/.local/lib/python3.12/site-packages/airflow/example_dags/tutorial_taskflow_api.py
[2024-07-09T01:55:23.270+0000] {processor.py:840} INFO - DAG(s) 'tutorial_taskflow_api' retrieved from /home/airflow/.local/lib/python3.12/site-packages/airflow/example_dags/tutorial_taskflow_api.py
[2024-07-09T01:55:23.291+0000] {logging_mixin.py:188} INFO - [2024-07-09T01:55:23.291+0000] {dag.py:3096} INFO - Sync 1 DAGs
[2024-07-09T01:55:23.305+0000] {logging_mixin.py:188} INFO - [2024-07-09T01:55:23.305+0000] {dag.py:3954} INFO - Setting next_dagrun for tutorial_taskflow_api to None, run_after=None
[2024-07-09T01:55:23.325+0000] {processor.py:183} INFO - Processing /home/airflow/.local/lib/python3.12/site-packages/airflow/example_dags/tutorial_taskflow_api.py took 0.072 seconds
[2024-07-09T01:55:54.640+0000] {processor.py:161} INFO - Started process (PID=888) to work on /home/airflow/.local/lib/python3.12/site-packages/airflow/example_dags/tutorial_taskflow_api.py
[2024-07-09T01:55:54.642+0000] {processor.py:830} INFO - Processing file /home/airflow/.local/lib/python3.12/site-packages/airflow/example_dags/tutorial_taskflow_api.py for tasks to queue
[2024-07-09T01:55:54.645+0000] {logging_mixin.py:188} INFO - [2024-07-09T01:55:54.645+0000] {dagbag.py:545} INFO - Filling up the DagBag from /home/airflow/.local/lib/python3.12/site-packages/airflow/example_dags/tutorial_taskflow_api.py
[2024-07-09T01:55:54.656+0000] {processor.py:840} INFO - DAG(s) 'tutorial_taskflow_api' retrieved from /home/airflow/.local/lib/python3.12/site-packages/airflow/example_dags/tutorial_taskflow_api.py
[2024-07-09T01:55:54.694+0000] {logging_mixin.py:188} INFO - [2024-07-09T01:55:54.693+0000] {dag.py:3096} INFO - Sync 1 DAGs
[2024-07-09T01:55:54.742+0000] {logging_mixin.py:188} INFO - [2024-07-09T01:55:54.742+0000] {dag.py:3954} INFO - Setting next_dagrun for tutorial_taskflow_api to None, run_after=None
[2024-07-09T01:55:54.818+0000] {processor.py:183} INFO - Processing /home/airflow/.local/lib/python3.12/site-packages/airflow/example_dags/tutorial_taskflow_api.py took 0.188 seconds
[2024-07-09T01:56:24.884+0000] {processor.py:161} INFO - Started process (PID=947) to work on /home/airflow/.local/lib/python3.12/site-packages/airflow/example_dags/tutorial_taskflow_api.py
[2024-07-09T01:56:24.885+0000] {processor.py:830} INFO - Processing file /home/airflow/.local/lib/python3.12/site-packages/airflow/example_dags/tutorial_taskflow_api.py for tasks to queue
[2024-07-09T01:56:24.888+0000] {logging_mixin.py:188} INFO - [2024-07-09T01:56:24.887+0000] {dagbag.py:545} INFO - Filling up the DagBag from /home/airflow/.local/lib/python3.12/site-packages/airflow/example_dags/tutorial_taskflow_api.py
[2024-07-09T01:56:24.897+0000] {processor.py:840} INFO - DAG(s) 'tutorial_taskflow_api' retrieved from /home/airflow/.local/lib/python3.12/site-packages/airflow/example_dags/tutorial_taskflow_api.py
[2024-07-09T01:56:24.926+0000] {logging_mixin.py:188} INFO - [2024-07-09T01:56:24.926+0000] {dag.py:3096} INFO - Sync 1 DAGs
[2024-07-09T01:56:24.946+0000] {logging_mixin.py:188} INFO - [2024-07-09T01:56:24.946+0000] {dag.py:3954} INFO - Setting next_dagrun for tutorial_taskflow_api to None, run_after=None
[2024-07-09T01:56:24.975+0000] {processor.py:183} INFO - Processing /home/airflow/.local/lib/python3.12/site-packages/airflow/example_dags/tutorial_taskflow_api.py took 0.102 seconds
[2024-07-09T01:56:55.915+0000] {processor.py:161} INFO - Started process (PID=1007) to work on /home/airflow/.local/lib/python3.12/site-packages/airflow/example_dags/tutorial_taskflow_api.py
[2024-07-09T01:56:55.918+0000] {processor.py:830} INFO - Processing file /home/airflow/.local/lib/python3.12/site-packages/airflow/example_dags/tutorial_taskflow_api.py for tasks to queue
[2024-07-09T01:56:55.922+0000] {logging_mixin.py:188} INFO - [2024-07-09T01:56:55.921+0000] {dagbag.py:545} INFO - Filling up the DagBag from /home/airflow/.local/lib/python3.12/site-packages/airflow/example_dags/tutorial_taskflow_api.py
[2024-07-09T01:56:55.935+0000] {processor.py:840} INFO - DAG(s) 'tutorial_taskflow_api' retrieved from /home/airflow/.local/lib/python3.12/site-packages/airflow/example_dags/tutorial_taskflow_api.py
[2024-07-09T01:56:55.980+0000] {logging_mixin.py:188} INFO - [2024-07-09T01:56:55.979+0000] {dag.py:3096} INFO - Sync 1 DAGs
[2024-07-09T01:56:56.007+0000] {logging_mixin.py:188} INFO - [2024-07-09T01:56:56.007+0000] {dag.py:3954} INFO - Setting next_dagrun for tutorial_taskflow_api to None, run_after=None
[2024-07-09T01:56:56.067+0000] {processor.py:183} INFO - Processing /home/airflow/.local/lib/python3.12/site-packages/airflow/example_dags/tutorial_taskflow_api.py took 0.168 seconds
[2024-07-09T02:00:16.850+0000] {processor.py:161} INFO - Started process (PID=51) to work on /home/airflow/.local/lib/python3.12/site-packages/airflow/example_dags/tutorial_taskflow_api.py
[2024-07-09T02:00:16.851+0000] {processor.py:830} INFO - Processing file /home/airflow/.local/lib/python3.12/site-packages/airflow/example_dags/tutorial_taskflow_api.py for tasks to queue
[2024-07-09T02:00:16.854+0000] {logging_mixin.py:188} INFO - [2024-07-09T02:00:16.853+0000] {dagbag.py:545} INFO - Filling up the DagBag from /home/airflow/.local/lib/python3.12/site-packages/airflow/example_dags/tutorial_taskflow_api.py
[2024-07-09T02:00:16.869+0000] {processor.py:840} INFO - DAG(s) 'tutorial_taskflow_api' retrieved from /home/airflow/.local/lib/python3.12/site-packages/airflow/example_dags/tutorial_taskflow_api.py
[2024-07-09T02:00:17.082+0000] {logging_mixin.py:188} INFO - [2024-07-09T02:00:17.081+0000] {override.py:1829} INFO - Created Permission View: can edit on DAG:tutorial_taskflow_api
[2024-07-09T02:00:17.098+0000] {logging_mixin.py:188} INFO - [2024-07-09T02:00:17.098+0000] {override.py:1829} INFO - Created Permission View: can read on DAG:tutorial_taskflow_api
[2024-07-09T02:00:17.112+0000] {logging_mixin.py:188} INFO - [2024-07-09T02:00:17.111+0000] {override.py:1829} INFO - Created Permission View: can delete on DAG:tutorial_taskflow_api
[2024-07-09T02:00:17.113+0000] {logging_mixin.py:188} INFO - [2024-07-09T02:00:17.113+0000] {dag.py:3096} INFO - Sync 1 DAGs
[2024-07-09T02:00:17.134+0000] {logging_mixin.py:188} INFO - [2024-07-09T02:00:17.133+0000] {dag.py:3118} INFO - Creating ORM DAG for tutorial_taskflow_api
[2024-07-09T02:00:17.135+0000] {logging_mixin.py:188} INFO - [2024-07-09T02:00:17.135+0000] {dag.py:3954} INFO - Setting next_dagrun for tutorial_taskflow_api to None, run_after=None
[2024-07-09T02:00:17.172+0000] {processor.py:183} INFO - Processing /home/airflow/.local/lib/python3.12/site-packages/airflow/example_dags/tutorial_taskflow_api.py took 0.331 seconds
[2024-07-09T02:00:47.971+0000] {processor.py:161} INFO - Started process (PID=111) to work on /home/airflow/.local/lib/python3.12/site-packages/airflow/example_dags/tutorial_taskflow_api.py
[2024-07-09T02:00:47.972+0000] {processor.py:830} INFO - Processing file /home/airflow/.local/lib/python3.12/site-packages/airflow/example_dags/tutorial_taskflow_api.py for tasks to queue
[2024-07-09T02:00:47.975+0000] {logging_mixin.py:188} INFO - [2024-07-09T02:00:47.975+0000] {dagbag.py:545} INFO - Filling up the DagBag from /home/airflow/.local/lib/python3.12/site-packages/airflow/example_dags/tutorial_taskflow_api.py
[2024-07-09T02:00:47.986+0000] {processor.py:840} INFO - DAG(s) 'tutorial_taskflow_api' retrieved from /home/airflow/.local/lib/python3.12/site-packages/airflow/example_dags/tutorial_taskflow_api.py
[2024-07-09T02:00:48.022+0000] {logging_mixin.py:188} INFO - [2024-07-09T02:00:48.022+0000] {dag.py:3096} INFO - Sync 1 DAGs
[2024-07-09T02:00:48.049+0000] {logging_mixin.py:188} INFO - [2024-07-09T02:00:48.049+0000] {dag.py:3954} INFO - Setting next_dagrun for tutorial_taskflow_api to None, run_after=None
[2024-07-09T02:00:48.089+0000] {processor.py:183} INFO - Processing /home/airflow/.local/lib/python3.12/site-packages/airflow/example_dags/tutorial_taskflow_api.py took 0.138 seconds
[2024-07-09T02:01:18.998+0000] {processor.py:161} INFO - Started process (PID=171) to work on /home/airflow/.local/lib/python3.12/site-packages/airflow/example_dags/tutorial_taskflow_api.py
[2024-07-09T02:01:19.000+0000] {processor.py:830} INFO - Processing file /home/airflow/.local/lib/python3.12/site-packages/airflow/example_dags/tutorial_taskflow_api.py for tasks to queue
[2024-07-09T02:01:19.004+0000] {logging_mixin.py:188} INFO - [2024-07-09T02:01:19.004+0000] {dagbag.py:545} INFO - Filling up the DagBag from /home/airflow/.local/lib/python3.12/site-packages/airflow/example_dags/tutorial_taskflow_api.py
[2024-07-09T02:01:19.018+0000] {processor.py:840} INFO - DAG(s) 'tutorial_taskflow_api' retrieved from /home/airflow/.local/lib/python3.12/site-packages/airflow/example_dags/tutorial_taskflow_api.py
[2024-07-09T02:01:19.054+0000] {logging_mixin.py:188} INFO - [2024-07-09T02:01:19.053+0000] {dag.py:3096} INFO - Sync 1 DAGs
[2024-07-09T02:01:19.079+0000] {logging_mixin.py:188} INFO - [2024-07-09T02:01:19.079+0000] {dag.py:3954} INFO - Setting next_dagrun for tutorial_taskflow_api to None, run_after=None
[2024-07-09T02:01:19.114+0000] {processor.py:183} INFO - Processing /home/airflow/.local/lib/python3.12/site-packages/airflow/example_dags/tutorial_taskflow_api.py took 0.128 seconds
[2024-07-09T02:01:49.334+0000] {processor.py:161} INFO - Started process (PID=229) to work on /home/airflow/.local/lib/python3.12/site-packages/airflow/example_dags/tutorial_taskflow_api.py
[2024-07-09T02:01:49.343+0000] {processor.py:830} INFO - Processing file /home/airflow/.local/lib/python3.12/site-packages/airflow/example_dags/tutorial_taskflow_api.py for tasks to queue
[2024-07-09T02:01:49.354+0000] {logging_mixin.py:188} INFO - [2024-07-09T02:01:49.353+0000] {dagbag.py:545} INFO - Filling up the DagBag from /home/airflow/.local/lib/python3.12/site-packages/airflow/example_dags/tutorial_taskflow_api.py
[2024-07-09T02:01:49.378+0000] {processor.py:840} INFO - DAG(s) 'tutorial_taskflow_api' retrieved from /home/airflow/.local/lib/python3.12/site-packages/airflow/example_dags/tutorial_taskflow_api.py
[2024-07-09T02:01:49.443+0000] {logging_mixin.py:188} INFO - [2024-07-09T02:01:49.442+0000] {dag.py:3096} INFO - Sync 1 DAGs
[2024-07-09T02:01:49.489+0000] {logging_mixin.py:188} INFO - [2024-07-09T02:01:49.488+0000] {dag.py:3954} INFO - Setting next_dagrun for tutorial_taskflow_api to None, run_after=None
[2024-07-09T02:01:49.545+0000] {processor.py:183} INFO - Processing /home/airflow/.local/lib/python3.12/site-packages/airflow/example_dags/tutorial_taskflow_api.py took 0.234 seconds
[2024-07-09T02:03:39.845+0000] {processor.py:161} INFO - Started process (PID=53) to work on /home/airflow/.local/lib/python3.12/site-packages/airflow/example_dags/tutorial_taskflow_api.py
[2024-07-09T02:03:39.848+0000] {processor.py:830} INFO - Processing file /home/airflow/.local/lib/python3.12/site-packages/airflow/example_dags/tutorial_taskflow_api.py for tasks to queue
[2024-07-09T02:03:39.857+0000] {logging_mixin.py:188} INFO - [2024-07-09T02:03:39.856+0000] {dagbag.py:545} INFO - Filling up the DagBag from /home/airflow/.local/lib/python3.12/site-packages/airflow/example_dags/tutorial_taskflow_api.py
[2024-07-09T02:03:39.882+0000] {processor.py:840} INFO - DAG(s) 'tutorial_taskflow_api' retrieved from /home/airflow/.local/lib/python3.12/site-packages/airflow/example_dags/tutorial_taskflow_api.py
[2024-07-09T02:03:40.433+0000] {logging_mixin.py:188} INFO - [2024-07-09T02:03:40.432+0000] {dag.py:3096} INFO - Sync 1 DAGs
[2024-07-09T02:03:40.475+0000] {logging_mixin.py:188} INFO - [2024-07-09T02:03:40.474+0000] {dag.py:3954} INFO - Setting next_dagrun for tutorial_taskflow_api to None, run_after=None
[2024-07-09T02:03:40.547+0000] {processor.py:183} INFO - Processing /home/airflow/.local/lib/python3.12/site-packages/airflow/example_dags/tutorial_taskflow_api.py took 0.718 seconds
[2024-07-09T02:04:10.821+0000] {processor.py:161} INFO - Started process (PID=113) to work on /home/airflow/.local/lib/python3.12/site-packages/airflow/example_dags/tutorial_taskflow_api.py
[2024-07-09T02:04:10.832+0000] {processor.py:830} INFO - Processing file /home/airflow/.local/lib/python3.12/site-packages/airflow/example_dags/tutorial_taskflow_api.py for tasks to queue
[2024-07-09T02:04:10.840+0000] {logging_mixin.py:188} INFO - [2024-07-09T02:04:10.838+0000] {dagbag.py:545} INFO - Filling up the DagBag from /home/airflow/.local/lib/python3.12/site-packages/airflow/example_dags/tutorial_taskflow_api.py
[2024-07-09T02:04:10.863+0000] {processor.py:840} INFO - DAG(s) 'tutorial_taskflow_api' retrieved from /home/airflow/.local/lib/python3.12/site-packages/airflow/example_dags/tutorial_taskflow_api.py
[2024-07-09T02:04:10.940+0000] {logging_mixin.py:188} INFO - [2024-07-09T02:04:10.940+0000] {dag.py:3096} INFO - Sync 1 DAGs
[2024-07-09T02:04:10.987+0000] {logging_mixin.py:188} INFO - [2024-07-09T02:04:10.987+0000] {dag.py:3954} INFO - Setting next_dagrun for tutorial_taskflow_api to None, run_after=None
[2024-07-09T02:04:11.056+0000] {processor.py:183} INFO - Processing /home/airflow/.local/lib/python3.12/site-packages/airflow/example_dags/tutorial_taskflow_api.py took 0.261 seconds
[2024-07-09T02:04:41.182+0000] {processor.py:161} INFO - Started process (PID=173) to work on /home/airflow/.local/lib/python3.12/site-packages/airflow/example_dags/tutorial_taskflow_api.py
[2024-07-09T02:04:41.188+0000] {processor.py:830} INFO - Processing file /home/airflow/.local/lib/python3.12/site-packages/airflow/example_dags/tutorial_taskflow_api.py for tasks to queue
[2024-07-09T02:04:41.199+0000] {logging_mixin.py:188} INFO - [2024-07-09T02:04:41.199+0000] {dagbag.py:545} INFO - Filling up the DagBag from /home/airflow/.local/lib/python3.12/site-packages/airflow/example_dags/tutorial_taskflow_api.py
[2024-07-09T02:04:41.237+0000] {processor.py:840} INFO - DAG(s) 'tutorial_taskflow_api' retrieved from /home/airflow/.local/lib/python3.12/site-packages/airflow/example_dags/tutorial_taskflow_api.py
[2024-07-09T02:04:41.369+0000] {logging_mixin.py:188} INFO - [2024-07-09T02:04:41.369+0000] {dag.py:3096} INFO - Sync 1 DAGs
[2024-07-09T02:04:41.444+0000] {logging_mixin.py:188} INFO - [2024-07-09T02:04:41.442+0000] {dag.py:3954} INFO - Setting next_dagrun for tutorial_taskflow_api to None, run_after=None
[2024-07-09T02:04:41.508+0000] {processor.py:183} INFO - Processing /home/airflow/.local/lib/python3.12/site-packages/airflow/example_dags/tutorial_taskflow_api.py took 0.350 seconds
[2024-07-09T02:05:12.355+0000] {processor.py:161} INFO - Started process (PID=234) to work on /home/airflow/.local/lib/python3.12/site-packages/airflow/example_dags/tutorial_taskflow_api.py
[2024-07-09T02:05:12.356+0000] {processor.py:830} INFO - Processing file /home/airflow/.local/lib/python3.12/site-packages/airflow/example_dags/tutorial_taskflow_api.py for tasks to queue
[2024-07-09T02:05:12.358+0000] {logging_mixin.py:188} INFO - [2024-07-09T02:05:12.357+0000] {dagbag.py:545} INFO - Filling up the DagBag from /home/airflow/.local/lib/python3.12/site-packages/airflow/example_dags/tutorial_taskflow_api.py
[2024-07-09T02:05:12.364+0000] {processor.py:840} INFO - DAG(s) 'tutorial_taskflow_api' retrieved from /home/airflow/.local/lib/python3.12/site-packages/airflow/example_dags/tutorial_taskflow_api.py
[2024-07-09T02:05:12.385+0000] {logging_mixin.py:188} INFO - [2024-07-09T02:05:12.385+0000] {dag.py:3096} INFO - Sync 1 DAGs
[2024-07-09T02:05:12.403+0000] {logging_mixin.py:188} INFO - [2024-07-09T02:05:12.403+0000] {dag.py:3954} INFO - Setting next_dagrun for tutorial_taskflow_api to None, run_after=None
[2024-07-09T02:05:12.428+0000] {processor.py:183} INFO - Processing /home/airflow/.local/lib/python3.12/site-packages/airflow/example_dags/tutorial_taskflow_api.py took 0.079 seconds
[2024-07-09T02:05:42.803+0000] {processor.py:161} INFO - Started process (PID=294) to work on /home/airflow/.local/lib/python3.12/site-packages/airflow/example_dags/tutorial_taskflow_api.py
[2024-07-09T02:05:42.805+0000] {processor.py:830} INFO - Processing file /home/airflow/.local/lib/python3.12/site-packages/airflow/example_dags/tutorial_taskflow_api.py for tasks to queue
[2024-07-09T02:05:42.807+0000] {logging_mixin.py:188} INFO - [2024-07-09T02:05:42.807+0000] {dagbag.py:545} INFO - Filling up the DagBag from /home/airflow/.local/lib/python3.12/site-packages/airflow/example_dags/tutorial_taskflow_api.py
[2024-07-09T02:05:42.814+0000] {processor.py:840} INFO - DAG(s) 'tutorial_taskflow_api' retrieved from /home/airflow/.local/lib/python3.12/site-packages/airflow/example_dags/tutorial_taskflow_api.py
[2024-07-09T02:05:42.838+0000] {logging_mixin.py:188} INFO - [2024-07-09T02:05:42.838+0000] {dag.py:3096} INFO - Sync 1 DAGs
[2024-07-09T02:05:42.858+0000] {logging_mixin.py:188} INFO - [2024-07-09T02:05:42.858+0000] {dag.py:3954} INFO - Setting next_dagrun for tutorial_taskflow_api to None, run_after=None
[2024-07-09T02:05:42.887+0000] {processor.py:183} INFO - Processing /home/airflow/.local/lib/python3.12/site-packages/airflow/example_dags/tutorial_taskflow_api.py took 0.090 seconds
[2024-07-09T02:06:13.335+0000] {processor.py:161} INFO - Started process (PID=355) to work on /home/airflow/.local/lib/python3.12/site-packages/airflow/example_dags/tutorial_taskflow_api.py
[2024-07-09T02:06:13.336+0000] {processor.py:830} INFO - Processing file /home/airflow/.local/lib/python3.12/site-packages/airflow/example_dags/tutorial_taskflow_api.py for tasks to queue
[2024-07-09T02:06:13.339+0000] {logging_mixin.py:188} INFO - [2024-07-09T02:06:13.339+0000] {dagbag.py:545} INFO - Filling up the DagBag from /home/airflow/.local/lib/python3.12/site-packages/airflow/example_dags/tutorial_taskflow_api.py
[2024-07-09T02:06:13.347+0000] {processor.py:840} INFO - DAG(s) 'tutorial_taskflow_api' retrieved from /home/airflow/.local/lib/python3.12/site-packages/airflow/example_dags/tutorial_taskflow_api.py
[2024-07-09T02:06:13.370+0000] {logging_mixin.py:188} INFO - [2024-07-09T02:06:13.370+0000] {dag.py:3096} INFO - Sync 1 DAGs
[2024-07-09T02:06:13.384+0000] {logging_mixin.py:188} INFO - [2024-07-09T02:06:13.384+0000] {dag.py:3954} INFO - Setting next_dagrun for tutorial_taskflow_api to None, run_after=None
[2024-07-09T02:06:13.407+0000] {processor.py:183} INFO - Processing /home/airflow/.local/lib/python3.12/site-packages/airflow/example_dags/tutorial_taskflow_api.py took 0.082 seconds
[2024-07-09T02:06:43.679+0000] {processor.py:161} INFO - Started process (PID=417) to work on /home/airflow/.local/lib/python3.12/site-packages/airflow/example_dags/tutorial_taskflow_api.py
[2024-07-09T02:06:43.681+0000] {processor.py:830} INFO - Processing file /home/airflow/.local/lib/python3.12/site-packages/airflow/example_dags/tutorial_taskflow_api.py for tasks to queue
[2024-07-09T02:06:43.684+0000] {logging_mixin.py:188} INFO - [2024-07-09T02:06:43.683+0000] {dagbag.py:545} INFO - Filling up the DagBag from /home/airflow/.local/lib/python3.12/site-packages/airflow/example_dags/tutorial_taskflow_api.py
[2024-07-09T02:06:43.693+0000] {processor.py:840} INFO - DAG(s) 'tutorial_taskflow_api' retrieved from /home/airflow/.local/lib/python3.12/site-packages/airflow/example_dags/tutorial_taskflow_api.py
[2024-07-09T02:06:43.724+0000] {logging_mixin.py:188} INFO - [2024-07-09T02:06:43.724+0000] {dag.py:3096} INFO - Sync 1 DAGs
[2024-07-09T02:06:43.746+0000] {logging_mixin.py:188} INFO - [2024-07-09T02:06:43.745+0000] {dag.py:3954} INFO - Setting next_dagrun for tutorial_taskflow_api to None, run_after=None
[2024-07-09T02:06:43.790+0000] {processor.py:183} INFO - Processing /home/airflow/.local/lib/python3.12/site-packages/airflow/example_dags/tutorial_taskflow_api.py took 0.119 seconds
[2024-07-09T02:07:14.498+0000] {processor.py:161} INFO - Started process (PID=476) to work on /home/airflow/.local/lib/python3.12/site-packages/airflow/example_dags/tutorial_taskflow_api.py
[2024-07-09T02:07:14.499+0000] {processor.py:830} INFO - Processing file /home/airflow/.local/lib/python3.12/site-packages/airflow/example_dags/tutorial_taskflow_api.py for tasks to queue
[2024-07-09T02:07:14.502+0000] {logging_mixin.py:188} INFO - [2024-07-09T02:07:14.501+0000] {dagbag.py:545} INFO - Filling up the DagBag from /home/airflow/.local/lib/python3.12/site-packages/airflow/example_dags/tutorial_taskflow_api.py
[2024-07-09T02:07:14.509+0000] {processor.py:840} INFO - DAG(s) 'tutorial_taskflow_api' retrieved from /home/airflow/.local/lib/python3.12/site-packages/airflow/example_dags/tutorial_taskflow_api.py
[2024-07-09T02:07:14.533+0000] {logging_mixin.py:188} INFO - [2024-07-09T02:07:14.533+0000] {dag.py:3096} INFO - Sync 1 DAGs
[2024-07-09T02:07:14.548+0000] {logging_mixin.py:188} INFO - [2024-07-09T02:07:14.547+0000] {dag.py:3954} INFO - Setting next_dagrun for tutorial_taskflow_api to None, run_after=None
[2024-07-09T02:07:14.595+0000] {processor.py:183} INFO - Processing /home/airflow/.local/lib/python3.12/site-packages/airflow/example_dags/tutorial_taskflow_api.py took 0.102 seconds
[2024-07-09T02:07:44.741+0000] {processor.py:161} INFO - Started process (PID=535) to work on /home/airflow/.local/lib/python3.12/site-packages/airflow/example_dags/tutorial_taskflow_api.py
[2024-07-09T02:07:44.742+0000] {processor.py:830} INFO - Processing file /home/airflow/.local/lib/python3.12/site-packages/airflow/example_dags/tutorial_taskflow_api.py for tasks to queue
[2024-07-09T02:07:44.744+0000] {logging_mixin.py:188} INFO - [2024-07-09T02:07:44.744+0000] {dagbag.py:545} INFO - Filling up the DagBag from /home/airflow/.local/lib/python3.12/site-packages/airflow/example_dags/tutorial_taskflow_api.py
[2024-07-09T02:07:44.753+0000] {processor.py:840} INFO - DAG(s) 'tutorial_taskflow_api' retrieved from /home/airflow/.local/lib/python3.12/site-packages/airflow/example_dags/tutorial_taskflow_api.py
[2024-07-09T02:07:44.777+0000] {logging_mixin.py:188} INFO - [2024-07-09T02:07:44.776+0000] {dag.py:3096} INFO - Sync 1 DAGs
[2024-07-09T02:07:44.793+0000] {logging_mixin.py:188} INFO - [2024-07-09T02:07:44.793+0000] {dag.py:3954} INFO - Setting next_dagrun for tutorial_taskflow_api to None, run_after=None
[2024-07-09T02:07:44.816+0000] {processor.py:183} INFO - Processing /home/airflow/.local/lib/python3.12/site-packages/airflow/example_dags/tutorial_taskflow_api.py took 0.081 seconds
[2024-07-09T02:08:15.439+0000] {processor.py:161} INFO - Started process (PID=596) to work on /home/airflow/.local/lib/python3.12/site-packages/airflow/example_dags/tutorial_taskflow_api.py
[2024-07-09T02:08:15.440+0000] {processor.py:830} INFO - Processing file /home/airflow/.local/lib/python3.12/site-packages/airflow/example_dags/tutorial_taskflow_api.py for tasks to queue
[2024-07-09T02:08:15.443+0000] {logging_mixin.py:188} INFO - [2024-07-09T02:08:15.442+0000] {dagbag.py:545} INFO - Filling up the DagBag from /home/airflow/.local/lib/python3.12/site-packages/airflow/example_dags/tutorial_taskflow_api.py
[2024-07-09T02:08:15.450+0000] {processor.py:840} INFO - DAG(s) 'tutorial_taskflow_api' retrieved from /home/airflow/.local/lib/python3.12/site-packages/airflow/example_dags/tutorial_taskflow_api.py
[2024-07-09T02:08:15.476+0000] {logging_mixin.py:188} INFO - [2024-07-09T02:08:15.476+0000] {dag.py:3096} INFO - Sync 1 DAGs
[2024-07-09T02:08:15.499+0000] {logging_mixin.py:188} INFO - [2024-07-09T02:08:15.499+0000] {dag.py:3954} INFO - Setting next_dagrun for tutorial_taskflow_api to None, run_after=None
[2024-07-09T02:08:15.555+0000] {processor.py:183} INFO - Processing /home/airflow/.local/lib/python3.12/site-packages/airflow/example_dags/tutorial_taskflow_api.py took 0.124 seconds
[2024-07-09T02:08:45.824+0000] {processor.py:161} INFO - Started process (PID=655) to work on /home/airflow/.local/lib/python3.12/site-packages/airflow/example_dags/tutorial_taskflow_api.py
[2024-07-09T02:08:45.826+0000] {processor.py:830} INFO - Processing file /home/airflow/.local/lib/python3.12/site-packages/airflow/example_dags/tutorial_taskflow_api.py for tasks to queue
[2024-07-09T02:08:45.829+0000] {logging_mixin.py:188} INFO - [2024-07-09T02:08:45.829+0000] {dagbag.py:545} INFO - Filling up the DagBag from /home/airflow/.local/lib/python3.12/site-packages/airflow/example_dags/tutorial_taskflow_api.py
[2024-07-09T02:08:45.841+0000] {processor.py:840} INFO - DAG(s) 'tutorial_taskflow_api' retrieved from /home/airflow/.local/lib/python3.12/site-packages/airflow/example_dags/tutorial_taskflow_api.py
[2024-07-09T02:08:45.874+0000] {logging_mixin.py:188} INFO - [2024-07-09T02:08:45.873+0000] {dag.py:3096} INFO - Sync 1 DAGs
[2024-07-09T02:08:45.900+0000] {logging_mixin.py:188} INFO - [2024-07-09T02:08:45.900+0000] {dag.py:3954} INFO - Setting next_dagrun for tutorial_taskflow_api to None, run_after=None
[2024-07-09T02:08:45.930+0000] {processor.py:183} INFO - Processing /home/airflow/.local/lib/python3.12/site-packages/airflow/example_dags/tutorial_taskflow_api.py took 0.114 seconds
[2024-07-09T02:12:17.759+0000] {processor.py:161} INFO - Started process (PID=52) to work on /home/airflow/.local/lib/python3.12/site-packages/airflow/example_dags/tutorial_taskflow_api.py
[2024-07-09T02:12:17.761+0000] {processor.py:830} INFO - Processing file /home/airflow/.local/lib/python3.12/site-packages/airflow/example_dags/tutorial_taskflow_api.py for tasks to queue
[2024-07-09T02:12:17.765+0000] {logging_mixin.py:188} INFO - [2024-07-09T02:12:17.764+0000] {dagbag.py:545} INFO - Filling up the DagBag from /home/airflow/.local/lib/python3.12/site-packages/airflow/example_dags/tutorial_taskflow_api.py
[2024-07-09T02:12:17.781+0000] {processor.py:840} INFO - DAG(s) 'tutorial_taskflow_api' retrieved from /home/airflow/.local/lib/python3.12/site-packages/airflow/example_dags/tutorial_taskflow_api.py
[2024-07-09T02:12:17.995+0000] {logging_mixin.py:188} INFO - [2024-07-09T02:12:17.994+0000] {override.py:1829} INFO - Created Permission View: can edit on DAG:tutorial_taskflow_api
[2024-07-09T02:12:18.012+0000] {logging_mixin.py:188} INFO - [2024-07-09T02:12:18.011+0000] {override.py:1829} INFO - Created Permission View: can delete on DAG:tutorial_taskflow_api
[2024-07-09T02:12:18.024+0000] {logging_mixin.py:188} INFO - [2024-07-09T02:12:18.023+0000] {override.py:1829} INFO - Created Permission View: can read on DAG:tutorial_taskflow_api
[2024-07-09T02:12:18.025+0000] {logging_mixin.py:188} INFO - [2024-07-09T02:12:18.024+0000] {dag.py:3096} INFO - Sync 1 DAGs
[2024-07-09T02:12:18.044+0000] {logging_mixin.py:188} INFO - [2024-07-09T02:12:18.043+0000] {dag.py:3118} INFO - Creating ORM DAG for tutorial_taskflow_api
[2024-07-09T02:12:18.045+0000] {logging_mixin.py:188} INFO - [2024-07-09T02:12:18.045+0000] {dag.py:3954} INFO - Setting next_dagrun for tutorial_taskflow_api to None, run_after=None
[2024-07-09T02:12:18.074+0000] {processor.py:183} INFO - Processing /home/airflow/.local/lib/python3.12/site-packages/airflow/example_dags/tutorial_taskflow_api.py took 0.325 seconds
[2024-07-09T02:12:48.271+0000] {processor.py:161} INFO - Started process (PID=112) to work on /home/airflow/.local/lib/python3.12/site-packages/airflow/example_dags/tutorial_taskflow_api.py
[2024-07-09T02:12:48.272+0000] {processor.py:830} INFO - Processing file /home/airflow/.local/lib/python3.12/site-packages/airflow/example_dags/tutorial_taskflow_api.py for tasks to queue
[2024-07-09T02:12:48.275+0000] {logging_mixin.py:188} INFO - [2024-07-09T02:12:48.274+0000] {dagbag.py:545} INFO - Filling up the DagBag from /home/airflow/.local/lib/python3.12/site-packages/airflow/example_dags/tutorial_taskflow_api.py
[2024-07-09T02:12:48.283+0000] {processor.py:840} INFO - DAG(s) 'tutorial_taskflow_api' retrieved from /home/airflow/.local/lib/python3.12/site-packages/airflow/example_dags/tutorial_taskflow_api.py
[2024-07-09T02:12:48.308+0000] {logging_mixin.py:188} INFO - [2024-07-09T02:12:48.308+0000] {dag.py:3096} INFO - Sync 1 DAGs
[2024-07-09T02:12:48.326+0000] {logging_mixin.py:188} INFO - [2024-07-09T02:12:48.325+0000] {dag.py:3954} INFO - Setting next_dagrun for tutorial_taskflow_api to None, run_after=None
[2024-07-09T02:12:48.378+0000] {processor.py:183} INFO - Processing /home/airflow/.local/lib/python3.12/site-packages/airflow/example_dags/tutorial_taskflow_api.py took 0.115 seconds
[2024-07-09T02:13:19.380+0000] {processor.py:161} INFO - Started process (PID=172) to work on /home/airflow/.local/lib/python3.12/site-packages/airflow/example_dags/tutorial_taskflow_api.py
[2024-07-09T02:13:19.391+0000] {processor.py:830} INFO - Processing file /home/airflow/.local/lib/python3.12/site-packages/airflow/example_dags/tutorial_taskflow_api.py for tasks to queue
[2024-07-09T02:13:19.395+0000] {logging_mixin.py:188} INFO - [2024-07-09T02:13:19.395+0000] {dagbag.py:545} INFO - Filling up the DagBag from /home/airflow/.local/lib/python3.12/site-packages/airflow/example_dags/tutorial_taskflow_api.py
[2024-07-09T02:13:19.417+0000] {processor.py:840} INFO - DAG(s) 'tutorial_taskflow_api' retrieved from /home/airflow/.local/lib/python3.12/site-packages/airflow/example_dags/tutorial_taskflow_api.py
[2024-07-09T02:13:19.479+0000] {logging_mixin.py:188} INFO - [2024-07-09T02:13:19.478+0000] {dag.py:3096} INFO - Sync 1 DAGs
[2024-07-09T02:13:19.514+0000] {logging_mixin.py:188} INFO - [2024-07-09T02:13:19.513+0000] {dag.py:3954} INFO - Setting next_dagrun for tutorial_taskflow_api to None, run_after=None
[2024-07-09T02:13:19.567+0000] {processor.py:183} INFO - Processing /home/airflow/.local/lib/python3.12/site-packages/airflow/example_dags/tutorial_taskflow_api.py took 0.214 seconds
[2024-07-09T02:13:50.017+0000] {processor.py:161} INFO - Started process (PID=230) to work on /home/airflow/.local/lib/python3.12/site-packages/airflow/example_dags/tutorial_taskflow_api.py
[2024-07-09T02:13:50.019+0000] {processor.py:830} INFO - Processing file /home/airflow/.local/lib/python3.12/site-packages/airflow/example_dags/tutorial_taskflow_api.py for tasks to queue
[2024-07-09T02:13:50.023+0000] {logging_mixin.py:188} INFO - [2024-07-09T02:13:50.022+0000] {dagbag.py:545} INFO - Filling up the DagBag from /home/airflow/.local/lib/python3.12/site-packages/airflow/example_dags/tutorial_taskflow_api.py
[2024-07-09T02:13:50.038+0000] {processor.py:840} INFO - DAG(s) 'tutorial_taskflow_api' retrieved from /home/airflow/.local/lib/python3.12/site-packages/airflow/example_dags/tutorial_taskflow_api.py
[2024-07-09T02:13:50.084+0000] {logging_mixin.py:188} INFO - [2024-07-09T02:13:50.083+0000] {dag.py:3096} INFO - Sync 1 DAGs
[2024-07-09T02:13:50.121+0000] {logging_mixin.py:188} INFO - [2024-07-09T02:13:50.121+0000] {dag.py:3954} INFO - Setting next_dagrun for tutorial_taskflow_api to None, run_after=None
[2024-07-09T02:13:50.158+0000] {processor.py:183} INFO - Processing /home/airflow/.local/lib/python3.12/site-packages/airflow/example_dags/tutorial_taskflow_api.py took 0.160 seconds
[2024-07-09T02:14:20.407+0000] {processor.py:161} INFO - Started process (PID=290) to work on /home/airflow/.local/lib/python3.12/site-packages/airflow/example_dags/tutorial_taskflow_api.py
[2024-07-09T02:14:20.410+0000] {processor.py:830} INFO - Processing file /home/airflow/.local/lib/python3.12/site-packages/airflow/example_dags/tutorial_taskflow_api.py for tasks to queue
[2024-07-09T02:14:20.414+0000] {logging_mixin.py:188} INFO - [2024-07-09T02:14:20.413+0000] {dagbag.py:545} INFO - Filling up the DagBag from /home/airflow/.local/lib/python3.12/site-packages/airflow/example_dags/tutorial_taskflow_api.py
[2024-07-09T02:14:20.430+0000] {processor.py:840} INFO - DAG(s) 'tutorial_taskflow_api' retrieved from /home/airflow/.local/lib/python3.12/site-packages/airflow/example_dags/tutorial_taskflow_api.py
[2024-07-09T02:14:20.474+0000] {logging_mixin.py:188} INFO - [2024-07-09T02:14:20.473+0000] {dag.py:3096} INFO - Sync 1 DAGs
[2024-07-09T02:14:20.508+0000] {logging_mixin.py:188} INFO - [2024-07-09T02:14:20.507+0000] {dag.py:3954} INFO - Setting next_dagrun for tutorial_taskflow_api to None, run_after=None
[2024-07-09T02:14:20.570+0000] {processor.py:183} INFO - Processing /home/airflow/.local/lib/python3.12/site-packages/airflow/example_dags/tutorial_taskflow_api.py took 0.176 seconds
[2024-07-09T02:14:51.269+0000] {processor.py:161} INFO - Started process (PID=350) to work on /home/airflow/.local/lib/python3.12/site-packages/airflow/example_dags/tutorial_taskflow_api.py
[2024-07-09T02:14:51.271+0000] {processor.py:830} INFO - Processing file /home/airflow/.local/lib/python3.12/site-packages/airflow/example_dags/tutorial_taskflow_api.py for tasks to queue
[2024-07-09T02:14:51.275+0000] {logging_mixin.py:188} INFO - [2024-07-09T02:14:51.274+0000] {dagbag.py:545} INFO - Filling up the DagBag from /home/airflow/.local/lib/python3.12/site-packages/airflow/example_dags/tutorial_taskflow_api.py
[2024-07-09T02:14:51.289+0000] {processor.py:840} INFO - DAG(s) 'tutorial_taskflow_api' retrieved from /home/airflow/.local/lib/python3.12/site-packages/airflow/example_dags/tutorial_taskflow_api.py
[2024-07-09T02:14:51.329+0000] {logging_mixin.py:188} INFO - [2024-07-09T02:14:51.329+0000] {dag.py:3096} INFO - Sync 1 DAGs
[2024-07-09T02:14:51.365+0000] {logging_mixin.py:188} INFO - [2024-07-09T02:14:51.364+0000] {dag.py:3954} INFO - Setting next_dagrun for tutorial_taskflow_api to None, run_after=None
[2024-07-09T02:14:51.404+0000] {processor.py:183} INFO - Processing /home/airflow/.local/lib/python3.12/site-packages/airflow/example_dags/tutorial_taskflow_api.py took 0.150 seconds
[2024-07-09T02:17:01.466+0000] {processor.py:161} INFO - Started process (PID=52) to work on /home/airflow/.local/lib/python3.12/site-packages/airflow/example_dags/tutorial_taskflow_api.py
[2024-07-09T02:17:01.468+0000] {processor.py:830} INFO - Processing file /home/airflow/.local/lib/python3.12/site-packages/airflow/example_dags/tutorial_taskflow_api.py for tasks to queue
[2024-07-09T02:17:01.473+0000] {logging_mixin.py:188} INFO - [2024-07-09T02:17:01.472+0000] {dagbag.py:545} INFO - Filling up the DagBag from /home/airflow/.local/lib/python3.12/site-packages/airflow/example_dags/tutorial_taskflow_api.py
[2024-07-09T02:17:01.488+0000] {processor.py:840} INFO - DAG(s) 'tutorial_taskflow_api' retrieved from /home/airflow/.local/lib/python3.12/site-packages/airflow/example_dags/tutorial_taskflow_api.py
[2024-07-09T02:17:01.718+0000] {logging_mixin.py:188} INFO - [2024-07-09T02:17:01.717+0000] {dag.py:3096} INFO - Sync 1 DAGs
[2024-07-09T02:17:01.748+0000] {logging_mixin.py:188} INFO - [2024-07-09T02:17:01.748+0000] {dag.py:3954} INFO - Setting next_dagrun for tutorial_taskflow_api to None, run_after=None
[2024-07-09T02:17:01.794+0000] {processor.py:183} INFO - Processing /home/airflow/.local/lib/python3.12/site-packages/airflow/example_dags/tutorial_taskflow_api.py took 0.340 seconds
[2024-07-09T02:17:32.052+0000] {processor.py:161} INFO - Started process (PID=112) to work on /home/airflow/.local/lib/python3.12/site-packages/airflow/example_dags/tutorial_taskflow_api.py
[2024-07-09T02:17:32.054+0000] {processor.py:830} INFO - Processing file /home/airflow/.local/lib/python3.12/site-packages/airflow/example_dags/tutorial_taskflow_api.py for tasks to queue
[2024-07-09T02:17:32.058+0000] {logging_mixin.py:188} INFO - [2024-07-09T02:17:32.058+0000] {dagbag.py:545} INFO - Filling up the DagBag from /home/airflow/.local/lib/python3.12/site-packages/airflow/example_dags/tutorial_taskflow_api.py
[2024-07-09T02:17:32.069+0000] {processor.py:840} INFO - DAG(s) 'tutorial_taskflow_api' retrieved from /home/airflow/.local/lib/python3.12/site-packages/airflow/example_dags/tutorial_taskflow_api.py
[2024-07-09T02:17:32.097+0000] {logging_mixin.py:188} INFO - [2024-07-09T02:17:32.097+0000] {dag.py:3096} INFO - Sync 1 DAGs
[2024-07-09T02:17:32.120+0000] {logging_mixin.py:188} INFO - [2024-07-09T02:17:32.120+0000] {dag.py:3954} INFO - Setting next_dagrun for tutorial_taskflow_api to None, run_after=None
[2024-07-09T02:17:32.154+0000] {processor.py:183} INFO - Processing /home/airflow/.local/lib/python3.12/site-packages/airflow/example_dags/tutorial_taskflow_api.py took 0.116 seconds
[2024-07-09T02:18:02.351+0000] {processor.py:161} INFO - Started process (PID=173) to work on /home/airflow/.local/lib/python3.12/site-packages/airflow/example_dags/tutorial_taskflow_api.py
[2024-07-09T02:18:02.353+0000] {processor.py:830} INFO - Processing file /home/airflow/.local/lib/python3.12/site-packages/airflow/example_dags/tutorial_taskflow_api.py for tasks to queue
[2024-07-09T02:18:02.356+0000] {logging_mixin.py:188} INFO - [2024-07-09T02:18:02.355+0000] {dagbag.py:545} INFO - Filling up the DagBag from /home/airflow/.local/lib/python3.12/site-packages/airflow/example_dags/tutorial_taskflow_api.py
[2024-07-09T02:18:02.368+0000] {processor.py:840} INFO - DAG(s) 'tutorial_taskflow_api' retrieved from /home/airflow/.local/lib/python3.12/site-packages/airflow/example_dags/tutorial_taskflow_api.py
[2024-07-09T02:18:02.408+0000] {logging_mixin.py:188} INFO - [2024-07-09T02:18:02.408+0000] {dag.py:3096} INFO - Sync 1 DAGs
[2024-07-09T02:18:02.437+0000] {logging_mixin.py:188} INFO - [2024-07-09T02:18:02.437+0000] {dag.py:3954} INFO - Setting next_dagrun for tutorial_taskflow_api to None, run_after=None
[2024-07-09T02:18:02.479+0000] {processor.py:183} INFO - Processing /home/airflow/.local/lib/python3.12/site-packages/airflow/example_dags/tutorial_taskflow_api.py took 0.140 seconds
[2024-07-09T02:18:33.348+0000] {processor.py:161} INFO - Started process (PID=233) to work on /home/airflow/.local/lib/python3.12/site-packages/airflow/example_dags/tutorial_taskflow_api.py
[2024-07-09T02:18:33.351+0000] {processor.py:830} INFO - Processing file /home/airflow/.local/lib/python3.12/site-packages/airflow/example_dags/tutorial_taskflow_api.py for tasks to queue
[2024-07-09T02:18:33.356+0000] {logging_mixin.py:188} INFO - [2024-07-09T02:18:33.355+0000] {dagbag.py:545} INFO - Filling up the DagBag from /home/airflow/.local/lib/python3.12/site-packages/airflow/example_dags/tutorial_taskflow_api.py
[2024-07-09T02:18:33.373+0000] {processor.py:840} INFO - DAG(s) 'tutorial_taskflow_api' retrieved from /home/airflow/.local/lib/python3.12/site-packages/airflow/example_dags/tutorial_taskflow_api.py
[2024-07-09T02:18:33.426+0000] {logging_mixin.py:188} INFO - [2024-07-09T02:18:33.425+0000] {dag.py:3096} INFO - Sync 1 DAGs
[2024-07-09T02:18:33.462+0000] {logging_mixin.py:188} INFO - [2024-07-09T02:18:33.460+0000] {dag.py:3954} INFO - Setting next_dagrun for tutorial_taskflow_api to None, run_after=None
[2024-07-09T02:18:33.503+0000] {processor.py:183} INFO - Processing /home/airflow/.local/lib/python3.12/site-packages/airflow/example_dags/tutorial_taskflow_api.py took 0.170 seconds
[2024-07-09T02:19:03.589+0000] {processor.py:161} INFO - Started process (PID=291) to work on /home/airflow/.local/lib/python3.12/site-packages/airflow/example_dags/tutorial_taskflow_api.py
[2024-07-09T02:19:03.591+0000] {processor.py:830} INFO - Processing file /home/airflow/.local/lib/python3.12/site-packages/airflow/example_dags/tutorial_taskflow_api.py for tasks to queue
[2024-07-09T02:19:03.595+0000] {logging_mixin.py:188} INFO - [2024-07-09T02:19:03.594+0000] {dagbag.py:545} INFO - Filling up the DagBag from /home/airflow/.local/lib/python3.12/site-packages/airflow/example_dags/tutorial_taskflow_api.py
[2024-07-09T02:19:03.608+0000] {processor.py:840} INFO - DAG(s) 'tutorial_taskflow_api' retrieved from /home/airflow/.local/lib/python3.12/site-packages/airflow/example_dags/tutorial_taskflow_api.py
[2024-07-09T02:19:03.644+0000] {logging_mixin.py:188} INFO - [2024-07-09T02:19:03.644+0000] {dag.py:3096} INFO - Sync 1 DAGs
[2024-07-09T02:19:03.670+0000] {logging_mixin.py:188} INFO - [2024-07-09T02:19:03.669+0000] {dag.py:3954} INFO - Setting next_dagrun for tutorial_taskflow_api to None, run_after=None
[2024-07-09T02:19:03.706+0000] {processor.py:183} INFO - Processing /home/airflow/.local/lib/python3.12/site-packages/airflow/example_dags/tutorial_taskflow_api.py took 0.129 seconds
[2024-07-09T02:19:34.505+0000] {processor.py:161} INFO - Started process (PID=351) to work on /home/airflow/.local/lib/python3.12/site-packages/airflow/example_dags/tutorial_taskflow_api.py
[2024-07-09T02:19:34.508+0000] {processor.py:830} INFO - Processing file /home/airflow/.local/lib/python3.12/site-packages/airflow/example_dags/tutorial_taskflow_api.py for tasks to queue
[2024-07-09T02:19:34.513+0000] {logging_mixin.py:188} INFO - [2024-07-09T02:19:34.512+0000] {dagbag.py:545} INFO - Filling up the DagBag from /home/airflow/.local/lib/python3.12/site-packages/airflow/example_dags/tutorial_taskflow_api.py
[2024-07-09T02:19:34.530+0000] {processor.py:840} INFO - DAG(s) 'tutorial_taskflow_api' retrieved from /home/airflow/.local/lib/python3.12/site-packages/airflow/example_dags/tutorial_taskflow_api.py
[2024-07-09T02:19:34.586+0000] {logging_mixin.py:188} INFO - [2024-07-09T02:19:34.585+0000] {dag.py:3096} INFO - Sync 1 DAGs
[2024-07-09T02:19:34.634+0000] {logging_mixin.py:188} INFO - [2024-07-09T02:19:34.633+0000] {dag.py:3954} INFO - Setting next_dagrun for tutorial_taskflow_api to None, run_after=None
[2024-07-09T02:19:34.728+0000] {processor.py:183} INFO - Processing /home/airflow/.local/lib/python3.12/site-packages/airflow/example_dags/tutorial_taskflow_api.py took 0.236 seconds
[2024-07-09T02:20:04.978+0000] {processor.py:161} INFO - Started process (PID=412) to work on /home/airflow/.local/lib/python3.12/site-packages/airflow/example_dags/tutorial_taskflow_api.py
[2024-07-09T02:20:04.982+0000] {processor.py:830} INFO - Processing file /home/airflow/.local/lib/python3.12/site-packages/airflow/example_dags/tutorial_taskflow_api.py for tasks to queue
[2024-07-09T02:20:04.987+0000] {logging_mixin.py:188} INFO - [2024-07-09T02:20:04.986+0000] {dagbag.py:545} INFO - Filling up the DagBag from /home/airflow/.local/lib/python3.12/site-packages/airflow/example_dags/tutorial_taskflow_api.py
[2024-07-09T02:20:05.006+0000] {processor.py:840} INFO - DAG(s) 'tutorial_taskflow_api' retrieved from /home/airflow/.local/lib/python3.12/site-packages/airflow/example_dags/tutorial_taskflow_api.py
[2024-07-09T02:20:05.068+0000] {logging_mixin.py:188} INFO - [2024-07-09T02:20:05.067+0000] {dag.py:3096} INFO - Sync 1 DAGs
[2024-07-09T02:20:05.114+0000] {logging_mixin.py:188} INFO - [2024-07-09T02:20:05.114+0000] {dag.py:3954} INFO - Setting next_dagrun for tutorial_taskflow_api to None, run_after=None
[2024-07-09T02:20:05.180+0000] {processor.py:183} INFO - Processing /home/airflow/.local/lib/python3.12/site-packages/airflow/example_dags/tutorial_taskflow_api.py took 0.224 seconds
[2024-07-09T02:20:35.338+0000] {processor.py:161} INFO - Started process (PID=472) to work on /home/airflow/.local/lib/python3.12/site-packages/airflow/example_dags/tutorial_taskflow_api.py
[2024-07-09T02:20:35.341+0000] {processor.py:830} INFO - Processing file /home/airflow/.local/lib/python3.12/site-packages/airflow/example_dags/tutorial_taskflow_api.py for tasks to queue
[2024-07-09T02:20:35.345+0000] {logging_mixin.py:188} INFO - [2024-07-09T02:20:35.344+0000] {dagbag.py:545} INFO - Filling up the DagBag from /home/airflow/.local/lib/python3.12/site-packages/airflow/example_dags/tutorial_taskflow_api.py
[2024-07-09T02:20:35.357+0000] {processor.py:840} INFO - DAG(s) 'tutorial_taskflow_api' retrieved from /home/airflow/.local/lib/python3.12/site-packages/airflow/example_dags/tutorial_taskflow_api.py
[2024-07-09T02:20:35.404+0000] {logging_mixin.py:188} INFO - [2024-07-09T02:20:35.403+0000] {dag.py:3096} INFO - Sync 1 DAGs
[2024-07-09T02:20:35.437+0000] {logging_mixin.py:188} INFO - [2024-07-09T02:20:35.436+0000] {dag.py:3954} INFO - Setting next_dagrun for tutorial_taskflow_api to None, run_after=None
[2024-07-09T02:20:35.479+0000] {processor.py:183} INFO - Processing /home/airflow/.local/lib/python3.12/site-packages/airflow/example_dags/tutorial_taskflow_api.py took 0.155 seconds
[2024-07-09T02:21:05.610+0000] {processor.py:161} INFO - Started process (PID=531) to work on /home/airflow/.local/lib/python3.12/site-packages/airflow/example_dags/tutorial_taskflow_api.py
[2024-07-09T02:21:05.611+0000] {processor.py:830} INFO - Processing file /home/airflow/.local/lib/python3.12/site-packages/airflow/example_dags/tutorial_taskflow_api.py for tasks to queue
[2024-07-09T02:21:05.614+0000] {logging_mixin.py:188} INFO - [2024-07-09T02:21:05.614+0000] {dagbag.py:545} INFO - Filling up the DagBag from /home/airflow/.local/lib/python3.12/site-packages/airflow/example_dags/tutorial_taskflow_api.py
[2024-07-09T02:21:05.625+0000] {processor.py:840} INFO - DAG(s) 'tutorial_taskflow_api' retrieved from /home/airflow/.local/lib/python3.12/site-packages/airflow/example_dags/tutorial_taskflow_api.py
[2024-07-09T02:21:05.655+0000] {logging_mixin.py:188} INFO - [2024-07-09T02:21:05.655+0000] {dag.py:3096} INFO - Sync 1 DAGs
[2024-07-09T02:21:05.675+0000] {logging_mixin.py:188} INFO - [2024-07-09T02:21:05.675+0000] {dag.py:3954} INFO - Setting next_dagrun for tutorial_taskflow_api to None, run_after=None
[2024-07-09T02:21:05.706+0000] {processor.py:183} INFO - Processing /home/airflow/.local/lib/python3.12/site-packages/airflow/example_dags/tutorial_taskflow_api.py took 0.107 seconds
[2024-07-09T02:21:36.151+0000] {processor.py:161} INFO - Started process (PID=591) to work on /home/airflow/.local/lib/python3.12/site-packages/airflow/example_dags/tutorial_taskflow_api.py
[2024-07-09T02:21:36.153+0000] {processor.py:830} INFO - Processing file /home/airflow/.local/lib/python3.12/site-packages/airflow/example_dags/tutorial_taskflow_api.py for tasks to queue
[2024-07-09T02:21:36.156+0000] {logging_mixin.py:188} INFO - [2024-07-09T02:21:36.156+0000] {dagbag.py:545} INFO - Filling up the DagBag from /home/airflow/.local/lib/python3.12/site-packages/airflow/example_dags/tutorial_taskflow_api.py
[2024-07-09T02:21:36.169+0000] {processor.py:840} INFO - DAG(s) 'tutorial_taskflow_api' retrieved from /home/airflow/.local/lib/python3.12/site-packages/airflow/example_dags/tutorial_taskflow_api.py
[2024-07-09T02:21:36.211+0000] {logging_mixin.py:188} INFO - [2024-07-09T02:21:36.210+0000] {dag.py:3096} INFO - Sync 1 DAGs
[2024-07-09T02:21:36.284+0000] {logging_mixin.py:188} INFO - [2024-07-09T02:21:36.283+0000] {dag.py:3954} INFO - Setting next_dagrun for tutorial_taskflow_api to None, run_after=None
[2024-07-09T02:21:36.379+0000] {processor.py:183} INFO - Processing /home/airflow/.local/lib/python3.12/site-packages/airflow/example_dags/tutorial_taskflow_api.py took 0.251 seconds
[2024-07-09T02:22:06.924+0000] {processor.py:161} INFO - Started process (PID=651) to work on /home/airflow/.local/lib/python3.12/site-packages/airflow/example_dags/tutorial_taskflow_api.py
[2024-07-09T02:22:06.927+0000] {processor.py:830} INFO - Processing file /home/airflow/.local/lib/python3.12/site-packages/airflow/example_dags/tutorial_taskflow_api.py for tasks to queue
[2024-07-09T02:22:06.934+0000] {logging_mixin.py:188} INFO - [2024-07-09T02:22:06.934+0000] {dagbag.py:545} INFO - Filling up the DagBag from /home/airflow/.local/lib/python3.12/site-packages/airflow/example_dags/tutorial_taskflow_api.py
[2024-07-09T02:22:06.951+0000] {processor.py:840} INFO - DAG(s) 'tutorial_taskflow_api' retrieved from /home/airflow/.local/lib/python3.12/site-packages/airflow/example_dags/tutorial_taskflow_api.py
[2024-07-09T02:22:07.000+0000] {logging_mixin.py:188} INFO - [2024-07-09T02:22:06.999+0000] {dag.py:3096} INFO - Sync 1 DAGs
[2024-07-09T02:22:07.030+0000] {logging_mixin.py:188} INFO - [2024-07-09T02:22:07.030+0000] {dag.py:3954} INFO - Setting next_dagrun for tutorial_taskflow_api to None, run_after=None
[2024-07-09T02:22:07.070+0000] {processor.py:183} INFO - Processing /home/airflow/.local/lib/python3.12/site-packages/airflow/example_dags/tutorial_taskflow_api.py took 0.169 seconds
[2024-07-09T02:22:37.386+0000] {processor.py:161} INFO - Started process (PID=711) to work on /home/airflow/.local/lib/python3.12/site-packages/airflow/example_dags/tutorial_taskflow_api.py
[2024-07-09T02:22:37.388+0000] {processor.py:830} INFO - Processing file /home/airflow/.local/lib/python3.12/site-packages/airflow/example_dags/tutorial_taskflow_api.py for tasks to queue
[2024-07-09T02:22:37.392+0000] {logging_mixin.py:188} INFO - [2024-07-09T02:22:37.391+0000] {dagbag.py:545} INFO - Filling up the DagBag from /home/airflow/.local/lib/python3.12/site-packages/airflow/example_dags/tutorial_taskflow_api.py
[2024-07-09T02:22:37.405+0000] {processor.py:840} INFO - DAG(s) 'tutorial_taskflow_api' retrieved from /home/airflow/.local/lib/python3.12/site-packages/airflow/example_dags/tutorial_taskflow_api.py
[2024-07-09T02:22:37.445+0000] {logging_mixin.py:188} INFO - [2024-07-09T02:22:37.445+0000] {dag.py:3096} INFO - Sync 1 DAGs
[2024-07-09T02:22:37.476+0000] {logging_mixin.py:188} INFO - [2024-07-09T02:22:37.475+0000] {dag.py:3954} INFO - Setting next_dagrun for tutorial_taskflow_api to None, run_after=None
[2024-07-09T02:22:37.521+0000] {processor.py:183} INFO - Processing /home/airflow/.local/lib/python3.12/site-packages/airflow/example_dags/tutorial_taskflow_api.py took 0.148 seconds
[2024-07-09T02:23:07.965+0000] {processor.py:161} INFO - Started process (PID=770) to work on /home/airflow/.local/lib/python3.12/site-packages/airflow/example_dags/tutorial_taskflow_api.py
[2024-07-09T02:23:07.967+0000] {processor.py:830} INFO - Processing file /home/airflow/.local/lib/python3.12/site-packages/airflow/example_dags/tutorial_taskflow_api.py for tasks to queue
[2024-07-09T02:23:07.972+0000] {logging_mixin.py:188} INFO - [2024-07-09T02:23:07.971+0000] {dagbag.py:545} INFO - Filling up the DagBag from /home/airflow/.local/lib/python3.12/site-packages/airflow/example_dags/tutorial_taskflow_api.py
[2024-07-09T02:23:07.983+0000] {processor.py:840} INFO - DAG(s) 'tutorial_taskflow_api' retrieved from /home/airflow/.local/lib/python3.12/site-packages/airflow/example_dags/tutorial_taskflow_api.py
[2024-07-09T02:23:08.018+0000] {logging_mixin.py:188} INFO - [2024-07-09T02:23:08.018+0000] {dag.py:3096} INFO - Sync 1 DAGs
[2024-07-09T02:23:08.049+0000] {logging_mixin.py:188} INFO - [2024-07-09T02:23:08.048+0000] {dag.py:3954} INFO - Setting next_dagrun for tutorial_taskflow_api to None, run_after=None
[2024-07-09T02:23:08.080+0000] {processor.py:183} INFO - Processing /home/airflow/.local/lib/python3.12/site-packages/airflow/example_dags/tutorial_taskflow_api.py took 0.127 seconds
[2024-07-09T02:23:38.804+0000] {processor.py:161} INFO - Started process (PID=830) to work on /home/airflow/.local/lib/python3.12/site-packages/airflow/example_dags/tutorial_taskflow_api.py
[2024-07-09T02:23:38.805+0000] {processor.py:830} INFO - Processing file /home/airflow/.local/lib/python3.12/site-packages/airflow/example_dags/tutorial_taskflow_api.py for tasks to queue
[2024-07-09T02:23:38.809+0000] {logging_mixin.py:188} INFO - [2024-07-09T02:23:38.808+0000] {dagbag.py:545} INFO - Filling up the DagBag from /home/airflow/.local/lib/python3.12/site-packages/airflow/example_dags/tutorial_taskflow_api.py
[2024-07-09T02:23:38.819+0000] {processor.py:840} INFO - DAG(s) 'tutorial_taskflow_api' retrieved from /home/airflow/.local/lib/python3.12/site-packages/airflow/example_dags/tutorial_taskflow_api.py
[2024-07-09T02:23:38.852+0000] {logging_mixin.py:188} INFO - [2024-07-09T02:23:38.851+0000] {dag.py:3096} INFO - Sync 1 DAGs
[2024-07-09T02:23:38.874+0000] {logging_mixin.py:188} INFO - [2024-07-09T02:23:38.873+0000] {dag.py:3954} INFO - Setting next_dagrun for tutorial_taskflow_api to None, run_after=None
[2024-07-09T02:23:38.904+0000] {processor.py:183} INFO - Processing /home/airflow/.local/lib/python3.12/site-packages/airflow/example_dags/tutorial_taskflow_api.py took 0.113 seconds
[2024-07-09T02:24:09.679+0000] {processor.py:161} INFO - Started process (PID=890) to work on /home/airflow/.local/lib/python3.12/site-packages/airflow/example_dags/tutorial_taskflow_api.py
[2024-07-09T02:24:09.681+0000] {processor.py:830} INFO - Processing file /home/airflow/.local/lib/python3.12/site-packages/airflow/example_dags/tutorial_taskflow_api.py for tasks to queue
[2024-07-09T02:24:09.685+0000] {logging_mixin.py:188} INFO - [2024-07-09T02:24:09.684+0000] {dagbag.py:545} INFO - Filling up the DagBag from /home/airflow/.local/lib/python3.12/site-packages/airflow/example_dags/tutorial_taskflow_api.py
[2024-07-09T02:24:09.700+0000] {processor.py:840} INFO - DAG(s) 'tutorial_taskflow_api' retrieved from /home/airflow/.local/lib/python3.12/site-packages/airflow/example_dags/tutorial_taskflow_api.py
[2024-07-09T02:24:09.741+0000] {logging_mixin.py:188} INFO - [2024-07-09T02:24:09.741+0000] {dag.py:3096} INFO - Sync 1 DAGs
[2024-07-09T02:24:09.774+0000] {logging_mixin.py:188} INFO - [2024-07-09T02:24:09.773+0000] {dag.py:3954} INFO - Setting next_dagrun for tutorial_taskflow_api to None, run_after=None
[2024-07-09T02:24:09.821+0000] {processor.py:183} INFO - Processing /home/airflow/.local/lib/python3.12/site-packages/airflow/example_dags/tutorial_taskflow_api.py took 0.156 seconds
[2024-07-09T02:24:40.339+0000] {processor.py:161} INFO - Started process (PID=951) to work on /home/airflow/.local/lib/python3.12/site-packages/airflow/example_dags/tutorial_taskflow_api.py
[2024-07-09T02:24:40.341+0000] {processor.py:830} INFO - Processing file /home/airflow/.local/lib/python3.12/site-packages/airflow/example_dags/tutorial_taskflow_api.py for tasks to queue
[2024-07-09T02:24:40.345+0000] {logging_mixin.py:188} INFO - [2024-07-09T02:24:40.344+0000] {dagbag.py:545} INFO - Filling up the DagBag from /home/airflow/.local/lib/python3.12/site-packages/airflow/example_dags/tutorial_taskflow_api.py
[2024-07-09T02:24:40.358+0000] {processor.py:840} INFO - DAG(s) 'tutorial_taskflow_api' retrieved from /home/airflow/.local/lib/python3.12/site-packages/airflow/example_dags/tutorial_taskflow_api.py
[2024-07-09T02:24:40.404+0000] {logging_mixin.py:188} INFO - [2024-07-09T02:24:40.403+0000] {dag.py:3096} INFO - Sync 1 DAGs
[2024-07-09T02:24:40.446+0000] {logging_mixin.py:188} INFO - [2024-07-09T02:24:40.446+0000] {dag.py:3954} INFO - Setting next_dagrun for tutorial_taskflow_api to None, run_after=None
[2024-07-09T02:24:40.498+0000] {processor.py:183} INFO - Processing /home/airflow/.local/lib/python3.12/site-packages/airflow/example_dags/tutorial_taskflow_api.py took 0.172 seconds
[2024-07-09T02:25:11.595+0000] {processor.py:161} INFO - Started process (PID=1011) to work on /home/airflow/.local/lib/python3.12/site-packages/airflow/example_dags/tutorial_taskflow_api.py
[2024-07-09T02:25:11.598+0000] {processor.py:830} INFO - Processing file /home/airflow/.local/lib/python3.12/site-packages/airflow/example_dags/tutorial_taskflow_api.py for tasks to queue
[2024-07-09T02:25:11.603+0000] {logging_mixin.py:188} INFO - [2024-07-09T02:25:11.602+0000] {dagbag.py:545} INFO - Filling up the DagBag from /home/airflow/.local/lib/python3.12/site-packages/airflow/example_dags/tutorial_taskflow_api.py
[2024-07-09T02:25:11.622+0000] {processor.py:840} INFO - DAG(s) 'tutorial_taskflow_api' retrieved from /home/airflow/.local/lib/python3.12/site-packages/airflow/example_dags/tutorial_taskflow_api.py
[2024-07-09T02:25:11.685+0000] {logging_mixin.py:188} INFO - [2024-07-09T02:25:11.685+0000] {dag.py:3096} INFO - Sync 1 DAGs
[2024-07-09T02:25:11.738+0000] {logging_mixin.py:188} INFO - [2024-07-09T02:25:11.737+0000] {dag.py:3954} INFO - Setting next_dagrun for tutorial_taskflow_api to None, run_after=None
[2024-07-09T02:25:11.817+0000] {processor.py:183} INFO - Processing /home/airflow/.local/lib/python3.12/site-packages/airflow/example_dags/tutorial_taskflow_api.py took 0.244 seconds
[2024-07-09T02:25:42.310+0000] {processor.py:161} INFO - Started process (PID=1087) to work on /home/airflow/.local/lib/python3.12/site-packages/airflow/example_dags/tutorial_taskflow_api.py
[2024-07-09T02:25:42.312+0000] {processor.py:830} INFO - Processing file /home/airflow/.local/lib/python3.12/site-packages/airflow/example_dags/tutorial_taskflow_api.py for tasks to queue
[2024-07-09T02:25:42.317+0000] {logging_mixin.py:188} INFO - [2024-07-09T02:25:42.316+0000] {dagbag.py:545} INFO - Filling up the DagBag from /home/airflow/.local/lib/python3.12/site-packages/airflow/example_dags/tutorial_taskflow_api.py
[2024-07-09T02:25:42.333+0000] {processor.py:840} INFO - DAG(s) 'tutorial_taskflow_api' retrieved from /home/airflow/.local/lib/python3.12/site-packages/airflow/example_dags/tutorial_taskflow_api.py
[2024-07-09T02:25:42.381+0000] {logging_mixin.py:188} INFO - [2024-07-09T02:25:42.380+0000] {dag.py:3096} INFO - Sync 1 DAGs
[2024-07-09T02:25:42.422+0000] {logging_mixin.py:188} INFO - [2024-07-09T02:25:42.421+0000] {dag.py:3954} INFO - Setting next_dagrun for tutorial_taskflow_api to None, run_after=None
[2024-07-09T02:25:42.535+0000] {processor.py:183} INFO - Processing /home/airflow/.local/lib/python3.12/site-packages/airflow/example_dags/tutorial_taskflow_api.py took 0.241 seconds
[2024-07-09T02:26:13.238+0000] {processor.py:161} INFO - Started process (PID=1151) to work on /home/airflow/.local/lib/python3.12/site-packages/airflow/example_dags/tutorial_taskflow_api.py
[2024-07-09T02:26:13.239+0000] {processor.py:830} INFO - Processing file /home/airflow/.local/lib/python3.12/site-packages/airflow/example_dags/tutorial_taskflow_api.py for tasks to queue
[2024-07-09T02:26:13.244+0000] {logging_mixin.py:188} INFO - [2024-07-09T02:26:13.243+0000] {dagbag.py:545} INFO - Filling up the DagBag from /home/airflow/.local/lib/python3.12/site-packages/airflow/example_dags/tutorial_taskflow_api.py
[2024-07-09T02:26:13.255+0000] {processor.py:840} INFO - DAG(s) 'tutorial_taskflow_api' retrieved from /home/airflow/.local/lib/python3.12/site-packages/airflow/example_dags/tutorial_taskflow_api.py
[2024-07-09T02:26:13.291+0000] {logging_mixin.py:188} INFO - [2024-07-09T02:26:13.291+0000] {dag.py:3096} INFO - Sync 1 DAGs
[2024-07-09T02:26:13.320+0000] {logging_mixin.py:188} INFO - [2024-07-09T02:26:13.320+0000] {dag.py:3954} INFO - Setting next_dagrun for tutorial_taskflow_api to None, run_after=None
[2024-07-09T02:26:13.367+0000] {processor.py:183} INFO - Processing /home/airflow/.local/lib/python3.12/site-packages/airflow/example_dags/tutorial_taskflow_api.py took 0.139 seconds
[2024-07-09T02:26:44.127+0000] {processor.py:161} INFO - Started process (PID=1211) to work on /home/airflow/.local/lib/python3.12/site-packages/airflow/example_dags/tutorial_taskflow_api.py
[2024-07-09T02:26:44.139+0000] {processor.py:830} INFO - Processing file /home/airflow/.local/lib/python3.12/site-packages/airflow/example_dags/tutorial_taskflow_api.py for tasks to queue
[2024-07-09T02:26:44.149+0000] {logging_mixin.py:188} INFO - [2024-07-09T02:26:44.149+0000] {dagbag.py:545} INFO - Filling up the DagBag from /home/airflow/.local/lib/python3.12/site-packages/airflow/example_dags/tutorial_taskflow_api.py
[2024-07-09T02:26:44.176+0000] {processor.py:840} INFO - DAG(s) 'tutorial_taskflow_api' retrieved from /home/airflow/.local/lib/python3.12/site-packages/airflow/example_dags/tutorial_taskflow_api.py
[2024-07-09T02:26:44.269+0000] {logging_mixin.py:188} INFO - [2024-07-09T02:26:44.269+0000] {dag.py:3096} INFO - Sync 1 DAGs
[2024-07-09T02:26:44.327+0000] {logging_mixin.py:188} INFO - [2024-07-09T02:26:44.326+0000] {dag.py:3954} INFO - Setting next_dagrun for tutorial_taskflow_api to None, run_after=None
[2024-07-09T02:26:44.369+0000] {processor.py:183} INFO - Processing /home/airflow/.local/lib/python3.12/site-packages/airflow/example_dags/tutorial_taskflow_api.py took 0.263 seconds
[2024-07-09T02:27:14.606+0000] {processor.py:161} INFO - Started process (PID=1275) to work on /home/airflow/.local/lib/python3.12/site-packages/airflow/example_dags/tutorial_taskflow_api.py
[2024-07-09T02:27:14.608+0000] {processor.py:830} INFO - Processing file /home/airflow/.local/lib/python3.12/site-packages/airflow/example_dags/tutorial_taskflow_api.py for tasks to queue
[2024-07-09T02:27:14.613+0000] {logging_mixin.py:188} INFO - [2024-07-09T02:27:14.612+0000] {dagbag.py:545} INFO - Filling up the DagBag from /home/airflow/.local/lib/python3.12/site-packages/airflow/example_dags/tutorial_taskflow_api.py
[2024-07-09T02:27:14.629+0000] {processor.py:840} INFO - DAG(s) 'tutorial_taskflow_api' retrieved from /home/airflow/.local/lib/python3.12/site-packages/airflow/example_dags/tutorial_taskflow_api.py
[2024-07-09T02:27:14.672+0000] {logging_mixin.py:188} INFO - [2024-07-09T02:27:14.672+0000] {dag.py:3096} INFO - Sync 1 DAGs
[2024-07-09T02:27:14.708+0000] {logging_mixin.py:188} INFO - [2024-07-09T02:27:14.707+0000] {dag.py:3954} INFO - Setting next_dagrun for tutorial_taskflow_api to None, run_after=None
[2024-07-09T02:27:14.770+0000] {processor.py:183} INFO - Processing /home/airflow/.local/lib/python3.12/site-packages/airflow/example_dags/tutorial_taskflow_api.py took 0.183 seconds
[2024-07-09T02:27:45.007+0000] {processor.py:161} INFO - Started process (PID=1335) to work on /home/airflow/.local/lib/python3.12/site-packages/airflow/example_dags/tutorial_taskflow_api.py
[2024-07-09T02:27:45.009+0000] {processor.py:830} INFO - Processing file /home/airflow/.local/lib/python3.12/site-packages/airflow/example_dags/tutorial_taskflow_api.py for tasks to queue
[2024-07-09T02:27:45.014+0000] {logging_mixin.py:188} INFO - [2024-07-09T02:27:45.013+0000] {dagbag.py:545} INFO - Filling up the DagBag from /home/airflow/.local/lib/python3.12/site-packages/airflow/example_dags/tutorial_taskflow_api.py
[2024-07-09T02:27:45.037+0000] {processor.py:840} INFO - DAG(s) 'tutorial_taskflow_api' retrieved from /home/airflow/.local/lib/python3.12/site-packages/airflow/example_dags/tutorial_taskflow_api.py
[2024-07-09T02:27:45.095+0000] {logging_mixin.py:188} INFO - [2024-07-09T02:27:45.095+0000] {dag.py:3096} INFO - Sync 1 DAGs
[2024-07-09T02:27:45.152+0000] {logging_mixin.py:188} INFO - [2024-07-09T02:27:45.151+0000] {dag.py:3954} INFO - Setting next_dagrun for tutorial_taskflow_api to None, run_after=None
[2024-07-09T02:27:45.218+0000] {processor.py:183} INFO - Processing /home/airflow/.local/lib/python3.12/site-packages/airflow/example_dags/tutorial_taskflow_api.py took 0.229 seconds
[2024-07-09T02:28:15.994+0000] {processor.py:161} INFO - Started process (PID=1395) to work on /home/airflow/.local/lib/python3.12/site-packages/airflow/example_dags/tutorial_taskflow_api.py
[2024-07-09T02:28:15.996+0000] {processor.py:830} INFO - Processing file /home/airflow/.local/lib/python3.12/site-packages/airflow/example_dags/tutorial_taskflow_api.py for tasks to queue
[2024-07-09T02:28:16.001+0000] {logging_mixin.py:188} INFO - [2024-07-09T02:28:15.999+0000] {dagbag.py:545} INFO - Filling up the DagBag from /home/airflow/.local/lib/python3.12/site-packages/airflow/example_dags/tutorial_taskflow_api.py
[2024-07-09T02:28:16.018+0000] {processor.py:840} INFO - DAG(s) 'tutorial_taskflow_api' retrieved from /home/airflow/.local/lib/python3.12/site-packages/airflow/example_dags/tutorial_taskflow_api.py
[2024-07-09T02:28:16.071+0000] {logging_mixin.py:188} INFO - [2024-07-09T02:28:16.070+0000] {dag.py:3096} INFO - Sync 1 DAGs
[2024-07-09T02:28:16.108+0000] {logging_mixin.py:188} INFO - [2024-07-09T02:28:16.107+0000] {dag.py:3954} INFO - Setting next_dagrun for tutorial_taskflow_api to None, run_after=None
[2024-07-09T02:28:16.216+0000] {processor.py:183} INFO - Processing /home/airflow/.local/lib/python3.12/site-packages/airflow/example_dags/tutorial_taskflow_api.py took 0.235 seconds
[2024-07-09T02:28:46.620+0000] {processor.py:161} INFO - Started process (PID=1458) to work on /home/airflow/.local/lib/python3.12/site-packages/airflow/example_dags/tutorial_taskflow_api.py
[2024-07-09T02:28:46.622+0000] {processor.py:830} INFO - Processing file /home/airflow/.local/lib/python3.12/site-packages/airflow/example_dags/tutorial_taskflow_api.py for tasks to queue
[2024-07-09T02:28:46.626+0000] {logging_mixin.py:188} INFO - [2024-07-09T02:28:46.625+0000] {dagbag.py:545} INFO - Filling up the DagBag from /home/airflow/.local/lib/python3.12/site-packages/airflow/example_dags/tutorial_taskflow_api.py
[2024-07-09T02:28:46.640+0000] {processor.py:840} INFO - DAG(s) 'tutorial_taskflow_api' retrieved from /home/airflow/.local/lib/python3.12/site-packages/airflow/example_dags/tutorial_taskflow_api.py
[2024-07-09T02:28:46.689+0000] {logging_mixin.py:188} INFO - [2024-07-09T02:28:46.689+0000] {dag.py:3096} INFO - Sync 1 DAGs
[2024-07-09T02:28:46.722+0000] {logging_mixin.py:188} INFO - [2024-07-09T02:28:46.722+0000] {dag.py:3954} INFO - Setting next_dagrun for tutorial_taskflow_api to None, run_after=None
[2024-07-09T02:28:46.768+0000] {processor.py:183} INFO - Processing /home/airflow/.local/lib/python3.12/site-packages/airflow/example_dags/tutorial_taskflow_api.py took 0.160 seconds
[2024-07-09T02:29:19.894+0000] {processor.py:161} INFO - Started process (PID=1517) to work on /home/airflow/.local/lib/python3.12/site-packages/airflow/example_dags/tutorial_taskflow_api.py
[2024-07-09T02:29:19.937+0000] {processor.py:830} INFO - Processing file /home/airflow/.local/lib/python3.12/site-packages/airflow/example_dags/tutorial_taskflow_api.py for tasks to queue
[2024-07-09T02:29:19.977+0000] {logging_mixin.py:188} INFO - [2024-07-09T02:29:19.974+0000] {dagbag.py:545} INFO - Filling up the DagBag from /home/airflow/.local/lib/python3.12/site-packages/airflow/example_dags/tutorial_taskflow_api.py
[2024-07-09T02:29:20.056+0000] {processor.py:840} INFO - DAG(s) 'tutorial_taskflow_api' retrieved from /home/airflow/.local/lib/python3.12/site-packages/airflow/example_dags/tutorial_taskflow_api.py
[2024-07-09T02:29:20.178+0000] {logging_mixin.py:188} INFO - [2024-07-09T02:29:20.177+0000] {dag.py:3096} INFO - Sync 1 DAGs
[2024-07-09T02:29:20.287+0000] {logging_mixin.py:188} INFO - [2024-07-09T02:29:20.286+0000] {dag.py:3954} INFO - Setting next_dagrun for tutorial_taskflow_api to None, run_after=None
[2024-07-09T02:29:20.446+0000] {processor.py:183} INFO - Processing /home/airflow/.local/lib/python3.12/site-packages/airflow/example_dags/tutorial_taskflow_api.py took 0.588 seconds
[2024-07-09T02:29:51.536+0000] {processor.py:161} INFO - Started process (PID=1575) to work on /home/airflow/.local/lib/python3.12/site-packages/airflow/example_dags/tutorial_taskflow_api.py
[2024-07-09T02:29:51.549+0000] {processor.py:830} INFO - Processing file /home/airflow/.local/lib/python3.12/site-packages/airflow/example_dags/tutorial_taskflow_api.py for tasks to queue
[2024-07-09T02:29:51.553+0000] {logging_mixin.py:188} INFO - [2024-07-09T02:29:51.552+0000] {dagbag.py:545} INFO - Filling up the DagBag from /home/airflow/.local/lib/python3.12/site-packages/airflow/example_dags/tutorial_taskflow_api.py
[2024-07-09T02:29:51.585+0000] {processor.py:840} INFO - DAG(s) 'tutorial_taskflow_api' retrieved from /home/airflow/.local/lib/python3.12/site-packages/airflow/example_dags/tutorial_taskflow_api.py
[2024-07-09T02:29:51.664+0000] {logging_mixin.py:188} INFO - [2024-07-09T02:29:51.663+0000] {dag.py:3096} INFO - Sync 1 DAGs
[2024-07-09T02:29:51.731+0000] {logging_mixin.py:188} INFO - [2024-07-09T02:29:51.730+0000] {dag.py:3954} INFO - Setting next_dagrun for tutorial_taskflow_api to None, run_after=None
[2024-07-09T02:29:51.817+0000] {processor.py:183} INFO - Processing /home/airflow/.local/lib/python3.12/site-packages/airflow/example_dags/tutorial_taskflow_api.py took 0.319 seconds
[2024-07-09T02:30:22.567+0000] {processor.py:161} INFO - Started process (PID=1635) to work on /home/airflow/.local/lib/python3.12/site-packages/airflow/example_dags/tutorial_taskflow_api.py
[2024-07-09T02:30:22.568+0000] {processor.py:830} INFO - Processing file /home/airflow/.local/lib/python3.12/site-packages/airflow/example_dags/tutorial_taskflow_api.py for tasks to queue
[2024-07-09T02:30:22.571+0000] {logging_mixin.py:188} INFO - [2024-07-09T02:30:22.570+0000] {dagbag.py:545} INFO - Filling up the DagBag from /home/airflow/.local/lib/python3.12/site-packages/airflow/example_dags/tutorial_taskflow_api.py
[2024-07-09T02:30:22.578+0000] {processor.py:840} INFO - DAG(s) 'tutorial_taskflow_api' retrieved from /home/airflow/.local/lib/python3.12/site-packages/airflow/example_dags/tutorial_taskflow_api.py
[2024-07-09T02:30:22.600+0000] {logging_mixin.py:188} INFO - [2024-07-09T02:30:22.600+0000] {dag.py:3096} INFO - Sync 1 DAGs
[2024-07-09T02:30:22.615+0000] {logging_mixin.py:188} INFO - [2024-07-09T02:30:22.615+0000] {dag.py:3954} INFO - Setting next_dagrun for tutorial_taskflow_api to None, run_after=None
[2024-07-09T02:30:22.657+0000] {processor.py:183} INFO - Processing /home/airflow/.local/lib/python3.12/site-packages/airflow/example_dags/tutorial_taskflow_api.py took 0.096 seconds
[2024-07-09T02:30:53.003+0000] {processor.py:161} INFO - Started process (PID=1695) to work on /home/airflow/.local/lib/python3.12/site-packages/airflow/example_dags/tutorial_taskflow_api.py
[2024-07-09T02:30:53.004+0000] {processor.py:830} INFO - Processing file /home/airflow/.local/lib/python3.12/site-packages/airflow/example_dags/tutorial_taskflow_api.py for tasks to queue
[2024-07-09T02:30:53.007+0000] {logging_mixin.py:188} INFO - [2024-07-09T02:30:53.007+0000] {dagbag.py:545} INFO - Filling up the DagBag from /home/airflow/.local/lib/python3.12/site-packages/airflow/example_dags/tutorial_taskflow_api.py
[2024-07-09T02:30:53.017+0000] {processor.py:840} INFO - DAG(s) 'tutorial_taskflow_api' retrieved from /home/airflow/.local/lib/python3.12/site-packages/airflow/example_dags/tutorial_taskflow_api.py
[2024-07-09T02:30:53.046+0000] {logging_mixin.py:188} INFO - [2024-07-09T02:30:53.046+0000] {dag.py:3096} INFO - Sync 1 DAGs
[2024-07-09T02:30:53.066+0000] {logging_mixin.py:188} INFO - [2024-07-09T02:30:53.065+0000] {dag.py:3954} INFO - Setting next_dagrun for tutorial_taskflow_api to None, run_after=None
[2024-07-09T02:30:53.113+0000] {processor.py:183} INFO - Processing /home/airflow/.local/lib/python3.12/site-packages/airflow/example_dags/tutorial_taskflow_api.py took 0.119 seconds
[2024-07-09T02:31:23.581+0000] {processor.py:161} INFO - Started process (PID=1755) to work on /home/airflow/.local/lib/python3.12/site-packages/airflow/example_dags/tutorial_taskflow_api.py
[2024-07-09T02:31:23.583+0000] {processor.py:830} INFO - Processing file /home/airflow/.local/lib/python3.12/site-packages/airflow/example_dags/tutorial_taskflow_api.py for tasks to queue
[2024-07-09T02:31:23.585+0000] {logging_mixin.py:188} INFO - [2024-07-09T02:31:23.585+0000] {dagbag.py:545} INFO - Filling up the DagBag from /home/airflow/.local/lib/python3.12/site-packages/airflow/example_dags/tutorial_taskflow_api.py
[2024-07-09T02:31:23.593+0000] {processor.py:840} INFO - DAG(s) 'tutorial_taskflow_api' retrieved from /home/airflow/.local/lib/python3.12/site-packages/airflow/example_dags/tutorial_taskflow_api.py
[2024-07-09T02:31:23.618+0000] {logging_mixin.py:188} INFO - [2024-07-09T02:31:23.618+0000] {dag.py:3096} INFO - Sync 1 DAGs
[2024-07-09T02:31:23.636+0000] {logging_mixin.py:188} INFO - [2024-07-09T02:31:23.636+0000] {dag.py:3954} INFO - Setting next_dagrun for tutorial_taskflow_api to None, run_after=None
[2024-07-09T02:31:23.663+0000] {processor.py:183} INFO - Processing /home/airflow/.local/lib/python3.12/site-packages/airflow/example_dags/tutorial_taskflow_api.py took 0.091 seconds
[2024-07-09T02:31:53.922+0000] {processor.py:161} INFO - Started process (PID=1815) to work on /home/airflow/.local/lib/python3.12/site-packages/airflow/example_dags/tutorial_taskflow_api.py
[2024-07-09T02:31:53.924+0000] {processor.py:830} INFO - Processing file /home/airflow/.local/lib/python3.12/site-packages/airflow/example_dags/tutorial_taskflow_api.py for tasks to queue
[2024-07-09T02:31:53.927+0000] {logging_mixin.py:188} INFO - [2024-07-09T02:31:53.926+0000] {dagbag.py:545} INFO - Filling up the DagBag from /home/airflow/.local/lib/python3.12/site-packages/airflow/example_dags/tutorial_taskflow_api.py
[2024-07-09T02:31:53.938+0000] {processor.py:840} INFO - DAG(s) 'tutorial_taskflow_api' retrieved from /home/airflow/.local/lib/python3.12/site-packages/airflow/example_dags/tutorial_taskflow_api.py
[2024-07-09T02:31:53.968+0000] {logging_mixin.py:188} INFO - [2024-07-09T02:31:53.968+0000] {dag.py:3096} INFO - Sync 1 DAGs
[2024-07-09T02:31:53.986+0000] {logging_mixin.py:188} INFO - [2024-07-09T02:31:53.986+0000] {dag.py:3954} INFO - Setting next_dagrun for tutorial_taskflow_api to None, run_after=None
[2024-07-09T02:31:54.012+0000] {processor.py:183} INFO - Processing /home/airflow/.local/lib/python3.12/site-packages/airflow/example_dags/tutorial_taskflow_api.py took 0.100 seconds
[2024-07-09T02:32:24.442+0000] {processor.py:161} INFO - Started process (PID=1875) to work on /home/airflow/.local/lib/python3.12/site-packages/airflow/example_dags/tutorial_taskflow_api.py
[2024-07-09T02:32:24.444+0000] {processor.py:830} INFO - Processing file /home/airflow/.local/lib/python3.12/site-packages/airflow/example_dags/tutorial_taskflow_api.py for tasks to queue
[2024-07-09T02:32:24.446+0000] {logging_mixin.py:188} INFO - [2024-07-09T02:32:24.446+0000] {dagbag.py:545} INFO - Filling up the DagBag from /home/airflow/.local/lib/python3.12/site-packages/airflow/example_dags/tutorial_taskflow_api.py
[2024-07-09T02:32:24.453+0000] {processor.py:840} INFO - DAG(s) 'tutorial_taskflow_api' retrieved from /home/airflow/.local/lib/python3.12/site-packages/airflow/example_dags/tutorial_taskflow_api.py
[2024-07-09T02:32:24.478+0000] {logging_mixin.py:188} INFO - [2024-07-09T02:32:24.478+0000] {dag.py:3096} INFO - Sync 1 DAGs
[2024-07-09T02:32:24.493+0000] {logging_mixin.py:188} INFO - [2024-07-09T02:32:24.493+0000] {dag.py:3954} INFO - Setting next_dagrun for tutorial_taskflow_api to None, run_after=None
[2024-07-09T02:32:24.539+0000] {processor.py:183} INFO - Processing /home/airflow/.local/lib/python3.12/site-packages/airflow/example_dags/tutorial_taskflow_api.py took 0.105 seconds
[2024-07-09T02:32:55.430+0000] {processor.py:161} INFO - Started process (PID=1935) to work on /home/airflow/.local/lib/python3.12/site-packages/airflow/example_dags/tutorial_taskflow_api.py
[2024-07-09T02:32:55.431+0000] {processor.py:830} INFO - Processing file /home/airflow/.local/lib/python3.12/site-packages/airflow/example_dags/tutorial_taskflow_api.py for tasks to queue
[2024-07-09T02:32:55.433+0000] {logging_mixin.py:188} INFO - [2024-07-09T02:32:55.433+0000] {dagbag.py:545} INFO - Filling up the DagBag from /home/airflow/.local/lib/python3.12/site-packages/airflow/example_dags/tutorial_taskflow_api.py
[2024-07-09T02:32:55.440+0000] {processor.py:840} INFO - DAG(s) 'tutorial_taskflow_api' retrieved from /home/airflow/.local/lib/python3.12/site-packages/airflow/example_dags/tutorial_taskflow_api.py
[2024-07-09T02:32:55.462+0000] {logging_mixin.py:188} INFO - [2024-07-09T02:32:55.462+0000] {dag.py:3096} INFO - Sync 1 DAGs
[2024-07-09T02:32:55.612+0000] {logging_mixin.py:188} INFO - [2024-07-09T02:32:55.612+0000] {dag.py:3954} INFO - Setting next_dagrun for tutorial_taskflow_api to None, run_after=None
[2024-07-09T02:32:55.635+0000] {processor.py:183} INFO - Processing /home/airflow/.local/lib/python3.12/site-packages/airflow/example_dags/tutorial_taskflow_api.py took 0.211 seconds
[2024-07-09T02:33:25.725+0000] {processor.py:161} INFO - Started process (PID=1996) to work on /home/airflow/.local/lib/python3.12/site-packages/airflow/example_dags/tutorial_taskflow_api.py
[2024-07-09T02:33:25.727+0000] {processor.py:830} INFO - Processing file /home/airflow/.local/lib/python3.12/site-packages/airflow/example_dags/tutorial_taskflow_api.py for tasks to queue
[2024-07-09T02:33:25.731+0000] {logging_mixin.py:188} INFO - [2024-07-09T02:33:25.730+0000] {dagbag.py:545} INFO - Filling up the DagBag from /home/airflow/.local/lib/python3.12/site-packages/airflow/example_dags/tutorial_taskflow_api.py
[2024-07-09T02:33:25.741+0000] {processor.py:840} INFO - DAG(s) 'tutorial_taskflow_api' retrieved from /home/airflow/.local/lib/python3.12/site-packages/airflow/example_dags/tutorial_taskflow_api.py
[2024-07-09T02:33:25.772+0000] {logging_mixin.py:188} INFO - [2024-07-09T02:33:25.772+0000] {dag.py:3096} INFO - Sync 1 DAGs
[2024-07-09T02:33:25.797+0000] {logging_mixin.py:188} INFO - [2024-07-09T02:33:25.796+0000] {dag.py:3954} INFO - Setting next_dagrun for tutorial_taskflow_api to None, run_after=None
[2024-07-09T02:33:25.832+0000] {processor.py:183} INFO - Processing /home/airflow/.local/lib/python3.12/site-packages/airflow/example_dags/tutorial_taskflow_api.py took 0.116 seconds
[2024-07-09T02:33:56.384+0000] {processor.py:161} INFO - Started process (PID=2056) to work on /home/airflow/.local/lib/python3.12/site-packages/airflow/example_dags/tutorial_taskflow_api.py
[2024-07-09T02:33:56.386+0000] {processor.py:830} INFO - Processing file /home/airflow/.local/lib/python3.12/site-packages/airflow/example_dags/tutorial_taskflow_api.py for tasks to queue
[2024-07-09T02:33:56.388+0000] {logging_mixin.py:188} INFO - [2024-07-09T02:33:56.388+0000] {dagbag.py:545} INFO - Filling up the DagBag from /home/airflow/.local/lib/python3.12/site-packages/airflow/example_dags/tutorial_taskflow_api.py
[2024-07-09T02:33:56.399+0000] {processor.py:840} INFO - DAG(s) 'tutorial_taskflow_api' retrieved from /home/airflow/.local/lib/python3.12/site-packages/airflow/example_dags/tutorial_taskflow_api.py
[2024-07-09T02:33:56.425+0000] {logging_mixin.py:188} INFO - [2024-07-09T02:33:56.425+0000] {dag.py:3096} INFO - Sync 1 DAGs
[2024-07-09T02:33:56.442+0000] {logging_mixin.py:188} INFO - [2024-07-09T02:33:56.442+0000] {dag.py:3954} INFO - Setting next_dagrun for tutorial_taskflow_api to None, run_after=None
[2024-07-09T02:33:56.469+0000] {processor.py:183} INFO - Processing /home/airflow/.local/lib/python3.12/site-packages/airflow/example_dags/tutorial_taskflow_api.py took 0.092 seconds
