[2024-07-09T01:48:47.770+0000] {processor.py:161} INFO - Started process (PID=56) to work on /home/airflow/.local/lib/python3.12/site-packages/airflow/example_dags/tutorial_dag.py
[2024-07-09T01:48:47.781+0000] {processor.py:830} INFO - Processing file /home/airflow/.local/lib/python3.12/site-packages/airflow/example_dags/tutorial_dag.py for tasks to queue
[2024-07-09T01:48:47.787+0000] {logging_mixin.py:188} INFO - [2024-07-09T01:48:47.786+0000] {dagbag.py:545} INFO - Filling up the DagBag from /home/airflow/.local/lib/python3.12/site-packages/airflow/example_dags/tutorial_dag.py
[2024-07-09T01:48:47.804+0000] {processor.py:840} INFO - DAG(s) 'tutorial_dag' retrieved from /home/airflow/.local/lib/python3.12/site-packages/airflow/example_dags/tutorial_dag.py
[2024-07-09T01:48:48.089+0000] {logging_mixin.py:188} INFO - [2024-07-09T01:48:48.088+0000] {override.py:1829} INFO - Created Permission View: can edit on DAG:tutorial_dag
[2024-07-09T01:48:48.106+0000] {logging_mixin.py:188} INFO - [2024-07-09T01:48:48.105+0000] {override.py:1829} INFO - Created Permission View: can read on DAG:tutorial_dag
[2024-07-09T01:48:48.118+0000] {logging_mixin.py:188} INFO - [2024-07-09T01:48:48.117+0000] {override.py:1829} INFO - Created Permission View: can delete on DAG:tutorial_dag
[2024-07-09T01:48:48.119+0000] {logging_mixin.py:188} INFO - [2024-07-09T01:48:48.118+0000] {dag.py:3096} INFO - Sync 1 DAGs
[2024-07-09T01:48:48.137+0000] {logging_mixin.py:188} INFO - [2024-07-09T01:48:48.137+0000] {dag.py:3118} INFO - Creating ORM DAG for tutorial_dag
[2024-07-09T01:48:48.138+0000] {logging_mixin.py:188} INFO - [2024-07-09T01:48:48.138+0000] {dag.py:3954} INFO - Setting next_dagrun for tutorial_dag to None, run_after=None
[2024-07-09T01:48:48.166+0000] {processor.py:183} INFO - Processing /home/airflow/.local/lib/python3.12/site-packages/airflow/example_dags/tutorial_dag.py took 0.424 seconds
[2024-07-09T01:49:18.277+0000] {processor.py:161} INFO - Started process (PID=116) to work on /home/airflow/.local/lib/python3.12/site-packages/airflow/example_dags/tutorial_dag.py
[2024-07-09T01:49:18.278+0000] {processor.py:830} INFO - Processing file /home/airflow/.local/lib/python3.12/site-packages/airflow/example_dags/tutorial_dag.py for tasks to queue
[2024-07-09T01:49:18.281+0000] {logging_mixin.py:188} INFO - [2024-07-09T01:49:18.281+0000] {dagbag.py:545} INFO - Filling up the DagBag from /home/airflow/.local/lib/python3.12/site-packages/airflow/example_dags/tutorial_dag.py
[2024-07-09T01:49:18.289+0000] {processor.py:840} INFO - DAG(s) 'tutorial_dag' retrieved from /home/airflow/.local/lib/python3.12/site-packages/airflow/example_dags/tutorial_dag.py
[2024-07-09T01:49:18.325+0000] {logging_mixin.py:188} INFO - [2024-07-09T01:49:18.324+0000] {dag.py:3096} INFO - Sync 1 DAGs
[2024-07-09T01:49:18.366+0000] {logging_mixin.py:188} INFO - [2024-07-09T01:49:18.366+0000] {dag.py:3954} INFO - Setting next_dagrun for tutorial_dag to None, run_after=None
[2024-07-09T01:49:18.397+0000] {processor.py:183} INFO - Processing /home/airflow/.local/lib/python3.12/site-packages/airflow/example_dags/tutorial_dag.py took 0.131 seconds
[2024-07-09T01:49:48.729+0000] {processor.py:161} INFO - Started process (PID=176) to work on /home/airflow/.local/lib/python3.12/site-packages/airflow/example_dags/tutorial_dag.py
[2024-07-09T01:49:48.731+0000] {processor.py:830} INFO - Processing file /home/airflow/.local/lib/python3.12/site-packages/airflow/example_dags/tutorial_dag.py for tasks to queue
[2024-07-09T01:49:48.738+0000] {logging_mixin.py:188} INFO - [2024-07-09T01:49:48.737+0000] {dagbag.py:545} INFO - Filling up the DagBag from /home/airflow/.local/lib/python3.12/site-packages/airflow/example_dags/tutorial_dag.py
[2024-07-09T01:49:48.754+0000] {processor.py:840} INFO - DAG(s) 'tutorial_dag' retrieved from /home/airflow/.local/lib/python3.12/site-packages/airflow/example_dags/tutorial_dag.py
[2024-07-09T01:49:48.798+0000] {logging_mixin.py:188} INFO - [2024-07-09T01:49:48.797+0000] {dag.py:3096} INFO - Sync 1 DAGs
[2024-07-09T01:49:48.823+0000] {logging_mixin.py:188} INFO - [2024-07-09T01:49:48.823+0000] {dag.py:3954} INFO - Setting next_dagrun for tutorial_dag to None, run_after=None
[2024-07-09T01:49:48.867+0000] {processor.py:183} INFO - Processing /home/airflow/.local/lib/python3.12/site-packages/airflow/example_dags/tutorial_dag.py took 0.153 seconds
[2024-07-09T01:50:19.838+0000] {processor.py:161} INFO - Started process (PID=236) to work on /home/airflow/.local/lib/python3.12/site-packages/airflow/example_dags/tutorial_dag.py
[2024-07-09T01:50:19.839+0000] {processor.py:830} INFO - Processing file /home/airflow/.local/lib/python3.12/site-packages/airflow/example_dags/tutorial_dag.py for tasks to queue
[2024-07-09T01:50:19.843+0000] {logging_mixin.py:188} INFO - [2024-07-09T01:50:19.843+0000] {dagbag.py:545} INFO - Filling up the DagBag from /home/airflow/.local/lib/python3.12/site-packages/airflow/example_dags/tutorial_dag.py
[2024-07-09T01:50:19.853+0000] {processor.py:840} INFO - DAG(s) 'tutorial_dag' retrieved from /home/airflow/.local/lib/python3.12/site-packages/airflow/example_dags/tutorial_dag.py
[2024-07-09T01:50:19.883+0000] {logging_mixin.py:188} INFO - [2024-07-09T01:50:19.883+0000] {dag.py:3096} INFO - Sync 1 DAGs
[2024-07-09T01:50:19.903+0000] {logging_mixin.py:188} INFO - [2024-07-09T01:50:19.903+0000] {dag.py:3954} INFO - Setting next_dagrun for tutorial_dag to None, run_after=None
[2024-07-09T01:50:19.935+0000] {processor.py:183} INFO - Processing /home/airflow/.local/lib/python3.12/site-packages/airflow/example_dags/tutorial_dag.py took 0.107 seconds
[2024-07-09T01:50:50.508+0000] {processor.py:161} INFO - Started process (PID=296) to work on /home/airflow/.local/lib/python3.12/site-packages/airflow/example_dags/tutorial_dag.py
[2024-07-09T01:50:50.510+0000] {processor.py:830} INFO - Processing file /home/airflow/.local/lib/python3.12/site-packages/airflow/example_dags/tutorial_dag.py for tasks to queue
[2024-07-09T01:50:50.515+0000] {logging_mixin.py:188} INFO - [2024-07-09T01:50:50.514+0000] {dagbag.py:545} INFO - Filling up the DagBag from /home/airflow/.local/lib/python3.12/site-packages/airflow/example_dags/tutorial_dag.py
[2024-07-09T01:50:50.526+0000] {processor.py:840} INFO - DAG(s) 'tutorial_dag' retrieved from /home/airflow/.local/lib/python3.12/site-packages/airflow/example_dags/tutorial_dag.py
[2024-07-09T01:50:50.578+0000] {logging_mixin.py:188} INFO - [2024-07-09T01:50:50.577+0000] {dag.py:3096} INFO - Sync 1 DAGs
[2024-07-09T01:50:50.606+0000] {logging_mixin.py:188} INFO - [2024-07-09T01:50:50.606+0000] {dag.py:3954} INFO - Setting next_dagrun for tutorial_dag to None, run_after=None
[2024-07-09T01:50:50.659+0000] {processor.py:183} INFO - Processing /home/airflow/.local/lib/python3.12/site-packages/airflow/example_dags/tutorial_dag.py took 0.164 seconds
[2024-07-09T01:51:20.705+0000] {processor.py:161} INFO - Started process (PID=354) to work on /home/airflow/.local/lib/python3.12/site-packages/airflow/example_dags/tutorial_dag.py
[2024-07-09T01:51:20.706+0000] {processor.py:830} INFO - Processing file /home/airflow/.local/lib/python3.12/site-packages/airflow/example_dags/tutorial_dag.py for tasks to queue
[2024-07-09T01:51:20.708+0000] {logging_mixin.py:188} INFO - [2024-07-09T01:51:20.708+0000] {dagbag.py:545} INFO - Filling up the DagBag from /home/airflow/.local/lib/python3.12/site-packages/airflow/example_dags/tutorial_dag.py
[2024-07-09T01:51:20.714+0000] {processor.py:840} INFO - DAG(s) 'tutorial_dag' retrieved from /home/airflow/.local/lib/python3.12/site-packages/airflow/example_dags/tutorial_dag.py
[2024-07-09T01:51:20.739+0000] {logging_mixin.py:188} INFO - [2024-07-09T01:51:20.739+0000] {dag.py:3096} INFO - Sync 1 DAGs
[2024-07-09T01:51:20.754+0000] {logging_mixin.py:188} INFO - [2024-07-09T01:51:20.754+0000] {dag.py:3954} INFO - Setting next_dagrun for tutorial_dag to None, run_after=None
[2024-07-09T01:51:20.778+0000] {processor.py:183} INFO - Processing /home/airflow/.local/lib/python3.12/site-packages/airflow/example_dags/tutorial_dag.py took 0.080 seconds
[2024-07-09T01:51:51.196+0000] {processor.py:161} INFO - Started process (PID=414) to work on /home/airflow/.local/lib/python3.12/site-packages/airflow/example_dags/tutorial_dag.py
[2024-07-09T01:51:51.197+0000] {processor.py:830} INFO - Processing file /home/airflow/.local/lib/python3.12/site-packages/airflow/example_dags/tutorial_dag.py for tasks to queue
[2024-07-09T01:51:51.199+0000] {logging_mixin.py:188} INFO - [2024-07-09T01:51:51.199+0000] {dagbag.py:545} INFO - Filling up the DagBag from /home/airflow/.local/lib/python3.12/site-packages/airflow/example_dags/tutorial_dag.py
[2024-07-09T01:51:51.205+0000] {processor.py:840} INFO - DAG(s) 'tutorial_dag' retrieved from /home/airflow/.local/lib/python3.12/site-packages/airflow/example_dags/tutorial_dag.py
[2024-07-09T01:51:51.229+0000] {logging_mixin.py:188} INFO - [2024-07-09T01:51:51.228+0000] {dag.py:3096} INFO - Sync 1 DAGs
[2024-07-09T01:51:51.243+0000] {logging_mixin.py:188} INFO - [2024-07-09T01:51:51.243+0000] {dag.py:3954} INFO - Setting next_dagrun for tutorial_dag to None, run_after=None
[2024-07-09T01:51:51.284+0000] {processor.py:183} INFO - Processing /home/airflow/.local/lib/python3.12/site-packages/airflow/example_dags/tutorial_dag.py took 0.095 seconds
[2024-07-09T01:52:21.932+0000] {processor.py:161} INFO - Started process (PID=474) to work on /home/airflow/.local/lib/python3.12/site-packages/airflow/example_dags/tutorial_dag.py
[2024-07-09T01:52:21.933+0000] {processor.py:830} INFO - Processing file /home/airflow/.local/lib/python3.12/site-packages/airflow/example_dags/tutorial_dag.py for tasks to queue
[2024-07-09T01:52:21.936+0000] {logging_mixin.py:188} INFO - [2024-07-09T01:52:21.936+0000] {dagbag.py:545} INFO - Filling up the DagBag from /home/airflow/.local/lib/python3.12/site-packages/airflow/example_dags/tutorial_dag.py
[2024-07-09T01:52:21.942+0000] {processor.py:840} INFO - DAG(s) 'tutorial_dag' retrieved from /home/airflow/.local/lib/python3.12/site-packages/airflow/example_dags/tutorial_dag.py
[2024-07-09T01:52:21.965+0000] {logging_mixin.py:188} INFO - [2024-07-09T01:52:21.965+0000] {dag.py:3096} INFO - Sync 1 DAGs
[2024-07-09T01:52:21.981+0000] {logging_mixin.py:188} INFO - [2024-07-09T01:52:21.981+0000] {dag.py:3954} INFO - Setting next_dagrun for tutorial_dag to None, run_after=None
[2024-07-09T01:52:22.004+0000] {processor.py:183} INFO - Processing /home/airflow/.local/lib/python3.12/site-packages/airflow/example_dags/tutorial_dag.py took 0.079 seconds
[2024-07-09T01:52:52.622+0000] {processor.py:161} INFO - Started process (PID=534) to work on /home/airflow/.local/lib/python3.12/site-packages/airflow/example_dags/tutorial_dag.py
[2024-07-09T01:52:52.623+0000] {processor.py:830} INFO - Processing file /home/airflow/.local/lib/python3.12/site-packages/airflow/example_dags/tutorial_dag.py for tasks to queue
[2024-07-09T01:52:52.625+0000] {logging_mixin.py:188} INFO - [2024-07-09T01:52:52.624+0000] {dagbag.py:545} INFO - Filling up the DagBag from /home/airflow/.local/lib/python3.12/site-packages/airflow/example_dags/tutorial_dag.py
[2024-07-09T01:52:52.631+0000] {processor.py:840} INFO - DAG(s) 'tutorial_dag' retrieved from /home/airflow/.local/lib/python3.12/site-packages/airflow/example_dags/tutorial_dag.py
[2024-07-09T01:52:52.654+0000] {logging_mixin.py:188} INFO - [2024-07-09T01:52:52.654+0000] {dag.py:3096} INFO - Sync 1 DAGs
[2024-07-09T01:52:52.670+0000] {logging_mixin.py:188} INFO - [2024-07-09T01:52:52.670+0000] {dag.py:3954} INFO - Setting next_dagrun for tutorial_dag to None, run_after=None
[2024-07-09T01:52:52.691+0000] {processor.py:183} INFO - Processing /home/airflow/.local/lib/python3.12/site-packages/airflow/example_dags/tutorial_dag.py took 0.076 seconds
[2024-07-09T01:53:23.014+0000] {processor.py:161} INFO - Started process (PID=594) to work on /home/airflow/.local/lib/python3.12/site-packages/airflow/example_dags/tutorial_dag.py
[2024-07-09T01:53:23.015+0000] {processor.py:830} INFO - Processing file /home/airflow/.local/lib/python3.12/site-packages/airflow/example_dags/tutorial_dag.py for tasks to queue
[2024-07-09T01:53:23.018+0000] {logging_mixin.py:188} INFO - [2024-07-09T01:53:23.017+0000] {dagbag.py:545} INFO - Filling up the DagBag from /home/airflow/.local/lib/python3.12/site-packages/airflow/example_dags/tutorial_dag.py
[2024-07-09T01:53:23.025+0000] {processor.py:840} INFO - DAG(s) 'tutorial_dag' retrieved from /home/airflow/.local/lib/python3.12/site-packages/airflow/example_dags/tutorial_dag.py
[2024-07-09T01:53:23.049+0000] {logging_mixin.py:188} INFO - [2024-07-09T01:53:23.049+0000] {dag.py:3096} INFO - Sync 1 DAGs
[2024-07-09T01:53:23.068+0000] {logging_mixin.py:188} INFO - [2024-07-09T01:53:23.068+0000] {dag.py:3954} INFO - Setting next_dagrun for tutorial_dag to None, run_after=None
[2024-07-09T01:53:23.093+0000] {processor.py:183} INFO - Processing /home/airflow/.local/lib/python3.12/site-packages/airflow/example_dags/tutorial_dag.py took 0.088 seconds
[2024-07-09T01:53:53.308+0000] {processor.py:161} INFO - Started process (PID=653) to work on /home/airflow/.local/lib/python3.12/site-packages/airflow/example_dags/tutorial_dag.py
[2024-07-09T01:53:53.309+0000] {processor.py:830} INFO - Processing file /home/airflow/.local/lib/python3.12/site-packages/airflow/example_dags/tutorial_dag.py for tasks to queue
[2024-07-09T01:53:53.311+0000] {logging_mixin.py:188} INFO - [2024-07-09T01:53:53.311+0000] {dagbag.py:545} INFO - Filling up the DagBag from /home/airflow/.local/lib/python3.12/site-packages/airflow/example_dags/tutorial_dag.py
[2024-07-09T01:53:53.317+0000] {processor.py:840} INFO - DAG(s) 'tutorial_dag' retrieved from /home/airflow/.local/lib/python3.12/site-packages/airflow/example_dags/tutorial_dag.py
[2024-07-09T01:53:53.341+0000] {logging_mixin.py:188} INFO - [2024-07-09T01:53:53.341+0000] {dag.py:3096} INFO - Sync 1 DAGs
[2024-07-09T01:53:53.356+0000] {logging_mixin.py:188} INFO - [2024-07-09T01:53:53.356+0000] {dag.py:3954} INFO - Setting next_dagrun for tutorial_dag to None, run_after=None
[2024-07-09T01:53:53.381+0000] {processor.py:183} INFO - Processing /home/airflow/.local/lib/python3.12/site-packages/airflow/example_dags/tutorial_dag.py took 0.079 seconds
[2024-07-09T01:54:23.933+0000] {processor.py:161} INFO - Started process (PID=713) to work on /home/airflow/.local/lib/python3.12/site-packages/airflow/example_dags/tutorial_dag.py
[2024-07-09T01:54:23.935+0000] {processor.py:830} INFO - Processing file /home/airflow/.local/lib/python3.12/site-packages/airflow/example_dags/tutorial_dag.py for tasks to queue
[2024-07-09T01:54:23.937+0000] {logging_mixin.py:188} INFO - [2024-07-09T01:54:23.937+0000] {dagbag.py:545} INFO - Filling up the DagBag from /home/airflow/.local/lib/python3.12/site-packages/airflow/example_dags/tutorial_dag.py
[2024-07-09T01:54:23.943+0000] {processor.py:840} INFO - DAG(s) 'tutorial_dag' retrieved from /home/airflow/.local/lib/python3.12/site-packages/airflow/example_dags/tutorial_dag.py
[2024-07-09T01:54:23.966+0000] {logging_mixin.py:188} INFO - [2024-07-09T01:54:23.965+0000] {dag.py:3096} INFO - Sync 1 DAGs
[2024-07-09T01:54:23.984+0000] {logging_mixin.py:188} INFO - [2024-07-09T01:54:23.984+0000] {dag.py:3954} INFO - Setting next_dagrun for tutorial_dag to None, run_after=None
[2024-07-09T01:54:24.012+0000] {processor.py:183} INFO - Processing /home/airflow/.local/lib/python3.12/site-packages/airflow/example_dags/tutorial_dag.py took 0.084 seconds
[2024-07-09T01:54:54.515+0000] {processor.py:161} INFO - Started process (PID=773) to work on /home/airflow/.local/lib/python3.12/site-packages/airflow/example_dags/tutorial_dag.py
[2024-07-09T01:54:54.517+0000] {processor.py:830} INFO - Processing file /home/airflow/.local/lib/python3.12/site-packages/airflow/example_dags/tutorial_dag.py for tasks to queue
[2024-07-09T01:54:54.520+0000] {logging_mixin.py:188} INFO - [2024-07-09T01:54:54.519+0000] {dagbag.py:545} INFO - Filling up the DagBag from /home/airflow/.local/lib/python3.12/site-packages/airflow/example_dags/tutorial_dag.py
[2024-07-09T01:54:54.528+0000] {processor.py:840} INFO - DAG(s) 'tutorial_dag' retrieved from /home/airflow/.local/lib/python3.12/site-packages/airflow/example_dags/tutorial_dag.py
[2024-07-09T01:54:54.558+0000] {logging_mixin.py:188} INFO - [2024-07-09T01:54:54.558+0000] {dag.py:3096} INFO - Sync 1 DAGs
[2024-07-09T01:54:54.583+0000] {logging_mixin.py:188} INFO - [2024-07-09T01:54:54.582+0000] {dag.py:3954} INFO - Setting next_dagrun for tutorial_dag to None, run_after=None
[2024-07-09T01:54:54.630+0000] {processor.py:183} INFO - Processing /home/airflow/.local/lib/python3.12/site-packages/airflow/example_dags/tutorial_dag.py took 0.124 seconds
[2024-07-09T01:55:25.563+0000] {processor.py:161} INFO - Started process (PID=832) to work on /home/airflow/.local/lib/python3.12/site-packages/airflow/example_dags/tutorial_dag.py
[2024-07-09T01:55:25.565+0000] {processor.py:830} INFO - Processing file /home/airflow/.local/lib/python3.12/site-packages/airflow/example_dags/tutorial_dag.py for tasks to queue
[2024-07-09T01:55:25.568+0000] {logging_mixin.py:188} INFO - [2024-07-09T01:55:25.567+0000] {dagbag.py:545} INFO - Filling up the DagBag from /home/airflow/.local/lib/python3.12/site-packages/airflow/example_dags/tutorial_dag.py
[2024-07-09T01:55:25.575+0000] {processor.py:840} INFO - DAG(s) 'tutorial_dag' retrieved from /home/airflow/.local/lib/python3.12/site-packages/airflow/example_dags/tutorial_dag.py
[2024-07-09T01:55:25.602+0000] {logging_mixin.py:188} INFO - [2024-07-09T01:55:25.602+0000] {dag.py:3096} INFO - Sync 1 DAGs
[2024-07-09T01:55:25.621+0000] {logging_mixin.py:188} INFO - [2024-07-09T01:55:25.621+0000] {dag.py:3954} INFO - Setting next_dagrun for tutorial_dag to None, run_after=None
[2024-07-09T01:55:25.644+0000] {processor.py:183} INFO - Processing /home/airflow/.local/lib/python3.12/site-packages/airflow/example_dags/tutorial_dag.py took 0.090 seconds
[2024-07-09T01:55:56.099+0000] {processor.py:161} INFO - Started process (PID=892) to work on /home/airflow/.local/lib/python3.12/site-packages/airflow/example_dags/tutorial_dag.py
[2024-07-09T01:55:56.100+0000] {processor.py:830} INFO - Processing file /home/airflow/.local/lib/python3.12/site-packages/airflow/example_dags/tutorial_dag.py for tasks to queue
[2024-07-09T01:55:56.103+0000] {logging_mixin.py:188} INFO - [2024-07-09T01:55:56.102+0000] {dagbag.py:545} INFO - Filling up the DagBag from /home/airflow/.local/lib/python3.12/site-packages/airflow/example_dags/tutorial_dag.py
[2024-07-09T01:55:56.109+0000] {processor.py:840} INFO - DAG(s) 'tutorial_dag' retrieved from /home/airflow/.local/lib/python3.12/site-packages/airflow/example_dags/tutorial_dag.py
[2024-07-09T01:55:56.137+0000] {logging_mixin.py:188} INFO - [2024-07-09T01:55:56.137+0000] {dag.py:3096} INFO - Sync 1 DAGs
[2024-07-09T01:55:56.157+0000] {logging_mixin.py:188} INFO - [2024-07-09T01:55:56.157+0000] {dag.py:3954} INFO - Setting next_dagrun for tutorial_dag to None, run_after=None
[2024-07-09T01:55:56.186+0000] {processor.py:183} INFO - Processing /home/airflow/.local/lib/python3.12/site-packages/airflow/example_dags/tutorial_dag.py took 0.094 seconds
[2024-07-09T01:56:26.278+0000] {processor.py:161} INFO - Started process (PID=950) to work on /home/airflow/.local/lib/python3.12/site-packages/airflow/example_dags/tutorial_dag.py
[2024-07-09T01:56:26.280+0000] {processor.py:830} INFO - Processing file /home/airflow/.local/lib/python3.12/site-packages/airflow/example_dags/tutorial_dag.py for tasks to queue
[2024-07-09T01:56:26.285+0000] {logging_mixin.py:188} INFO - [2024-07-09T01:56:26.284+0000] {dagbag.py:545} INFO - Filling up the DagBag from /home/airflow/.local/lib/python3.12/site-packages/airflow/example_dags/tutorial_dag.py
[2024-07-09T01:56:26.297+0000] {processor.py:840} INFO - DAG(s) 'tutorial_dag' retrieved from /home/airflow/.local/lib/python3.12/site-packages/airflow/example_dags/tutorial_dag.py
[2024-07-09T01:56:26.360+0000] {logging_mixin.py:188} INFO - [2024-07-09T01:56:26.359+0000] {dag.py:3096} INFO - Sync 1 DAGs
[2024-07-09T01:56:26.401+0000] {logging_mixin.py:188} INFO - [2024-07-09T01:56:26.400+0000] {dag.py:3954} INFO - Setting next_dagrun for tutorial_dag to None, run_after=None
[2024-07-09T01:56:26.441+0000] {processor.py:183} INFO - Processing /home/airflow/.local/lib/python3.12/site-packages/airflow/example_dags/tutorial_dag.py took 0.178 seconds
[2024-07-09T01:56:57.540+0000] {processor.py:161} INFO - Started process (PID=1011) to work on /home/airflow/.local/lib/python3.12/site-packages/airflow/example_dags/tutorial_dag.py
[2024-07-09T01:56:57.544+0000] {processor.py:830} INFO - Processing file /home/airflow/.local/lib/python3.12/site-packages/airflow/example_dags/tutorial_dag.py for tasks to queue
[2024-07-09T01:56:57.549+0000] {logging_mixin.py:188} INFO - [2024-07-09T01:56:57.548+0000] {dagbag.py:545} INFO - Filling up the DagBag from /home/airflow/.local/lib/python3.12/site-packages/airflow/example_dags/tutorial_dag.py
[2024-07-09T01:56:57.568+0000] {processor.py:840} INFO - DAG(s) 'tutorial_dag' retrieved from /home/airflow/.local/lib/python3.12/site-packages/airflow/example_dags/tutorial_dag.py
[2024-07-09T01:56:57.628+0000] {logging_mixin.py:188} INFO - [2024-07-09T01:56:57.627+0000] {dag.py:3096} INFO - Sync 1 DAGs
[2024-07-09T01:56:57.680+0000] {logging_mixin.py:188} INFO - [2024-07-09T01:56:57.680+0000] {dag.py:3954} INFO - Setting next_dagrun for tutorial_dag to None, run_after=None
[2024-07-09T01:56:57.768+0000] {processor.py:183} INFO - Processing /home/airflow/.local/lib/python3.12/site-packages/airflow/example_dags/tutorial_dag.py took 0.245 seconds
[2024-07-09T02:00:17.685+0000] {processor.py:161} INFO - Started process (PID=55) to work on /home/airflow/.local/lib/python3.12/site-packages/airflow/example_dags/tutorial_dag.py
[2024-07-09T02:00:17.688+0000] {processor.py:830} INFO - Processing file /home/airflow/.local/lib/python3.12/site-packages/airflow/example_dags/tutorial_dag.py for tasks to queue
[2024-07-09T02:00:17.692+0000] {logging_mixin.py:188} INFO - [2024-07-09T02:00:17.691+0000] {dagbag.py:545} INFO - Filling up the DagBag from /home/airflow/.local/lib/python3.12/site-packages/airflow/example_dags/tutorial_dag.py
[2024-07-09T02:00:17.705+0000] {processor.py:840} INFO - DAG(s) 'tutorial_dag' retrieved from /home/airflow/.local/lib/python3.12/site-packages/airflow/example_dags/tutorial_dag.py
[2024-07-09T02:00:18.025+0000] {logging_mixin.py:188} INFO - [2024-07-09T02:00:18.023+0000] {override.py:1829} INFO - Created Permission View: can edit on DAG:tutorial_dag
[2024-07-09T02:00:18.093+0000] {logging_mixin.py:188} INFO - [2024-07-09T02:00:18.093+0000] {override.py:1829} INFO - Created Permission View: can read on DAG:tutorial_dag
[2024-07-09T02:00:18.132+0000] {logging_mixin.py:188} INFO - [2024-07-09T02:00:18.131+0000] {override.py:1829} INFO - Created Permission View: can delete on DAG:tutorial_dag
[2024-07-09T02:00:18.170+0000] {logging_mixin.py:188} INFO - [2024-07-09T02:00:18.170+0000] {dag.py:3096} INFO - Sync 1 DAGs
[2024-07-09T02:00:18.261+0000] {logging_mixin.py:188} INFO - [2024-07-09T02:00:18.260+0000] {dag.py:3118} INFO - Creating ORM DAG for tutorial_dag
[2024-07-09T02:00:18.272+0000] {logging_mixin.py:188} INFO - [2024-07-09T02:00:18.271+0000] {dag.py:3954} INFO - Setting next_dagrun for tutorial_dag to None, run_after=None
[2024-07-09T02:00:18.336+0000] {processor.py:183} INFO - Processing /home/airflow/.local/lib/python3.12/site-packages/airflow/example_dags/tutorial_dag.py took 0.667 seconds
[2024-07-09T02:00:48.546+0000] {processor.py:161} INFO - Started process (PID=115) to work on /home/airflow/.local/lib/python3.12/site-packages/airflow/example_dags/tutorial_dag.py
[2024-07-09T02:00:48.548+0000] {processor.py:830} INFO - Processing file /home/airflow/.local/lib/python3.12/site-packages/airflow/example_dags/tutorial_dag.py for tasks to queue
[2024-07-09T02:00:48.552+0000] {logging_mixin.py:188} INFO - [2024-07-09T02:00:48.551+0000] {dagbag.py:545} INFO - Filling up the DagBag from /home/airflow/.local/lib/python3.12/site-packages/airflow/example_dags/tutorial_dag.py
[2024-07-09T02:00:48.562+0000] {processor.py:840} INFO - DAG(s) 'tutorial_dag' retrieved from /home/airflow/.local/lib/python3.12/site-packages/airflow/example_dags/tutorial_dag.py
[2024-07-09T02:00:48.603+0000] {logging_mixin.py:188} INFO - [2024-07-09T02:00:48.603+0000] {dag.py:3096} INFO - Sync 1 DAGs
[2024-07-09T02:00:48.633+0000] {logging_mixin.py:188} INFO - [2024-07-09T02:00:48.632+0000] {dag.py:3954} INFO - Setting next_dagrun for tutorial_dag to None, run_after=None
[2024-07-09T02:00:48.678+0000] {processor.py:183} INFO - Processing /home/airflow/.local/lib/python3.12/site-packages/airflow/example_dags/tutorial_dag.py took 0.147 seconds
[2024-07-09T02:01:19.598+0000] {processor.py:161} INFO - Started process (PID=175) to work on /home/airflow/.local/lib/python3.12/site-packages/airflow/example_dags/tutorial_dag.py
[2024-07-09T02:01:19.600+0000] {processor.py:830} INFO - Processing file /home/airflow/.local/lib/python3.12/site-packages/airflow/example_dags/tutorial_dag.py for tasks to queue
[2024-07-09T02:01:19.603+0000] {logging_mixin.py:188} INFO - [2024-07-09T02:01:19.602+0000] {dagbag.py:545} INFO - Filling up the DagBag from /home/airflow/.local/lib/python3.12/site-packages/airflow/example_dags/tutorial_dag.py
[2024-07-09T02:01:19.616+0000] {processor.py:840} INFO - DAG(s) 'tutorial_dag' retrieved from /home/airflow/.local/lib/python3.12/site-packages/airflow/example_dags/tutorial_dag.py
[2024-07-09T02:01:19.654+0000] {logging_mixin.py:188} INFO - [2024-07-09T02:01:19.654+0000] {dag.py:3096} INFO - Sync 1 DAGs
[2024-07-09T02:01:19.676+0000] {logging_mixin.py:188} INFO - [2024-07-09T02:01:19.676+0000] {dag.py:3954} INFO - Setting next_dagrun for tutorial_dag to None, run_after=None
[2024-07-09T02:01:19.715+0000] {processor.py:183} INFO - Processing /home/airflow/.local/lib/python3.12/site-packages/airflow/example_dags/tutorial_dag.py took 0.130 seconds
[2024-07-09T02:01:51.114+0000] {processor.py:161} INFO - Started process (PID=234) to work on /home/airflow/.local/lib/python3.12/site-packages/airflow/example_dags/tutorial_dag.py
[2024-07-09T02:01:51.118+0000] {processor.py:830} INFO - Processing file /home/airflow/.local/lib/python3.12/site-packages/airflow/example_dags/tutorial_dag.py for tasks to queue
[2024-07-09T02:01:51.124+0000] {logging_mixin.py:188} INFO - [2024-07-09T02:01:51.123+0000] {dagbag.py:545} INFO - Filling up the DagBag from /home/airflow/.local/lib/python3.12/site-packages/airflow/example_dags/tutorial_dag.py
[2024-07-09T02:01:51.141+0000] {processor.py:840} INFO - DAG(s) 'tutorial_dag' retrieved from /home/airflow/.local/lib/python3.12/site-packages/airflow/example_dags/tutorial_dag.py
[2024-07-09T02:01:51.207+0000] {logging_mixin.py:188} INFO - [2024-07-09T02:01:51.206+0000] {dag.py:3096} INFO - Sync 1 DAGs
[2024-07-09T02:01:51.297+0000] {logging_mixin.py:188} INFO - [2024-07-09T02:01:51.297+0000] {dag.py:3954} INFO - Setting next_dagrun for tutorial_dag to None, run_after=None
[2024-07-09T02:01:51.391+0000] {processor.py:183} INFO - Processing /home/airflow/.local/lib/python3.12/site-packages/airflow/example_dags/tutorial_dag.py took 0.299 seconds
[2024-07-09T02:03:41.247+0000] {processor.py:161} INFO - Started process (PID=57) to work on /home/airflow/.local/lib/python3.12/site-packages/airflow/example_dags/tutorial_dag.py
[2024-07-09T02:03:41.249+0000] {processor.py:830} INFO - Processing file /home/airflow/.local/lib/python3.12/site-packages/airflow/example_dags/tutorial_dag.py for tasks to queue
[2024-07-09T02:03:41.254+0000] {logging_mixin.py:188} INFO - [2024-07-09T02:03:41.253+0000] {dagbag.py:545} INFO - Filling up the DagBag from /home/airflow/.local/lib/python3.12/site-packages/airflow/example_dags/tutorial_dag.py
[2024-07-09T02:03:41.271+0000] {processor.py:840} INFO - DAG(s) 'tutorial_dag' retrieved from /home/airflow/.local/lib/python3.12/site-packages/airflow/example_dags/tutorial_dag.py
[2024-07-09T02:03:41.645+0000] {logging_mixin.py:188} INFO - [2024-07-09T02:03:41.645+0000] {dag.py:3096} INFO - Sync 1 DAGs
[2024-07-09T02:03:41.689+0000] {logging_mixin.py:188} INFO - [2024-07-09T02:03:41.688+0000] {dag.py:3954} INFO - Setting next_dagrun for tutorial_dag to None, run_after=None
[2024-07-09T02:03:41.748+0000] {processor.py:183} INFO - Processing /home/airflow/.local/lib/python3.12/site-packages/airflow/example_dags/tutorial_dag.py took 0.518 seconds
[2024-07-09T02:04:11.982+0000] {processor.py:161} INFO - Started process (PID=117) to work on /home/airflow/.local/lib/python3.12/site-packages/airflow/example_dags/tutorial_dag.py
[2024-07-09T02:04:11.983+0000] {processor.py:830} INFO - Processing file /home/airflow/.local/lib/python3.12/site-packages/airflow/example_dags/tutorial_dag.py for tasks to queue
[2024-07-09T02:04:11.987+0000] {logging_mixin.py:188} INFO - [2024-07-09T02:04:11.986+0000] {dagbag.py:545} INFO - Filling up the DagBag from /home/airflow/.local/lib/python3.12/site-packages/airflow/example_dags/tutorial_dag.py
[2024-07-09T02:04:11.995+0000] {processor.py:840} INFO - DAG(s) 'tutorial_dag' retrieved from /home/airflow/.local/lib/python3.12/site-packages/airflow/example_dags/tutorial_dag.py
[2024-07-09T02:04:12.026+0000] {logging_mixin.py:188} INFO - [2024-07-09T02:04:12.026+0000] {dag.py:3096} INFO - Sync 1 DAGs
[2024-07-09T02:04:12.046+0000] {logging_mixin.py:188} INFO - [2024-07-09T02:04:12.046+0000] {dag.py:3954} INFO - Setting next_dagrun for tutorial_dag to None, run_after=None
[2024-07-09T02:04:12.079+0000] {processor.py:183} INFO - Processing /home/airflow/.local/lib/python3.12/site-packages/airflow/example_dags/tutorial_dag.py took 0.106 seconds
[2024-07-09T02:04:42.245+0000] {processor.py:161} INFO - Started process (PID=177) to work on /home/airflow/.local/lib/python3.12/site-packages/airflow/example_dags/tutorial_dag.py
[2024-07-09T02:04:42.247+0000] {processor.py:830} INFO - Processing file /home/airflow/.local/lib/python3.12/site-packages/airflow/example_dags/tutorial_dag.py for tasks to queue
[2024-07-09T02:04:42.252+0000] {logging_mixin.py:188} INFO - [2024-07-09T02:04:42.252+0000] {dagbag.py:545} INFO - Filling up the DagBag from /home/airflow/.local/lib/python3.12/site-packages/airflow/example_dags/tutorial_dag.py
[2024-07-09T02:04:42.262+0000] {processor.py:840} INFO - DAG(s) 'tutorial_dag' retrieved from /home/airflow/.local/lib/python3.12/site-packages/airflow/example_dags/tutorial_dag.py
[2024-07-09T02:04:42.300+0000] {logging_mixin.py:188} INFO - [2024-07-09T02:04:42.300+0000] {dag.py:3096} INFO - Sync 1 DAGs
[2024-07-09T02:04:42.327+0000] {logging_mixin.py:188} INFO - [2024-07-09T02:04:42.326+0000] {dag.py:3954} INFO - Setting next_dagrun for tutorial_dag to None, run_after=None
[2024-07-09T02:04:42.372+0000] {processor.py:183} INFO - Processing /home/airflow/.local/lib/python3.12/site-packages/airflow/example_dags/tutorial_dag.py took 0.138 seconds
[2024-07-09T02:05:12.581+0000] {processor.py:161} INFO - Started process (PID=238) to work on /home/airflow/.local/lib/python3.12/site-packages/airflow/example_dags/tutorial_dag.py
[2024-07-09T02:05:12.582+0000] {processor.py:830} INFO - Processing file /home/airflow/.local/lib/python3.12/site-packages/airflow/example_dags/tutorial_dag.py for tasks to queue
[2024-07-09T02:05:12.584+0000] {logging_mixin.py:188} INFO - [2024-07-09T02:05:12.584+0000] {dagbag.py:545} INFO - Filling up the DagBag from /home/airflow/.local/lib/python3.12/site-packages/airflow/example_dags/tutorial_dag.py
[2024-07-09T02:05:12.590+0000] {processor.py:840} INFO - DAG(s) 'tutorial_dag' retrieved from /home/airflow/.local/lib/python3.12/site-packages/airflow/example_dags/tutorial_dag.py
[2024-07-09T02:05:12.614+0000] {logging_mixin.py:188} INFO - [2024-07-09T02:05:12.614+0000] {dag.py:3096} INFO - Sync 1 DAGs
[2024-07-09T02:05:12.630+0000] {logging_mixin.py:188} INFO - [2024-07-09T02:05:12.629+0000] {dag.py:3954} INFO - Setting next_dagrun for tutorial_dag to None, run_after=None
[2024-07-09T02:05:12.652+0000] {processor.py:183} INFO - Processing /home/airflow/.local/lib/python3.12/site-packages/airflow/example_dags/tutorial_dag.py took 0.077 seconds
[2024-07-09T02:05:43.077+0000] {processor.py:161} INFO - Started process (PID=298) to work on /home/airflow/.local/lib/python3.12/site-packages/airflow/example_dags/tutorial_dag.py
[2024-07-09T02:05:43.078+0000] {processor.py:830} INFO - Processing file /home/airflow/.local/lib/python3.12/site-packages/airflow/example_dags/tutorial_dag.py for tasks to queue
[2024-07-09T02:05:43.081+0000] {logging_mixin.py:188} INFO - [2024-07-09T02:05:43.081+0000] {dagbag.py:545} INFO - Filling up the DagBag from /home/airflow/.local/lib/python3.12/site-packages/airflow/example_dags/tutorial_dag.py
[2024-07-09T02:05:43.091+0000] {processor.py:840} INFO - DAG(s) 'tutorial_dag' retrieved from /home/airflow/.local/lib/python3.12/site-packages/airflow/example_dags/tutorial_dag.py
[2024-07-09T02:05:43.124+0000] {logging_mixin.py:188} INFO - [2024-07-09T02:05:43.123+0000] {dag.py:3096} INFO - Sync 1 DAGs
[2024-07-09T02:05:43.143+0000] {logging_mixin.py:188} INFO - [2024-07-09T02:05:43.143+0000] {dag.py:3954} INFO - Setting next_dagrun for tutorial_dag to None, run_after=None
[2024-07-09T02:05:43.171+0000] {processor.py:183} INFO - Processing /home/airflow/.local/lib/python3.12/site-packages/airflow/example_dags/tutorial_dag.py took 0.103 seconds
[2024-07-09T02:06:13.570+0000] {processor.py:161} INFO - Started process (PID=359) to work on /home/airflow/.local/lib/python3.12/site-packages/airflow/example_dags/tutorial_dag.py
[2024-07-09T02:06:13.572+0000] {processor.py:830} INFO - Processing file /home/airflow/.local/lib/python3.12/site-packages/airflow/example_dags/tutorial_dag.py for tasks to queue
[2024-07-09T02:06:13.574+0000] {logging_mixin.py:188} INFO - [2024-07-09T02:06:13.574+0000] {dagbag.py:545} INFO - Filling up the DagBag from /home/airflow/.local/lib/python3.12/site-packages/airflow/example_dags/tutorial_dag.py
[2024-07-09T02:06:13.580+0000] {processor.py:840} INFO - DAG(s) 'tutorial_dag' retrieved from /home/airflow/.local/lib/python3.12/site-packages/airflow/example_dags/tutorial_dag.py
[2024-07-09T02:06:13.609+0000] {logging_mixin.py:188} INFO - [2024-07-09T02:06:13.608+0000] {dag.py:3096} INFO - Sync 1 DAGs
[2024-07-09T02:06:13.625+0000] {logging_mixin.py:188} INFO - [2024-07-09T02:06:13.624+0000] {dag.py:3954} INFO - Setting next_dagrun for tutorial_dag to None, run_after=None
[2024-07-09T02:06:13.647+0000] {processor.py:183} INFO - Processing /home/airflow/.local/lib/python3.12/site-packages/airflow/example_dags/tutorial_dag.py took 0.086 seconds
[2024-07-09T02:06:43.985+0000] {processor.py:161} INFO - Started process (PID=421) to work on /home/airflow/.local/lib/python3.12/site-packages/airflow/example_dags/tutorial_dag.py
[2024-07-09T02:06:43.987+0000] {processor.py:830} INFO - Processing file /home/airflow/.local/lib/python3.12/site-packages/airflow/example_dags/tutorial_dag.py for tasks to queue
[2024-07-09T02:06:43.991+0000] {logging_mixin.py:188} INFO - [2024-07-09T02:06:43.990+0000] {dagbag.py:545} INFO - Filling up the DagBag from /home/airflow/.local/lib/python3.12/site-packages/airflow/example_dags/tutorial_dag.py
[2024-07-09T02:06:43.998+0000] {processor.py:840} INFO - DAG(s) 'tutorial_dag' retrieved from /home/airflow/.local/lib/python3.12/site-packages/airflow/example_dags/tutorial_dag.py
[2024-07-09T02:06:44.026+0000] {logging_mixin.py:188} INFO - [2024-07-09T02:06:44.025+0000] {dag.py:3096} INFO - Sync 1 DAGs
[2024-07-09T02:06:44.045+0000] {logging_mixin.py:188} INFO - [2024-07-09T02:06:44.045+0000] {dag.py:3954} INFO - Setting next_dagrun for tutorial_dag to None, run_after=None
[2024-07-09T02:06:44.072+0000] {processor.py:183} INFO - Processing /home/airflow/.local/lib/python3.12/site-packages/airflow/example_dags/tutorial_dag.py took 0.096 seconds
[2024-07-09T02:07:15.160+0000] {processor.py:161} INFO - Started process (PID=481) to work on /home/airflow/.local/lib/python3.12/site-packages/airflow/example_dags/tutorial_dag.py
[2024-07-09T02:07:15.162+0000] {processor.py:830} INFO - Processing file /home/airflow/.local/lib/python3.12/site-packages/airflow/example_dags/tutorial_dag.py for tasks to queue
[2024-07-09T02:07:15.165+0000] {logging_mixin.py:188} INFO - [2024-07-09T02:07:15.164+0000] {dagbag.py:545} INFO - Filling up the DagBag from /home/airflow/.local/lib/python3.12/site-packages/airflow/example_dags/tutorial_dag.py
[2024-07-09T02:07:15.172+0000] {processor.py:840} INFO - DAG(s) 'tutorial_dag' retrieved from /home/airflow/.local/lib/python3.12/site-packages/airflow/example_dags/tutorial_dag.py
[2024-07-09T02:07:15.200+0000] {logging_mixin.py:188} INFO - [2024-07-09T02:07:15.200+0000] {dag.py:3096} INFO - Sync 1 DAGs
[2024-07-09T02:07:15.219+0000] {logging_mixin.py:188} INFO - [2024-07-09T02:07:15.219+0000] {dag.py:3954} INFO - Setting next_dagrun for tutorial_dag to None, run_after=None
[2024-07-09T02:07:15.246+0000] {processor.py:183} INFO - Processing /home/airflow/.local/lib/python3.12/site-packages/airflow/example_dags/tutorial_dag.py took 0.094 seconds
[2024-07-09T02:07:45.337+0000] {processor.py:161} INFO - Started process (PID=539) to work on /home/airflow/.local/lib/python3.12/site-packages/airflow/example_dags/tutorial_dag.py
[2024-07-09T02:07:45.339+0000] {processor.py:830} INFO - Processing file /home/airflow/.local/lib/python3.12/site-packages/airflow/example_dags/tutorial_dag.py for tasks to queue
[2024-07-09T02:07:45.341+0000] {logging_mixin.py:188} INFO - [2024-07-09T02:07:45.341+0000] {dagbag.py:545} INFO - Filling up the DagBag from /home/airflow/.local/lib/python3.12/site-packages/airflow/example_dags/tutorial_dag.py
[2024-07-09T02:07:45.347+0000] {processor.py:840} INFO - DAG(s) 'tutorial_dag' retrieved from /home/airflow/.local/lib/python3.12/site-packages/airflow/example_dags/tutorial_dag.py
[2024-07-09T02:07:45.371+0000] {logging_mixin.py:188} INFO - [2024-07-09T02:07:45.370+0000] {dag.py:3096} INFO - Sync 1 DAGs
[2024-07-09T02:07:45.387+0000] {logging_mixin.py:188} INFO - [2024-07-09T02:07:45.387+0000] {dag.py:3954} INFO - Setting next_dagrun for tutorial_dag to None, run_after=None
[2024-07-09T02:07:45.431+0000] {processor.py:183} INFO - Processing /home/airflow/.local/lib/python3.12/site-packages/airflow/example_dags/tutorial_dag.py took 0.100 seconds
[2024-07-09T02:08:15.763+0000] {processor.py:161} INFO - Started process (PID=600) to work on /home/airflow/.local/lib/python3.12/site-packages/airflow/example_dags/tutorial_dag.py
[2024-07-09T02:08:15.764+0000] {processor.py:830} INFO - Processing file /home/airflow/.local/lib/python3.12/site-packages/airflow/example_dags/tutorial_dag.py for tasks to queue
[2024-07-09T02:08:15.766+0000] {logging_mixin.py:188} INFO - [2024-07-09T02:08:15.766+0000] {dagbag.py:545} INFO - Filling up the DagBag from /home/airflow/.local/lib/python3.12/site-packages/airflow/example_dags/tutorial_dag.py
[2024-07-09T02:08:15.774+0000] {processor.py:840} INFO - DAG(s) 'tutorial_dag' retrieved from /home/airflow/.local/lib/python3.12/site-packages/airflow/example_dags/tutorial_dag.py
[2024-07-09T02:08:15.802+0000] {logging_mixin.py:188} INFO - [2024-07-09T02:08:15.802+0000] {dag.py:3096} INFO - Sync 1 DAGs
[2024-07-09T02:08:15.820+0000] {logging_mixin.py:188} INFO - [2024-07-09T02:08:15.820+0000] {dag.py:3954} INFO - Setting next_dagrun for tutorial_dag to None, run_after=None
[2024-07-09T02:08:15.847+0000] {processor.py:183} INFO - Processing /home/airflow/.local/lib/python3.12/site-packages/airflow/example_dags/tutorial_dag.py took 0.093 seconds
[2024-07-09T02:08:46.158+0000] {processor.py:161} INFO - Started process (PID=659) to work on /home/airflow/.local/lib/python3.12/site-packages/airflow/example_dags/tutorial_dag.py
[2024-07-09T02:08:46.160+0000] {processor.py:830} INFO - Processing file /home/airflow/.local/lib/python3.12/site-packages/airflow/example_dags/tutorial_dag.py for tasks to queue
[2024-07-09T02:08:46.163+0000] {logging_mixin.py:188} INFO - [2024-07-09T02:08:46.162+0000] {dagbag.py:545} INFO - Filling up the DagBag from /home/airflow/.local/lib/python3.12/site-packages/airflow/example_dags/tutorial_dag.py
[2024-07-09T02:08:46.175+0000] {processor.py:840} INFO - DAG(s) 'tutorial_dag' retrieved from /home/airflow/.local/lib/python3.12/site-packages/airflow/example_dags/tutorial_dag.py
[2024-07-09T02:08:46.216+0000] {logging_mixin.py:188} INFO - [2024-07-09T02:08:46.216+0000] {dag.py:3096} INFO - Sync 1 DAGs
[2024-07-09T02:08:46.243+0000] {logging_mixin.py:188} INFO - [2024-07-09T02:08:46.242+0000] {dag.py:3954} INFO - Setting next_dagrun for tutorial_dag to None, run_after=None
[2024-07-09T02:08:46.274+0000] {processor.py:183} INFO - Processing /home/airflow/.local/lib/python3.12/site-packages/airflow/example_dags/tutorial_dag.py took 0.129 seconds
[2024-07-09T02:12:18.560+0000] {processor.py:161} INFO - Started process (PID=56) to work on /home/airflow/.local/lib/python3.12/site-packages/airflow/example_dags/tutorial_dag.py
[2024-07-09T02:12:18.563+0000] {processor.py:830} INFO - Processing file /home/airflow/.local/lib/python3.12/site-packages/airflow/example_dags/tutorial_dag.py for tasks to queue
[2024-07-09T02:12:18.567+0000] {logging_mixin.py:188} INFO - [2024-07-09T02:12:18.566+0000] {dagbag.py:545} INFO - Filling up the DagBag from /home/airflow/.local/lib/python3.12/site-packages/airflow/example_dags/tutorial_dag.py
[2024-07-09T02:12:18.596+0000] {processor.py:840} INFO - DAG(s) 'tutorial_dag' retrieved from /home/airflow/.local/lib/python3.12/site-packages/airflow/example_dags/tutorial_dag.py
[2024-07-09T02:12:18.859+0000] {logging_mixin.py:188} INFO - [2024-07-09T02:12:18.858+0000] {override.py:1829} INFO - Created Permission View: can edit on DAG:tutorial_dag
[2024-07-09T02:12:18.894+0000] {logging_mixin.py:188} INFO - [2024-07-09T02:12:18.893+0000] {override.py:1829} INFO - Created Permission View: can delete on DAG:tutorial_dag
[2024-07-09T02:12:18.940+0000] {logging_mixin.py:188} INFO - [2024-07-09T02:12:18.939+0000] {override.py:1829} INFO - Created Permission View: can read on DAG:tutorial_dag
[2024-07-09T02:12:18.941+0000] {logging_mixin.py:188} INFO - [2024-07-09T02:12:18.941+0000] {dag.py:3096} INFO - Sync 1 DAGs
[2024-07-09T02:12:18.976+0000] {logging_mixin.py:188} INFO - [2024-07-09T02:12:18.976+0000] {dag.py:3118} INFO - Creating ORM DAG for tutorial_dag
[2024-07-09T02:12:18.979+0000] {logging_mixin.py:188} INFO - [2024-07-09T02:12:18.978+0000] {dag.py:3954} INFO - Setting next_dagrun for tutorial_dag to None, run_after=None
[2024-07-09T02:12:19.027+0000] {processor.py:183} INFO - Processing /home/airflow/.local/lib/python3.12/site-packages/airflow/example_dags/tutorial_dag.py took 0.488 seconds
[2024-07-09T02:12:49.647+0000] {processor.py:161} INFO - Started process (PID=116) to work on /home/airflow/.local/lib/python3.12/site-packages/airflow/example_dags/tutorial_dag.py
[2024-07-09T02:12:49.648+0000] {processor.py:830} INFO - Processing file /home/airflow/.local/lib/python3.12/site-packages/airflow/example_dags/tutorial_dag.py for tasks to queue
[2024-07-09T02:12:49.650+0000] {logging_mixin.py:188} INFO - [2024-07-09T02:12:49.650+0000] {dagbag.py:545} INFO - Filling up the DagBag from /home/airflow/.local/lib/python3.12/site-packages/airflow/example_dags/tutorial_dag.py
[2024-07-09T02:12:49.660+0000] {processor.py:840} INFO - DAG(s) 'tutorial_dag' retrieved from /home/airflow/.local/lib/python3.12/site-packages/airflow/example_dags/tutorial_dag.py
[2024-07-09T02:12:49.684+0000] {logging_mixin.py:188} INFO - [2024-07-09T02:12:49.684+0000] {dag.py:3096} INFO - Sync 1 DAGs
[2024-07-09T02:12:49.704+0000] {logging_mixin.py:188} INFO - [2024-07-09T02:12:49.704+0000] {dag.py:3954} INFO - Setting next_dagrun for tutorial_dag to None, run_after=None
[2024-07-09T02:12:49.745+0000] {processor.py:183} INFO - Processing /home/airflow/.local/lib/python3.12/site-packages/airflow/example_dags/tutorial_dag.py took 0.104 seconds
[2024-07-09T02:13:20.274+0000] {processor.py:161} INFO - Started process (PID=176) to work on /home/airflow/.local/lib/python3.12/site-packages/airflow/example_dags/tutorial_dag.py
[2024-07-09T02:13:20.276+0000] {processor.py:830} INFO - Processing file /home/airflow/.local/lib/python3.12/site-packages/airflow/example_dags/tutorial_dag.py for tasks to queue
[2024-07-09T02:13:20.280+0000] {logging_mixin.py:188} INFO - [2024-07-09T02:13:20.279+0000] {dagbag.py:545} INFO - Filling up the DagBag from /home/airflow/.local/lib/python3.12/site-packages/airflow/example_dags/tutorial_dag.py
[2024-07-09T02:13:20.292+0000] {processor.py:840} INFO - DAG(s) 'tutorial_dag' retrieved from /home/airflow/.local/lib/python3.12/site-packages/airflow/example_dags/tutorial_dag.py
[2024-07-09T02:13:20.333+0000] {logging_mixin.py:188} INFO - [2024-07-09T02:13:20.333+0000] {dag.py:3096} INFO - Sync 1 DAGs
[2024-07-09T02:13:20.366+0000] {logging_mixin.py:188} INFO - [2024-07-09T02:13:20.365+0000] {dag.py:3954} INFO - Setting next_dagrun for tutorial_dag to None, run_after=None
[2024-07-09T02:13:20.409+0000] {processor.py:183} INFO - Processing /home/airflow/.local/lib/python3.12/site-packages/airflow/example_dags/tutorial_dag.py took 0.151 seconds
[2024-07-09T02:13:50.846+0000] {processor.py:161} INFO - Started process (PID=236) to work on /home/airflow/.local/lib/python3.12/site-packages/airflow/example_dags/tutorial_dag.py
[2024-07-09T02:13:50.847+0000] {processor.py:830} INFO - Processing file /home/airflow/.local/lib/python3.12/site-packages/airflow/example_dags/tutorial_dag.py for tasks to queue
[2024-07-09T02:13:50.850+0000] {logging_mixin.py:188} INFO - [2024-07-09T02:13:50.849+0000] {dagbag.py:545} INFO - Filling up the DagBag from /home/airflow/.local/lib/python3.12/site-packages/airflow/example_dags/tutorial_dag.py
[2024-07-09T02:13:50.858+0000] {processor.py:840} INFO - DAG(s) 'tutorial_dag' retrieved from /home/airflow/.local/lib/python3.12/site-packages/airflow/example_dags/tutorial_dag.py
[2024-07-09T02:13:50.894+0000] {logging_mixin.py:188} INFO - [2024-07-09T02:13:50.893+0000] {dag.py:3096} INFO - Sync 1 DAGs
[2024-07-09T02:13:50.916+0000] {logging_mixin.py:188} INFO - [2024-07-09T02:13:50.916+0000] {dag.py:3954} INFO - Setting next_dagrun for tutorial_dag to None, run_after=None
[2024-07-09T02:13:50.951+0000] {processor.py:183} INFO - Processing /home/airflow/.local/lib/python3.12/site-packages/airflow/example_dags/tutorial_dag.py took 0.115 seconds
[2024-07-09T02:14:21.182+0000] {processor.py:161} INFO - Started process (PID=294) to work on /home/airflow/.local/lib/python3.12/site-packages/airflow/example_dags/tutorial_dag.py
[2024-07-09T02:14:21.186+0000] {processor.py:830} INFO - Processing file /home/airflow/.local/lib/python3.12/site-packages/airflow/example_dags/tutorial_dag.py for tasks to queue
[2024-07-09T02:14:21.191+0000] {logging_mixin.py:188} INFO - [2024-07-09T02:14:21.190+0000] {dagbag.py:545} INFO - Filling up the DagBag from /home/airflow/.local/lib/python3.12/site-packages/airflow/example_dags/tutorial_dag.py
[2024-07-09T02:14:21.210+0000] {processor.py:840} INFO - DAG(s) 'tutorial_dag' retrieved from /home/airflow/.local/lib/python3.12/site-packages/airflow/example_dags/tutorial_dag.py
[2024-07-09T02:14:21.269+0000] {logging_mixin.py:188} INFO - [2024-07-09T02:14:21.268+0000] {dag.py:3096} INFO - Sync 1 DAGs
[2024-07-09T02:14:21.309+0000] {logging_mixin.py:188} INFO - [2024-07-09T02:14:21.309+0000] {dag.py:3954} INFO - Setting next_dagrun for tutorial_dag to None, run_after=None
[2024-07-09T02:14:21.354+0000] {processor.py:183} INFO - Processing /home/airflow/.local/lib/python3.12/site-packages/airflow/example_dags/tutorial_dag.py took 0.189 seconds
[2024-07-09T02:14:51.792+0000] {processor.py:161} INFO - Started process (PID=354) to work on /home/airflow/.local/lib/python3.12/site-packages/airflow/example_dags/tutorial_dag.py
[2024-07-09T02:14:51.794+0000] {processor.py:830} INFO - Processing file /home/airflow/.local/lib/python3.12/site-packages/airflow/example_dags/tutorial_dag.py for tasks to queue
[2024-07-09T02:14:51.798+0000] {logging_mixin.py:188} INFO - [2024-07-09T02:14:51.797+0000] {dagbag.py:545} INFO - Filling up the DagBag from /home/airflow/.local/lib/python3.12/site-packages/airflow/example_dags/tutorial_dag.py
[2024-07-09T02:14:51.814+0000] {processor.py:840} INFO - DAG(s) 'tutorial_dag' retrieved from /home/airflow/.local/lib/python3.12/site-packages/airflow/example_dags/tutorial_dag.py
[2024-07-09T02:14:51.879+0000] {logging_mixin.py:188} INFO - [2024-07-09T02:14:51.878+0000] {dag.py:3096} INFO - Sync 1 DAGs
[2024-07-09T02:14:51.921+0000] {logging_mixin.py:188} INFO - [2024-07-09T02:14:51.920+0000] {dag.py:3954} INFO - Setting next_dagrun for tutorial_dag to None, run_after=None
[2024-07-09T02:14:51.981+0000] {processor.py:183} INFO - Processing /home/airflow/.local/lib/python3.12/site-packages/airflow/example_dags/tutorial_dag.py took 0.208 seconds
[2024-07-09T02:17:02.436+0000] {processor.py:161} INFO - Started process (PID=56) to work on /home/airflow/.local/lib/python3.12/site-packages/airflow/example_dags/tutorial_dag.py
[2024-07-09T02:17:02.438+0000] {processor.py:830} INFO - Processing file /home/airflow/.local/lib/python3.12/site-packages/airflow/example_dags/tutorial_dag.py for tasks to queue
[2024-07-09T02:17:02.444+0000] {logging_mixin.py:188} INFO - [2024-07-09T02:17:02.443+0000] {dagbag.py:545} INFO - Filling up the DagBag from /home/airflow/.local/lib/python3.12/site-packages/airflow/example_dags/tutorial_dag.py
[2024-07-09T02:17:02.462+0000] {processor.py:840} INFO - DAG(s) 'tutorial_dag' retrieved from /home/airflow/.local/lib/python3.12/site-packages/airflow/example_dags/tutorial_dag.py
[2024-07-09T02:17:02.739+0000] {logging_mixin.py:188} INFO - [2024-07-09T02:17:02.738+0000] {dag.py:3096} INFO - Sync 1 DAGs
[2024-07-09T02:17:02.763+0000] {logging_mixin.py:188} INFO - [2024-07-09T02:17:02.763+0000] {dag.py:3954} INFO - Setting next_dagrun for tutorial_dag to None, run_after=None
[2024-07-09T02:17:02.805+0000] {processor.py:183} INFO - Processing /home/airflow/.local/lib/python3.12/site-packages/airflow/example_dags/tutorial_dag.py took 0.392 seconds
[2024-07-09T02:17:33.491+0000] {processor.py:161} INFO - Started process (PID=116) to work on /home/airflow/.local/lib/python3.12/site-packages/airflow/example_dags/tutorial_dag.py
[2024-07-09T02:17:33.492+0000] {processor.py:830} INFO - Processing file /home/airflow/.local/lib/python3.12/site-packages/airflow/example_dags/tutorial_dag.py for tasks to queue
[2024-07-09T02:17:33.496+0000] {logging_mixin.py:188} INFO - [2024-07-09T02:17:33.495+0000] {dagbag.py:545} INFO - Filling up the DagBag from /home/airflow/.local/lib/python3.12/site-packages/airflow/example_dags/tutorial_dag.py
[2024-07-09T02:17:33.508+0000] {processor.py:840} INFO - DAG(s) 'tutorial_dag' retrieved from /home/airflow/.local/lib/python3.12/site-packages/airflow/example_dags/tutorial_dag.py
[2024-07-09T02:17:33.546+0000] {logging_mixin.py:188} INFO - [2024-07-09T02:17:33.545+0000] {dag.py:3096} INFO - Sync 1 DAGs
[2024-07-09T02:17:33.577+0000] {logging_mixin.py:188} INFO - [2024-07-09T02:17:33.577+0000] {dag.py:3954} INFO - Setting next_dagrun for tutorial_dag to None, run_after=None
[2024-07-09T02:17:33.619+0000] {processor.py:183} INFO - Processing /home/airflow/.local/lib/python3.12/site-packages/airflow/example_dags/tutorial_dag.py took 0.145 seconds
[2024-07-09T02:18:03.762+0000] {processor.py:161} INFO - Started process (PID=177) to work on /home/airflow/.local/lib/python3.12/site-packages/airflow/example_dags/tutorial_dag.py
[2024-07-09T02:18:03.764+0000] {processor.py:830} INFO - Processing file /home/airflow/.local/lib/python3.12/site-packages/airflow/example_dags/tutorial_dag.py for tasks to queue
[2024-07-09T02:18:03.769+0000] {logging_mixin.py:188} INFO - [2024-07-09T02:18:03.768+0000] {dagbag.py:545} INFO - Filling up the DagBag from /home/airflow/.local/lib/python3.12/site-packages/airflow/example_dags/tutorial_dag.py
[2024-07-09T02:18:03.779+0000] {processor.py:840} INFO - DAG(s) 'tutorial_dag' retrieved from /home/airflow/.local/lib/python3.12/site-packages/airflow/example_dags/tutorial_dag.py
[2024-07-09T02:18:03.828+0000] {logging_mixin.py:188} INFO - [2024-07-09T02:18:03.827+0000] {dag.py:3096} INFO - Sync 1 DAGs
[2024-07-09T02:18:03.852+0000] {logging_mixin.py:188} INFO - [2024-07-09T02:18:03.852+0000] {dag.py:3954} INFO - Setting next_dagrun for tutorial_dag to None, run_after=None
[2024-07-09T02:18:03.885+0000] {processor.py:183} INFO - Processing /home/airflow/.local/lib/python3.12/site-packages/airflow/example_dags/tutorial_dag.py took 0.136 seconds
[2024-07-09T02:18:34.526+0000] {processor.py:161} INFO - Started process (PID=237) to work on /home/airflow/.local/lib/python3.12/site-packages/airflow/example_dags/tutorial_dag.py
[2024-07-09T02:18:34.528+0000] {processor.py:830} INFO - Processing file /home/airflow/.local/lib/python3.12/site-packages/airflow/example_dags/tutorial_dag.py for tasks to queue
[2024-07-09T02:18:34.531+0000] {logging_mixin.py:188} INFO - [2024-07-09T02:18:34.531+0000] {dagbag.py:545} INFO - Filling up the DagBag from /home/airflow/.local/lib/python3.12/site-packages/airflow/example_dags/tutorial_dag.py
[2024-07-09T02:18:34.541+0000] {processor.py:840} INFO - DAG(s) 'tutorial_dag' retrieved from /home/airflow/.local/lib/python3.12/site-packages/airflow/example_dags/tutorial_dag.py
[2024-07-09T02:18:34.578+0000] {logging_mixin.py:188} INFO - [2024-07-09T02:18:34.577+0000] {dag.py:3096} INFO - Sync 1 DAGs
[2024-07-09T02:18:34.608+0000] {logging_mixin.py:188} INFO - [2024-07-09T02:18:34.607+0000] {dag.py:3954} INFO - Setting next_dagrun for tutorial_dag to None, run_after=None
[2024-07-09T02:18:34.661+0000] {processor.py:183} INFO - Processing /home/airflow/.local/lib/python3.12/site-packages/airflow/example_dags/tutorial_dag.py took 0.145 seconds
[2024-07-09T02:19:05.334+0000] {processor.py:161} INFO - Started process (PID=297) to work on /home/airflow/.local/lib/python3.12/site-packages/airflow/example_dags/tutorial_dag.py
[2024-07-09T02:19:05.337+0000] {processor.py:830} INFO - Processing file /home/airflow/.local/lib/python3.12/site-packages/airflow/example_dags/tutorial_dag.py for tasks to queue
[2024-07-09T02:19:05.343+0000] {logging_mixin.py:188} INFO - [2024-07-09T02:19:05.342+0000] {dagbag.py:545} INFO - Filling up the DagBag from /home/airflow/.local/lib/python3.12/site-packages/airflow/example_dags/tutorial_dag.py
[2024-07-09T02:19:05.356+0000] {processor.py:840} INFO - DAG(s) 'tutorial_dag' retrieved from /home/airflow/.local/lib/python3.12/site-packages/airflow/example_dags/tutorial_dag.py
[2024-07-09T02:19:05.390+0000] {logging_mixin.py:188} INFO - [2024-07-09T02:19:05.389+0000] {dag.py:3096} INFO - Sync 1 DAGs
[2024-07-09T02:19:05.422+0000] {logging_mixin.py:188} INFO - [2024-07-09T02:19:05.422+0000] {dag.py:3954} INFO - Setting next_dagrun for tutorial_dag to None, run_after=None
[2024-07-09T02:19:05.454+0000] {processor.py:183} INFO - Processing /home/airflow/.local/lib/python3.12/site-packages/airflow/example_dags/tutorial_dag.py took 0.139 seconds
[2024-07-09T02:19:36.521+0000] {processor.py:161} INFO - Started process (PID=355) to work on /home/airflow/.local/lib/python3.12/site-packages/airflow/example_dags/tutorial_dag.py
[2024-07-09T02:19:36.523+0000] {processor.py:830} INFO - Processing file /home/airflow/.local/lib/python3.12/site-packages/airflow/example_dags/tutorial_dag.py for tasks to queue
[2024-07-09T02:19:36.528+0000] {logging_mixin.py:188} INFO - [2024-07-09T02:19:36.527+0000] {dagbag.py:545} INFO - Filling up the DagBag from /home/airflow/.local/lib/python3.12/site-packages/airflow/example_dags/tutorial_dag.py
[2024-07-09T02:19:36.545+0000] {processor.py:840} INFO - DAG(s) 'tutorial_dag' retrieved from /home/airflow/.local/lib/python3.12/site-packages/airflow/example_dags/tutorial_dag.py
[2024-07-09T02:19:36.590+0000] {logging_mixin.py:188} INFO - [2024-07-09T02:19:36.590+0000] {dag.py:3096} INFO - Sync 1 DAGs
[2024-07-09T02:19:36.629+0000] {logging_mixin.py:188} INFO - [2024-07-09T02:19:36.629+0000] {dag.py:3954} INFO - Setting next_dagrun for tutorial_dag to None, run_after=None
[2024-07-09T02:19:36.679+0000] {processor.py:183} INFO - Processing /home/airflow/.local/lib/python3.12/site-packages/airflow/example_dags/tutorial_dag.py took 0.173 seconds
[2024-07-09T02:20:07.698+0000] {processor.py:161} INFO - Started process (PID=416) to work on /home/airflow/.local/lib/python3.12/site-packages/airflow/example_dags/tutorial_dag.py
[2024-07-09T02:20:07.701+0000] {processor.py:830} INFO - Processing file /home/airflow/.local/lib/python3.12/site-packages/airflow/example_dags/tutorial_dag.py for tasks to queue
[2024-07-09T02:20:07.707+0000] {logging_mixin.py:188} INFO - [2024-07-09T02:20:07.705+0000] {dagbag.py:545} INFO - Filling up the DagBag from /home/airflow/.local/lib/python3.12/site-packages/airflow/example_dags/tutorial_dag.py
[2024-07-09T02:20:07.733+0000] {processor.py:840} INFO - DAG(s) 'tutorial_dag' retrieved from /home/airflow/.local/lib/python3.12/site-packages/airflow/example_dags/tutorial_dag.py
[2024-07-09T02:20:07.807+0000] {logging_mixin.py:188} INFO - [2024-07-09T02:20:07.806+0000] {dag.py:3096} INFO - Sync 1 DAGs
[2024-07-09T02:20:07.859+0000] {logging_mixin.py:188} INFO - [2024-07-09T02:20:07.859+0000] {dag.py:3954} INFO - Setting next_dagrun for tutorial_dag to None, run_after=None
[2024-07-09T02:20:07.961+0000] {processor.py:183} INFO - Processing /home/airflow/.local/lib/python3.12/site-packages/airflow/example_dags/tutorial_dag.py took 0.284 seconds
[2024-07-09T02:20:38.827+0000] {processor.py:161} INFO - Started process (PID=476) to work on /home/airflow/.local/lib/python3.12/site-packages/airflow/example_dags/tutorial_dag.py
[2024-07-09T02:20:38.829+0000] {processor.py:830} INFO - Processing file /home/airflow/.local/lib/python3.12/site-packages/airflow/example_dags/tutorial_dag.py for tasks to queue
[2024-07-09T02:20:38.833+0000] {logging_mixin.py:188} INFO - [2024-07-09T02:20:38.833+0000] {dagbag.py:545} INFO - Filling up the DagBag from /home/airflow/.local/lib/python3.12/site-packages/airflow/example_dags/tutorial_dag.py
[2024-07-09T02:20:38.848+0000] {processor.py:840} INFO - DAG(s) 'tutorial_dag' retrieved from /home/airflow/.local/lib/python3.12/site-packages/airflow/example_dags/tutorial_dag.py
[2024-07-09T02:20:38.893+0000] {logging_mixin.py:188} INFO - [2024-07-09T02:20:38.893+0000] {dag.py:3096} INFO - Sync 1 DAGs
[2024-07-09T02:20:38.929+0000] {logging_mixin.py:188} INFO - [2024-07-09T02:20:38.928+0000] {dag.py:3954} INFO - Setting next_dagrun for tutorial_dag to None, run_after=None
[2024-07-09T02:20:39.052+0000] {processor.py:183} INFO - Processing /home/airflow/.local/lib/python3.12/site-packages/airflow/example_dags/tutorial_dag.py took 0.239 seconds
[2024-07-09T02:21:09.181+0000] {processor.py:161} INFO - Started process (PID=535) to work on /home/airflow/.local/lib/python3.12/site-packages/airflow/example_dags/tutorial_dag.py
[2024-07-09T02:21:09.183+0000] {processor.py:830} INFO - Processing file /home/airflow/.local/lib/python3.12/site-packages/airflow/example_dags/tutorial_dag.py for tasks to queue
[2024-07-09T02:21:09.187+0000] {logging_mixin.py:188} INFO - [2024-07-09T02:21:09.186+0000] {dagbag.py:545} INFO - Filling up the DagBag from /home/airflow/.local/lib/python3.12/site-packages/airflow/example_dags/tutorial_dag.py
[2024-07-09T02:21:09.198+0000] {processor.py:840} INFO - DAG(s) 'tutorial_dag' retrieved from /home/airflow/.local/lib/python3.12/site-packages/airflow/example_dags/tutorial_dag.py
[2024-07-09T02:21:09.239+0000] {logging_mixin.py:188} INFO - [2024-07-09T02:21:09.239+0000] {dag.py:3096} INFO - Sync 1 DAGs
[2024-07-09T02:21:09.270+0000] {logging_mixin.py:188} INFO - [2024-07-09T02:21:09.270+0000] {dag.py:3954} INFO - Setting next_dagrun for tutorial_dag to None, run_after=None
[2024-07-09T02:21:09.304+0000] {processor.py:183} INFO - Processing /home/airflow/.local/lib/python3.12/site-packages/airflow/example_dags/tutorial_dag.py took 0.136 seconds
[2024-07-09T02:21:39.846+0000] {processor.py:161} INFO - Started process (PID=595) to work on /home/airflow/.local/lib/python3.12/site-packages/airflow/example_dags/tutorial_dag.py
[2024-07-09T02:21:39.848+0000] {processor.py:830} INFO - Processing file /home/airflow/.local/lib/python3.12/site-packages/airflow/example_dags/tutorial_dag.py for tasks to queue
[2024-07-09T02:21:39.852+0000] {logging_mixin.py:188} INFO - [2024-07-09T02:21:39.851+0000] {dagbag.py:545} INFO - Filling up the DagBag from /home/airflow/.local/lib/python3.12/site-packages/airflow/example_dags/tutorial_dag.py
[2024-07-09T02:21:39.865+0000] {processor.py:840} INFO - DAG(s) 'tutorial_dag' retrieved from /home/airflow/.local/lib/python3.12/site-packages/airflow/example_dags/tutorial_dag.py
[2024-07-09T02:21:39.904+0000] {logging_mixin.py:188} INFO - [2024-07-09T02:21:39.903+0000] {dag.py:3096} INFO - Sync 1 DAGs
[2024-07-09T02:21:39.931+0000] {logging_mixin.py:188} INFO - [2024-07-09T02:21:39.931+0000] {dag.py:3954} INFO - Setting next_dagrun for tutorial_dag to None, run_after=None
[2024-07-09T02:21:39.966+0000] {processor.py:183} INFO - Processing /home/airflow/.local/lib/python3.12/site-packages/airflow/example_dags/tutorial_dag.py took 0.133 seconds
[2024-07-09T02:22:10.684+0000] {processor.py:161} INFO - Started process (PID=655) to work on /home/airflow/.local/lib/python3.12/site-packages/airflow/example_dags/tutorial_dag.py
[2024-07-09T02:22:10.686+0000] {processor.py:830} INFO - Processing file /home/airflow/.local/lib/python3.12/site-packages/airflow/example_dags/tutorial_dag.py for tasks to queue
[2024-07-09T02:22:10.691+0000] {logging_mixin.py:188} INFO - [2024-07-09T02:22:10.690+0000] {dagbag.py:545} INFO - Filling up the DagBag from /home/airflow/.local/lib/python3.12/site-packages/airflow/example_dags/tutorial_dag.py
[2024-07-09T02:22:10.703+0000] {processor.py:840} INFO - DAG(s) 'tutorial_dag' retrieved from /home/airflow/.local/lib/python3.12/site-packages/airflow/example_dags/tutorial_dag.py
[2024-07-09T02:22:10.751+0000] {logging_mixin.py:188} INFO - [2024-07-09T02:22:10.750+0000] {dag.py:3096} INFO - Sync 1 DAGs
[2024-07-09T02:22:10.778+0000] {logging_mixin.py:188} INFO - [2024-07-09T02:22:10.777+0000] {dag.py:3954} INFO - Setting next_dagrun for tutorial_dag to None, run_after=None
[2024-07-09T02:22:10.817+0000] {processor.py:183} INFO - Processing /home/airflow/.local/lib/python3.12/site-packages/airflow/example_dags/tutorial_dag.py took 0.146 seconds
[2024-07-09T02:22:41.826+0000] {processor.py:161} INFO - Started process (PID=715) to work on /home/airflow/.local/lib/python3.12/site-packages/airflow/example_dags/tutorial_dag.py
[2024-07-09T02:22:41.829+0000] {processor.py:830} INFO - Processing file /home/airflow/.local/lib/python3.12/site-packages/airflow/example_dags/tutorial_dag.py for tasks to queue
[2024-07-09T02:22:41.832+0000] {logging_mixin.py:188} INFO - [2024-07-09T02:22:41.831+0000] {dagbag.py:545} INFO - Filling up the DagBag from /home/airflow/.local/lib/python3.12/site-packages/airflow/example_dags/tutorial_dag.py
[2024-07-09T02:22:41.842+0000] {processor.py:840} INFO - DAG(s) 'tutorial_dag' retrieved from /home/airflow/.local/lib/python3.12/site-packages/airflow/example_dags/tutorial_dag.py
[2024-07-09T02:22:41.901+0000] {logging_mixin.py:188} INFO - [2024-07-09T02:22:41.901+0000] {dag.py:3096} INFO - Sync 1 DAGs
[2024-07-09T02:22:41.935+0000] {logging_mixin.py:188} INFO - [2024-07-09T02:22:41.934+0000] {dag.py:3954} INFO - Setting next_dagrun for tutorial_dag to None, run_after=None
[2024-07-09T02:22:41.990+0000] {processor.py:183} INFO - Processing /home/airflow/.local/lib/python3.12/site-packages/airflow/example_dags/tutorial_dag.py took 0.175 seconds
[2024-07-09T02:23:12.344+0000] {processor.py:161} INFO - Started process (PID=774) to work on /home/airflow/.local/lib/python3.12/site-packages/airflow/example_dags/tutorial_dag.py
[2024-07-09T02:23:12.346+0000] {processor.py:830} INFO - Processing file /home/airflow/.local/lib/python3.12/site-packages/airflow/example_dags/tutorial_dag.py for tasks to queue
[2024-07-09T02:23:12.349+0000] {logging_mixin.py:188} INFO - [2024-07-09T02:23:12.348+0000] {dagbag.py:545} INFO - Filling up the DagBag from /home/airflow/.local/lib/python3.12/site-packages/airflow/example_dags/tutorial_dag.py
[2024-07-09T02:23:12.357+0000] {processor.py:840} INFO - DAG(s) 'tutorial_dag' retrieved from /home/airflow/.local/lib/python3.12/site-packages/airflow/example_dags/tutorial_dag.py
[2024-07-09T02:23:12.392+0000] {logging_mixin.py:188} INFO - [2024-07-09T02:23:12.391+0000] {dag.py:3096} INFO - Sync 1 DAGs
[2024-07-09T02:23:12.415+0000] {logging_mixin.py:188} INFO - [2024-07-09T02:23:12.414+0000] {dag.py:3954} INFO - Setting next_dagrun for tutorial_dag to None, run_after=None
[2024-07-09T02:23:12.452+0000] {processor.py:183} INFO - Processing /home/airflow/.local/lib/python3.12/site-packages/airflow/example_dags/tutorial_dag.py took 0.118 seconds
[2024-07-09T02:23:43.287+0000] {processor.py:161} INFO - Started process (PID=834) to work on /home/airflow/.local/lib/python3.12/site-packages/airflow/example_dags/tutorial_dag.py
[2024-07-09T02:23:43.289+0000] {processor.py:830} INFO - Processing file /home/airflow/.local/lib/python3.12/site-packages/airflow/example_dags/tutorial_dag.py for tasks to queue
[2024-07-09T02:23:43.296+0000] {logging_mixin.py:188} INFO - [2024-07-09T02:23:43.295+0000] {dagbag.py:545} INFO - Filling up the DagBag from /home/airflow/.local/lib/python3.12/site-packages/airflow/example_dags/tutorial_dag.py
[2024-07-09T02:23:43.306+0000] {processor.py:840} INFO - DAG(s) 'tutorial_dag' retrieved from /home/airflow/.local/lib/python3.12/site-packages/airflow/example_dags/tutorial_dag.py
[2024-07-09T02:23:43.349+0000] {logging_mixin.py:188} INFO - [2024-07-09T02:23:43.348+0000] {dag.py:3096} INFO - Sync 1 DAGs
[2024-07-09T02:23:43.380+0000] {logging_mixin.py:188} INFO - [2024-07-09T02:23:43.379+0000] {dag.py:3954} INFO - Setting next_dagrun for tutorial_dag to None, run_after=None
[2024-07-09T02:23:43.431+0000] {processor.py:183} INFO - Processing /home/airflow/.local/lib/python3.12/site-packages/airflow/example_dags/tutorial_dag.py took 0.160 seconds
[2024-07-09T02:24:14.111+0000] {processor.py:161} INFO - Started process (PID=894) to work on /home/airflow/.local/lib/python3.12/site-packages/airflow/example_dags/tutorial_dag.py
[2024-07-09T02:24:14.113+0000] {processor.py:830} INFO - Processing file /home/airflow/.local/lib/python3.12/site-packages/airflow/example_dags/tutorial_dag.py for tasks to queue
[2024-07-09T02:24:14.116+0000] {logging_mixin.py:188} INFO - [2024-07-09T02:24:14.115+0000] {dagbag.py:545} INFO - Filling up the DagBag from /home/airflow/.local/lib/python3.12/site-packages/airflow/example_dags/tutorial_dag.py
[2024-07-09T02:24:14.125+0000] {processor.py:840} INFO - DAG(s) 'tutorial_dag' retrieved from /home/airflow/.local/lib/python3.12/site-packages/airflow/example_dags/tutorial_dag.py
[2024-07-09T02:24:14.159+0000] {logging_mixin.py:188} INFO - [2024-07-09T02:24:14.159+0000] {dag.py:3096} INFO - Sync 1 DAGs
[2024-07-09T02:24:14.182+0000] {logging_mixin.py:188} INFO - [2024-07-09T02:24:14.182+0000] {dag.py:3954} INFO - Setting next_dagrun for tutorial_dag to None, run_after=None
[2024-07-09T02:24:14.234+0000] {processor.py:183} INFO - Processing /home/airflow/.local/lib/python3.12/site-packages/airflow/example_dags/tutorial_dag.py took 0.135 seconds
[2024-07-09T02:24:44.804+0000] {processor.py:161} INFO - Started process (PID=955) to work on /home/airflow/.local/lib/python3.12/site-packages/airflow/example_dags/tutorial_dag.py
[2024-07-09T02:24:44.807+0000] {processor.py:830} INFO - Processing file /home/airflow/.local/lib/python3.12/site-packages/airflow/example_dags/tutorial_dag.py for tasks to queue
[2024-07-09T02:24:44.812+0000] {logging_mixin.py:188} INFO - [2024-07-09T02:24:44.811+0000] {dagbag.py:545} INFO - Filling up the DagBag from /home/airflow/.local/lib/python3.12/site-packages/airflow/example_dags/tutorial_dag.py
[2024-07-09T02:24:44.823+0000] {processor.py:840} INFO - DAG(s) 'tutorial_dag' retrieved from /home/airflow/.local/lib/python3.12/site-packages/airflow/example_dags/tutorial_dag.py
[2024-07-09T02:24:44.868+0000] {logging_mixin.py:188} INFO - [2024-07-09T02:24:44.868+0000] {dag.py:3096} INFO - Sync 1 DAGs
[2024-07-09T02:24:44.897+0000] {logging_mixin.py:188} INFO - [2024-07-09T02:24:44.896+0000] {dag.py:3954} INFO - Setting next_dagrun for tutorial_dag to None, run_after=None
[2024-07-09T02:24:44.981+0000] {processor.py:183} INFO - Processing /home/airflow/.local/lib/python3.12/site-packages/airflow/example_dags/tutorial_dag.py took 0.188 seconds
[2024-07-09T02:25:15.754+0000] {processor.py:161} INFO - Started process (PID=1025) to work on /home/airflow/.local/lib/python3.12/site-packages/airflow/example_dags/tutorial_dag.py
[2024-07-09T02:25:15.756+0000] {processor.py:830} INFO - Processing file /home/airflow/.local/lib/python3.12/site-packages/airflow/example_dags/tutorial_dag.py for tasks to queue
[2024-07-09T02:25:15.764+0000] {logging_mixin.py:188} INFO - [2024-07-09T02:25:15.763+0000] {dagbag.py:545} INFO - Filling up the DagBag from /home/airflow/.local/lib/python3.12/site-packages/airflow/example_dags/tutorial_dag.py
[2024-07-09T02:25:15.784+0000] {processor.py:840} INFO - DAG(s) 'tutorial_dag' retrieved from /home/airflow/.local/lib/python3.12/site-packages/airflow/example_dags/tutorial_dag.py
[2024-07-09T02:25:15.836+0000] {logging_mixin.py:188} INFO - [2024-07-09T02:25:15.836+0000] {dag.py:3096} INFO - Sync 1 DAGs
[2024-07-09T02:25:15.945+0000] {logging_mixin.py:188} INFO - [2024-07-09T02:25:15.945+0000] {dag.py:3954} INFO - Setting next_dagrun for tutorial_dag to None, run_after=None
[2024-07-09T02:25:16.046+0000] {processor.py:183} INFO - Processing /home/airflow/.local/lib/python3.12/site-packages/airflow/example_dags/tutorial_dag.py took 0.310 seconds
[2024-07-09T02:25:46.632+0000] {processor.py:161} INFO - Started process (PID=1097) to work on /home/airflow/.local/lib/python3.12/site-packages/airflow/example_dags/tutorial_dag.py
[2024-07-09T02:25:46.634+0000] {processor.py:830} INFO - Processing file /home/airflow/.local/lib/python3.12/site-packages/airflow/example_dags/tutorial_dag.py for tasks to queue
[2024-07-09T02:25:46.637+0000] {logging_mixin.py:188} INFO - [2024-07-09T02:25:46.636+0000] {dagbag.py:545} INFO - Filling up the DagBag from /home/airflow/.local/lib/python3.12/site-packages/airflow/example_dags/tutorial_dag.py
[2024-07-09T02:25:46.649+0000] {processor.py:840} INFO - DAG(s) 'tutorial_dag' retrieved from /home/airflow/.local/lib/python3.12/site-packages/airflow/example_dags/tutorial_dag.py
[2024-07-09T02:25:46.690+0000] {logging_mixin.py:188} INFO - [2024-07-09T02:25:46.689+0000] {dag.py:3096} INFO - Sync 1 DAGs
[2024-07-09T02:25:46.733+0000] {logging_mixin.py:188} INFO - [2024-07-09T02:25:46.732+0000] {dag.py:3954} INFO - Setting next_dagrun for tutorial_dag to None, run_after=None
[2024-07-09T02:25:46.792+0000] {processor.py:183} INFO - Processing /home/airflow/.local/lib/python3.12/site-packages/airflow/example_dags/tutorial_dag.py took 0.173 seconds
[2024-07-09T02:26:17.771+0000] {processor.py:161} INFO - Started process (PID=1161) to work on /home/airflow/.local/lib/python3.12/site-packages/airflow/example_dags/tutorial_dag.py
[2024-07-09T02:26:17.773+0000] {processor.py:830} INFO - Processing file /home/airflow/.local/lib/python3.12/site-packages/airflow/example_dags/tutorial_dag.py for tasks to queue
[2024-07-09T02:26:17.780+0000] {logging_mixin.py:188} INFO - [2024-07-09T02:26:17.779+0000] {dagbag.py:545} INFO - Filling up the DagBag from /home/airflow/.local/lib/python3.12/site-packages/airflow/example_dags/tutorial_dag.py
[2024-07-09T02:26:17.804+0000] {processor.py:840} INFO - DAG(s) 'tutorial_dag' retrieved from /home/airflow/.local/lib/python3.12/site-packages/airflow/example_dags/tutorial_dag.py
[2024-07-09T02:26:17.849+0000] {logging_mixin.py:188} INFO - [2024-07-09T02:26:17.848+0000] {dag.py:3096} INFO - Sync 1 DAGs
[2024-07-09T02:26:17.880+0000] {logging_mixin.py:188} INFO - [2024-07-09T02:26:17.880+0000] {dag.py:3954} INFO - Setting next_dagrun for tutorial_dag to None, run_after=None
[2024-07-09T02:26:17.954+0000] {processor.py:183} INFO - Processing /home/airflow/.local/lib/python3.12/site-packages/airflow/example_dags/tutorial_dag.py took 0.204 seconds
[2024-07-09T02:26:48.749+0000] {processor.py:161} INFO - Started process (PID=1221) to work on /home/airflow/.local/lib/python3.12/site-packages/airflow/example_dags/tutorial_dag.py
[2024-07-09T02:26:48.751+0000] {processor.py:830} INFO - Processing file /home/airflow/.local/lib/python3.12/site-packages/airflow/example_dags/tutorial_dag.py for tasks to queue
[2024-07-09T02:26:48.755+0000] {logging_mixin.py:188} INFO - [2024-07-09T02:26:48.754+0000] {dagbag.py:545} INFO - Filling up the DagBag from /home/airflow/.local/lib/python3.12/site-packages/airflow/example_dags/tutorial_dag.py
[2024-07-09T02:26:48.771+0000] {processor.py:840} INFO - DAG(s) 'tutorial_dag' retrieved from /home/airflow/.local/lib/python3.12/site-packages/airflow/example_dags/tutorial_dag.py
[2024-07-09T02:26:48.817+0000] {logging_mixin.py:188} INFO - [2024-07-09T02:26:48.817+0000] {dag.py:3096} INFO - Sync 1 DAGs
[2024-07-09T02:26:48.848+0000] {logging_mixin.py:188} INFO - [2024-07-09T02:26:48.847+0000] {dag.py:3954} INFO - Setting next_dagrun for tutorial_dag to None, run_after=None
[2024-07-09T02:26:48.909+0000] {processor.py:183} INFO - Processing /home/airflow/.local/lib/python3.12/site-packages/airflow/example_dags/tutorial_dag.py took 0.176 seconds
[2024-07-09T02:27:19.305+0000] {processor.py:161} INFO - Started process (PID=1285) to work on /home/airflow/.local/lib/python3.12/site-packages/airflow/example_dags/tutorial_dag.py
[2024-07-09T02:27:19.307+0000] {processor.py:830} INFO - Processing file /home/airflow/.local/lib/python3.12/site-packages/airflow/example_dags/tutorial_dag.py for tasks to queue
[2024-07-09T02:27:19.312+0000] {logging_mixin.py:188} INFO - [2024-07-09T02:27:19.311+0000] {dagbag.py:545} INFO - Filling up the DagBag from /home/airflow/.local/lib/python3.12/site-packages/airflow/example_dags/tutorial_dag.py
[2024-07-09T02:27:19.333+0000] {processor.py:840} INFO - DAG(s) 'tutorial_dag' retrieved from /home/airflow/.local/lib/python3.12/site-packages/airflow/example_dags/tutorial_dag.py
[2024-07-09T02:27:19.408+0000] {logging_mixin.py:188} INFO - [2024-07-09T02:27:19.407+0000] {dag.py:3096} INFO - Sync 1 DAGs
[2024-07-09T02:27:19.447+0000] {logging_mixin.py:188} INFO - [2024-07-09T02:27:19.447+0000] {dag.py:3954} INFO - Setting next_dagrun for tutorial_dag to None, run_after=None
[2024-07-09T02:27:19.517+0000] {processor.py:183} INFO - Processing /home/airflow/.local/lib/python3.12/site-packages/airflow/example_dags/tutorial_dag.py took 0.229 seconds
[2024-07-09T02:27:49.604+0000] {processor.py:161} INFO - Started process (PID=1345) to work on /home/airflow/.local/lib/python3.12/site-packages/airflow/example_dags/tutorial_dag.py
[2024-07-09T02:27:49.606+0000] {processor.py:830} INFO - Processing file /home/airflow/.local/lib/python3.12/site-packages/airflow/example_dags/tutorial_dag.py for tasks to queue
[2024-07-09T02:27:49.611+0000] {logging_mixin.py:188} INFO - [2024-07-09T02:27:49.610+0000] {dagbag.py:545} INFO - Filling up the DagBag from /home/airflow/.local/lib/python3.12/site-packages/airflow/example_dags/tutorial_dag.py
[2024-07-09T02:27:49.625+0000] {processor.py:840} INFO - DAG(s) 'tutorial_dag' retrieved from /home/airflow/.local/lib/python3.12/site-packages/airflow/example_dags/tutorial_dag.py
[2024-07-09T02:27:49.678+0000] {logging_mixin.py:188} INFO - [2024-07-09T02:27:49.677+0000] {dag.py:3096} INFO - Sync 1 DAGs
[2024-07-09T02:27:49.718+0000] {logging_mixin.py:188} INFO - [2024-07-09T02:27:49.718+0000] {dag.py:3954} INFO - Setting next_dagrun for tutorial_dag to None, run_after=None
[2024-07-09T02:27:49.767+0000] {processor.py:183} INFO - Processing /home/airflow/.local/lib/python3.12/site-packages/airflow/example_dags/tutorial_dag.py took 0.177 seconds
[2024-07-09T02:28:20.192+0000] {processor.py:161} INFO - Started process (PID=1405) to work on /home/airflow/.local/lib/python3.12/site-packages/airflow/example_dags/tutorial_dag.py
[2024-07-09T02:28:20.195+0000] {processor.py:830} INFO - Processing file /home/airflow/.local/lib/python3.12/site-packages/airflow/example_dags/tutorial_dag.py for tasks to queue
[2024-07-09T02:28:20.200+0000] {logging_mixin.py:188} INFO - [2024-07-09T02:28:20.199+0000] {dagbag.py:545} INFO - Filling up the DagBag from /home/airflow/.local/lib/python3.12/site-packages/airflow/example_dags/tutorial_dag.py
[2024-07-09T02:28:20.222+0000] {processor.py:840} INFO - DAG(s) 'tutorial_dag' retrieved from /home/airflow/.local/lib/python3.12/site-packages/airflow/example_dags/tutorial_dag.py
[2024-07-09T02:28:20.282+0000] {logging_mixin.py:188} INFO - [2024-07-09T02:28:20.282+0000] {dag.py:3096} INFO - Sync 1 DAGs
[2024-07-09T02:28:20.325+0000] {logging_mixin.py:188} INFO - [2024-07-09T02:28:20.325+0000] {dag.py:3954} INFO - Setting next_dagrun for tutorial_dag to None, run_after=None
[2024-07-09T02:28:20.403+0000] {processor.py:183} INFO - Processing /home/airflow/.local/lib/python3.12/site-packages/airflow/example_dags/tutorial_dag.py took 0.251 seconds
[2024-07-09T02:28:50.904+0000] {processor.py:161} INFO - Started process (PID=1464) to work on /home/airflow/.local/lib/python3.12/site-packages/airflow/example_dags/tutorial_dag.py
[2024-07-09T02:28:50.906+0000] {processor.py:830} INFO - Processing file /home/airflow/.local/lib/python3.12/site-packages/airflow/example_dags/tutorial_dag.py for tasks to queue
[2024-07-09T02:28:50.911+0000] {logging_mixin.py:188} INFO - [2024-07-09T02:28:50.910+0000] {dagbag.py:545} INFO - Filling up the DagBag from /home/airflow/.local/lib/python3.12/site-packages/airflow/example_dags/tutorial_dag.py
[2024-07-09T02:28:50.928+0000] {processor.py:840} INFO - DAG(s) 'tutorial_dag' retrieved from /home/airflow/.local/lib/python3.12/site-packages/airflow/example_dags/tutorial_dag.py
[2024-07-09T02:28:50.998+0000] {logging_mixin.py:188} INFO - [2024-07-09T02:28:50.997+0000] {dag.py:3096} INFO - Sync 1 DAGs
[2024-07-09T02:28:51.049+0000] {logging_mixin.py:188} INFO - [2024-07-09T02:28:51.049+0000] {dag.py:3954} INFO - Setting next_dagrun for tutorial_dag to None, run_after=None
[2024-07-09T02:28:51.112+0000] {processor.py:183} INFO - Processing /home/airflow/.local/lib/python3.12/site-packages/airflow/example_dags/tutorial_dag.py took 0.226 seconds
[2024-07-09T02:29:24.829+0000] {processor.py:161} INFO - Started process (PID=1523) to work on /home/airflow/.local/lib/python3.12/site-packages/airflow/example_dags/tutorial_dag.py
[2024-07-09T02:29:24.833+0000] {processor.py:830} INFO - Processing file /home/airflow/.local/lib/python3.12/site-packages/airflow/example_dags/tutorial_dag.py for tasks to queue
[2024-07-09T02:29:24.868+0000] {logging_mixin.py:188} INFO - [2024-07-09T02:29:24.867+0000] {dagbag.py:545} INFO - Filling up the DagBag from /home/airflow/.local/lib/python3.12/site-packages/airflow/example_dags/tutorial_dag.py
[2024-07-09T02:29:24.917+0000] {processor.py:840} INFO - DAG(s) 'tutorial_dag' retrieved from /home/airflow/.local/lib/python3.12/site-packages/airflow/example_dags/tutorial_dag.py
[2024-07-09T02:29:25.062+0000] {logging_mixin.py:188} INFO - [2024-07-09T02:29:25.061+0000] {dag.py:3096} INFO - Sync 1 DAGs
[2024-07-09T02:29:25.127+0000] {logging_mixin.py:188} INFO - [2024-07-09T02:29:25.127+0000] {dag.py:3954} INFO - Setting next_dagrun for tutorial_dag to None, run_after=None
[2024-07-09T02:29:25.246+0000] {processor.py:183} INFO - Processing /home/airflow/.local/lib/python3.12/site-packages/airflow/example_dags/tutorial_dag.py took 0.463 seconds
[2024-07-09T02:29:55.683+0000] {processor.py:161} INFO - Started process (PID=1581) to work on /home/airflow/.local/lib/python3.12/site-packages/airflow/example_dags/tutorial_dag.py
[2024-07-09T02:29:55.703+0000] {processor.py:830} INFO - Processing file /home/airflow/.local/lib/python3.12/site-packages/airflow/example_dags/tutorial_dag.py for tasks to queue
[2024-07-09T02:29:55.711+0000] {logging_mixin.py:188} INFO - [2024-07-09T02:29:55.710+0000] {dagbag.py:545} INFO - Filling up the DagBag from /home/airflow/.local/lib/python3.12/site-packages/airflow/example_dags/tutorial_dag.py
[2024-07-09T02:29:55.741+0000] {processor.py:840} INFO - DAG(s) 'tutorial_dag' retrieved from /home/airflow/.local/lib/python3.12/site-packages/airflow/example_dags/tutorial_dag.py
[2024-07-09T02:29:55.850+0000] {logging_mixin.py:188} INFO - [2024-07-09T02:29:55.849+0000] {dag.py:3096} INFO - Sync 1 DAGs
[2024-07-09T02:29:55.939+0000] {logging_mixin.py:188} INFO - [2024-07-09T02:29:55.938+0000] {dag.py:3954} INFO - Setting next_dagrun for tutorial_dag to None, run_after=None
[2024-07-09T02:29:56.036+0000] {processor.py:183} INFO - Processing /home/airflow/.local/lib/python3.12/site-packages/airflow/example_dags/tutorial_dag.py took 0.380 seconds
[2024-07-09T02:30:26.266+0000] {processor.py:161} INFO - Started process (PID=1641) to work on /home/airflow/.local/lib/python3.12/site-packages/airflow/example_dags/tutorial_dag.py
[2024-07-09T02:30:26.273+0000] {processor.py:830} INFO - Processing file /home/airflow/.local/lib/python3.12/site-packages/airflow/example_dags/tutorial_dag.py for tasks to queue
[2024-07-09T02:30:26.278+0000] {logging_mixin.py:188} INFO - [2024-07-09T02:30:26.277+0000] {dagbag.py:545} INFO - Filling up the DagBag from /home/airflow/.local/lib/python3.12/site-packages/airflow/example_dags/tutorial_dag.py
[2024-07-09T02:30:26.312+0000] {processor.py:840} INFO - DAG(s) 'tutorial_dag' retrieved from /home/airflow/.local/lib/python3.12/site-packages/airflow/example_dags/tutorial_dag.py
[2024-07-09T02:30:26.398+0000] {logging_mixin.py:188} INFO - [2024-07-09T02:30:26.397+0000] {dag.py:3096} INFO - Sync 1 DAGs
[2024-07-09T02:30:26.435+0000] {logging_mixin.py:188} INFO - [2024-07-09T02:30:26.435+0000] {dag.py:3954} INFO - Setting next_dagrun for tutorial_dag to None, run_after=None
[2024-07-09T02:30:26.478+0000] {processor.py:183} INFO - Processing /home/airflow/.local/lib/python3.12/site-packages/airflow/example_dags/tutorial_dag.py took 0.238 seconds
[2024-07-09T02:30:57.269+0000] {processor.py:161} INFO - Started process (PID=1701) to work on /home/airflow/.local/lib/python3.12/site-packages/airflow/example_dags/tutorial_dag.py
[2024-07-09T02:30:57.270+0000] {processor.py:830} INFO - Processing file /home/airflow/.local/lib/python3.12/site-packages/airflow/example_dags/tutorial_dag.py for tasks to queue
[2024-07-09T02:30:57.273+0000] {logging_mixin.py:188} INFO - [2024-07-09T02:30:57.273+0000] {dagbag.py:545} INFO - Filling up the DagBag from /home/airflow/.local/lib/python3.12/site-packages/airflow/example_dags/tutorial_dag.py
[2024-07-09T02:30:57.283+0000] {processor.py:840} INFO - DAG(s) 'tutorial_dag' retrieved from /home/airflow/.local/lib/python3.12/site-packages/airflow/example_dags/tutorial_dag.py
[2024-07-09T02:30:57.323+0000] {logging_mixin.py:188} INFO - [2024-07-09T02:30:57.322+0000] {dag.py:3096} INFO - Sync 1 DAGs
[2024-07-09T02:30:57.352+0000] {logging_mixin.py:188} INFO - [2024-07-09T02:30:57.352+0000] {dag.py:3954} INFO - Setting next_dagrun for tutorial_dag to None, run_after=None
[2024-07-09T02:30:57.424+0000] {processor.py:183} INFO - Processing /home/airflow/.local/lib/python3.12/site-packages/airflow/example_dags/tutorial_dag.py took 0.163 seconds
[2024-07-09T02:31:27.618+0000] {processor.py:161} INFO - Started process (PID=1761) to work on /home/airflow/.local/lib/python3.12/site-packages/airflow/example_dags/tutorial_dag.py
[2024-07-09T02:31:27.620+0000] {processor.py:830} INFO - Processing file /home/airflow/.local/lib/python3.12/site-packages/airflow/example_dags/tutorial_dag.py for tasks to queue
[2024-07-09T02:31:27.622+0000] {logging_mixin.py:188} INFO - [2024-07-09T02:31:27.622+0000] {dagbag.py:545} INFO - Filling up the DagBag from /home/airflow/.local/lib/python3.12/site-packages/airflow/example_dags/tutorial_dag.py
[2024-07-09T02:31:27.629+0000] {processor.py:840} INFO - DAG(s) 'tutorial_dag' retrieved from /home/airflow/.local/lib/python3.12/site-packages/airflow/example_dags/tutorial_dag.py
[2024-07-09T02:31:27.659+0000] {logging_mixin.py:188} INFO - [2024-07-09T02:31:27.658+0000] {dag.py:3096} INFO - Sync 1 DAGs
[2024-07-09T02:31:27.678+0000] {logging_mixin.py:188} INFO - [2024-07-09T02:31:27.677+0000] {dag.py:3954} INFO - Setting next_dagrun for tutorial_dag to None, run_after=None
[2024-07-09T02:31:27.708+0000] {processor.py:183} INFO - Processing /home/airflow/.local/lib/python3.12/site-packages/airflow/example_dags/tutorial_dag.py took 0.098 seconds
[2024-07-09T02:31:58.306+0000] {processor.py:161} INFO - Started process (PID=1819) to work on /home/airflow/.local/lib/python3.12/site-packages/airflow/example_dags/tutorial_dag.py
[2024-07-09T02:31:58.307+0000] {processor.py:830} INFO - Processing file /home/airflow/.local/lib/python3.12/site-packages/airflow/example_dags/tutorial_dag.py for tasks to queue
[2024-07-09T02:31:58.311+0000] {logging_mixin.py:188} INFO - [2024-07-09T02:31:58.310+0000] {dagbag.py:545} INFO - Filling up the DagBag from /home/airflow/.local/lib/python3.12/site-packages/airflow/example_dags/tutorial_dag.py
[2024-07-09T02:31:58.319+0000] {processor.py:840} INFO - DAG(s) 'tutorial_dag' retrieved from /home/airflow/.local/lib/python3.12/site-packages/airflow/example_dags/tutorial_dag.py
[2024-07-09T02:31:58.349+0000] {logging_mixin.py:188} INFO - [2024-07-09T02:31:58.349+0000] {dag.py:3096} INFO - Sync 1 DAGs
[2024-07-09T02:31:58.368+0000] {logging_mixin.py:188} INFO - [2024-07-09T02:31:58.368+0000] {dag.py:3954} INFO - Setting next_dagrun for tutorial_dag to None, run_after=None
[2024-07-09T02:31:58.398+0000] {processor.py:183} INFO - Processing /home/airflow/.local/lib/python3.12/site-packages/airflow/example_dags/tutorial_dag.py took 0.100 seconds
[2024-07-09T02:32:28.645+0000] {processor.py:161} INFO - Started process (PID=1879) to work on /home/airflow/.local/lib/python3.12/site-packages/airflow/example_dags/tutorial_dag.py
[2024-07-09T02:32:28.646+0000] {processor.py:830} INFO - Processing file /home/airflow/.local/lib/python3.12/site-packages/airflow/example_dags/tutorial_dag.py for tasks to queue
[2024-07-09T02:32:28.648+0000] {logging_mixin.py:188} INFO - [2024-07-09T02:32:28.648+0000] {dagbag.py:545} INFO - Filling up the DagBag from /home/airflow/.local/lib/python3.12/site-packages/airflow/example_dags/tutorial_dag.py
[2024-07-09T02:32:28.654+0000] {processor.py:840} INFO - DAG(s) 'tutorial_dag' retrieved from /home/airflow/.local/lib/python3.12/site-packages/airflow/example_dags/tutorial_dag.py
[2024-07-09T02:32:28.676+0000] {logging_mixin.py:188} INFO - [2024-07-09T02:32:28.676+0000] {dag.py:3096} INFO - Sync 1 DAGs
[2024-07-09T02:32:28.690+0000] {logging_mixin.py:188} INFO - [2024-07-09T02:32:28.690+0000] {dag.py:3954} INFO - Setting next_dagrun for tutorial_dag to None, run_after=None
[2024-07-09T02:32:28.731+0000] {processor.py:183} INFO - Processing /home/airflow/.local/lib/python3.12/site-packages/airflow/example_dags/tutorial_dag.py took 0.092 seconds
[2024-07-09T02:32:59.019+0000] {processor.py:161} INFO - Started process (PID=1939) to work on /home/airflow/.local/lib/python3.12/site-packages/airflow/example_dags/tutorial_dag.py
[2024-07-09T02:32:59.020+0000] {processor.py:830} INFO - Processing file /home/airflow/.local/lib/python3.12/site-packages/airflow/example_dags/tutorial_dag.py for tasks to queue
[2024-07-09T02:32:59.023+0000] {logging_mixin.py:188} INFO - [2024-07-09T02:32:59.022+0000] {dagbag.py:545} INFO - Filling up the DagBag from /home/airflow/.local/lib/python3.12/site-packages/airflow/example_dags/tutorial_dag.py
[2024-07-09T02:32:59.031+0000] {processor.py:840} INFO - DAG(s) 'tutorial_dag' retrieved from /home/airflow/.local/lib/python3.12/site-packages/airflow/example_dags/tutorial_dag.py
[2024-07-09T02:32:59.056+0000] {logging_mixin.py:188} INFO - [2024-07-09T02:32:59.056+0000] {dag.py:3096} INFO - Sync 1 DAGs
[2024-07-09T02:32:59.248+0000] {logging_mixin.py:188} INFO - [2024-07-09T02:32:59.248+0000] {dag.py:3954} INFO - Setting next_dagrun for tutorial_dag to None, run_after=None
[2024-07-09T02:32:59.288+0000] {processor.py:183} INFO - Processing /home/airflow/.local/lib/python3.12/site-packages/airflow/example_dags/tutorial_dag.py took 0.276 seconds
[2024-07-09T02:33:30.129+0000] {processor.py:161} INFO - Started process (PID=2000) to work on /home/airflow/.local/lib/python3.12/site-packages/airflow/example_dags/tutorial_dag.py
[2024-07-09T02:33:30.131+0000] {processor.py:830} INFO - Processing file /home/airflow/.local/lib/python3.12/site-packages/airflow/example_dags/tutorial_dag.py for tasks to queue
[2024-07-09T02:33:30.135+0000] {logging_mixin.py:188} INFO - [2024-07-09T02:33:30.134+0000] {dagbag.py:545} INFO - Filling up the DagBag from /home/airflow/.local/lib/python3.12/site-packages/airflow/example_dags/tutorial_dag.py
[2024-07-09T02:33:30.143+0000] {processor.py:840} INFO - DAG(s) 'tutorial_dag' retrieved from /home/airflow/.local/lib/python3.12/site-packages/airflow/example_dags/tutorial_dag.py
[2024-07-09T02:33:30.175+0000] {logging_mixin.py:188} INFO - [2024-07-09T02:33:30.174+0000] {dag.py:3096} INFO - Sync 1 DAGs
[2024-07-09T02:33:30.199+0000] {logging_mixin.py:188} INFO - [2024-07-09T02:33:30.198+0000] {dag.py:3954} INFO - Setting next_dagrun for tutorial_dag to None, run_after=None
[2024-07-09T02:33:30.234+0000] {processor.py:183} INFO - Processing /home/airflow/.local/lib/python3.12/site-packages/airflow/example_dags/tutorial_dag.py took 0.119 seconds
[2024-07-09T02:34:00.744+0000] {processor.py:161} INFO - Started process (PID=2060) to work on /home/airflow/.local/lib/python3.12/site-packages/airflow/example_dags/tutorial_dag.py
[2024-07-09T02:34:00.745+0000] {processor.py:830} INFO - Processing file /home/airflow/.local/lib/python3.12/site-packages/airflow/example_dags/tutorial_dag.py for tasks to queue
[2024-07-09T02:34:00.748+0000] {logging_mixin.py:188} INFO - [2024-07-09T02:34:00.748+0000] {dagbag.py:545} INFO - Filling up the DagBag from /home/airflow/.local/lib/python3.12/site-packages/airflow/example_dags/tutorial_dag.py
[2024-07-09T02:34:00.755+0000] {processor.py:840} INFO - DAG(s) 'tutorial_dag' retrieved from /home/airflow/.local/lib/python3.12/site-packages/airflow/example_dags/tutorial_dag.py
[2024-07-09T02:34:00.785+0000] {logging_mixin.py:188} INFO - [2024-07-09T02:34:00.784+0000] {dag.py:3096} INFO - Sync 1 DAGs
[2024-07-09T02:34:00.804+0000] {logging_mixin.py:188} INFO - [2024-07-09T02:34:00.804+0000] {dag.py:3954} INFO - Setting next_dagrun for tutorial_dag to None, run_after=None
[2024-07-09T02:34:00.846+0000] {processor.py:183} INFO - Processing /home/airflow/.local/lib/python3.12/site-packages/airflow/example_dags/tutorial_dag.py took 0.108 seconds
