[2024-07-07T13:04:27.651+0000] {local_task_job_runner.py:120} INFO - ::group::Pre task execution logs
[2024-07-07T13:04:27.675+0000] {taskinstance.py:2076} INFO - Dependencies all met for dep_context=non-requeueable deps ti=<TaskInstance: Final.insert_db manual__2024-07-07T13:02:53.582573+00:00 [queued]>
[2024-07-07T13:04:27.684+0000] {taskinstance.py:2076} INFO - Dependencies all met for dep_context=requeueable deps ti=<TaskInstance: Final.insert_db manual__2024-07-07T13:02:53.582573+00:00 [queued]>
[2024-07-07T13:04:27.685+0000] {taskinstance.py:2306} INFO - Starting attempt 1 of 2
[2024-07-07T13:04:27.700+0000] {taskinstance.py:2330} INFO - Executing <Task(PythonOperator): insert_db> on 2024-07-07 13:02:53.582573+00:00
[2024-07-07T13:04:27.707+0000] {warnings.py:110} WARNING - /home/***/.local/lib/python3.12/site-packages/***/task/task_runner/standard_task_runner.py:61: DeprecationWarning: This process (pid=256) is multi-threaded, use of fork() may lead to deadlocks in the child.
  pid = os.fork()

[2024-07-07T13:04:27.709+0000] {standard_task_runner.py:63} INFO - Started process 258 to run task
[2024-07-07T13:04:27.710+0000] {standard_task_runner.py:90} INFO - Running: ['***', 'tasks', 'run', 'Final', 'insert_db', 'manual__2024-07-07T13:02:53.582573+00:00', '--job-id', '148', '--raw', '--subdir', 'DAGS_FOLDER/dag_test.py', '--cfg-path', '/tmp/tmpqpt7buzt']
[2024-07-07T13:04:27.711+0000] {standard_task_runner.py:91} INFO - Job 148: Subtask insert_db
[2024-07-07T13:04:27.763+0000] {task_command.py:426} INFO - Running <TaskInstance: Final.insert_db manual__2024-07-07T13:02:53.582573+00:00 [running]> on host 98a488506102
[2024-07-07T13:04:27.853+0000] {taskinstance.py:2648} INFO - Exporting env vars: AIRFLOW_CTX_DAG_EMAIL='ha20040204@gmail.com' AIRFLOW_CTX_DAG_OWNER='HA' AIRFLOW_CTX_DAG_ID='Final' AIRFLOW_CTX_TASK_ID='insert_db' AIRFLOW_CTX_EXECUTION_DATE='2024-07-07T13:02:53.582573+00:00' AIRFLOW_CTX_TRY_NUMBER='1' AIRFLOW_CTX_DAG_RUN_ID='manual__2024-07-07T13:02:53.582573+00:00'
[2024-07-07T13:04:27.855+0000] {taskinstance.py:430} INFO - ::endgroup::
[2024-07-07T13:07:02.502+0000] {logging_mixin.py:188} INFO - Successfully.
[2024-07-07T13:07:03.915+0000] {python.py:237} INFO - Done. Returned value was: None
[2024-07-07T13:07:03.917+0000] {taskinstance.py:441} INFO - ::group::Post task execution logs
[2024-07-07T13:07:03.955+0000] {taskinstance.py:1206} INFO - Marking task as SUCCESS. dag_id=Final, task_id=insert_db, run_id=manual__2024-07-07T13:02:53.582573+00:00, execution_date=20240707T130253, start_date=20240707T130427, end_date=20240707T130703
[2024-07-07T13:07:04.052+0000] {local_task_job_runner.py:240} INFO - Task exited with return code 0
[2024-07-07T13:07:04.130+0000] {taskinstance.py:3498} INFO - 1 downstream tasks scheduled from follow-on schedule check
[2024-07-07T13:07:04.135+0000] {local_task_job_runner.py:222} INFO - ::endgroup::
