[2024-07-07T13:32:55.769+0000] {local_task_job_runner.py:120} INFO - ::group::Pre task execution logs
[2024-07-07T13:32:55.831+0000] {taskinstance.py:2076} INFO - Dependencies all met for dep_context=non-requeueable deps ti=<TaskInstance: Final.starting manual__2024-07-07T13:32:49.549579+00:00 [queued]>
[2024-07-07T13:32:55.852+0000] {taskinstance.py:2076} INFO - Dependencies all met for dep_context=requeueable deps ti=<TaskInstance: Final.starting manual__2024-07-07T13:32:49.549579+00:00 [queued]>
[2024-07-07T13:32:55.857+0000] {taskinstance.py:2306} INFO - Starting attempt 1 of 2
[2024-07-07T13:32:55.900+0000] {taskinstance.py:2330} INFO - Executing <Task(BashOperator): starting> on 2024-07-07 13:32:49.549579+00:00
[2024-07-07T13:32:55.914+0000] {warnings.py:110} WARNING - /home/***/.local/lib/python3.12/site-packages/***/task/task_runner/standard_task_runner.py:61: DeprecationWarning: This process (pid=60) is multi-threaded, use of fork() may lead to deadlocks in the child.
  pid = os.fork()

[2024-07-07T13:32:55.920+0000] {standard_task_runner.py:63} INFO - Started process 71 to run task
[2024-07-07T13:32:55.917+0000] {standard_task_runner.py:90} INFO - Running: ['***', 'tasks', 'run', 'Final', 'starting', 'manual__2024-07-07T13:32:49.549579+00:00', '--job-id', '189', '--raw', '--subdir', 'DAGS_FOLDER/dag_test.py', '--cfg-path', '/tmp/tmp3fluh2ls']
[2024-07-07T13:32:55.924+0000] {standard_task_runner.py:91} INFO - Job 189: Subtask starting
[2024-07-07T13:32:56.041+0000] {task_command.py:426} INFO - Running <TaskInstance: Final.starting manual__2024-07-07T13:32:49.549579+00:00 [running]> on host cbb384f2579d
[2024-07-07T13:32:56.248+0000] {taskinstance.py:2648} INFO - Exporting env vars: AIRFLOW_CTX_DAG_EMAIL='ha20040204@gmail.com' AIRFLOW_CTX_DAG_OWNER='HA' AIRFLOW_CTX_DAG_ID='Final' AIRFLOW_CTX_TASK_ID='starting' AIRFLOW_CTX_EXECUTION_DATE='2024-07-07T13:32:49.549579+00:00' AIRFLOW_CTX_TRY_NUMBER='1' AIRFLOW_CTX_DAG_RUN_ID='manual__2024-07-07T13:32:49.549579+00:00'
[2024-07-07T13:32:56.250+0000] {taskinstance.py:430} INFO - ::endgroup::
[2024-07-07T13:32:56.252+0000] {subprocess.py:63} INFO - Tmp dir root location: /tmp
[2024-07-07T13:32:56.254+0000] {subprocess.py:75} INFO - Running command: ['/usr/bin/bash', '-c', 'echo "Chuẩn bị cào dữ liệu"']
[2024-07-07T13:32:56.275+0000] {subprocess.py:86} INFO - Output:
[2024-07-07T13:32:56.285+0000] {subprocess.py:93} INFO - Chuẩn bị cào dữ liệu
[2024-07-07T13:32:56.286+0000] {subprocess.py:97} INFO - Command exited with return code 0
[2024-07-07T13:32:56.288+0000] {taskinstance.py:441} INFO - ::group::Post task execution logs
[2024-07-07T13:32:56.333+0000] {taskinstance.py:1206} INFO - Marking task as SUCCESS. dag_id=Final, task_id=starting, run_id=manual__2024-07-07T13:32:49.549579+00:00, execution_date=20240707T133249, start_date=20240707T133255, end_date=20240707T133256
[2024-07-07T13:32:56.378+0000] {local_task_job_runner.py:240} INFO - Task exited with return code 0
[2024-07-07T13:32:56.435+0000] {taskinstance.py:3498} INFO - 1 downstream tasks scheduled from follow-on schedule check
[2024-07-07T13:32:56.439+0000] {local_task_job_runner.py:222} INFO - ::endgroup::
