[2024-07-07T09:28:27.105+0000] {local_task_job_runner.py:120} INFO - ::group::Pre task execution logs
[2024-07-07T09:28:27.143+0000] {taskinstance.py:2076} INFO - Dependencies all met for dep_context=non-requeueable deps ti=<TaskInstance: Final_exam.insert_db manual__2024-07-07T09:26:58.090565+00:00 [queued]>
[2024-07-07T09:28:27.155+0000] {taskinstance.py:2076} INFO - Dependencies all met for dep_context=requeueable deps ti=<TaskInstance: Final_exam.insert_db manual__2024-07-07T09:26:58.090565+00:00 [queued]>
[2024-07-07T09:28:27.156+0000] {taskinstance.py:2306} INFO - Starting attempt 1 of 2
[2024-07-07T09:28:27.180+0000] {taskinstance.py:2330} INFO - Executing <Task(PythonOperator): insert_db> on 2024-07-07 09:26:58.090565+00:00
[2024-07-07T09:28:27.189+0000] {warnings.py:110} WARNING - /home/***/.local/lib/python3.12/site-packages/***/task/task_runner/standard_task_runner.py:61: DeprecationWarning: This process (pid=112) is multi-threaded, use of fork() may lead to deadlocks in the child.
  pid = os.fork()

[2024-07-07T09:28:27.191+0000] {standard_task_runner.py:63} INFO - Started process 121 to run task
[2024-07-07T09:28:27.192+0000] {standard_task_runner.py:90} INFO - Running: ['***', 'tasks', 'run', 'Final_exam', 'insert_db', 'manual__2024-07-07T09:26:58.090565+00:00', '--job-id', '72', '--raw', '--subdir', 'DAGS_FOLDER/pipeline.py', '--cfg-path', '/tmp/tmpdckkr79h']
[2024-07-07T09:28:27.194+0000] {standard_task_runner.py:91} INFO - Job 72: Subtask insert_db
[2024-07-07T09:28:27.263+0000] {task_command.py:426} INFO - Running <TaskInstance: Final_exam.insert_db manual__2024-07-07T09:26:58.090565+00:00 [running]> on host 49c558fe4c5c
[2024-07-07T09:28:27.400+0000] {taskinstance.py:2648} INFO - Exporting env vars: AIRFLOW_CTX_DAG_EMAIL='ha20040204@gmail.com' AIRFLOW_CTX_DAG_OWNER='HA' AIRFLOW_CTX_DAG_ID='Final_exam' AIRFLOW_CTX_TASK_ID='insert_db' AIRFLOW_CTX_EXECUTION_DATE='2024-07-07T09:26:58.090565+00:00' AIRFLOW_CTX_TRY_NUMBER='1' AIRFLOW_CTX_DAG_RUN_ID='manual__2024-07-07T09:26:58.090565+00:00'
[2024-07-07T09:28:27.403+0000] {taskinstance.py:430} INFO - ::endgroup::
[2024-07-07T09:30:01.252+0000] {logging_mixin.py:188} INFO - Successfully.
[2024-07-07T09:30:01.410+0000] {python.py:237} INFO - Done. Returned value was: None
[2024-07-07T09:30:01.412+0000] {taskinstance.py:441} INFO - ::group::Post task execution logs
[2024-07-07T09:30:01.440+0000] {taskinstance.py:1206} INFO - Marking task as SUCCESS. dag_id=Final_exam, task_id=insert_db, run_id=manual__2024-07-07T09:26:58.090565+00:00, execution_date=20240707T092658, start_date=20240707T092827, end_date=20240707T093001
[2024-07-07T09:30:01.491+0000] {local_task_job_runner.py:240} INFO - Task exited with return code 0
[2024-07-07T09:30:01.519+0000] {taskinstance.py:3498} INFO - 1 downstream tasks scheduled from follow-on schedule check
[2024-07-07T09:30:01.522+0000] {local_task_job_runner.py:222} INFO - ::endgroup::
