[2024-07-07T13:16:45.940+0000] {local_task_job_runner.py:120} INFO - ::group::Pre task execution logs
[2024-07-07T13:16:45.980+0000] {taskinstance.py:2076} INFO - Dependencies all met for dep_context=non-requeueable deps ti=<TaskInstance: Final.craw_data manual__2024-07-07T13:13:25.988445+00:00 [queued]>
[2024-07-07T13:16:45.996+0000] {taskinstance.py:2076} INFO - Dependencies all met for dep_context=requeueable deps ti=<TaskInstance: Final.craw_data manual__2024-07-07T13:13:25.988445+00:00 [queued]>
[2024-07-07T13:16:46.004+0000] {taskinstance.py:2306} INFO - Starting attempt 1 of 2
[2024-07-07T13:16:46.032+0000] {taskinstance.py:2330} INFO - Executing <Task(PythonOperator): craw_data> on 2024-07-07 13:13:25.988445+00:00
[2024-07-07T13:16:46.047+0000] {warnings.py:110} WARNING - /home/***/.local/lib/python3.12/site-packages/***/task/task_runner/standard_task_runner.py:61: DeprecationWarning: This process (pid=63) is multi-threaded, use of fork() may lead to deadlocks in the child.
  pid = os.fork()

[2024-07-07T13:16:46.050+0000] {standard_task_runner.py:63} INFO - Started process 65 to run task
[2024-07-07T13:16:46.051+0000] {standard_task_runner.py:90} INFO - Running: ['***', 'tasks', 'run', 'Final', 'craw_data', 'manual__2024-07-07T13:13:25.988445+00:00', '--job-id', '164', '--raw', '--subdir', 'DAGS_FOLDER/dag_test.py', '--cfg-path', '/tmp/tmpzpfl5b1t']
[2024-07-07T13:16:46.053+0000] {standard_task_runner.py:91} INFO - Job 164: Subtask craw_data
[2024-07-07T13:16:46.132+0000] {task_command.py:426} INFO - Running <TaskInstance: Final.craw_data manual__2024-07-07T13:13:25.988445+00:00 [running]> on host 4d984a8372ec
[2024-07-07T13:16:46.283+0000] {taskinstance.py:2648} INFO - Exporting env vars: AIRFLOW_CTX_DAG_EMAIL='ha20040204@gmail.com' AIRFLOW_CTX_DAG_OWNER='HA' AIRFLOW_CTX_DAG_ID='Final' AIRFLOW_CTX_TASK_ID='craw_data' AIRFLOW_CTX_EXECUTION_DATE='2024-07-07T13:13:25.988445+00:00' AIRFLOW_CTX_TRY_NUMBER='1' AIRFLOW_CTX_DAG_RUN_ID='manual__2024-07-07T13:13:25.988445+00:00'
[2024-07-07T13:16:46.287+0000] {taskinstance.py:430} INFO - ::endgroup::
[2024-07-07T13:16:48.785+0000] {logging_mixin.py:188} WARNING - [*********************100%%**********************]  1 of 1 completed
[2024-07-07T13:16:49.910+0000] {logging_mixin.py:188} WARNING - [*********************100%%**********************]  1 of 1 completed
[2024-07-07T13:16:50.606+0000] {logging_mixin.py:188} WARNING - [*********************100%%**********************]  1 of 1 completed
[2024-07-07T13:16:51.297+0000] {logging_mixin.py:188} WARNING - [*********************100%%**********************]  1 of 1 completed
[2024-07-07T13:16:52.007+0000] {logging_mixin.py:188} WARNING - [*********************100%%**********************]  1 of 1 completed
[2024-07-07T13:16:53.282+0000] {logging_mixin.py:188} WARNING - [*********************100%%**********************]  1 of 1 completed
[2024-07-07T13:16:54.215+0000] {logging_mixin.py:188} WARNING - [*********************100%%**********************]  1 of 1 completed
[2024-07-07T13:16:55.183+0000] {logging_mixin.py:188} WARNING - [*********************100%%**********************]  1 of 1 completed
[2024-07-07T13:16:56.333+0000] {logging_mixin.py:188} WARNING - [*********************100%%**********************]  1 of 1 completed
[2024-07-07T13:16:56.745+0000] {logging_mixin.py:188} WARNING - [*********************100%%**********************]  1 of 1 completed
[2024-07-07T13:16:57.157+0000] {logging_mixin.py:188} WARNING - [*********************100%%**********************]  1 of 1 completed
[2024-07-07T13:16:57.585+0000] {logging_mixin.py:188} WARNING - [*********************100%%**********************]  1 of 1 completed
[2024-07-07T13:16:57.912+0000] {logging_mixin.py:188} WARNING - [*********************100%%**********************]  1 of 1 completed
[2024-07-07T13:17:01.631+0000] {logging_mixin.py:188} WARNING - [*********************100%%**********************]  1 of 1 completed
[2024-07-07T13:17:01.634+0000] {multi.py:171} ERROR - 
1 Failed download:
[2024-07-07T13:17:01.637+0000] {multi.py:184} ERROR - ['BVH']: YFTzMissingError('$%ticker%: possibly delisted; No timezone found')
[2024-07-07T13:17:02.232+0000] {logging_mixin.py:188} WARNING - [*********************100%%**********************]  1 of 1 completed
[2024-07-07T13:17:02.255+0000] {logging_mixin.py:188} INFO - Successfully.
[2024-07-07T13:17:02.256+0000] {python.py:237} INFO - Done. Returned value was: True
[2024-07-07T13:17:02.257+0000] {taskinstance.py:441} INFO - ::group::Post task execution logs
[2024-07-07T13:17:02.305+0000] {taskinstance.py:1206} INFO - Marking task as SUCCESS. dag_id=Final, task_id=craw_data, run_id=manual__2024-07-07T13:13:25.988445+00:00, execution_date=20240707T131325, start_date=20240707T131645, end_date=20240707T131702
[2024-07-07T13:17:02.363+0000] {local_task_job_runner.py:240} INFO - Task exited with return code 0
[2024-07-07T13:17:02.429+0000] {taskinstance.py:3498} INFO - 1 downstream tasks scheduled from follow-on schedule check
[2024-07-07T13:17:02.433+0000] {local_task_job_runner.py:222} INFO - ::endgroup::
