[2024-07-08T03:05:10.316+0000] {local_task_job_runner.py:120} INFO - ::group::Pre task execution logs
[2024-07-08T03:05:10.348+0000] {taskinstance.py:2076} INFO - Dependencies all met for dep_context=non-requeueable deps ti=<TaskInstance: Final.insert_db manual__2024-07-08T03:03:09.019934+00:00 [queued]>
[2024-07-08T03:05:10.361+0000] {taskinstance.py:2076} INFO - Dependencies all met for dep_context=requeueable deps ti=<TaskInstance: Final.insert_db manual__2024-07-08T03:03:09.019934+00:00 [queued]>
[2024-07-08T03:05:10.362+0000] {taskinstance.py:2306} INFO - Starting attempt 1 of 2
[2024-07-08T03:05:10.387+0000] {taskinstance.py:2330} INFO - Executing <Task(PythonOperator): insert_db> on 2024-07-08 03:03:09.019934+00:00
[2024-07-08T03:05:10.399+0000] {warnings.py:110} WARNING - /home/***/.local/lib/python3.12/site-packages/***/task/task_runner/standard_task_runner.py:61: DeprecationWarning: This process (pid=110) is multi-threaded, use of fork() may lead to deadlocks in the child.
  pid = os.fork()

[2024-07-08T03:05:10.401+0000] {standard_task_runner.py:63} INFO - Started process 112 to run task
[2024-07-08T03:05:10.401+0000] {standard_task_runner.py:90} INFO - Running: ['***', 'tasks', 'run', 'Final', 'insert_db', 'manual__2024-07-08T03:03:09.019934+00:00', '--job-id', '33', '--raw', '--subdir', 'DAGS_FOLDER/dag_test.py', '--cfg-path', '/tmp/tmp611ro7r4']
[2024-07-08T03:05:10.402+0000] {standard_task_runner.py:91} INFO - Job 33: Subtask insert_db
[2024-07-08T03:05:10.466+0000] {task_command.py:426} INFO - Running <TaskInstance: Final.insert_db manual__2024-07-08T03:03:09.019934+00:00 [running]> on host 3b89c1ba7f0f
[2024-07-08T03:05:10.592+0000] {taskinstance.py:2648} INFO - Exporting env vars: AIRFLOW_CTX_DAG_EMAIL='ha20040204@gmail.com' AIRFLOW_CTX_DAG_OWNER='HA' AIRFLOW_CTX_DAG_ID='Final' AIRFLOW_CTX_TASK_ID='insert_db' AIRFLOW_CTX_EXECUTION_DATE='2024-07-08T03:03:09.019934+00:00' AIRFLOW_CTX_TRY_NUMBER='1' AIRFLOW_CTX_DAG_RUN_ID='manual__2024-07-08T03:03:09.019934+00:00'
[2024-07-08T03:05:10.594+0000] {taskinstance.py:430} INFO - ::endgroup::
[2024-07-08T03:07:22.832+0000] {logging_mixin.py:188} INFO - Successfully.
[2024-07-08T03:07:22.861+0000] {python.py:237} INFO - Done. Returned value was: None
[2024-07-08T03:07:22.862+0000] {taskinstance.py:441} INFO - ::group::Post task execution logs
[2024-07-08T03:07:22.874+0000] {taskinstance.py:1206} INFO - Marking task as SUCCESS. dag_id=Final, task_id=insert_db, run_id=manual__2024-07-08T03:03:09.019934+00:00, execution_date=20240708T030309, start_date=20240708T030510, end_date=20240708T030722
[2024-07-08T03:07:22.903+0000] {local_task_job_runner.py:240} INFO - Task exited with return code 0
[2024-07-08T03:07:22.935+0000] {taskinstance.py:3498} INFO - 1 downstream tasks scheduled from follow-on schedule check
[2024-07-08T03:07:22.943+0000] {local_task_job_runner.py:222} INFO - ::endgroup::
