[2024-07-08T02:49:34.040+0000] {local_task_job_runner.py:120} INFO - ::group::Pre task execution logs
[2024-07-08T02:49:34.120+0000] {taskinstance.py:2076} INFO - Dependencies all met for dep_context=non-requeueable deps ti=<TaskInstance: Final.craw_data manual__2024-07-08T02:45:56.090590+00:00 [queued]>
[2024-07-08T02:49:34.144+0000] {taskinstance.py:2076} INFO - Dependencies all met for dep_context=requeueable deps ti=<TaskInstance: Final.craw_data manual__2024-07-08T02:45:56.090590+00:00 [queued]>
[2024-07-08T02:49:34.145+0000] {taskinstance.py:2306} INFO - Starting attempt 1 of 2
[2024-07-08T02:49:34.176+0000] {taskinstance.py:2330} INFO - Executing <Task(PythonOperator): craw_data> on 2024-07-08 02:45:56.090590+00:00
[2024-07-08T02:49:34.188+0000] {warnings.py:110} WARNING - /home/***/.local/lib/python3.12/site-packages/***/task/task_runner/standard_task_runner.py:61: DeprecationWarning: This process (pid=76) is multi-threaded, use of fork() may lead to deadlocks in the child.
  pid = os.fork()

[2024-07-08T02:49:34.191+0000] {standard_task_runner.py:90} INFO - Running: ['***', 'tasks', 'run', 'Final', 'craw_data', 'manual__2024-07-08T02:45:56.090590+00:00', '--job-id', '18', '--raw', '--subdir', 'DAGS_FOLDER/dag_test.py', '--cfg-path', '/tmp/tmpeziketl_']
[2024-07-08T02:49:34.193+0000] {standard_task_runner.py:63} INFO - Started process 78 to run task
[2024-07-08T02:49:34.194+0000] {standard_task_runner.py:91} INFO - Job 18: Subtask craw_data
[2024-07-08T02:49:34.290+0000] {task_command.py:426} INFO - Running <TaskInstance: Final.craw_data manual__2024-07-08T02:45:56.090590+00:00 [running]> on host 3b89c1ba7f0f
[2024-07-08T02:49:34.448+0000] {taskinstance.py:2648} INFO - Exporting env vars: AIRFLOW_CTX_DAG_EMAIL='ha20040204@gmail.com' AIRFLOW_CTX_DAG_OWNER='HA' AIRFLOW_CTX_DAG_ID='Final' AIRFLOW_CTX_TASK_ID='craw_data' AIRFLOW_CTX_EXECUTION_DATE='2024-07-08T02:45:56.090590+00:00' AIRFLOW_CTX_TRY_NUMBER='1' AIRFLOW_CTX_DAG_RUN_ID='manual__2024-07-08T02:45:56.090590+00:00'
[2024-07-08T02:49:34.450+0000] {taskinstance.py:430} INFO - ::endgroup::
[2024-07-08T02:49:37.217+0000] {logging_mixin.py:188} WARNING - [*********************100%%**********************]  1 of 1 completed
[2024-07-08T02:49:38.359+0000] {logging_mixin.py:188} WARNING - [*********************100%%**********************]  1 of 1 completed
[2024-07-08T02:49:39.406+0000] {logging_mixin.py:188} WARNING - [*********************100%%**********************]  1 of 1 completed
[2024-07-08T02:49:40.520+0000] {logging_mixin.py:188} WARNING - [*********************100%%**********************]  1 of 1 completed
[2024-07-08T02:49:41.147+0000] {logging_mixin.py:188} WARNING - [*********************100%%**********************]  1 of 1 completed
[2024-07-08T02:49:42.626+0000] {logging_mixin.py:188} WARNING - [*********************100%%**********************]  1 of 1 completed
[2024-07-08T02:49:44.233+0000] {logging_mixin.py:188} WARNING - [*********************100%%**********************]  1 of 1 completed
[2024-07-08T02:49:45.622+0000] {logging_mixin.py:188} WARNING - [*********************100%%**********************]  1 of 1 completed
[2024-07-08T02:49:47.516+0000] {logging_mixin.py:188} WARNING - [*********************100%%**********************]  1 of 1 completed
[2024-07-08T02:49:48.178+0000] {logging_mixin.py:188} WARNING - [*********************100%%**********************]  1 of 1 completed
[2024-07-08T02:49:48.863+0000] {logging_mixin.py:188} WARNING - [*********************100%%**********************]  1 of 1 completed
[2024-07-08T02:49:49.451+0000] {logging_mixin.py:188} WARNING - [*********************100%%**********************]  1 of 1 completed
[2024-07-08T02:49:49.837+0000] {logging_mixin.py:188} WARNING - [*********************100%%**********************]  1 of 1 completed
[2024-07-08T02:49:52.479+0000] {logging_mixin.py:188} WARNING - [*********************100%%**********************]  1 of 1 completed
[2024-07-08T02:49:52.480+0000] {multi.py:171} ERROR - 
1 Failed download:
[2024-07-08T02:49:52.481+0000] {multi.py:184} ERROR - ['BVH']: YFTzMissingError('$%ticker%: possibly delisted; No timezone found')
[2024-07-08T02:49:52.946+0000] {logging_mixin.py:188} WARNING - [*********************100%%**********************]  1 of 1 completed
[2024-07-08T02:49:52.964+0000] {logging_mixin.py:188} INFO - Successfully.
[2024-07-08T02:49:52.965+0000] {python.py:237} INFO - Done. Returned value was: True
[2024-07-08T02:49:52.967+0000] {taskinstance.py:441} INFO - ::group::Post task execution logs
[2024-07-08T02:49:53.040+0000] {taskinstance.py:1206} INFO - Marking task as SUCCESS. dag_id=Final, task_id=craw_data, run_id=manual__2024-07-08T02:45:56.090590+00:00, execution_date=20240708T024556, start_date=20240708T024934, end_date=20240708T024953
[2024-07-08T02:49:53.110+0000] {local_task_job_runner.py:240} INFO - Task exited with return code 0
[2024-07-08T02:49:53.147+0000] {taskinstance.py:3498} INFO - 1 downstream tasks scheduled from follow-on schedule check
[2024-07-08T02:49:53.169+0000] {local_task_job_runner.py:222} INFO - ::endgroup::
