[2024-07-07T13:57:39.612+0000] {local_task_job_runner.py:120} INFO - ::group::Pre task execution logs
[2024-07-07T13:57:39.659+0000] {taskinstance.py:2076} INFO - Dependencies all met for dep_context=non-requeueable deps ti=<TaskInstance: Final.starting scheduled__2024-07-07T13:53:11.984499+00:00 [queued]>
[2024-07-07T13:57:39.676+0000] {taskinstance.py:2076} INFO - Dependencies all met for dep_context=requeueable deps ti=<TaskInstance: Final.starting scheduled__2024-07-07T13:53:11.984499+00:00 [queued]>
[2024-07-07T13:57:39.677+0000] {taskinstance.py:2306} INFO - Starting attempt 2 of 2
[2024-07-07T13:57:39.704+0000] {taskinstance.py:2330} INFO - Executing <Task(BashOperator): starting> on 2024-07-07 13:53:11.984499+00:00
[2024-07-07T13:57:39.715+0000] {warnings.py:110} WARNING - /home/***/.local/lib/python3.12/site-packages/***/task/task_runner/standard_task_runner.py:61: DeprecationWarning: This process (pid=58) is multi-threaded, use of fork() may lead to deadlocks in the child.
  pid = os.fork()

[2024-07-07T13:57:39.717+0000] {standard_task_runner.py:90} INFO - Running: ['***', 'tasks', 'run', 'Final', 'starting', 'scheduled__2024-07-07T13:53:11.984499+00:00', '--job-id', '5', '--raw', '--subdir', 'DAGS_FOLDER/dag_test.py', '--cfg-path', '/tmp/tmpk6dah_rw']
[2024-07-07T13:57:39.718+0000] {standard_task_runner.py:63} INFO - Started process 62 to run task
[2024-07-07T13:57:39.719+0000] {standard_task_runner.py:91} INFO - Job 5: Subtask starting
[2024-07-07T13:57:39.798+0000] {task_command.py:426} INFO - Running <TaskInstance: Final.starting scheduled__2024-07-07T13:53:11.984499+00:00 [running]> on host c5037ef86ecc
[2024-07-07T13:57:39.910+0000] {taskinstance.py:2648} INFO - Exporting env vars: AIRFLOW_CTX_DAG_EMAIL='ha20040204@gmail.com' AIRFLOW_CTX_DAG_OWNER='HA' AIRFLOW_CTX_DAG_ID='Final' AIRFLOW_CTX_TASK_ID='starting' AIRFLOW_CTX_EXECUTION_DATE='2024-07-07T13:53:11.984499+00:00' AIRFLOW_CTX_TRY_NUMBER='2' AIRFLOW_CTX_DAG_RUN_ID='scheduled__2024-07-07T13:53:11.984499+00:00'
[2024-07-07T13:57:39.911+0000] {taskinstance.py:430} INFO - ::endgroup::
[2024-07-07T13:57:39.912+0000] {subprocess.py:63} INFO - Tmp dir root location: /tmp
[2024-07-07T13:57:39.913+0000] {subprocess.py:75} INFO - Running command: ['/usr/bin/bash', '-c', 'echo "Chuẩn bị cào dữ liệu"']
[2024-07-07T13:57:39.925+0000] {subprocess.py:86} INFO - Output:
[2024-07-07T13:57:39.928+0000] {subprocess.py:93} INFO - Chuẩn bị cào dữ liệu
[2024-07-07T13:57:39.928+0000] {subprocess.py:97} INFO - Command exited with return code 0
[2024-07-07T13:57:39.929+0000] {taskinstance.py:441} INFO - ::group::Post task execution logs
[2024-07-07T13:57:39.959+0000] {taskinstance.py:1206} INFO - Marking task as SUCCESS. dag_id=Final, task_id=starting, run_id=scheduled__2024-07-07T13:53:11.984499+00:00, execution_date=20240707T135311, start_date=20240707T135739, end_date=20240707T135739
[2024-07-07T13:57:40.015+0000] {local_task_job_runner.py:240} INFO - Task exited with return code 0
[2024-07-07T13:57:40.098+0000] {taskinstance.py:3498} INFO - 1 downstream tasks scheduled from follow-on schedule check
[2024-07-07T13:57:40.102+0000] {local_task_job_runner.py:222} INFO - ::endgroup::
