[2024-07-10T04:30:21.125+0000] {local_task_job_runner.py:120} INFO - ::group::Pre task execution logs
[2024-07-10T04:30:21.252+0000] {taskinstance.py:2076} INFO - Dependencies all met for dep_context=non-requeueable deps ti=<TaskInstance: Final.craw_data scheduled__2024-07-10T04:29:00+00:00 [queued]>
[2024-07-10T04:30:21.291+0000] {taskinstance.py:2076} INFO - Dependencies all met for dep_context=requeueable deps ti=<TaskInstance: Final.craw_data scheduled__2024-07-10T04:29:00+00:00 [queued]>
[2024-07-10T04:30:21.299+0000] {taskinstance.py:2306} INFO - Starting attempt 1 of 2
[2024-07-10T04:30:21.388+0000] {taskinstance.py:2330} INFO - Executing <Task(PythonOperator): craw_data> on 2024-07-10 04:29:00+00:00
[2024-07-10T04:30:21.423+0000] {warnings.py:110} WARNING - /home/***/.local/lib/python3.12/site-packages/***/task/task_runner/standard_task_runner.py:61: DeprecationWarning: This process (pid=134) is multi-threaded, use of fork() may lead to deadlocks in the child.
  pid = os.fork()

[2024-07-10T04:30:21.428+0000] {standard_task_runner.py:90} INFO - Running: ['***', 'tasks', 'run', 'Final', 'craw_data', 'scheduled__2024-07-10T04:29:00+00:00', '--job-id', '38', '--raw', '--subdir', 'DAGS_FOLDER/dag_test.py', '--cfg-path', '/tmp/tmpdincfnd6']
[2024-07-10T04:30:21.462+0000] {standard_task_runner.py:63} INFO - Started process 136 to run task
[2024-07-10T04:30:21.464+0000] {standard_task_runner.py:91} INFO - Job 38: Subtask craw_data
[2024-07-10T04:30:21.728+0000] {task_command.py:426} INFO - Running <TaskInstance: Final.craw_data scheduled__2024-07-10T04:29:00+00:00 [running]> on host dd74537ce0b1
[2024-07-10T04:30:22.260+0000] {taskinstance.py:2648} INFO - Exporting env vars: AIRFLOW_CTX_DAG_EMAIL='ha20040204@gmail.com' AIRFLOW_CTX_DAG_OWNER='HA' AIRFLOW_CTX_DAG_ID='Final' AIRFLOW_CTX_TASK_ID='craw_data' AIRFLOW_CTX_EXECUTION_DATE='2024-07-10T04:29:00+00:00' AIRFLOW_CTX_TRY_NUMBER='1' AIRFLOW_CTX_DAG_RUN_ID='scheduled__2024-07-10T04:29:00+00:00'
[2024-07-10T04:30:22.283+0000] {taskinstance.py:430} INFO - ::endgroup::
[2024-07-10T04:30:24.769+0000] {logging_mixin.py:188} WARNING - [*********************100%%**********************]  1 of 1 completed
[2024-07-10T04:30:26.173+0000] {logging_mixin.py:188} WARNING - [*********************100%%**********************]  1 of 1 completed
[2024-07-10T04:30:26.980+0000] {logging_mixin.py:188} WARNING - [*********************100%%**********************]  1 of 1 completed
[2024-07-10T04:30:27.590+0000] {logging_mixin.py:188} WARNING - [*********************100%%**********************]  1 of 1 completed
[2024-07-10T04:30:28.150+0000] {logging_mixin.py:188} WARNING - [*********************100%%**********************]  1 of 1 completed
[2024-07-10T04:30:29.223+0000] {logging_mixin.py:188} WARNING - [*********************100%%**********************]  1 of 1 completed
[2024-07-10T04:30:30.271+0000] {logging_mixin.py:188} WARNING - [*********************100%%**********************]  1 of 1 completed
[2024-07-10T04:30:31.532+0000] {logging_mixin.py:188} WARNING - [*********************100%%**********************]  1 of 1 completed
[2024-07-10T04:30:33.138+0000] {logging_mixin.py:188} WARNING - [*********************100%%**********************]  1 of 1 completed
[2024-07-10T04:30:33.829+0000] {logging_mixin.py:188} WARNING - [*********************100%%**********************]  1 of 1 completed
[2024-07-10T04:30:33.988+0000] {logging_mixin.py:188} WARNING - [*********************100%%**********************]  1 of 1 completed
[2024-07-10T04:30:34.223+0000] {logging_mixin.py:188} WARNING - [*********************100%%**********************]  1 of 1 completed
[2024-07-10T04:30:34.510+0000] {logging_mixin.py:188} WARNING - [*********************100%%**********************]  1 of 1 completed
[2024-07-10T04:30:36.491+0000] {logging_mixin.py:188} WARNING - [*********************100%%**********************]  1 of 1 completed
[2024-07-10T04:30:36.492+0000] {multi.py:171} ERROR - 
1 Failed download:
[2024-07-10T04:30:36.494+0000] {multi.py:184} ERROR - ['BVH']: YFTzMissingError('$%ticker%: possibly delisted; No timezone found')
[2024-07-10T04:30:36.713+0000] {logging_mixin.py:188} WARNING - [*********************100%%**********************]  1 of 1 completed
[2024-07-10T04:30:36.759+0000] {logging_mixin.py:188} INFO - Successfully.
[2024-07-10T04:30:36.760+0000] {python.py:237} INFO - Done. Returned value was: True
[2024-07-10T04:30:36.762+0000] {taskinstance.py:441} INFO - ::group::Post task execution logs
[2024-07-10T04:30:36.823+0000] {taskinstance.py:1206} INFO - Marking task as SUCCESS. dag_id=Final, task_id=craw_data, run_id=scheduled__2024-07-10T04:29:00+00:00, execution_date=20240710T042900, start_date=20240710T043021, end_date=20240710T043036
[2024-07-10T04:30:36.917+0000] {local_task_job_runner.py:240} INFO - Task exited with return code 0
[2024-07-10T04:30:37.011+0000] {taskinstance.py:3498} INFO - 1 downstream tasks scheduled from follow-on schedule check
[2024-07-10T04:30:37.015+0000] {local_task_job_runner.py:222} INFO - ::endgroup::
