[2024-07-09T02:25:55.749+0000] {local_task_job_runner.py:120} INFO - ::group::Pre task execution logs
[2024-07-09T02:25:55.822+0000] {taskinstance.py:2076} INFO - Dependencies all met for dep_context=non-requeueable deps ti=<TaskInstance: Final.clean_data scheduled__2024-07-09T02:23:01.186782+00:00 [queued]>
[2024-07-09T02:25:55.848+0000] {taskinstance.py:2076} INFO - Dependencies all met for dep_context=requeueable deps ti=<TaskInstance: Final.clean_data scheduled__2024-07-09T02:23:01.186782+00:00 [queued]>
[2024-07-09T02:25:55.851+0000] {taskinstance.py:2306} INFO - Starting attempt 1 of 2
[2024-07-09T02:25:55.888+0000] {taskinstance.py:2330} INFO - Executing <Task(PythonOperator): clean_data> on 2024-07-09 02:23:01.186782+00:00
[2024-07-09T02:25:55.903+0000] {warnings.py:110} WARNING - /home/***/.local/lib/python3.12/site-packages/***/task/task_runner/standard_task_runner.py:61: DeprecationWarning: This process (pid=219) is multi-threaded, use of fork() may lead to deadlocks in the child.
  pid = os.fork()

[2024-07-09T02:25:55.910+0000] {standard_task_runner.py:63} INFO - Started process 231 to run task
[2024-07-09T02:25:55.914+0000] {standard_task_runner.py:90} INFO - Running: ['***', 'tasks', 'run', 'Final', 'clean_data', 'scheduled__2024-07-09T02:23:01.186782+00:00', '--job-id', '12', '--raw', '--subdir', 'DAGS_FOLDER/dag_test.py', '--cfg-path', '/tmp/tmpbywld32z']
[2024-07-09T02:25:55.917+0000] {standard_task_runner.py:91} INFO - Job 12: Subtask clean_data
[2024-07-09T02:25:56.023+0000] {task_command.py:426} INFO - Running <TaskInstance: Final.clean_data scheduled__2024-07-09T02:23:01.186782+00:00 [running]> on host dd74537ce0b1
[2024-07-09T02:25:56.217+0000] {taskinstance.py:2648} INFO - Exporting env vars: AIRFLOW_CTX_DAG_EMAIL='ha20040204@gmail.com' AIRFLOW_CTX_DAG_OWNER='HA' AIRFLOW_CTX_DAG_ID='Final' AIRFLOW_CTX_TASK_ID='clean_data' AIRFLOW_CTX_EXECUTION_DATE='2024-07-09T02:23:01.186782+00:00' AIRFLOW_CTX_TRY_NUMBER='1' AIRFLOW_CTX_DAG_RUN_ID='scheduled__2024-07-09T02:23:01.186782+00:00'
[2024-07-09T02:25:56.219+0000] {taskinstance.py:430} INFO - ::endgroup::
[2024-07-09T02:25:56.289+0000] {warnings.py:110} WARNING - /opt/***/dags/dag_test.py:39: FutureWarning: Series.__getitem__ treating keys as positions is deprecated. In a future version, integer keys will always be treated as labels (consistent with DataFrame behavior). To access a value by position, use `ser.iloc[pos]`
  ls.append(round(data.iloc[i][4] - data.iloc[i + 1][4], 2))

[2024-07-09T02:25:56.292+0000] {warnings.py:110} WARNING - /opt/***/dags/dag_test.py:40: FutureWarning: Series.__getitem__ treating keys as positions is deprecated. In a future version, integer keys will always be treated as labels (consistent with DataFrame behavior). To access a value by position, use `ser.iloc[pos]`
  ls_rate.append(str(round(ls[i] / data.iloc[i + 1][4] * 100, 2)) + '%')

[2024-07-09T02:26:03.685+0000] {warnings.py:110} WARNING - /opt/***/dags/dag_test.py:39: FutureWarning: Series.__getitem__ treating keys as positions is deprecated. In a future version, integer keys will always be treated as labels (consistent with DataFrame behavior). To access a value by position, use `ser.iloc[pos]`
  ls.append(round(data.iloc[i][4] - data.iloc[i + 1][4], 2))

[2024-07-09T02:26:03.686+0000] {warnings.py:110} WARNING - /opt/***/dags/dag_test.py:40: FutureWarning: Series.__getitem__ treating keys as positions is deprecated. In a future version, integer keys will always be treated as labels (consistent with DataFrame behavior). To access a value by position, use `ser.iloc[pos]`
  ls_rate.append(str(round(ls[i] / data.iloc[i + 1][4] * 100, 2)) + '%')

[2024-07-09T02:26:10.632+0000] {warnings.py:110} WARNING - /opt/***/dags/dag_test.py:39: FutureWarning: Series.__getitem__ treating keys as positions is deprecated. In a future version, integer keys will always be treated as labels (consistent with DataFrame behavior). To access a value by position, use `ser.iloc[pos]`
  ls.append(round(data.iloc[i][4] - data.iloc[i + 1][4], 2))

[2024-07-09T02:26:10.633+0000] {warnings.py:110} WARNING - /opt/***/dags/dag_test.py:40: FutureWarning: Series.__getitem__ treating keys as positions is deprecated. In a future version, integer keys will always be treated as labels (consistent with DataFrame behavior). To access a value by position, use `ser.iloc[pos]`
  ls_rate.append(str(round(ls[i] / data.iloc[i + 1][4] * 100, 2)) + '%')

[2024-07-09T02:26:13.568+0000] {warnings.py:110} WARNING - /opt/***/dags/dag_test.py:39: FutureWarning: Series.__getitem__ treating keys as positions is deprecated. In a future version, integer keys will always be treated as labels (consistent with DataFrame behavior). To access a value by position, use `ser.iloc[pos]`
  ls.append(round(data.iloc[i][4] - data.iloc[i + 1][4], 2))

[2024-07-09T02:26:13.570+0000] {warnings.py:110} WARNING - /opt/***/dags/dag_test.py:40: FutureWarning: Series.__getitem__ treating keys as positions is deprecated. In a future version, integer keys will always be treated as labels (consistent with DataFrame behavior). To access a value by position, use `ser.iloc[pos]`
  ls_rate.append(str(round(ls[i] / data.iloc[i + 1][4] * 100, 2)) + '%')

[2024-07-09T02:26:17.149+0000] {warnings.py:110} WARNING - /opt/***/dags/dag_test.py:39: FutureWarning: Series.__getitem__ treating keys as positions is deprecated. In a future version, integer keys will always be treated as labels (consistent with DataFrame behavior). To access a value by position, use `ser.iloc[pos]`
  ls.append(round(data.iloc[i][4] - data.iloc[i + 1][4], 2))

[2024-07-09T02:26:17.150+0000] {warnings.py:110} WARNING - /opt/***/dags/dag_test.py:40: FutureWarning: Series.__getitem__ treating keys as positions is deprecated. In a future version, integer keys will always be treated as labels (consistent with DataFrame behavior). To access a value by position, use `ser.iloc[pos]`
  ls_rate.append(str(round(ls[i] / data.iloc[i + 1][4] * 100, 2)) + '%')

[2024-07-09T02:26:19.717+0000] {warnings.py:110} WARNING - /opt/***/dags/dag_test.py:39: FutureWarning: Series.__getitem__ treating keys as positions is deprecated. In a future version, integer keys will always be treated as labels (consistent with DataFrame behavior). To access a value by position, use `ser.iloc[pos]`
  ls.append(round(data.iloc[i][4] - data.iloc[i + 1][4], 2))

[2024-07-09T02:26:19.718+0000] {warnings.py:110} WARNING - /opt/***/dags/dag_test.py:40: FutureWarning: Series.__getitem__ treating keys as positions is deprecated. In a future version, integer keys will always be treated as labels (consistent with DataFrame behavior). To access a value by position, use `ser.iloc[pos]`
  ls_rate.append(str(round(ls[i] / data.iloc[i + 1][4] * 100, 2)) + '%')

[2024-07-09T02:26:30.689+0000] {warnings.py:110} WARNING - /opt/***/dags/dag_test.py:39: FutureWarning: Series.__getitem__ treating keys as positions is deprecated. In a future version, integer keys will always be treated as labels (consistent with DataFrame behavior). To access a value by position, use `ser.iloc[pos]`
  ls.append(round(data.iloc[i][4] - data.iloc[i + 1][4], 2))

[2024-07-09T02:26:30.699+0000] {warnings.py:110} WARNING - /opt/***/dags/dag_test.py:40: FutureWarning: Series.__getitem__ treating keys as positions is deprecated. In a future version, integer keys will always be treated as labels (consistent with DataFrame behavior). To access a value by position, use `ser.iloc[pos]`
  ls_rate.append(str(round(ls[i] / data.iloc[i + 1][4] * 100, 2)) + '%')

[2024-07-09T02:26:37.076+0000] {warnings.py:110} WARNING - /opt/***/dags/dag_test.py:39: FutureWarning: Series.__getitem__ treating keys as positions is deprecated. In a future version, integer keys will always be treated as labels (consistent with DataFrame behavior). To access a value by position, use `ser.iloc[pos]`
  ls.append(round(data.iloc[i][4] - data.iloc[i + 1][4], 2))

[2024-07-09T02:26:37.078+0000] {warnings.py:110} WARNING - /opt/***/dags/dag_test.py:40: FutureWarning: Series.__getitem__ treating keys as positions is deprecated. In a future version, integer keys will always be treated as labels (consistent with DataFrame behavior). To access a value by position, use `ser.iloc[pos]`
  ls_rate.append(str(round(ls[i] / data.iloc[i + 1][4] * 100, 2)) + '%')

[2024-07-09T02:26:46.119+0000] {warnings.py:110} WARNING - /opt/***/dags/dag_test.py:39: FutureWarning: Series.__getitem__ treating keys as positions is deprecated. In a future version, integer keys will always be treated as labels (consistent with DataFrame behavior). To access a value by position, use `ser.iloc[pos]`
  ls.append(round(data.iloc[i][4] - data.iloc[i + 1][4], 2))

[2024-07-09T02:26:46.120+0000] {warnings.py:110} WARNING - /opt/***/dags/dag_test.py:40: FutureWarning: Series.__getitem__ treating keys as positions is deprecated. In a future version, integer keys will always be treated as labels (consistent with DataFrame behavior). To access a value by position, use `ser.iloc[pos]`
  ls_rate.append(str(round(ls[i] / data.iloc[i + 1][4] * 100, 2)) + '%')

[2024-07-09T02:26:56.609+0000] {warnings.py:110} WARNING - /opt/***/dags/dag_test.py:39: FutureWarning: Series.__getitem__ treating keys as positions is deprecated. In a future version, integer keys will always be treated as labels (consistent with DataFrame behavior). To access a value by position, use `ser.iloc[pos]`
  ls.append(round(data.iloc[i][4] - data.iloc[i + 1][4], 2))

[2024-07-09T02:26:56.611+0000] {warnings.py:110} WARNING - /opt/***/dags/dag_test.py:40: FutureWarning: Series.__getitem__ treating keys as positions is deprecated. In a future version, integer keys will always be treated as labels (consistent with DataFrame behavior). To access a value by position, use `ser.iloc[pos]`
  ls_rate.append(str(round(ls[i] / data.iloc[i + 1][4] * 100, 2)) + '%')

[2024-07-09T02:26:58.217+0000] {warnings.py:110} WARNING - /opt/***/dags/dag_test.py:39: FutureWarning: Series.__getitem__ treating keys as positions is deprecated. In a future version, integer keys will always be treated as labels (consistent with DataFrame behavior). To access a value by position, use `ser.iloc[pos]`
  ls.append(round(data.iloc[i][4] - data.iloc[i + 1][4], 2))

[2024-07-09T02:26:58.219+0000] {warnings.py:110} WARNING - /opt/***/dags/dag_test.py:40: FutureWarning: Series.__getitem__ treating keys as positions is deprecated. In a future version, integer keys will always be treated as labels (consistent with DataFrame behavior). To access a value by position, use `ser.iloc[pos]`
  ls_rate.append(str(round(ls[i] / data.iloc[i + 1][4] * 100, 2)) + '%')

[2024-07-09T02:26:59.029+0000] {warnings.py:110} WARNING - /opt/***/dags/dag_test.py:39: FutureWarning: Series.__getitem__ treating keys as positions is deprecated. In a future version, integer keys will always be treated as labels (consistent with DataFrame behavior). To access a value by position, use `ser.iloc[pos]`
  ls.append(round(data.iloc[i][4] - data.iloc[i + 1][4], 2))

[2024-07-09T02:26:59.031+0000] {warnings.py:110} WARNING - /opt/***/dags/dag_test.py:40: FutureWarning: Series.__getitem__ treating keys as positions is deprecated. In a future version, integer keys will always be treated as labels (consistent with DataFrame behavior). To access a value by position, use `ser.iloc[pos]`
  ls_rate.append(str(round(ls[i] / data.iloc[i + 1][4] * 100, 2)) + '%')

[2024-07-09T02:27:00.850+0000] {warnings.py:110} WARNING - /opt/***/dags/dag_test.py:39: FutureWarning: Series.__getitem__ treating keys as positions is deprecated. In a future version, integer keys will always be treated as labels (consistent with DataFrame behavior). To access a value by position, use `ser.iloc[pos]`
  ls.append(round(data.iloc[i][4] - data.iloc[i + 1][4], 2))

[2024-07-09T02:27:00.851+0000] {warnings.py:110} WARNING - /opt/***/dags/dag_test.py:40: FutureWarning: Series.__getitem__ treating keys as positions is deprecated. In a future version, integer keys will always be treated as labels (consistent with DataFrame behavior). To access a value by position, use `ser.iloc[pos]`
  ls_rate.append(str(round(ls[i] / data.iloc[i + 1][4] * 100, 2)) + '%')

[2024-07-09T02:27:02.253+0000] {warnings.py:110} WARNING - /opt/***/dags/dag_test.py:39: FutureWarning: Series.__getitem__ treating keys as positions is deprecated. In a future version, integer keys will always be treated as labels (consistent with DataFrame behavior). To access a value by position, use `ser.iloc[pos]`
  ls.append(round(data.iloc[i][4] - data.iloc[i + 1][4], 2))

[2024-07-09T02:27:02.254+0000] {warnings.py:110} WARNING - /opt/***/dags/dag_test.py:40: FutureWarning: Series.__getitem__ treating keys as positions is deprecated. In a future version, integer keys will always be treated as labels (consistent with DataFrame behavior). To access a value by position, use `ser.iloc[pos]`
  ls_rate.append(str(round(ls[i] / data.iloc[i + 1][4] * 100, 2)) + '%')

[2024-07-09T02:27:03.054+0000] {logging_mixin.py:188} INFO - Successfully.
[2024-07-09T02:27:03.055+0000] {python.py:237} INFO - Done. Returned value was: True
[2024-07-09T02:27:03.058+0000] {taskinstance.py:441} INFO - ::group::Post task execution logs
[2024-07-09T02:27:03.091+0000] {taskinstance.py:1206} INFO - Marking task as SUCCESS. dag_id=Final, task_id=clean_data, run_id=scheduled__2024-07-09T02:23:01.186782+00:00, execution_date=20240709T022301, start_date=20240709T022555, end_date=20240709T022703
[2024-07-09T02:27:03.139+0000] {local_task_job_runner.py:240} INFO - Task exited with return code 0
[2024-07-09T02:27:03.178+0000] {taskinstance.py:3498} INFO - 1 downstream tasks scheduled from follow-on schedule check
[2024-07-09T02:27:03.181+0000] {local_task_job_runner.py:222} INFO - ::endgroup::
