[2024-07-07T13:23:04.834+0000] {local_task_job_runner.py:120} INFO - ::group::Pre task execution logs
[2024-07-07T13:23:04.905+0000] {taskinstance.py:2076} INFO - Dependencies all met for dep_context=non-requeueable deps ti=<TaskInstance: Final.clean_data manual__2024-07-07T13:22:31.029212+00:00 [queued]>
[2024-07-07T13:23:04.919+0000] {taskinstance.py:2076} INFO - Dependencies all met for dep_context=requeueable deps ti=<TaskInstance: Final.clean_data manual__2024-07-07T13:22:31.029212+00:00 [queued]>
[2024-07-07T13:23:04.920+0000] {taskinstance.py:2306} INFO - Starting attempt 1 of 2
[2024-07-07T13:23:04.949+0000] {taskinstance.py:2330} INFO - Executing <Task(PythonOperator): clean_data> on 2024-07-07 13:22:31.029212+00:00
[2024-07-07T13:23:04.960+0000] {warnings.py:110} WARNING - /home/***/.local/lib/python3.12/site-packages/***/task/task_runner/standard_task_runner.py:61: DeprecationWarning: This process (pid=95) is multi-threaded, use of fork() may lead to deadlocks in the child.
  pid = os.fork()

[2024-07-07T13:23:04.963+0000] {standard_task_runner.py:63} INFO - Started process 97 to run task
[2024-07-07T13:23:04.965+0000] {standard_task_runner.py:90} INFO - Running: ['***', 'tasks', 'run', 'Final', 'clean_data', 'manual__2024-07-07T13:22:31.029212+00:00', '--job-id', '178', '--raw', '--subdir', 'DAGS_FOLDER/dag_test.py', '--cfg-path', '/tmp/tmpo7fy0fiv']
[2024-07-07T13:23:04.967+0000] {standard_task_runner.py:91} INFO - Job 178: Subtask clean_data
[2024-07-07T13:23:05.058+0000] {task_command.py:426} INFO - Running <TaskInstance: Final.clean_data manual__2024-07-07T13:22:31.029212+00:00 [running]> on host 243c29aef719
[2024-07-07T13:23:05.252+0000] {taskinstance.py:2648} INFO - Exporting env vars: AIRFLOW_CTX_DAG_EMAIL='ha20040204@gmail.com' AIRFLOW_CTX_DAG_OWNER='HA' AIRFLOW_CTX_DAG_ID='Final' AIRFLOW_CTX_TASK_ID='clean_data' AIRFLOW_CTX_EXECUTION_DATE='2024-07-07T13:22:31.029212+00:00' AIRFLOW_CTX_TRY_NUMBER='1' AIRFLOW_CTX_DAG_RUN_ID='manual__2024-07-07T13:22:31.029212+00:00'
[2024-07-07T13:23:05.256+0000] {taskinstance.py:430} INFO - ::endgroup::
[2024-07-07T13:23:05.340+0000] {warnings.py:110} WARNING - /opt/***/dags/dag_test.py:39: FutureWarning: Series.__getitem__ treating keys as positions is deprecated. In a future version, integer keys will always be treated as labels (consistent with DataFrame behavior). To access a value by position, use `ser.iloc[pos]`
  ls.append(round(data.iloc[i][4] - data.iloc[i + 1][4], 2))

[2024-07-07T13:23:05.351+0000] {warnings.py:110} WARNING - /opt/***/dags/dag_test.py:40: FutureWarning: Series.__getitem__ treating keys as positions is deprecated. In a future version, integer keys will always be treated as labels (consistent with DataFrame behavior). To access a value by position, use `ser.iloc[pos]`
  ls_rate.append(str(round(ls[i] / data.iloc[i + 1][4] * 100, 2)) + '%')

[2024-07-07T13:23:10.085+0000] {warnings.py:110} WARNING - /opt/***/dags/dag_test.py:39: FutureWarning: Series.__getitem__ treating keys as positions is deprecated. In a future version, integer keys will always be treated as labels (consistent with DataFrame behavior). To access a value by position, use `ser.iloc[pos]`
  ls.append(round(data.iloc[i][4] - data.iloc[i + 1][4], 2))

[2024-07-07T13:23:10.086+0000] {warnings.py:110} WARNING - /opt/***/dags/dag_test.py:40: FutureWarning: Series.__getitem__ treating keys as positions is deprecated. In a future version, integer keys will always be treated as labels (consistent with DataFrame behavior). To access a value by position, use `ser.iloc[pos]`
  ls_rate.append(str(round(ls[i] / data.iloc[i + 1][4] * 100, 2)) + '%')

[2024-07-07T13:23:13.053+0000] {warnings.py:110} WARNING - /opt/***/dags/dag_test.py:39: FutureWarning: Series.__getitem__ treating keys as positions is deprecated. In a future version, integer keys will always be treated as labels (consistent with DataFrame behavior). To access a value by position, use `ser.iloc[pos]`
  ls.append(round(data.iloc[i][4] - data.iloc[i + 1][4], 2))

[2024-07-07T13:23:13.054+0000] {warnings.py:110} WARNING - /opt/***/dags/dag_test.py:40: FutureWarning: Series.__getitem__ treating keys as positions is deprecated. In a future version, integer keys will always be treated as labels (consistent with DataFrame behavior). To access a value by position, use `ser.iloc[pos]`
  ls_rate.append(str(round(ls[i] / data.iloc[i + 1][4] * 100, 2)) + '%')

[2024-07-07T13:23:14.641+0000] {warnings.py:110} WARNING - /opt/***/dags/dag_test.py:39: FutureWarning: Series.__getitem__ treating keys as positions is deprecated. In a future version, integer keys will always be treated as labels (consistent with DataFrame behavior). To access a value by position, use `ser.iloc[pos]`
  ls.append(round(data.iloc[i][4] - data.iloc[i + 1][4], 2))

[2024-07-07T13:23:14.642+0000] {warnings.py:110} WARNING - /opt/***/dags/dag_test.py:40: FutureWarning: Series.__getitem__ treating keys as positions is deprecated. In a future version, integer keys will always be treated as labels (consistent with DataFrame behavior). To access a value by position, use `ser.iloc[pos]`
  ls_rate.append(str(round(ls[i] / data.iloc[i + 1][4] * 100, 2)) + '%')

[2024-07-07T13:23:16.962+0000] {warnings.py:110} WARNING - /opt/***/dags/dag_test.py:39: FutureWarning: Series.__getitem__ treating keys as positions is deprecated. In a future version, integer keys will always be treated as labels (consistent with DataFrame behavior). To access a value by position, use `ser.iloc[pos]`
  ls.append(round(data.iloc[i][4] - data.iloc[i + 1][4], 2))

[2024-07-07T13:23:16.963+0000] {warnings.py:110} WARNING - /opt/***/dags/dag_test.py:40: FutureWarning: Series.__getitem__ treating keys as positions is deprecated. In a future version, integer keys will always be treated as labels (consistent with DataFrame behavior). To access a value by position, use `ser.iloc[pos]`
  ls_rate.append(str(round(ls[i] / data.iloc[i + 1][4] * 100, 2)) + '%')

[2024-07-07T13:23:18.271+0000] {warnings.py:110} WARNING - /opt/***/dags/dag_test.py:39: FutureWarning: Series.__getitem__ treating keys as positions is deprecated. In a future version, integer keys will always be treated as labels (consistent with DataFrame behavior). To access a value by position, use `ser.iloc[pos]`
  ls.append(round(data.iloc[i][4] - data.iloc[i + 1][4], 2))

[2024-07-07T13:23:18.272+0000] {warnings.py:110} WARNING - /opt/***/dags/dag_test.py:40: FutureWarning: Series.__getitem__ treating keys as positions is deprecated. In a future version, integer keys will always be treated as labels (consistent with DataFrame behavior). To access a value by position, use `ser.iloc[pos]`
  ls_rate.append(str(round(ls[i] / data.iloc[i + 1][4] * 100, 2)) + '%')

[2024-07-07T13:23:23.758+0000] {warnings.py:110} WARNING - /opt/***/dags/dag_test.py:39: FutureWarning: Series.__getitem__ treating keys as positions is deprecated. In a future version, integer keys will always be treated as labels (consistent with DataFrame behavior). To access a value by position, use `ser.iloc[pos]`
  ls.append(round(data.iloc[i][4] - data.iloc[i + 1][4], 2))

[2024-07-07T13:23:23.760+0000] {warnings.py:110} WARNING - /opt/***/dags/dag_test.py:40: FutureWarning: Series.__getitem__ treating keys as positions is deprecated. In a future version, integer keys will always be treated as labels (consistent with DataFrame behavior). To access a value by position, use `ser.iloc[pos]`
  ls_rate.append(str(round(ls[i] / data.iloc[i + 1][4] * 100, 2)) + '%')

[2024-07-07T13:23:27.573+0000] {warnings.py:110} WARNING - /opt/***/dags/dag_test.py:39: FutureWarning: Series.__getitem__ treating keys as positions is deprecated. In a future version, integer keys will always be treated as labels (consistent with DataFrame behavior). To access a value by position, use `ser.iloc[pos]`
  ls.append(round(data.iloc[i][4] - data.iloc[i + 1][4], 2))

[2024-07-07T13:23:27.574+0000] {warnings.py:110} WARNING - /opt/***/dags/dag_test.py:40: FutureWarning: Series.__getitem__ treating keys as positions is deprecated. In a future version, integer keys will always be treated as labels (consistent with DataFrame behavior). To access a value by position, use `ser.iloc[pos]`
  ls_rate.append(str(round(ls[i] / data.iloc[i + 1][4] * 100, 2)) + '%')

[2024-07-07T13:23:32.308+0000] {warnings.py:110} WARNING - /opt/***/dags/dag_test.py:39: FutureWarning: Series.__getitem__ treating keys as positions is deprecated. In a future version, integer keys will always be treated as labels (consistent with DataFrame behavior). To access a value by position, use `ser.iloc[pos]`
  ls.append(round(data.iloc[i][4] - data.iloc[i + 1][4], 2))

[2024-07-07T13:23:32.310+0000] {warnings.py:110} WARNING - /opt/***/dags/dag_test.py:40: FutureWarning: Series.__getitem__ treating keys as positions is deprecated. In a future version, integer keys will always be treated as labels (consistent with DataFrame behavior). To access a value by position, use `ser.iloc[pos]`
  ls_rate.append(str(round(ls[i] / data.iloc[i + 1][4] * 100, 2)) + '%')

[2024-07-07T13:23:41.026+0000] {warnings.py:110} WARNING - /opt/***/dags/dag_test.py:39: FutureWarning: Series.__getitem__ treating keys as positions is deprecated. In a future version, integer keys will always be treated as labels (consistent with DataFrame behavior). To access a value by position, use `ser.iloc[pos]`
  ls.append(round(data.iloc[i][4] - data.iloc[i + 1][4], 2))

[2024-07-07T13:23:41.028+0000] {warnings.py:110} WARNING - /opt/***/dags/dag_test.py:40: FutureWarning: Series.__getitem__ treating keys as positions is deprecated. In a future version, integer keys will always be treated as labels (consistent with DataFrame behavior). To access a value by position, use `ser.iloc[pos]`
  ls_rate.append(str(round(ls[i] / data.iloc[i + 1][4] * 100, 2)) + '%')

[2024-07-07T13:23:42.031+0000] {warnings.py:110} WARNING - /opt/***/dags/dag_test.py:39: FutureWarning: Series.__getitem__ treating keys as positions is deprecated. In a future version, integer keys will always be treated as labels (consistent with DataFrame behavior). To access a value by position, use `ser.iloc[pos]`
  ls.append(round(data.iloc[i][4] - data.iloc[i + 1][4], 2))

[2024-07-07T13:23:42.032+0000] {warnings.py:110} WARNING - /opt/***/dags/dag_test.py:40: FutureWarning: Series.__getitem__ treating keys as positions is deprecated. In a future version, integer keys will always be treated as labels (consistent with DataFrame behavior). To access a value by position, use `ser.iloc[pos]`
  ls_rate.append(str(round(ls[i] / data.iloc[i + 1][4] * 100, 2)) + '%')

[2024-07-07T13:23:42.432+0000] {warnings.py:110} WARNING - /opt/***/dags/dag_test.py:39: FutureWarning: Series.__getitem__ treating keys as positions is deprecated. In a future version, integer keys will always be treated as labels (consistent with DataFrame behavior). To access a value by position, use `ser.iloc[pos]`
  ls.append(round(data.iloc[i][4] - data.iloc[i + 1][4], 2))

[2024-07-07T13:23:42.433+0000] {warnings.py:110} WARNING - /opt/***/dags/dag_test.py:40: FutureWarning: Series.__getitem__ treating keys as positions is deprecated. In a future version, integer keys will always be treated as labels (consistent with DataFrame behavior). To access a value by position, use `ser.iloc[pos]`
  ls_rate.append(str(round(ls[i] / data.iloc[i + 1][4] * 100, 2)) + '%')

[2024-07-07T13:23:43.666+0000] {warnings.py:110} WARNING - /opt/***/dags/dag_test.py:39: FutureWarning: Series.__getitem__ treating keys as positions is deprecated. In a future version, integer keys will always be treated as labels (consistent with DataFrame behavior). To access a value by position, use `ser.iloc[pos]`
  ls.append(round(data.iloc[i][4] - data.iloc[i + 1][4], 2))

[2024-07-07T13:23:43.667+0000] {warnings.py:110} WARNING - /opt/***/dags/dag_test.py:40: FutureWarning: Series.__getitem__ treating keys as positions is deprecated. In a future version, integer keys will always be treated as labels (consistent with DataFrame behavior). To access a value by position, use `ser.iloc[pos]`
  ls_rate.append(str(round(ls[i] / data.iloc[i + 1][4] * 100, 2)) + '%')

[2024-07-07T13:23:44.375+0000] {warnings.py:110} WARNING - /opt/***/dags/dag_test.py:39: FutureWarning: Series.__getitem__ treating keys as positions is deprecated. In a future version, integer keys will always be treated as labels (consistent with DataFrame behavior). To access a value by position, use `ser.iloc[pos]`
  ls.append(round(data.iloc[i][4] - data.iloc[i + 1][4], 2))

[2024-07-07T13:23:44.376+0000] {warnings.py:110} WARNING - /opt/***/dags/dag_test.py:40: FutureWarning: Series.__getitem__ treating keys as positions is deprecated. In a future version, integer keys will always be treated as labels (consistent with DataFrame behavior). To access a value by position, use `ser.iloc[pos]`
  ls_rate.append(str(round(ls[i] / data.iloc[i + 1][4] * 100, 2)) + '%')

[2024-07-07T13:23:44.878+0000] {logging_mixin.py:188} INFO - Successfully.
[2024-07-07T13:23:44.879+0000] {python.py:237} INFO - Done. Returned value was: True
[2024-07-07T13:23:44.882+0000] {taskinstance.py:441} INFO - ::group::Post task execution logs
[2024-07-07T13:23:44.914+0000] {taskinstance.py:1206} INFO - Marking task as SUCCESS. dag_id=Final, task_id=clean_data, run_id=manual__2024-07-07T13:22:31.029212+00:00, execution_date=20240707T132231, start_date=20240707T132304, end_date=20240707T132344
[2024-07-07T13:23:44.956+0000] {local_task_job_runner.py:240} INFO - Task exited with return code 0
[2024-07-07T13:23:44.987+0000] {taskinstance.py:3498} INFO - 1 downstream tasks scheduled from follow-on schedule check
[2024-07-07T13:23:44.991+0000] {local_task_job_runner.py:222} INFO - ::endgroup::
