[2024-07-09T02:30:09.643+0000] {local_task_job_runner.py:120} INFO - ::group::Pre task execution logs
[2024-07-09T02:30:09.717+0000] {taskinstance.py:2076} INFO - Dependencies all met for dep_context=non-requeueable deps ti=<TaskInstance: Final.ending scheduled__2024-07-09T02:23:01.186782+00:00 [queued]>
[2024-07-09T02:30:09.739+0000] {taskinstance.py:2076} INFO - Dependencies all met for dep_context=requeueable deps ti=<TaskInstance: Final.ending scheduled__2024-07-09T02:23:01.186782+00:00 [queued]>
[2024-07-09T02:30:09.740+0000] {taskinstance.py:2306} INFO - Starting attempt 1 of 2
[2024-07-09T02:30:09.783+0000] {taskinstance.py:2330} INFO - Executing <Task(BashOperator): ending> on 2024-07-09 02:23:01.186782+00:00
[2024-07-09T02:30:09.800+0000] {warnings.py:110} WARNING - /home/***/.local/lib/python3.12/site-packages/***/task/task_runner/standard_task_runner.py:61: DeprecationWarning: This process (pid=288) is multi-threaded, use of fork() may lead to deadlocks in the child.
  pid = os.fork()

[2024-07-09T02:30:09.803+0000] {standard_task_runner.py:63} INFO - Started process 290 to run task
[2024-07-09T02:30:09.805+0000] {standard_task_runner.py:90} INFO - Running: ['***', 'tasks', 'run', 'Final', 'ending', 'scheduled__2024-07-09T02:23:01.186782+00:00', '--job-id', '17', '--raw', '--subdir', 'DAGS_FOLDER/dag_test.py', '--cfg-path', '/tmp/tmpuaaz6aca']
[2024-07-09T02:30:09.811+0000] {standard_task_runner.py:91} INFO - Job 17: Subtask ending
[2024-07-09T02:30:09.981+0000] {task_command.py:426} INFO - Running <TaskInstance: Final.ending scheduled__2024-07-09T02:23:01.186782+00:00 [running]> on host dd74537ce0b1
[2024-07-09T02:30:10.168+0000] {taskinstance.py:2648} INFO - Exporting env vars: AIRFLOW_CTX_DAG_EMAIL='ha20040204@gmail.com' AIRFLOW_CTX_DAG_OWNER='HA' AIRFLOW_CTX_DAG_ID='Final' AIRFLOW_CTX_TASK_ID='ending' AIRFLOW_CTX_EXECUTION_DATE='2024-07-09T02:23:01.186782+00:00' AIRFLOW_CTX_TRY_NUMBER='1' AIRFLOW_CTX_DAG_RUN_ID='scheduled__2024-07-09T02:23:01.186782+00:00'
[2024-07-09T02:30:10.173+0000] {taskinstance.py:430} INFO - ::endgroup::
[2024-07-09T02:30:10.175+0000] {subprocess.py:63} INFO - Tmp dir root location: /tmp
[2024-07-09T02:30:10.182+0000] {subprocess.py:75} INFO - Running command: ['/usr/bin/bash', '-c', 'echo "Completed"']
[2024-07-09T02:30:10.216+0000] {subprocess.py:86} INFO - Output:
[2024-07-09T02:30:10.219+0000] {subprocess.py:93} INFO - Completed
[2024-07-09T02:30:10.221+0000] {subprocess.py:97} INFO - Command exited with return code 0
[2024-07-09T02:30:10.222+0000] {taskinstance.py:441} INFO - ::group::Post task execution logs
[2024-07-09T02:30:10.303+0000] {taskinstance.py:1206} INFO - Marking task as SUCCESS. dag_id=Final, task_id=ending, run_id=scheduled__2024-07-09T02:23:01.186782+00:00, execution_date=20240709T022301, start_date=20240709T023009, end_date=20240709T023010
[2024-07-09T02:30:10.385+0000] {local_task_job_runner.py:240} INFO - Task exited with return code 0
[2024-07-09T02:30:10.428+0000] {taskinstance.py:3498} INFO - 0 downstream tasks scheduled from follow-on schedule check
[2024-07-09T02:30:10.448+0000] {local_task_job_runner.py:222} INFO - ::endgroup::
