[2024-07-07T12:39:16.246+0000] {local_task_job_runner.py:120} INFO - ::group::Pre task execution logs
[2024-07-07T12:39:16.312+0000] {taskinstance.py:2076} INFO - Dependencies all met for dep_context=non-requeueable deps ti=<TaskInstance: Final_exam.craw_data manual__2024-07-07T12:39:06.088165+00:00 [queued]>
[2024-07-07T12:39:16.344+0000] {taskinstance.py:2076} INFO - Dependencies all met for dep_context=requeueable deps ti=<TaskInstance: Final_exam.craw_data manual__2024-07-07T12:39:06.088165+00:00 [queued]>
[2024-07-07T12:39:16.345+0000] {taskinstance.py:2306} INFO - Starting attempt 1 of 2
[2024-07-07T12:39:16.372+0000] {taskinstance.py:2330} INFO - Executing <Task(PythonOperator): craw_data> on 2024-07-07 12:39:06.088165+00:00
[2024-07-07T12:39:16.381+0000] {warnings.py:110} WARNING - /home/***/.local/lib/python3.12/site-packages/***/task/task_runner/standard_task_runner.py:61: DeprecationWarning: This process (pid=67) is multi-threaded, use of fork() may lead to deadlocks in the child.
  pid = os.fork()

[2024-07-07T12:39:16.383+0000] {standard_task_runner.py:63} INFO - Started process 71 to run task
[2024-07-07T12:39:16.383+0000] {standard_task_runner.py:90} INFO - Running: ['***', 'tasks', 'run', 'Final_exam', 'craw_data', 'manual__2024-07-07T12:39:06.088165+00:00', '--job-id', '113', '--raw', '--subdir', 'DAGS_FOLDER/pipeline.py', '--cfg-path', '/tmp/tmp5xmgnlbo']
[2024-07-07T12:39:16.385+0000] {standard_task_runner.py:91} INFO - Job 113: Subtask craw_data
[2024-07-07T12:39:16.449+0000] {task_command.py:426} INFO - Running <TaskInstance: Final_exam.craw_data manual__2024-07-07T12:39:06.088165+00:00 [running]> on host 65b21351b849
[2024-07-07T12:39:16.581+0000] {taskinstance.py:2648} INFO - Exporting env vars: AIRFLOW_CTX_DAG_EMAIL='ha20040204@gmail.com' AIRFLOW_CTX_DAG_OWNER='HA' AIRFLOW_CTX_DAG_ID='Final_exam' AIRFLOW_CTX_TASK_ID='craw_data' AIRFLOW_CTX_EXECUTION_DATE='2024-07-07T12:39:06.088165+00:00' AIRFLOW_CTX_TRY_NUMBER='1' AIRFLOW_CTX_DAG_RUN_ID='manual__2024-07-07T12:39:06.088165+00:00'
[2024-07-07T12:39:16.584+0000] {taskinstance.py:430} INFO - ::endgroup::
[2024-07-07T12:39:19.323+0000] {logging_mixin.py:188} WARNING - [*********************100%%**********************]  1 of 1 completed
[2024-07-07T12:39:20.143+0000] {logging_mixin.py:188} WARNING - [*********************100%%**********************]  1 of 1 completed
[2024-07-07T12:39:20.762+0000] {logging_mixin.py:188} WARNING - [*********************100%%**********************]  1 of 1 completed
[2024-07-07T12:39:21.267+0000] {logging_mixin.py:188} WARNING - [*********************100%%**********************]  1 of 1 completed
[2024-07-07T12:39:21.681+0000] {logging_mixin.py:188} WARNING - [*********************100%%**********************]  1 of 1 completed
[2024-07-07T12:39:22.885+0000] {logging_mixin.py:188} WARNING - [*********************100%%**********************]  1 of 1 completed
[2024-07-07T12:39:24.138+0000] {logging_mixin.py:188} WARNING - [*********************100%%**********************]  1 of 1 completed
[2024-07-07T12:39:25.362+0000] {logging_mixin.py:188} WARNING - [*********************100%%**********************]  1 of 1 completed
[2024-07-07T12:39:26.829+0000] {logging_mixin.py:188} WARNING - [*********************100%%**********************]  1 of 1 completed
[2024-07-07T12:39:27.482+0000] {logging_mixin.py:188} WARNING - [*********************100%%**********************]  1 of 1 completed
[2024-07-07T12:39:27.865+0000] {logging_mixin.py:188} WARNING - [*********************100%%**********************]  1 of 1 completed
[2024-07-07T12:39:28.350+0000] {logging_mixin.py:188} WARNING - [*********************100%%**********************]  1 of 1 completed
[2024-07-07T12:39:28.708+0000] {logging_mixin.py:188} WARNING - [*********************100%%**********************]  1 of 1 completed
[2024-07-07T12:39:31.120+0000] {logging_mixin.py:188} WARNING - [*********************100%%**********************]  1 of 1 completed
[2024-07-07T12:39:31.121+0000] {multi.py:171} ERROR - 
1 Failed download:
[2024-07-07T12:39:31.122+0000] {multi.py:184} ERROR - ['BVH']: YFTzMissingError('$%ticker%: possibly delisted; No timezone found')
[2024-07-07T12:39:31.730+0000] {logging_mixin.py:188} WARNING - [*********************100%%**********************]  1 of 1 completed
[2024-07-07T12:39:31.749+0000] {logging_mixin.py:188} INFO - Successfully.
[2024-07-07T12:39:31.749+0000] {python.py:237} INFO - Done. Returned value was: True
[2024-07-07T12:39:31.750+0000] {taskinstance.py:441} INFO - ::group::Post task execution logs
[2024-07-07T12:39:31.788+0000] {taskinstance.py:1206} INFO - Marking task as SUCCESS. dag_id=Final_exam, task_id=craw_data, run_id=manual__2024-07-07T12:39:06.088165+00:00, execution_date=20240707T123906, start_date=20240707T123916, end_date=20240707T123931
[2024-07-07T12:39:31.837+0000] {local_task_job_runner.py:240} INFO - Task exited with return code 0
[2024-07-07T12:39:31.870+0000] {taskinstance.py:3498} INFO - 0 downstream tasks scheduled from follow-on schedule check
[2024-07-07T12:39:31.911+0000] {local_task_job_runner.py:222} INFO - ::endgroup::
