[2024-07-08T02:54:48.638+0000] {local_task_job_runner.py:120} INFO - ::group::Pre task execution logs
[2024-07-08T02:54:48.668+0000] {taskinstance.py:2076} INFO - Dependencies all met for dep_context=non-requeueable deps ti=<TaskInstance: Final.ending manual__2024-07-08T02:51:03.487727+00:00 [queued]>
[2024-07-08T02:54:48.679+0000] {taskinstance.py:2076} INFO - Dependencies all met for dep_context=requeueable deps ti=<TaskInstance: Final.ending manual__2024-07-08T02:51:03.487727+00:00 [queued]>
[2024-07-08T02:54:48.681+0000] {taskinstance.py:2306} INFO - Starting attempt 1 of 2
[2024-07-08T02:54:48.700+0000] {taskinstance.py:2330} INFO - Executing <Task(BashOperator): ending> on 2024-07-08 02:51:03.487727+00:00
[2024-07-08T02:54:48.708+0000] {warnings.py:110} WARNING - /home/***/.local/lib/python3.12/site-packages/***/task/task_runner/standard_task_runner.py:61: DeprecationWarning: This process (pid=184) is multi-threaded, use of fork() may lead to deadlocks in the child.
  pid = os.fork()

[2024-07-08T02:54:48.710+0000] {standard_task_runner.py:63} INFO - Started process 186 to run task
[2024-07-08T02:54:48.711+0000] {standard_task_runner.py:90} INFO - Running: ['***', 'tasks', 'run', 'Final', 'ending', 'manual__2024-07-08T02:51:03.487727+00:00', '--job-id', '26', '--raw', '--subdir', 'DAGS_FOLDER/dag_test.py', '--cfg-path', '/tmp/tmpmfetit2d']
[2024-07-08T02:54:48.713+0000] {standard_task_runner.py:91} INFO - Job 26: Subtask ending
[2024-07-08T02:54:48.771+0000] {task_command.py:426} INFO - Running <TaskInstance: Final.ending manual__2024-07-08T02:51:03.487727+00:00 [running]> on host 3b89c1ba7f0f
[2024-07-08T02:54:48.870+0000] {taskinstance.py:2648} INFO - Exporting env vars: AIRFLOW_CTX_DAG_EMAIL='ha20040204@gmail.com' AIRFLOW_CTX_DAG_OWNER='HA' AIRFLOW_CTX_DAG_ID='Final' AIRFLOW_CTX_TASK_ID='ending' AIRFLOW_CTX_EXECUTION_DATE='2024-07-08T02:51:03.487727+00:00' AIRFLOW_CTX_TRY_NUMBER='1' AIRFLOW_CTX_DAG_RUN_ID='manual__2024-07-08T02:51:03.487727+00:00'
[2024-07-08T02:54:48.873+0000] {taskinstance.py:430} INFO - ::endgroup::
[2024-07-08T02:54:48.874+0000] {subprocess.py:63} INFO - Tmp dir root location: /tmp
[2024-07-08T02:54:48.876+0000] {subprocess.py:75} INFO - Running command: ['/usr/bin/bash', '-c', 'echo "Completed"']
[2024-07-08T02:54:48.892+0000] {subprocess.py:86} INFO - Output:
[2024-07-08T02:54:48.894+0000] {subprocess.py:93} INFO - Completed
[2024-07-08T02:54:48.895+0000] {subprocess.py:97} INFO - Command exited with return code 0
[2024-07-08T02:54:48.897+0000] {taskinstance.py:441} INFO - ::group::Post task execution logs
[2024-07-08T02:54:48.931+0000] {taskinstance.py:1206} INFO - Marking task as SUCCESS. dag_id=Final, task_id=ending, run_id=manual__2024-07-08T02:51:03.487727+00:00, execution_date=20240708T025103, start_date=20240708T025448, end_date=20240708T025448
[2024-07-08T02:54:48.966+0000] {local_task_job_runner.py:240} INFO - Task exited with return code 0
[2024-07-08T02:54:48.988+0000] {taskinstance.py:3498} INFO - 0 downstream tasks scheduled from follow-on schedule check
[2024-07-08T02:54:48.992+0000] {local_task_job_runner.py:222} INFO - ::endgroup::
